[2024-04-01T21:41:41.599+0530] {processor.py:161} INFO - Started process (PID=17139) to work on /home/lucky/.local/lib/python3.10/site-packages/airflow/example_dags/example_short_circuit_decorator.py
[2024-04-01T21:41:41.601+0530] {processor.py:830} INFO - Processing file /home/lucky/.local/lib/python3.10/site-packages/airflow/example_dags/example_short_circuit_decorator.py for tasks to queue
[2024-04-01T21:41:41.603+0530] {logging_mixin.py:188} INFO - [2024-04-01T21:41:41.602+0530] {dagbag.py:538} INFO - Filling up the DagBag from /home/lucky/.local/lib/python3.10/site-packages/airflow/example_dags/example_short_circuit_decorator.py
[2024-04-01T21:41:41.624+0530] {processor.py:840} INFO - DAG(s) 'example_short_circuit_decorator' retrieved from /home/lucky/.local/lib/python3.10/site-packages/airflow/example_dags/example_short_circuit_decorator.py
[2024-04-01T21:41:41.865+0530] {logging_mixin.py:188} INFO - [2024-04-01T21:41:41.864+0530] {dag.py:3036} INFO - Sync 1 DAGs
[2024-04-01T21:41:41.931+0530] {logging_mixin.py:188} INFO - [2024-04-01T21:41:41.931+0530] {dag.py:3823} INFO - Setting next_dagrun for example_short_circuit_decorator to 2024-03-31 00:00:00+00:00, run_after=2024-04-01 00:00:00+00:00
[2024-04-01T21:41:42.020+0530] {processor.py:183} INFO - Processing /home/lucky/.local/lib/python3.10/site-packages/airflow/example_dags/example_short_circuit_decorator.py took 0.426 seconds
[2024-04-01T21:42:53.930+0530] {processor.py:161} INFO - Started process (PID=18289) to work on /home/lucky/.local/lib/python3.10/site-packages/airflow/example_dags/example_short_circuit_decorator.py
[2024-04-01T21:42:53.933+0530] {processor.py:830} INFO - Processing file /home/lucky/.local/lib/python3.10/site-packages/airflow/example_dags/example_short_circuit_decorator.py for tasks to queue
[2024-04-01T21:42:53.936+0530] {logging_mixin.py:188} INFO - [2024-04-01T21:42:53.935+0530] {dagbag.py:538} INFO - Filling up the DagBag from /home/lucky/.local/lib/python3.10/site-packages/airflow/example_dags/example_short_circuit_decorator.py
[2024-04-01T21:42:53.984+0530] {processor.py:840} INFO - DAG(s) 'example_short_circuit_decorator' retrieved from /home/lucky/.local/lib/python3.10/site-packages/airflow/example_dags/example_short_circuit_decorator.py
[2024-04-01T21:42:54.092+0530] {logging_mixin.py:188} INFO - [2024-04-01T21:42:54.092+0530] {dag.py:3036} INFO - Sync 1 DAGs
[2024-04-01T21:42:54.185+0530] {logging_mixin.py:188} INFO - [2024-04-01T21:42:54.184+0530] {dag.py:3823} INFO - Setting next_dagrun for example_short_circuit_decorator to 2024-03-31 00:00:00+00:00, run_after=2024-04-01 00:00:00+00:00
[2024-04-01T21:42:54.280+0530] {processor.py:183} INFO - Processing /home/lucky/.local/lib/python3.10/site-packages/airflow/example_dags/example_short_circuit_decorator.py took 0.363 seconds
[2024-04-01T21:43:35.650+0530] {processor.py:161} INFO - Started process (PID=18770) to work on /home/lucky/.local/lib/python3.10/site-packages/airflow/example_dags/example_short_circuit_decorator.py
[2024-04-01T21:43:35.652+0530] {processor.py:830} INFO - Processing file /home/lucky/.local/lib/python3.10/site-packages/airflow/example_dags/example_short_circuit_decorator.py for tasks to queue
[2024-04-01T21:43:35.654+0530] {logging_mixin.py:188} INFO - [2024-04-01T21:43:35.653+0530] {dagbag.py:538} INFO - Filling up the DagBag from /home/lucky/.local/lib/python3.10/site-packages/airflow/example_dags/example_short_circuit_decorator.py
[2024-04-01T21:43:35.674+0530] {processor.py:840} INFO - DAG(s) 'example_short_circuit_decorator' retrieved from /home/lucky/.local/lib/python3.10/site-packages/airflow/example_dags/example_short_circuit_decorator.py
[2024-04-01T21:43:35.710+0530] {logging_mixin.py:188} INFO - [2024-04-01T21:43:35.709+0530] {dag.py:3036} INFO - Sync 1 DAGs
[2024-04-01T21:43:35.752+0530] {logging_mixin.py:188} INFO - [2024-04-01T21:43:35.751+0530] {dag.py:3823} INFO - Setting next_dagrun for example_short_circuit_decorator to 2024-03-31 00:00:00+00:00, run_after=2024-04-01 00:00:00+00:00
[2024-04-01T21:43:35.808+0530] {processor.py:183} INFO - Processing /home/lucky/.local/lib/python3.10/site-packages/airflow/example_dags/example_short_circuit_decorator.py took 0.162 seconds
[2024-04-01T21:44:18.144+0530] {processor.py:161} INFO - Started process (PID=19630) to work on /home/lucky/.local/lib/python3.10/site-packages/airflow/example_dags/example_short_circuit_decorator.py
[2024-04-01T21:44:18.147+0530] {processor.py:830} INFO - Processing file /home/lucky/.local/lib/python3.10/site-packages/airflow/example_dags/example_short_circuit_decorator.py for tasks to queue
[2024-04-01T21:44:18.149+0530] {logging_mixin.py:188} INFO - [2024-04-01T21:44:18.148+0530] {dagbag.py:538} INFO - Filling up the DagBag from /home/lucky/.local/lib/python3.10/site-packages/airflow/example_dags/example_short_circuit_decorator.py
[2024-04-01T21:44:18.175+0530] {processor.py:840} INFO - DAG(s) 'example_short_circuit_decorator' retrieved from /home/lucky/.local/lib/python3.10/site-packages/airflow/example_dags/example_short_circuit_decorator.py
[2024-04-01T21:44:18.218+0530] {logging_mixin.py:188} INFO - [2024-04-01T21:44:18.218+0530] {dag.py:3036} INFO - Sync 1 DAGs
[2024-04-01T21:44:18.265+0530] {logging_mixin.py:188} INFO - [2024-04-01T21:44:18.264+0530] {dag.py:3823} INFO - Setting next_dagrun for example_short_circuit_decorator to 2024-03-31 00:00:00+00:00, run_after=2024-04-01 00:00:00+00:00
[2024-04-01T21:44:18.318+0530] {processor.py:183} INFO - Processing /home/lucky/.local/lib/python3.10/site-packages/airflow/example_dags/example_short_circuit_decorator.py took 0.183 seconds
[2024-04-01T21:44:24.051+0530] {processor.py:161} INFO - Started process (PID=19698) to work on /home/lucky/.local/lib/python3.10/site-packages/airflow/example_dags/example_short_circuit_decorator.py
[2024-04-01T21:44:24.052+0530] {processor.py:830} INFO - Processing file /home/lucky/.local/lib/python3.10/site-packages/airflow/example_dags/example_short_circuit_decorator.py for tasks to queue
[2024-04-01T21:44:24.052+0530] {logging_mixin.py:188} INFO - [2024-04-01T21:44:24.052+0530] {dagbag.py:538} INFO - Filling up the DagBag from /home/lucky/.local/lib/python3.10/site-packages/airflow/example_dags/example_short_circuit_decorator.py
[2024-04-01T21:44:24.064+0530] {processor.py:840} INFO - DAG(s) 'example_short_circuit_decorator' retrieved from /home/lucky/.local/lib/python3.10/site-packages/airflow/example_dags/example_short_circuit_decorator.py
[2024-04-01T21:44:24.084+0530] {logging_mixin.py:188} INFO - [2024-04-01T21:44:24.084+0530] {dag.py:3036} INFO - Sync 1 DAGs
[2024-04-01T21:44:24.108+0530] {logging_mixin.py:188} INFO - [2024-04-01T21:44:24.107+0530] {dag.py:3823} INFO - Setting next_dagrun for example_short_circuit_decorator to 2024-03-31 00:00:00+00:00, run_after=2024-04-01 00:00:00+00:00
[2024-04-01T21:44:24.134+0530] {processor.py:183} INFO - Processing /home/lucky/.local/lib/python3.10/site-packages/airflow/example_dags/example_short_circuit_decorator.py took 0.086 seconds
[2024-04-01T21:45:16.609+0530] {processor.py:161} INFO - Started process (PID=20339) to work on /home/lucky/.local/lib/python3.10/site-packages/airflow/example_dags/example_short_circuit_decorator.py
[2024-04-01T21:45:16.611+0530] {processor.py:830} INFO - Processing file /home/lucky/.local/lib/python3.10/site-packages/airflow/example_dags/example_short_circuit_decorator.py for tasks to queue
[2024-04-01T21:45:16.613+0530] {logging_mixin.py:188} INFO - [2024-04-01T21:45:16.612+0530] {dagbag.py:538} INFO - Filling up the DagBag from /home/lucky/.local/lib/python3.10/site-packages/airflow/example_dags/example_short_circuit_decorator.py
[2024-04-01T21:45:16.626+0530] {processor.py:840} INFO - DAG(s) 'example_short_circuit_decorator' retrieved from /home/lucky/.local/lib/python3.10/site-packages/airflow/example_dags/example_short_circuit_decorator.py
[2024-04-01T21:45:16.652+0530] {logging_mixin.py:188} INFO - [2024-04-01T21:45:16.651+0530] {dag.py:3036} INFO - Sync 1 DAGs
[2024-04-01T21:45:16.679+0530] {logging_mixin.py:188} INFO - [2024-04-01T21:45:16.678+0530] {dag.py:3823} INFO - Setting next_dagrun for example_short_circuit_decorator to 2024-03-31 00:00:00+00:00, run_after=2024-04-01 00:00:00+00:00
[2024-04-01T21:45:16.707+0530] {processor.py:183} INFO - Processing /home/lucky/.local/lib/python3.10/site-packages/airflow/example_dags/example_short_circuit_decorator.py took 0.102 seconds
[2024-04-01T21:58:08.060+0530] {processor.py:161} INFO - Started process (PID=31625) to work on /home/lucky/.local/lib/python3.10/site-packages/airflow/example_dags/example_short_circuit_decorator.py
[2024-04-01T21:58:08.062+0530] {processor.py:830} INFO - Processing file /home/lucky/.local/lib/python3.10/site-packages/airflow/example_dags/example_short_circuit_decorator.py for tasks to queue
[2024-04-01T21:58:08.064+0530] {logging_mixin.py:188} INFO - [2024-04-01T21:58:08.063+0530] {dagbag.py:538} INFO - Filling up the DagBag from /home/lucky/.local/lib/python3.10/site-packages/airflow/example_dags/example_short_circuit_decorator.py
[2024-04-01T21:58:08.080+0530] {processor.py:840} INFO - DAG(s) 'example_short_circuit_decorator' retrieved from /home/lucky/.local/lib/python3.10/site-packages/airflow/example_dags/example_short_circuit_decorator.py
[2024-04-01T21:58:08.107+0530] {logging_mixin.py:188} INFO - [2024-04-01T21:58:08.106+0530] {dag.py:3036} INFO - Sync 1 DAGs
[2024-04-01T21:58:08.140+0530] {logging_mixin.py:188} INFO - [2024-04-01T21:58:08.140+0530] {dag.py:3823} INFO - Setting next_dagrun for example_short_circuit_decorator to 2024-03-31 00:00:00+00:00, run_after=2024-04-01 00:00:00+00:00
[2024-04-01T21:58:08.175+0530] {processor.py:183} INFO - Processing /home/lucky/.local/lib/python3.10/site-packages/airflow/example_dags/example_short_circuit_decorator.py took 0.118 seconds
[2024-04-01T21:59:11.058+0530] {processor.py:161} INFO - Started process (PID=32646) to work on /home/lucky/.local/lib/python3.10/site-packages/airflow/example_dags/example_short_circuit_decorator.py
[2024-04-01T21:59:11.060+0530] {processor.py:830} INFO - Processing file /home/lucky/.local/lib/python3.10/site-packages/airflow/example_dags/example_short_circuit_decorator.py for tasks to queue
[2024-04-01T21:59:11.061+0530] {logging_mixin.py:188} INFO - [2024-04-01T21:59:11.061+0530] {dagbag.py:538} INFO - Filling up the DagBag from /home/lucky/.local/lib/python3.10/site-packages/airflow/example_dags/example_short_circuit_decorator.py
[2024-04-01T21:59:11.073+0530] {processor.py:840} INFO - DAG(s) 'example_short_circuit_decorator' retrieved from /home/lucky/.local/lib/python3.10/site-packages/airflow/example_dags/example_short_circuit_decorator.py
[2024-04-01T21:59:11.091+0530] {logging_mixin.py:188} INFO - [2024-04-01T21:59:11.090+0530] {dag.py:3036} INFO - Sync 1 DAGs
[2024-04-01T21:59:11.111+0530] {logging_mixin.py:188} INFO - [2024-04-01T21:59:11.110+0530] {dag.py:3823} INFO - Setting next_dagrun for example_short_circuit_decorator to 2024-03-31 00:00:00+00:00, run_after=2024-04-01 00:00:00+00:00
[2024-04-01T21:59:11.133+0530] {processor.py:183} INFO - Processing /home/lucky/.local/lib/python3.10/site-packages/airflow/example_dags/example_short_circuit_decorator.py took 0.078 seconds
[2024-04-01T22:00:14.757+0530] {processor.py:161} INFO - Started process (PID=33419) to work on /home/lucky/.local/lib/python3.10/site-packages/airflow/example_dags/example_short_circuit_decorator.py
[2024-04-01T22:00:14.758+0530] {processor.py:830} INFO - Processing file /home/lucky/.local/lib/python3.10/site-packages/airflow/example_dags/example_short_circuit_decorator.py for tasks to queue
[2024-04-01T22:00:14.760+0530] {logging_mixin.py:188} INFO - [2024-04-01T22:00:14.759+0530] {dagbag.py:538} INFO - Filling up the DagBag from /home/lucky/.local/lib/python3.10/site-packages/airflow/example_dags/example_short_circuit_decorator.py
[2024-04-01T22:00:14.773+0530] {processor.py:840} INFO - DAG(s) 'example_short_circuit_decorator' retrieved from /home/lucky/.local/lib/python3.10/site-packages/airflow/example_dags/example_short_circuit_decorator.py
[2024-04-01T22:00:14.795+0530] {logging_mixin.py:188} INFO - [2024-04-01T22:00:14.794+0530] {dag.py:3036} INFO - Sync 1 DAGs
[2024-04-01T22:00:14.814+0530] {logging_mixin.py:188} INFO - [2024-04-01T22:00:14.814+0530] {dag.py:3823} INFO - Setting next_dagrun for example_short_circuit_decorator to 2024-03-31 00:00:00+00:00, run_after=2024-04-01 00:00:00+00:00
[2024-04-01T22:00:14.841+0530] {processor.py:183} INFO - Processing /home/lucky/.local/lib/python3.10/site-packages/airflow/example_dags/example_short_circuit_decorator.py took 0.088 seconds
[2024-04-01T22:01:09.937+0530] {processor.py:161} INFO - Started process (PID=34395) to work on /home/lucky/.local/lib/python3.10/site-packages/airflow/example_dags/example_short_circuit_decorator.py
[2024-04-01T22:01:09.940+0530] {processor.py:830} INFO - Processing file /home/lucky/.local/lib/python3.10/site-packages/airflow/example_dags/example_short_circuit_decorator.py for tasks to queue
[2024-04-01T22:01:09.942+0530] {logging_mixin.py:188} INFO - [2024-04-01T22:01:09.941+0530] {dagbag.py:538} INFO - Filling up the DagBag from /home/lucky/.local/lib/python3.10/site-packages/airflow/example_dags/example_short_circuit_decorator.py
[2024-04-01T22:01:09.966+0530] {processor.py:840} INFO - DAG(s) 'example_short_circuit_decorator' retrieved from /home/lucky/.local/lib/python3.10/site-packages/airflow/example_dags/example_short_circuit_decorator.py
[2024-04-01T22:01:10.001+0530] {logging_mixin.py:188} INFO - [2024-04-01T22:01:10.000+0530] {dag.py:3036} INFO - Sync 1 DAGs
[2024-04-01T22:01:10.074+0530] {logging_mixin.py:188} INFO - [2024-04-01T22:01:10.073+0530] {dag.py:3823} INFO - Setting next_dagrun for example_short_circuit_decorator to 2024-03-31 00:00:00+00:00, run_after=2024-04-01 00:00:00+00:00
[2024-04-01T22:01:10.139+0530] {processor.py:183} INFO - Processing /home/lucky/.local/lib/python3.10/site-packages/airflow/example_dags/example_short_circuit_decorator.py took 0.207 seconds
[2024-04-01T22:02:07.382+0530] {processor.py:161} INFO - Started process (PID=35433) to work on /home/lucky/.local/lib/python3.10/site-packages/airflow/example_dags/example_short_circuit_decorator.py
[2024-04-01T22:02:07.384+0530] {processor.py:830} INFO - Processing file /home/lucky/.local/lib/python3.10/site-packages/airflow/example_dags/example_short_circuit_decorator.py for tasks to queue
[2024-04-01T22:02:07.385+0530] {logging_mixin.py:188} INFO - [2024-04-01T22:02:07.385+0530] {dagbag.py:538} INFO - Filling up the DagBag from /home/lucky/.local/lib/python3.10/site-packages/airflow/example_dags/example_short_circuit_decorator.py
[2024-04-01T22:02:07.402+0530] {processor.py:840} INFO - DAG(s) 'example_short_circuit_decorator' retrieved from /home/lucky/.local/lib/python3.10/site-packages/airflow/example_dags/example_short_circuit_decorator.py
[2024-04-01T22:02:07.425+0530] {logging_mixin.py:188} INFO - [2024-04-01T22:02:07.424+0530] {dag.py:3036} INFO - Sync 1 DAGs
[2024-04-01T22:02:07.454+0530] {logging_mixin.py:188} INFO - [2024-04-01T22:02:07.453+0530] {dag.py:3823} INFO - Setting next_dagrun for example_short_circuit_decorator to 2024-03-31 00:00:00+00:00, run_after=2024-04-01 00:00:00+00:00
[2024-04-01T22:02:07.500+0530] {processor.py:183} INFO - Processing /home/lucky/.local/lib/python3.10/site-packages/airflow/example_dags/example_short_circuit_decorator.py took 0.121 seconds
[2024-04-01T22:03:10.403+0530] {processor.py:161} INFO - Started process (PID=36177) to work on /home/lucky/.local/lib/python3.10/site-packages/airflow/example_dags/example_short_circuit_decorator.py
[2024-04-01T22:03:10.405+0530] {processor.py:830} INFO - Processing file /home/lucky/.local/lib/python3.10/site-packages/airflow/example_dags/example_short_circuit_decorator.py for tasks to queue
[2024-04-01T22:03:10.406+0530] {logging_mixin.py:188} INFO - [2024-04-01T22:03:10.406+0530] {dagbag.py:538} INFO - Filling up the DagBag from /home/lucky/.local/lib/python3.10/site-packages/airflow/example_dags/example_short_circuit_decorator.py
[2024-04-01T22:03:10.425+0530] {processor.py:840} INFO - DAG(s) 'example_short_circuit_decorator' retrieved from /home/lucky/.local/lib/python3.10/site-packages/airflow/example_dags/example_short_circuit_decorator.py
[2024-04-01T22:03:10.453+0530] {logging_mixin.py:188} INFO - [2024-04-01T22:03:10.453+0530] {dag.py:3036} INFO - Sync 1 DAGs
[2024-04-01T22:03:10.486+0530] {logging_mixin.py:188} INFO - [2024-04-01T22:03:10.485+0530] {dag.py:3823} INFO - Setting next_dagrun for example_short_circuit_decorator to 2024-03-31 00:00:00+00:00, run_after=2024-04-01 00:00:00+00:00
[2024-04-01T22:03:10.540+0530] {processor.py:183} INFO - Processing /home/lucky/.local/lib/python3.10/site-packages/airflow/example_dags/example_short_circuit_decorator.py took 0.141 seconds
[2024-04-01T22:04:23.219+0530] {processor.py:161} INFO - Started process (PID=37325) to work on /home/lucky/.local/lib/python3.10/site-packages/airflow/example_dags/example_short_circuit_decorator.py
[2024-04-01T22:04:23.221+0530] {processor.py:830} INFO - Processing file /home/lucky/.local/lib/python3.10/site-packages/airflow/example_dags/example_short_circuit_decorator.py for tasks to queue
[2024-04-01T22:04:23.222+0530] {logging_mixin.py:188} INFO - [2024-04-01T22:04:23.222+0530] {dagbag.py:538} INFO - Filling up the DagBag from /home/lucky/.local/lib/python3.10/site-packages/airflow/example_dags/example_short_circuit_decorator.py
[2024-04-01T22:04:23.233+0530] {processor.py:840} INFO - DAG(s) 'example_short_circuit_decorator' retrieved from /home/lucky/.local/lib/python3.10/site-packages/airflow/example_dags/example_short_circuit_decorator.py
[2024-04-01T22:04:23.251+0530] {logging_mixin.py:188} INFO - [2024-04-01T22:04:23.251+0530] {dag.py:3036} INFO - Sync 1 DAGs
[2024-04-01T22:04:23.272+0530] {logging_mixin.py:188} INFO - [2024-04-01T22:04:23.271+0530] {dag.py:3823} INFO - Setting next_dagrun for example_short_circuit_decorator to 2024-03-31 00:00:00+00:00, run_after=2024-04-01 00:00:00+00:00
[2024-04-01T22:04:23.300+0530] {processor.py:183} INFO - Processing /home/lucky/.local/lib/python3.10/site-packages/airflow/example_dags/example_short_circuit_decorator.py took 0.083 seconds
[2024-04-01T22:05:28.060+0530] {processor.py:161} INFO - Started process (PID=38402) to work on /home/lucky/.local/lib/python3.10/site-packages/airflow/example_dags/example_short_circuit_decorator.py
[2024-04-01T22:05:28.062+0530] {processor.py:830} INFO - Processing file /home/lucky/.local/lib/python3.10/site-packages/airflow/example_dags/example_short_circuit_decorator.py for tasks to queue
[2024-04-01T22:05:28.063+0530] {logging_mixin.py:188} INFO - [2024-04-01T22:05:28.063+0530] {dagbag.py:538} INFO - Filling up the DagBag from /home/lucky/.local/lib/python3.10/site-packages/airflow/example_dags/example_short_circuit_decorator.py
[2024-04-01T22:05:28.079+0530] {processor.py:840} INFO - DAG(s) 'example_short_circuit_decorator' retrieved from /home/lucky/.local/lib/python3.10/site-packages/airflow/example_dags/example_short_circuit_decorator.py
[2024-04-01T22:05:28.113+0530] {logging_mixin.py:188} INFO - [2024-04-01T22:05:28.113+0530] {dag.py:3036} INFO - Sync 1 DAGs
[2024-04-01T22:05:28.170+0530] {logging_mixin.py:188} INFO - [2024-04-01T22:05:28.169+0530] {dag.py:3823} INFO - Setting next_dagrun for example_short_circuit_decorator to 2024-03-31 00:00:00+00:00, run_after=2024-04-01 00:00:00+00:00
[2024-04-01T22:05:28.225+0530] {processor.py:183} INFO - Processing /home/lucky/.local/lib/python3.10/site-packages/airflow/example_dags/example_short_circuit_decorator.py took 0.170 seconds
[2024-04-01T22:06:47.139+0530] {processor.py:161} INFO - Started process (PID=39305) to work on /home/lucky/.local/lib/python3.10/site-packages/airflow/example_dags/example_short_circuit_decorator.py
[2024-04-01T22:06:47.141+0530] {processor.py:830} INFO - Processing file /home/lucky/.local/lib/python3.10/site-packages/airflow/example_dags/example_short_circuit_decorator.py for tasks to queue
[2024-04-01T22:06:47.142+0530] {logging_mixin.py:188} INFO - [2024-04-01T22:06:47.142+0530] {dagbag.py:538} INFO - Filling up the DagBag from /home/lucky/.local/lib/python3.10/site-packages/airflow/example_dags/example_short_circuit_decorator.py
[2024-04-01T22:06:47.165+0530] {processor.py:840} INFO - DAG(s) 'example_short_circuit_decorator' retrieved from /home/lucky/.local/lib/python3.10/site-packages/airflow/example_dags/example_short_circuit_decorator.py
[2024-04-01T22:06:47.198+0530] {logging_mixin.py:188} INFO - [2024-04-01T22:06:47.198+0530] {dag.py:3036} INFO - Sync 1 DAGs
[2024-04-01T22:06:47.228+0530] {logging_mixin.py:188} INFO - [2024-04-01T22:06:47.227+0530] {dag.py:3823} INFO - Setting next_dagrun for example_short_circuit_decorator to 2024-03-31 00:00:00+00:00, run_after=2024-04-01 00:00:00+00:00
[2024-04-01T22:06:47.266+0530] {processor.py:183} INFO - Processing /home/lucky/.local/lib/python3.10/site-packages/airflow/example_dags/example_short_circuit_decorator.py took 0.131 seconds
[2024-04-01T22:08:11.332+0530] {processor.py:161} INFO - Started process (PID=40648) to work on /home/lucky/.local/lib/python3.10/site-packages/airflow/example_dags/example_short_circuit_decorator.py
[2024-04-01T22:08:11.341+0530] {processor.py:830} INFO - Processing file /home/lucky/.local/lib/python3.10/site-packages/airflow/example_dags/example_short_circuit_decorator.py for tasks to queue
[2024-04-01T22:08:11.343+0530] {logging_mixin.py:188} INFO - [2024-04-01T22:08:11.342+0530] {dagbag.py:538} INFO - Filling up the DagBag from /home/lucky/.local/lib/python3.10/site-packages/airflow/example_dags/example_short_circuit_decorator.py
[2024-04-01T22:08:11.369+0530] {processor.py:840} INFO - DAG(s) 'example_short_circuit_decorator' retrieved from /home/lucky/.local/lib/python3.10/site-packages/airflow/example_dags/example_short_circuit_decorator.py
[2024-04-01T22:08:11.412+0530] {logging_mixin.py:188} INFO - [2024-04-01T22:08:11.412+0530] {dag.py:3036} INFO - Sync 1 DAGs
[2024-04-01T22:08:11.470+0530] {logging_mixin.py:188} INFO - [2024-04-01T22:08:11.470+0530] {dag.py:3823} INFO - Setting next_dagrun for example_short_circuit_decorator to 2024-03-31 00:00:00+00:00, run_after=2024-04-01 00:00:00+00:00
[2024-04-01T22:08:11.522+0530] {processor.py:183} INFO - Processing /home/lucky/.local/lib/python3.10/site-packages/airflow/example_dags/example_short_circuit_decorator.py took 0.197 seconds
[2024-04-01T22:08:58.349+0530] {processor.py:161} INFO - Started process (PID=41248) to work on /home/lucky/.local/lib/python3.10/site-packages/airflow/example_dags/example_short_circuit_decorator.py
[2024-04-01T22:08:58.352+0530] {processor.py:830} INFO - Processing file /home/lucky/.local/lib/python3.10/site-packages/airflow/example_dags/example_short_circuit_decorator.py for tasks to queue
[2024-04-01T22:08:58.354+0530] {logging_mixin.py:188} INFO - [2024-04-01T22:08:58.353+0530] {dagbag.py:538} INFO - Filling up the DagBag from /home/lucky/.local/lib/python3.10/site-packages/airflow/example_dags/example_short_circuit_decorator.py
[2024-04-01T22:08:58.375+0530] {processor.py:840} INFO - DAG(s) 'example_short_circuit_decorator' retrieved from /home/lucky/.local/lib/python3.10/site-packages/airflow/example_dags/example_short_circuit_decorator.py
[2024-04-01T22:08:58.419+0530] {logging_mixin.py:188} INFO - [2024-04-01T22:08:58.418+0530] {dag.py:3036} INFO - Sync 1 DAGs
[2024-04-01T22:08:58.469+0530] {logging_mixin.py:188} INFO - [2024-04-01T22:08:58.469+0530] {dag.py:3823} INFO - Setting next_dagrun for example_short_circuit_decorator to 2024-03-31 00:00:00+00:00, run_after=2024-04-01 00:00:00+00:00
[2024-04-01T22:08:58.541+0530] {processor.py:183} INFO - Processing /home/lucky/.local/lib/python3.10/site-packages/airflow/example_dags/example_short_circuit_decorator.py took 0.197 seconds
[2024-04-01T22:09:42.401+0530] {processor.py:161} INFO - Started process (PID=41948) to work on /home/lucky/.local/lib/python3.10/site-packages/airflow/example_dags/example_short_circuit_decorator.py
[2024-04-01T22:09:42.403+0530] {processor.py:830} INFO - Processing file /home/lucky/.local/lib/python3.10/site-packages/airflow/example_dags/example_short_circuit_decorator.py for tasks to queue
[2024-04-01T22:09:42.405+0530] {logging_mixin.py:188} INFO - [2024-04-01T22:09:42.404+0530] {dagbag.py:538} INFO - Filling up the DagBag from /home/lucky/.local/lib/python3.10/site-packages/airflow/example_dags/example_short_circuit_decorator.py
[2024-04-01T22:09:42.424+0530] {processor.py:840} INFO - DAG(s) 'example_short_circuit_decorator' retrieved from /home/lucky/.local/lib/python3.10/site-packages/airflow/example_dags/example_short_circuit_decorator.py
[2024-04-01T22:09:42.459+0530] {logging_mixin.py:188} INFO - [2024-04-01T22:09:42.459+0530] {dag.py:3036} INFO - Sync 1 DAGs
[2024-04-01T22:09:42.504+0530] {logging_mixin.py:188} INFO - [2024-04-01T22:09:42.503+0530] {dag.py:3823} INFO - Setting next_dagrun for example_short_circuit_decorator to 2024-03-31 00:00:00+00:00, run_after=2024-04-01 00:00:00+00:00
[2024-04-01T22:09:42.547+0530] {processor.py:183} INFO - Processing /home/lucky/.local/lib/python3.10/site-packages/airflow/example_dags/example_short_circuit_decorator.py took 0.151 seconds
[2024-04-01T22:10:28.562+0530] {processor.py:161} INFO - Started process (PID=42453) to work on /home/lucky/.local/lib/python3.10/site-packages/airflow/example_dags/example_short_circuit_decorator.py
[2024-04-01T22:10:28.579+0530] {processor.py:830} INFO - Processing file /home/lucky/.local/lib/python3.10/site-packages/airflow/example_dags/example_short_circuit_decorator.py for tasks to queue
[2024-04-01T22:10:28.581+0530] {logging_mixin.py:188} INFO - [2024-04-01T22:10:28.580+0530] {dagbag.py:538} INFO - Filling up the DagBag from /home/lucky/.local/lib/python3.10/site-packages/airflow/example_dags/example_short_circuit_decorator.py
[2024-04-01T22:10:28.620+0530] {processor.py:840} INFO - DAG(s) 'example_short_circuit_decorator' retrieved from /home/lucky/.local/lib/python3.10/site-packages/airflow/example_dags/example_short_circuit_decorator.py
[2024-04-01T22:10:28.679+0530] {logging_mixin.py:188} INFO - [2024-04-01T22:10:28.678+0530] {dag.py:3036} INFO - Sync 1 DAGs
[2024-04-01T22:10:28.733+0530] {logging_mixin.py:188} INFO - [2024-04-01T22:10:28.732+0530] {dag.py:3823} INFO - Setting next_dagrun for example_short_circuit_decorator to 2024-03-31 00:00:00+00:00, run_after=2024-04-01 00:00:00+00:00
[2024-04-01T22:10:28.796+0530] {processor.py:183} INFO - Processing /home/lucky/.local/lib/python3.10/site-packages/airflow/example_dags/example_short_circuit_decorator.py took 0.246 seconds
[2024-04-01T22:11:10.179+0530] {processor.py:161} INFO - Started process (PID=43249) to work on /home/lucky/.local/lib/python3.10/site-packages/airflow/example_dags/example_short_circuit_decorator.py
[2024-04-01T22:11:10.181+0530] {processor.py:830} INFO - Processing file /home/lucky/.local/lib/python3.10/site-packages/airflow/example_dags/example_short_circuit_decorator.py for tasks to queue
[2024-04-01T22:11:10.182+0530] {logging_mixin.py:188} INFO - [2024-04-01T22:11:10.182+0530] {dagbag.py:538} INFO - Filling up the DagBag from /home/lucky/.local/lib/python3.10/site-packages/airflow/example_dags/example_short_circuit_decorator.py
[2024-04-01T22:11:10.194+0530] {processor.py:840} INFO - DAG(s) 'example_short_circuit_decorator' retrieved from /home/lucky/.local/lib/python3.10/site-packages/airflow/example_dags/example_short_circuit_decorator.py
[2024-04-01T22:11:10.218+0530] {logging_mixin.py:188} INFO - [2024-04-01T22:11:10.217+0530] {dag.py:3036} INFO - Sync 1 DAGs
[2024-04-01T22:11:10.250+0530] {logging_mixin.py:188} INFO - [2024-04-01T22:11:10.249+0530] {dag.py:3823} INFO - Setting next_dagrun for example_short_circuit_decorator to 2024-03-31 00:00:00+00:00, run_after=2024-04-01 00:00:00+00:00
[2024-04-01T22:11:10.279+0530] {processor.py:183} INFO - Processing /home/lucky/.local/lib/python3.10/site-packages/airflow/example_dags/example_short_circuit_decorator.py took 0.103 seconds
[2024-04-01T22:12:21.728+0530] {processor.py:161} INFO - Started process (PID=44049) to work on /home/lucky/.local/lib/python3.10/site-packages/airflow/example_dags/example_short_circuit_decorator.py
[2024-04-01T22:12:21.734+0530] {processor.py:830} INFO - Processing file /home/lucky/.local/lib/python3.10/site-packages/airflow/example_dags/example_short_circuit_decorator.py for tasks to queue
[2024-04-01T22:12:21.735+0530] {logging_mixin.py:188} INFO - [2024-04-01T22:12:21.734+0530] {dagbag.py:538} INFO - Filling up the DagBag from /home/lucky/.local/lib/python3.10/site-packages/airflow/example_dags/example_short_circuit_decorator.py
[2024-04-01T22:12:21.750+0530] {processor.py:840} INFO - DAG(s) 'example_short_circuit_decorator' retrieved from /home/lucky/.local/lib/python3.10/site-packages/airflow/example_dags/example_short_circuit_decorator.py
[2024-04-01T22:12:21.773+0530] {logging_mixin.py:188} INFO - [2024-04-01T22:12:21.772+0530] {dag.py:3036} INFO - Sync 1 DAGs
[2024-04-01T22:12:21.804+0530] {logging_mixin.py:188} INFO - [2024-04-01T22:12:21.803+0530] {dag.py:3823} INFO - Setting next_dagrun for example_short_circuit_decorator to 2024-03-31 00:00:00+00:00, run_after=2024-04-01 00:00:00+00:00
[2024-04-01T22:12:21.836+0530] {processor.py:183} INFO - Processing /home/lucky/.local/lib/python3.10/site-packages/airflow/example_dags/example_short_circuit_decorator.py took 0.112 seconds
[2024-04-01T22:13:03.879+0530] {processor.py:161} INFO - Started process (PID=44859) to work on /home/lucky/.local/lib/python3.10/site-packages/airflow/example_dags/example_short_circuit_decorator.py
[2024-04-01T22:13:03.881+0530] {processor.py:830} INFO - Processing file /home/lucky/.local/lib/python3.10/site-packages/airflow/example_dags/example_short_circuit_decorator.py for tasks to queue
[2024-04-01T22:13:03.884+0530] {logging_mixin.py:188} INFO - [2024-04-01T22:13:03.883+0530] {dagbag.py:538} INFO - Filling up the DagBag from /home/lucky/.local/lib/python3.10/site-packages/airflow/example_dags/example_short_circuit_decorator.py
[2024-04-01T22:13:03.907+0530] {processor.py:840} INFO - DAG(s) 'example_short_circuit_decorator' retrieved from /home/lucky/.local/lib/python3.10/site-packages/airflow/example_dags/example_short_circuit_decorator.py
[2024-04-01T22:13:03.954+0530] {logging_mixin.py:188} INFO - [2024-04-01T22:13:03.953+0530] {dag.py:3036} INFO - Sync 1 DAGs
[2024-04-01T22:13:04.056+0530] {logging_mixin.py:188} INFO - [2024-04-01T22:13:04.055+0530] {dag.py:3823} INFO - Setting next_dagrun for example_short_circuit_decorator to 2024-03-31 00:00:00+00:00, run_after=2024-04-01 00:00:00+00:00
[2024-04-01T22:13:04.155+0530] {processor.py:183} INFO - Processing /home/lucky/.local/lib/python3.10/site-packages/airflow/example_dags/example_short_circuit_decorator.py took 0.284 seconds
[2024-04-01T22:14:12.435+0530] {processor.py:161} INFO - Started process (PID=45677) to work on /home/lucky/.local/lib/python3.10/site-packages/airflow/example_dags/example_short_circuit_decorator.py
[2024-04-01T22:14:12.439+0530] {processor.py:830} INFO - Processing file /home/lucky/.local/lib/python3.10/site-packages/airflow/example_dags/example_short_circuit_decorator.py for tasks to queue
[2024-04-01T22:14:12.441+0530] {logging_mixin.py:188} INFO - [2024-04-01T22:14:12.440+0530] {dagbag.py:538} INFO - Filling up the DagBag from /home/lucky/.local/lib/python3.10/site-packages/airflow/example_dags/example_short_circuit_decorator.py
[2024-04-01T22:14:12.480+0530] {processor.py:840} INFO - DAG(s) 'example_short_circuit_decorator' retrieved from /home/lucky/.local/lib/python3.10/site-packages/airflow/example_dags/example_short_circuit_decorator.py
[2024-04-01T22:14:12.544+0530] {logging_mixin.py:188} INFO - [2024-04-01T22:14:12.541+0530] {dag.py:3036} INFO - Sync 1 DAGs
[2024-04-01T22:14:12.612+0530] {logging_mixin.py:188} INFO - [2024-04-01T22:14:12.611+0530] {dag.py:3823} INFO - Setting next_dagrun for example_short_circuit_decorator to 2024-03-31 00:00:00+00:00, run_after=2024-04-01 00:00:00+00:00
[2024-04-01T22:14:12.693+0530] {processor.py:183} INFO - Processing /home/lucky/.local/lib/python3.10/site-packages/airflow/example_dags/example_short_circuit_decorator.py took 0.270 seconds
[2024-04-01T22:15:11.501+0530] {processor.py:161} INFO - Started process (PID=46664) to work on /home/lucky/.local/lib/python3.10/site-packages/airflow/example_dags/example_short_circuit_decorator.py
[2024-04-01T22:15:11.503+0530] {processor.py:830} INFO - Processing file /home/lucky/.local/lib/python3.10/site-packages/airflow/example_dags/example_short_circuit_decorator.py for tasks to queue
[2024-04-01T22:15:11.504+0530] {logging_mixin.py:188} INFO - [2024-04-01T22:15:11.504+0530] {dagbag.py:538} INFO - Filling up the DagBag from /home/lucky/.local/lib/python3.10/site-packages/airflow/example_dags/example_short_circuit_decorator.py
[2024-04-01T22:15:11.515+0530] {processor.py:840} INFO - DAG(s) 'example_short_circuit_decorator' retrieved from /home/lucky/.local/lib/python3.10/site-packages/airflow/example_dags/example_short_circuit_decorator.py
[2024-04-01T22:15:11.535+0530] {logging_mixin.py:188} INFO - [2024-04-01T22:15:11.535+0530] {dag.py:3036} INFO - Sync 1 DAGs
[2024-04-01T22:15:11.559+0530] {logging_mixin.py:188} INFO - [2024-04-01T22:15:11.559+0530] {dag.py:3823} INFO - Setting next_dagrun for example_short_circuit_decorator to 2024-03-31 00:00:00+00:00, run_after=2024-04-01 00:00:00+00:00
[2024-04-01T22:15:11.612+0530] {processor.py:183} INFO - Processing /home/lucky/.local/lib/python3.10/site-packages/airflow/example_dags/example_short_circuit_decorator.py took 0.114 seconds
[2024-04-01T22:16:04.527+0530] {processor.py:161} INFO - Started process (PID=47362) to work on /home/lucky/.local/lib/python3.10/site-packages/airflow/example_dags/example_short_circuit_decorator.py
[2024-04-01T22:16:04.528+0530] {processor.py:830} INFO - Processing file /home/lucky/.local/lib/python3.10/site-packages/airflow/example_dags/example_short_circuit_decorator.py for tasks to queue
[2024-04-01T22:16:04.530+0530] {logging_mixin.py:188} INFO - [2024-04-01T22:16:04.529+0530] {dagbag.py:538} INFO - Filling up the DagBag from /home/lucky/.local/lib/python3.10/site-packages/airflow/example_dags/example_short_circuit_decorator.py
[2024-04-01T22:16:04.540+0530] {processor.py:840} INFO - DAG(s) 'example_short_circuit_decorator' retrieved from /home/lucky/.local/lib/python3.10/site-packages/airflow/example_dags/example_short_circuit_decorator.py
[2024-04-01T22:16:04.559+0530] {logging_mixin.py:188} INFO - [2024-04-01T22:16:04.559+0530] {dag.py:3036} INFO - Sync 1 DAGs
[2024-04-01T22:16:04.580+0530] {logging_mixin.py:188} INFO - [2024-04-01T22:16:04.580+0530] {dag.py:3823} INFO - Setting next_dagrun for example_short_circuit_decorator to 2024-03-31 00:00:00+00:00, run_after=2024-04-01 00:00:00+00:00
[2024-04-01T22:16:04.620+0530] {processor.py:183} INFO - Processing /home/lucky/.local/lib/python3.10/site-packages/airflow/example_dags/example_short_circuit_decorator.py took 0.096 seconds
[2024-04-01T22:16:56.278+0530] {processor.py:161} INFO - Started process (PID=48284) to work on /home/lucky/.local/lib/python3.10/site-packages/airflow/example_dags/example_short_circuit_decorator.py
[2024-04-01T22:16:56.280+0530] {processor.py:830} INFO - Processing file /home/lucky/.local/lib/python3.10/site-packages/airflow/example_dags/example_short_circuit_decorator.py for tasks to queue
[2024-04-01T22:16:56.281+0530] {logging_mixin.py:188} INFO - [2024-04-01T22:16:56.280+0530] {dagbag.py:538} INFO - Filling up the DagBag from /home/lucky/.local/lib/python3.10/site-packages/airflow/example_dags/example_short_circuit_decorator.py
[2024-04-01T22:16:56.289+0530] {processor.py:840} INFO - DAG(s) 'example_short_circuit_decorator' retrieved from /home/lucky/.local/lib/python3.10/site-packages/airflow/example_dags/example_short_circuit_decorator.py
[2024-04-01T22:16:56.306+0530] {logging_mixin.py:188} INFO - [2024-04-01T22:16:56.306+0530] {dag.py:3036} INFO - Sync 1 DAGs
[2024-04-01T22:16:56.325+0530] {logging_mixin.py:188} INFO - [2024-04-01T22:16:56.324+0530] {dag.py:3823} INFO - Setting next_dagrun for example_short_circuit_decorator to 2024-03-31 00:00:00+00:00, run_after=2024-04-01 00:00:00+00:00
[2024-04-01T22:16:56.350+0530] {processor.py:183} INFO - Processing /home/lucky/.local/lib/python3.10/site-packages/airflow/example_dags/example_short_circuit_decorator.py took 0.075 seconds
[2024-04-01T22:17:51.287+0530] {processor.py:161} INFO - Started process (PID=49246) to work on /home/lucky/.local/lib/python3.10/site-packages/airflow/example_dags/example_short_circuit_decorator.py
[2024-04-01T22:17:51.290+0530] {processor.py:830} INFO - Processing file /home/lucky/.local/lib/python3.10/site-packages/airflow/example_dags/example_short_circuit_decorator.py for tasks to queue
[2024-04-01T22:17:51.292+0530] {logging_mixin.py:188} INFO - [2024-04-01T22:17:51.291+0530] {dagbag.py:538} INFO - Filling up the DagBag from /home/lucky/.local/lib/python3.10/site-packages/airflow/example_dags/example_short_circuit_decorator.py
[2024-04-01T22:17:51.312+0530] {processor.py:840} INFO - DAG(s) 'example_short_circuit_decorator' retrieved from /home/lucky/.local/lib/python3.10/site-packages/airflow/example_dags/example_short_circuit_decorator.py
[2024-04-01T22:17:51.333+0530] {logging_mixin.py:188} INFO - [2024-04-01T22:17:51.333+0530] {dag.py:3036} INFO - Sync 1 DAGs
[2024-04-01T22:17:51.355+0530] {logging_mixin.py:188} INFO - [2024-04-01T22:17:51.354+0530] {dag.py:3823} INFO - Setting next_dagrun for example_short_circuit_decorator to 2024-03-31 00:00:00+00:00, run_after=2024-04-01 00:00:00+00:00
[2024-04-01T22:17:51.381+0530] {processor.py:183} INFO - Processing /home/lucky/.local/lib/python3.10/site-packages/airflow/example_dags/example_short_circuit_decorator.py took 0.098 seconds
[2024-04-01T22:18:43.739+0530] {processor.py:161} INFO - Started process (PID=49865) to work on /home/lucky/.local/lib/python3.10/site-packages/airflow/example_dags/example_short_circuit_decorator.py
[2024-04-01T22:18:43.740+0530] {processor.py:830} INFO - Processing file /home/lucky/.local/lib/python3.10/site-packages/airflow/example_dags/example_short_circuit_decorator.py for tasks to queue
[2024-04-01T22:18:43.741+0530] {logging_mixin.py:188} INFO - [2024-04-01T22:18:43.741+0530] {dagbag.py:538} INFO - Filling up the DagBag from /home/lucky/.local/lib/python3.10/site-packages/airflow/example_dags/example_short_circuit_decorator.py
[2024-04-01T22:18:43.751+0530] {processor.py:840} INFO - DAG(s) 'example_short_circuit_decorator' retrieved from /home/lucky/.local/lib/python3.10/site-packages/airflow/example_dags/example_short_circuit_decorator.py
[2024-04-01T22:18:43.769+0530] {logging_mixin.py:188} INFO - [2024-04-01T22:18:43.768+0530] {dag.py:3036} INFO - Sync 1 DAGs
[2024-04-01T22:18:43.789+0530] {logging_mixin.py:188} INFO - [2024-04-01T22:18:43.788+0530] {dag.py:3823} INFO - Setting next_dagrun for example_short_circuit_decorator to 2024-03-31 00:00:00+00:00, run_after=2024-04-01 00:00:00+00:00
[2024-04-01T22:18:43.814+0530] {processor.py:183} INFO - Processing /home/lucky/.local/lib/python3.10/site-packages/airflow/example_dags/example_short_circuit_decorator.py took 0.078 seconds
[2024-04-01T22:19:36.357+0530] {processor.py:161} INFO - Started process (PID=50823) to work on /home/lucky/.local/lib/python3.10/site-packages/airflow/example_dags/example_short_circuit_decorator.py
[2024-04-01T22:19:36.359+0530] {processor.py:830} INFO - Processing file /home/lucky/.local/lib/python3.10/site-packages/airflow/example_dags/example_short_circuit_decorator.py for tasks to queue
[2024-04-01T22:19:36.360+0530] {logging_mixin.py:188} INFO - [2024-04-01T22:19:36.359+0530] {dagbag.py:538} INFO - Filling up the DagBag from /home/lucky/.local/lib/python3.10/site-packages/airflow/example_dags/example_short_circuit_decorator.py
[2024-04-01T22:19:36.369+0530] {processor.py:840} INFO - DAG(s) 'example_short_circuit_decorator' retrieved from /home/lucky/.local/lib/python3.10/site-packages/airflow/example_dags/example_short_circuit_decorator.py
[2024-04-01T22:19:36.386+0530] {logging_mixin.py:188} INFO - [2024-04-01T22:19:36.386+0530] {dag.py:3036} INFO - Sync 1 DAGs
[2024-04-01T22:19:36.407+0530] {logging_mixin.py:188} INFO - [2024-04-01T22:19:36.406+0530] {dag.py:3823} INFO - Setting next_dagrun for example_short_circuit_decorator to 2024-03-31 00:00:00+00:00, run_after=2024-04-01 00:00:00+00:00
[2024-04-01T22:19:36.431+0530] {processor.py:183} INFO - Processing /home/lucky/.local/lib/python3.10/site-packages/airflow/example_dags/example_short_circuit_decorator.py took 0.077 seconds
[2024-04-01T22:24:54.714+0530] {processor.py:161} INFO - Started process (PID=55682) to work on /home/lucky/.local/lib/python3.10/site-packages/airflow/example_dags/example_short_circuit_decorator.py
[2024-04-01T22:24:54.715+0530] {processor.py:830} INFO - Processing file /home/lucky/.local/lib/python3.10/site-packages/airflow/example_dags/example_short_circuit_decorator.py for tasks to queue
[2024-04-01T22:24:54.716+0530] {logging_mixin.py:188} INFO - [2024-04-01T22:24:54.716+0530] {dagbag.py:538} INFO - Filling up the DagBag from /home/lucky/.local/lib/python3.10/site-packages/airflow/example_dags/example_short_circuit_decorator.py
[2024-04-01T22:24:54.729+0530] {processor.py:840} INFO - DAG(s) 'example_short_circuit_decorator' retrieved from /home/lucky/.local/lib/python3.10/site-packages/airflow/example_dags/example_short_circuit_decorator.py
[2024-04-01T22:24:54.752+0530] {logging_mixin.py:188} INFO - [2024-04-01T22:24:54.751+0530] {dag.py:3036} INFO - Sync 1 DAGs
[2024-04-01T22:24:54.778+0530] {logging_mixin.py:188} INFO - [2024-04-01T22:24:54.778+0530] {dag.py:3823} INFO - Setting next_dagrun for example_short_circuit_decorator to 2024-03-31 00:00:00+00:00, run_after=2024-04-01 00:00:00+00:00
[2024-04-01T22:24:54.807+0530] {processor.py:183} INFO - Processing /home/lucky/.local/lib/python3.10/site-packages/airflow/example_dags/example_short_circuit_decorator.py took 0.096 seconds
[2024-04-01T22:25:50.054+0530] {processor.py:161} INFO - Started process (PID=56364) to work on /home/lucky/.local/lib/python3.10/site-packages/airflow/example_dags/example_short_circuit_decorator.py
[2024-04-01T22:25:50.055+0530] {processor.py:830} INFO - Processing file /home/lucky/.local/lib/python3.10/site-packages/airflow/example_dags/example_short_circuit_decorator.py for tasks to queue
[2024-04-01T22:25:50.056+0530] {logging_mixin.py:188} INFO - [2024-04-01T22:25:50.056+0530] {dagbag.py:538} INFO - Filling up the DagBag from /home/lucky/.local/lib/python3.10/site-packages/airflow/example_dags/example_short_circuit_decorator.py
[2024-04-01T22:25:50.066+0530] {processor.py:840} INFO - DAG(s) 'example_short_circuit_decorator' retrieved from /home/lucky/.local/lib/python3.10/site-packages/airflow/example_dags/example_short_circuit_decorator.py
[2024-04-01T22:25:50.083+0530] {logging_mixin.py:188} INFO - [2024-04-01T22:25:50.083+0530] {dag.py:3036} INFO - Sync 1 DAGs
[2024-04-01T22:25:50.102+0530] {logging_mixin.py:188} INFO - [2024-04-01T22:25:50.102+0530] {dag.py:3823} INFO - Setting next_dagrun for example_short_circuit_decorator to 2024-03-31 00:00:00+00:00, run_after=2024-04-01 00:00:00+00:00
[2024-04-01T22:25:50.125+0530] {processor.py:183} INFO - Processing /home/lucky/.local/lib/python3.10/site-packages/airflow/example_dags/example_short_circuit_decorator.py took 0.074 seconds
[2024-04-01T22:27:01.192+0530] {processor.py:161} INFO - Started process (PID=57443) to work on /home/lucky/.local/lib/python3.10/site-packages/airflow/example_dags/example_short_circuit_decorator.py
[2024-04-01T22:27:01.193+0530] {processor.py:830} INFO - Processing file /home/lucky/.local/lib/python3.10/site-packages/airflow/example_dags/example_short_circuit_decorator.py for tasks to queue
[2024-04-01T22:27:01.194+0530] {logging_mixin.py:188} INFO - [2024-04-01T22:27:01.194+0530] {dagbag.py:538} INFO - Filling up the DagBag from /home/lucky/.local/lib/python3.10/site-packages/airflow/example_dags/example_short_circuit_decorator.py
[2024-04-01T22:27:01.204+0530] {processor.py:840} INFO - DAG(s) 'example_short_circuit_decorator' retrieved from /home/lucky/.local/lib/python3.10/site-packages/airflow/example_dags/example_short_circuit_decorator.py
[2024-04-01T22:27:01.222+0530] {logging_mixin.py:188} INFO - [2024-04-01T22:27:01.222+0530] {dag.py:3036} INFO - Sync 1 DAGs
[2024-04-01T22:27:01.241+0530] {logging_mixin.py:188} INFO - [2024-04-01T22:27:01.241+0530] {dag.py:3823} INFO - Setting next_dagrun for example_short_circuit_decorator to 2024-03-31 00:00:00+00:00, run_after=2024-04-01 00:00:00+00:00
[2024-04-01T22:27:01.267+0530] {processor.py:183} INFO - Processing /home/lucky/.local/lib/python3.10/site-packages/airflow/example_dags/example_short_circuit_decorator.py took 0.078 seconds
[2024-04-01T22:27:56.547+0530] {processor.py:161} INFO - Started process (PID=58502) to work on /home/lucky/.local/lib/python3.10/site-packages/airflow/example_dags/example_short_circuit_decorator.py
[2024-04-01T22:27:56.549+0530] {processor.py:830} INFO - Processing file /home/lucky/.local/lib/python3.10/site-packages/airflow/example_dags/example_short_circuit_decorator.py for tasks to queue
[2024-04-01T22:27:56.550+0530] {logging_mixin.py:188} INFO - [2024-04-01T22:27:56.550+0530] {dagbag.py:538} INFO - Filling up the DagBag from /home/lucky/.local/lib/python3.10/site-packages/airflow/example_dags/example_short_circuit_decorator.py
[2024-04-01T22:27:56.565+0530] {processor.py:840} INFO - DAG(s) 'example_short_circuit_decorator' retrieved from /home/lucky/.local/lib/python3.10/site-packages/airflow/example_dags/example_short_circuit_decorator.py
[2024-04-01T22:27:56.592+0530] {logging_mixin.py:188} INFO - [2024-04-01T22:27:56.592+0530] {dag.py:3036} INFO - Sync 1 DAGs
[2024-04-01T22:27:56.625+0530] {logging_mixin.py:188} INFO - [2024-04-01T22:27:56.625+0530] {dag.py:3823} INFO - Setting next_dagrun for example_short_circuit_decorator to 2024-03-31 00:00:00+00:00, run_after=2024-04-01 00:00:00+00:00
[2024-04-01T22:27:56.652+0530] {processor.py:183} INFO - Processing /home/lucky/.local/lib/python3.10/site-packages/airflow/example_dags/example_short_circuit_decorator.py took 0.110 seconds
[2024-04-01T22:28:47.493+0530] {processor.py:161} INFO - Started process (PID=59179) to work on /home/lucky/.local/lib/python3.10/site-packages/airflow/example_dags/example_short_circuit_decorator.py
[2024-04-01T22:28:47.495+0530] {processor.py:830} INFO - Processing file /home/lucky/.local/lib/python3.10/site-packages/airflow/example_dags/example_short_circuit_decorator.py for tasks to queue
[2024-04-01T22:28:47.496+0530] {logging_mixin.py:188} INFO - [2024-04-01T22:28:47.496+0530] {dagbag.py:538} INFO - Filling up the DagBag from /home/lucky/.local/lib/python3.10/site-packages/airflow/example_dags/example_short_circuit_decorator.py
[2024-04-01T22:28:47.510+0530] {processor.py:840} INFO - DAG(s) 'example_short_circuit_decorator' retrieved from /home/lucky/.local/lib/python3.10/site-packages/airflow/example_dags/example_short_circuit_decorator.py
[2024-04-01T22:28:47.537+0530] {logging_mixin.py:188} INFO - [2024-04-01T22:28:47.537+0530] {dag.py:3036} INFO - Sync 1 DAGs
[2024-04-01T22:28:47.558+0530] {logging_mixin.py:188} INFO - [2024-04-01T22:28:47.558+0530] {dag.py:3823} INFO - Setting next_dagrun for example_short_circuit_decorator to 2024-03-31 00:00:00+00:00, run_after=2024-04-01 00:00:00+00:00
[2024-04-01T22:28:47.584+0530] {processor.py:183} INFO - Processing /home/lucky/.local/lib/python3.10/site-packages/airflow/example_dags/example_short_circuit_decorator.py took 0.095 seconds
[2024-04-01T22:29:40.949+0530] {processor.py:161} INFO - Started process (PID=60171) to work on /home/lucky/.local/lib/python3.10/site-packages/airflow/example_dags/example_short_circuit_decorator.py
[2024-04-01T22:29:40.951+0530] {processor.py:830} INFO - Processing file /home/lucky/.local/lib/python3.10/site-packages/airflow/example_dags/example_short_circuit_decorator.py for tasks to queue
[2024-04-01T22:29:40.952+0530] {logging_mixin.py:188} INFO - [2024-04-01T22:29:40.952+0530] {dagbag.py:538} INFO - Filling up the DagBag from /home/lucky/.local/lib/python3.10/site-packages/airflow/example_dags/example_short_circuit_decorator.py
[2024-04-01T22:29:40.963+0530] {processor.py:840} INFO - DAG(s) 'example_short_circuit_decorator' retrieved from /home/lucky/.local/lib/python3.10/site-packages/airflow/example_dags/example_short_circuit_decorator.py
[2024-04-01T22:29:40.986+0530] {logging_mixin.py:188} INFO - [2024-04-01T22:29:40.985+0530] {dag.py:3036} INFO - Sync 1 DAGs
[2024-04-01T22:29:41.014+0530] {logging_mixin.py:188} INFO - [2024-04-01T22:29:41.014+0530] {dag.py:3823} INFO - Setting next_dagrun for example_short_circuit_decorator to 2024-03-31 00:00:00+00:00, run_after=2024-04-01 00:00:00+00:00
[2024-04-01T22:29:41.047+0530] {processor.py:183} INFO - Processing /home/lucky/.local/lib/python3.10/site-packages/airflow/example_dags/example_short_circuit_decorator.py took 0.103 seconds
[2024-04-01T22:30:29.189+0530] {processor.py:161} INFO - Started process (PID=60924) to work on /home/lucky/.local/lib/python3.10/site-packages/airflow/example_dags/example_short_circuit_decorator.py
[2024-04-01T22:30:29.191+0530] {processor.py:830} INFO - Processing file /home/lucky/.local/lib/python3.10/site-packages/airflow/example_dags/example_short_circuit_decorator.py for tasks to queue
[2024-04-01T22:30:29.193+0530] {logging_mixin.py:188} INFO - [2024-04-01T22:30:29.192+0530] {dagbag.py:538} INFO - Filling up the DagBag from /home/lucky/.local/lib/python3.10/site-packages/airflow/example_dags/example_short_circuit_decorator.py
[2024-04-01T22:30:29.211+0530] {processor.py:840} INFO - DAG(s) 'example_short_circuit_decorator' retrieved from /home/lucky/.local/lib/python3.10/site-packages/airflow/example_dags/example_short_circuit_decorator.py
[2024-04-01T22:30:29.237+0530] {logging_mixin.py:188} INFO - [2024-04-01T22:30:29.236+0530] {dag.py:3036} INFO - Sync 1 DAGs
[2024-04-01T22:30:29.288+0530] {logging_mixin.py:188} INFO - [2024-04-01T22:30:29.288+0530] {dag.py:3823} INFO - Setting next_dagrun for example_short_circuit_decorator to 2024-03-31 00:00:00+00:00, run_after=2024-04-01 00:00:00+00:00
[2024-04-01T22:30:29.352+0530] {processor.py:183} INFO - Processing /home/lucky/.local/lib/python3.10/site-packages/airflow/example_dags/example_short_circuit_decorator.py took 0.165 seconds
[2024-04-01T22:31:17.068+0530] {processor.py:161} INFO - Started process (PID=61652) to work on /home/lucky/.local/lib/python3.10/site-packages/airflow/example_dags/example_short_circuit_decorator.py
[2024-04-01T22:31:17.070+0530] {processor.py:830} INFO - Processing file /home/lucky/.local/lib/python3.10/site-packages/airflow/example_dags/example_short_circuit_decorator.py for tasks to queue
[2024-04-01T22:31:17.071+0530] {logging_mixin.py:188} INFO - [2024-04-01T22:31:17.071+0530] {dagbag.py:538} INFO - Filling up the DagBag from /home/lucky/.local/lib/python3.10/site-packages/airflow/example_dags/example_short_circuit_decorator.py
[2024-04-01T22:31:17.089+0530] {processor.py:840} INFO - DAG(s) 'example_short_circuit_decorator' retrieved from /home/lucky/.local/lib/python3.10/site-packages/airflow/example_dags/example_short_circuit_decorator.py
[2024-04-01T22:31:17.130+0530] {logging_mixin.py:188} INFO - [2024-04-01T22:31:17.130+0530] {dag.py:3036} INFO - Sync 1 DAGs
[2024-04-01T22:31:17.174+0530] {logging_mixin.py:188} INFO - [2024-04-01T22:31:17.174+0530] {dag.py:3823} INFO - Setting next_dagrun for example_short_circuit_decorator to 2024-03-31 00:00:00+00:00, run_after=2024-04-01 00:00:00+00:00
[2024-04-01T22:31:17.210+0530] {processor.py:183} INFO - Processing /home/lucky/.local/lib/python3.10/site-packages/airflow/example_dags/example_short_circuit_decorator.py took 0.145 seconds
[2024-04-01T22:32:07.224+0530] {processor.py:161} INFO - Started process (PID=62585) to work on /home/lucky/.local/lib/python3.10/site-packages/airflow/example_dags/example_short_circuit_decorator.py
[2024-04-01T22:32:07.225+0530] {processor.py:830} INFO - Processing file /home/lucky/.local/lib/python3.10/site-packages/airflow/example_dags/example_short_circuit_decorator.py for tasks to queue
[2024-04-01T22:32:07.227+0530] {logging_mixin.py:188} INFO - [2024-04-01T22:32:07.226+0530] {dagbag.py:538} INFO - Filling up the DagBag from /home/lucky/.local/lib/python3.10/site-packages/airflow/example_dags/example_short_circuit_decorator.py
[2024-04-01T22:32:07.243+0530] {processor.py:840} INFO - DAG(s) 'example_short_circuit_decorator' retrieved from /home/lucky/.local/lib/python3.10/site-packages/airflow/example_dags/example_short_circuit_decorator.py
[2024-04-01T22:32:07.264+0530] {logging_mixin.py:188} INFO - [2024-04-01T22:32:07.263+0530] {dag.py:3036} INFO - Sync 1 DAGs
[2024-04-01T22:32:07.303+0530] {logging_mixin.py:188} INFO - [2024-04-01T22:32:07.303+0530] {dag.py:3823} INFO - Setting next_dagrun for example_short_circuit_decorator to 2024-03-31 00:00:00+00:00, run_after=2024-04-01 00:00:00+00:00
[2024-04-01T22:32:07.339+0530] {processor.py:183} INFO - Processing /home/lucky/.local/lib/python3.10/site-packages/airflow/example_dags/example_short_circuit_decorator.py took 0.119 seconds
[2024-04-01T23:06:02.110+0530] {processor.py:161} INFO - Started process (PID=5550) to work on /home/lucky/.local/lib/python3.10/site-packages/airflow/example_dags/example_short_circuit_decorator.py
[2024-04-01T23:06:02.124+0530] {processor.py:830} INFO - Processing file /home/lucky/.local/lib/python3.10/site-packages/airflow/example_dags/example_short_circuit_decorator.py for tasks to queue
[2024-04-01T23:06:02.126+0530] {logging_mixin.py:188} INFO - [2024-04-01T23:06:02.125+0530] {dagbag.py:538} INFO - Filling up the DagBag from /home/lucky/.local/lib/python3.10/site-packages/airflow/example_dags/example_short_circuit_decorator.py
[2024-04-01T23:06:02.178+0530] {processor.py:840} INFO - DAG(s) 'example_short_circuit_decorator' retrieved from /home/lucky/.local/lib/python3.10/site-packages/airflow/example_dags/example_short_circuit_decorator.py
[2024-04-01T23:06:02.276+0530] {logging_mixin.py:188} INFO - [2024-04-01T23:06:02.275+0530] {dag.py:3036} INFO - Sync 1 DAGs
[2024-04-01T23:06:02.386+0530] {logging_mixin.py:188} INFO - [2024-04-01T23:06:02.386+0530] {dag.py:3823} INFO - Setting next_dagrun for example_short_circuit_decorator to 2024-03-31 00:00:00+00:00, run_after=2024-04-01 00:00:00+00:00
[2024-04-01T23:06:02.470+0530] {processor.py:183} INFO - Processing /home/lucky/.local/lib/python3.10/site-packages/airflow/example_dags/example_short_circuit_decorator.py took 0.365 seconds
[2024-04-01T23:06:58.920+0530] {processor.py:161} INFO - Started process (PID=6584) to work on /home/lucky/.local/lib/python3.10/site-packages/airflow/example_dags/example_short_circuit_decorator.py
[2024-04-01T23:06:58.922+0530] {processor.py:830} INFO - Processing file /home/lucky/.local/lib/python3.10/site-packages/airflow/example_dags/example_short_circuit_decorator.py for tasks to queue
[2024-04-01T23:06:58.923+0530] {logging_mixin.py:188} INFO - [2024-04-01T23:06:58.923+0530] {dagbag.py:538} INFO - Filling up the DagBag from /home/lucky/.local/lib/python3.10/site-packages/airflow/example_dags/example_short_circuit_decorator.py
[2024-04-01T23:06:58.934+0530] {processor.py:840} INFO - DAG(s) 'example_short_circuit_decorator' retrieved from /home/lucky/.local/lib/python3.10/site-packages/airflow/example_dags/example_short_circuit_decorator.py
[2024-04-01T23:06:58.953+0530] {logging_mixin.py:188} INFO - [2024-04-01T23:06:58.953+0530] {dag.py:3036} INFO - Sync 1 DAGs
[2024-04-01T23:06:58.977+0530] {logging_mixin.py:188} INFO - [2024-04-01T23:06:58.976+0530] {dag.py:3823} INFO - Setting next_dagrun for example_short_circuit_decorator to 2024-03-31 00:00:00+00:00, run_after=2024-04-01 00:00:00+00:00
[2024-04-01T23:06:59.005+0530] {processor.py:183} INFO - Processing /home/lucky/.local/lib/python3.10/site-packages/airflow/example_dags/example_short_circuit_decorator.py took 0.088 seconds
[2024-04-01T23:07:54.510+0530] {processor.py:161} INFO - Started process (PID=7252) to work on /home/lucky/.local/lib/python3.10/site-packages/airflow/example_dags/example_short_circuit_decorator.py
[2024-04-01T23:07:54.512+0530] {processor.py:830} INFO - Processing file /home/lucky/.local/lib/python3.10/site-packages/airflow/example_dags/example_short_circuit_decorator.py for tasks to queue
[2024-04-01T23:07:54.513+0530] {logging_mixin.py:188} INFO - [2024-04-01T23:07:54.513+0530] {dagbag.py:538} INFO - Filling up the DagBag from /home/lucky/.local/lib/python3.10/site-packages/airflow/example_dags/example_short_circuit_decorator.py
[2024-04-01T23:07:54.526+0530] {processor.py:840} INFO - DAG(s) 'example_short_circuit_decorator' retrieved from /home/lucky/.local/lib/python3.10/site-packages/airflow/example_dags/example_short_circuit_decorator.py
[2024-04-01T23:07:54.548+0530] {logging_mixin.py:188} INFO - [2024-04-01T23:07:54.548+0530] {dag.py:3036} INFO - Sync 1 DAGs
[2024-04-01T23:07:54.572+0530] {logging_mixin.py:188} INFO - [2024-04-01T23:07:54.572+0530] {dag.py:3823} INFO - Setting next_dagrun for example_short_circuit_decorator to 2024-03-31 00:00:00+00:00, run_after=2024-04-01 00:00:00+00:00
[2024-04-01T23:07:54.604+0530] {processor.py:183} INFO - Processing /home/lucky/.local/lib/python3.10/site-packages/airflow/example_dags/example_short_circuit_decorator.py took 0.097 seconds
[2024-04-01T23:09:11.258+0530] {processor.py:161} INFO - Started process (PID=8421) to work on /home/lucky/.local/lib/python3.10/site-packages/airflow/example_dags/example_short_circuit_decorator.py
[2024-04-01T23:09:11.260+0530] {processor.py:830} INFO - Processing file /home/lucky/.local/lib/python3.10/site-packages/airflow/example_dags/example_short_circuit_decorator.py for tasks to queue
[2024-04-01T23:09:11.261+0530] {logging_mixin.py:188} INFO - [2024-04-01T23:09:11.260+0530] {dagbag.py:538} INFO - Filling up the DagBag from /home/lucky/.local/lib/python3.10/site-packages/airflow/example_dags/example_short_circuit_decorator.py
[2024-04-01T23:09:11.278+0530] {processor.py:840} INFO - DAG(s) 'example_short_circuit_decorator' retrieved from /home/lucky/.local/lib/python3.10/site-packages/airflow/example_dags/example_short_circuit_decorator.py
[2024-04-01T23:09:11.304+0530] {logging_mixin.py:188} INFO - [2024-04-01T23:09:11.303+0530] {dag.py:3036} INFO - Sync 1 DAGs
[2024-04-01T23:09:11.334+0530] {logging_mixin.py:188} INFO - [2024-04-01T23:09:11.334+0530] {dag.py:3823} INFO - Setting next_dagrun for example_short_circuit_decorator to 2024-03-31 00:00:00+00:00, run_after=2024-04-01 00:00:00+00:00
[2024-04-01T23:09:11.376+0530] {processor.py:183} INFO - Processing /home/lucky/.local/lib/python3.10/site-packages/airflow/example_dags/example_short_circuit_decorator.py took 0.123 seconds
[2024-04-01T23:10:52.796+0530] {processor.py:161} INFO - Started process (PID=9795) to work on /home/lucky/.local/lib/python3.10/site-packages/airflow/example_dags/example_short_circuit_decorator.py
[2024-04-01T23:10:52.799+0530] {processor.py:830} INFO - Processing file /home/lucky/.local/lib/python3.10/site-packages/airflow/example_dags/example_short_circuit_decorator.py for tasks to queue
[2024-04-01T23:10:52.801+0530] {logging_mixin.py:188} INFO - [2024-04-01T23:10:52.800+0530] {dagbag.py:538} INFO - Filling up the DagBag from /home/lucky/.local/lib/python3.10/site-packages/airflow/example_dags/example_short_circuit_decorator.py
[2024-04-01T23:10:52.826+0530] {processor.py:840} INFO - DAG(s) 'example_short_circuit_decorator' retrieved from /home/lucky/.local/lib/python3.10/site-packages/airflow/example_dags/example_short_circuit_decorator.py
[2024-04-01T23:10:52.875+0530] {logging_mixin.py:188} INFO - [2024-04-01T23:10:52.875+0530] {dag.py:3036} INFO - Sync 1 DAGs
[2024-04-01T23:10:52.922+0530] {logging_mixin.py:188} INFO - [2024-04-01T23:10:52.921+0530] {dag.py:3823} INFO - Setting next_dagrun for example_short_circuit_decorator to 2024-03-31 00:00:00+00:00, run_after=2024-04-01 00:00:00+00:00
[2024-04-01T23:10:52.978+0530] {processor.py:183} INFO - Processing /home/lucky/.local/lib/python3.10/site-packages/airflow/example_dags/example_short_circuit_decorator.py took 0.190 seconds
[2024-04-01T23:11:56.992+0530] {processor.py:161} INFO - Started process (PID=10902) to work on /home/lucky/.local/lib/python3.10/site-packages/airflow/example_dags/example_short_circuit_decorator.py
[2024-04-01T23:11:56.994+0530] {processor.py:830} INFO - Processing file /home/lucky/.local/lib/python3.10/site-packages/airflow/example_dags/example_short_circuit_decorator.py for tasks to queue
[2024-04-01T23:11:56.996+0530] {logging_mixin.py:188} INFO - [2024-04-01T23:11:56.995+0530] {dagbag.py:538} INFO - Filling up the DagBag from /home/lucky/.local/lib/python3.10/site-packages/airflow/example_dags/example_short_circuit_decorator.py
[2024-04-01T23:11:57.016+0530] {processor.py:840} INFO - DAG(s) 'example_short_circuit_decorator' retrieved from /home/lucky/.local/lib/python3.10/site-packages/airflow/example_dags/example_short_circuit_decorator.py
[2024-04-01T23:11:57.054+0530] {logging_mixin.py:188} INFO - [2024-04-01T23:11:57.054+0530] {dag.py:3036} INFO - Sync 1 DAGs
[2024-04-01T23:11:57.098+0530] {logging_mixin.py:188} INFO - [2024-04-01T23:11:57.097+0530] {dag.py:3823} INFO - Setting next_dagrun for example_short_circuit_decorator to 2024-03-31 00:00:00+00:00, run_after=2024-04-01 00:00:00+00:00
[2024-04-01T23:11:57.156+0530] {processor.py:183} INFO - Processing /home/lucky/.local/lib/python3.10/site-packages/airflow/example_dags/example_short_circuit_decorator.py took 0.169 seconds
[2024-04-01T23:12:57.805+0530] {processor.py:161} INFO - Started process (PID=11820) to work on /home/lucky/.local/lib/python3.10/site-packages/airflow/example_dags/example_short_circuit_decorator.py
[2024-04-01T23:12:57.807+0530] {processor.py:830} INFO - Processing file /home/lucky/.local/lib/python3.10/site-packages/airflow/example_dags/example_short_circuit_decorator.py for tasks to queue
[2024-04-01T23:12:57.809+0530] {logging_mixin.py:188} INFO - [2024-04-01T23:12:57.808+0530] {dagbag.py:538} INFO - Filling up the DagBag from /home/lucky/.local/lib/python3.10/site-packages/airflow/example_dags/example_short_circuit_decorator.py
[2024-04-01T23:12:57.824+0530] {processor.py:840} INFO - DAG(s) 'example_short_circuit_decorator' retrieved from /home/lucky/.local/lib/python3.10/site-packages/airflow/example_dags/example_short_circuit_decorator.py
[2024-04-01T23:12:57.852+0530] {logging_mixin.py:188} INFO - [2024-04-01T23:12:57.852+0530] {dag.py:3036} INFO - Sync 1 DAGs
[2024-04-01T23:12:57.905+0530] {logging_mixin.py:188} INFO - [2024-04-01T23:12:57.904+0530] {dag.py:3823} INFO - Setting next_dagrun for example_short_circuit_decorator to 2024-03-31 00:00:00+00:00, run_after=2024-04-01 00:00:00+00:00
[2024-04-01T23:12:57.959+0530] {processor.py:183} INFO - Processing /home/lucky/.local/lib/python3.10/site-packages/airflow/example_dags/example_short_circuit_decorator.py took 0.157 seconds
[2024-04-01T23:13:55.918+0530] {processor.py:161} INFO - Started process (PID=12584) to work on /home/lucky/.local/lib/python3.10/site-packages/airflow/example_dags/example_short_circuit_decorator.py
[2024-04-01T23:13:55.922+0530] {processor.py:830} INFO - Processing file /home/lucky/.local/lib/python3.10/site-packages/airflow/example_dags/example_short_circuit_decorator.py for tasks to queue
[2024-04-01T23:13:55.924+0530] {logging_mixin.py:188} INFO - [2024-04-01T23:13:55.923+0530] {dagbag.py:538} INFO - Filling up the DagBag from /home/lucky/.local/lib/python3.10/site-packages/airflow/example_dags/example_short_circuit_decorator.py
[2024-04-01T23:13:55.955+0530] {processor.py:840} INFO - DAG(s) 'example_short_circuit_decorator' retrieved from /home/lucky/.local/lib/python3.10/site-packages/airflow/example_dags/example_short_circuit_decorator.py
[2024-04-01T23:13:56.002+0530] {logging_mixin.py:188} INFO - [2024-04-01T23:13:56.001+0530] {dag.py:3036} INFO - Sync 1 DAGs
[2024-04-01T23:13:56.076+0530] {logging_mixin.py:188} INFO - [2024-04-01T23:13:56.075+0530] {dag.py:3823} INFO - Setting next_dagrun for example_short_circuit_decorator to 2024-03-31 00:00:00+00:00, run_after=2024-04-01 00:00:00+00:00
[2024-04-01T23:13:56.151+0530] {processor.py:183} INFO - Processing /home/lucky/.local/lib/python3.10/site-packages/airflow/example_dags/example_short_circuit_decorator.py took 0.241 seconds
[2024-04-01T23:14:51.969+0530] {processor.py:161} INFO - Started process (PID=13526) to work on /home/lucky/.local/lib/python3.10/site-packages/airflow/example_dags/example_short_circuit_decorator.py
[2024-04-01T23:14:51.971+0530] {processor.py:830} INFO - Processing file /home/lucky/.local/lib/python3.10/site-packages/airflow/example_dags/example_short_circuit_decorator.py for tasks to queue
[2024-04-01T23:14:51.972+0530] {logging_mixin.py:188} INFO - [2024-04-01T23:14:51.972+0530] {dagbag.py:538} INFO - Filling up the DagBag from /home/lucky/.local/lib/python3.10/site-packages/airflow/example_dags/example_short_circuit_decorator.py
[2024-04-01T23:14:51.985+0530] {processor.py:840} INFO - DAG(s) 'example_short_circuit_decorator' retrieved from /home/lucky/.local/lib/python3.10/site-packages/airflow/example_dags/example_short_circuit_decorator.py
[2024-04-01T23:14:52.009+0530] {logging_mixin.py:188} INFO - [2024-04-01T23:14:52.009+0530] {dag.py:3036} INFO - Sync 1 DAGs
[2024-04-01T23:14:52.043+0530] {logging_mixin.py:188} INFO - [2024-04-01T23:14:52.042+0530] {dag.py:3823} INFO - Setting next_dagrun for example_short_circuit_decorator to 2024-03-31 00:00:00+00:00, run_after=2024-04-01 00:00:00+00:00
[2024-04-01T23:14:52.077+0530] {processor.py:183} INFO - Processing /home/lucky/.local/lib/python3.10/site-packages/airflow/example_dags/example_short_circuit_decorator.py took 0.114 seconds
[2024-04-01T23:15:45.081+0530] {processor.py:161} INFO - Started process (PID=14190) to work on /home/lucky/.local/lib/python3.10/site-packages/airflow/example_dags/example_short_circuit_decorator.py
[2024-04-01T23:15:45.083+0530] {processor.py:830} INFO - Processing file /home/lucky/.local/lib/python3.10/site-packages/airflow/example_dags/example_short_circuit_decorator.py for tasks to queue
[2024-04-01T23:15:45.084+0530] {logging_mixin.py:188} INFO - [2024-04-01T23:15:45.083+0530] {dagbag.py:538} INFO - Filling up the DagBag from /home/lucky/.local/lib/python3.10/site-packages/airflow/example_dags/example_short_circuit_decorator.py
[2024-04-01T23:15:45.092+0530] {processor.py:840} INFO - DAG(s) 'example_short_circuit_decorator' retrieved from /home/lucky/.local/lib/python3.10/site-packages/airflow/example_dags/example_short_circuit_decorator.py
[2024-04-01T23:15:45.108+0530] {logging_mixin.py:188} INFO - [2024-04-01T23:15:45.107+0530] {dag.py:3036} INFO - Sync 1 DAGs
[2024-04-01T23:15:45.126+0530] {logging_mixin.py:188} INFO - [2024-04-01T23:15:45.126+0530] {dag.py:3823} INFO - Setting next_dagrun for example_short_circuit_decorator to 2024-03-31 00:00:00+00:00, run_after=2024-04-01 00:00:00+00:00
[2024-04-01T23:15:45.148+0530] {processor.py:183} INFO - Processing /home/lucky/.local/lib/python3.10/site-packages/airflow/example_dags/example_short_circuit_decorator.py took 0.070 seconds
[2024-04-01T23:16:28.868+0530] {processor.py:161} INFO - Started process (PID=15009) to work on /home/lucky/.local/lib/python3.10/site-packages/airflow/example_dags/example_short_circuit_decorator.py
[2024-04-01T23:16:28.870+0530] {processor.py:830} INFO - Processing file /home/lucky/.local/lib/python3.10/site-packages/airflow/example_dags/example_short_circuit_decorator.py for tasks to queue
[2024-04-01T23:16:28.872+0530] {logging_mixin.py:188} INFO - [2024-04-01T23:16:28.871+0530] {dagbag.py:538} INFO - Filling up the DagBag from /home/lucky/.local/lib/python3.10/site-packages/airflow/example_dags/example_short_circuit_decorator.py
[2024-04-01T23:16:28.886+0530] {processor.py:840} INFO - DAG(s) 'example_short_circuit_decorator' retrieved from /home/lucky/.local/lib/python3.10/site-packages/airflow/example_dags/example_short_circuit_decorator.py
[2024-04-01T23:16:28.911+0530] {logging_mixin.py:188} INFO - [2024-04-01T23:16:28.910+0530] {dag.py:3036} INFO - Sync 1 DAGs
[2024-04-01T23:16:28.936+0530] {logging_mixin.py:188} INFO - [2024-04-01T23:16:28.935+0530] {dag.py:3823} INFO - Setting next_dagrun for example_short_circuit_decorator to 2024-03-31 00:00:00+00:00, run_after=2024-04-01 00:00:00+00:00
[2024-04-01T23:16:28.972+0530] {processor.py:183} INFO - Processing /home/lucky/.local/lib/python3.10/site-packages/airflow/example_dags/example_short_circuit_decorator.py took 0.109 seconds
