[2024-04-01T21:41:52.803+0530] {processor.py:161} INFO - Started process (PID=17262) to work on /home/lucky/.local/lib/python3.10/site-packages/airflow/example_dags/example_short_circuit_operator.py
[2024-04-01T21:41:52.813+0530] {processor.py:830} INFO - Processing file /home/lucky/.local/lib/python3.10/site-packages/airflow/example_dags/example_short_circuit_operator.py for tasks to queue
[2024-04-01T21:41:52.815+0530] {logging_mixin.py:188} INFO - [2024-04-01T21:41:52.814+0530] {dagbag.py:538} INFO - Filling up the DagBag from /home/lucky/.local/lib/python3.10/site-packages/airflow/example_dags/example_short_circuit_operator.py
[2024-04-01T21:41:52.841+0530] {processor.py:840} INFO - DAG(s) 'example_short_circuit_operator' retrieved from /home/lucky/.local/lib/python3.10/site-packages/airflow/example_dags/example_short_circuit_operator.py
[2024-04-01T21:41:53.220+0530] {logging_mixin.py:188} INFO - [2024-04-01T21:41:53.219+0530] {dag.py:3036} INFO - Sync 1 DAGs
[2024-04-01T21:41:53.266+0530] {logging_mixin.py:188} INFO - [2024-04-01T21:41:53.265+0530] {dag.py:3823} INFO - Setting next_dagrun for example_short_circuit_operator to 2024-03-31 00:00:00+00:00, run_after=2024-04-01 00:00:00+00:00
[2024-04-01T21:41:53.331+0530] {processor.py:183} INFO - Processing /home/lucky/.local/lib/python3.10/site-packages/airflow/example_dags/example_short_circuit_operator.py took 0.533 seconds
[2024-04-01T21:43:05.393+0530] {processor.py:161} INFO - Started process (PID=18408) to work on /home/lucky/.local/lib/python3.10/site-packages/airflow/example_dags/example_short_circuit_operator.py
[2024-04-01T21:43:05.402+0530] {processor.py:830} INFO - Processing file /home/lucky/.local/lib/python3.10/site-packages/airflow/example_dags/example_short_circuit_operator.py for tasks to queue
[2024-04-01T21:43:05.404+0530] {logging_mixin.py:188} INFO - [2024-04-01T21:43:05.403+0530] {dagbag.py:538} INFO - Filling up the DagBag from /home/lucky/.local/lib/python3.10/site-packages/airflow/example_dags/example_short_circuit_operator.py
[2024-04-01T21:43:05.428+0530] {processor.py:840} INFO - DAG(s) 'example_short_circuit_operator' retrieved from /home/lucky/.local/lib/python3.10/site-packages/airflow/example_dags/example_short_circuit_operator.py
[2024-04-01T21:43:05.509+0530] {logging_mixin.py:188} INFO - [2024-04-01T21:43:05.504+0530] {dag.py:3036} INFO - Sync 1 DAGs
[2024-04-01T21:43:05.630+0530] {logging_mixin.py:188} INFO - [2024-04-01T21:43:05.629+0530] {dag.py:3823} INFO - Setting next_dagrun for example_short_circuit_operator to 2024-03-31 00:00:00+00:00, run_after=2024-04-01 00:00:00+00:00
[2024-04-01T21:43:05.721+0530] {processor.py:183} INFO - Processing /home/lucky/.local/lib/python3.10/site-packages/airflow/example_dags/example_short_circuit_operator.py took 0.339 seconds
[2024-04-01T21:44:26.146+0530] {processor.py:161} INFO - Started process (PID=19732) to work on /home/lucky/.local/lib/python3.10/site-packages/airflow/example_dags/example_short_circuit_operator.py
[2024-04-01T21:44:26.148+0530] {processor.py:830} INFO - Processing file /home/lucky/.local/lib/python3.10/site-packages/airflow/example_dags/example_short_circuit_operator.py for tasks to queue
[2024-04-01T21:44:26.150+0530] {logging_mixin.py:188} INFO - [2024-04-01T21:44:26.149+0530] {dagbag.py:538} INFO - Filling up the DagBag from /home/lucky/.local/lib/python3.10/site-packages/airflow/example_dags/example_short_circuit_operator.py
[2024-04-01T21:44:26.173+0530] {processor.py:840} INFO - DAG(s) 'example_short_circuit_operator' retrieved from /home/lucky/.local/lib/python3.10/site-packages/airflow/example_dags/example_short_circuit_operator.py
[2024-04-01T21:44:26.231+0530] {logging_mixin.py:188} INFO - [2024-04-01T21:44:26.231+0530] {dag.py:3036} INFO - Sync 1 DAGs
[2024-04-01T21:44:26.289+0530] {logging_mixin.py:188} INFO - [2024-04-01T21:44:26.288+0530] {dag.py:3823} INFO - Setting next_dagrun for example_short_circuit_operator to 2024-03-31 00:00:00+00:00, run_after=2024-04-01 00:00:00+00:00
[2024-04-01T21:44:26.346+0530] {processor.py:183} INFO - Processing /home/lucky/.local/lib/python3.10/site-packages/airflow/example_dags/example_short_circuit_operator.py took 0.227 seconds
[2024-04-01T21:44:34.357+0530] {processor.py:161} INFO - Started process (PID=19844) to work on /home/lucky/.local/lib/python3.10/site-packages/airflow/example_dags/example_short_circuit_operator.py
[2024-04-01T21:44:34.360+0530] {processor.py:830} INFO - Processing file /home/lucky/.local/lib/python3.10/site-packages/airflow/example_dags/example_short_circuit_operator.py for tasks to queue
[2024-04-01T21:44:34.361+0530] {logging_mixin.py:188} INFO - [2024-04-01T21:44:34.360+0530] {dagbag.py:538} INFO - Filling up the DagBag from /home/lucky/.local/lib/python3.10/site-packages/airflow/example_dags/example_short_circuit_operator.py
[2024-04-01T21:44:34.377+0530] {processor.py:840} INFO - DAG(s) 'example_short_circuit_operator' retrieved from /home/lucky/.local/lib/python3.10/site-packages/airflow/example_dags/example_short_circuit_operator.py
[2024-04-01T21:44:34.410+0530] {logging_mixin.py:188} INFO - [2024-04-01T21:44:34.410+0530] {dag.py:3036} INFO - Sync 1 DAGs
[2024-04-01T21:44:34.449+0530] {logging_mixin.py:188} INFO - [2024-04-01T21:44:34.449+0530] {dag.py:3823} INFO - Setting next_dagrun for example_short_circuit_operator to 2024-03-31 00:00:00+00:00, run_after=2024-04-01 00:00:00+00:00
[2024-04-01T21:44:34.485+0530] {processor.py:183} INFO - Processing /home/lucky/.local/lib/python3.10/site-packages/airflow/example_dags/example_short_circuit_operator.py took 0.132 seconds
[2024-04-01T21:45:25.898+0530] {processor.py:161} INFO - Started process (PID=20451) to work on /home/lucky/.local/lib/python3.10/site-packages/airflow/example_dags/example_short_circuit_operator.py
[2024-04-01T21:45:25.902+0530] {processor.py:830} INFO - Processing file /home/lucky/.local/lib/python3.10/site-packages/airflow/example_dags/example_short_circuit_operator.py for tasks to queue
[2024-04-01T21:45:25.904+0530] {logging_mixin.py:188} INFO - [2024-04-01T21:45:25.903+0530] {dagbag.py:538} INFO - Filling up the DagBag from /home/lucky/.local/lib/python3.10/site-packages/airflow/example_dags/example_short_circuit_operator.py
[2024-04-01T21:45:25.923+0530] {processor.py:840} INFO - DAG(s) 'example_short_circuit_operator' retrieved from /home/lucky/.local/lib/python3.10/site-packages/airflow/example_dags/example_short_circuit_operator.py
[2024-04-01T21:45:25.966+0530] {logging_mixin.py:188} INFO - [2024-04-01T21:45:25.965+0530] {dag.py:3036} INFO - Sync 1 DAGs
[2024-04-01T21:45:26.020+0530] {logging_mixin.py:188} INFO - [2024-04-01T21:45:26.019+0530] {dag.py:3823} INFO - Setting next_dagrun for example_short_circuit_operator to 2024-03-31 00:00:00+00:00, run_after=2024-04-01 00:00:00+00:00
[2024-04-01T21:45:26.061+0530] {processor.py:183} INFO - Processing /home/lucky/.local/lib/python3.10/site-packages/airflow/example_dags/example_short_circuit_operator.py took 0.168 seconds
[2024-04-01T21:58:17.493+0530] {processor.py:161} INFO - Started process (PID=31758) to work on /home/lucky/.local/lib/python3.10/site-packages/airflow/example_dags/example_short_circuit_operator.py
[2024-04-01T21:58:17.496+0530] {processor.py:830} INFO - Processing file /home/lucky/.local/lib/python3.10/site-packages/airflow/example_dags/example_short_circuit_operator.py for tasks to queue
[2024-04-01T21:58:17.498+0530] {logging_mixin.py:188} INFO - [2024-04-01T21:58:17.497+0530] {dagbag.py:538} INFO - Filling up the DagBag from /home/lucky/.local/lib/python3.10/site-packages/airflow/example_dags/example_short_circuit_operator.py
[2024-04-01T21:58:17.511+0530] {processor.py:840} INFO - DAG(s) 'example_short_circuit_operator' retrieved from /home/lucky/.local/lib/python3.10/site-packages/airflow/example_dags/example_short_circuit_operator.py
[2024-04-01T21:58:17.537+0530] {logging_mixin.py:188} INFO - [2024-04-01T21:58:17.536+0530] {dag.py:3036} INFO - Sync 1 DAGs
[2024-04-01T21:58:17.570+0530] {logging_mixin.py:188} INFO - [2024-04-01T21:58:17.569+0530] {dag.py:3823} INFO - Setting next_dagrun for example_short_circuit_operator to 2024-03-31 00:00:00+00:00, run_after=2024-04-01 00:00:00+00:00
[2024-04-01T21:58:17.607+0530] {processor.py:183} INFO - Processing /home/lucky/.local/lib/python3.10/site-packages/airflow/example_dags/example_short_circuit_operator.py took 0.117 seconds
[2024-04-01T21:59:21.417+0530] {processor.py:161} INFO - Started process (PID=32799) to work on /home/lucky/.local/lib/python3.10/site-packages/airflow/example_dags/example_short_circuit_operator.py
[2024-04-01T21:59:21.419+0530] {processor.py:830} INFO - Processing file /home/lucky/.local/lib/python3.10/site-packages/airflow/example_dags/example_short_circuit_operator.py for tasks to queue
[2024-04-01T21:59:21.420+0530] {logging_mixin.py:188} INFO - [2024-04-01T21:59:21.419+0530] {dagbag.py:538} INFO - Filling up the DagBag from /home/lucky/.local/lib/python3.10/site-packages/airflow/example_dags/example_short_circuit_operator.py
[2024-04-01T21:59:21.428+0530] {processor.py:840} INFO - DAG(s) 'example_short_circuit_operator' retrieved from /home/lucky/.local/lib/python3.10/site-packages/airflow/example_dags/example_short_circuit_operator.py
[2024-04-01T21:59:21.449+0530] {logging_mixin.py:188} INFO - [2024-04-01T21:59:21.449+0530] {dag.py:3036} INFO - Sync 1 DAGs
[2024-04-01T21:59:21.473+0530] {logging_mixin.py:188} INFO - [2024-04-01T21:59:21.472+0530] {dag.py:3823} INFO - Setting next_dagrun for example_short_circuit_operator to 2024-03-31 00:00:00+00:00, run_after=2024-04-01 00:00:00+00:00
[2024-04-01T21:59:21.501+0530] {processor.py:183} INFO - Processing /home/lucky/.local/lib/python3.10/site-packages/airflow/example_dags/example_short_circuit_operator.py took 0.087 seconds
[2024-04-01T22:00:23.997+0530] {processor.py:161} INFO - Started process (PID=33848) to work on /home/lucky/.local/lib/python3.10/site-packages/airflow/example_dags/example_short_circuit_operator.py
[2024-04-01T22:00:23.999+0530] {processor.py:830} INFO - Processing file /home/lucky/.local/lib/python3.10/site-packages/airflow/example_dags/example_short_circuit_operator.py for tasks to queue
[2024-04-01T22:00:24.003+0530] {logging_mixin.py:188} INFO - [2024-04-01T22:00:24.001+0530] {dagbag.py:538} INFO - Filling up the DagBag from /home/lucky/.local/lib/python3.10/site-packages/airflow/example_dags/example_short_circuit_operator.py
[2024-04-01T22:00:24.017+0530] {processor.py:840} INFO - DAG(s) 'example_short_circuit_operator' retrieved from /home/lucky/.local/lib/python3.10/site-packages/airflow/example_dags/example_short_circuit_operator.py
[2024-04-01T22:00:24.049+0530] {logging_mixin.py:188} INFO - [2024-04-01T22:00:24.048+0530] {dag.py:3036} INFO - Sync 1 DAGs
[2024-04-01T22:00:24.087+0530] {logging_mixin.py:188} INFO - [2024-04-01T22:00:24.086+0530] {dag.py:3823} INFO - Setting next_dagrun for example_short_circuit_operator to 2024-03-31 00:00:00+00:00, run_after=2024-04-01 00:00:00+00:00
[2024-04-01T22:00:24.130+0530] {processor.py:183} INFO - Processing /home/lucky/.local/lib/python3.10/site-packages/airflow/example_dags/example_short_circuit_operator.py took 0.137 seconds
[2024-04-01T22:01:18.923+0530] {processor.py:161} INFO - Started process (PID=34525) to work on /home/lucky/.local/lib/python3.10/site-packages/airflow/example_dags/example_short_circuit_operator.py
[2024-04-01T22:01:18.925+0530] {processor.py:830} INFO - Processing file /home/lucky/.local/lib/python3.10/site-packages/airflow/example_dags/example_short_circuit_operator.py for tasks to queue
[2024-04-01T22:01:18.926+0530] {logging_mixin.py:188} INFO - [2024-04-01T22:01:18.926+0530] {dagbag.py:538} INFO - Filling up the DagBag from /home/lucky/.local/lib/python3.10/site-packages/airflow/example_dags/example_short_circuit_operator.py
[2024-04-01T22:01:18.936+0530] {processor.py:840} INFO - DAG(s) 'example_short_circuit_operator' retrieved from /home/lucky/.local/lib/python3.10/site-packages/airflow/example_dags/example_short_circuit_operator.py
[2024-04-01T22:01:18.962+0530] {logging_mixin.py:188} INFO - [2024-04-01T22:01:18.962+0530] {dag.py:3036} INFO - Sync 1 DAGs
[2024-04-01T22:01:19.000+0530] {logging_mixin.py:188} INFO - [2024-04-01T22:01:19.000+0530] {dag.py:3823} INFO - Setting next_dagrun for example_short_circuit_operator to 2024-03-31 00:00:00+00:00, run_after=2024-04-01 00:00:00+00:00
[2024-04-01T22:01:19.039+0530] {processor.py:183} INFO - Processing /home/lucky/.local/lib/python3.10/site-packages/airflow/example_dags/example_short_circuit_operator.py took 0.120 seconds
[2024-04-01T22:02:17.987+0530] {processor.py:161} INFO - Started process (PID=35534) to work on /home/lucky/.local/lib/python3.10/site-packages/airflow/example_dags/example_short_circuit_operator.py
[2024-04-01T22:02:17.988+0530] {processor.py:830} INFO - Processing file /home/lucky/.local/lib/python3.10/site-packages/airflow/example_dags/example_short_circuit_operator.py for tasks to queue
[2024-04-01T22:02:17.989+0530] {logging_mixin.py:188} INFO - [2024-04-01T22:02:17.989+0530] {dagbag.py:538} INFO - Filling up the DagBag from /home/lucky/.local/lib/python3.10/site-packages/airflow/example_dags/example_short_circuit_operator.py
[2024-04-01T22:02:18.001+0530] {processor.py:840} INFO - DAG(s) 'example_short_circuit_operator' retrieved from /home/lucky/.local/lib/python3.10/site-packages/airflow/example_dags/example_short_circuit_operator.py
[2024-04-01T22:02:18.024+0530] {logging_mixin.py:188} INFO - [2024-04-01T22:02:18.023+0530] {dag.py:3036} INFO - Sync 1 DAGs
[2024-04-01T22:02:18.052+0530] {logging_mixin.py:188} INFO - [2024-04-01T22:02:18.052+0530] {dag.py:3823} INFO - Setting next_dagrun for example_short_circuit_operator to 2024-03-31 00:00:00+00:00, run_after=2024-04-01 00:00:00+00:00
[2024-04-01T22:02:18.101+0530] {processor.py:183} INFO - Processing /home/lucky/.local/lib/python3.10/site-packages/airflow/example_dags/example_short_circuit_operator.py took 0.117 seconds
[2024-04-01T22:03:20.066+0530] {processor.py:161} INFO - Started process (PID=36271) to work on /home/lucky/.local/lib/python3.10/site-packages/airflow/example_dags/example_short_circuit_operator.py
[2024-04-01T22:03:20.070+0530] {processor.py:830} INFO - Processing file /home/lucky/.local/lib/python3.10/site-packages/airflow/example_dags/example_short_circuit_operator.py for tasks to queue
[2024-04-01T22:03:20.077+0530] {logging_mixin.py:188} INFO - [2024-04-01T22:03:20.076+0530] {dagbag.py:538} INFO - Filling up the DagBag from /home/lucky/.local/lib/python3.10/site-packages/airflow/example_dags/example_short_circuit_operator.py
[2024-04-01T22:03:20.094+0530] {processor.py:840} INFO - DAG(s) 'example_short_circuit_operator' retrieved from /home/lucky/.local/lib/python3.10/site-packages/airflow/example_dags/example_short_circuit_operator.py
[2024-04-01T22:03:20.132+0530] {logging_mixin.py:188} INFO - [2024-04-01T22:03:20.131+0530] {dag.py:3036} INFO - Sync 1 DAGs
[2024-04-01T22:03:20.173+0530] {logging_mixin.py:188} INFO - [2024-04-01T22:03:20.173+0530] {dag.py:3823} INFO - Setting next_dagrun for example_short_circuit_operator to 2024-03-31 00:00:00+00:00, run_after=2024-04-01 00:00:00+00:00
[2024-04-01T22:03:20.228+0530] {processor.py:183} INFO - Processing /home/lucky/.local/lib/python3.10/site-packages/airflow/example_dags/example_short_circuit_operator.py took 0.168 seconds
[2024-04-01T22:04:34.402+0530] {processor.py:161} INFO - Started process (PID=37431) to work on /home/lucky/.local/lib/python3.10/site-packages/airflow/example_dags/example_short_circuit_operator.py
[2024-04-01T22:04:34.415+0530] {processor.py:830} INFO - Processing file /home/lucky/.local/lib/python3.10/site-packages/airflow/example_dags/example_short_circuit_operator.py for tasks to queue
[2024-04-01T22:04:34.417+0530] {logging_mixin.py:188} INFO - [2024-04-01T22:04:34.416+0530] {dagbag.py:538} INFO - Filling up the DagBag from /home/lucky/.local/lib/python3.10/site-packages/airflow/example_dags/example_short_circuit_operator.py
[2024-04-01T22:04:34.433+0530] {processor.py:840} INFO - DAG(s) 'example_short_circuit_operator' retrieved from /home/lucky/.local/lib/python3.10/site-packages/airflow/example_dags/example_short_circuit_operator.py
[2024-04-01T22:04:34.478+0530] {logging_mixin.py:188} INFO - [2024-04-01T22:04:34.478+0530] {dag.py:3036} INFO - Sync 1 DAGs
[2024-04-01T22:04:34.510+0530] {logging_mixin.py:188} INFO - [2024-04-01T22:04:34.509+0530] {dag.py:3823} INFO - Setting next_dagrun for example_short_circuit_operator to 2024-03-31 00:00:00+00:00, run_after=2024-04-01 00:00:00+00:00
[2024-04-01T22:04:34.553+0530] {processor.py:183} INFO - Processing /home/lucky/.local/lib/python3.10/site-packages/airflow/example_dags/example_short_circuit_operator.py took 0.155 seconds
[2024-04-01T22:05:37.443+0530] {processor.py:161} INFO - Started process (PID=38510) to work on /home/lucky/.local/lib/python3.10/site-packages/airflow/example_dags/example_short_circuit_operator.py
[2024-04-01T22:05:37.445+0530] {processor.py:830} INFO - Processing file /home/lucky/.local/lib/python3.10/site-packages/airflow/example_dags/example_short_circuit_operator.py for tasks to queue
[2024-04-01T22:05:37.446+0530] {logging_mixin.py:188} INFO - [2024-04-01T22:05:37.446+0530] {dagbag.py:538} INFO - Filling up the DagBag from /home/lucky/.local/lib/python3.10/site-packages/airflow/example_dags/example_short_circuit_operator.py
[2024-04-01T22:05:37.457+0530] {processor.py:840} INFO - DAG(s) 'example_short_circuit_operator' retrieved from /home/lucky/.local/lib/python3.10/site-packages/airflow/example_dags/example_short_circuit_operator.py
[2024-04-01T22:05:37.487+0530] {logging_mixin.py:188} INFO - [2024-04-01T22:05:37.486+0530] {dag.py:3036} INFO - Sync 1 DAGs
[2024-04-01T22:05:37.517+0530] {logging_mixin.py:188} INFO - [2024-04-01T22:05:37.517+0530] {dag.py:3823} INFO - Setting next_dagrun for example_short_circuit_operator to 2024-03-31 00:00:00+00:00, run_after=2024-04-01 00:00:00+00:00
[2024-04-01T22:05:37.552+0530] {processor.py:183} INFO - Processing /home/lucky/.local/lib/python3.10/site-packages/airflow/example_dags/example_short_circuit_operator.py took 0.113 seconds
[2024-04-01T22:06:57.425+0530] {processor.py:161} INFO - Started process (PID=39441) to work on /home/lucky/.local/lib/python3.10/site-packages/airflow/example_dags/example_short_circuit_operator.py
[2024-04-01T22:06:57.427+0530] {processor.py:830} INFO - Processing file /home/lucky/.local/lib/python3.10/site-packages/airflow/example_dags/example_short_circuit_operator.py for tasks to queue
[2024-04-01T22:06:57.429+0530] {logging_mixin.py:188} INFO - [2024-04-01T22:06:57.428+0530] {dagbag.py:538} INFO - Filling up the DagBag from /home/lucky/.local/lib/python3.10/site-packages/airflow/example_dags/example_short_circuit_operator.py
[2024-04-01T22:06:57.446+0530] {processor.py:840} INFO - DAG(s) 'example_short_circuit_operator' retrieved from /home/lucky/.local/lib/python3.10/site-packages/airflow/example_dags/example_short_circuit_operator.py
[2024-04-01T22:06:57.501+0530] {logging_mixin.py:188} INFO - [2024-04-01T22:06:57.500+0530] {dag.py:3036} INFO - Sync 1 DAGs
[2024-04-01T22:06:57.601+0530] {logging_mixin.py:188} INFO - [2024-04-01T22:06:57.601+0530] {dag.py:3823} INFO - Setting next_dagrun for example_short_circuit_operator to 2024-03-31 00:00:00+00:00, run_after=2024-04-01 00:00:00+00:00
[2024-04-01T22:06:57.655+0530] {processor.py:183} INFO - Processing /home/lucky/.local/lib/python3.10/site-packages/airflow/example_dags/example_short_circuit_operator.py took 0.236 seconds
[2024-04-01T22:08:22.450+0530] {processor.py:161} INFO - Started process (PID=40753) to work on /home/lucky/.local/lib/python3.10/site-packages/airflow/example_dags/example_short_circuit_operator.py
[2024-04-01T22:08:22.452+0530] {processor.py:830} INFO - Processing file /home/lucky/.local/lib/python3.10/site-packages/airflow/example_dags/example_short_circuit_operator.py for tasks to queue
[2024-04-01T22:08:22.453+0530] {logging_mixin.py:188} INFO - [2024-04-01T22:08:22.453+0530] {dagbag.py:538} INFO - Filling up the DagBag from /home/lucky/.local/lib/python3.10/site-packages/airflow/example_dags/example_short_circuit_operator.py
[2024-04-01T22:08:22.467+0530] {processor.py:840} INFO - DAG(s) 'example_short_circuit_operator' retrieved from /home/lucky/.local/lib/python3.10/site-packages/airflow/example_dags/example_short_circuit_operator.py
[2024-04-01T22:08:22.496+0530] {logging_mixin.py:188} INFO - [2024-04-01T22:08:22.496+0530] {dag.py:3036} INFO - Sync 1 DAGs
[2024-04-01T22:08:22.526+0530] {logging_mixin.py:188} INFO - [2024-04-01T22:08:22.525+0530] {dag.py:3823} INFO - Setting next_dagrun for example_short_circuit_operator to 2024-03-31 00:00:00+00:00, run_after=2024-04-01 00:00:00+00:00
[2024-04-01T22:08:22.560+0530] {processor.py:183} INFO - Processing /home/lucky/.local/lib/python3.10/site-packages/airflow/example_dags/example_short_circuit_operator.py took 0.115 seconds
[2024-04-01T22:09:52.201+0530] {processor.py:161} INFO - Started process (PID=42049) to work on /home/lucky/.local/lib/python3.10/site-packages/airflow/example_dags/example_short_circuit_operator.py
[2024-04-01T22:09:52.203+0530] {processor.py:830} INFO - Processing file /home/lucky/.local/lib/python3.10/site-packages/airflow/example_dags/example_short_circuit_operator.py for tasks to queue
[2024-04-01T22:09:52.204+0530] {logging_mixin.py:188} INFO - [2024-04-01T22:09:52.203+0530] {dagbag.py:538} INFO - Filling up the DagBag from /home/lucky/.local/lib/python3.10/site-packages/airflow/example_dags/example_short_circuit_operator.py
[2024-04-01T22:09:52.219+0530] {processor.py:840} INFO - DAG(s) 'example_short_circuit_operator' retrieved from /home/lucky/.local/lib/python3.10/site-packages/airflow/example_dags/example_short_circuit_operator.py
[2024-04-01T22:09:52.252+0530] {logging_mixin.py:188} INFO - [2024-04-01T22:09:52.251+0530] {dag.py:3036} INFO - Sync 1 DAGs
[2024-04-01T22:09:52.280+0530] {logging_mixin.py:188} INFO - [2024-04-01T22:09:52.279+0530] {dag.py:3823} INFO - Setting next_dagrun for example_short_circuit_operator to 2024-03-31 00:00:00+00:00, run_after=2024-04-01 00:00:00+00:00
[2024-04-01T22:09:52.316+0530] {processor.py:183} INFO - Processing /home/lucky/.local/lib/python3.10/site-packages/airflow/example_dags/example_short_circuit_operator.py took 0.119 seconds
[2024-04-01T22:11:16.510+0530] {processor.py:161} INFO - Started process (PID=43325) to work on /home/lucky/.local/lib/python3.10/site-packages/airflow/example_dags/example_short_circuit_operator.py
[2024-04-01T22:11:16.512+0530] {processor.py:830} INFO - Processing file /home/lucky/.local/lib/python3.10/site-packages/airflow/example_dags/example_short_circuit_operator.py for tasks to queue
[2024-04-01T22:11:16.514+0530] {logging_mixin.py:188} INFO - [2024-04-01T22:11:16.514+0530] {dagbag.py:538} INFO - Filling up the DagBag from /home/lucky/.local/lib/python3.10/site-packages/airflow/example_dags/example_short_circuit_operator.py
[2024-04-01T22:11:16.538+0530] {processor.py:840} INFO - DAG(s) 'example_short_circuit_operator' retrieved from /home/lucky/.local/lib/python3.10/site-packages/airflow/example_dags/example_short_circuit_operator.py
[2024-04-01T22:11:16.596+0530] {logging_mixin.py:188} INFO - [2024-04-01T22:11:16.596+0530] {dag.py:3036} INFO - Sync 1 DAGs
[2024-04-01T22:11:16.674+0530] {logging_mixin.py:188} INFO - [2024-04-01T22:11:16.674+0530] {dag.py:3823} INFO - Setting next_dagrun for example_short_circuit_operator to 2024-03-31 00:00:00+00:00, run_after=2024-04-01 00:00:00+00:00
[2024-04-01T22:11:16.751+0530] {processor.py:183} INFO - Processing /home/lucky/.local/lib/python3.10/site-packages/airflow/example_dags/example_short_circuit_operator.py took 0.255 seconds
[2024-04-01T22:12:33.503+0530] {processor.py:161} INFO - Started process (PID=44160) to work on /home/lucky/.local/lib/python3.10/site-packages/airflow/example_dags/example_short_circuit_operator.py
[2024-04-01T22:12:33.514+0530] {processor.py:830} INFO - Processing file /home/lucky/.local/lib/python3.10/site-packages/airflow/example_dags/example_short_circuit_operator.py for tasks to queue
[2024-04-01T22:12:33.517+0530] {logging_mixin.py:188} INFO - [2024-04-01T22:12:33.516+0530] {dagbag.py:538} INFO - Filling up the DagBag from /home/lucky/.local/lib/python3.10/site-packages/airflow/example_dags/example_short_circuit_operator.py
[2024-04-01T22:12:33.541+0530] {processor.py:840} INFO - DAG(s) 'example_short_circuit_operator' retrieved from /home/lucky/.local/lib/python3.10/site-packages/airflow/example_dags/example_short_circuit_operator.py
[2024-04-01T22:12:33.604+0530] {logging_mixin.py:188} INFO - [2024-04-01T22:12:33.603+0530] {dag.py:3036} INFO - Sync 1 DAGs
[2024-04-01T22:12:33.676+0530] {logging_mixin.py:188} INFO - [2024-04-01T22:12:33.675+0530] {dag.py:3823} INFO - Setting next_dagrun for example_short_circuit_operator to 2024-03-31 00:00:00+00:00, run_after=2024-04-01 00:00:00+00:00
[2024-04-01T22:12:33.739+0530] {processor.py:183} INFO - Processing /home/lucky/.local/lib/python3.10/site-packages/airflow/example_dags/example_short_circuit_operator.py took 0.241 seconds
[2024-04-01T22:13:49.056+0530] {processor.py:161} INFO - Started process (PID=45356) to work on /home/lucky/.local/lib/python3.10/site-packages/airflow/example_dags/example_short_circuit_operator.py
[2024-04-01T22:13:49.058+0530] {processor.py:830} INFO - Processing file /home/lucky/.local/lib/python3.10/site-packages/airflow/example_dags/example_short_circuit_operator.py for tasks to queue
[2024-04-01T22:13:49.059+0530] {logging_mixin.py:188} INFO - [2024-04-01T22:13:49.059+0530] {dagbag.py:538} INFO - Filling up the DagBag from /home/lucky/.local/lib/python3.10/site-packages/airflow/example_dags/example_short_circuit_operator.py
[2024-04-01T22:13:49.069+0530] {processor.py:840} INFO - DAG(s) 'example_short_circuit_operator' retrieved from /home/lucky/.local/lib/python3.10/site-packages/airflow/example_dags/example_short_circuit_operator.py
[2024-04-01T22:13:49.089+0530] {logging_mixin.py:188} INFO - [2024-04-01T22:13:49.089+0530] {dag.py:3036} INFO - Sync 1 DAGs
[2024-04-01T22:13:49.112+0530] {logging_mixin.py:188} INFO - [2024-04-01T22:13:49.112+0530] {dag.py:3823} INFO - Setting next_dagrun for example_short_circuit_operator to 2024-03-31 00:00:00+00:00, run_after=2024-04-01 00:00:00+00:00
[2024-04-01T22:13:49.141+0530] {processor.py:183} INFO - Processing /home/lucky/.local/lib/python3.10/site-packages/airflow/example_dags/example_short_circuit_operator.py took 0.088 seconds
[2024-04-01T22:14:52.091+0530] {processor.py:161} INFO - Started process (PID=46442) to work on /home/lucky/.local/lib/python3.10/site-packages/airflow/example_dags/example_short_circuit_operator.py
[2024-04-01T22:14:52.092+0530] {processor.py:830} INFO - Processing file /home/lucky/.local/lib/python3.10/site-packages/airflow/example_dags/example_short_circuit_operator.py for tasks to queue
[2024-04-01T22:14:52.093+0530] {logging_mixin.py:188} INFO - [2024-04-01T22:14:52.093+0530] {dagbag.py:538} INFO - Filling up the DagBag from /home/lucky/.local/lib/python3.10/site-packages/airflow/example_dags/example_short_circuit_operator.py
[2024-04-01T22:14:52.100+0530] {processor.py:840} INFO - DAG(s) 'example_short_circuit_operator' retrieved from /home/lucky/.local/lib/python3.10/site-packages/airflow/example_dags/example_short_circuit_operator.py
[2024-04-01T22:14:52.117+0530] {logging_mixin.py:188} INFO - [2024-04-01T22:14:52.116+0530] {dag.py:3036} INFO - Sync 1 DAGs
[2024-04-01T22:14:52.134+0530] {logging_mixin.py:188} INFO - [2024-04-01T22:14:52.134+0530] {dag.py:3823} INFO - Setting next_dagrun for example_short_circuit_operator to 2024-03-31 00:00:00+00:00, run_after=2024-04-01 00:00:00+00:00
[2024-04-01T22:14:52.156+0530] {processor.py:183} INFO - Processing /home/lucky/.local/lib/python3.10/site-packages/airflow/example_dags/example_short_circuit_operator.py took 0.069 seconds
[2024-04-01T22:15:46.666+0530] {processor.py:161} INFO - Started process (PID=47111) to work on /home/lucky/.local/lib/python3.10/site-packages/airflow/example_dags/example_short_circuit_operator.py
[2024-04-01T22:15:46.669+0530] {processor.py:830} INFO - Processing file /home/lucky/.local/lib/python3.10/site-packages/airflow/example_dags/example_short_circuit_operator.py for tasks to queue
[2024-04-01T22:15:46.671+0530] {logging_mixin.py:188} INFO - [2024-04-01T22:15:46.670+0530] {dagbag.py:538} INFO - Filling up the DagBag from /home/lucky/.local/lib/python3.10/site-packages/airflow/example_dags/example_short_circuit_operator.py
[2024-04-01T22:15:46.689+0530] {processor.py:840} INFO - DAG(s) 'example_short_circuit_operator' retrieved from /home/lucky/.local/lib/python3.10/site-packages/airflow/example_dags/example_short_circuit_operator.py
[2024-04-01T22:15:46.729+0530] {logging_mixin.py:188} INFO - [2024-04-01T22:15:46.728+0530] {dag.py:3036} INFO - Sync 1 DAGs
[2024-04-01T22:15:46.786+0530] {logging_mixin.py:188} INFO - [2024-04-01T22:15:46.786+0530] {dag.py:3823} INFO - Setting next_dagrun for example_short_circuit_operator to 2024-03-31 00:00:00+00:00, run_after=2024-04-01 00:00:00+00:00
[2024-04-01T22:15:46.850+0530] {processor.py:183} INFO - Processing /home/lucky/.local/lib/python3.10/site-packages/airflow/example_dags/example_short_circuit_operator.py took 0.188 seconds
[2024-04-01T22:16:38.010+0530] {processor.py:161} INFO - Started process (PID=48043) to work on /home/lucky/.local/lib/python3.10/site-packages/airflow/example_dags/example_short_circuit_operator.py
[2024-04-01T22:16:38.012+0530] {processor.py:830} INFO - Processing file /home/lucky/.local/lib/python3.10/site-packages/airflow/example_dags/example_short_circuit_operator.py for tasks to queue
[2024-04-01T22:16:38.013+0530] {logging_mixin.py:188} INFO - [2024-04-01T22:16:38.013+0530] {dagbag.py:538} INFO - Filling up the DagBag from /home/lucky/.local/lib/python3.10/site-packages/airflow/example_dags/example_short_circuit_operator.py
[2024-04-01T22:16:38.029+0530] {processor.py:840} INFO - DAG(s) 'example_short_circuit_operator' retrieved from /home/lucky/.local/lib/python3.10/site-packages/airflow/example_dags/example_short_circuit_operator.py
[2024-04-01T22:16:38.057+0530] {logging_mixin.py:188} INFO - [2024-04-01T22:16:38.056+0530] {dag.py:3036} INFO - Sync 1 DAGs
[2024-04-01T22:16:38.083+0530] {logging_mixin.py:188} INFO - [2024-04-01T22:16:38.083+0530] {dag.py:3823} INFO - Setting next_dagrun for example_short_circuit_operator to 2024-03-31 00:00:00+00:00, run_after=2024-04-01 00:00:00+00:00
[2024-04-01T22:16:38.112+0530] {processor.py:183} INFO - Processing /home/lucky/.local/lib/python3.10/site-packages/airflow/example_dags/example_short_circuit_operator.py took 0.106 seconds
[2024-04-01T22:17:31.658+0530] {processor.py:161} INFO - Started process (PID=48690) to work on /home/lucky/.local/lib/python3.10/site-packages/airflow/example_dags/example_short_circuit_operator.py
[2024-04-01T22:17:31.660+0530] {processor.py:830} INFO - Processing file /home/lucky/.local/lib/python3.10/site-packages/airflow/example_dags/example_short_circuit_operator.py for tasks to queue
[2024-04-01T22:17:31.661+0530] {logging_mixin.py:188} INFO - [2024-04-01T22:17:31.661+0530] {dagbag.py:538} INFO - Filling up the DagBag from /home/lucky/.local/lib/python3.10/site-packages/airflow/example_dags/example_short_circuit_operator.py
[2024-04-01T22:17:31.670+0530] {processor.py:840} INFO - DAG(s) 'example_short_circuit_operator' retrieved from /home/lucky/.local/lib/python3.10/site-packages/airflow/example_dags/example_short_circuit_operator.py
[2024-04-01T22:17:31.689+0530] {logging_mixin.py:188} INFO - [2024-04-01T22:17:31.689+0530] {dag.py:3036} INFO - Sync 1 DAGs
[2024-04-01T22:17:31.711+0530] {logging_mixin.py:188} INFO - [2024-04-01T22:17:31.711+0530] {dag.py:3823} INFO - Setting next_dagrun for example_short_circuit_operator to 2024-03-31 00:00:00+00:00, run_after=2024-04-01 00:00:00+00:00
[2024-04-01T22:17:31.739+0530] {processor.py:183} INFO - Processing /home/lucky/.local/lib/python3.10/site-packages/airflow/example_dags/example_short_circuit_operator.py took 0.084 seconds
[2024-04-01T22:18:24.936+0530] {processor.py:161} INFO - Started process (PID=49655) to work on /home/lucky/.local/lib/python3.10/site-packages/airflow/example_dags/example_short_circuit_operator.py
[2024-04-01T22:18:24.938+0530] {processor.py:830} INFO - Processing file /home/lucky/.local/lib/python3.10/site-packages/airflow/example_dags/example_short_circuit_operator.py for tasks to queue
[2024-04-01T22:18:24.939+0530] {logging_mixin.py:188} INFO - [2024-04-01T22:18:24.939+0530] {dagbag.py:538} INFO - Filling up the DagBag from /home/lucky/.local/lib/python3.10/site-packages/airflow/example_dags/example_short_circuit_operator.py
[2024-04-01T22:18:24.947+0530] {processor.py:840} INFO - DAG(s) 'example_short_circuit_operator' retrieved from /home/lucky/.local/lib/python3.10/site-packages/airflow/example_dags/example_short_circuit_operator.py
[2024-04-01T22:18:24.966+0530] {logging_mixin.py:188} INFO - [2024-04-01T22:18:24.966+0530] {dag.py:3036} INFO - Sync 1 DAGs
[2024-04-01T22:18:24.988+0530] {logging_mixin.py:188} INFO - [2024-04-01T22:18:24.988+0530] {dag.py:3823} INFO - Setting next_dagrun for example_short_circuit_operator to 2024-03-31 00:00:00+00:00, run_after=2024-04-01 00:00:00+00:00
[2024-04-01T22:18:25.016+0530] {processor.py:183} INFO - Processing /home/lucky/.local/lib/python3.10/site-packages/airflow/example_dags/example_short_circuit_operator.py took 0.083 seconds
[2024-04-01T22:19:16.448+0530] {processor.py:161} INFO - Started process (PID=50586) to work on /home/lucky/.local/lib/python3.10/site-packages/airflow/example_dags/example_short_circuit_operator.py
[2024-04-01T22:19:16.460+0530] {processor.py:830} INFO - Processing file /home/lucky/.local/lib/python3.10/site-packages/airflow/example_dags/example_short_circuit_operator.py for tasks to queue
[2024-04-01T22:19:16.462+0530] {logging_mixin.py:188} INFO - [2024-04-01T22:19:16.461+0530] {dagbag.py:538} INFO - Filling up the DagBag from /home/lucky/.local/lib/python3.10/site-packages/airflow/example_dags/example_short_circuit_operator.py
[2024-04-01T22:19:16.472+0530] {processor.py:840} INFO - DAG(s) 'example_short_circuit_operator' retrieved from /home/lucky/.local/lib/python3.10/site-packages/airflow/example_dags/example_short_circuit_operator.py
[2024-04-01T22:19:16.491+0530] {logging_mixin.py:188} INFO - [2024-04-01T22:19:16.490+0530] {dag.py:3036} INFO - Sync 1 DAGs
[2024-04-01T22:19:16.509+0530] {logging_mixin.py:188} INFO - [2024-04-01T22:19:16.509+0530] {dag.py:3823} INFO - Setting next_dagrun for example_short_circuit_operator to 2024-03-31 00:00:00+00:00, run_after=2024-04-01 00:00:00+00:00
[2024-04-01T22:19:16.532+0530] {processor.py:183} INFO - Processing /home/lucky/.local/lib/python3.10/site-packages/airflow/example_dags/example_short_circuit_operator.py took 0.087 seconds
[2024-04-01T22:25:03.809+0530] {processor.py:161} INFO - Started process (PID=55765) to work on /home/lucky/.local/lib/python3.10/site-packages/airflow/example_dags/example_short_circuit_operator.py
[2024-04-01T22:25:03.811+0530] {processor.py:830} INFO - Processing file /home/lucky/.local/lib/python3.10/site-packages/airflow/example_dags/example_short_circuit_operator.py for tasks to queue
[2024-04-01T22:25:03.812+0530] {logging_mixin.py:188} INFO - [2024-04-01T22:25:03.811+0530] {dagbag.py:538} INFO - Filling up the DagBag from /home/lucky/.local/lib/python3.10/site-packages/airflow/example_dags/example_short_circuit_operator.py
[2024-04-01T22:25:03.822+0530] {processor.py:840} INFO - DAG(s) 'example_short_circuit_operator' retrieved from /home/lucky/.local/lib/python3.10/site-packages/airflow/example_dags/example_short_circuit_operator.py
[2024-04-01T22:25:03.847+0530] {logging_mixin.py:188} INFO - [2024-04-01T22:25:03.847+0530] {dag.py:3036} INFO - Sync 1 DAGs
[2024-04-01T22:25:03.878+0530] {logging_mixin.py:188} INFO - [2024-04-01T22:25:03.877+0530] {dag.py:3823} INFO - Setting next_dagrun for example_short_circuit_operator to 2024-03-31 00:00:00+00:00, run_after=2024-04-01 00:00:00+00:00
[2024-04-01T22:25:03.908+0530] {processor.py:183} INFO - Processing /home/lucky/.local/lib/python3.10/site-packages/airflow/example_dags/example_short_circuit_operator.py took 0.101 seconds
[2024-04-01T22:27:09.945+0530] {processor.py:161} INFO - Started process (PID=57539) to work on /home/lucky/.local/lib/python3.10/site-packages/airflow/example_dags/example_short_circuit_operator.py
[2024-04-01T22:27:09.948+0530] {processor.py:830} INFO - Processing file /home/lucky/.local/lib/python3.10/site-packages/airflow/example_dags/example_short_circuit_operator.py for tasks to queue
[2024-04-01T22:27:09.950+0530] {logging_mixin.py:188} INFO - [2024-04-01T22:27:09.949+0530] {dagbag.py:538} INFO - Filling up the DagBag from /home/lucky/.local/lib/python3.10/site-packages/airflow/example_dags/example_short_circuit_operator.py
[2024-04-01T22:27:09.969+0530] {processor.py:840} INFO - DAG(s) 'example_short_circuit_operator' retrieved from /home/lucky/.local/lib/python3.10/site-packages/airflow/example_dags/example_short_circuit_operator.py
[2024-04-01T22:27:10.034+0530] {logging_mixin.py:188} INFO - [2024-04-01T22:27:10.034+0530] {dag.py:3036} INFO - Sync 1 DAGs
[2024-04-01T22:27:10.127+0530] {logging_mixin.py:188} INFO - [2024-04-01T22:27:10.126+0530] {dag.py:3823} INFO - Setting next_dagrun for example_short_circuit_operator to 2024-03-31 00:00:00+00:00, run_after=2024-04-01 00:00:00+00:00
[2024-04-01T22:27:10.175+0530] {processor.py:183} INFO - Processing /home/lucky/.local/lib/python3.10/site-packages/airflow/example_dags/example_short_circuit_operator.py took 0.237 seconds
[2024-04-01T22:28:05.702+0530] {processor.py:161} INFO - Started process (PID=58633) to work on /home/lucky/.local/lib/python3.10/site-packages/airflow/example_dags/example_short_circuit_operator.py
[2024-04-01T22:28:05.704+0530] {processor.py:830} INFO - Processing file /home/lucky/.local/lib/python3.10/site-packages/airflow/example_dags/example_short_circuit_operator.py for tasks to queue
[2024-04-01T22:28:05.705+0530] {logging_mixin.py:188} INFO - [2024-04-01T22:28:05.705+0530] {dagbag.py:538} INFO - Filling up the DagBag from /home/lucky/.local/lib/python3.10/site-packages/airflow/example_dags/example_short_circuit_operator.py
[2024-04-01T22:28:05.716+0530] {processor.py:840} INFO - DAG(s) 'example_short_circuit_operator' retrieved from /home/lucky/.local/lib/python3.10/site-packages/airflow/example_dags/example_short_circuit_operator.py
[2024-04-01T22:28:05.744+0530] {logging_mixin.py:188} INFO - [2024-04-01T22:28:05.743+0530] {dag.py:3036} INFO - Sync 1 DAGs
[2024-04-01T22:28:05.773+0530] {logging_mixin.py:188} INFO - [2024-04-01T22:28:05.773+0530] {dag.py:3823} INFO - Setting next_dagrun for example_short_circuit_operator to 2024-03-31 00:00:00+00:00, run_after=2024-04-01 00:00:00+00:00
[2024-04-01T22:28:05.809+0530] {processor.py:183} INFO - Processing /home/lucky/.local/lib/python3.10/site-packages/airflow/example_dags/example_short_circuit_operator.py took 0.110 seconds
[2024-04-01T22:28:56.827+0530] {processor.py:161} INFO - Started process (PID=59434) to work on /home/lucky/.local/lib/python3.10/site-packages/airflow/example_dags/example_short_circuit_operator.py
[2024-04-01T22:28:56.828+0530] {processor.py:830} INFO - Processing file /home/lucky/.local/lib/python3.10/site-packages/airflow/example_dags/example_short_circuit_operator.py for tasks to queue
[2024-04-01T22:28:56.829+0530] {logging_mixin.py:188} INFO - [2024-04-01T22:28:56.829+0530] {dagbag.py:538} INFO - Filling up the DagBag from /home/lucky/.local/lib/python3.10/site-packages/airflow/example_dags/example_short_circuit_operator.py
[2024-04-01T22:28:56.840+0530] {processor.py:840} INFO - DAG(s) 'example_short_circuit_operator' retrieved from /home/lucky/.local/lib/python3.10/site-packages/airflow/example_dags/example_short_circuit_operator.py
[2024-04-01T22:28:56.862+0530] {logging_mixin.py:188} INFO - [2024-04-01T22:28:56.861+0530] {dag.py:3036} INFO - Sync 1 DAGs
[2024-04-01T22:28:56.885+0530] {logging_mixin.py:188} INFO - [2024-04-01T22:28:56.885+0530] {dag.py:3823} INFO - Setting next_dagrun for example_short_circuit_operator to 2024-03-31 00:00:00+00:00, run_after=2024-04-01 00:00:00+00:00
[2024-04-01T22:28:56.915+0530] {processor.py:183} INFO - Processing /home/lucky/.local/lib/python3.10/site-packages/airflow/example_dags/example_short_circuit_operator.py took 0.092 seconds
[2024-04-01T22:29:48.697+0530] {processor.py:161} INFO - Started process (PID=60259) to work on /home/lucky/.local/lib/python3.10/site-packages/airflow/example_dags/example_short_circuit_operator.py
[2024-04-01T22:29:48.699+0530] {processor.py:830} INFO - Processing file /home/lucky/.local/lib/python3.10/site-packages/airflow/example_dags/example_short_circuit_operator.py for tasks to queue
[2024-04-01T22:29:48.700+0530] {logging_mixin.py:188} INFO - [2024-04-01T22:29:48.700+0530] {dagbag.py:538} INFO - Filling up the DagBag from /home/lucky/.local/lib/python3.10/site-packages/airflow/example_dags/example_short_circuit_operator.py
[2024-04-01T22:29:48.710+0530] {processor.py:840} INFO - DAG(s) 'example_short_circuit_operator' retrieved from /home/lucky/.local/lib/python3.10/site-packages/airflow/example_dags/example_short_circuit_operator.py
[2024-04-01T22:29:48.729+0530] {logging_mixin.py:188} INFO - [2024-04-01T22:29:48.729+0530] {dag.py:3036} INFO - Sync 1 DAGs
[2024-04-01T22:29:48.752+0530] {logging_mixin.py:188} INFO - [2024-04-01T22:29:48.752+0530] {dag.py:3823} INFO - Setting next_dagrun for example_short_circuit_operator to 2024-03-31 00:00:00+00:00, run_after=2024-04-01 00:00:00+00:00
[2024-04-01T22:29:48.779+0530] {processor.py:183} INFO - Processing /home/lucky/.local/lib/python3.10/site-packages/airflow/example_dags/example_short_circuit_operator.py took 0.093 seconds
[2024-04-01T22:30:39.456+0530] {processor.py:161} INFO - Started process (PID=61215) to work on /home/lucky/.local/lib/python3.10/site-packages/airflow/example_dags/example_short_circuit_operator.py
[2024-04-01T22:30:39.458+0530] {processor.py:830} INFO - Processing file /home/lucky/.local/lib/python3.10/site-packages/airflow/example_dags/example_short_circuit_operator.py for tasks to queue
[2024-04-01T22:30:39.460+0530] {logging_mixin.py:188} INFO - [2024-04-01T22:30:39.459+0530] {dagbag.py:538} INFO - Filling up the DagBag from /home/lucky/.local/lib/python3.10/site-packages/airflow/example_dags/example_short_circuit_operator.py
[2024-04-01T22:30:39.471+0530] {processor.py:840} INFO - DAG(s) 'example_short_circuit_operator' retrieved from /home/lucky/.local/lib/python3.10/site-packages/airflow/example_dags/example_short_circuit_operator.py
[2024-04-01T22:30:39.512+0530] {logging_mixin.py:188} INFO - [2024-04-01T22:30:39.512+0530] {dag.py:3036} INFO - Sync 1 DAGs
[2024-04-01T22:30:39.579+0530] {logging_mixin.py:188} INFO - [2024-04-01T22:30:39.578+0530] {dag.py:3823} INFO - Setting next_dagrun for example_short_circuit_operator to 2024-03-31 00:00:00+00:00, run_after=2024-04-01 00:00:00+00:00
[2024-04-01T22:30:39.616+0530] {processor.py:183} INFO - Processing /home/lucky/.local/lib/python3.10/site-packages/airflow/example_dags/example_short_circuit_operator.py took 0.164 seconds
[2024-04-01T22:31:27.129+0530] {processor.py:161} INFO - Started process (PID=61773) to work on /home/lucky/.local/lib/python3.10/site-packages/airflow/example_dags/example_short_circuit_operator.py
[2024-04-01T22:31:27.131+0530] {processor.py:830} INFO - Processing file /home/lucky/.local/lib/python3.10/site-packages/airflow/example_dags/example_short_circuit_operator.py for tasks to queue
[2024-04-01T22:31:27.132+0530] {logging_mixin.py:188} INFO - [2024-04-01T22:31:27.131+0530] {dagbag.py:538} INFO - Filling up the DagBag from /home/lucky/.local/lib/python3.10/site-packages/airflow/example_dags/example_short_circuit_operator.py
[2024-04-01T22:31:27.140+0530] {processor.py:840} INFO - DAG(s) 'example_short_circuit_operator' retrieved from /home/lucky/.local/lib/python3.10/site-packages/airflow/example_dags/example_short_circuit_operator.py
[2024-04-01T22:31:27.160+0530] {logging_mixin.py:188} INFO - [2024-04-01T22:31:27.160+0530] {dag.py:3036} INFO - Sync 1 DAGs
[2024-04-01T22:31:27.197+0530] {logging_mixin.py:188} INFO - [2024-04-01T22:31:27.196+0530] {dag.py:3823} INFO - Setting next_dagrun for example_short_circuit_operator to 2024-03-31 00:00:00+00:00, run_after=2024-04-01 00:00:00+00:00
[2024-04-01T22:31:27.234+0530] {processor.py:183} INFO - Processing /home/lucky/.local/lib/python3.10/site-packages/airflow/example_dags/example_short_circuit_operator.py took 0.108 seconds
[2024-04-01T22:32:16.060+0530] {processor.py:161} INFO - Started process (PID=62687) to work on /home/lucky/.local/lib/python3.10/site-packages/airflow/example_dags/example_short_circuit_operator.py
[2024-04-01T22:32:16.061+0530] {processor.py:830} INFO - Processing file /home/lucky/.local/lib/python3.10/site-packages/airflow/example_dags/example_short_circuit_operator.py for tasks to queue
[2024-04-01T22:32:16.063+0530] {logging_mixin.py:188} INFO - [2024-04-01T22:32:16.062+0530] {dagbag.py:538} INFO - Filling up the DagBag from /home/lucky/.local/lib/python3.10/site-packages/airflow/example_dags/example_short_circuit_operator.py
[2024-04-01T22:32:16.072+0530] {processor.py:840} INFO - DAG(s) 'example_short_circuit_operator' retrieved from /home/lucky/.local/lib/python3.10/site-packages/airflow/example_dags/example_short_circuit_operator.py
[2024-04-01T22:32:16.094+0530] {logging_mixin.py:188} INFO - [2024-04-01T22:32:16.093+0530] {dag.py:3036} INFO - Sync 1 DAGs
[2024-04-01T22:32:16.122+0530] {logging_mixin.py:188} INFO - [2024-04-01T22:32:16.121+0530] {dag.py:3823} INFO - Setting next_dagrun for example_short_circuit_operator to 2024-03-31 00:00:00+00:00, run_after=2024-04-01 00:00:00+00:00
[2024-04-01T22:32:16.152+0530] {processor.py:183} INFO - Processing /home/lucky/.local/lib/python3.10/site-packages/airflow/example_dags/example_short_circuit_operator.py took 0.096 seconds
[2024-04-01T23:06:12.664+0530] {processor.py:161} INFO - Started process (PID=5713) to work on /home/lucky/.local/lib/python3.10/site-packages/airflow/example_dags/example_short_circuit_operator.py
[2024-04-01T23:06:12.666+0530] {processor.py:830} INFO - Processing file /home/lucky/.local/lib/python3.10/site-packages/airflow/example_dags/example_short_circuit_operator.py for tasks to queue
[2024-04-01T23:06:12.667+0530] {logging_mixin.py:188} INFO - [2024-04-01T23:06:12.667+0530] {dagbag.py:538} INFO - Filling up the DagBag from /home/lucky/.local/lib/python3.10/site-packages/airflow/example_dags/example_short_circuit_operator.py
[2024-04-01T23:06:12.676+0530] {processor.py:840} INFO - DAG(s) 'example_short_circuit_operator' retrieved from /home/lucky/.local/lib/python3.10/site-packages/airflow/example_dags/example_short_circuit_operator.py
[2024-04-01T23:06:12.694+0530] {logging_mixin.py:188} INFO - [2024-04-01T23:06:12.694+0530] {dag.py:3036} INFO - Sync 1 DAGs
[2024-04-01T23:06:12.713+0530] {logging_mixin.py:188} INFO - [2024-04-01T23:06:12.713+0530] {dag.py:3823} INFO - Setting next_dagrun for example_short_circuit_operator to 2024-03-31 00:00:00+00:00, run_after=2024-04-01 00:00:00+00:00
[2024-04-01T23:06:12.737+0530] {processor.py:183} INFO - Processing /home/lucky/.local/lib/python3.10/site-packages/airflow/example_dags/example_short_circuit_operator.py took 0.077 seconds
[2024-04-01T23:07:08.195+0530] {processor.py:161} INFO - Started process (PID=6729) to work on /home/lucky/.local/lib/python3.10/site-packages/airflow/example_dags/example_short_circuit_operator.py
[2024-04-01T23:07:08.197+0530] {processor.py:830} INFO - Processing file /home/lucky/.local/lib/python3.10/site-packages/airflow/example_dags/example_short_circuit_operator.py for tasks to queue
[2024-04-01T23:07:08.199+0530] {logging_mixin.py:188} INFO - [2024-04-01T23:07:08.198+0530] {dagbag.py:538} INFO - Filling up the DagBag from /home/lucky/.local/lib/python3.10/site-packages/airflow/example_dags/example_short_circuit_operator.py
[2024-04-01T23:07:08.212+0530] {processor.py:840} INFO - DAG(s) 'example_short_circuit_operator' retrieved from /home/lucky/.local/lib/python3.10/site-packages/airflow/example_dags/example_short_circuit_operator.py
[2024-04-01T23:07:08.243+0530] {logging_mixin.py:188} INFO - [2024-04-01T23:07:08.243+0530] {dag.py:3036} INFO - Sync 1 DAGs
[2024-04-01T23:07:08.267+0530] {logging_mixin.py:188} INFO - [2024-04-01T23:07:08.267+0530] {dag.py:3823} INFO - Setting next_dagrun for example_short_circuit_operator to 2024-03-31 00:00:00+00:00, run_after=2024-04-01 00:00:00+00:00
[2024-04-01T23:07:08.314+0530] {processor.py:183} INFO - Processing /home/lucky/.local/lib/python3.10/site-packages/airflow/example_dags/example_short_circuit_operator.py took 0.122 seconds
[2024-04-01T23:08:04.169+0530] {processor.py:161} INFO - Started process (PID=7479) to work on /home/lucky/.local/lib/python3.10/site-packages/airflow/example_dags/example_short_circuit_operator.py
[2024-04-01T23:08:04.171+0530] {processor.py:830} INFO - Processing file /home/lucky/.local/lib/python3.10/site-packages/airflow/example_dags/example_short_circuit_operator.py for tasks to queue
[2024-04-01T23:08:04.173+0530] {logging_mixin.py:188} INFO - [2024-04-01T23:08:04.172+0530] {dagbag.py:538} INFO - Filling up the DagBag from /home/lucky/.local/lib/python3.10/site-packages/airflow/example_dags/example_short_circuit_operator.py
[2024-04-01T23:08:04.190+0530] {processor.py:840} INFO - DAG(s) 'example_short_circuit_operator' retrieved from /home/lucky/.local/lib/python3.10/site-packages/airflow/example_dags/example_short_circuit_operator.py
[2024-04-01T23:08:04.224+0530] {logging_mixin.py:188} INFO - [2024-04-01T23:08:04.224+0530] {dag.py:3036} INFO - Sync 1 DAGs
[2024-04-01T23:08:04.260+0530] {logging_mixin.py:188} INFO - [2024-04-01T23:08:04.259+0530] {dag.py:3823} INFO - Setting next_dagrun for example_short_circuit_operator to 2024-03-31 00:00:00+00:00, run_after=2024-04-01 00:00:00+00:00
[2024-04-01T23:08:04.303+0530] {processor.py:183} INFO - Processing /home/lucky/.local/lib/python3.10/site-packages/airflow/example_dags/example_short_circuit_operator.py took 0.140 seconds
[2024-04-01T23:11:02.032+0530] {processor.py:161} INFO - Started process (PID=9916) to work on /home/lucky/.local/lib/python3.10/site-packages/airflow/example_dags/example_short_circuit_operator.py
[2024-04-01T23:11:02.035+0530] {processor.py:830} INFO - Processing file /home/lucky/.local/lib/python3.10/site-packages/airflow/example_dags/example_short_circuit_operator.py for tasks to queue
[2024-04-01T23:11:02.037+0530] {logging_mixin.py:188} INFO - [2024-04-01T23:11:02.036+0530] {dagbag.py:538} INFO - Filling up the DagBag from /home/lucky/.local/lib/python3.10/site-packages/airflow/example_dags/example_short_circuit_operator.py
[2024-04-01T23:11:02.048+0530] {processor.py:840} INFO - DAG(s) 'example_short_circuit_operator' retrieved from /home/lucky/.local/lib/python3.10/site-packages/airflow/example_dags/example_short_circuit_operator.py
[2024-04-01T23:11:02.072+0530] {logging_mixin.py:188} INFO - [2024-04-01T23:11:02.072+0530] {dag.py:3036} INFO - Sync 1 DAGs
[2024-04-01T23:11:02.097+0530] {logging_mixin.py:188} INFO - [2024-04-01T23:11:02.097+0530] {dag.py:3823} INFO - Setting next_dagrun for example_short_circuit_operator to 2024-03-31 00:00:00+00:00, run_after=2024-04-01 00:00:00+00:00
[2024-04-01T23:11:02.125+0530] {processor.py:183} INFO - Processing /home/lucky/.local/lib/python3.10/site-packages/airflow/example_dags/example_short_circuit_operator.py took 0.096 seconds
[2024-04-01T23:12:06.080+0530] {processor.py:161} INFO - Started process (PID=10993) to work on /home/lucky/.local/lib/python3.10/site-packages/airflow/example_dags/example_short_circuit_operator.py
[2024-04-01T23:12:06.082+0530] {processor.py:830} INFO - Processing file /home/lucky/.local/lib/python3.10/site-packages/airflow/example_dags/example_short_circuit_operator.py for tasks to queue
[2024-04-01T23:12:06.084+0530] {logging_mixin.py:188} INFO - [2024-04-01T23:12:06.083+0530] {dagbag.py:538} INFO - Filling up the DagBag from /home/lucky/.local/lib/python3.10/site-packages/airflow/example_dags/example_short_circuit_operator.py
[2024-04-01T23:12:06.099+0530] {processor.py:840} INFO - DAG(s) 'example_short_circuit_operator' retrieved from /home/lucky/.local/lib/python3.10/site-packages/airflow/example_dags/example_short_circuit_operator.py
[2024-04-01T23:12:06.131+0530] {logging_mixin.py:188} INFO - [2024-04-01T23:12:06.130+0530] {dag.py:3036} INFO - Sync 1 DAGs
[2024-04-01T23:12:06.164+0530] {logging_mixin.py:188} INFO - [2024-04-01T23:12:06.163+0530] {dag.py:3823} INFO - Setting next_dagrun for example_short_circuit_operator to 2024-03-31 00:00:00+00:00, run_after=2024-04-01 00:00:00+00:00
[2024-04-01T23:12:06.205+0530] {processor.py:183} INFO - Processing /home/lucky/.local/lib/python3.10/site-packages/airflow/example_dags/example_short_circuit_operator.py took 0.128 seconds
[2024-04-01T23:13:07.252+0530] {processor.py:161} INFO - Started process (PID=12031) to work on /home/lucky/.local/lib/python3.10/site-packages/airflow/example_dags/example_short_circuit_operator.py
[2024-04-01T23:13:07.256+0530] {processor.py:830} INFO - Processing file /home/lucky/.local/lib/python3.10/site-packages/airflow/example_dags/example_short_circuit_operator.py for tasks to queue
[2024-04-01T23:13:07.258+0530] {logging_mixin.py:188} INFO - [2024-04-01T23:13:07.257+0530] {dagbag.py:538} INFO - Filling up the DagBag from /home/lucky/.local/lib/python3.10/site-packages/airflow/example_dags/example_short_circuit_operator.py
[2024-04-01T23:13:07.272+0530] {processor.py:840} INFO - DAG(s) 'example_short_circuit_operator' retrieved from /home/lucky/.local/lib/python3.10/site-packages/airflow/example_dags/example_short_circuit_operator.py
[2024-04-01T23:13:07.309+0530] {logging_mixin.py:188} INFO - [2024-04-01T23:13:07.309+0530] {dag.py:3036} INFO - Sync 1 DAGs
[2024-04-01T23:13:07.350+0530] {logging_mixin.py:188} INFO - [2024-04-01T23:13:07.349+0530] {dag.py:3823} INFO - Setting next_dagrun for example_short_circuit_operator to 2024-03-31 00:00:00+00:00, run_after=2024-04-01 00:00:00+00:00
[2024-04-01T23:13:07.395+0530] {processor.py:183} INFO - Processing /home/lucky/.local/lib/python3.10/site-packages/airflow/example_dags/example_short_circuit_operator.py took 0.150 seconds
[2024-04-01T23:14:04.934+0530] {processor.py:161} INFO - Started process (PID=12710) to work on /home/lucky/.local/lib/python3.10/site-packages/airflow/example_dags/example_short_circuit_operator.py
[2024-04-01T23:14:04.936+0530] {processor.py:830} INFO - Processing file /home/lucky/.local/lib/python3.10/site-packages/airflow/example_dags/example_short_circuit_operator.py for tasks to queue
[2024-04-01T23:14:04.937+0530] {logging_mixin.py:188} INFO - [2024-04-01T23:14:04.937+0530] {dagbag.py:538} INFO - Filling up the DagBag from /home/lucky/.local/lib/python3.10/site-packages/airflow/example_dags/example_short_circuit_operator.py
[2024-04-01T23:14:04.948+0530] {processor.py:840} INFO - DAG(s) 'example_short_circuit_operator' retrieved from /home/lucky/.local/lib/python3.10/site-packages/airflow/example_dags/example_short_circuit_operator.py
[2024-04-01T23:14:04.976+0530] {logging_mixin.py:188} INFO - [2024-04-01T23:14:04.975+0530] {dag.py:3036} INFO - Sync 1 DAGs
[2024-04-01T23:14:05.013+0530] {logging_mixin.py:188} INFO - [2024-04-01T23:14:05.013+0530] {dag.py:3823} INFO - Setting next_dagrun for example_short_circuit_operator to 2024-03-31 00:00:00+00:00, run_after=2024-04-01 00:00:00+00:00
[2024-04-01T23:14:05.047+0530] {processor.py:183} INFO - Processing /home/lucky/.local/lib/python3.10/site-packages/airflow/example_dags/example_short_circuit_operator.py took 0.116 seconds
[2024-04-01T23:15:02.420+0530] {processor.py:161} INFO - Started process (PID=13681) to work on /home/lucky/.local/lib/python3.10/site-packages/airflow/example_dags/example_short_circuit_operator.py
[2024-04-01T23:15:02.423+0530] {processor.py:830} INFO - Processing file /home/lucky/.local/lib/python3.10/site-packages/airflow/example_dags/example_short_circuit_operator.py for tasks to queue
[2024-04-01T23:15:02.425+0530] {logging_mixin.py:188} INFO - [2024-04-01T23:15:02.424+0530] {dagbag.py:538} INFO - Filling up the DagBag from /home/lucky/.local/lib/python3.10/site-packages/airflow/example_dags/example_short_circuit_operator.py
[2024-04-01T23:15:02.442+0530] {processor.py:840} INFO - DAG(s) 'example_short_circuit_operator' retrieved from /home/lucky/.local/lib/python3.10/site-packages/airflow/example_dags/example_short_circuit_operator.py
[2024-04-01T23:15:02.480+0530] {logging_mixin.py:188} INFO - [2024-04-01T23:15:02.479+0530] {dag.py:3036} INFO - Sync 1 DAGs
[2024-04-01T23:15:02.525+0530] {logging_mixin.py:188} INFO - [2024-04-01T23:15:02.525+0530] {dag.py:3823} INFO - Setting next_dagrun for example_short_circuit_operator to 2024-03-31 00:00:00+00:00, run_after=2024-04-01 00:00:00+00:00
[2024-04-01T23:15:02.580+0530] {processor.py:183} INFO - Processing /home/lucky/.local/lib/python3.10/site-packages/airflow/example_dags/example_short_circuit_operator.py took 0.167 seconds
[2024-04-01T23:15:53.378+0530] {processor.py:161} INFO - Started process (PID=14387) to work on /home/lucky/.local/lib/python3.10/site-packages/airflow/example_dags/example_short_circuit_operator.py
[2024-04-01T23:15:53.379+0530] {processor.py:830} INFO - Processing file /home/lucky/.local/lib/python3.10/site-packages/airflow/example_dags/example_short_circuit_operator.py for tasks to queue
[2024-04-01T23:15:53.380+0530] {logging_mixin.py:188} INFO - [2024-04-01T23:15:53.379+0530] {dagbag.py:538} INFO - Filling up the DagBag from /home/lucky/.local/lib/python3.10/site-packages/airflow/example_dags/example_short_circuit_operator.py
[2024-04-01T23:15:53.387+0530] {processor.py:840} INFO - DAG(s) 'example_short_circuit_operator' retrieved from /home/lucky/.local/lib/python3.10/site-packages/airflow/example_dags/example_short_circuit_operator.py
[2024-04-01T23:15:53.407+0530] {logging_mixin.py:188} INFO - [2024-04-01T23:15:53.407+0530] {dag.py:3036} INFO - Sync 1 DAGs
[2024-04-01T23:15:53.436+0530] {logging_mixin.py:188} INFO - [2024-04-01T23:15:53.436+0530] {dag.py:3823} INFO - Setting next_dagrun for example_short_circuit_operator to 2024-03-31 00:00:00+00:00, run_after=2024-04-01 00:00:00+00:00
[2024-04-01T23:15:53.463+0530] {processor.py:183} INFO - Processing /home/lucky/.local/lib/python3.10/site-packages/airflow/example_dags/example_short_circuit_operator.py took 0.088 seconds
[2024-04-01T23:16:38.199+0530] {processor.py:161} INFO - Started process (PID=15111) to work on /home/lucky/.local/lib/python3.10/site-packages/airflow/example_dags/example_short_circuit_operator.py
[2024-04-01T23:16:38.200+0530] {processor.py:830} INFO - Processing file /home/lucky/.local/lib/python3.10/site-packages/airflow/example_dags/example_short_circuit_operator.py for tasks to queue
[2024-04-01T23:16:38.201+0530] {logging_mixin.py:188} INFO - [2024-04-01T23:16:38.201+0530] {dagbag.py:538} INFO - Filling up the DagBag from /home/lucky/.local/lib/python3.10/site-packages/airflow/example_dags/example_short_circuit_operator.py
[2024-04-01T23:16:38.209+0530] {processor.py:840} INFO - DAG(s) 'example_short_circuit_operator' retrieved from /home/lucky/.local/lib/python3.10/site-packages/airflow/example_dags/example_short_circuit_operator.py
[2024-04-01T23:16:38.226+0530] {logging_mixin.py:188} INFO - [2024-04-01T23:16:38.226+0530] {dag.py:3036} INFO - Sync 1 DAGs
[2024-04-01T23:16:38.246+0530] {logging_mixin.py:188} INFO - [2024-04-01T23:16:38.246+0530] {dag.py:3823} INFO - Setting next_dagrun for example_short_circuit_operator to 2024-03-31 00:00:00+00:00, run_after=2024-04-01 00:00:00+00:00
[2024-04-01T23:16:38.270+0530] {processor.py:183} INFO - Processing /home/lucky/.local/lib/python3.10/site-packages/airflow/example_dags/example_short_circuit_operator.py took 0.075 seconds
