[2024-04-01T21:42:14.163+0530] {processor.py:161} INFO - Started process (PID=17838) to work on /home/lucky/.local/lib/python3.10/site-packages/airflow/example_dags/example_python_decorator.py
[2024-04-01T21:42:14.164+0530] {processor.py:830} INFO - Processing file /home/lucky/.local/lib/python3.10/site-packages/airflow/example_dags/example_python_decorator.py for tasks to queue
[2024-04-01T21:42:14.166+0530] {logging_mixin.py:188} INFO - [2024-04-01T21:42:14.165+0530] {dagbag.py:538} INFO - Filling up the DagBag from /home/lucky/.local/lib/python3.10/site-packages/airflow/example_dags/example_python_decorator.py
[2024-04-01T21:42:14.192+0530] {processor.py:840} INFO - DAG(s) 'example_python_decorator' retrieved from /home/lucky/.local/lib/python3.10/site-packages/airflow/example_dags/example_python_decorator.py
[2024-04-01T21:42:14.394+0530] {logging_mixin.py:188} INFO - [2024-04-01T21:42:14.393+0530] {dag.py:3036} INFO - Sync 1 DAGs
[2024-04-01T21:42:14.412+0530] {logging_mixin.py:188} INFO - [2024-04-01T21:42:14.412+0530] {dag.py:3823} INFO - Setting next_dagrun for example_python_decorator to None, run_after=None
[2024-04-01T21:42:14.460+0530] {processor.py:183} INFO - Processing /home/lucky/.local/lib/python3.10/site-packages/airflow/example_dags/example_python_decorator.py took 0.302 seconds
[2024-04-01T21:43:39.038+0530] {processor.py:161} INFO - Started process (PID=18823) to work on /home/lucky/.local/lib/python3.10/site-packages/airflow/example_dags/example_python_decorator.py
[2024-04-01T21:43:39.039+0530] {processor.py:830} INFO - Processing file /home/lucky/.local/lib/python3.10/site-packages/airflow/example_dags/example_python_decorator.py for tasks to queue
[2024-04-01T21:43:39.041+0530] {logging_mixin.py:188} INFO - [2024-04-01T21:43:39.040+0530] {dagbag.py:538} INFO - Filling up the DagBag from /home/lucky/.local/lib/python3.10/site-packages/airflow/example_dags/example_python_decorator.py
[2024-04-01T21:43:39.072+0530] {processor.py:840} INFO - DAG(s) 'example_python_decorator' retrieved from /home/lucky/.local/lib/python3.10/site-packages/airflow/example_dags/example_python_decorator.py
[2024-04-01T21:43:39.097+0530] {logging_mixin.py:188} INFO - [2024-04-01T21:43:39.097+0530] {dag.py:3036} INFO - Sync 1 DAGs
[2024-04-01T21:43:39.116+0530] {logging_mixin.py:188} INFO - [2024-04-01T21:43:39.115+0530] {dag.py:3823} INFO - Setting next_dagrun for example_python_decorator to None, run_after=None
[2024-04-01T21:43:39.159+0530] {processor.py:183} INFO - Processing /home/lucky/.local/lib/python3.10/site-packages/airflow/example_dags/example_python_decorator.py took 0.125 seconds
[2024-04-01T21:44:46.717+0530] {processor.py:161} INFO - Started process (PID=19979) to work on /home/lucky/.local/lib/python3.10/site-packages/airflow/example_dags/example_python_decorator.py
[2024-04-01T21:44:46.719+0530] {processor.py:830} INFO - Processing file /home/lucky/.local/lib/python3.10/site-packages/airflow/example_dags/example_python_decorator.py for tasks to queue
[2024-04-01T21:44:46.720+0530] {logging_mixin.py:188} INFO - [2024-04-01T21:44:46.719+0530] {dagbag.py:538} INFO - Filling up the DagBag from /home/lucky/.local/lib/python3.10/site-packages/airflow/example_dags/example_python_decorator.py
[2024-04-01T21:44:46.746+0530] {processor.py:840} INFO - DAG(s) 'example_python_decorator' retrieved from /home/lucky/.local/lib/python3.10/site-packages/airflow/example_dags/example_python_decorator.py
[2024-04-01T21:44:46.772+0530] {logging_mixin.py:188} INFO - [2024-04-01T21:44:46.772+0530] {dag.py:3036} INFO - Sync 1 DAGs
[2024-04-01T21:44:46.789+0530] {logging_mixin.py:188} INFO - [2024-04-01T21:44:46.789+0530] {dag.py:3823} INFO - Setting next_dagrun for example_python_decorator to None, run_after=None
[2024-04-01T21:44:46.830+0530] {processor.py:183} INFO - Processing /home/lucky/.local/lib/python3.10/site-packages/airflow/example_dags/example_python_decorator.py took 0.118 seconds
[2024-04-01T21:45:47.515+0530] {processor.py:161} INFO - Started process (PID=21015) to work on /home/lucky/.local/lib/python3.10/site-packages/airflow/example_dags/example_python_decorator.py
[2024-04-01T21:45:47.517+0530] {processor.py:830} INFO - Processing file /home/lucky/.local/lib/python3.10/site-packages/airflow/example_dags/example_python_decorator.py for tasks to queue
[2024-04-01T21:45:47.518+0530] {logging_mixin.py:188} INFO - [2024-04-01T21:45:47.518+0530] {dagbag.py:538} INFO - Filling up the DagBag from /home/lucky/.local/lib/python3.10/site-packages/airflow/example_dags/example_python_decorator.py
[2024-04-01T21:45:47.530+0530] {processor.py:840} INFO - DAG(s) 'example_python_decorator' retrieved from /home/lucky/.local/lib/python3.10/site-packages/airflow/example_dags/example_python_decorator.py
[2024-04-01T21:45:47.548+0530] {logging_mixin.py:188} INFO - [2024-04-01T21:45:47.548+0530] {dag.py:3036} INFO - Sync 1 DAGs
[2024-04-01T21:45:47.561+0530] {logging_mixin.py:188} INFO - [2024-04-01T21:45:47.561+0530] {dag.py:3823} INFO - Setting next_dagrun for example_python_decorator to None, run_after=None
[2024-04-01T21:45:47.588+0530] {processor.py:183} INFO - Processing /home/lucky/.local/lib/python3.10/site-packages/airflow/example_dags/example_python_decorator.py took 0.076 seconds
[2024-04-01T21:59:38.221+0530] {processor.py:161} INFO - Started process (PID=32977) to work on /home/lucky/.local/lib/python3.10/site-packages/airflow/example_dags/example_python_decorator.py
[2024-04-01T21:59:38.226+0530] {processor.py:830} INFO - Processing file /home/lucky/.local/lib/python3.10/site-packages/airflow/example_dags/example_python_decorator.py for tasks to queue
[2024-04-01T21:59:38.231+0530] {logging_mixin.py:188} INFO - [2024-04-01T21:59:38.228+0530] {dagbag.py:538} INFO - Filling up the DagBag from /home/lucky/.local/lib/python3.10/site-packages/airflow/example_dags/example_python_decorator.py
[2024-04-01T21:59:38.253+0530] {processor.py:840} INFO - DAG(s) 'example_python_decorator' retrieved from /home/lucky/.local/lib/python3.10/site-packages/airflow/example_dags/example_python_decorator.py
[2024-04-01T21:59:38.412+0530] {logging_mixin.py:188} INFO - [2024-04-01T21:59:38.411+0530] {dag.py:3036} INFO - Sync 1 DAGs
[2024-04-01T21:59:38.430+0530] {logging_mixin.py:188} INFO - [2024-04-01T21:59:38.430+0530] {dag.py:3823} INFO - Setting next_dagrun for example_python_decorator to None, run_after=None
[2024-04-01T21:59:38.482+0530] {processor.py:183} INFO - Processing /home/lucky/.local/lib/python3.10/site-packages/airflow/example_dags/example_python_decorator.py took 0.265 seconds
[2024-04-01T22:00:42.907+0530] {processor.py:161} INFO - Started process (PID=34061) to work on /home/lucky/.local/lib/python3.10/site-packages/airflow/example_dags/example_python_decorator.py
[2024-04-01T22:00:42.909+0530] {processor.py:830} INFO - Processing file /home/lucky/.local/lib/python3.10/site-packages/airflow/example_dags/example_python_decorator.py for tasks to queue
[2024-04-01T22:00:42.910+0530] {logging_mixin.py:188} INFO - [2024-04-01T22:00:42.909+0530] {dagbag.py:538} INFO - Filling up the DagBag from /home/lucky/.local/lib/python3.10/site-packages/airflow/example_dags/example_python_decorator.py
[2024-04-01T22:00:42.923+0530] {processor.py:840} INFO - DAG(s) 'example_python_decorator' retrieved from /home/lucky/.local/lib/python3.10/site-packages/airflow/example_dags/example_python_decorator.py
[2024-04-01T22:00:42.941+0530] {logging_mixin.py:188} INFO - [2024-04-01T22:00:42.941+0530] {dag.py:3036} INFO - Sync 1 DAGs
[2024-04-01T22:00:42.953+0530] {logging_mixin.py:188} INFO - [2024-04-01T22:00:42.953+0530] {dag.py:3823} INFO - Setting next_dagrun for example_python_decorator to None, run_after=None
[2024-04-01T22:00:42.979+0530] {processor.py:183} INFO - Processing /home/lucky/.local/lib/python3.10/site-packages/airflow/example_dags/example_python_decorator.py took 0.075 seconds
[2024-04-01T22:01:41.313+0530] {processor.py:161} INFO - Started process (PID=34780) to work on /home/lucky/.local/lib/python3.10/site-packages/airflow/example_dags/example_python_decorator.py
[2024-04-01T22:01:41.315+0530] {processor.py:830} INFO - Processing file /home/lucky/.local/lib/python3.10/site-packages/airflow/example_dags/example_python_decorator.py for tasks to queue
[2024-04-01T22:01:41.316+0530] {logging_mixin.py:188} INFO - [2024-04-01T22:01:41.316+0530] {dagbag.py:538} INFO - Filling up the DagBag from /home/lucky/.local/lib/python3.10/site-packages/airflow/example_dags/example_python_decorator.py
[2024-04-01T22:01:41.339+0530] {processor.py:840} INFO - DAG(s) 'example_python_decorator' retrieved from /home/lucky/.local/lib/python3.10/site-packages/airflow/example_dags/example_python_decorator.py
[2024-04-01T22:01:41.361+0530] {logging_mixin.py:188} INFO - [2024-04-01T22:01:41.361+0530] {dag.py:3036} INFO - Sync 1 DAGs
[2024-04-01T22:01:41.376+0530] {logging_mixin.py:188} INFO - [2024-04-01T22:01:41.376+0530] {dag.py:3823} INFO - Setting next_dagrun for example_python_decorator to None, run_after=None
[2024-04-01T22:01:41.425+0530] {processor.py:183} INFO - Processing /home/lucky/.local/lib/python3.10/site-packages/airflow/example_dags/example_python_decorator.py took 0.115 seconds
[2024-04-01T22:02:48.360+0530] {processor.py:161} INFO - Started process (PID=35904) to work on /home/lucky/.local/lib/python3.10/site-packages/airflow/example_dags/example_python_decorator.py
[2024-04-01T22:02:48.362+0530] {processor.py:830} INFO - Processing file /home/lucky/.local/lib/python3.10/site-packages/airflow/example_dags/example_python_decorator.py for tasks to queue
[2024-04-01T22:02:48.363+0530] {logging_mixin.py:188} INFO - [2024-04-01T22:02:48.362+0530] {dagbag.py:538} INFO - Filling up the DagBag from /home/lucky/.local/lib/python3.10/site-packages/airflow/example_dags/example_python_decorator.py
[2024-04-01T22:02:48.381+0530] {processor.py:840} INFO - DAG(s) 'example_python_decorator' retrieved from /home/lucky/.local/lib/python3.10/site-packages/airflow/example_dags/example_python_decorator.py
[2024-04-01T22:02:48.400+0530] {logging_mixin.py:188} INFO - [2024-04-01T22:02:48.400+0530] {dag.py:3036} INFO - Sync 1 DAGs
[2024-04-01T22:02:48.413+0530] {logging_mixin.py:188} INFO - [2024-04-01T22:02:48.412+0530] {dag.py:3823} INFO - Setting next_dagrun for example_python_decorator to None, run_after=None
[2024-04-01T22:02:48.439+0530] {processor.py:183} INFO - Processing /home/lucky/.local/lib/python3.10/site-packages/airflow/example_dags/example_python_decorator.py took 0.083 seconds
[2024-04-01T22:03:57.569+0530] {processor.py:161} INFO - Started process (PID=37005) to work on /home/lucky/.local/lib/python3.10/site-packages/airflow/example_dags/example_python_decorator.py
[2024-04-01T22:03:57.571+0530] {processor.py:830} INFO - Processing file /home/lucky/.local/lib/python3.10/site-packages/airflow/example_dags/example_python_decorator.py for tasks to queue
[2024-04-01T22:03:57.572+0530] {logging_mixin.py:188} INFO - [2024-04-01T22:03:57.572+0530] {dagbag.py:538} INFO - Filling up the DagBag from /home/lucky/.local/lib/python3.10/site-packages/airflow/example_dags/example_python_decorator.py
[2024-04-01T22:03:57.593+0530] {processor.py:840} INFO - DAG(s) 'example_python_decorator' retrieved from /home/lucky/.local/lib/python3.10/site-packages/airflow/example_dags/example_python_decorator.py
[2024-04-01T22:03:57.618+0530] {logging_mixin.py:188} INFO - [2024-04-01T22:03:57.617+0530] {dag.py:3036} INFO - Sync 1 DAGs
[2024-04-01T22:03:57.634+0530] {logging_mixin.py:188} INFO - [2024-04-01T22:03:57.633+0530] {dag.py:3823} INFO - Setting next_dagrun for example_python_decorator to None, run_after=None
[2024-04-01T22:03:57.665+0530] {processor.py:183} INFO - Processing /home/lucky/.local/lib/python3.10/site-packages/airflow/example_dags/example_python_decorator.py took 0.099 seconds
[2024-04-01T22:05:03.711+0530] {processor.py:161} INFO - Started process (PID=37800) to work on /home/lucky/.local/lib/python3.10/site-packages/airflow/example_dags/example_python_decorator.py
[2024-04-01T22:05:03.714+0530] {processor.py:830} INFO - Processing file /home/lucky/.local/lib/python3.10/site-packages/airflow/example_dags/example_python_decorator.py for tasks to queue
[2024-04-01T22:05:03.715+0530] {logging_mixin.py:188} INFO - [2024-04-01T22:05:03.714+0530] {dagbag.py:538} INFO - Filling up the DagBag from /home/lucky/.local/lib/python3.10/site-packages/airflow/example_dags/example_python_decorator.py
[2024-04-01T22:05:03.738+0530] {processor.py:840} INFO - DAG(s) 'example_python_decorator' retrieved from /home/lucky/.local/lib/python3.10/site-packages/airflow/example_dags/example_python_decorator.py
[2024-04-01T22:05:03.758+0530] {logging_mixin.py:188} INFO - [2024-04-01T22:05:03.758+0530] {dag.py:3036} INFO - Sync 1 DAGs
[2024-04-01T22:05:03.775+0530] {logging_mixin.py:188} INFO - [2024-04-01T22:05:03.774+0530] {dag.py:3823} INFO - Setting next_dagrun for example_python_decorator to None, run_after=None
[2024-04-01T22:05:03.809+0530] {processor.py:183} INFO - Processing /home/lucky/.local/lib/python3.10/site-packages/airflow/example_dags/example_python_decorator.py took 0.101 seconds
[2024-04-01T22:06:19.518+0530] {processor.py:161} INFO - Started process (PID=38989) to work on /home/lucky/.local/lib/python3.10/site-packages/airflow/example_dags/example_python_decorator.py
[2024-04-01T22:06:19.521+0530] {processor.py:830} INFO - Processing file /home/lucky/.local/lib/python3.10/site-packages/airflow/example_dags/example_python_decorator.py for tasks to queue
[2024-04-01T22:06:19.523+0530] {logging_mixin.py:188} INFO - [2024-04-01T22:06:19.522+0530] {dagbag.py:538} INFO - Filling up the DagBag from /home/lucky/.local/lib/python3.10/site-packages/airflow/example_dags/example_python_decorator.py
[2024-04-01T22:06:19.555+0530] {processor.py:840} INFO - DAG(s) 'example_python_decorator' retrieved from /home/lucky/.local/lib/python3.10/site-packages/airflow/example_dags/example_python_decorator.py
[2024-04-01T22:06:19.600+0530] {logging_mixin.py:188} INFO - [2024-04-01T22:06:19.600+0530] {dag.py:3036} INFO - Sync 1 DAGs
[2024-04-01T22:06:19.634+0530] {logging_mixin.py:188} INFO - [2024-04-01T22:06:19.633+0530] {dag.py:3823} INFO - Setting next_dagrun for example_python_decorator to None, run_after=None
[2024-04-01T22:06:19.687+0530] {processor.py:183} INFO - Processing /home/lucky/.local/lib/python3.10/site-packages/airflow/example_dags/example_python_decorator.py took 0.175 seconds
[2024-04-01T22:07:38.296+0530] {processor.py:161} INFO - Started process (PID=40259) to work on /home/lucky/.local/lib/python3.10/site-packages/airflow/example_dags/example_python_decorator.py
[2024-04-01T22:07:38.309+0530] {processor.py:830} INFO - Processing file /home/lucky/.local/lib/python3.10/site-packages/airflow/example_dags/example_python_decorator.py for tasks to queue
[2024-04-01T22:07:38.312+0530] {logging_mixin.py:188} INFO - [2024-04-01T22:07:38.311+0530] {dagbag.py:538} INFO - Filling up the DagBag from /home/lucky/.local/lib/python3.10/site-packages/airflow/example_dags/example_python_decorator.py
[2024-04-01T22:07:38.558+0530] {processor.py:840} INFO - DAG(s) 'example_python_decorator' retrieved from /home/lucky/.local/lib/python3.10/site-packages/airflow/example_dags/example_python_decorator.py
[2024-04-01T22:07:38.767+0530] {logging_mixin.py:188} INFO - [2024-04-01T22:07:38.766+0530] {dag.py:3036} INFO - Sync 1 DAGs
[2024-04-01T22:07:38.825+0530] {logging_mixin.py:188} INFO - [2024-04-01T22:07:38.824+0530] {dag.py:3823} INFO - Setting next_dagrun for example_python_decorator to None, run_after=None
[2024-04-01T22:07:38.939+0530] {processor.py:183} INFO - Processing /home/lucky/.local/lib/python3.10/site-packages/airflow/example_dags/example_python_decorator.py took 0.656 seconds
[2024-04-01T22:09:08.231+0530] {processor.py:161} INFO - Started process (PID=41564) to work on /home/lucky/.local/lib/python3.10/site-packages/airflow/example_dags/example_python_decorator.py
[2024-04-01T22:09:08.234+0530] {processor.py:830} INFO - Processing file /home/lucky/.local/lib/python3.10/site-packages/airflow/example_dags/example_python_decorator.py for tasks to queue
[2024-04-01T22:09:08.236+0530] {logging_mixin.py:188} INFO - [2024-04-01T22:09:08.235+0530] {dagbag.py:538} INFO - Filling up the DagBag from /home/lucky/.local/lib/python3.10/site-packages/airflow/example_dags/example_python_decorator.py
[2024-04-01T22:09:08.266+0530] {processor.py:840} INFO - DAG(s) 'example_python_decorator' retrieved from /home/lucky/.local/lib/python3.10/site-packages/airflow/example_dags/example_python_decorator.py
[2024-04-01T22:09:08.302+0530] {logging_mixin.py:188} INFO - [2024-04-01T22:09:08.302+0530] {dag.py:3036} INFO - Sync 1 DAGs
[2024-04-01T22:09:08.338+0530] {logging_mixin.py:188} INFO - [2024-04-01T22:09:08.337+0530] {dag.py:3823} INFO - Setting next_dagrun for example_python_decorator to None, run_after=None
[2024-04-01T22:09:08.394+0530] {processor.py:183} INFO - Processing /home/lucky/.local/lib/python3.10/site-packages/airflow/example_dags/example_python_decorator.py took 0.171 seconds
[2024-04-01T22:10:39.473+0530] {processor.py:161} INFO - Started process (PID=42573) to work on /home/lucky/.local/lib/python3.10/site-packages/airflow/example_dags/example_python_decorator.py
[2024-04-01T22:10:39.476+0530] {processor.py:830} INFO - Processing file /home/lucky/.local/lib/python3.10/site-packages/airflow/example_dags/example_python_decorator.py for tasks to queue
[2024-04-01T22:10:39.479+0530] {logging_mixin.py:188} INFO - [2024-04-01T22:10:39.477+0530] {dagbag.py:538} INFO - Filling up the DagBag from /home/lucky/.local/lib/python3.10/site-packages/airflow/example_dags/example_python_decorator.py
[2024-04-01T22:10:39.527+0530] {processor.py:840} INFO - DAG(s) 'example_python_decorator' retrieved from /home/lucky/.local/lib/python3.10/site-packages/airflow/example_dags/example_python_decorator.py
[2024-04-01T22:10:39.586+0530] {logging_mixin.py:188} INFO - [2024-04-01T22:10:39.585+0530] {dag.py:3036} INFO - Sync 1 DAGs
[2024-04-01T22:10:39.621+0530] {logging_mixin.py:188} INFO - [2024-04-01T22:10:39.620+0530] {dag.py:3823} INFO - Setting next_dagrun for example_python_decorator to None, run_after=None
[2024-04-01T22:10:39.695+0530] {processor.py:183} INFO - Processing /home/lucky/.local/lib/python3.10/site-packages/airflow/example_dags/example_python_decorator.py took 0.226 seconds
[2024-04-01T22:11:53.106+0530] {processor.py:161} INFO - Started process (PID=43705) to work on /home/lucky/.local/lib/python3.10/site-packages/airflow/example_dags/example_python_decorator.py
[2024-04-01T22:11:53.109+0530] {processor.py:830} INFO - Processing file /home/lucky/.local/lib/python3.10/site-packages/airflow/example_dags/example_python_decorator.py for tasks to queue
[2024-04-01T22:11:53.112+0530] {logging_mixin.py:188} INFO - [2024-04-01T22:11:53.111+0530] {dagbag.py:538} INFO - Filling up the DagBag from /home/lucky/.local/lib/python3.10/site-packages/airflow/example_dags/example_python_decorator.py
[2024-04-01T22:11:53.133+0530] {processor.py:840} INFO - DAG(s) 'example_python_decorator' retrieved from /home/lucky/.local/lib/python3.10/site-packages/airflow/example_dags/example_python_decorator.py
[2024-04-01T22:11:53.160+0530] {logging_mixin.py:188} INFO - [2024-04-01T22:11:53.159+0530] {dag.py:3036} INFO - Sync 1 DAGs
[2024-04-01T22:11:53.178+0530] {logging_mixin.py:188} INFO - [2024-04-01T22:11:53.177+0530] {dag.py:3823} INFO - Setting next_dagrun for example_python_decorator to None, run_after=None
[2024-04-01T22:11:53.209+0530] {processor.py:183} INFO - Processing /home/lucky/.local/lib/python3.10/site-packages/airflow/example_dags/example_python_decorator.py took 0.107 seconds
[2024-04-01T22:13:12.158+0530] {processor.py:161} INFO - Started process (PID=44954) to work on /home/lucky/.local/lib/python3.10/site-packages/airflow/example_dags/example_python_decorator.py
[2024-04-01T22:13:12.161+0530] {processor.py:830} INFO - Processing file /home/lucky/.local/lib/python3.10/site-packages/airflow/example_dags/example_python_decorator.py for tasks to queue
[2024-04-01T22:13:12.163+0530] {logging_mixin.py:188} INFO - [2024-04-01T22:13:12.162+0530] {dagbag.py:538} INFO - Filling up the DagBag from /home/lucky/.local/lib/python3.10/site-packages/airflow/example_dags/example_python_decorator.py
[2024-04-01T22:13:12.203+0530] {processor.py:840} INFO - DAG(s) 'example_python_decorator' retrieved from /home/lucky/.local/lib/python3.10/site-packages/airflow/example_dags/example_python_decorator.py
[2024-04-01T22:13:12.254+0530] {logging_mixin.py:188} INFO - [2024-04-01T22:13:12.253+0530] {dag.py:3036} INFO - Sync 1 DAGs
[2024-04-01T22:13:12.292+0530] {logging_mixin.py:188} INFO - [2024-04-01T22:13:12.292+0530] {dag.py:3823} INFO - Setting next_dagrun for example_python_decorator to None, run_after=None
[2024-04-01T22:13:12.342+0530] {processor.py:183} INFO - Processing /home/lucky/.local/lib/python3.10/site-packages/airflow/example_dags/example_python_decorator.py took 0.198 seconds
[2024-04-01T22:14:19.464+0530] {processor.py:161} INFO - Started process (PID=45723) to work on /home/lucky/.local/lib/python3.10/site-packages/airflow/example_dags/example_python_decorator.py
[2024-04-01T22:14:19.466+0530] {processor.py:830} INFO - Processing file /home/lucky/.local/lib/python3.10/site-packages/airflow/example_dags/example_python_decorator.py for tasks to queue
[2024-04-01T22:14:19.468+0530] {logging_mixin.py:188} INFO - [2024-04-01T22:14:19.467+0530] {dagbag.py:538} INFO - Filling up the DagBag from /home/lucky/.local/lib/python3.10/site-packages/airflow/example_dags/example_python_decorator.py
[2024-04-01T22:14:19.488+0530] {processor.py:840} INFO - DAG(s) 'example_python_decorator' retrieved from /home/lucky/.local/lib/python3.10/site-packages/airflow/example_dags/example_python_decorator.py
[2024-04-01T22:14:19.516+0530] {logging_mixin.py:188} INFO - [2024-04-01T22:14:19.515+0530] {dag.py:3036} INFO - Sync 1 DAGs
[2024-04-01T22:14:19.543+0530] {logging_mixin.py:188} INFO - [2024-04-01T22:14:19.543+0530] {dag.py:3823} INFO - Setting next_dagrun for example_python_decorator to None, run_after=None
[2024-04-01T22:14:19.570+0530] {processor.py:183} INFO - Processing /home/lucky/.local/lib/python3.10/site-packages/airflow/example_dags/example_python_decorator.py took 0.110 seconds
[2024-04-01T22:15:17.841+0530] {processor.py:161} INFO - Started process (PID=46756) to work on /home/lucky/.local/lib/python3.10/site-packages/airflow/example_dags/example_python_decorator.py
[2024-04-01T22:15:17.844+0530] {processor.py:830} INFO - Processing file /home/lucky/.local/lib/python3.10/site-packages/airflow/example_dags/example_python_decorator.py for tasks to queue
[2024-04-01T22:15:17.846+0530] {logging_mixin.py:188} INFO - [2024-04-01T22:15:17.845+0530] {dagbag.py:538} INFO - Filling up the DagBag from /home/lucky/.local/lib/python3.10/site-packages/airflow/example_dags/example_python_decorator.py
[2024-04-01T22:15:17.866+0530] {processor.py:840} INFO - DAG(s) 'example_python_decorator' retrieved from /home/lucky/.local/lib/python3.10/site-packages/airflow/example_dags/example_python_decorator.py
[2024-04-01T22:15:17.887+0530] {logging_mixin.py:188} INFO - [2024-04-01T22:15:17.886+0530] {dag.py:3036} INFO - Sync 1 DAGs
[2024-04-01T22:15:17.900+0530] {logging_mixin.py:188} INFO - [2024-04-01T22:15:17.900+0530] {dag.py:3823} INFO - Setting next_dagrun for example_python_decorator to None, run_after=None
[2024-04-01T22:15:17.928+0530] {processor.py:183} INFO - Processing /home/lucky/.local/lib/python3.10/site-packages/airflow/example_dags/example_python_decorator.py took 0.091 seconds
[2024-04-01T22:16:10.500+0530] {processor.py:161} INFO - Started process (PID=47520) to work on /home/lucky/.local/lib/python3.10/site-packages/airflow/example_dags/example_python_decorator.py
[2024-04-01T22:16:10.502+0530] {processor.py:830} INFO - Processing file /home/lucky/.local/lib/python3.10/site-packages/airflow/example_dags/example_python_decorator.py for tasks to queue
[2024-04-01T22:16:10.503+0530] {logging_mixin.py:188} INFO - [2024-04-01T22:16:10.502+0530] {dagbag.py:538} INFO - Filling up the DagBag from /home/lucky/.local/lib/python3.10/site-packages/airflow/example_dags/example_python_decorator.py
[2024-04-01T22:16:10.524+0530] {processor.py:840} INFO - DAG(s) 'example_python_decorator' retrieved from /home/lucky/.local/lib/python3.10/site-packages/airflow/example_dags/example_python_decorator.py
[2024-04-01T22:16:10.555+0530] {logging_mixin.py:188} INFO - [2024-04-01T22:16:10.554+0530] {dag.py:3036} INFO - Sync 1 DAGs
[2024-04-01T22:16:10.568+0530] {logging_mixin.py:188} INFO - [2024-04-01T22:16:10.567+0530] {dag.py:3823} INFO - Setting next_dagrun for example_python_decorator to None, run_after=None
[2024-04-01T22:16:10.593+0530] {processor.py:183} INFO - Processing /home/lucky/.local/lib/python3.10/site-packages/airflow/example_dags/example_python_decorator.py took 0.098 seconds
[2024-04-01T22:17:03.696+0530] {processor.py:161} INFO - Started process (PID=48372) to work on /home/lucky/.local/lib/python3.10/site-packages/airflow/example_dags/example_python_decorator.py
[2024-04-01T22:17:03.698+0530] {processor.py:830} INFO - Processing file /home/lucky/.local/lib/python3.10/site-packages/airflow/example_dags/example_python_decorator.py for tasks to queue
[2024-04-01T22:17:03.700+0530] {logging_mixin.py:188} INFO - [2024-04-01T22:17:03.699+0530] {dagbag.py:538} INFO - Filling up the DagBag from /home/lucky/.local/lib/python3.10/site-packages/airflow/example_dags/example_python_decorator.py
[2024-04-01T22:17:03.727+0530] {processor.py:840} INFO - DAG(s) 'example_python_decorator' retrieved from /home/lucky/.local/lib/python3.10/site-packages/airflow/example_dags/example_python_decorator.py
[2024-04-01T22:17:03.761+0530] {logging_mixin.py:188} INFO - [2024-04-01T22:17:03.761+0530] {dag.py:3036} INFO - Sync 1 DAGs
[2024-04-01T22:17:03.790+0530] {logging_mixin.py:188} INFO - [2024-04-01T22:17:03.790+0530] {dag.py:3823} INFO - Setting next_dagrun for example_python_decorator to None, run_after=None
[2024-04-01T22:17:03.845+0530] {processor.py:183} INFO - Processing /home/lucky/.local/lib/python3.10/site-packages/airflow/example_dags/example_python_decorator.py took 0.154 seconds
[2024-04-01T22:17:58.016+0530] {processor.py:161} INFO - Started process (PID=49311) to work on /home/lucky/.local/lib/python3.10/site-packages/airflow/example_dags/example_python_decorator.py
[2024-04-01T22:17:58.018+0530] {processor.py:830} INFO - Processing file /home/lucky/.local/lib/python3.10/site-packages/airflow/example_dags/example_python_decorator.py for tasks to queue
[2024-04-01T22:17:58.020+0530] {logging_mixin.py:188} INFO - [2024-04-01T22:17:58.019+0530] {dagbag.py:538} INFO - Filling up the DagBag from /home/lucky/.local/lib/python3.10/site-packages/airflow/example_dags/example_python_decorator.py
[2024-04-01T22:17:58.038+0530] {processor.py:840} INFO - DAG(s) 'example_python_decorator' retrieved from /home/lucky/.local/lib/python3.10/site-packages/airflow/example_dags/example_python_decorator.py
[2024-04-01T22:17:58.059+0530] {logging_mixin.py:188} INFO - [2024-04-01T22:17:58.059+0530] {dag.py:3036} INFO - Sync 1 DAGs
[2024-04-01T22:17:58.073+0530] {logging_mixin.py:188} INFO - [2024-04-01T22:17:58.073+0530] {dag.py:3823} INFO - Setting next_dagrun for example_python_decorator to None, run_after=None
[2024-04-01T22:17:58.104+0530] {processor.py:183} INFO - Processing /home/lucky/.local/lib/python3.10/site-packages/airflow/example_dags/example_python_decorator.py took 0.092 seconds
[2024-04-01T22:18:50.915+0530] {processor.py:161} INFO - Started process (PID=49964) to work on /home/lucky/.local/lib/python3.10/site-packages/airflow/example_dags/example_python_decorator.py
[2024-04-01T22:18:50.916+0530] {processor.py:830} INFO - Processing file /home/lucky/.local/lib/python3.10/site-packages/airflow/example_dags/example_python_decorator.py for tasks to queue
[2024-04-01T22:18:50.917+0530] {logging_mixin.py:188} INFO - [2024-04-01T22:18:50.917+0530] {dagbag.py:538} INFO - Filling up the DagBag from /home/lucky/.local/lib/python3.10/site-packages/airflow/example_dags/example_python_decorator.py
[2024-04-01T22:18:50.934+0530] {processor.py:840} INFO - DAG(s) 'example_python_decorator' retrieved from /home/lucky/.local/lib/python3.10/site-packages/airflow/example_dags/example_python_decorator.py
[2024-04-01T22:18:50.950+0530] {logging_mixin.py:188} INFO - [2024-04-01T22:18:50.950+0530] {dag.py:3036} INFO - Sync 1 DAGs
[2024-04-01T22:18:50.962+0530] {logging_mixin.py:188} INFO - [2024-04-01T22:18:50.962+0530] {dag.py:3823} INFO - Setting next_dagrun for example_python_decorator to None, run_after=None
[2024-04-01T22:18:50.988+0530] {processor.py:183} INFO - Processing /home/lucky/.local/lib/python3.10/site-packages/airflow/example_dags/example_python_decorator.py took 0.076 seconds
[2024-04-01T22:19:42.959+0530] {processor.py:161} INFO - Started process (PID=50920) to work on /home/lucky/.local/lib/python3.10/site-packages/airflow/example_dags/example_python_decorator.py
[2024-04-01T22:19:42.971+0530] {processor.py:830} INFO - Processing file /home/lucky/.local/lib/python3.10/site-packages/airflow/example_dags/example_python_decorator.py for tasks to queue
[2024-04-01T22:19:42.972+0530] {logging_mixin.py:188} INFO - [2024-04-01T22:19:42.972+0530] {dagbag.py:538} INFO - Filling up the DagBag from /home/lucky/.local/lib/python3.10/site-packages/airflow/example_dags/example_python_decorator.py
[2024-04-01T22:19:42.988+0530] {processor.py:840} INFO - DAG(s) 'example_python_decorator' retrieved from /home/lucky/.local/lib/python3.10/site-packages/airflow/example_dags/example_python_decorator.py
[2024-04-01T22:19:43.014+0530] {logging_mixin.py:188} INFO - [2024-04-01T22:19:43.014+0530] {dag.py:3036} INFO - Sync 1 DAGs
[2024-04-01T22:19:43.032+0530] {logging_mixin.py:188} INFO - [2024-04-01T22:19:43.031+0530] {dag.py:3823} INFO - Setting next_dagrun for example_python_decorator to None, run_after=None
[2024-04-01T22:19:43.069+0530] {processor.py:183} INFO - Processing /home/lucky/.local/lib/python3.10/site-packages/airflow/example_dags/example_python_decorator.py took 0.114 seconds
[2024-04-01T22:25:19.850+0530] {processor.py:161} INFO - Started process (PID=56001) to work on /home/lucky/.local/lib/python3.10/site-packages/airflow/example_dags/example_python_decorator.py
[2024-04-01T22:25:19.852+0530] {processor.py:830} INFO - Processing file /home/lucky/.local/lib/python3.10/site-packages/airflow/example_dags/example_python_decorator.py for tasks to queue
[2024-04-01T22:25:19.853+0530] {logging_mixin.py:188} INFO - [2024-04-01T22:25:19.853+0530] {dagbag.py:538} INFO - Filling up the DagBag from /home/lucky/.local/lib/python3.10/site-packages/airflow/example_dags/example_python_decorator.py
[2024-04-01T22:25:19.866+0530] {processor.py:840} INFO - DAG(s) 'example_python_decorator' retrieved from /home/lucky/.local/lib/python3.10/site-packages/airflow/example_dags/example_python_decorator.py
[2024-04-01T22:25:19.949+0530] {logging_mixin.py:188} INFO - [2024-04-01T22:25:19.948+0530] {dag.py:3036} INFO - Sync 1 DAGs
[2024-04-01T22:25:19.958+0530] {logging_mixin.py:188} INFO - [2024-04-01T22:25:19.957+0530] {dag.py:3823} INFO - Setting next_dagrun for example_python_decorator to None, run_after=None
[2024-04-01T22:25:19.982+0530] {processor.py:183} INFO - Processing /home/lucky/.local/lib/python3.10/site-packages/airflow/example_dags/example_python_decorator.py took 0.134 seconds
[2024-04-01T22:27:25.897+0530] {processor.py:161} INFO - Started process (PID=57779) to work on /home/lucky/.local/lib/python3.10/site-packages/airflow/example_dags/example_python_decorator.py
[2024-04-01T22:27:25.901+0530] {processor.py:830} INFO - Processing file /home/lucky/.local/lib/python3.10/site-packages/airflow/example_dags/example_python_decorator.py for tasks to queue
[2024-04-01T22:27:25.902+0530] {logging_mixin.py:188} INFO - [2024-04-01T22:27:25.902+0530] {dagbag.py:538} INFO - Filling up the DagBag from /home/lucky/.local/lib/python3.10/site-packages/airflow/example_dags/example_python_decorator.py
[2024-04-01T22:27:25.919+0530] {processor.py:840} INFO - DAG(s) 'example_python_decorator' retrieved from /home/lucky/.local/lib/python3.10/site-packages/airflow/example_dags/example_python_decorator.py
[2024-04-01T22:27:26.075+0530] {logging_mixin.py:188} INFO - [2024-04-01T22:27:26.075+0530] {dag.py:3036} INFO - Sync 1 DAGs
[2024-04-01T22:27:26.089+0530] {logging_mixin.py:188} INFO - [2024-04-01T22:27:26.089+0530] {dag.py:3823} INFO - Setting next_dagrun for example_python_decorator to None, run_after=None
[2024-04-01T22:27:26.126+0530] {processor.py:183} INFO - Processing /home/lucky/.local/lib/python3.10/site-packages/airflow/example_dags/example_python_decorator.py took 0.232 seconds
[2024-04-01T22:28:22.551+0530] {processor.py:161} INFO - Started process (PID=58829) to work on /home/lucky/.local/lib/python3.10/site-packages/airflow/example_dags/example_python_decorator.py
[2024-04-01T22:28:22.554+0530] {processor.py:830} INFO - Processing file /home/lucky/.local/lib/python3.10/site-packages/airflow/example_dags/example_python_decorator.py for tasks to queue
[2024-04-01T22:28:22.556+0530] {logging_mixin.py:188} INFO - [2024-04-01T22:28:22.555+0530] {dagbag.py:538} INFO - Filling up the DagBag from /home/lucky/.local/lib/python3.10/site-packages/airflow/example_dags/example_python_decorator.py
[2024-04-01T22:28:22.576+0530] {processor.py:840} INFO - DAG(s) 'example_python_decorator' retrieved from /home/lucky/.local/lib/python3.10/site-packages/airflow/example_dags/example_python_decorator.py
[2024-04-01T22:28:22.608+0530] {logging_mixin.py:188} INFO - [2024-04-01T22:28:22.608+0530] {dag.py:3036} INFO - Sync 1 DAGs
[2024-04-01T22:28:22.627+0530] {logging_mixin.py:188} INFO - [2024-04-01T22:28:22.627+0530] {dag.py:3823} INFO - Setting next_dagrun for example_python_decorator to None, run_after=None
[2024-04-01T22:28:22.669+0530] {processor.py:183} INFO - Processing /home/lucky/.local/lib/python3.10/site-packages/airflow/example_dags/example_python_decorator.py took 0.124 seconds
[2024-04-01T22:29:17.914+0530] {processor.py:161} INFO - Started process (PID=59896) to work on /home/lucky/.local/lib/python3.10/site-packages/airflow/example_dags/example_python_decorator.py
[2024-04-01T22:29:17.926+0530] {processor.py:830} INFO - Processing file /home/lucky/.local/lib/python3.10/site-packages/airflow/example_dags/example_python_decorator.py for tasks to queue
[2024-04-01T22:29:17.927+0530] {logging_mixin.py:188} INFO - [2024-04-01T22:29:17.927+0530] {dagbag.py:538} INFO - Filling up the DagBag from /home/lucky/.local/lib/python3.10/site-packages/airflow/example_dags/example_python_decorator.py
[2024-04-01T22:29:17.942+0530] {processor.py:840} INFO - DAG(s) 'example_python_decorator' retrieved from /home/lucky/.local/lib/python3.10/site-packages/airflow/example_dags/example_python_decorator.py
[2024-04-01T22:29:17.978+0530] {logging_mixin.py:188} INFO - [2024-04-01T22:29:17.978+0530] {dag.py:3036} INFO - Sync 1 DAGs
[2024-04-01T22:29:17.991+0530] {logging_mixin.py:188} INFO - [2024-04-01T22:29:17.991+0530] {dag.py:3823} INFO - Setting next_dagrun for example_python_decorator to None, run_after=None
[2024-04-01T22:29:18.018+0530] {processor.py:183} INFO - Processing /home/lucky/.local/lib/python3.10/site-packages/airflow/example_dags/example_python_decorator.py took 0.107 seconds
[2024-04-01T22:30:12.534+0530] {processor.py:161} INFO - Started process (PID=60594) to work on /home/lucky/.local/lib/python3.10/site-packages/airflow/example_dags/example_python_decorator.py
[2024-04-01T22:30:12.536+0530] {processor.py:830} INFO - Processing file /home/lucky/.local/lib/python3.10/site-packages/airflow/example_dags/example_python_decorator.py for tasks to queue
[2024-04-01T22:30:12.538+0530] {logging_mixin.py:188} INFO - [2024-04-01T22:30:12.537+0530] {dagbag.py:538} INFO - Filling up the DagBag from /home/lucky/.local/lib/python3.10/site-packages/airflow/example_dags/example_python_decorator.py
[2024-04-01T22:30:12.558+0530] {processor.py:840} INFO - DAG(s) 'example_python_decorator' retrieved from /home/lucky/.local/lib/python3.10/site-packages/airflow/example_dags/example_python_decorator.py
[2024-04-01T22:30:12.589+0530] {logging_mixin.py:188} INFO - [2024-04-01T22:30:12.589+0530] {dag.py:3036} INFO - Sync 1 DAGs
[2024-04-01T22:30:12.606+0530] {logging_mixin.py:188} INFO - [2024-04-01T22:30:12.605+0530] {dag.py:3823} INFO - Setting next_dagrun for example_python_decorator to None, run_after=None
[2024-04-01T22:30:12.637+0530] {processor.py:183} INFO - Processing /home/lucky/.local/lib/python3.10/site-packages/airflow/example_dags/example_python_decorator.py took 0.108 seconds
[2024-04-01T22:30:58.705+0530] {processor.py:161} INFO - Started process (PID=61442) to work on /home/lucky/.local/lib/python3.10/site-packages/airflow/example_dags/example_python_decorator.py
[2024-04-01T22:30:58.707+0530] {processor.py:830} INFO - Processing file /home/lucky/.local/lib/python3.10/site-packages/airflow/example_dags/example_python_decorator.py for tasks to queue
[2024-04-01T22:30:58.709+0530] {logging_mixin.py:188} INFO - [2024-04-01T22:30:58.708+0530] {dagbag.py:538} INFO - Filling up the DagBag from /home/lucky/.local/lib/python3.10/site-packages/airflow/example_dags/example_python_decorator.py
[2024-04-01T22:30:58.733+0530] {processor.py:840} INFO - DAG(s) 'example_python_decorator' retrieved from /home/lucky/.local/lib/python3.10/site-packages/airflow/example_dags/example_python_decorator.py
[2024-04-01T22:30:58.761+0530] {logging_mixin.py:188} INFO - [2024-04-01T22:30:58.760+0530] {dag.py:3036} INFO - Sync 1 DAGs
[2024-04-01T22:30:58.782+0530] {logging_mixin.py:188} INFO - [2024-04-01T22:30:58.781+0530] {dag.py:3823} INFO - Setting next_dagrun for example_python_decorator to None, run_after=None
[2024-04-01T22:30:58.824+0530] {processor.py:183} INFO - Processing /home/lucky/.local/lib/python3.10/site-packages/airflow/example_dags/example_python_decorator.py took 0.124 seconds
[2024-04-01T22:31:46.840+0530] {processor.py:161} INFO - Started process (PID=62019) to work on /home/lucky/.local/lib/python3.10/site-packages/airflow/example_dags/example_python_decorator.py
[2024-04-01T22:31:46.842+0530] {processor.py:830} INFO - Processing file /home/lucky/.local/lib/python3.10/site-packages/airflow/example_dags/example_python_decorator.py for tasks to queue
[2024-04-01T22:31:46.843+0530] {logging_mixin.py:188} INFO - [2024-04-01T22:31:46.842+0530] {dagbag.py:538} INFO - Filling up the DagBag from /home/lucky/.local/lib/python3.10/site-packages/airflow/example_dags/example_python_decorator.py
[2024-04-01T22:31:46.857+0530] {processor.py:840} INFO - DAG(s) 'example_python_decorator' retrieved from /home/lucky/.local/lib/python3.10/site-packages/airflow/example_dags/example_python_decorator.py
[2024-04-01T22:31:46.875+0530] {logging_mixin.py:188} INFO - [2024-04-01T22:31:46.875+0530] {dag.py:3036} INFO - Sync 1 DAGs
[2024-04-01T22:31:46.887+0530] {logging_mixin.py:188} INFO - [2024-04-01T22:31:46.887+0530] {dag.py:3823} INFO - Setting next_dagrun for example_python_decorator to None, run_after=None
[2024-04-01T22:31:46.913+0530] {processor.py:183} INFO - Processing /home/lucky/.local/lib/python3.10/site-packages/airflow/example_dags/example_python_decorator.py took 0.077 seconds
[2024-04-01T22:32:46.165+0530] {processor.py:161} INFO - Started process (PID=63069) to work on /home/lucky/.local/lib/python3.10/site-packages/airflow/example_dags/example_python_decorator.py
[2024-04-01T22:32:46.167+0530] {processor.py:830} INFO - Processing file /home/lucky/.local/lib/python3.10/site-packages/airflow/example_dags/example_python_decorator.py for tasks to queue
[2024-04-01T22:32:46.168+0530] {logging_mixin.py:188} INFO - [2024-04-01T22:32:46.168+0530] {dagbag.py:538} INFO - Filling up the DagBag from /home/lucky/.local/lib/python3.10/site-packages/airflow/example_dags/example_python_decorator.py
[2024-04-01T22:32:46.184+0530] {processor.py:840} INFO - DAG(s) 'example_python_decorator' retrieved from /home/lucky/.local/lib/python3.10/site-packages/airflow/example_dags/example_python_decorator.py
[2024-04-01T22:32:46.209+0530] {logging_mixin.py:188} INFO - [2024-04-01T22:32:46.208+0530] {dag.py:3036} INFO - Sync 1 DAGs
[2024-04-01T22:32:46.229+0530] {logging_mixin.py:188} INFO - [2024-04-01T22:32:46.228+0530] {dag.py:3823} INFO - Setting next_dagrun for example_python_decorator to None, run_after=None
[2024-04-01T22:32:46.259+0530] {processor.py:183} INFO - Processing /home/lucky/.local/lib/python3.10/site-packages/airflow/example_dags/example_python_decorator.py took 0.096 seconds
[2024-04-01T23:06:27.452+0530] {processor.py:161} INFO - Started process (PID=5908) to work on /home/lucky/.local/lib/python3.10/site-packages/airflow/example_dags/example_python_decorator.py
[2024-04-01T23:06:27.454+0530] {processor.py:830} INFO - Processing file /home/lucky/.local/lib/python3.10/site-packages/airflow/example_dags/example_python_decorator.py for tasks to queue
[2024-04-01T23:06:27.456+0530] {logging_mixin.py:188} INFO - [2024-04-01T23:06:27.455+0530] {dagbag.py:538} INFO - Filling up the DagBag from /home/lucky/.local/lib/python3.10/site-packages/airflow/example_dags/example_python_decorator.py
[2024-04-01T23:06:27.475+0530] {processor.py:840} INFO - DAG(s) 'example_python_decorator' retrieved from /home/lucky/.local/lib/python3.10/site-packages/airflow/example_dags/example_python_decorator.py
[2024-04-01T23:06:27.634+0530] {logging_mixin.py:188} INFO - [2024-04-01T23:06:27.633+0530] {dag.py:3036} INFO - Sync 1 DAGs
[2024-04-01T23:06:27.648+0530] {logging_mixin.py:188} INFO - [2024-04-01T23:06:27.648+0530] {dag.py:3823} INFO - Setting next_dagrun for example_python_decorator to None, run_after=None
[2024-04-01T23:06:27.684+0530] {processor.py:183} INFO - Processing /home/lucky/.local/lib/python3.10/site-packages/airflow/example_dags/example_python_decorator.py took 0.235 seconds
[2024-04-01T23:07:25.173+0530] {processor.py:161} INFO - Started process (PID=6900) to work on /home/lucky/.local/lib/python3.10/site-packages/airflow/example_dags/example_python_decorator.py
[2024-04-01T23:07:25.175+0530] {processor.py:830} INFO - Processing file /home/lucky/.local/lib/python3.10/site-packages/airflow/example_dags/example_python_decorator.py for tasks to queue
[2024-04-01T23:07:25.176+0530] {logging_mixin.py:188} INFO - [2024-04-01T23:07:25.175+0530] {dagbag.py:538} INFO - Filling up the DagBag from /home/lucky/.local/lib/python3.10/site-packages/airflow/example_dags/example_python_decorator.py
[2024-04-01T23:07:25.191+0530] {processor.py:840} INFO - DAG(s) 'example_python_decorator' retrieved from /home/lucky/.local/lib/python3.10/site-packages/airflow/example_dags/example_python_decorator.py
[2024-04-01T23:07:25.217+0530] {logging_mixin.py:188} INFO - [2024-04-01T23:07:25.216+0530] {dag.py:3036} INFO - Sync 1 DAGs
[2024-04-01T23:07:25.229+0530] {logging_mixin.py:188} INFO - [2024-04-01T23:07:25.229+0530] {dag.py:3823} INFO - Setting next_dagrun for example_python_decorator to None, run_after=None
[2024-04-01T23:07:25.258+0530] {processor.py:183} INFO - Processing /home/lucky/.local/lib/python3.10/site-packages/airflow/example_dags/example_python_decorator.py took 0.088 seconds
[2024-04-01T23:11:20.721+0530] {processor.py:161} INFO - Started process (PID=10502) to work on /home/lucky/.local/lib/python3.10/site-packages/airflow/example_dags/example_python_decorator.py
[2024-04-01T23:11:20.722+0530] {processor.py:830} INFO - Processing file /home/lucky/.local/lib/python3.10/site-packages/airflow/example_dags/example_python_decorator.py for tasks to queue
[2024-04-01T23:11:20.724+0530] {logging_mixin.py:188} INFO - [2024-04-01T23:11:20.724+0530] {dagbag.py:538} INFO - Filling up the DagBag from /home/lucky/.local/lib/python3.10/site-packages/airflow/example_dags/example_python_decorator.py
[2024-04-01T23:11:20.749+0530] {processor.py:840} INFO - DAG(s) 'example_python_decorator' retrieved from /home/lucky/.local/lib/python3.10/site-packages/airflow/example_dags/example_python_decorator.py
[2024-04-01T23:11:20.927+0530] {logging_mixin.py:188} INFO - [2024-04-01T23:11:20.926+0530] {dag.py:3036} INFO - Sync 1 DAGs
[2024-04-01T23:11:20.940+0530] {logging_mixin.py:188} INFO - [2024-04-01T23:11:20.940+0530] {dag.py:3823} INFO - Setting next_dagrun for example_python_decorator to None, run_after=None
[2024-04-01T23:11:20.981+0530] {processor.py:183} INFO - Processing /home/lucky/.local/lib/python3.10/site-packages/airflow/example_dags/example_python_decorator.py took 0.265 seconds
[2024-04-01T23:12:28.357+0530] {processor.py:161} INFO - Started process (PID=11274) to work on /home/lucky/.local/lib/python3.10/site-packages/airflow/example_dags/example_python_decorator.py
[2024-04-01T23:12:28.358+0530] {processor.py:830} INFO - Processing file /home/lucky/.local/lib/python3.10/site-packages/airflow/example_dags/example_python_decorator.py for tasks to queue
[2024-04-01T23:12:28.360+0530] {logging_mixin.py:188} INFO - [2024-04-01T23:12:28.359+0530] {dagbag.py:538} INFO - Filling up the DagBag from /home/lucky/.local/lib/python3.10/site-packages/airflow/example_dags/example_python_decorator.py
[2024-04-01T23:12:28.380+0530] {processor.py:840} INFO - DAG(s) 'example_python_decorator' retrieved from /home/lucky/.local/lib/python3.10/site-packages/airflow/example_dags/example_python_decorator.py
[2024-04-01T23:12:28.402+0530] {logging_mixin.py:188} INFO - [2024-04-01T23:12:28.401+0530] {dag.py:3036} INFO - Sync 1 DAGs
[2024-04-01T23:12:28.417+0530] {logging_mixin.py:188} INFO - [2024-04-01T23:12:28.417+0530] {dag.py:3823} INFO - Setting next_dagrun for example_python_decorator to None, run_after=None
[2024-04-01T23:12:28.448+0530] {processor.py:183} INFO - Processing /home/lucky/.local/lib/python3.10/site-packages/airflow/example_dags/example_python_decorator.py took 0.096 seconds
[2024-04-01T23:13:28.464+0530] {processor.py:161} INFO - Started process (PID=12286) to work on /home/lucky/.local/lib/python3.10/site-packages/airflow/example_dags/example_python_decorator.py
[2024-04-01T23:13:28.468+0530] {processor.py:830} INFO - Processing file /home/lucky/.local/lib/python3.10/site-packages/airflow/example_dags/example_python_decorator.py for tasks to queue
[2024-04-01T23:13:28.471+0530] {logging_mixin.py:188} INFO - [2024-04-01T23:13:28.471+0530] {dagbag.py:538} INFO - Filling up the DagBag from /home/lucky/.local/lib/python3.10/site-packages/airflow/example_dags/example_python_decorator.py
[2024-04-01T23:13:28.529+0530] {processor.py:840} INFO - DAG(s) 'example_python_decorator' retrieved from /home/lucky/.local/lib/python3.10/site-packages/airflow/example_dags/example_python_decorator.py
[2024-04-01T23:13:28.586+0530] {logging_mixin.py:188} INFO - [2024-04-01T23:13:28.585+0530] {dag.py:3036} INFO - Sync 1 DAGs
[2024-04-01T23:13:28.627+0530] {logging_mixin.py:188} INFO - [2024-04-01T23:13:28.626+0530] {dag.py:3823} INFO - Setting next_dagrun for example_python_decorator to None, run_after=None
[2024-04-01T23:13:28.696+0530] {processor.py:183} INFO - Processing /home/lucky/.local/lib/python3.10/site-packages/airflow/example_dags/example_python_decorator.py took 0.240 seconds
[2024-04-01T23:14:26.439+0530] {processor.py:161} INFO - Started process (PID=12953) to work on /home/lucky/.local/lib/python3.10/site-packages/airflow/example_dags/example_python_decorator.py
[2024-04-01T23:14:26.441+0530] {processor.py:830} INFO - Processing file /home/lucky/.local/lib/python3.10/site-packages/airflow/example_dags/example_python_decorator.py for tasks to queue
[2024-04-01T23:14:26.443+0530] {logging_mixin.py:188} INFO - [2024-04-01T23:14:26.442+0530] {dagbag.py:538} INFO - Filling up the DagBag from /home/lucky/.local/lib/python3.10/site-packages/airflow/example_dags/example_python_decorator.py
[2024-04-01T23:14:26.465+0530] {processor.py:840} INFO - DAG(s) 'example_python_decorator' retrieved from /home/lucky/.local/lib/python3.10/site-packages/airflow/example_dags/example_python_decorator.py
[2024-04-01T23:14:26.491+0530] {logging_mixin.py:188} INFO - [2024-04-01T23:14:26.491+0530] {dag.py:3036} INFO - Sync 1 DAGs
[2024-04-01T23:14:26.509+0530] {logging_mixin.py:188} INFO - [2024-04-01T23:14:26.508+0530] {dag.py:3823} INFO - Setting next_dagrun for example_python_decorator to None, run_after=None
[2024-04-01T23:14:26.536+0530] {processor.py:183} INFO - Processing /home/lucky/.local/lib/python3.10/site-packages/airflow/example_dags/example_python_decorator.py took 0.103 seconds
[2024-04-01T23:15:22.070+0530] {processor.py:161} INFO - Started process (PID=13897) to work on /home/lucky/.local/lib/python3.10/site-packages/airflow/example_dags/example_python_decorator.py
[2024-04-01T23:15:22.072+0530] {processor.py:830} INFO - Processing file /home/lucky/.local/lib/python3.10/site-packages/airflow/example_dags/example_python_decorator.py for tasks to queue
[2024-04-01T23:15:22.073+0530] {logging_mixin.py:188} INFO - [2024-04-01T23:15:22.072+0530] {dagbag.py:538} INFO - Filling up the DagBag from /home/lucky/.local/lib/python3.10/site-packages/airflow/example_dags/example_python_decorator.py
[2024-04-01T23:15:22.089+0530] {processor.py:840} INFO - DAG(s) 'example_python_decorator' retrieved from /home/lucky/.local/lib/python3.10/site-packages/airflow/example_dags/example_python_decorator.py
[2024-04-01T23:15:22.107+0530] {logging_mixin.py:188} INFO - [2024-04-01T23:15:22.107+0530] {dag.py:3036} INFO - Sync 1 DAGs
[2024-04-01T23:15:22.120+0530] {logging_mixin.py:188} INFO - [2024-04-01T23:15:22.119+0530] {dag.py:3823} INFO - Setting next_dagrun for example_python_decorator to None, run_after=None
[2024-04-01T23:15:22.148+0530] {processor.py:183} INFO - Processing /home/lucky/.local/lib/python3.10/site-packages/airflow/example_dags/example_python_decorator.py took 0.081 seconds
[2024-04-01T23:16:13.365+0530] {processor.py:161} INFO - Started process (PID=14819) to work on /home/lucky/.local/lib/python3.10/site-packages/airflow/example_dags/example_python_decorator.py
[2024-04-01T23:16:13.367+0530] {processor.py:830} INFO - Processing file /home/lucky/.local/lib/python3.10/site-packages/airflow/example_dags/example_python_decorator.py for tasks to queue
[2024-04-01T23:16:13.368+0530] {logging_mixin.py:188} INFO - [2024-04-01T23:16:13.368+0530] {dagbag.py:538} INFO - Filling up the DagBag from /home/lucky/.local/lib/python3.10/site-packages/airflow/example_dags/example_python_decorator.py
[2024-04-01T23:16:13.380+0530] {processor.py:840} INFO - DAG(s) 'example_python_decorator' retrieved from /home/lucky/.local/lib/python3.10/site-packages/airflow/example_dags/example_python_decorator.py
[2024-04-01T23:16:13.396+0530] {logging_mixin.py:188} INFO - [2024-04-01T23:16:13.396+0530] {dag.py:3036} INFO - Sync 1 DAGs
[2024-04-01T23:16:13.408+0530] {logging_mixin.py:188} INFO - [2024-04-01T23:16:13.407+0530] {dag.py:3823} INFO - Setting next_dagrun for example_python_decorator to None, run_after=None
[2024-04-01T23:16:13.430+0530] {processor.py:183} INFO - Processing /home/lucky/.local/lib/python3.10/site-packages/airflow/example_dags/example_python_decorator.py took 0.068 seconds
