[2024-04-01T21:42:11.980+0530] {processor.py:161} INFO - Started process (PID=17821) to work on /home/lucky/.local/lib/python3.10/site-packages/airflow/example_dags/example_local_kubernetes_executor.py
[2024-04-01T21:42:11.983+0530] {processor.py:830} INFO - Processing file /home/lucky/.local/lib/python3.10/site-packages/airflow/example_dags/example_local_kubernetes_executor.py for tasks to queue
[2024-04-01T21:42:11.987+0530] {logging_mixin.py:188} INFO - [2024-04-01T21:42:11.985+0530] {dagbag.py:538} INFO - Filling up the DagBag from /home/lucky/.local/lib/python3.10/site-packages/airflow/example_dags/example_local_kubernetes_executor.py
[2024-04-01T21:42:12.594+0530] {processor.py:840} INFO - DAG(s) 'example_local_kubernetes_executor' retrieved from /home/lucky/.local/lib/python3.10/site-packages/airflow/example_dags/example_local_kubernetes_executor.py
[2024-04-01T21:42:12.617+0530] {logging_mixin.py:188} WARNING - /home/lucky/.local/lib/python3.10/site-packages/airflow/serialization/serialized_objects.py:1564 DeprecationWarning: This module is deprecated. The `cncf.kubernetes` provider before version 7.4.0 uses this module - you should migrate to a newer version of `cncf.kubernetes` to get rid of this warning. If you import the module via `airflow.kubernetes` import, please use `cncf.kubernetes' provider 7.4.0+ and switch all your imports to use `apache.airflow.providers.cncf.kubernetes` to get rid of the warning.
[2024-04-01T21:42:12.748+0530] {logging_mixin.py:188} INFO - [2024-04-01T21:42:12.747+0530] {dag.py:3036} INFO - Sync 1 DAGs
[2024-04-01T21:42:12.770+0530] {logging_mixin.py:188} INFO - [2024-04-01T21:42:12.769+0530] {dag.py:3823} INFO - Setting next_dagrun for example_local_kubernetes_executor to None, run_after=None
[2024-04-01T21:42:13.029+0530] {processor.py:183} INFO - Processing /home/lucky/.local/lib/python3.10/site-packages/airflow/example_dags/example_local_kubernetes_executor.py took 1.053 seconds
[2024-04-01T21:43:36.960+0530] {processor.py:161} INFO - Started process (PID=18793) to work on /home/lucky/.local/lib/python3.10/site-packages/airflow/example_dags/example_local_kubernetes_executor.py
[2024-04-01T21:43:36.968+0530] {processor.py:830} INFO - Processing file /home/lucky/.local/lib/python3.10/site-packages/airflow/example_dags/example_local_kubernetes_executor.py for tasks to queue
[2024-04-01T21:43:36.972+0530] {logging_mixin.py:188} INFO - [2024-04-01T21:43:36.971+0530] {dagbag.py:538} INFO - Filling up the DagBag from /home/lucky/.local/lib/python3.10/site-packages/airflow/example_dags/example_local_kubernetes_executor.py
[2024-04-01T21:43:37.632+0530] {processor.py:840} INFO - DAG(s) 'example_local_kubernetes_executor' retrieved from /home/lucky/.local/lib/python3.10/site-packages/airflow/example_dags/example_local_kubernetes_executor.py
[2024-04-01T21:43:37.683+0530] {logging_mixin.py:188} WARNING - /home/lucky/.local/lib/python3.10/site-packages/airflow/serialization/serialized_objects.py:1564 DeprecationWarning: This module is deprecated. The `cncf.kubernetes` provider before version 7.4.0 uses this module - you should migrate to a newer version of `cncf.kubernetes` to get rid of this warning. If you import the module via `airflow.kubernetes` import, please use `cncf.kubernetes' provider 7.4.0+ and switch all your imports to use `apache.airflow.providers.cncf.kubernetes` to get rid of the warning.
[2024-04-01T21:43:37.736+0530] {logging_mixin.py:188} INFO - [2024-04-01T21:43:37.724+0530] {dag.py:3036} INFO - Sync 1 DAGs
[2024-04-01T21:43:37.784+0530] {logging_mixin.py:188} INFO - [2024-04-01T21:43:37.784+0530] {dag.py:3823} INFO - Setting next_dagrun for example_local_kubernetes_executor to None, run_after=None
[2024-04-01T21:43:37.878+0530] {processor.py:183} INFO - Processing /home/lucky/.local/lib/python3.10/site-packages/airflow/example_dags/example_local_kubernetes_executor.py took 0.930 seconds
[2024-04-01T21:44:45.271+0530] {processor.py:161} INFO - Started process (PID=19969) to work on /home/lucky/.local/lib/python3.10/site-packages/airflow/example_dags/example_local_kubernetes_executor.py
[2024-04-01T21:44:45.273+0530] {processor.py:830} INFO - Processing file /home/lucky/.local/lib/python3.10/site-packages/airflow/example_dags/example_local_kubernetes_executor.py for tasks to queue
[2024-04-01T21:44:45.274+0530] {logging_mixin.py:188} INFO - [2024-04-01T21:44:45.273+0530] {dagbag.py:538} INFO - Filling up the DagBag from /home/lucky/.local/lib/python3.10/site-packages/airflow/example_dags/example_local_kubernetes_executor.py
[2024-04-01T21:44:45.554+0530] {processor.py:840} INFO - DAG(s) 'example_local_kubernetes_executor' retrieved from /home/lucky/.local/lib/python3.10/site-packages/airflow/example_dags/example_local_kubernetes_executor.py
[2024-04-01T21:44:45.570+0530] {logging_mixin.py:188} WARNING - /home/lucky/.local/lib/python3.10/site-packages/airflow/serialization/serialized_objects.py:1564 DeprecationWarning: This module is deprecated. The `cncf.kubernetes` provider before version 7.4.0 uses this module - you should migrate to a newer version of `cncf.kubernetes` to get rid of this warning. If you import the module via `airflow.kubernetes` import, please use `cncf.kubernetes' provider 7.4.0+ and switch all your imports to use `apache.airflow.providers.cncf.kubernetes` to get rid of the warning.
[2024-04-01T21:44:45.578+0530] {logging_mixin.py:188} INFO - [2024-04-01T21:44:45.577+0530] {dag.py:3036} INFO - Sync 1 DAGs
[2024-04-01T21:44:45.590+0530] {logging_mixin.py:188} INFO - [2024-04-01T21:44:45.590+0530] {dag.py:3823} INFO - Setting next_dagrun for example_local_kubernetes_executor to None, run_after=None
[2024-04-01T21:44:45.637+0530] {processor.py:183} INFO - Processing /home/lucky/.local/lib/python3.10/site-packages/airflow/example_dags/example_local_kubernetes_executor.py took 0.369 seconds
[2024-04-01T21:45:46.072+0530] {processor.py:161} INFO - Started process (PID=21003) to work on /home/lucky/.local/lib/python3.10/site-packages/airflow/example_dags/example_local_kubernetes_executor.py
[2024-04-01T21:45:46.074+0530] {processor.py:830} INFO - Processing file /home/lucky/.local/lib/python3.10/site-packages/airflow/example_dags/example_local_kubernetes_executor.py for tasks to queue
[2024-04-01T21:45:46.075+0530] {logging_mixin.py:188} INFO - [2024-04-01T21:45:46.074+0530] {dagbag.py:538} INFO - Filling up the DagBag from /home/lucky/.local/lib/python3.10/site-packages/airflow/example_dags/example_local_kubernetes_executor.py
[2024-04-01T21:45:46.274+0530] {processor.py:840} INFO - DAG(s) 'example_local_kubernetes_executor' retrieved from /home/lucky/.local/lib/python3.10/site-packages/airflow/example_dags/example_local_kubernetes_executor.py
[2024-04-01T21:45:46.296+0530] {logging_mixin.py:188} WARNING - /home/lucky/.local/lib/python3.10/site-packages/airflow/serialization/serialized_objects.py:1564 DeprecationWarning: This module is deprecated. The `cncf.kubernetes` provider before version 7.4.0 uses this module - you should migrate to a newer version of `cncf.kubernetes` to get rid of this warning. If you import the module via `airflow.kubernetes` import, please use `cncf.kubernetes' provider 7.4.0+ and switch all your imports to use `apache.airflow.providers.cncf.kubernetes` to get rid of the warning.
[2024-04-01T21:45:46.308+0530] {logging_mixin.py:188} INFO - [2024-04-01T21:45:46.307+0530] {dag.py:3036} INFO - Sync 1 DAGs
[2024-04-01T21:45:46.328+0530] {logging_mixin.py:188} INFO - [2024-04-01T21:45:46.327+0530] {dag.py:3823} INFO - Setting next_dagrun for example_local_kubernetes_executor to None, run_after=None
[2024-04-01T21:45:46.367+0530] {processor.py:183} INFO - Processing /home/lucky/.local/lib/python3.10/site-packages/airflow/example_dags/example_local_kubernetes_executor.py took 0.299 seconds
[2024-04-01T21:59:36.530+0530] {processor.py:161} INFO - Started process (PID=32964) to work on /home/lucky/.local/lib/python3.10/site-packages/airflow/example_dags/example_local_kubernetes_executor.py
[2024-04-01T21:59:36.532+0530] {processor.py:830} INFO - Processing file /home/lucky/.local/lib/python3.10/site-packages/airflow/example_dags/example_local_kubernetes_executor.py for tasks to queue
[2024-04-01T21:59:36.534+0530] {logging_mixin.py:188} INFO - [2024-04-01T21:59:36.533+0530] {dagbag.py:538} INFO - Filling up the DagBag from /home/lucky/.local/lib/python3.10/site-packages/airflow/example_dags/example_local_kubernetes_executor.py
[2024-04-01T21:59:37.303+0530] {processor.py:840} INFO - DAG(s) 'example_local_kubernetes_executor' retrieved from /home/lucky/.local/lib/python3.10/site-packages/airflow/example_dags/example_local_kubernetes_executor.py
[2024-04-01T21:59:37.321+0530] {logging_mixin.py:188} WARNING - /home/lucky/.local/lib/python3.10/site-packages/airflow/serialization/serialized_objects.py:1564 DeprecationWarning: This module is deprecated. The `cncf.kubernetes` provider before version 7.4.0 uses this module - you should migrate to a newer version of `cncf.kubernetes` to get rid of this warning. If you import the module via `airflow.kubernetes` import, please use `cncf.kubernetes' provider 7.4.0+ and switch all your imports to use `apache.airflow.providers.cncf.kubernetes` to get rid of the warning.
[2024-04-01T21:59:37.331+0530] {logging_mixin.py:188} INFO - [2024-04-01T21:59:37.330+0530] {dag.py:3036} INFO - Sync 1 DAGs
[2024-04-01T21:59:37.342+0530] {logging_mixin.py:188} INFO - [2024-04-01T21:59:37.342+0530] {dag.py:3823} INFO - Setting next_dagrun for example_local_kubernetes_executor to None, run_after=None
[2024-04-01T21:59:37.383+0530] {processor.py:183} INFO - Processing /home/lucky/.local/lib/python3.10/site-packages/airflow/example_dags/example_local_kubernetes_executor.py took 0.856 seconds
[2024-04-01T22:00:41.549+0530] {processor.py:161} INFO - Started process (PID=34051) to work on /home/lucky/.local/lib/python3.10/site-packages/airflow/example_dags/example_local_kubernetes_executor.py
[2024-04-01T22:00:41.551+0530] {processor.py:830} INFO - Processing file /home/lucky/.local/lib/python3.10/site-packages/airflow/example_dags/example_local_kubernetes_executor.py for tasks to queue
[2024-04-01T22:00:41.552+0530] {logging_mixin.py:188} INFO - [2024-04-01T22:00:41.551+0530] {dagbag.py:538} INFO - Filling up the DagBag from /home/lucky/.local/lib/python3.10/site-packages/airflow/example_dags/example_local_kubernetes_executor.py
[2024-04-01T22:00:41.760+0530] {processor.py:840} INFO - DAG(s) 'example_local_kubernetes_executor' retrieved from /home/lucky/.local/lib/python3.10/site-packages/airflow/example_dags/example_local_kubernetes_executor.py
[2024-04-01T22:00:41.777+0530] {logging_mixin.py:188} WARNING - /home/lucky/.local/lib/python3.10/site-packages/airflow/serialization/serialized_objects.py:1564 DeprecationWarning: This module is deprecated. The `cncf.kubernetes` provider before version 7.4.0 uses this module - you should migrate to a newer version of `cncf.kubernetes` to get rid of this warning. If you import the module via `airflow.kubernetes` import, please use `cncf.kubernetes' provider 7.4.0+ and switch all your imports to use `apache.airflow.providers.cncf.kubernetes` to get rid of the warning.
[2024-04-01T22:00:41.785+0530] {logging_mixin.py:188} INFO - [2024-04-01T22:00:41.784+0530] {dag.py:3036} INFO - Sync 1 DAGs
[2024-04-01T22:00:41.797+0530] {logging_mixin.py:188} INFO - [2024-04-01T22:00:41.797+0530] {dag.py:3823} INFO - Setting next_dagrun for example_local_kubernetes_executor to None, run_after=None
[2024-04-01T22:00:41.824+0530] {processor.py:183} INFO - Processing /home/lucky/.local/lib/python3.10/site-packages/airflow/example_dags/example_local_kubernetes_executor.py took 0.278 seconds
[2024-04-01T22:01:39.544+0530] {processor.py:161} INFO - Started process (PID=34767) to work on /home/lucky/.local/lib/python3.10/site-packages/airflow/example_dags/example_local_kubernetes_executor.py
[2024-04-01T22:01:39.547+0530] {processor.py:830} INFO - Processing file /home/lucky/.local/lib/python3.10/site-packages/airflow/example_dags/example_local_kubernetes_executor.py for tasks to queue
[2024-04-01T22:01:39.548+0530] {logging_mixin.py:188} INFO - [2024-04-01T22:01:39.548+0530] {dagbag.py:538} INFO - Filling up the DagBag from /home/lucky/.local/lib/python3.10/site-packages/airflow/example_dags/example_local_kubernetes_executor.py
[2024-04-01T22:01:40.041+0530] {processor.py:840} INFO - DAG(s) 'example_local_kubernetes_executor' retrieved from /home/lucky/.local/lib/python3.10/site-packages/airflow/example_dags/example_local_kubernetes_executor.py
[2024-04-01T22:01:40.067+0530] {logging_mixin.py:188} WARNING - /home/lucky/.local/lib/python3.10/site-packages/airflow/serialization/serialized_objects.py:1564 DeprecationWarning: This module is deprecated. The `cncf.kubernetes` provider before version 7.4.0 uses this module - you should migrate to a newer version of `cncf.kubernetes` to get rid of this warning. If you import the module via `airflow.kubernetes` import, please use `cncf.kubernetes' provider 7.4.0+ and switch all your imports to use `apache.airflow.providers.cncf.kubernetes` to get rid of the warning.
[2024-04-01T22:01:40.078+0530] {logging_mixin.py:188} INFO - [2024-04-01T22:01:40.077+0530] {dag.py:3036} INFO - Sync 1 DAGs
[2024-04-01T22:01:40.099+0530] {logging_mixin.py:188} INFO - [2024-04-01T22:01:40.098+0530] {dag.py:3823} INFO - Setting next_dagrun for example_local_kubernetes_executor to None, run_after=None
[2024-04-01T22:01:40.142+0530] {processor.py:183} INFO - Processing /home/lucky/.local/lib/python3.10/site-packages/airflow/example_dags/example_local_kubernetes_executor.py took 0.603 seconds
[2024-04-01T22:02:46.800+0530] {processor.py:161} INFO - Started process (PID=35894) to work on /home/lucky/.local/lib/python3.10/site-packages/airflow/example_dags/example_local_kubernetes_executor.py
[2024-04-01T22:02:46.803+0530] {processor.py:830} INFO - Processing file /home/lucky/.local/lib/python3.10/site-packages/airflow/example_dags/example_local_kubernetes_executor.py for tasks to queue
[2024-04-01T22:02:46.805+0530] {logging_mixin.py:188} INFO - [2024-04-01T22:02:46.804+0530] {dagbag.py:538} INFO - Filling up the DagBag from /home/lucky/.local/lib/python3.10/site-packages/airflow/example_dags/example_local_kubernetes_executor.py
[2024-04-01T22:02:47.113+0530] {processor.py:840} INFO - DAG(s) 'example_local_kubernetes_executor' retrieved from /home/lucky/.local/lib/python3.10/site-packages/airflow/example_dags/example_local_kubernetes_executor.py
[2024-04-01T22:02:47.133+0530] {logging_mixin.py:188} WARNING - /home/lucky/.local/lib/python3.10/site-packages/airflow/serialization/serialized_objects.py:1564 DeprecationWarning: This module is deprecated. The `cncf.kubernetes` provider before version 7.4.0 uses this module - you should migrate to a newer version of `cncf.kubernetes` to get rid of this warning. If you import the module via `airflow.kubernetes` import, please use `cncf.kubernetes' provider 7.4.0+ and switch all your imports to use `apache.airflow.providers.cncf.kubernetes` to get rid of the warning.
[2024-04-01T22:02:47.141+0530] {logging_mixin.py:188} INFO - [2024-04-01T22:02:47.141+0530] {dag.py:3036} INFO - Sync 1 DAGs
[2024-04-01T22:02:47.157+0530] {logging_mixin.py:188} INFO - [2024-04-01T22:02:47.156+0530] {dag.py:3823} INFO - Setting next_dagrun for example_local_kubernetes_executor to None, run_after=None
[2024-04-01T22:02:47.192+0530] {processor.py:183} INFO - Processing /home/lucky/.local/lib/python3.10/site-packages/airflow/example_dags/example_local_kubernetes_executor.py took 0.398 seconds
[2024-04-01T22:03:56.113+0530] {processor.py:161} INFO - Started process (PID=36995) to work on /home/lucky/.local/lib/python3.10/site-packages/airflow/example_dags/example_local_kubernetes_executor.py
[2024-04-01T22:03:56.125+0530] {processor.py:830} INFO - Processing file /home/lucky/.local/lib/python3.10/site-packages/airflow/example_dags/example_local_kubernetes_executor.py for tasks to queue
[2024-04-01T22:03:56.127+0530] {logging_mixin.py:188} INFO - [2024-04-01T22:03:56.126+0530] {dagbag.py:538} INFO - Filling up the DagBag from /home/lucky/.local/lib/python3.10/site-packages/airflow/example_dags/example_local_kubernetes_executor.py
[2024-04-01T22:03:56.727+0530] {processor.py:840} INFO - DAG(s) 'example_local_kubernetes_executor' retrieved from /home/lucky/.local/lib/python3.10/site-packages/airflow/example_dags/example_local_kubernetes_executor.py
[2024-04-01T22:03:56.756+0530] {logging_mixin.py:188} WARNING - /home/lucky/.local/lib/python3.10/site-packages/airflow/serialization/serialized_objects.py:1564 DeprecationWarning: This module is deprecated. The `cncf.kubernetes` provider before version 7.4.0 uses this module - you should migrate to a newer version of `cncf.kubernetes` to get rid of this warning. If you import the module via `airflow.kubernetes` import, please use `cncf.kubernetes' provider 7.4.0+ and switch all your imports to use `apache.airflow.providers.cncf.kubernetes` to get rid of the warning.
[2024-04-01T22:03:56.768+0530] {logging_mixin.py:188} INFO - [2024-04-01T22:03:56.767+0530] {dag.py:3036} INFO - Sync 1 DAGs
[2024-04-01T22:03:56.789+0530] {logging_mixin.py:188} INFO - [2024-04-01T22:03:56.788+0530] {dag.py:3823} INFO - Setting next_dagrun for example_local_kubernetes_executor to None, run_after=None
[2024-04-01T22:03:56.831+0530] {processor.py:183} INFO - Processing /home/lucky/.local/lib/python3.10/site-packages/airflow/example_dags/example_local_kubernetes_executor.py took 0.723 seconds
[2024-04-01T22:05:03.009+0530] {processor.py:161} INFO - Started process (PID=37795) to work on /home/lucky/.local/lib/python3.10/site-packages/airflow/example_dags/example_local_kubernetes_executor.py
[2024-04-01T22:05:03.011+0530] {processor.py:830} INFO - Processing file /home/lucky/.local/lib/python3.10/site-packages/airflow/example_dags/example_local_kubernetes_executor.py for tasks to queue
[2024-04-01T22:05:03.012+0530] {logging_mixin.py:188} INFO - [2024-04-01T22:05:03.011+0530] {dagbag.py:538} INFO - Filling up the DagBag from /home/lucky/.local/lib/python3.10/site-packages/airflow/example_dags/example_local_kubernetes_executor.py
[2024-04-01T22:05:03.315+0530] {processor.py:840} INFO - DAG(s) 'example_local_kubernetes_executor' retrieved from /home/lucky/.local/lib/python3.10/site-packages/airflow/example_dags/example_local_kubernetes_executor.py
[2024-04-01T22:05:03.348+0530] {logging_mixin.py:188} WARNING - /home/lucky/.local/lib/python3.10/site-packages/airflow/serialization/serialized_objects.py:1564 DeprecationWarning: This module is deprecated. The `cncf.kubernetes` provider before version 7.4.0 uses this module - you should migrate to a newer version of `cncf.kubernetes` to get rid of this warning. If you import the module via `airflow.kubernetes` import, please use `cncf.kubernetes' provider 7.4.0+ and switch all your imports to use `apache.airflow.providers.cncf.kubernetes` to get rid of the warning.
[2024-04-01T22:05:03.359+0530] {logging_mixin.py:188} INFO - [2024-04-01T22:05:03.358+0530] {dag.py:3036} INFO - Sync 1 DAGs
[2024-04-01T22:05:03.373+0530] {logging_mixin.py:188} INFO - [2024-04-01T22:05:03.372+0530] {dag.py:3823} INFO - Setting next_dagrun for example_local_kubernetes_executor to None, run_after=None
[2024-04-01T22:05:03.402+0530] {processor.py:183} INFO - Processing /home/lucky/.local/lib/python3.10/site-packages/airflow/example_dags/example_local_kubernetes_executor.py took 0.395 seconds
[2024-04-01T22:06:17.327+0530] {processor.py:161} INFO - Started process (PID=38960) to work on /home/lucky/.local/lib/python3.10/site-packages/airflow/example_dags/example_local_kubernetes_executor.py
[2024-04-01T22:06:17.329+0530] {processor.py:830} INFO - Processing file /home/lucky/.local/lib/python3.10/site-packages/airflow/example_dags/example_local_kubernetes_executor.py for tasks to queue
[2024-04-01T22:06:17.333+0530] {logging_mixin.py:188} INFO - [2024-04-01T22:06:17.331+0530] {dagbag.py:538} INFO - Filling up the DagBag from /home/lucky/.local/lib/python3.10/site-packages/airflow/example_dags/example_local_kubernetes_executor.py
[2024-04-01T22:06:18.181+0530] {processor.py:840} INFO - DAG(s) 'example_local_kubernetes_executor' retrieved from /home/lucky/.local/lib/python3.10/site-packages/airflow/example_dags/example_local_kubernetes_executor.py
[2024-04-01T22:06:18.214+0530] {logging_mixin.py:188} WARNING - /home/lucky/.local/lib/python3.10/site-packages/airflow/serialization/serialized_objects.py:1564 DeprecationWarning: This module is deprecated. The `cncf.kubernetes` provider before version 7.4.0 uses this module - you should migrate to a newer version of `cncf.kubernetes` to get rid of this warning. If you import the module via `airflow.kubernetes` import, please use `cncf.kubernetes' provider 7.4.0+ and switch all your imports to use `apache.airflow.providers.cncf.kubernetes` to get rid of the warning.
[2024-04-01T22:06:18.234+0530] {logging_mixin.py:188} INFO - [2024-04-01T22:06:18.228+0530] {dag.py:3036} INFO - Sync 1 DAGs
[2024-04-01T22:06:18.275+0530] {logging_mixin.py:188} INFO - [2024-04-01T22:06:18.274+0530] {dag.py:3823} INFO - Setting next_dagrun for example_local_kubernetes_executor to None, run_after=None
[2024-04-01T22:06:18.360+0530] {processor.py:183} INFO - Processing /home/lucky/.local/lib/python3.10/site-packages/airflow/example_dags/example_local_kubernetes_executor.py took 1.039 seconds
[2024-04-01T22:07:36.169+0530] {processor.py:161} INFO - Started process (PID=40248) to work on /home/lucky/.local/lib/python3.10/site-packages/airflow/example_dags/example_local_kubernetes_executor.py
[2024-04-01T22:07:36.172+0530] {processor.py:830} INFO - Processing file /home/lucky/.local/lib/python3.10/site-packages/airflow/example_dags/example_local_kubernetes_executor.py for tasks to queue
[2024-04-01T22:07:36.174+0530] {logging_mixin.py:188} INFO - [2024-04-01T22:07:36.173+0530] {dagbag.py:538} INFO - Filling up the DagBag from /home/lucky/.local/lib/python3.10/site-packages/airflow/example_dags/example_local_kubernetes_executor.py
[2024-04-01T22:07:36.903+0530] {processor.py:840} INFO - DAG(s) 'example_local_kubernetes_executor' retrieved from /home/lucky/.local/lib/python3.10/site-packages/airflow/example_dags/example_local_kubernetes_executor.py
[2024-04-01T22:07:36.962+0530] {logging_mixin.py:188} WARNING - /home/lucky/.local/lib/python3.10/site-packages/airflow/serialization/serialized_objects.py:1564 DeprecationWarning: This module is deprecated. The `cncf.kubernetes` provider before version 7.4.0 uses this module - you should migrate to a newer version of `cncf.kubernetes` to get rid of this warning. If you import the module via `airflow.kubernetes` import, please use `cncf.kubernetes' provider 7.4.0+ and switch all your imports to use `apache.airflow.providers.cncf.kubernetes` to get rid of the warning.
[2024-04-01T22:07:36.988+0530] {logging_mixin.py:188} INFO - [2024-04-01T22:07:36.986+0530] {dag.py:3036} INFO - Sync 1 DAGs
[2024-04-01T22:07:37.031+0530] {logging_mixin.py:188} INFO - [2024-04-01T22:07:37.031+0530] {dag.py:3823} INFO - Setting next_dagrun for example_local_kubernetes_executor to None, run_after=None
[2024-04-01T22:07:37.107+0530] {processor.py:183} INFO - Processing /home/lucky/.local/lib/python3.10/site-packages/airflow/example_dags/example_local_kubernetes_executor.py took 0.943 seconds
[2024-04-01T22:09:05.372+0530] {processor.py:161} INFO - Started process (PID=41542) to work on /home/lucky/.local/lib/python3.10/site-packages/airflow/example_dags/example_local_kubernetes_executor.py
[2024-04-01T22:09:05.382+0530] {processor.py:830} INFO - Processing file /home/lucky/.local/lib/python3.10/site-packages/airflow/example_dags/example_local_kubernetes_executor.py for tasks to queue
[2024-04-01T22:09:05.392+0530] {logging_mixin.py:188} INFO - [2024-04-01T22:09:05.390+0530] {dagbag.py:538} INFO - Filling up the DagBag from /home/lucky/.local/lib/python3.10/site-packages/airflow/example_dags/example_local_kubernetes_executor.py
[2024-04-01T22:09:06.733+0530] {processor.py:840} INFO - DAG(s) 'example_local_kubernetes_executor' retrieved from /home/lucky/.local/lib/python3.10/site-packages/airflow/example_dags/example_local_kubernetes_executor.py
[2024-04-01T22:09:06.804+0530] {logging_mixin.py:188} WARNING - /home/lucky/.local/lib/python3.10/site-packages/airflow/serialization/serialized_objects.py:1564 DeprecationWarning: This module is deprecated. The `cncf.kubernetes` provider before version 7.4.0 uses this module - you should migrate to a newer version of `cncf.kubernetes` to get rid of this warning. If you import the module via `airflow.kubernetes` import, please use `cncf.kubernetes' provider 7.4.0+ and switch all your imports to use `apache.airflow.providers.cncf.kubernetes` to get rid of the warning.
[2024-04-01T22:09:06.843+0530] {logging_mixin.py:188} INFO - [2024-04-01T22:09:06.829+0530] {dag.py:3036} INFO - Sync 1 DAGs
[2024-04-01T22:09:06.943+0530] {logging_mixin.py:188} INFO - [2024-04-01T22:09:06.941+0530] {dag.py:3823} INFO - Setting next_dagrun for example_local_kubernetes_executor to None, run_after=None
[2024-04-01T22:09:07.027+0530] {processor.py:183} INFO - Processing /home/lucky/.local/lib/python3.10/site-packages/airflow/example_dags/example_local_kubernetes_executor.py took 1.670 seconds
[2024-04-01T22:10:37.587+0530] {processor.py:161} INFO - Started process (PID=42561) to work on /home/lucky/.local/lib/python3.10/site-packages/airflow/example_dags/example_local_kubernetes_executor.py
[2024-04-01T22:10:37.594+0530] {processor.py:830} INFO - Processing file /home/lucky/.local/lib/python3.10/site-packages/airflow/example_dags/example_local_kubernetes_executor.py for tasks to queue
[2024-04-01T22:10:37.596+0530] {logging_mixin.py:188} INFO - [2024-04-01T22:10:37.595+0530] {dagbag.py:538} INFO - Filling up the DagBag from /home/lucky/.local/lib/python3.10/site-packages/airflow/example_dags/example_local_kubernetes_executor.py
[2024-04-01T22:10:38.230+0530] {processor.py:840} INFO - DAG(s) 'example_local_kubernetes_executor' retrieved from /home/lucky/.local/lib/python3.10/site-packages/airflow/example_dags/example_local_kubernetes_executor.py
[2024-04-01T22:10:38.268+0530] {logging_mixin.py:188} WARNING - /home/lucky/.local/lib/python3.10/site-packages/airflow/serialization/serialized_objects.py:1564 DeprecationWarning: This module is deprecated. The `cncf.kubernetes` provider before version 7.4.0 uses this module - you should migrate to a newer version of `cncf.kubernetes` to get rid of this warning. If you import the module via `airflow.kubernetes` import, please use `cncf.kubernetes' provider 7.4.0+ and switch all your imports to use `apache.airflow.providers.cncf.kubernetes` to get rid of the warning.
[2024-04-01T22:10:38.286+0530] {logging_mixin.py:188} INFO - [2024-04-01T22:10:38.282+0530] {dag.py:3036} INFO - Sync 1 DAGs
[2024-04-01T22:10:38.305+0530] {logging_mixin.py:188} INFO - [2024-04-01T22:10:38.304+0530] {dag.py:3823} INFO - Setting next_dagrun for example_local_kubernetes_executor to None, run_after=None
[2024-04-01T22:10:38.357+0530] {processor.py:183} INFO - Processing /home/lucky/.local/lib/python3.10/site-packages/airflow/example_dags/example_local_kubernetes_executor.py took 0.778 seconds
[2024-04-01T22:11:51.812+0530] {processor.py:161} INFO - Started process (PID=43699) to work on /home/lucky/.local/lib/python3.10/site-packages/airflow/example_dags/example_local_kubernetes_executor.py
[2024-04-01T22:11:51.814+0530] {processor.py:830} INFO - Processing file /home/lucky/.local/lib/python3.10/site-packages/airflow/example_dags/example_local_kubernetes_executor.py for tasks to queue
[2024-04-01T22:11:51.816+0530] {logging_mixin.py:188} INFO - [2024-04-01T22:11:51.815+0530] {dagbag.py:538} INFO - Filling up the DagBag from /home/lucky/.local/lib/python3.10/site-packages/airflow/example_dags/example_local_kubernetes_executor.py
[2024-04-01T22:11:52.094+0530] {processor.py:840} INFO - DAG(s) 'example_local_kubernetes_executor' retrieved from /home/lucky/.local/lib/python3.10/site-packages/airflow/example_dags/example_local_kubernetes_executor.py
[2024-04-01T22:11:52.119+0530] {logging_mixin.py:188} WARNING - /home/lucky/.local/lib/python3.10/site-packages/airflow/serialization/serialized_objects.py:1564 DeprecationWarning: This module is deprecated. The `cncf.kubernetes` provider before version 7.4.0 uses this module - you should migrate to a newer version of `cncf.kubernetes` to get rid of this warning. If you import the module via `airflow.kubernetes` import, please use `cncf.kubernetes' provider 7.4.0+ and switch all your imports to use `apache.airflow.providers.cncf.kubernetes` to get rid of the warning.
[2024-04-01T22:11:52.131+0530] {logging_mixin.py:188} INFO - [2024-04-01T22:11:52.130+0530] {dag.py:3036} INFO - Sync 1 DAGs
[2024-04-01T22:11:52.162+0530] {logging_mixin.py:188} INFO - [2024-04-01T22:11:52.161+0530] {dag.py:3823} INFO - Setting next_dagrun for example_local_kubernetes_executor to None, run_after=None
[2024-04-01T22:11:52.392+0530] {processor.py:183} INFO - Processing /home/lucky/.local/lib/python3.10/site-packages/airflow/example_dags/example_local_kubernetes_executor.py took 0.584 seconds
[2024-04-01T22:13:09.570+0530] {processor.py:161} INFO - Started process (PID=44921) to work on /home/lucky/.local/lib/python3.10/site-packages/airflow/example_dags/example_local_kubernetes_executor.py
[2024-04-01T22:13:09.573+0530] {processor.py:830} INFO - Processing file /home/lucky/.local/lib/python3.10/site-packages/airflow/example_dags/example_local_kubernetes_executor.py for tasks to queue
[2024-04-01T22:13:09.575+0530] {logging_mixin.py:188} INFO - [2024-04-01T22:13:09.574+0530] {dagbag.py:538} INFO - Filling up the DagBag from /home/lucky/.local/lib/python3.10/site-packages/airflow/example_dags/example_local_kubernetes_executor.py
[2024-04-01T22:13:10.446+0530] {processor.py:840} INFO - DAG(s) 'example_local_kubernetes_executor' retrieved from /home/lucky/.local/lib/python3.10/site-packages/airflow/example_dags/example_local_kubernetes_executor.py
[2024-04-01T22:13:10.483+0530] {logging_mixin.py:188} WARNING - /home/lucky/.local/lib/python3.10/site-packages/airflow/serialization/serialized_objects.py:1564 DeprecationWarning: This module is deprecated. The `cncf.kubernetes` provider before version 7.4.0 uses this module - you should migrate to a newer version of `cncf.kubernetes` to get rid of this warning. If you import the module via `airflow.kubernetes` import, please use `cncf.kubernetes' provider 7.4.0+ and switch all your imports to use `apache.airflow.providers.cncf.kubernetes` to get rid of the warning.
[2024-04-01T22:13:10.505+0530] {logging_mixin.py:188} INFO - [2024-04-01T22:13:10.503+0530] {dag.py:3036} INFO - Sync 1 DAGs
[2024-04-01T22:13:10.560+0530] {logging_mixin.py:188} INFO - [2024-04-01T22:13:10.559+0530] {dag.py:3823} INFO - Setting next_dagrun for example_local_kubernetes_executor to None, run_after=None
[2024-04-01T22:13:10.924+0530] {processor.py:183} INFO - Processing /home/lucky/.local/lib/python3.10/site-packages/airflow/example_dags/example_local_kubernetes_executor.py took 1.366 seconds
[2024-04-01T22:14:17.703+0530] {processor.py:161} INFO - Started process (PID=45712) to work on /home/lucky/.local/lib/python3.10/site-packages/airflow/example_dags/example_local_kubernetes_executor.py
[2024-04-01T22:14:17.705+0530] {processor.py:830} INFO - Processing file /home/lucky/.local/lib/python3.10/site-packages/airflow/example_dags/example_local_kubernetes_executor.py for tasks to queue
[2024-04-01T22:14:17.707+0530] {logging_mixin.py:188} INFO - [2024-04-01T22:14:17.706+0530] {dagbag.py:538} INFO - Filling up the DagBag from /home/lucky/.local/lib/python3.10/site-packages/airflow/example_dags/example_local_kubernetes_executor.py
[2024-04-01T22:14:18.083+0530] {processor.py:840} INFO - DAG(s) 'example_local_kubernetes_executor' retrieved from /home/lucky/.local/lib/python3.10/site-packages/airflow/example_dags/example_local_kubernetes_executor.py
[2024-04-01T22:14:18.109+0530] {logging_mixin.py:188} WARNING - /home/lucky/.local/lib/python3.10/site-packages/airflow/serialization/serialized_objects.py:1564 DeprecationWarning: This module is deprecated. The `cncf.kubernetes` provider before version 7.4.0 uses this module - you should migrate to a newer version of `cncf.kubernetes` to get rid of this warning. If you import the module via `airflow.kubernetes` import, please use `cncf.kubernetes' provider 7.4.0+ and switch all your imports to use `apache.airflow.providers.cncf.kubernetes` to get rid of the warning.
[2024-04-01T22:14:18.120+0530] {logging_mixin.py:188} INFO - [2024-04-01T22:14:18.119+0530] {dag.py:3036} INFO - Sync 1 DAGs
[2024-04-01T22:14:18.306+0530] {logging_mixin.py:188} INFO - [2024-04-01T22:14:18.306+0530] {dag.py:3823} INFO - Setting next_dagrun for example_local_kubernetes_executor to None, run_after=None
[2024-04-01T22:14:18.345+0530] {processor.py:183} INFO - Processing /home/lucky/.local/lib/python3.10/site-packages/airflow/example_dags/example_local_kubernetes_executor.py took 0.647 seconds
[2024-04-01T22:15:16.187+0530] {processor.py:161} INFO - Started process (PID=46731) to work on /home/lucky/.local/lib/python3.10/site-packages/airflow/example_dags/example_local_kubernetes_executor.py
[2024-04-01T22:15:16.190+0530] {processor.py:830} INFO - Processing file /home/lucky/.local/lib/python3.10/site-packages/airflow/example_dags/example_local_kubernetes_executor.py for tasks to queue
[2024-04-01T22:15:16.191+0530] {logging_mixin.py:188} INFO - [2024-04-01T22:15:16.190+0530] {dagbag.py:538} INFO - Filling up the DagBag from /home/lucky/.local/lib/python3.10/site-packages/airflow/example_dags/example_local_kubernetes_executor.py
[2024-04-01T22:15:16.467+0530] {processor.py:840} INFO - DAG(s) 'example_local_kubernetes_executor' retrieved from /home/lucky/.local/lib/python3.10/site-packages/airflow/example_dags/example_local_kubernetes_executor.py
[2024-04-01T22:15:16.492+0530] {logging_mixin.py:188} WARNING - /home/lucky/.local/lib/python3.10/site-packages/airflow/serialization/serialized_objects.py:1564 DeprecationWarning: This module is deprecated. The `cncf.kubernetes` provider before version 7.4.0 uses this module - you should migrate to a newer version of `cncf.kubernetes` to get rid of this warning. If you import the module via `airflow.kubernetes` import, please use `cncf.kubernetes' provider 7.4.0+ and switch all your imports to use `apache.airflow.providers.cncf.kubernetes` to get rid of the warning.
[2024-04-01T22:15:16.504+0530] {logging_mixin.py:188} INFO - [2024-04-01T22:15:16.503+0530] {dag.py:3036} INFO - Sync 1 DAGs
[2024-04-01T22:15:16.532+0530] {logging_mixin.py:188} INFO - [2024-04-01T22:15:16.531+0530] {dag.py:3823} INFO - Setting next_dagrun for example_local_kubernetes_executor to None, run_after=None
[2024-04-01T22:15:16.738+0530] {processor.py:183} INFO - Processing /home/lucky/.local/lib/python3.10/site-packages/airflow/example_dags/example_local_kubernetes_executor.py took 0.554 seconds
[2024-04-01T22:16:09.828+0530] {processor.py:161} INFO - Started process (PID=47516) to work on /home/lucky/.local/lib/python3.10/site-packages/airflow/example_dags/example_local_kubernetes_executor.py
[2024-04-01T22:16:09.829+0530] {processor.py:830} INFO - Processing file /home/lucky/.local/lib/python3.10/site-packages/airflow/example_dags/example_local_kubernetes_executor.py for tasks to queue
[2024-04-01T22:16:09.830+0530] {logging_mixin.py:188} INFO - [2024-04-01T22:16:09.830+0530] {dagbag.py:538} INFO - Filling up the DagBag from /home/lucky/.local/lib/python3.10/site-packages/airflow/example_dags/example_local_kubernetes_executor.py
[2024-04-01T22:16:10.014+0530] {processor.py:840} INFO - DAG(s) 'example_local_kubernetes_executor' retrieved from /home/lucky/.local/lib/python3.10/site-packages/airflow/example_dags/example_local_kubernetes_executor.py
[2024-04-01T22:16:10.036+0530] {logging_mixin.py:188} WARNING - /home/lucky/.local/lib/python3.10/site-packages/airflow/serialization/serialized_objects.py:1564 DeprecationWarning: This module is deprecated. The `cncf.kubernetes` provider before version 7.4.0 uses this module - you should migrate to a newer version of `cncf.kubernetes` to get rid of this warning. If you import the module via `airflow.kubernetes` import, please use `cncf.kubernetes' provider 7.4.0+ and switch all your imports to use `apache.airflow.providers.cncf.kubernetes` to get rid of the warning.
[2024-04-01T22:16:10.052+0530] {logging_mixin.py:188} INFO - [2024-04-01T22:16:10.051+0530] {dag.py:3036} INFO - Sync 1 DAGs
[2024-04-01T22:16:10.069+0530] {logging_mixin.py:188} INFO - [2024-04-01T22:16:10.068+0530] {dag.py:3823} INFO - Setting next_dagrun for example_local_kubernetes_executor to None, run_after=None
[2024-04-01T22:16:10.104+0530] {processor.py:183} INFO - Processing /home/lucky/.local/lib/python3.10/site-packages/airflow/example_dags/example_local_kubernetes_executor.py took 0.279 seconds
[2024-04-01T22:17:02.236+0530] {processor.py:161} INFO - Started process (PID=48341) to work on /home/lucky/.local/lib/python3.10/site-packages/airflow/example_dags/example_local_kubernetes_executor.py
[2024-04-01T22:17:02.241+0530] {processor.py:830} INFO - Processing file /home/lucky/.local/lib/python3.10/site-packages/airflow/example_dags/example_local_kubernetes_executor.py for tasks to queue
[2024-04-01T22:17:02.242+0530] {logging_mixin.py:188} INFO - [2024-04-01T22:17:02.241+0530] {dagbag.py:538} INFO - Filling up the DagBag from /home/lucky/.local/lib/python3.10/site-packages/airflow/example_dags/example_local_kubernetes_executor.py
[2024-04-01T22:17:02.444+0530] {processor.py:840} INFO - DAG(s) 'example_local_kubernetes_executor' retrieved from /home/lucky/.local/lib/python3.10/site-packages/airflow/example_dags/example_local_kubernetes_executor.py
[2024-04-01T22:17:02.581+0530] {logging_mixin.py:188} WARNING - /home/lucky/.local/lib/python3.10/site-packages/airflow/serialization/serialized_objects.py:1564 DeprecationWarning: This module is deprecated. The `cncf.kubernetes` provider before version 7.4.0 uses this module - you should migrate to a newer version of `cncf.kubernetes` to get rid of this warning. If you import the module via `airflow.kubernetes` import, please use `cncf.kubernetes' provider 7.4.0+ and switch all your imports to use `apache.airflow.providers.cncf.kubernetes` to get rid of the warning.
[2024-04-01T22:17:02.588+0530] {logging_mixin.py:188} INFO - [2024-04-01T22:17:02.587+0530] {dag.py:3036} INFO - Sync 1 DAGs
[2024-04-01T22:17:02.597+0530] {logging_mixin.py:188} INFO - [2024-04-01T22:17:02.597+0530] {dag.py:3823} INFO - Setting next_dagrun for example_local_kubernetes_executor to None, run_after=None
[2024-04-01T22:17:02.624+0530] {processor.py:183} INFO - Processing /home/lucky/.local/lib/python3.10/site-packages/airflow/example_dags/example_local_kubernetes_executor.py took 0.390 seconds
[2024-04-01T22:17:56.463+0530] {processor.py:161} INFO - Started process (PID=49300) to work on /home/lucky/.local/lib/python3.10/site-packages/airflow/example_dags/example_local_kubernetes_executor.py
[2024-04-01T22:17:56.465+0530] {processor.py:830} INFO - Processing file /home/lucky/.local/lib/python3.10/site-packages/airflow/example_dags/example_local_kubernetes_executor.py for tasks to queue
[2024-04-01T22:17:56.466+0530] {logging_mixin.py:188} INFO - [2024-04-01T22:17:56.465+0530] {dagbag.py:538} INFO - Filling up the DagBag from /home/lucky/.local/lib/python3.10/site-packages/airflow/example_dags/example_local_kubernetes_executor.py
[2024-04-01T22:17:56.690+0530] {processor.py:840} INFO - DAG(s) 'example_local_kubernetes_executor' retrieved from /home/lucky/.local/lib/python3.10/site-packages/airflow/example_dags/example_local_kubernetes_executor.py
[2024-04-01T22:17:56.709+0530] {logging_mixin.py:188} WARNING - /home/lucky/.local/lib/python3.10/site-packages/airflow/serialization/serialized_objects.py:1564 DeprecationWarning: This module is deprecated. The `cncf.kubernetes` provider before version 7.4.0 uses this module - you should migrate to a newer version of `cncf.kubernetes` to get rid of this warning. If you import the module via `airflow.kubernetes` import, please use `cncf.kubernetes' provider 7.4.0+ and switch all your imports to use `apache.airflow.providers.cncf.kubernetes` to get rid of the warning.
[2024-04-01T22:17:56.865+0530] {logging_mixin.py:188} INFO - [2024-04-01T22:17:56.718+0530] {dag.py:3036} INFO - Sync 1 DAGs
[2024-04-01T22:17:56.877+0530] {logging_mixin.py:188} INFO - [2024-04-01T22:17:56.876+0530] {dag.py:3823} INFO - Setting next_dagrun for example_local_kubernetes_executor to None, run_after=None
[2024-04-01T22:17:56.902+0530] {processor.py:183} INFO - Processing /home/lucky/.local/lib/python3.10/site-packages/airflow/example_dags/example_local_kubernetes_executor.py took 0.442 seconds
[2024-04-01T22:18:49.466+0530] {processor.py:161} INFO - Started process (PID=49953) to work on /home/lucky/.local/lib/python3.10/site-packages/airflow/example_dags/example_local_kubernetes_executor.py
[2024-04-01T22:18:49.468+0530] {processor.py:830} INFO - Processing file /home/lucky/.local/lib/python3.10/site-packages/airflow/example_dags/example_local_kubernetes_executor.py for tasks to queue
[2024-04-01T22:18:49.469+0530] {logging_mixin.py:188} INFO - [2024-04-01T22:18:49.469+0530] {dagbag.py:538} INFO - Filling up the DagBag from /home/lucky/.local/lib/python3.10/site-packages/airflow/example_dags/example_local_kubernetes_executor.py
[2024-04-01T22:18:49.676+0530] {processor.py:840} INFO - DAG(s) 'example_local_kubernetes_executor' retrieved from /home/lucky/.local/lib/python3.10/site-packages/airflow/example_dags/example_local_kubernetes_executor.py
[2024-04-01T22:18:49.690+0530] {logging_mixin.py:188} WARNING - /home/lucky/.local/lib/python3.10/site-packages/airflow/serialization/serialized_objects.py:1564 DeprecationWarning: This module is deprecated. The `cncf.kubernetes` provider before version 7.4.0 uses this module - you should migrate to a newer version of `cncf.kubernetes` to get rid of this warning. If you import the module via `airflow.kubernetes` import, please use `cncf.kubernetes' provider 7.4.0+ and switch all your imports to use `apache.airflow.providers.cncf.kubernetes` to get rid of the warning.
[2024-04-01T22:18:49.698+0530] {logging_mixin.py:188} INFO - [2024-04-01T22:18:49.697+0530] {dag.py:3036} INFO - Sync 1 DAGs
[2024-04-01T22:18:49.710+0530] {logging_mixin.py:188} INFO - [2024-04-01T22:18:49.710+0530] {dag.py:3823} INFO - Setting next_dagrun for example_local_kubernetes_executor to None, run_after=None
[2024-04-01T22:18:49.849+0530] {processor.py:183} INFO - Processing /home/lucky/.local/lib/python3.10/site-packages/airflow/example_dags/example_local_kubernetes_executor.py took 0.386 seconds
[2024-04-01T22:19:41.404+0530] {processor.py:161} INFO - Started process (PID=50893) to work on /home/lucky/.local/lib/python3.10/site-packages/airflow/example_dags/example_local_kubernetes_executor.py
[2024-04-01T22:19:41.406+0530] {processor.py:830} INFO - Processing file /home/lucky/.local/lib/python3.10/site-packages/airflow/example_dags/example_local_kubernetes_executor.py for tasks to queue
[2024-04-01T22:19:41.407+0530] {logging_mixin.py:188} INFO - [2024-04-01T22:19:41.407+0530] {dagbag.py:538} INFO - Filling up the DagBag from /home/lucky/.local/lib/python3.10/site-packages/airflow/example_dags/example_local_kubernetes_executor.py
[2024-04-01T22:19:41.775+0530] {processor.py:840} INFO - DAG(s) 'example_local_kubernetes_executor' retrieved from /home/lucky/.local/lib/python3.10/site-packages/airflow/example_dags/example_local_kubernetes_executor.py
[2024-04-01T22:19:41.791+0530] {logging_mixin.py:188} WARNING - /home/lucky/.local/lib/python3.10/site-packages/airflow/serialization/serialized_objects.py:1564 DeprecationWarning: This module is deprecated. The `cncf.kubernetes` provider before version 7.4.0 uses this module - you should migrate to a newer version of `cncf.kubernetes` to get rid of this warning. If you import the module via `airflow.kubernetes` import, please use `cncf.kubernetes' provider 7.4.0+ and switch all your imports to use `apache.airflow.providers.cncf.kubernetes` to get rid of the warning.
[2024-04-01T22:19:41.799+0530] {logging_mixin.py:188} INFO - [2024-04-01T22:19:41.799+0530] {dag.py:3036} INFO - Sync 1 DAGs
[2024-04-01T22:19:41.810+0530] {logging_mixin.py:188} INFO - [2024-04-01T22:19:41.809+0530] {dag.py:3823} INFO - Setting next_dagrun for example_local_kubernetes_executor to None, run_after=None
[2024-04-01T22:19:41.841+0530] {processor.py:183} INFO - Processing /home/lucky/.local/lib/python3.10/site-packages/airflow/example_dags/example_local_kubernetes_executor.py took 0.441 seconds
[2024-04-01T22:25:19.087+0530] {processor.py:161} INFO - Started process (PID=55996) to work on /home/lucky/.local/lib/python3.10/site-packages/airflow/example_dags/example_local_kubernetes_executor.py
[2024-04-01T22:25:19.088+0530] {processor.py:830} INFO - Processing file /home/lucky/.local/lib/python3.10/site-packages/airflow/example_dags/example_local_kubernetes_executor.py for tasks to queue
[2024-04-01T22:25:19.089+0530] {logging_mixin.py:188} INFO - [2024-04-01T22:25:19.089+0530] {dagbag.py:538} INFO - Filling up the DagBag from /home/lucky/.local/lib/python3.10/site-packages/airflow/example_dags/example_local_kubernetes_executor.py
[2024-04-01T22:25:19.307+0530] {processor.py:840} INFO - DAG(s) 'example_local_kubernetes_executor' retrieved from /home/lucky/.local/lib/python3.10/site-packages/airflow/example_dags/example_local_kubernetes_executor.py
[2024-04-01T22:25:19.323+0530] {logging_mixin.py:188} WARNING - /home/lucky/.local/lib/python3.10/site-packages/airflow/serialization/serialized_objects.py:1564 DeprecationWarning: This module is deprecated. The `cncf.kubernetes` provider before version 7.4.0 uses this module - you should migrate to a newer version of `cncf.kubernetes` to get rid of this warning. If you import the module via `airflow.kubernetes` import, please use `cncf.kubernetes' provider 7.4.0+ and switch all your imports to use `apache.airflow.providers.cncf.kubernetes` to get rid of the warning.
[2024-04-01T22:25:19.331+0530] {logging_mixin.py:188} INFO - [2024-04-01T22:25:19.331+0530] {dag.py:3036} INFO - Sync 1 DAGs
[2024-04-01T22:25:19.347+0530] {logging_mixin.py:188} INFO - [2024-04-01T22:25:19.347+0530] {dag.py:3823} INFO - Setting next_dagrun for example_local_kubernetes_executor to None, run_after=None
[2024-04-01T22:25:19.374+0530] {processor.py:183} INFO - Processing /home/lucky/.local/lib/python3.10/site-packages/airflow/example_dags/example_local_kubernetes_executor.py took 0.290 seconds
[2024-04-01T22:27:25.333+0530] {processor.py:161} INFO - Started process (PID=57776) to work on /home/lucky/.local/lib/python3.10/site-packages/airflow/example_dags/example_local_kubernetes_executor.py
[2024-04-01T22:27:25.335+0530] {processor.py:830} INFO - Processing file /home/lucky/.local/lib/python3.10/site-packages/airflow/example_dags/example_local_kubernetes_executor.py for tasks to queue
[2024-04-01T22:27:25.336+0530] {logging_mixin.py:188} INFO - [2024-04-01T22:27:25.336+0530] {dagbag.py:538} INFO - Filling up the DagBag from /home/lucky/.local/lib/python3.10/site-packages/airflow/example_dags/example_local_kubernetes_executor.py
[2024-04-01T22:27:25.560+0530] {processor.py:840} INFO - DAG(s) 'example_local_kubernetes_executor' retrieved from /home/lucky/.local/lib/python3.10/site-packages/airflow/example_dags/example_local_kubernetes_executor.py
[2024-04-01T22:27:25.576+0530] {logging_mixin.py:188} WARNING - /home/lucky/.local/lib/python3.10/site-packages/airflow/serialization/serialized_objects.py:1564 DeprecationWarning: This module is deprecated. The `cncf.kubernetes` provider before version 7.4.0 uses this module - you should migrate to a newer version of `cncf.kubernetes` to get rid of this warning. If you import the module via `airflow.kubernetes` import, please use `cncf.kubernetes' provider 7.4.0+ and switch all your imports to use `apache.airflow.providers.cncf.kubernetes` to get rid of the warning.
[2024-04-01T22:27:25.584+0530] {logging_mixin.py:188} INFO - [2024-04-01T22:27:25.583+0530] {dag.py:3036} INFO - Sync 1 DAGs
[2024-04-01T22:27:25.596+0530] {logging_mixin.py:188} INFO - [2024-04-01T22:27:25.596+0530] {dag.py:3823} INFO - Setting next_dagrun for example_local_kubernetes_executor to None, run_after=None
[2024-04-01T22:27:25.622+0530] {processor.py:183} INFO - Processing /home/lucky/.local/lib/python3.10/site-packages/airflow/example_dags/example_local_kubernetes_executor.py took 0.296 seconds
[2024-04-01T22:28:21.081+0530] {processor.py:161} INFO - Started process (PID=58818) to work on /home/lucky/.local/lib/python3.10/site-packages/airflow/example_dags/example_local_kubernetes_executor.py
[2024-04-01T22:28:21.083+0530] {processor.py:830} INFO - Processing file /home/lucky/.local/lib/python3.10/site-packages/airflow/example_dags/example_local_kubernetes_executor.py for tasks to queue
[2024-04-01T22:28:21.084+0530] {logging_mixin.py:188} INFO - [2024-04-01T22:28:21.084+0530] {dagbag.py:538} INFO - Filling up the DagBag from /home/lucky/.local/lib/python3.10/site-packages/airflow/example_dags/example_local_kubernetes_executor.py
[2024-04-01T22:28:21.293+0530] {processor.py:840} INFO - DAG(s) 'example_local_kubernetes_executor' retrieved from /home/lucky/.local/lib/python3.10/site-packages/airflow/example_dags/example_local_kubernetes_executor.py
[2024-04-01T22:28:21.315+0530] {logging_mixin.py:188} WARNING - /home/lucky/.local/lib/python3.10/site-packages/airflow/serialization/serialized_objects.py:1564 DeprecationWarning: This module is deprecated. The `cncf.kubernetes` provider before version 7.4.0 uses this module - you should migrate to a newer version of `cncf.kubernetes` to get rid of this warning. If you import the module via `airflow.kubernetes` import, please use `cncf.kubernetes' provider 7.4.0+ and switch all your imports to use `apache.airflow.providers.cncf.kubernetes` to get rid of the warning.
[2024-04-01T22:28:21.327+0530] {logging_mixin.py:188} INFO - [2024-04-01T22:28:21.326+0530] {dag.py:3036} INFO - Sync 1 DAGs
[2024-04-01T22:28:21.345+0530] {logging_mixin.py:188} INFO - [2024-04-01T22:28:21.345+0530] {dag.py:3823} INFO - Setting next_dagrun for example_local_kubernetes_executor to None, run_after=None
[2024-04-01T22:28:21.382+0530] {processor.py:183} INFO - Processing /home/lucky/.local/lib/python3.10/site-packages/airflow/example_dags/example_local_kubernetes_executor.py took 0.304 seconds
[2024-04-01T22:29:16.611+0530] {processor.py:161} INFO - Started process (PID=59887) to work on /home/lucky/.local/lib/python3.10/site-packages/airflow/example_dags/example_local_kubernetes_executor.py
[2024-04-01T22:29:16.613+0530] {processor.py:830} INFO - Processing file /home/lucky/.local/lib/python3.10/site-packages/airflow/example_dags/example_local_kubernetes_executor.py for tasks to queue
[2024-04-01T22:29:16.614+0530] {logging_mixin.py:188} INFO - [2024-04-01T22:29:16.614+0530] {dagbag.py:538} INFO - Filling up the DagBag from /home/lucky/.local/lib/python3.10/site-packages/airflow/example_dags/example_local_kubernetes_executor.py
[2024-04-01T22:29:16.859+0530] {processor.py:840} INFO - DAG(s) 'example_local_kubernetes_executor' retrieved from /home/lucky/.local/lib/python3.10/site-packages/airflow/example_dags/example_local_kubernetes_executor.py
[2024-04-01T22:29:16.875+0530] {logging_mixin.py:188} WARNING - /home/lucky/.local/lib/python3.10/site-packages/airflow/serialization/serialized_objects.py:1564 DeprecationWarning: This module is deprecated. The `cncf.kubernetes` provider before version 7.4.0 uses this module - you should migrate to a newer version of `cncf.kubernetes` to get rid of this warning. If you import the module via `airflow.kubernetes` import, please use `cncf.kubernetes' provider 7.4.0+ and switch all your imports to use `apache.airflow.providers.cncf.kubernetes` to get rid of the warning.
[2024-04-01T22:29:16.882+0530] {logging_mixin.py:188} INFO - [2024-04-01T22:29:16.881+0530] {dag.py:3036} INFO - Sync 1 DAGs
[2024-04-01T22:29:16.893+0530] {logging_mixin.py:188} INFO - [2024-04-01T22:29:16.893+0530] {dag.py:3823} INFO - Setting next_dagrun for example_local_kubernetes_executor to None, run_after=None
[2024-04-01T22:29:16.917+0530] {processor.py:183} INFO - Processing /home/lucky/.local/lib/python3.10/site-packages/airflow/example_dags/example_local_kubernetes_executor.py took 0.309 seconds
[2024-04-01T22:30:11.179+0530] {processor.py:161} INFO - Started process (PID=60582) to work on /home/lucky/.local/lib/python3.10/site-packages/airflow/example_dags/example_local_kubernetes_executor.py
[2024-04-01T22:30:11.181+0530] {processor.py:830} INFO - Processing file /home/lucky/.local/lib/python3.10/site-packages/airflow/example_dags/example_local_kubernetes_executor.py for tasks to queue
[2024-04-01T22:30:11.182+0530] {logging_mixin.py:188} INFO - [2024-04-01T22:30:11.181+0530] {dagbag.py:538} INFO - Filling up the DagBag from /home/lucky/.local/lib/python3.10/site-packages/airflow/example_dags/example_local_kubernetes_executor.py
[2024-04-01T22:30:11.398+0530] {processor.py:840} INFO - DAG(s) 'example_local_kubernetes_executor' retrieved from /home/lucky/.local/lib/python3.10/site-packages/airflow/example_dags/example_local_kubernetes_executor.py
[2024-04-01T22:30:11.415+0530] {logging_mixin.py:188} WARNING - /home/lucky/.local/lib/python3.10/site-packages/airflow/serialization/serialized_objects.py:1564 DeprecationWarning: This module is deprecated. The `cncf.kubernetes` provider before version 7.4.0 uses this module - you should migrate to a newer version of `cncf.kubernetes` to get rid of this warning. If you import the module via `airflow.kubernetes` import, please use `cncf.kubernetes' provider 7.4.0+ and switch all your imports to use `apache.airflow.providers.cncf.kubernetes` to get rid of the warning.
[2024-04-01T22:30:11.422+0530] {logging_mixin.py:188} INFO - [2024-04-01T22:30:11.422+0530] {dag.py:3036} INFO - Sync 1 DAGs
[2024-04-01T22:30:11.436+0530] {logging_mixin.py:188} INFO - [2024-04-01T22:30:11.435+0530] {dag.py:3823} INFO - Setting next_dagrun for example_local_kubernetes_executor to None, run_after=None
[2024-04-01T22:30:11.472+0530] {processor.py:183} INFO - Processing /home/lucky/.local/lib/python3.10/site-packages/airflow/example_dags/example_local_kubernetes_executor.py took 0.296 seconds
[2024-04-01T22:30:57.308+0530] {processor.py:161} INFO - Started process (PID=61433) to work on /home/lucky/.local/lib/python3.10/site-packages/airflow/example_dags/example_local_kubernetes_executor.py
[2024-04-01T22:30:57.313+0530] {processor.py:830} INFO - Processing file /home/lucky/.local/lib/python3.10/site-packages/airflow/example_dags/example_local_kubernetes_executor.py for tasks to queue
[2024-04-01T22:30:57.315+0530] {logging_mixin.py:188} INFO - [2024-04-01T22:30:57.314+0530] {dagbag.py:538} INFO - Filling up the DagBag from /home/lucky/.local/lib/python3.10/site-packages/airflow/example_dags/example_local_kubernetes_executor.py
[2024-04-01T22:30:57.565+0530] {processor.py:840} INFO - DAG(s) 'example_local_kubernetes_executor' retrieved from /home/lucky/.local/lib/python3.10/site-packages/airflow/example_dags/example_local_kubernetes_executor.py
[2024-04-01T22:30:57.580+0530] {logging_mixin.py:188} WARNING - /home/lucky/.local/lib/python3.10/site-packages/airflow/serialization/serialized_objects.py:1564 DeprecationWarning: This module is deprecated. The `cncf.kubernetes` provider before version 7.4.0 uses this module - you should migrate to a newer version of `cncf.kubernetes` to get rid of this warning. If you import the module via `airflow.kubernetes` import, please use `cncf.kubernetes' provider 7.4.0+ and switch all your imports to use `apache.airflow.providers.cncf.kubernetes` to get rid of the warning.
[2024-04-01T22:30:57.590+0530] {logging_mixin.py:188} INFO - [2024-04-01T22:30:57.587+0530] {dag.py:3036} INFO - Sync 1 DAGs
[2024-04-01T22:30:57.601+0530] {logging_mixin.py:188} INFO - [2024-04-01T22:30:57.601+0530] {dag.py:3823} INFO - Setting next_dagrun for example_local_kubernetes_executor to None, run_after=None
[2024-04-01T22:30:57.627+0530] {processor.py:183} INFO - Processing /home/lucky/.local/lib/python3.10/site-packages/airflow/example_dags/example_local_kubernetes_executor.py took 0.323 seconds
[2024-04-01T22:31:45.491+0530] {processor.py:161} INFO - Started process (PID=62010) to work on /home/lucky/.local/lib/python3.10/site-packages/airflow/example_dags/example_local_kubernetes_executor.py
[2024-04-01T22:31:45.493+0530] {processor.py:830} INFO - Processing file /home/lucky/.local/lib/python3.10/site-packages/airflow/example_dags/example_local_kubernetes_executor.py for tasks to queue
[2024-04-01T22:31:45.495+0530] {logging_mixin.py:188} INFO - [2024-04-01T22:31:45.494+0530] {dagbag.py:538} INFO - Filling up the DagBag from /home/lucky/.local/lib/python3.10/site-packages/airflow/example_dags/example_local_kubernetes_executor.py
[2024-04-01T22:31:45.708+0530] {processor.py:840} INFO - DAG(s) 'example_local_kubernetes_executor' retrieved from /home/lucky/.local/lib/python3.10/site-packages/airflow/example_dags/example_local_kubernetes_executor.py
[2024-04-01T22:31:45.723+0530] {logging_mixin.py:188} WARNING - /home/lucky/.local/lib/python3.10/site-packages/airflow/serialization/serialized_objects.py:1564 DeprecationWarning: This module is deprecated. The `cncf.kubernetes` provider before version 7.4.0 uses this module - you should migrate to a newer version of `cncf.kubernetes` to get rid of this warning. If you import the module via `airflow.kubernetes` import, please use `cncf.kubernetes' provider 7.4.0+ and switch all your imports to use `apache.airflow.providers.cncf.kubernetes` to get rid of the warning.
[2024-04-01T22:31:45.730+0530] {logging_mixin.py:188} INFO - [2024-04-01T22:31:45.730+0530] {dag.py:3036} INFO - Sync 1 DAGs
[2024-04-01T22:31:45.742+0530] {logging_mixin.py:188} INFO - [2024-04-01T22:31:45.742+0530] {dag.py:3823} INFO - Setting next_dagrun for example_local_kubernetes_executor to None, run_after=None
[2024-04-01T22:31:45.769+0530] {processor.py:183} INFO - Processing /home/lucky/.local/lib/python3.10/site-packages/airflow/example_dags/example_local_kubernetes_executor.py took 0.281 seconds
[2024-04-01T22:32:44.702+0530] {processor.py:161} INFO - Started process (PID=63040) to work on /home/lucky/.local/lib/python3.10/site-packages/airflow/example_dags/example_local_kubernetes_executor.py
[2024-04-01T22:32:44.703+0530] {processor.py:830} INFO - Processing file /home/lucky/.local/lib/python3.10/site-packages/airflow/example_dags/example_local_kubernetes_executor.py for tasks to queue
[2024-04-01T22:32:44.704+0530] {logging_mixin.py:188} INFO - [2024-04-01T22:32:44.704+0530] {dagbag.py:538} INFO - Filling up the DagBag from /home/lucky/.local/lib/python3.10/site-packages/airflow/example_dags/example_local_kubernetes_executor.py
[2024-04-01T22:32:44.971+0530] {processor.py:840} INFO - DAG(s) 'example_local_kubernetes_executor' retrieved from /home/lucky/.local/lib/python3.10/site-packages/airflow/example_dags/example_local_kubernetes_executor.py
[2024-04-01T22:32:44.989+0530] {logging_mixin.py:188} WARNING - /home/lucky/.local/lib/python3.10/site-packages/airflow/serialization/serialized_objects.py:1564 DeprecationWarning: This module is deprecated. The `cncf.kubernetes` provider before version 7.4.0 uses this module - you should migrate to a newer version of `cncf.kubernetes` to get rid of this warning. If you import the module via `airflow.kubernetes` import, please use `cncf.kubernetes' provider 7.4.0+ and switch all your imports to use `apache.airflow.providers.cncf.kubernetes` to get rid of the warning.
[2024-04-01T22:32:45.001+0530] {logging_mixin.py:188} INFO - [2024-04-01T22:32:45.000+0530] {dag.py:3036} INFO - Sync 1 DAGs
[2024-04-01T22:32:45.014+0530] {logging_mixin.py:188} INFO - [2024-04-01T22:32:45.014+0530] {dag.py:3823} INFO - Setting next_dagrun for example_local_kubernetes_executor to None, run_after=None
[2024-04-01T22:32:45.041+0530] {processor.py:183} INFO - Processing /home/lucky/.local/lib/python3.10/site-packages/airflow/example_dags/example_local_kubernetes_executor.py took 0.342 seconds
[2024-04-01T23:06:25.607+0530] {processor.py:161} INFO - Started process (PID=5893) to work on /home/lucky/.local/lib/python3.10/site-packages/airflow/example_dags/example_local_kubernetes_executor.py
[2024-04-01T23:06:25.610+0530] {processor.py:830} INFO - Processing file /home/lucky/.local/lib/python3.10/site-packages/airflow/example_dags/example_local_kubernetes_executor.py for tasks to queue
[2024-04-01T23:06:25.612+0530] {logging_mixin.py:188} INFO - [2024-04-01T23:06:25.611+0530] {dagbag.py:538} INFO - Filling up the DagBag from /home/lucky/.local/lib/python3.10/site-packages/airflow/example_dags/example_local_kubernetes_executor.py
[2024-04-01T23:06:26.244+0530] {processor.py:840} INFO - DAG(s) 'example_local_kubernetes_executor' retrieved from /home/lucky/.local/lib/python3.10/site-packages/airflow/example_dags/example_local_kubernetes_executor.py
[2024-04-01T23:06:26.263+0530] {logging_mixin.py:188} WARNING - /home/lucky/.local/lib/python3.10/site-packages/airflow/serialization/serialized_objects.py:1564 DeprecationWarning: This module is deprecated. The `cncf.kubernetes` provider before version 7.4.0 uses this module - you should migrate to a newer version of `cncf.kubernetes` to get rid of this warning. If you import the module via `airflow.kubernetes` import, please use `cncf.kubernetes' provider 7.4.0+ and switch all your imports to use `apache.airflow.providers.cncf.kubernetes` to get rid of the warning.
[2024-04-01T23:06:26.272+0530] {logging_mixin.py:188} INFO - [2024-04-01T23:06:26.271+0530] {dag.py:3036} INFO - Sync 1 DAGs
[2024-04-01T23:06:26.285+0530] {logging_mixin.py:188} INFO - [2024-04-01T23:06:26.285+0530] {dag.py:3823} INFO - Setting next_dagrun for example_local_kubernetes_executor to None, run_after=None
[2024-04-01T23:06:26.312+0530] {processor.py:183} INFO - Processing /home/lucky/.local/lib/python3.10/site-packages/airflow/example_dags/example_local_kubernetes_executor.py took 0.711 seconds
[2024-04-01T23:07:23.893+0530] {processor.py:161} INFO - Started process (PID=6892) to work on /home/lucky/.local/lib/python3.10/site-packages/airflow/example_dags/example_local_kubernetes_executor.py
[2024-04-01T23:07:23.894+0530] {processor.py:830} INFO - Processing file /home/lucky/.local/lib/python3.10/site-packages/airflow/example_dags/example_local_kubernetes_executor.py for tasks to queue
[2024-04-01T23:07:23.895+0530] {logging_mixin.py:188} INFO - [2024-04-01T23:07:23.895+0530] {dagbag.py:538} INFO - Filling up the DagBag from /home/lucky/.local/lib/python3.10/site-packages/airflow/example_dags/example_local_kubernetes_executor.py
[2024-04-01T23:07:24.078+0530] {processor.py:840} INFO - DAG(s) 'example_local_kubernetes_executor' retrieved from /home/lucky/.local/lib/python3.10/site-packages/airflow/example_dags/example_local_kubernetes_executor.py
[2024-04-01T23:07:24.095+0530] {logging_mixin.py:188} WARNING - /home/lucky/.local/lib/python3.10/site-packages/airflow/serialization/serialized_objects.py:1564 DeprecationWarning: This module is deprecated. The `cncf.kubernetes` provider before version 7.4.0 uses this module - you should migrate to a newer version of `cncf.kubernetes` to get rid of this warning. If you import the module via `airflow.kubernetes` import, please use `cncf.kubernetes' provider 7.4.0+ and switch all your imports to use `apache.airflow.providers.cncf.kubernetes` to get rid of the warning.
[2024-04-01T23:07:24.102+0530] {logging_mixin.py:188} INFO - [2024-04-01T23:07:24.101+0530] {dag.py:3036} INFO - Sync 1 DAGs
[2024-04-01T23:07:24.112+0530] {logging_mixin.py:188} INFO - [2024-04-01T23:07:24.112+0530] {dag.py:3823} INFO - Setting next_dagrun for example_local_kubernetes_executor to None, run_after=None
[2024-04-01T23:07:24.135+0530] {processor.py:183} INFO - Processing /home/lucky/.local/lib/python3.10/site-packages/airflow/example_dags/example_local_kubernetes_executor.py took 0.245 seconds
[2024-04-01T23:11:18.966+0530] {processor.py:161} INFO - Started process (PID=10475) to work on /home/lucky/.local/lib/python3.10/site-packages/airflow/example_dags/example_local_kubernetes_executor.py
[2024-04-01T23:11:18.968+0530] {processor.py:830} INFO - Processing file /home/lucky/.local/lib/python3.10/site-packages/airflow/example_dags/example_local_kubernetes_executor.py for tasks to queue
[2024-04-01T23:11:18.969+0530] {logging_mixin.py:188} INFO - [2024-04-01T23:11:18.969+0530] {dagbag.py:538} INFO - Filling up the DagBag from /home/lucky/.local/lib/python3.10/site-packages/airflow/example_dags/example_local_kubernetes_executor.py
[2024-04-01T23:11:19.526+0530] {processor.py:840} INFO - DAG(s) 'example_local_kubernetes_executor' retrieved from /home/lucky/.local/lib/python3.10/site-packages/airflow/example_dags/example_local_kubernetes_executor.py
[2024-04-01T23:11:19.543+0530] {logging_mixin.py:188} WARNING - /home/lucky/.local/lib/python3.10/site-packages/airflow/serialization/serialized_objects.py:1564 DeprecationWarning: This module is deprecated. The `cncf.kubernetes` provider before version 7.4.0 uses this module - you should migrate to a newer version of `cncf.kubernetes` to get rid of this warning. If you import the module via `airflow.kubernetes` import, please use `cncf.kubernetes' provider 7.4.0+ and switch all your imports to use `apache.airflow.providers.cncf.kubernetes` to get rid of the warning.
[2024-04-01T23:11:19.553+0530] {logging_mixin.py:188} INFO - [2024-04-01T23:11:19.552+0530] {dag.py:3036} INFO - Sync 1 DAGs
[2024-04-01T23:11:19.568+0530] {logging_mixin.py:188} INFO - [2024-04-01T23:11:19.567+0530] {dag.py:3823} INFO - Setting next_dagrun for example_local_kubernetes_executor to None, run_after=None
[2024-04-01T23:11:19.594+0530] {processor.py:183} INFO - Processing /home/lucky/.local/lib/python3.10/site-packages/airflow/example_dags/example_local_kubernetes_executor.py took 0.632 seconds
[2024-04-01T23:12:22.556+0530] {processor.py:161} INFO - Started process (PID=11212) to work on /home/lucky/.local/lib/python3.10/site-packages/airflow/example_dags/example_local_kubernetes_executor.py
[2024-04-01T23:12:22.563+0530] {processor.py:830} INFO - Processing file /home/lucky/.local/lib/python3.10/site-packages/airflow/example_dags/example_local_kubernetes_executor.py for tasks to queue
[2024-04-01T23:12:22.568+0530] {logging_mixin.py:188} INFO - [2024-04-01T23:12:22.567+0530] {dagbag.py:538} INFO - Filling up the DagBag from /home/lucky/.local/lib/python3.10/site-packages/airflow/example_dags/example_local_kubernetes_executor.py
[2024-04-01T23:12:23.085+0530] {processor.py:840} INFO - DAG(s) 'example_local_kubernetes_executor' retrieved from /home/lucky/.local/lib/python3.10/site-packages/airflow/example_dags/example_local_kubernetes_executor.py
[2024-04-01T23:12:23.116+0530] {logging_mixin.py:188} WARNING - /home/lucky/.local/lib/python3.10/site-packages/airflow/serialization/serialized_objects.py:1564 DeprecationWarning: This module is deprecated. The `cncf.kubernetes` provider before version 7.4.0 uses this module - you should migrate to a newer version of `cncf.kubernetes` to get rid of this warning. If you import the module via `airflow.kubernetes` import, please use `cncf.kubernetes' provider 7.4.0+ and switch all your imports to use `apache.airflow.providers.cncf.kubernetes` to get rid of the warning.
[2024-04-01T23:12:23.133+0530] {logging_mixin.py:188} INFO - [2024-04-01T23:12:23.132+0530] {dag.py:3036} INFO - Sync 1 DAGs
[2024-04-01T23:12:23.160+0530] {logging_mixin.py:188} INFO - [2024-04-01T23:12:23.159+0530] {dag.py:3823} INFO - Setting next_dagrun for example_local_kubernetes_executor to None, run_after=None
[2024-04-01T23:12:23.206+0530] {processor.py:183} INFO - Processing /home/lucky/.local/lib/python3.10/site-packages/airflow/example_dags/example_local_kubernetes_executor.py took 0.654 seconds
[2024-04-01T23:13:22.583+0530] {processor.py:161} INFO - Started process (PID=12195) to work on /home/lucky/.local/lib/python3.10/site-packages/airflow/example_dags/example_local_kubernetes_executor.py
[2024-04-01T23:13:22.584+0530] {processor.py:830} INFO - Processing file /home/lucky/.local/lib/python3.10/site-packages/airflow/example_dags/example_local_kubernetes_executor.py for tasks to queue
[2024-04-01T23:13:22.585+0530] {logging_mixin.py:188} INFO - [2024-04-01T23:13:22.585+0530] {dagbag.py:538} INFO - Filling up the DagBag from /home/lucky/.local/lib/python3.10/site-packages/airflow/example_dags/example_local_kubernetes_executor.py
[2024-04-01T23:13:22.829+0530] {processor.py:840} INFO - DAG(s) 'example_local_kubernetes_executor' retrieved from /home/lucky/.local/lib/python3.10/site-packages/airflow/example_dags/example_local_kubernetes_executor.py
[2024-04-01T23:13:22.848+0530] {logging_mixin.py:188} WARNING - /home/lucky/.local/lib/python3.10/site-packages/airflow/serialization/serialized_objects.py:1564 DeprecationWarning: This module is deprecated. The `cncf.kubernetes` provider before version 7.4.0 uses this module - you should migrate to a newer version of `cncf.kubernetes` to get rid of this warning. If you import the module via `airflow.kubernetes` import, please use `cncf.kubernetes' provider 7.4.0+ and switch all your imports to use `apache.airflow.providers.cncf.kubernetes` to get rid of the warning.
[2024-04-01T23:13:22.856+0530] {logging_mixin.py:188} INFO - [2024-04-01T23:13:22.856+0530] {dag.py:3036} INFO - Sync 1 DAGs
[2024-04-01T23:13:22.873+0530] {logging_mixin.py:188} INFO - [2024-04-01T23:13:22.873+0530] {dag.py:3823} INFO - Setting next_dagrun for example_local_kubernetes_executor to None, run_after=None
[2024-04-01T23:13:22.904+0530] {processor.py:183} INFO - Processing /home/lucky/.local/lib/python3.10/site-packages/airflow/example_dags/example_local_kubernetes_executor.py took 0.325 seconds
[2024-04-01T23:14:20.182+0530] {processor.py:161} INFO - Started process (PID=12871) to work on /home/lucky/.local/lib/python3.10/site-packages/airflow/example_dags/example_local_kubernetes_executor.py
[2024-04-01T23:14:20.184+0530] {processor.py:830} INFO - Processing file /home/lucky/.local/lib/python3.10/site-packages/airflow/example_dags/example_local_kubernetes_executor.py for tasks to queue
[2024-04-01T23:14:20.185+0530] {logging_mixin.py:188} INFO - [2024-04-01T23:14:20.184+0530] {dagbag.py:538} INFO - Filling up the DagBag from /home/lucky/.local/lib/python3.10/site-packages/airflow/example_dags/example_local_kubernetes_executor.py
[2024-04-01T23:14:20.457+0530] {processor.py:840} INFO - DAG(s) 'example_local_kubernetes_executor' retrieved from /home/lucky/.local/lib/python3.10/site-packages/airflow/example_dags/example_local_kubernetes_executor.py
[2024-04-01T23:14:20.491+0530] {logging_mixin.py:188} WARNING - /home/lucky/.local/lib/python3.10/site-packages/airflow/serialization/serialized_objects.py:1564 DeprecationWarning: This module is deprecated. The `cncf.kubernetes` provider before version 7.4.0 uses this module - you should migrate to a newer version of `cncf.kubernetes` to get rid of this warning. If you import the module via `airflow.kubernetes` import, please use `cncf.kubernetes' provider 7.4.0+ and switch all your imports to use `apache.airflow.providers.cncf.kubernetes` to get rid of the warning.
[2024-04-01T23:14:20.508+0530] {logging_mixin.py:188} INFO - [2024-04-01T23:14:20.506+0530] {dag.py:3036} INFO - Sync 1 DAGs
[2024-04-01T23:14:20.539+0530] {logging_mixin.py:188} INFO - [2024-04-01T23:14:20.538+0530] {dag.py:3823} INFO - Setting next_dagrun for example_local_kubernetes_executor to None, run_after=None
[2024-04-01T23:14:20.574+0530] {processor.py:183} INFO - Processing /home/lucky/.local/lib/python3.10/site-packages/airflow/example_dags/example_local_kubernetes_executor.py took 0.396 seconds
[2024-04-01T23:15:20.716+0530] {processor.py:161} INFO - Started process (PID=13886) to work on /home/lucky/.local/lib/python3.10/site-packages/airflow/example_dags/example_local_kubernetes_executor.py
[2024-04-01T23:15:20.718+0530] {processor.py:830} INFO - Processing file /home/lucky/.local/lib/python3.10/site-packages/airflow/example_dags/example_local_kubernetes_executor.py for tasks to queue
[2024-04-01T23:15:20.719+0530] {logging_mixin.py:188} INFO - [2024-04-01T23:15:20.719+0530] {dagbag.py:538} INFO - Filling up the DagBag from /home/lucky/.local/lib/python3.10/site-packages/airflow/example_dags/example_local_kubernetes_executor.py
[2024-04-01T23:15:20.926+0530] {processor.py:840} INFO - DAG(s) 'example_local_kubernetes_executor' retrieved from /home/lucky/.local/lib/python3.10/site-packages/airflow/example_dags/example_local_kubernetes_executor.py
[2024-04-01T23:15:20.940+0530] {logging_mixin.py:188} WARNING - /home/lucky/.local/lib/python3.10/site-packages/airflow/serialization/serialized_objects.py:1564 DeprecationWarning: This module is deprecated. The `cncf.kubernetes` provider before version 7.4.0 uses this module - you should migrate to a newer version of `cncf.kubernetes` to get rid of this warning. If you import the module via `airflow.kubernetes` import, please use `cncf.kubernetes' provider 7.4.0+ and switch all your imports to use `apache.airflow.providers.cncf.kubernetes` to get rid of the warning.
[2024-04-01T23:15:20.947+0530] {logging_mixin.py:188} INFO - [2024-04-01T23:15:20.947+0530] {dag.py:3036} INFO - Sync 1 DAGs
[2024-04-01T23:15:20.960+0530] {logging_mixin.py:188} INFO - [2024-04-01T23:15:20.960+0530] {dag.py:3823} INFO - Setting next_dagrun for example_local_kubernetes_executor to None, run_after=None
[2024-04-01T23:15:20.984+0530] {processor.py:183} INFO - Processing /home/lucky/.local/lib/python3.10/site-packages/airflow/example_dags/example_local_kubernetes_executor.py took 0.271 seconds
[2024-04-01T23:16:12.571+0530] {processor.py:161} INFO - Started process (PID=14797) to work on /home/lucky/.local/lib/python3.10/site-packages/airflow/example_dags/example_local_kubernetes_executor.py
[2024-04-01T23:16:12.573+0530] {processor.py:830} INFO - Processing file /home/lucky/.local/lib/python3.10/site-packages/airflow/example_dags/example_local_kubernetes_executor.py for tasks to queue
[2024-04-01T23:16:12.574+0530] {logging_mixin.py:188} INFO - [2024-04-01T23:16:12.574+0530] {dagbag.py:538} INFO - Filling up the DagBag from /home/lucky/.local/lib/python3.10/site-packages/airflow/example_dags/example_local_kubernetes_executor.py
[2024-04-01T23:16:12.762+0530] {processor.py:840} INFO - DAG(s) 'example_local_kubernetes_executor' retrieved from /home/lucky/.local/lib/python3.10/site-packages/airflow/example_dags/example_local_kubernetes_executor.py
[2024-04-01T23:16:12.778+0530] {logging_mixin.py:188} WARNING - /home/lucky/.local/lib/python3.10/site-packages/airflow/serialization/serialized_objects.py:1564 DeprecationWarning: This module is deprecated. The `cncf.kubernetes` provider before version 7.4.0 uses this module - you should migrate to a newer version of `cncf.kubernetes` to get rid of this warning. If you import the module via `airflow.kubernetes` import, please use `cncf.kubernetes' provider 7.4.0+ and switch all your imports to use `apache.airflow.providers.cncf.kubernetes` to get rid of the warning.
[2024-04-01T23:16:12.784+0530] {logging_mixin.py:188} INFO - [2024-04-01T23:16:12.784+0530] {dag.py:3036} INFO - Sync 1 DAGs
[2024-04-01T23:16:12.795+0530] {logging_mixin.py:188} INFO - [2024-04-01T23:16:12.795+0530] {dag.py:3823} INFO - Setting next_dagrun for example_local_kubernetes_executor to None, run_after=None
[2024-04-01T23:16:12.819+0530] {processor.py:183} INFO - Processing /home/lucky/.local/lib/python3.10/site-packages/airflow/example_dags/example_local_kubernetes_executor.py took 0.251 seconds
