[2024-04-01T21:42:32.843+0530] {processor.py:161} INFO - Started process (PID=18042) to work on /home/lucky/.local/lib/python3.10/site-packages/airflow/example_dags/example_dag_decorator.py
[2024-04-01T21:42:32.845+0530] {processor.py:830} INFO - Processing file /home/lucky/.local/lib/python3.10/site-packages/airflow/example_dags/example_dag_decorator.py for tasks to queue
[2024-04-01T21:42:32.847+0530] {logging_mixin.py:188} INFO - [2024-04-01T21:42:32.846+0530] {dagbag.py:538} INFO - Filling up the DagBag from /home/lucky/.local/lib/python3.10/site-packages/airflow/example_dags/example_dag_decorator.py
[2024-04-01T21:42:33.003+0530] {processor.py:840} INFO - DAG(s) 'example_dag_decorator' retrieved from /home/lucky/.local/lib/python3.10/site-packages/airflow/example_dags/example_dag_decorator.py
[2024-04-01T21:42:33.205+0530] {logging_mixin.py:188} INFO - [2024-04-01T21:42:33.204+0530] {dag.py:3036} INFO - Sync 1 DAGs
[2024-04-01T21:42:33.227+0530] {logging_mixin.py:188} INFO - [2024-04-01T21:42:33.226+0530] {dag.py:3823} INFO - Setting next_dagrun for example_dag_decorator to None, run_after=None
[2024-04-01T21:42:33.277+0530] {processor.py:183} INFO - Processing /home/lucky/.local/lib/python3.10/site-packages/airflow/example_dags/example_dag_decorator.py took 0.440 seconds
[2024-04-01T21:43:57.447+0530] {processor.py:161} INFO - Started process (PID=19268) to work on /home/lucky/.local/lib/python3.10/site-packages/airflow/example_dags/example_dag_decorator.py
[2024-04-01T21:43:57.450+0530] {processor.py:830} INFO - Processing file /home/lucky/.local/lib/python3.10/site-packages/airflow/example_dags/example_dag_decorator.py for tasks to queue
[2024-04-01T21:43:57.452+0530] {logging_mixin.py:188} INFO - [2024-04-01T21:43:57.452+0530] {dagbag.py:538} INFO - Filling up the DagBag from /home/lucky/.local/lib/python3.10/site-packages/airflow/example_dags/example_dag_decorator.py
[2024-04-01T21:43:57.696+0530] {processor.py:840} INFO - DAG(s) 'example_dag_decorator' retrieved from /home/lucky/.local/lib/python3.10/site-packages/airflow/example_dags/example_dag_decorator.py
[2024-04-01T21:43:57.985+0530] {logging_mixin.py:188} INFO - [2024-04-01T21:43:57.984+0530] {dag.py:3036} INFO - Sync 1 DAGs
[2024-04-01T21:43:58.019+0530] {logging_mixin.py:188} INFO - [2024-04-01T21:43:58.018+0530] {dag.py:3823} INFO - Setting next_dagrun for example_dag_decorator to None, run_after=None
[2024-04-01T21:43:58.076+0530] {processor.py:183} INFO - Processing /home/lucky/.local/lib/python3.10/site-packages/airflow/example_dags/example_dag_decorator.py took 0.635 seconds
[2024-04-01T21:45:03.024+0530] {processor.py:161} INFO - Started process (PID=20206) to work on /home/lucky/.local/lib/python3.10/site-packages/airflow/example_dags/example_dag_decorator.py
[2024-04-01T21:45:03.028+0530] {processor.py:830} INFO - Processing file /home/lucky/.local/lib/python3.10/site-packages/airflow/example_dags/example_dag_decorator.py for tasks to queue
[2024-04-01T21:45:03.029+0530] {logging_mixin.py:188} INFO - [2024-04-01T21:45:03.028+0530] {dagbag.py:538} INFO - Filling up the DagBag from /home/lucky/.local/lib/python3.10/site-packages/airflow/example_dags/example_dag_decorator.py
[2024-04-01T21:45:03.228+0530] {processor.py:840} INFO - DAG(s) 'example_dag_decorator' retrieved from /home/lucky/.local/lib/python3.10/site-packages/airflow/example_dags/example_dag_decorator.py
[2024-04-01T21:45:03.359+0530] {logging_mixin.py:188} INFO - [2024-04-01T21:45:03.358+0530] {dag.py:3036} INFO - Sync 1 DAGs
[2024-04-01T21:45:03.371+0530] {logging_mixin.py:188} INFO - [2024-04-01T21:45:03.370+0530] {dag.py:3823} INFO - Setting next_dagrun for example_dag_decorator to None, run_after=None
[2024-04-01T21:45:03.398+0530] {processor.py:183} INFO - Processing /home/lucky/.local/lib/python3.10/site-packages/airflow/example_dags/example_dag_decorator.py took 0.379 seconds
[2024-04-01T21:59:55.519+0530] {processor.py:161} INFO - Started process (PID=33209) to work on /home/lucky/.local/lib/python3.10/site-packages/airflow/example_dags/example_dag_decorator.py
[2024-04-01T21:59:55.521+0530] {processor.py:830} INFO - Processing file /home/lucky/.local/lib/python3.10/site-packages/airflow/example_dags/example_dag_decorator.py for tasks to queue
[2024-04-01T21:59:55.523+0530] {logging_mixin.py:188} INFO - [2024-04-01T21:59:55.522+0530] {dagbag.py:538} INFO - Filling up the DagBag from /home/lucky/.local/lib/python3.10/site-packages/airflow/example_dags/example_dag_decorator.py
[2024-04-01T21:59:55.719+0530] {processor.py:840} INFO - DAG(s) 'example_dag_decorator' retrieved from /home/lucky/.local/lib/python3.10/site-packages/airflow/example_dags/example_dag_decorator.py
[2024-04-01T21:59:56.016+0530] {logging_mixin.py:188} INFO - [2024-04-01T21:59:56.015+0530] {dag.py:3036} INFO - Sync 1 DAGs
[2024-04-01T21:59:56.036+0530] {logging_mixin.py:188} INFO - [2024-04-01T21:59:56.035+0530] {dag.py:3823} INFO - Setting next_dagrun for example_dag_decorator to None, run_after=None
[2024-04-01T21:59:56.082+0530] {processor.py:183} INFO - Processing /home/lucky/.local/lib/python3.10/site-packages/airflow/example_dags/example_dag_decorator.py took 0.568 seconds
[2024-04-01T22:00:58.417+0530] {processor.py:161} INFO - Started process (PID=34265) to work on /home/lucky/.local/lib/python3.10/site-packages/airflow/example_dags/example_dag_decorator.py
[2024-04-01T22:00:58.418+0530] {processor.py:830} INFO - Processing file /home/lucky/.local/lib/python3.10/site-packages/airflow/example_dags/example_dag_decorator.py for tasks to queue
[2024-04-01T22:00:58.419+0530] {logging_mixin.py:188} INFO - [2024-04-01T22:00:58.418+0530] {dagbag.py:538} INFO - Filling up the DagBag from /home/lucky/.local/lib/python3.10/site-packages/airflow/example_dags/example_dag_decorator.py
[2024-04-01T22:00:58.496+0530] {processor.py:840} INFO - DAG(s) 'example_dag_decorator' retrieved from /home/lucky/.local/lib/python3.10/site-packages/airflow/example_dags/example_dag_decorator.py
[2024-04-01T22:00:58.576+0530] {logging_mixin.py:188} INFO - [2024-04-01T22:00:58.576+0530] {dag.py:3036} INFO - Sync 1 DAGs
[2024-04-01T22:00:58.585+0530] {logging_mixin.py:188} INFO - [2024-04-01T22:00:58.584+0530] {dag.py:3823} INFO - Setting next_dagrun for example_dag_decorator to None, run_after=None
[2024-04-01T22:00:58.607+0530] {processor.py:183} INFO - Processing /home/lucky/.local/lib/python3.10/site-packages/airflow/example_dags/example_dag_decorator.py took 0.193 seconds
[2024-04-01T22:01:59.750+0530] {processor.py:161} INFO - Started process (PID=35341) to work on /home/lucky/.local/lib/python3.10/site-packages/airflow/example_dags/example_dag_decorator.py
[2024-04-01T22:01:59.753+0530] {processor.py:830} INFO - Processing file /home/lucky/.local/lib/python3.10/site-packages/airflow/example_dags/example_dag_decorator.py for tasks to queue
[2024-04-01T22:01:59.756+0530] {logging_mixin.py:188} INFO - [2024-04-01T22:01:59.755+0530] {dagbag.py:538} INFO - Filling up the DagBag from /home/lucky/.local/lib/python3.10/site-packages/airflow/example_dags/example_dag_decorator.py
[2024-04-01T22:01:59.988+0530] {processor.py:840} INFO - DAG(s) 'example_dag_decorator' retrieved from /home/lucky/.local/lib/python3.10/site-packages/airflow/example_dags/example_dag_decorator.py
[2024-04-01T22:02:00.244+0530] {logging_mixin.py:188} INFO - [2024-04-01T22:02:00.244+0530] {dag.py:3036} INFO - Sync 1 DAGs
[2024-04-01T22:02:00.266+0530] {logging_mixin.py:188} INFO - [2024-04-01T22:02:00.265+0530] {dag.py:3823} INFO - Setting next_dagrun for example_dag_decorator to None, run_after=None
[2024-04-01T22:02:00.314+0530] {processor.py:183} INFO - Processing /home/lucky/.local/lib/python3.10/site-packages/airflow/example_dags/example_dag_decorator.py took 0.571 seconds
[2024-04-01T22:03:04.461+0530] {processor.py:161} INFO - Started process (PID=36112) to work on /home/lucky/.local/lib/python3.10/site-packages/airflow/example_dags/example_dag_decorator.py
[2024-04-01T22:03:04.463+0530] {processor.py:830} INFO - Processing file /home/lucky/.local/lib/python3.10/site-packages/airflow/example_dags/example_dag_decorator.py for tasks to queue
[2024-04-01T22:03:04.464+0530] {logging_mixin.py:188} INFO - [2024-04-01T22:03:04.464+0530] {dagbag.py:538} INFO - Filling up the DagBag from /home/lucky/.local/lib/python3.10/site-packages/airflow/example_dags/example_dag_decorator.py
[2024-04-01T22:03:04.571+0530] {processor.py:840} INFO - DAG(s) 'example_dag_decorator' retrieved from /home/lucky/.local/lib/python3.10/site-packages/airflow/example_dags/example_dag_decorator.py
[2024-04-01T22:03:04.713+0530] {logging_mixin.py:188} INFO - [2024-04-01T22:03:04.712+0530] {dag.py:3036} INFO - Sync 1 DAGs
[2024-04-01T22:03:04.729+0530] {logging_mixin.py:188} INFO - [2024-04-01T22:03:04.729+0530] {dag.py:3823} INFO - Setting next_dagrun for example_dag_decorator to None, run_after=None
[2024-04-01T22:03:04.760+0530] {processor.py:183} INFO - Processing /home/lucky/.local/lib/python3.10/site-packages/airflow/example_dags/example_dag_decorator.py took 0.303 seconds
[2024-04-01T22:04:13.286+0530] {processor.py:161} INFO - Started process (PID=37215) to work on /home/lucky/.local/lib/python3.10/site-packages/airflow/example_dags/example_dag_decorator.py
[2024-04-01T22:04:13.292+0530] {processor.py:830} INFO - Processing file /home/lucky/.local/lib/python3.10/site-packages/airflow/example_dags/example_dag_decorator.py for tasks to queue
[2024-04-01T22:04:13.294+0530] {logging_mixin.py:188} INFO - [2024-04-01T22:04:13.293+0530] {dagbag.py:538} INFO - Filling up the DagBag from /home/lucky/.local/lib/python3.10/site-packages/airflow/example_dags/example_dag_decorator.py
[2024-04-01T22:04:13.478+0530] {processor.py:840} INFO - DAG(s) 'example_dag_decorator' retrieved from /home/lucky/.local/lib/python3.10/site-packages/airflow/example_dags/example_dag_decorator.py
[2024-04-01T22:04:13.657+0530] {logging_mixin.py:188} INFO - [2024-04-01T22:04:13.656+0530] {dag.py:3036} INFO - Sync 1 DAGs
[2024-04-01T22:04:13.675+0530] {logging_mixin.py:188} INFO - [2024-04-01T22:04:13.675+0530] {dag.py:3823} INFO - Setting next_dagrun for example_dag_decorator to None, run_after=None
[2024-04-01T22:04:13.714+0530] {processor.py:183} INFO - Processing /home/lucky/.local/lib/python3.10/site-packages/airflow/example_dags/example_dag_decorator.py took 0.433 seconds
[2024-04-01T22:05:21.624+0530] {processor.py:161} INFO - Started process (PID=38334) to work on /home/lucky/.local/lib/python3.10/site-packages/airflow/example_dags/example_dag_decorator.py
[2024-04-01T22:05:21.626+0530] {processor.py:830} INFO - Processing file /home/lucky/.local/lib/python3.10/site-packages/airflow/example_dags/example_dag_decorator.py for tasks to queue
[2024-04-01T22:05:21.628+0530] {logging_mixin.py:188} INFO - [2024-04-01T22:05:21.627+0530] {dagbag.py:538} INFO - Filling up the DagBag from /home/lucky/.local/lib/python3.10/site-packages/airflow/example_dags/example_dag_decorator.py
[2024-04-01T22:05:21.745+0530] {processor.py:840} INFO - DAG(s) 'example_dag_decorator' retrieved from /home/lucky/.local/lib/python3.10/site-packages/airflow/example_dags/example_dag_decorator.py
[2024-04-01T22:05:21.897+0530] {logging_mixin.py:188} INFO - [2024-04-01T22:05:21.897+0530] {dag.py:3036} INFO - Sync 1 DAGs
[2024-04-01T22:05:21.908+0530] {logging_mixin.py:188} INFO - [2024-04-01T22:05:21.908+0530] {dag.py:3823} INFO - Setting next_dagrun for example_dag_decorator to None, run_after=None
[2024-04-01T22:05:21.940+0530] {processor.py:183} INFO - Processing /home/lucky/.local/lib/python3.10/site-packages/airflow/example_dags/example_dag_decorator.py took 0.320 seconds
[2024-04-01T22:06:36.571+0530] {processor.py:161} INFO - Started process (PID=39189) to work on /home/lucky/.local/lib/python3.10/site-packages/airflow/example_dags/example_dag_decorator.py
[2024-04-01T22:06:36.573+0530] {processor.py:830} INFO - Processing file /home/lucky/.local/lib/python3.10/site-packages/airflow/example_dags/example_dag_decorator.py for tasks to queue
[2024-04-01T22:06:36.576+0530] {logging_mixin.py:188} INFO - [2024-04-01T22:06:36.575+0530] {dagbag.py:538} INFO - Filling up the DagBag from /home/lucky/.local/lib/python3.10/site-packages/airflow/example_dags/example_dag_decorator.py
[2024-04-01T22:06:36.730+0530] {processor.py:840} INFO - DAG(s) 'example_dag_decorator' retrieved from /home/lucky/.local/lib/python3.10/site-packages/airflow/example_dags/example_dag_decorator.py
[2024-04-01T22:06:36.939+0530] {logging_mixin.py:188} INFO - [2024-04-01T22:06:36.938+0530] {dag.py:3036} INFO - Sync 1 DAGs
[2024-04-01T22:06:36.965+0530] {logging_mixin.py:188} INFO - [2024-04-01T22:06:36.964+0530] {dag.py:3823} INFO - Setting next_dagrun for example_dag_decorator to None, run_after=None
[2024-04-01T22:06:37.013+0530] {processor.py:183} INFO - Processing /home/lucky/.local/lib/python3.10/site-packages/airflow/example_dags/example_dag_decorator.py took 0.448 seconds
[2024-04-01T22:07:59.040+0530] {processor.py:161} INFO - Started process (PID=40457) to work on /home/lucky/.local/lib/python3.10/site-packages/airflow/example_dags/example_dag_decorator.py
[2024-04-01T22:07:59.042+0530] {processor.py:830} INFO - Processing file /home/lucky/.local/lib/python3.10/site-packages/airflow/example_dags/example_dag_decorator.py for tasks to queue
[2024-04-01T22:07:59.045+0530] {logging_mixin.py:188} INFO - [2024-04-01T22:07:59.044+0530] {dagbag.py:538} INFO - Filling up the DagBag from /home/lucky/.local/lib/python3.10/site-packages/airflow/example_dags/example_dag_decorator.py
[2024-04-01T22:07:59.211+0530] {processor.py:840} INFO - DAG(s) 'example_dag_decorator' retrieved from /home/lucky/.local/lib/python3.10/site-packages/airflow/example_dags/example_dag_decorator.py
[2024-04-01T22:07:59.422+0530] {logging_mixin.py:188} INFO - [2024-04-01T22:07:59.421+0530] {dag.py:3036} INFO - Sync 1 DAGs
[2024-04-01T22:07:59.446+0530] {logging_mixin.py:188} INFO - [2024-04-01T22:07:59.446+0530] {dag.py:3823} INFO - Setting next_dagrun for example_dag_decorator to None, run_after=None
[2024-04-01T22:07:59.511+0530] {processor.py:183} INFO - Processing /home/lucky/.local/lib/python3.10/site-packages/airflow/example_dags/example_dag_decorator.py took 0.477 seconds
[2024-04-01T22:09:27.156+0530] {processor.py:161} INFO - Started process (PID=41749) to work on /home/lucky/.local/lib/python3.10/site-packages/airflow/example_dags/example_dag_decorator.py
[2024-04-01T22:09:27.159+0530] {processor.py:830} INFO - Processing file /home/lucky/.local/lib/python3.10/site-packages/airflow/example_dags/example_dag_decorator.py for tasks to queue
[2024-04-01T22:09:27.162+0530] {logging_mixin.py:188} INFO - [2024-04-01T22:09:27.162+0530] {dagbag.py:538} INFO - Filling up the DagBag from /home/lucky/.local/lib/python3.10/site-packages/airflow/example_dags/example_dag_decorator.py
[2024-04-01T22:09:27.474+0530] {processor.py:840} INFO - DAG(s) 'example_dag_decorator' retrieved from /home/lucky/.local/lib/python3.10/site-packages/airflow/example_dags/example_dag_decorator.py
[2024-04-01T22:09:27.719+0530] {logging_mixin.py:188} INFO - [2024-04-01T22:09:27.719+0530] {dag.py:3036} INFO - Sync 1 DAGs
[2024-04-01T22:09:27.747+0530] {logging_mixin.py:188} INFO - [2024-04-01T22:09:27.747+0530] {dag.py:3823} INFO - Setting next_dagrun for example_dag_decorator to None, run_after=None
[2024-04-01T22:09:27.804+0530] {processor.py:183} INFO - Processing /home/lucky/.local/lib/python3.10/site-packages/airflow/example_dags/example_dag_decorator.py took 0.653 seconds
[2024-04-01T22:10:57.677+0530] {processor.py:161} INFO - Started process (PID=42794) to work on /home/lucky/.local/lib/python3.10/site-packages/airflow/example_dags/example_dag_decorator.py
[2024-04-01T22:10:57.679+0530] {processor.py:830} INFO - Processing file /home/lucky/.local/lib/python3.10/site-packages/airflow/example_dags/example_dag_decorator.py for tasks to queue
[2024-04-01T22:10:57.681+0530] {logging_mixin.py:188} INFO - [2024-04-01T22:10:57.680+0530] {dagbag.py:538} INFO - Filling up the DagBag from /home/lucky/.local/lib/python3.10/site-packages/airflow/example_dags/example_dag_decorator.py
[2024-04-01T22:10:57.835+0530] {processor.py:840} INFO - DAG(s) 'example_dag_decorator' retrieved from /home/lucky/.local/lib/python3.10/site-packages/airflow/example_dags/example_dag_decorator.py
[2024-04-01T22:10:58.180+0530] {logging_mixin.py:188} INFO - [2024-04-01T22:10:58.179+0530] {dag.py:3036} INFO - Sync 1 DAGs
[2024-04-01T22:10:58.220+0530] {logging_mixin.py:188} INFO - [2024-04-01T22:10:58.220+0530] {dag.py:3823} INFO - Setting next_dagrun for example_dag_decorator to None, run_after=None
[2024-04-01T22:10:58.295+0530] {processor.py:183} INFO - Processing /home/lucky/.local/lib/python3.10/site-packages/airflow/example_dags/example_dag_decorator.py took 0.622 seconds
[2024-04-01T22:12:09.022+0530] {processor.py:161} INFO - Started process (PID=43910) to work on /home/lucky/.local/lib/python3.10/site-packages/airflow/example_dags/example_dag_decorator.py
[2024-04-01T22:12:09.025+0530] {processor.py:830} INFO - Processing file /home/lucky/.local/lib/python3.10/site-packages/airflow/example_dags/example_dag_decorator.py for tasks to queue
[2024-04-01T22:12:09.027+0530] {logging_mixin.py:188} INFO - [2024-04-01T22:12:09.026+0530] {dagbag.py:538} INFO - Filling up the DagBag from /home/lucky/.local/lib/python3.10/site-packages/airflow/example_dags/example_dag_decorator.py
[2024-04-01T22:12:09.192+0530] {processor.py:840} INFO - DAG(s) 'example_dag_decorator' retrieved from /home/lucky/.local/lib/python3.10/site-packages/airflow/example_dags/example_dag_decorator.py
[2024-04-01T22:12:09.218+0530] {logging_mixin.py:188} INFO - [2024-04-01T22:12:09.218+0530] {dag.py:3036} INFO - Sync 1 DAGs
[2024-04-01T22:12:09.234+0530] {logging_mixin.py:188} INFO - [2024-04-01T22:12:09.234+0530] {dag.py:3823} INFO - Setting next_dagrun for example_dag_decorator to None, run_after=None
[2024-04-01T22:12:09.273+0530] {processor.py:183} INFO - Processing /home/lucky/.local/lib/python3.10/site-packages/airflow/example_dags/example_dag_decorator.py took 0.257 seconds
[2024-04-01T22:13:31.688+0530] {processor.py:161} INFO - Started process (PID=45167) to work on /home/lucky/.local/lib/python3.10/site-packages/airflow/example_dags/example_dag_decorator.py
[2024-04-01T22:13:31.690+0530] {processor.py:830} INFO - Processing file /home/lucky/.local/lib/python3.10/site-packages/airflow/example_dags/example_dag_decorator.py for tasks to queue
[2024-04-01T22:13:31.691+0530] {logging_mixin.py:188} INFO - [2024-04-01T22:13:31.690+0530] {dagbag.py:538} INFO - Filling up the DagBag from /home/lucky/.local/lib/python3.10/site-packages/airflow/example_dags/example_dag_decorator.py
[2024-04-01T22:13:31.880+0530] {processor.py:840} INFO - DAG(s) 'example_dag_decorator' retrieved from /home/lucky/.local/lib/python3.10/site-packages/airflow/example_dags/example_dag_decorator.py
[2024-04-01T22:13:31.922+0530] {logging_mixin.py:188} INFO - [2024-04-01T22:13:31.922+0530] {dag.py:3036} INFO - Sync 1 DAGs
[2024-04-01T22:13:31.950+0530] {logging_mixin.py:188} INFO - [2024-04-01T22:13:31.950+0530] {dag.py:3823} INFO - Setting next_dagrun for example_dag_decorator to None, run_after=None
[2024-04-01T22:13:31.998+0530] {processor.py:183} INFO - Processing /home/lucky/.local/lib/python3.10/site-packages/airflow/example_dags/example_dag_decorator.py took 0.314 seconds
[2024-04-01T22:14:37.332+0530] {processor.py:161} INFO - Started process (PID=46041) to work on /home/lucky/.local/lib/python3.10/site-packages/airflow/example_dags/example_dag_decorator.py
[2024-04-01T22:14:37.334+0530] {processor.py:830} INFO - Processing file /home/lucky/.local/lib/python3.10/site-packages/airflow/example_dags/example_dag_decorator.py for tasks to queue
[2024-04-01T22:14:37.335+0530] {logging_mixin.py:188} INFO - [2024-04-01T22:14:37.335+0530] {dagbag.py:538} INFO - Filling up the DagBag from /home/lucky/.local/lib/python3.10/site-packages/airflow/example_dags/example_dag_decorator.py
[2024-04-01T22:14:37.596+0530] {processor.py:840} INFO - DAG(s) 'example_dag_decorator' retrieved from /home/lucky/.local/lib/python3.10/site-packages/airflow/example_dags/example_dag_decorator.py
[2024-04-01T22:14:37.919+0530] {logging_mixin.py:188} INFO - [2024-04-01T22:14:37.918+0530] {dag.py:3036} INFO - Sync 1 DAGs
[2024-04-01T22:14:37.949+0530] {logging_mixin.py:188} INFO - [2024-04-01T22:14:37.948+0530] {dag.py:3823} INFO - Setting next_dagrun for example_dag_decorator to None, run_after=None
[2024-04-01T22:14:38.052+0530] {processor.py:183} INFO - Processing /home/lucky/.local/lib/python3.10/site-packages/airflow/example_dags/example_dag_decorator.py took 0.726 seconds
[2024-04-01T22:15:34.229+0530] {processor.py:161} INFO - Started process (PID=46938) to work on /home/lucky/.local/lib/python3.10/site-packages/airflow/example_dags/example_dag_decorator.py
[2024-04-01T22:15:34.230+0530] {processor.py:830} INFO - Processing file /home/lucky/.local/lib/python3.10/site-packages/airflow/example_dags/example_dag_decorator.py for tasks to queue
[2024-04-01T22:15:34.231+0530] {logging_mixin.py:188} INFO - [2024-04-01T22:15:34.231+0530] {dagbag.py:538} INFO - Filling up the DagBag from /home/lucky/.local/lib/python3.10/site-packages/airflow/example_dags/example_dag_decorator.py
[2024-04-01T22:15:34.321+0530] {processor.py:840} INFO - DAG(s) 'example_dag_decorator' retrieved from /home/lucky/.local/lib/python3.10/site-packages/airflow/example_dags/example_dag_decorator.py
[2024-04-01T22:15:34.345+0530] {logging_mixin.py:188} INFO - [2024-04-01T22:15:34.344+0530] {dag.py:3036} INFO - Sync 1 DAGs
[2024-04-01T22:15:34.371+0530] {logging_mixin.py:188} INFO - [2024-04-01T22:15:34.370+0530] {dag.py:3823} INFO - Setting next_dagrun for example_dag_decorator to None, run_after=None
[2024-04-01T22:15:34.407+0530] {processor.py:183} INFO - Processing /home/lucky/.local/lib/python3.10/site-packages/airflow/example_dags/example_dag_decorator.py took 0.182 seconds
[2024-04-01T22:16:52.185+0530] {processor.py:161} INFO - Started process (PID=48232) to work on /home/lucky/.local/lib/python3.10/site-packages/airflow/example_dags/example_dag_decorator.py
[2024-04-01T22:16:52.197+0530] {processor.py:830} INFO - Processing file /home/lucky/.local/lib/python3.10/site-packages/airflow/example_dags/example_dag_decorator.py for tasks to queue
[2024-04-01T22:16:52.198+0530] {logging_mixin.py:188} INFO - [2024-04-01T22:16:52.198+0530] {dagbag.py:538} INFO - Filling up the DagBag from /home/lucky/.local/lib/python3.10/site-packages/airflow/example_dags/example_dag_decorator.py
[2024-04-01T22:16:52.266+0530] {processor.py:840} INFO - DAG(s) 'example_dag_decorator' retrieved from /home/lucky/.local/lib/python3.10/site-packages/airflow/example_dags/example_dag_decorator.py
[2024-04-01T22:16:52.357+0530] {logging_mixin.py:188} INFO - [2024-04-01T22:16:52.357+0530] {dag.py:3036} INFO - Sync 1 DAGs
[2024-04-01T22:16:52.367+0530] {logging_mixin.py:188} INFO - [2024-04-01T22:16:52.366+0530] {dag.py:3823} INFO - Setting next_dagrun for example_dag_decorator to None, run_after=None
[2024-04-01T22:16:52.391+0530] {processor.py:183} INFO - Processing /home/lucky/.local/lib/python3.10/site-packages/airflow/example_dags/example_dag_decorator.py took 0.209 seconds
[2024-04-01T22:18:12.013+0530] {processor.py:161} INFO - Started process (PID=49477) to work on /home/lucky/.local/lib/python3.10/site-packages/airflow/example_dags/example_dag_decorator.py
[2024-04-01T22:18:12.015+0530] {processor.py:830} INFO - Processing file /home/lucky/.local/lib/python3.10/site-packages/airflow/example_dags/example_dag_decorator.py for tasks to queue
[2024-04-01T22:18:12.016+0530] {logging_mixin.py:188} INFO - [2024-04-01T22:18:12.016+0530] {dagbag.py:538} INFO - Filling up the DagBag from /home/lucky/.local/lib/python3.10/site-packages/airflow/example_dags/example_dag_decorator.py
[2024-04-01T22:18:12.105+0530] {processor.py:840} INFO - DAG(s) 'example_dag_decorator' retrieved from /home/lucky/.local/lib/python3.10/site-packages/airflow/example_dags/example_dag_decorator.py
[2024-04-01T22:18:12.219+0530] {logging_mixin.py:188} INFO - [2024-04-01T22:18:12.219+0530] {dag.py:3036} INFO - Sync 1 DAGs
[2024-04-01T22:18:12.232+0530] {logging_mixin.py:188} INFO - [2024-04-01T22:18:12.231+0530] {dag.py:3823} INFO - Setting next_dagrun for example_dag_decorator to None, run_after=None
[2024-04-01T22:18:12.258+0530] {processor.py:183} INFO - Processing /home/lucky/.local/lib/python3.10/site-packages/airflow/example_dags/example_dag_decorator.py took 0.248 seconds
[2024-04-01T22:19:29.635+0530] {processor.py:161} INFO - Started process (PID=50721) to work on /home/lucky/.local/lib/python3.10/site-packages/airflow/example_dags/example_dag_decorator.py
[2024-04-01T22:19:29.636+0530] {processor.py:830} INFO - Processing file /home/lucky/.local/lib/python3.10/site-packages/airflow/example_dags/example_dag_decorator.py for tasks to queue
[2024-04-01T22:19:29.638+0530] {logging_mixin.py:188} INFO - [2024-04-01T22:19:29.637+0530] {dagbag.py:538} INFO - Filling up the DagBag from /home/lucky/.local/lib/python3.10/site-packages/airflow/example_dags/example_dag_decorator.py
[2024-04-01T22:19:29.712+0530] {processor.py:840} INFO - DAG(s) 'example_dag_decorator' retrieved from /home/lucky/.local/lib/python3.10/site-packages/airflow/example_dags/example_dag_decorator.py
[2024-04-01T22:19:29.833+0530] {logging_mixin.py:188} INFO - [2024-04-01T22:19:29.832+0530] {dag.py:3036} INFO - Sync 1 DAGs
[2024-04-01T22:19:29.853+0530] {logging_mixin.py:188} INFO - [2024-04-01T22:19:29.852+0530] {dag.py:3823} INFO - Setting next_dagrun for example_dag_decorator to None, run_after=None
[2024-04-01T22:19:29.886+0530] {processor.py:183} INFO - Processing /home/lucky/.local/lib/python3.10/site-packages/airflow/example_dags/example_dag_decorator.py took 0.254 seconds
[2024-04-01T22:25:36.619+0530] {processor.py:161} INFO - Started process (PID=56165) to work on /home/lucky/.local/lib/python3.10/site-packages/airflow/example_dags/example_dag_decorator.py
[2024-04-01T22:25:36.621+0530] {processor.py:830} INFO - Processing file /home/lucky/.local/lib/python3.10/site-packages/airflow/example_dags/example_dag_decorator.py for tasks to queue
[2024-04-01T22:25:36.621+0530] {logging_mixin.py:188} INFO - [2024-04-01T22:25:36.621+0530] {dagbag.py:538} INFO - Filling up the DagBag from /home/lucky/.local/lib/python3.10/site-packages/airflow/example_dags/example_dag_decorator.py
[2024-04-01T22:25:36.705+0530] {processor.py:840} INFO - DAG(s) 'example_dag_decorator' retrieved from /home/lucky/.local/lib/python3.10/site-packages/airflow/example_dags/example_dag_decorator.py
[2024-04-01T22:25:36.796+0530] {logging_mixin.py:188} INFO - [2024-04-01T22:25:36.796+0530] {dag.py:3036} INFO - Sync 1 DAGs
[2024-04-01T22:25:36.805+0530] {logging_mixin.py:188} INFO - [2024-04-01T22:25:36.805+0530] {dag.py:3823} INFO - Setting next_dagrun for example_dag_decorator to None, run_after=None
[2024-04-01T22:25:36.832+0530] {processor.py:183} INFO - Processing /home/lucky/.local/lib/python3.10/site-packages/airflow/example_dags/example_dag_decorator.py took 0.216 seconds
[2024-04-01T22:27:43.047+0530] {processor.py:161} INFO - Started process (PID=58298) to work on /home/lucky/.local/lib/python3.10/site-packages/airflow/example_dags/example_dag_decorator.py
[2024-04-01T22:27:43.048+0530] {processor.py:830} INFO - Processing file /home/lucky/.local/lib/python3.10/site-packages/airflow/example_dags/example_dag_decorator.py for tasks to queue
[2024-04-01T22:27:43.050+0530] {logging_mixin.py:188} INFO - [2024-04-01T22:27:43.049+0530] {dagbag.py:538} INFO - Filling up the DagBag from /home/lucky/.local/lib/python3.10/site-packages/airflow/example_dags/example_dag_decorator.py
[2024-04-01T22:27:43.140+0530] {processor.py:840} INFO - DAG(s) 'example_dag_decorator' retrieved from /home/lucky/.local/lib/python3.10/site-packages/airflow/example_dags/example_dag_decorator.py
[2024-04-01T22:27:43.263+0530] {logging_mixin.py:188} INFO - [2024-04-01T22:27:43.262+0530] {dag.py:3036} INFO - Sync 1 DAGs
[2024-04-01T22:27:43.278+0530] {logging_mixin.py:188} INFO - [2024-04-01T22:27:43.277+0530] {dag.py:3823} INFO - Setting next_dagrun for example_dag_decorator to None, run_after=None
[2024-04-01T22:27:43.309+0530] {processor.py:183} INFO - Processing /home/lucky/.local/lib/python3.10/site-packages/airflow/example_dags/example_dag_decorator.py took 0.266 seconds
[2024-04-01T22:28:38.493+0530] {processor.py:161} INFO - Started process (PID=59058) to work on /home/lucky/.local/lib/python3.10/site-packages/airflow/example_dags/example_dag_decorator.py
[2024-04-01T22:28:38.495+0530] {processor.py:830} INFO - Processing file /home/lucky/.local/lib/python3.10/site-packages/airflow/example_dags/example_dag_decorator.py for tasks to queue
[2024-04-01T22:28:38.496+0530] {logging_mixin.py:188} INFO - [2024-04-01T22:28:38.495+0530] {dagbag.py:538} INFO - Filling up the DagBag from /home/lucky/.local/lib/python3.10/site-packages/airflow/example_dags/example_dag_decorator.py
[2024-04-01T22:28:38.563+0530] {processor.py:840} INFO - DAG(s) 'example_dag_decorator' retrieved from /home/lucky/.local/lib/python3.10/site-packages/airflow/example_dags/example_dag_decorator.py
[2024-04-01T22:28:38.648+0530] {logging_mixin.py:188} INFO - [2024-04-01T22:28:38.648+0530] {dag.py:3036} INFO - Sync 1 DAGs
[2024-04-01T22:28:38.658+0530] {logging_mixin.py:188} INFO - [2024-04-01T22:28:38.657+0530] {dag.py:3823} INFO - Setting next_dagrun for example_dag_decorator to None, run_after=None
[2024-04-01T22:28:38.685+0530] {processor.py:183} INFO - Processing /home/lucky/.local/lib/python3.10/site-packages/airflow/example_dags/example_dag_decorator.py took 0.195 seconds
[2024-04-01T22:29:36.783+0530] {processor.py:161} INFO - Started process (PID=60142) to work on /home/lucky/.local/lib/python3.10/site-packages/airflow/example_dags/example_dag_decorator.py
[2024-04-01T22:29:36.785+0530] {processor.py:830} INFO - Processing file /home/lucky/.local/lib/python3.10/site-packages/airflow/example_dags/example_dag_decorator.py for tasks to queue
[2024-04-01T22:29:36.787+0530] {logging_mixin.py:188} INFO - [2024-04-01T22:29:36.786+0530] {dagbag.py:538} INFO - Filling up the DagBag from /home/lucky/.local/lib/python3.10/site-packages/airflow/example_dags/example_dag_decorator.py
[2024-04-01T22:29:36.957+0530] {processor.py:840} INFO - DAG(s) 'example_dag_decorator' retrieved from /home/lucky/.local/lib/python3.10/site-packages/airflow/example_dags/example_dag_decorator.py
[2024-04-01T22:29:37.101+0530] {logging_mixin.py:188} INFO - [2024-04-01T22:29:37.101+0530] {dag.py:3036} INFO - Sync 1 DAGs
[2024-04-01T22:29:37.115+0530] {logging_mixin.py:188} INFO - [2024-04-01T22:29:37.115+0530] {dag.py:3823} INFO - Setting next_dagrun for example_dag_decorator to None, run_after=None
[2024-04-01T22:29:37.147+0530] {processor.py:183} INFO - Processing /home/lucky/.local/lib/python3.10/site-packages/airflow/example_dags/example_dag_decorator.py took 0.367 seconds
[2024-04-01T22:30:49.708+0530] {processor.py:161} INFO - Started process (PID=61322) to work on /home/lucky/.local/lib/python3.10/site-packages/airflow/example_dags/example_dag_decorator.py
[2024-04-01T22:30:49.711+0530] {processor.py:830} INFO - Processing file /home/lucky/.local/lib/python3.10/site-packages/airflow/example_dags/example_dag_decorator.py for tasks to queue
[2024-04-01T22:30:49.712+0530] {logging_mixin.py:188} INFO - [2024-04-01T22:30:49.711+0530] {dagbag.py:538} INFO - Filling up the DagBag from /home/lucky/.local/lib/python3.10/site-packages/airflow/example_dags/example_dag_decorator.py
[2024-04-01T22:30:49.793+0530] {processor.py:840} INFO - DAG(s) 'example_dag_decorator' retrieved from /home/lucky/.local/lib/python3.10/site-packages/airflow/example_dags/example_dag_decorator.py
[2024-04-01T22:30:49.815+0530] {logging_mixin.py:188} INFO - [2024-04-01T22:30:49.815+0530] {dag.py:3036} INFO - Sync 1 DAGs
[2024-04-01T22:30:49.827+0530] {logging_mixin.py:188} INFO - [2024-04-01T22:30:49.827+0530] {dag.py:3823} INFO - Setting next_dagrun for example_dag_decorator to None, run_after=None
[2024-04-01T22:30:49.854+0530] {processor.py:183} INFO - Processing /home/lucky/.local/lib/python3.10/site-packages/airflow/example_dags/example_dag_decorator.py took 0.149 seconds
[2024-04-01T22:32:03.007+0530] {processor.py:161} INFO - Started process (PID=62533) to work on /home/lucky/.local/lib/python3.10/site-packages/airflow/example_dags/example_dag_decorator.py
[2024-04-01T22:32:03.009+0530] {processor.py:830} INFO - Processing file /home/lucky/.local/lib/python3.10/site-packages/airflow/example_dags/example_dag_decorator.py for tasks to queue
[2024-04-01T22:32:03.011+0530] {logging_mixin.py:188} INFO - [2024-04-01T22:32:03.010+0530] {dagbag.py:538} INFO - Filling up the DagBag from /home/lucky/.local/lib/python3.10/site-packages/airflow/example_dags/example_dag_decorator.py
[2024-04-01T22:32:03.150+0530] {processor.py:840} INFO - DAG(s) 'example_dag_decorator' retrieved from /home/lucky/.local/lib/python3.10/site-packages/airflow/example_dags/example_dag_decorator.py
[2024-04-01T22:32:03.346+0530] {logging_mixin.py:188} INFO - [2024-04-01T22:32:03.345+0530] {dag.py:3036} INFO - Sync 1 DAGs
[2024-04-01T22:32:03.363+0530] {logging_mixin.py:188} INFO - [2024-04-01T22:32:03.363+0530] {dag.py:3823} INFO - Setting next_dagrun for example_dag_decorator to None, run_after=None
[2024-04-01T22:32:03.392+0530] {processor.py:183} INFO - Processing /home/lucky/.local/lib/python3.10/site-packages/airflow/example_dags/example_dag_decorator.py took 0.390 seconds
[2024-04-01T23:06:44.292+0530] {processor.py:161} INFO - Started process (PID=6426) to work on /home/lucky/.local/lib/python3.10/site-packages/airflow/example_dags/example_dag_decorator.py
[2024-04-01T23:06:44.294+0530] {processor.py:830} INFO - Processing file /home/lucky/.local/lib/python3.10/site-packages/airflow/example_dags/example_dag_decorator.py for tasks to queue
[2024-04-01T23:06:44.296+0530] {logging_mixin.py:188} INFO - [2024-04-01T23:06:44.295+0530] {dagbag.py:538} INFO - Filling up the DagBag from /home/lucky/.local/lib/python3.10/site-packages/airflow/example_dags/example_dag_decorator.py
[2024-04-01T23:06:44.398+0530] {processor.py:840} INFO - DAG(s) 'example_dag_decorator' retrieved from /home/lucky/.local/lib/python3.10/site-packages/airflow/example_dags/example_dag_decorator.py
[2024-04-01T23:06:44.489+0530] {logging_mixin.py:188} INFO - [2024-04-01T23:06:44.488+0530] {dag.py:3036} INFO - Sync 1 DAGs
[2024-04-01T23:06:44.498+0530] {logging_mixin.py:188} INFO - [2024-04-01T23:06:44.498+0530] {dag.py:3823} INFO - Setting next_dagrun for example_dag_decorator to None, run_after=None
[2024-04-01T23:06:44.523+0530] {processor.py:183} INFO - Processing /home/lucky/.local/lib/python3.10/site-packages/airflow/example_dags/example_dag_decorator.py took 0.234 seconds
[2024-04-01T23:07:42.506+0530] {processor.py:161} INFO - Started process (PID=7129) to work on /home/lucky/.local/lib/python3.10/site-packages/airflow/example_dags/example_dag_decorator.py
[2024-04-01T23:07:42.545+0530] {processor.py:830} INFO - Processing file /home/lucky/.local/lib/python3.10/site-packages/airflow/example_dags/example_dag_decorator.py for tasks to queue
[2024-04-01T23:07:42.547+0530] {logging_mixin.py:188} INFO - [2024-04-01T23:07:42.546+0530] {dagbag.py:538} INFO - Filling up the DagBag from /home/lucky/.local/lib/python3.10/site-packages/airflow/example_dags/example_dag_decorator.py
[2024-04-01T23:07:42.771+0530] {processor.py:840} INFO - DAG(s) 'example_dag_decorator' retrieved from /home/lucky/.local/lib/python3.10/site-packages/airflow/example_dags/example_dag_decorator.py
[2024-04-01T23:07:43.153+0530] {logging_mixin.py:188} INFO - [2024-04-01T23:07:43.152+0530] {dag.py:3036} INFO - Sync 1 DAGs
[2024-04-01T23:07:43.187+0530] {logging_mixin.py:188} INFO - [2024-04-01T23:07:43.186+0530] {dag.py:3823} INFO - Setting next_dagrun for example_dag_decorator to None, run_after=None
[2024-04-01T23:07:43.262+0530] {processor.py:183} INFO - Processing /home/lucky/.local/lib/python3.10/site-packages/airflow/example_dags/example_dag_decorator.py took 0.762 seconds
[2024-04-01T23:11:42.016+0530] {processor.py:161} INFO - Started process (PID=10712) to work on /home/lucky/.local/lib/python3.10/site-packages/airflow/example_dags/example_dag_decorator.py
[2024-04-01T23:11:42.019+0530] {processor.py:830} INFO - Processing file /home/lucky/.local/lib/python3.10/site-packages/airflow/example_dags/example_dag_decorator.py for tasks to queue
[2024-04-01T23:11:42.021+0530] {logging_mixin.py:188} INFO - [2024-04-01T23:11:42.020+0530] {dagbag.py:538} INFO - Filling up the DagBag from /home/lucky/.local/lib/python3.10/site-packages/airflow/example_dags/example_dag_decorator.py
[2024-04-01T23:11:42.148+0530] {processor.py:840} INFO - DAG(s) 'example_dag_decorator' retrieved from /home/lucky/.local/lib/python3.10/site-packages/airflow/example_dags/example_dag_decorator.py
[2024-04-01T23:11:42.248+0530] {logging_mixin.py:188} INFO - [2024-04-01T23:11:42.248+0530] {dag.py:3036} INFO - Sync 1 DAGs
[2024-04-01T23:11:42.260+0530] {logging_mixin.py:188} INFO - [2024-04-01T23:11:42.260+0530] {dag.py:3823} INFO - Setting next_dagrun for example_dag_decorator to None, run_after=None
[2024-04-01T23:11:42.288+0530] {processor.py:183} INFO - Processing /home/lucky/.local/lib/python3.10/site-packages/airflow/example_dags/example_dag_decorator.py took 0.278 seconds
[2024-04-01T23:12:47.031+0530] {processor.py:161} INFO - Started process (PID=11496) to work on /home/lucky/.local/lib/python3.10/site-packages/airflow/example_dags/example_dag_decorator.py
[2024-04-01T23:12:47.034+0530] {processor.py:830} INFO - Processing file /home/lucky/.local/lib/python3.10/site-packages/airflow/example_dags/example_dag_decorator.py for tasks to queue
[2024-04-01T23:12:47.036+0530] {logging_mixin.py:188} INFO - [2024-04-01T23:12:47.035+0530] {dagbag.py:538} INFO - Filling up the DagBag from /home/lucky/.local/lib/python3.10/site-packages/airflow/example_dags/example_dag_decorator.py
[2024-04-01T23:12:47.265+0530] {processor.py:840} INFO - DAG(s) 'example_dag_decorator' retrieved from /home/lucky/.local/lib/python3.10/site-packages/airflow/example_dags/example_dag_decorator.py
[2024-04-01T23:12:47.565+0530] {logging_mixin.py:188} INFO - [2024-04-01T23:12:47.564+0530] {dag.py:3036} INFO - Sync 1 DAGs
[2024-04-01T23:12:47.611+0530] {logging_mixin.py:188} INFO - [2024-04-01T23:12:47.610+0530] {dag.py:3823} INFO - Setting next_dagrun for example_dag_decorator to None, run_after=None
[2024-04-01T23:12:47.687+0530] {processor.py:183} INFO - Processing /home/lucky/.local/lib/python3.10/site-packages/airflow/example_dags/example_dag_decorator.py took 0.662 seconds
[2024-04-01T23:13:46.019+0530] {processor.py:161} INFO - Started process (PID=12472) to work on /home/lucky/.local/lib/python3.10/site-packages/airflow/example_dags/example_dag_decorator.py
[2024-04-01T23:13:46.022+0530] {processor.py:830} INFO - Processing file /home/lucky/.local/lib/python3.10/site-packages/airflow/example_dags/example_dag_decorator.py for tasks to queue
[2024-04-01T23:13:46.025+0530] {logging_mixin.py:188} INFO - [2024-04-01T23:13:46.024+0530] {dagbag.py:538} INFO - Filling up the DagBag from /home/lucky/.local/lib/python3.10/site-packages/airflow/example_dags/example_dag_decorator.py
[2024-04-01T23:13:46.288+0530] {processor.py:840} INFO - DAG(s) 'example_dag_decorator' retrieved from /home/lucky/.local/lib/python3.10/site-packages/airflow/example_dags/example_dag_decorator.py
[2024-04-01T23:13:46.641+0530] {logging_mixin.py:188} INFO - [2024-04-01T23:13:46.639+0530] {dag.py:3036} INFO - Sync 1 DAGs
[2024-04-01T23:13:46.664+0530] {logging_mixin.py:188} INFO - [2024-04-01T23:13:46.663+0530] {dag.py:3823} INFO - Setting next_dagrun for example_dag_decorator to None, run_after=None
[2024-04-01T23:13:46.732+0530] {processor.py:183} INFO - Processing /home/lucky/.local/lib/python3.10/site-packages/airflow/example_dags/example_dag_decorator.py took 0.726 seconds
[2024-04-01T23:14:44.128+0530] {processor.py:161} INFO - Started process (PID=13453) to work on /home/lucky/.local/lib/python3.10/site-packages/airflow/example_dags/example_dag_decorator.py
[2024-04-01T23:14:44.130+0530] {processor.py:830} INFO - Processing file /home/lucky/.local/lib/python3.10/site-packages/airflow/example_dags/example_dag_decorator.py for tasks to queue
[2024-04-01T23:14:44.132+0530] {logging_mixin.py:188} INFO - [2024-04-01T23:14:44.131+0530] {dagbag.py:538} INFO - Filling up the DagBag from /home/lucky/.local/lib/python3.10/site-packages/airflow/example_dags/example_dag_decorator.py
[2024-04-01T23:14:44.259+0530] {processor.py:840} INFO - DAG(s) 'example_dag_decorator' retrieved from /home/lucky/.local/lib/python3.10/site-packages/airflow/example_dags/example_dag_decorator.py
[2024-04-01T23:14:44.398+0530] {logging_mixin.py:188} INFO - [2024-04-01T23:14:44.398+0530] {dag.py:3036} INFO - Sync 1 DAGs
[2024-04-01T23:14:44.422+0530] {logging_mixin.py:188} INFO - [2024-04-01T23:14:44.422+0530] {dag.py:3823} INFO - Setting next_dagrun for example_dag_decorator to None, run_after=None
[2024-04-01T23:14:44.461+0530] {processor.py:183} INFO - Processing /home/lucky/.local/lib/python3.10/site-packages/airflow/example_dags/example_dag_decorator.py took 0.336 seconds
[2024-04-01T23:15:37.534+0530] {processor.py:161} INFO - Started process (PID=14104) to work on /home/lucky/.local/lib/python3.10/site-packages/airflow/example_dags/example_dag_decorator.py
[2024-04-01T23:15:37.535+0530] {processor.py:830} INFO - Processing file /home/lucky/.local/lib/python3.10/site-packages/airflow/example_dags/example_dag_decorator.py for tasks to queue
[2024-04-01T23:15:37.536+0530] {logging_mixin.py:188} INFO - [2024-04-01T23:15:37.536+0530] {dagbag.py:538} INFO - Filling up the DagBag from /home/lucky/.local/lib/python3.10/site-packages/airflow/example_dags/example_dag_decorator.py
[2024-04-01T23:15:37.625+0530] {processor.py:840} INFO - DAG(s) 'example_dag_decorator' retrieved from /home/lucky/.local/lib/python3.10/site-packages/airflow/example_dags/example_dag_decorator.py
[2024-04-01T23:15:37.646+0530] {logging_mixin.py:188} INFO - [2024-04-01T23:15:37.646+0530] {dag.py:3036} INFO - Sync 1 DAGs
[2024-04-01T23:15:37.661+0530] {logging_mixin.py:188} INFO - [2024-04-01T23:15:37.661+0530] {dag.py:3823} INFO - Setting next_dagrun for example_dag_decorator to None, run_after=None
[2024-04-01T23:15:37.692+0530] {processor.py:183} INFO - Processing /home/lucky/.local/lib/python3.10/site-packages/airflow/example_dags/example_dag_decorator.py took 0.161 seconds
[2024-04-01T23:16:43.237+0530] {processor.py:161} INFO - Started process (PID=15162) to work on /home/lucky/.local/lib/python3.10/site-packages/airflow/example_dags/example_dag_decorator.py
[2024-04-01T23:16:43.239+0530] {processor.py:830} INFO - Processing file /home/lucky/.local/lib/python3.10/site-packages/airflow/example_dags/example_dag_decorator.py for tasks to queue
[2024-04-01T23:16:43.240+0530] {logging_mixin.py:188} INFO - [2024-04-01T23:16:43.240+0530] {dagbag.py:538} INFO - Filling up the DagBag from /home/lucky/.local/lib/python3.10/site-packages/airflow/example_dags/example_dag_decorator.py
[2024-04-01T23:16:43.312+0530] {processor.py:840} INFO - DAG(s) 'example_dag_decorator' retrieved from /home/lucky/.local/lib/python3.10/site-packages/airflow/example_dags/example_dag_decorator.py
[2024-04-01T23:16:43.410+0530] {logging_mixin.py:188} INFO - [2024-04-01T23:16:43.410+0530] {dag.py:3036} INFO - Sync 1 DAGs
[2024-04-01T23:16:43.419+0530] {logging_mixin.py:188} INFO - [2024-04-01T23:16:43.418+0530] {dag.py:3823} INFO - Setting next_dagrun for example_dag_decorator to None, run_after=None
[2024-04-01T23:16:43.441+0530] {processor.py:183} INFO - Processing /home/lucky/.local/lib/python3.10/site-packages/airflow/example_dags/example_dag_decorator.py took 0.207 seconds
