[2024-04-01T21:42:33.674+0530] {processor.py:161} INFO - Started process (PID=18048) to work on /home/lucky/.local/lib/python3.10/site-packages/airflow/example_dags/example_sensor_decorator.py
[2024-04-01T21:42:33.676+0530] {processor.py:830} INFO - Processing file /home/lucky/.local/lib/python3.10/site-packages/airflow/example_dags/example_sensor_decorator.py for tasks to queue
[2024-04-01T21:42:33.678+0530] {logging_mixin.py:188} INFO - [2024-04-01T21:42:33.678+0530] {dagbag.py:538} INFO - Filling up the DagBag from /home/lucky/.local/lib/python3.10/site-packages/airflow/example_dags/example_sensor_decorator.py
[2024-04-01T21:42:33.697+0530] {processor.py:840} INFO - DAG(s) 'example_sensor_decorator' retrieved from /home/lucky/.local/lib/python3.10/site-packages/airflow/example_dags/example_sensor_decorator.py
[2024-04-01T21:42:34.254+0530] {logging_mixin.py:188} INFO - [2024-04-01T21:42:34.253+0530] {dag.py:3036} INFO - Sync 1 DAGs
[2024-04-01T21:42:34.314+0530] {logging_mixin.py:188} INFO - [2024-04-01T21:42:34.313+0530] {dag.py:3823} INFO - Setting next_dagrun for example_sensor_decorator to None, run_after=None
[2024-04-01T21:42:34.450+0530] {processor.py:183} INFO - Processing /home/lucky/.local/lib/python3.10/site-packages/airflow/example_dags/example_sensor_decorator.py took 0.791 seconds
[2024-04-01T21:43:58.427+0530] {processor.py:161} INFO - Started process (PID=19292) to work on /home/lucky/.local/lib/python3.10/site-packages/airflow/example_dags/example_sensor_decorator.py
[2024-04-01T21:43:58.430+0530] {processor.py:830} INFO - Processing file /home/lucky/.local/lib/python3.10/site-packages/airflow/example_dags/example_sensor_decorator.py for tasks to queue
[2024-04-01T21:43:58.432+0530] {logging_mixin.py:188} INFO - [2024-04-01T21:43:58.431+0530] {dagbag.py:538} INFO - Filling up the DagBag from /home/lucky/.local/lib/python3.10/site-packages/airflow/example_dags/example_sensor_decorator.py
[2024-04-01T21:43:58.445+0530] {processor.py:840} INFO - DAG(s) 'example_sensor_decorator' retrieved from /home/lucky/.local/lib/python3.10/site-packages/airflow/example_dags/example_sensor_decorator.py
[2024-04-01T21:43:58.483+0530] {logging_mixin.py:188} INFO - [2024-04-01T21:43:58.480+0530] {dag.py:3036} INFO - Sync 1 DAGs
[2024-04-01T21:43:58.518+0530] {logging_mixin.py:188} INFO - [2024-04-01T21:43:58.517+0530] {dag.py:3823} INFO - Setting next_dagrun for example_sensor_decorator to None, run_after=None
[2024-04-01T21:43:58.561+0530] {processor.py:183} INFO - Processing /home/lucky/.local/lib/python3.10/site-packages/airflow/example_dags/example_sensor_decorator.py took 0.139 seconds
[2024-04-01T21:45:04.486+0530] {processor.py:161} INFO - Started process (PID=20217) to work on /home/lucky/.local/lib/python3.10/site-packages/airflow/example_dags/example_sensor_decorator.py
[2024-04-01T21:45:04.488+0530] {processor.py:830} INFO - Processing file /home/lucky/.local/lib/python3.10/site-packages/airflow/example_dags/example_sensor_decorator.py for tasks to queue
[2024-04-01T21:45:04.490+0530] {logging_mixin.py:188} INFO - [2024-04-01T21:45:04.489+0530] {dagbag.py:538} INFO - Filling up the DagBag from /home/lucky/.local/lib/python3.10/site-packages/airflow/example_dags/example_sensor_decorator.py
[2024-04-01T21:45:04.498+0530] {processor.py:840} INFO - DAG(s) 'example_sensor_decorator' retrieved from /home/lucky/.local/lib/python3.10/site-packages/airflow/example_dags/example_sensor_decorator.py
[2024-04-01T21:45:04.520+0530] {logging_mixin.py:188} INFO - [2024-04-01T21:45:04.519+0530] {dag.py:3036} INFO - Sync 1 DAGs
[2024-04-01T21:45:04.535+0530] {logging_mixin.py:188} INFO - [2024-04-01T21:45:04.534+0530] {dag.py:3823} INFO - Setting next_dagrun for example_sensor_decorator to None, run_after=None
[2024-04-01T21:45:04.567+0530] {processor.py:183} INFO - Processing /home/lucky/.local/lib/python3.10/site-packages/airflow/example_dags/example_sensor_decorator.py took 0.085 seconds
[2024-04-01T21:59:57.195+0530] {processor.py:161} INFO - Started process (PID=33219) to work on /home/lucky/.local/lib/python3.10/site-packages/airflow/example_dags/example_sensor_decorator.py
[2024-04-01T21:59:57.197+0530] {processor.py:830} INFO - Processing file /home/lucky/.local/lib/python3.10/site-packages/airflow/example_dags/example_sensor_decorator.py for tasks to queue
[2024-04-01T21:59:57.204+0530] {logging_mixin.py:188} INFO - [2024-04-01T21:59:57.200+0530] {dagbag.py:538} INFO - Filling up the DagBag from /home/lucky/.local/lib/python3.10/site-packages/airflow/example_dags/example_sensor_decorator.py
[2024-04-01T21:59:57.218+0530] {processor.py:840} INFO - DAG(s) 'example_sensor_decorator' retrieved from /home/lucky/.local/lib/python3.10/site-packages/airflow/example_dags/example_sensor_decorator.py
[2024-04-01T21:59:57.255+0530] {logging_mixin.py:188} INFO - [2024-04-01T21:59:57.254+0530] {dag.py:3036} INFO - Sync 1 DAGs
[2024-04-01T21:59:57.279+0530] {logging_mixin.py:188} INFO - [2024-04-01T21:59:57.278+0530] {dag.py:3823} INFO - Setting next_dagrun for example_sensor_decorator to None, run_after=None
[2024-04-01T21:59:57.323+0530] {processor.py:183} INFO - Processing /home/lucky/.local/lib/python3.10/site-packages/airflow/example_dags/example_sensor_decorator.py took 0.132 seconds
[2024-04-01T22:00:58.916+0530] {processor.py:161} INFO - Started process (PID=34268) to work on /home/lucky/.local/lib/python3.10/site-packages/airflow/example_dags/example_sensor_decorator.py
[2024-04-01T22:00:58.918+0530] {processor.py:830} INFO - Processing file /home/lucky/.local/lib/python3.10/site-packages/airflow/example_dags/example_sensor_decorator.py for tasks to queue
[2024-04-01T22:00:58.918+0530] {logging_mixin.py:188} INFO - [2024-04-01T22:00:58.918+0530] {dagbag.py:538} INFO - Filling up the DagBag from /home/lucky/.local/lib/python3.10/site-packages/airflow/example_dags/example_sensor_decorator.py
[2024-04-01T22:00:58.924+0530] {processor.py:840} INFO - DAG(s) 'example_sensor_decorator' retrieved from /home/lucky/.local/lib/python3.10/site-packages/airflow/example_dags/example_sensor_decorator.py
[2024-04-01T22:00:58.938+0530] {logging_mixin.py:188} INFO - [2024-04-01T22:00:58.937+0530] {dag.py:3036} INFO - Sync 1 DAGs
[2024-04-01T22:00:58.948+0530] {logging_mixin.py:188} INFO - [2024-04-01T22:00:58.948+0530] {dag.py:3823} INFO - Setting next_dagrun for example_sensor_decorator to None, run_after=None
[2024-04-01T22:00:58.970+0530] {processor.py:183} INFO - Processing /home/lucky/.local/lib/python3.10/site-packages/airflow/example_dags/example_sensor_decorator.py took 0.056 seconds
[2024-04-01T22:02:28.104+0530] {processor.py:161} INFO - Started process (PID=35682) to work on /home/lucky/.local/lib/python3.10/site-packages/airflow/example_dags/example_sensor_decorator.py
[2024-04-01T22:02:28.106+0530] {processor.py:830} INFO - Processing file /home/lucky/.local/lib/python3.10/site-packages/airflow/example_dags/example_sensor_decorator.py for tasks to queue
[2024-04-01T22:02:28.108+0530] {logging_mixin.py:188} INFO - [2024-04-01T22:02:28.107+0530] {dagbag.py:538} INFO - Filling up the DagBag from /home/lucky/.local/lib/python3.10/site-packages/airflow/example_dags/example_sensor_decorator.py
[2024-04-01T22:02:28.129+0530] {processor.py:840} INFO - DAG(s) 'example_sensor_decorator' retrieved from /home/lucky/.local/lib/python3.10/site-packages/airflow/example_dags/example_sensor_decorator.py
[2024-04-01T22:02:28.177+0530] {logging_mixin.py:188} INFO - [2024-04-01T22:02:28.177+0530] {dag.py:3036} INFO - Sync 1 DAGs
[2024-04-01T22:02:28.197+0530] {logging_mixin.py:188} INFO - [2024-04-01T22:02:28.196+0530] {dag.py:3823} INFO - Setting next_dagrun for example_sensor_decorator to None, run_after=None
[2024-04-01T22:02:28.235+0530] {processor.py:183} INFO - Processing /home/lucky/.local/lib/python3.10/site-packages/airflow/example_dags/example_sensor_decorator.py took 0.134 seconds
[2024-04-01T22:03:30.853+0530] {processor.py:161} INFO - Started process (PID=36423) to work on /home/lucky/.local/lib/python3.10/site-packages/airflow/example_dags/example_sensor_decorator.py
[2024-04-01T22:03:30.859+0530] {processor.py:830} INFO - Processing file /home/lucky/.local/lib/python3.10/site-packages/airflow/example_dags/example_sensor_decorator.py for tasks to queue
[2024-04-01T22:03:30.868+0530] {logging_mixin.py:188} INFO - [2024-04-01T22:03:30.860+0530] {dagbag.py:538} INFO - Filling up the DagBag from /home/lucky/.local/lib/python3.10/site-packages/airflow/example_dags/example_sensor_decorator.py
[2024-04-01T22:03:30.906+0530] {processor.py:840} INFO - DAG(s) 'example_sensor_decorator' retrieved from /home/lucky/.local/lib/python3.10/site-packages/airflow/example_dags/example_sensor_decorator.py
[2024-04-01T22:03:30.971+0530] {logging_mixin.py:188} INFO - [2024-04-01T22:03:30.971+0530] {dag.py:3036} INFO - Sync 1 DAGs
[2024-04-01T22:03:31.033+0530] {logging_mixin.py:188} INFO - [2024-04-01T22:03:31.032+0530] {dag.py:3823} INFO - Setting next_dagrun for example_sensor_decorator to None, run_after=None
[2024-04-01T22:03:31.127+0530] {processor.py:183} INFO - Processing /home/lucky/.local/lib/python3.10/site-packages/airflow/example_dags/example_sensor_decorator.py took 0.291 seconds
[2024-04-01T22:04:44.616+0530] {processor.py:161} INFO - Started process (PID=37600) to work on /home/lucky/.local/lib/python3.10/site-packages/airflow/example_dags/example_sensor_decorator.py
[2024-04-01T22:04:44.618+0530] {processor.py:830} INFO - Processing file /home/lucky/.local/lib/python3.10/site-packages/airflow/example_dags/example_sensor_decorator.py for tasks to queue
[2024-04-01T22:04:44.620+0530] {logging_mixin.py:188} INFO - [2024-04-01T22:04:44.619+0530] {dagbag.py:538} INFO - Filling up the DagBag from /home/lucky/.local/lib/python3.10/site-packages/airflow/example_dags/example_sensor_decorator.py
[2024-04-01T22:04:44.634+0530] {processor.py:840} INFO - DAG(s) 'example_sensor_decorator' retrieved from /home/lucky/.local/lib/python3.10/site-packages/airflow/example_dags/example_sensor_decorator.py
[2024-04-01T22:04:44.659+0530] {logging_mixin.py:188} INFO - [2024-04-01T22:04:44.659+0530] {dag.py:3036} INFO - Sync 1 DAGs
[2024-04-01T22:04:44.685+0530] {logging_mixin.py:188} INFO - [2024-04-01T22:04:44.684+0530] {dag.py:3823} INFO - Setting next_dagrun for example_sensor_decorator to None, run_after=None
[2024-04-01T22:04:44.739+0530] {processor.py:183} INFO - Processing /home/lucky/.local/lib/python3.10/site-packages/airflow/example_dags/example_sensor_decorator.py took 0.127 seconds
[2024-04-01T22:05:51.520+0530] {processor.py:161} INFO - Started process (PID=38690) to work on /home/lucky/.local/lib/python3.10/site-packages/airflow/example_dags/example_sensor_decorator.py
[2024-04-01T22:05:51.523+0530] {processor.py:830} INFO - Processing file /home/lucky/.local/lib/python3.10/site-packages/airflow/example_dags/example_sensor_decorator.py for tasks to queue
[2024-04-01T22:05:51.524+0530] {logging_mixin.py:188} INFO - [2024-04-01T22:05:51.524+0530] {dagbag.py:538} INFO - Filling up the DagBag from /home/lucky/.local/lib/python3.10/site-packages/airflow/example_dags/example_sensor_decorator.py
[2024-04-01T22:05:51.547+0530] {processor.py:840} INFO - DAG(s) 'example_sensor_decorator' retrieved from /home/lucky/.local/lib/python3.10/site-packages/airflow/example_dags/example_sensor_decorator.py
[2024-04-01T22:05:51.607+0530] {logging_mixin.py:188} INFO - [2024-04-01T22:05:51.607+0530] {dag.py:3036} INFO - Sync 1 DAGs
[2024-04-01T22:05:51.677+0530] {logging_mixin.py:188} INFO - [2024-04-01T22:05:51.676+0530] {dag.py:3823} INFO - Setting next_dagrun for example_sensor_decorator to None, run_after=None
[2024-04-01T22:05:51.789+0530] {processor.py:183} INFO - Processing /home/lucky/.local/lib/python3.10/site-packages/airflow/example_dags/example_sensor_decorator.py took 0.283 seconds
[2024-04-01T22:07:07.729+0530] {processor.py:161} INFO - Started process (PID=39877) to work on /home/lucky/.local/lib/python3.10/site-packages/airflow/example_dags/example_sensor_decorator.py
[2024-04-01T22:07:07.735+0530] {processor.py:830} INFO - Processing file /home/lucky/.local/lib/python3.10/site-packages/airflow/example_dags/example_sensor_decorator.py for tasks to queue
[2024-04-01T22:07:07.737+0530] {logging_mixin.py:188} INFO - [2024-04-01T22:07:07.736+0530] {dagbag.py:538} INFO - Filling up the DagBag from /home/lucky/.local/lib/python3.10/site-packages/airflow/example_dags/example_sensor_decorator.py
[2024-04-01T22:07:07.750+0530] {processor.py:840} INFO - DAG(s) 'example_sensor_decorator' retrieved from /home/lucky/.local/lib/python3.10/site-packages/airflow/example_dags/example_sensor_decorator.py
[2024-04-01T22:07:07.781+0530] {logging_mixin.py:188} INFO - [2024-04-01T22:07:07.780+0530] {dag.py:3036} INFO - Sync 1 DAGs
[2024-04-01T22:07:07.814+0530] {logging_mixin.py:188} INFO - [2024-04-01T22:07:07.814+0530] {dag.py:3823} INFO - Setting next_dagrun for example_sensor_decorator to None, run_after=None
[2024-04-01T22:07:07.870+0530] {processor.py:183} INFO - Processing /home/lucky/.local/lib/python3.10/site-packages/airflow/example_dags/example_sensor_decorator.py took 0.148 seconds
[2024-04-01T22:08:35.818+0530] {processor.py:161} INFO - Started process (PID=40910) to work on /home/lucky/.local/lib/python3.10/site-packages/airflow/example_dags/example_sensor_decorator.py
[2024-04-01T22:08:35.829+0530] {processor.py:830} INFO - Processing file /home/lucky/.local/lib/python3.10/site-packages/airflow/example_dags/example_sensor_decorator.py for tasks to queue
[2024-04-01T22:08:35.831+0530] {logging_mixin.py:188} INFO - [2024-04-01T22:08:35.830+0530] {dagbag.py:538} INFO - Filling up the DagBag from /home/lucky/.local/lib/python3.10/site-packages/airflow/example_dags/example_sensor_decorator.py
[2024-04-01T22:08:35.862+0530] {processor.py:840} INFO - DAG(s) 'example_sensor_decorator' retrieved from /home/lucky/.local/lib/python3.10/site-packages/airflow/example_dags/example_sensor_decorator.py
[2024-04-01T22:08:35.929+0530] {logging_mixin.py:188} INFO - [2024-04-01T22:08:35.928+0530] {dag.py:3036} INFO - Sync 1 DAGs
[2024-04-01T22:08:35.968+0530] {logging_mixin.py:188} INFO - [2024-04-01T22:08:35.968+0530] {dag.py:3823} INFO - Setting next_dagrun for example_sensor_decorator to None, run_after=None
[2024-04-01T22:08:36.048+0530] {processor.py:183} INFO - Processing /home/lucky/.local/lib/python3.10/site-packages/airflow/example_dags/example_sensor_decorator.py took 0.234 seconds
[2024-04-01T22:10:06.636+0530] {processor.py:161} INFO - Started process (PID=42206) to work on /home/lucky/.local/lib/python3.10/site-packages/airflow/example_dags/example_sensor_decorator.py
[2024-04-01T22:10:06.639+0530] {processor.py:830} INFO - Processing file /home/lucky/.local/lib/python3.10/site-packages/airflow/example_dags/example_sensor_decorator.py for tasks to queue
[2024-04-01T22:10:06.641+0530] {logging_mixin.py:188} INFO - [2024-04-01T22:10:06.640+0530] {dagbag.py:538} INFO - Filling up the DagBag from /home/lucky/.local/lib/python3.10/site-packages/airflow/example_dags/example_sensor_decorator.py
[2024-04-01T22:10:06.672+0530] {processor.py:840} INFO - DAG(s) 'example_sensor_decorator' retrieved from /home/lucky/.local/lib/python3.10/site-packages/airflow/example_dags/example_sensor_decorator.py
[2024-04-01T22:10:06.729+0530] {logging_mixin.py:188} INFO - [2024-04-01T22:10:06.728+0530] {dag.py:3036} INFO - Sync 1 DAGs
[2024-04-01T22:10:06.775+0530] {logging_mixin.py:188} INFO - [2024-04-01T22:10:06.774+0530] {dag.py:3823} INFO - Setting next_dagrun for example_sensor_decorator to None, run_after=None
[2024-04-01T22:10:06.878+0530] {processor.py:183} INFO - Processing /home/lucky/.local/lib/python3.10/site-packages/airflow/example_dags/example_sensor_decorator.py took 0.257 seconds
[2024-04-01T22:11:28.154+0530] {processor.py:161} INFO - Started process (PID=43444) to work on /home/lucky/.local/lib/python3.10/site-packages/airflow/example_dags/example_sensor_decorator.py
[2024-04-01T22:11:28.157+0530] {processor.py:830} INFO - Processing file /home/lucky/.local/lib/python3.10/site-packages/airflow/example_dags/example_sensor_decorator.py for tasks to queue
[2024-04-01T22:11:28.159+0530] {logging_mixin.py:188} INFO - [2024-04-01T22:11:28.159+0530] {dagbag.py:538} INFO - Filling up the DagBag from /home/lucky/.local/lib/python3.10/site-packages/airflow/example_dags/example_sensor_decorator.py
[2024-04-01T22:11:28.173+0530] {processor.py:840} INFO - DAG(s) 'example_sensor_decorator' retrieved from /home/lucky/.local/lib/python3.10/site-packages/airflow/example_dags/example_sensor_decorator.py
[2024-04-01T22:11:28.207+0530] {logging_mixin.py:188} INFO - [2024-04-01T22:11:28.207+0530] {dag.py:3036} INFO - Sync 1 DAGs
[2024-04-01T22:11:28.235+0530] {logging_mixin.py:188} INFO - [2024-04-01T22:11:28.235+0530] {dag.py:3823} INFO - Setting next_dagrun for example_sensor_decorator to None, run_after=None
[2024-04-01T22:11:28.282+0530] {processor.py:183} INFO - Processing /home/lucky/.local/lib/python3.10/site-packages/airflow/example_dags/example_sensor_decorator.py took 0.135 seconds
[2024-04-01T22:12:45.837+0530] {processor.py:161} INFO - Started process (PID=44314) to work on /home/lucky/.local/lib/python3.10/site-packages/airflow/example_dags/example_sensor_decorator.py
[2024-04-01T22:12:45.838+0530] {processor.py:830} INFO - Processing file /home/lucky/.local/lib/python3.10/site-packages/airflow/example_dags/example_sensor_decorator.py for tasks to queue
[2024-04-01T22:12:45.840+0530] {logging_mixin.py:188} INFO - [2024-04-01T22:12:45.839+0530] {dagbag.py:538} INFO - Filling up the DagBag from /home/lucky/.local/lib/python3.10/site-packages/airflow/example_dags/example_sensor_decorator.py
[2024-04-01T22:12:45.850+0530] {processor.py:840} INFO - DAG(s) 'example_sensor_decorator' retrieved from /home/lucky/.local/lib/python3.10/site-packages/airflow/example_dags/example_sensor_decorator.py
[2024-04-01T22:12:45.870+0530] {logging_mixin.py:188} INFO - [2024-04-01T22:12:45.869+0530] {dag.py:3036} INFO - Sync 1 DAGs
[2024-04-01T22:12:45.886+0530] {logging_mixin.py:188} INFO - [2024-04-01T22:12:45.885+0530] {dag.py:3823} INFO - Setting next_dagrun for example_sensor_decorator to None, run_after=None
[2024-04-01T22:12:45.918+0530] {processor.py:183} INFO - Processing /home/lucky/.local/lib/python3.10/site-packages/airflow/example_dags/example_sensor_decorator.py took 0.085 seconds
[2024-04-01T22:14:00.313+0530] {processor.py:161} INFO - Started process (PID=45490) to work on /home/lucky/.local/lib/python3.10/site-packages/airflow/example_dags/example_sensor_decorator.py
[2024-04-01T22:14:00.315+0530] {processor.py:830} INFO - Processing file /home/lucky/.local/lib/python3.10/site-packages/airflow/example_dags/example_sensor_decorator.py for tasks to queue
[2024-04-01T22:14:00.317+0530] {logging_mixin.py:188} INFO - [2024-04-01T22:14:00.316+0530] {dagbag.py:538} INFO - Filling up the DagBag from /home/lucky/.local/lib/python3.10/site-packages/airflow/example_dags/example_sensor_decorator.py
[2024-04-01T22:14:00.326+0530] {processor.py:840} INFO - DAG(s) 'example_sensor_decorator' retrieved from /home/lucky/.local/lib/python3.10/site-packages/airflow/example_dags/example_sensor_decorator.py
[2024-04-01T22:14:00.352+0530] {logging_mixin.py:188} INFO - [2024-04-01T22:14:00.351+0530] {dag.py:3036} INFO - Sync 1 DAGs
[2024-04-01T22:14:00.372+0530] {logging_mixin.py:188} INFO - [2024-04-01T22:14:00.371+0530] {dag.py:3823} INFO - Setting next_dagrun for example_sensor_decorator to None, run_after=None
[2024-04-01T22:14:00.410+0530] {processor.py:183} INFO - Processing /home/lucky/.local/lib/python3.10/site-packages/airflow/example_dags/example_sensor_decorator.py took 0.101 seconds
[2024-04-01T22:15:02.707+0530] {processor.py:161} INFO - Started process (PID=46561) to work on /home/lucky/.local/lib/python3.10/site-packages/airflow/example_dags/example_sensor_decorator.py
[2024-04-01T22:15:02.709+0530] {processor.py:830} INFO - Processing file /home/lucky/.local/lib/python3.10/site-packages/airflow/example_dags/example_sensor_decorator.py for tasks to queue
[2024-04-01T22:15:02.710+0530] {logging_mixin.py:188} INFO - [2024-04-01T22:15:02.710+0530] {dagbag.py:538} INFO - Filling up the DagBag from /home/lucky/.local/lib/python3.10/site-packages/airflow/example_dags/example_sensor_decorator.py
[2024-04-01T22:15:02.718+0530] {processor.py:840} INFO - DAG(s) 'example_sensor_decorator' retrieved from /home/lucky/.local/lib/python3.10/site-packages/airflow/example_dags/example_sensor_decorator.py
[2024-04-01T22:15:02.735+0530] {logging_mixin.py:188} INFO - [2024-04-01T22:15:02.735+0530] {dag.py:3036} INFO - Sync 1 DAGs
[2024-04-01T22:15:02.748+0530] {logging_mixin.py:188} INFO - [2024-04-01T22:15:02.747+0530] {dag.py:3823} INFO - Setting next_dagrun for example_sensor_decorator to None, run_after=None
[2024-04-01T22:15:02.773+0530] {processor.py:183} INFO - Processing /home/lucky/.local/lib/python3.10/site-packages/airflow/example_dags/example_sensor_decorator.py took 0.070 seconds
[2024-04-01T22:15:57.313+0530] {processor.py:161} INFO - Started process (PID=47242) to work on /home/lucky/.local/lib/python3.10/site-packages/airflow/example_dags/example_sensor_decorator.py
[2024-04-01T22:15:57.315+0530] {processor.py:830} INFO - Processing file /home/lucky/.local/lib/python3.10/site-packages/airflow/example_dags/example_sensor_decorator.py for tasks to queue
[2024-04-01T22:15:57.316+0530] {logging_mixin.py:188} INFO - [2024-04-01T22:15:57.316+0530] {dagbag.py:538} INFO - Filling up the DagBag from /home/lucky/.local/lib/python3.10/site-packages/airflow/example_dags/example_sensor_decorator.py
[2024-04-01T22:15:57.325+0530] {processor.py:840} INFO - DAG(s) 'example_sensor_decorator' retrieved from /home/lucky/.local/lib/python3.10/site-packages/airflow/example_dags/example_sensor_decorator.py
[2024-04-01T22:15:57.354+0530] {logging_mixin.py:188} INFO - [2024-04-01T22:15:57.353+0530] {dag.py:3036} INFO - Sync 1 DAGs
[2024-04-01T22:15:57.384+0530] {logging_mixin.py:188} INFO - [2024-04-01T22:15:57.383+0530] {dag.py:3823} INFO - Setting next_dagrun for example_sensor_decorator to None, run_after=None
[2024-04-01T22:15:57.424+0530] {processor.py:183} INFO - Processing /home/lucky/.local/lib/python3.10/site-packages/airflow/example_dags/example_sensor_decorator.py took 0.116 seconds
[2024-04-01T22:17:17.439+0530] {processor.py:161} INFO - Started process (PID=48542) to work on /home/lucky/.local/lib/python3.10/site-packages/airflow/example_dags/example_sensor_decorator.py
[2024-04-01T22:17:17.441+0530] {processor.py:830} INFO - Processing file /home/lucky/.local/lib/python3.10/site-packages/airflow/example_dags/example_sensor_decorator.py for tasks to queue
[2024-04-01T22:17:17.442+0530] {logging_mixin.py:188} INFO - [2024-04-01T22:17:17.442+0530] {dagbag.py:538} INFO - Filling up the DagBag from /home/lucky/.local/lib/python3.10/site-packages/airflow/example_dags/example_sensor_decorator.py
[2024-04-01T22:17:17.451+0530] {processor.py:840} INFO - DAG(s) 'example_sensor_decorator' retrieved from /home/lucky/.local/lib/python3.10/site-packages/airflow/example_dags/example_sensor_decorator.py
[2024-04-01T22:17:17.470+0530] {logging_mixin.py:188} INFO - [2024-04-01T22:17:17.469+0530] {dag.py:3036} INFO - Sync 1 DAGs
[2024-04-01T22:17:17.484+0530] {logging_mixin.py:188} INFO - [2024-04-01T22:17:17.484+0530] {dag.py:3823} INFO - Setting next_dagrun for example_sensor_decorator to None, run_after=None
[2024-04-01T22:17:17.524+0530] {processor.py:183} INFO - Processing /home/lucky/.local/lib/python3.10/site-packages/airflow/example_dags/example_sensor_decorator.py took 0.088 seconds
[2024-04-01T22:18:36.497+0530] {processor.py:161} INFO - Started process (PID=49773) to work on /home/lucky/.local/lib/python3.10/site-packages/airflow/example_dags/example_sensor_decorator.py
[2024-04-01T22:18:36.499+0530] {processor.py:830} INFO - Processing file /home/lucky/.local/lib/python3.10/site-packages/airflow/example_dags/example_sensor_decorator.py for tasks to queue
[2024-04-01T22:18:36.501+0530] {logging_mixin.py:188} INFO - [2024-04-01T22:18:36.500+0530] {dagbag.py:538} INFO - Filling up the DagBag from /home/lucky/.local/lib/python3.10/site-packages/airflow/example_dags/example_sensor_decorator.py
[2024-04-01T22:18:36.508+0530] {processor.py:840} INFO - DAG(s) 'example_sensor_decorator' retrieved from /home/lucky/.local/lib/python3.10/site-packages/airflow/example_dags/example_sensor_decorator.py
[2024-04-01T22:18:36.527+0530] {logging_mixin.py:188} INFO - [2024-04-01T22:18:36.527+0530] {dag.py:3036} INFO - Sync 1 DAGs
[2024-04-01T22:18:36.543+0530] {logging_mixin.py:188} INFO - [2024-04-01T22:18:36.543+0530] {dag.py:3823} INFO - Setting next_dagrun for example_sensor_decorator to None, run_after=None
[2024-04-01T22:18:36.577+0530] {processor.py:183} INFO - Processing /home/lucky/.local/lib/python3.10/site-packages/airflow/example_dags/example_sensor_decorator.py took 0.083 seconds
[2024-04-01T22:19:30.979+0530] {processor.py:161} INFO - Started process (PID=50731) to work on /home/lucky/.local/lib/python3.10/site-packages/airflow/example_dags/example_sensor_decorator.py
[2024-04-01T22:19:30.980+0530] {processor.py:830} INFO - Processing file /home/lucky/.local/lib/python3.10/site-packages/airflow/example_dags/example_sensor_decorator.py for tasks to queue
[2024-04-01T22:19:30.981+0530] {logging_mixin.py:188} INFO - [2024-04-01T22:19:30.981+0530] {dagbag.py:538} INFO - Filling up the DagBag from /home/lucky/.local/lib/python3.10/site-packages/airflow/example_dags/example_sensor_decorator.py
[2024-04-01T22:19:30.988+0530] {processor.py:840} INFO - DAG(s) 'example_sensor_decorator' retrieved from /home/lucky/.local/lib/python3.10/site-packages/airflow/example_dags/example_sensor_decorator.py
[2024-04-01T22:19:31.003+0530] {logging_mixin.py:188} INFO - [2024-04-01T22:19:31.003+0530] {dag.py:3036} INFO - Sync 1 DAGs
[2024-04-01T22:19:31.016+0530] {logging_mixin.py:188} INFO - [2024-04-01T22:19:31.015+0530] {dag.py:3823} INFO - Setting next_dagrun for example_sensor_decorator to None, run_after=None
[2024-04-01T22:19:31.044+0530] {processor.py:183} INFO - Processing /home/lucky/.local/lib/python3.10/site-packages/airflow/example_dags/example_sensor_decorator.py took 0.069 seconds
[2024-04-01T22:25:37.964+0530] {processor.py:161} INFO - Started process (PID=56173) to work on /home/lucky/.local/lib/python3.10/site-packages/airflow/example_dags/example_sensor_decorator.py
[2024-04-01T22:25:37.966+0530] {processor.py:830} INFO - Processing file /home/lucky/.local/lib/python3.10/site-packages/airflow/example_dags/example_sensor_decorator.py for tasks to queue
[2024-04-01T22:25:37.971+0530] {logging_mixin.py:188} INFO - [2024-04-01T22:25:37.970+0530] {dagbag.py:538} INFO - Filling up the DagBag from /home/lucky/.local/lib/python3.10/site-packages/airflow/example_dags/example_sensor_decorator.py
[2024-04-01T22:25:37.983+0530] {processor.py:840} INFO - DAG(s) 'example_sensor_decorator' retrieved from /home/lucky/.local/lib/python3.10/site-packages/airflow/example_dags/example_sensor_decorator.py
[2024-04-01T22:25:38.008+0530] {logging_mixin.py:188} INFO - [2024-04-01T22:25:38.008+0530] {dag.py:3036} INFO - Sync 1 DAGs
[2024-04-01T22:25:38.022+0530] {logging_mixin.py:188} INFO - [2024-04-01T22:25:38.021+0530] {dag.py:3823} INFO - Setting next_dagrun for example_sensor_decorator to None, run_after=None
[2024-04-01T22:25:38.051+0530] {processor.py:183} INFO - Processing /home/lucky/.local/lib/python3.10/site-packages/airflow/example_dags/example_sensor_decorator.py took 0.092 seconds
[2024-04-01T22:27:44.394+0530] {processor.py:161} INFO - Started process (PID=58305) to work on /home/lucky/.local/lib/python3.10/site-packages/airflow/example_dags/example_sensor_decorator.py
[2024-04-01T22:27:44.395+0530] {processor.py:830} INFO - Processing file /home/lucky/.local/lib/python3.10/site-packages/airflow/example_dags/example_sensor_decorator.py for tasks to queue
[2024-04-01T22:27:44.396+0530] {logging_mixin.py:188} INFO - [2024-04-01T22:27:44.396+0530] {dagbag.py:538} INFO - Filling up the DagBag from /home/lucky/.local/lib/python3.10/site-packages/airflow/example_dags/example_sensor_decorator.py
[2024-04-01T22:27:44.407+0530] {processor.py:840} INFO - DAG(s) 'example_sensor_decorator' retrieved from /home/lucky/.local/lib/python3.10/site-packages/airflow/example_dags/example_sensor_decorator.py
[2024-04-01T22:27:44.427+0530] {logging_mixin.py:188} INFO - [2024-04-01T22:27:44.427+0530] {dag.py:3036} INFO - Sync 1 DAGs
[2024-04-01T22:27:44.439+0530] {logging_mixin.py:188} INFO - [2024-04-01T22:27:44.439+0530] {dag.py:3823} INFO - Setting next_dagrun for example_sensor_decorator to None, run_after=None
[2024-04-01T22:27:44.465+0530] {processor.py:183} INFO - Processing /home/lucky/.local/lib/python3.10/site-packages/airflow/example_dags/example_sensor_decorator.py took 0.074 seconds
[2024-04-01T22:28:39.473+0530] {processor.py:161} INFO - Started process (PID=59065) to work on /home/lucky/.local/lib/python3.10/site-packages/airflow/example_dags/example_sensor_decorator.py
[2024-04-01T22:28:39.475+0530] {processor.py:830} INFO - Processing file /home/lucky/.local/lib/python3.10/site-packages/airflow/example_dags/example_sensor_decorator.py for tasks to queue
[2024-04-01T22:28:39.476+0530] {logging_mixin.py:188} INFO - [2024-04-01T22:28:39.476+0530] {dagbag.py:538} INFO - Filling up the DagBag from /home/lucky/.local/lib/python3.10/site-packages/airflow/example_dags/example_sensor_decorator.py
[2024-04-01T22:28:39.482+0530] {processor.py:840} INFO - DAG(s) 'example_sensor_decorator' retrieved from /home/lucky/.local/lib/python3.10/site-packages/airflow/example_dags/example_sensor_decorator.py
[2024-04-01T22:28:39.498+0530] {logging_mixin.py:188} INFO - [2024-04-01T22:28:39.498+0530] {dag.py:3036} INFO - Sync 1 DAGs
[2024-04-01T22:28:39.511+0530] {logging_mixin.py:188} INFO - [2024-04-01T22:28:39.510+0530] {dag.py:3823} INFO - Setting next_dagrun for example_sensor_decorator to None, run_after=None
[2024-04-01T22:28:39.540+0530] {processor.py:183} INFO - Processing /home/lucky/.local/lib/python3.10/site-packages/airflow/example_dags/example_sensor_decorator.py took 0.070 seconds
[2024-04-01T22:29:57.637+0530] {processor.py:161} INFO - Started process (PID=60379) to work on /home/lucky/.local/lib/python3.10/site-packages/airflow/example_dags/example_sensor_decorator.py
[2024-04-01T22:29:57.640+0530] {processor.py:830} INFO - Processing file /home/lucky/.local/lib/python3.10/site-packages/airflow/example_dags/example_sensor_decorator.py for tasks to queue
[2024-04-01T22:29:57.642+0530] {logging_mixin.py:188} INFO - [2024-04-01T22:29:57.641+0530] {dagbag.py:538} INFO - Filling up the DagBag from /home/lucky/.local/lib/python3.10/site-packages/airflow/example_dags/example_sensor_decorator.py
[2024-04-01T22:29:57.655+0530] {processor.py:840} INFO - DAG(s) 'example_sensor_decorator' retrieved from /home/lucky/.local/lib/python3.10/site-packages/airflow/example_dags/example_sensor_decorator.py
[2024-04-01T22:29:57.706+0530] {logging_mixin.py:188} INFO - [2024-04-01T22:29:57.705+0530] {dag.py:3036} INFO - Sync 1 DAGs
[2024-04-01T22:29:57.759+0530] {logging_mixin.py:188} INFO - [2024-04-01T22:29:57.758+0530] {dag.py:3823} INFO - Setting next_dagrun for example_sensor_decorator to None, run_after=None
[2024-04-01T22:29:57.844+0530] {processor.py:183} INFO - Processing /home/lucky/.local/lib/python3.10/site-packages/airflow/example_dags/example_sensor_decorator.py took 0.212 seconds
[2024-04-01T22:31:09.013+0530] {processor.py:161} INFO - Started process (PID=61581) to work on /home/lucky/.local/lib/python3.10/site-packages/airflow/example_dags/example_sensor_decorator.py
[2024-04-01T22:31:09.015+0530] {processor.py:830} INFO - Processing file /home/lucky/.local/lib/python3.10/site-packages/airflow/example_dags/example_sensor_decorator.py for tasks to queue
[2024-04-01T22:31:09.016+0530] {logging_mixin.py:188} INFO - [2024-04-01T22:31:09.016+0530] {dagbag.py:538} INFO - Filling up the DagBag from /home/lucky/.local/lib/python3.10/site-packages/airflow/example_dags/example_sensor_decorator.py
[2024-04-01T22:31:09.023+0530] {processor.py:840} INFO - DAG(s) 'example_sensor_decorator' retrieved from /home/lucky/.local/lib/python3.10/site-packages/airflow/example_dags/example_sensor_decorator.py
[2024-04-01T22:31:09.041+0530] {logging_mixin.py:188} INFO - [2024-04-01T22:31:09.041+0530] {dag.py:3036} INFO - Sync 1 DAGs
[2024-04-01T22:31:09.055+0530] {logging_mixin.py:188} INFO - [2024-04-01T22:31:09.055+0530] {dag.py:3823} INFO - Setting next_dagrun for example_sensor_decorator to None, run_after=None
[2024-04-01T22:31:09.081+0530] {processor.py:183} INFO - Processing /home/lucky/.local/lib/python3.10/site-packages/airflow/example_dags/example_sensor_decorator.py took 0.072 seconds
[2024-04-01T22:32:26.687+0530] {processor.py:161} INFO - Started process (PID=62810) to work on /home/lucky/.local/lib/python3.10/site-packages/airflow/example_dags/example_sensor_decorator.py
[2024-04-01T22:32:26.689+0530] {processor.py:830} INFO - Processing file /home/lucky/.local/lib/python3.10/site-packages/airflow/example_dags/example_sensor_decorator.py for tasks to queue
[2024-04-01T22:32:26.690+0530] {logging_mixin.py:188} INFO - [2024-04-01T22:32:26.690+0530] {dagbag.py:538} INFO - Filling up the DagBag from /home/lucky/.local/lib/python3.10/site-packages/airflow/example_dags/example_sensor_decorator.py
[2024-04-01T22:32:26.697+0530] {processor.py:840} INFO - DAG(s) 'example_sensor_decorator' retrieved from /home/lucky/.local/lib/python3.10/site-packages/airflow/example_dags/example_sensor_decorator.py
[2024-04-01T22:32:26.711+0530] {logging_mixin.py:188} INFO - [2024-04-01T22:32:26.711+0530] {dag.py:3036} INFO - Sync 1 DAGs
[2024-04-01T22:32:26.721+0530] {logging_mixin.py:188} INFO - [2024-04-01T22:32:26.721+0530] {dag.py:3823} INFO - Setting next_dagrun for example_sensor_decorator to None, run_after=None
[2024-04-01T22:32:26.743+0530] {processor.py:183} INFO - Processing /home/lucky/.local/lib/python3.10/site-packages/airflow/example_dags/example_sensor_decorator.py took 0.058 seconds
[2024-04-01T23:06:45.160+0530] {processor.py:161} INFO - Started process (PID=6433) to work on /home/lucky/.local/lib/python3.10/site-packages/airflow/example_dags/example_sensor_decorator.py
[2024-04-01T23:06:45.162+0530] {processor.py:830} INFO - Processing file /home/lucky/.local/lib/python3.10/site-packages/airflow/example_dags/example_sensor_decorator.py for tasks to queue
[2024-04-01T23:06:45.164+0530] {logging_mixin.py:188} INFO - [2024-04-01T23:06:45.163+0530] {dagbag.py:538} INFO - Filling up the DagBag from /home/lucky/.local/lib/python3.10/site-packages/airflow/example_dags/example_sensor_decorator.py
[2024-04-01T23:06:45.170+0530] {processor.py:840} INFO - DAG(s) 'example_sensor_decorator' retrieved from /home/lucky/.local/lib/python3.10/site-packages/airflow/example_dags/example_sensor_decorator.py
[2024-04-01T23:06:45.186+0530] {logging_mixin.py:188} INFO - [2024-04-01T23:06:45.185+0530] {dag.py:3036} INFO - Sync 1 DAGs
[2024-04-01T23:06:45.199+0530] {logging_mixin.py:188} INFO - [2024-04-01T23:06:45.199+0530] {dag.py:3823} INFO - Setting next_dagrun for example_sensor_decorator to None, run_after=None
[2024-04-01T23:06:45.226+0530] {processor.py:183} INFO - Processing /home/lucky/.local/lib/python3.10/site-packages/airflow/example_dags/example_sensor_decorator.py took 0.068 seconds
[2024-04-01T23:07:44.430+0530] {processor.py:161} INFO - Started process (PID=7140) to work on /home/lucky/.local/lib/python3.10/site-packages/airflow/example_dags/example_sensor_decorator.py
[2024-04-01T23:07:44.432+0530] {processor.py:830} INFO - Processing file /home/lucky/.local/lib/python3.10/site-packages/airflow/example_dags/example_sensor_decorator.py for tasks to queue
[2024-04-01T23:07:44.433+0530] {logging_mixin.py:188} INFO - [2024-04-01T23:07:44.433+0530] {dagbag.py:538} INFO - Filling up the DagBag from /home/lucky/.local/lib/python3.10/site-packages/airflow/example_dags/example_sensor_decorator.py
[2024-04-01T23:07:44.441+0530] {processor.py:840} INFO - DAG(s) 'example_sensor_decorator' retrieved from /home/lucky/.local/lib/python3.10/site-packages/airflow/example_dags/example_sensor_decorator.py
[2024-04-01T23:07:44.469+0530] {logging_mixin.py:188} INFO - [2024-04-01T23:07:44.468+0530] {dag.py:3036} INFO - Sync 1 DAGs
[2024-04-01T23:07:44.492+0530] {logging_mixin.py:188} INFO - [2024-04-01T23:07:44.492+0530] {dag.py:3823} INFO - Setting next_dagrun for example_sensor_decorator to None, run_after=None
[2024-04-01T23:07:44.532+0530] {processor.py:183} INFO - Processing /home/lucky/.local/lib/python3.10/site-packages/airflow/example_dags/example_sensor_decorator.py took 0.109 seconds
[2024-04-01T23:11:43.361+0530] {processor.py:161} INFO - Started process (PID=10720) to work on /home/lucky/.local/lib/python3.10/site-packages/airflow/example_dags/example_sensor_decorator.py
[2024-04-01T23:11:43.364+0530] {processor.py:830} INFO - Processing file /home/lucky/.local/lib/python3.10/site-packages/airflow/example_dags/example_sensor_decorator.py for tasks to queue
[2024-04-01T23:11:43.366+0530] {logging_mixin.py:188} INFO - [2024-04-01T23:11:43.365+0530] {dagbag.py:538} INFO - Filling up the DagBag from /home/lucky/.local/lib/python3.10/site-packages/airflow/example_dags/example_sensor_decorator.py
[2024-04-01T23:11:43.374+0530] {processor.py:840} INFO - DAG(s) 'example_sensor_decorator' retrieved from /home/lucky/.local/lib/python3.10/site-packages/airflow/example_dags/example_sensor_decorator.py
[2024-04-01T23:11:43.390+0530] {logging_mixin.py:188} INFO - [2024-04-01T23:11:43.390+0530] {dag.py:3036} INFO - Sync 1 DAGs
[2024-04-01T23:11:43.402+0530] {logging_mixin.py:188} INFO - [2024-04-01T23:11:43.402+0530] {dag.py:3823} INFO - Setting next_dagrun for example_sensor_decorator to None, run_after=None
[2024-04-01T23:11:43.430+0530] {processor.py:183} INFO - Processing /home/lucky/.local/lib/python3.10/site-packages/airflow/example_dags/example_sensor_decorator.py took 0.071 seconds
[2024-04-01T23:12:48.806+0530] {processor.py:161} INFO - Started process (PID=11505) to work on /home/lucky/.local/lib/python3.10/site-packages/airflow/example_dags/example_sensor_decorator.py
[2024-04-01T23:12:48.808+0530] {processor.py:830} INFO - Processing file /home/lucky/.local/lib/python3.10/site-packages/airflow/example_dags/example_sensor_decorator.py for tasks to queue
[2024-04-01T23:12:48.809+0530] {logging_mixin.py:188} INFO - [2024-04-01T23:12:48.809+0530] {dagbag.py:538} INFO - Filling up the DagBag from /home/lucky/.local/lib/python3.10/site-packages/airflow/example_dags/example_sensor_decorator.py
[2024-04-01T23:12:48.816+0530] {processor.py:840} INFO - DAG(s) 'example_sensor_decorator' retrieved from /home/lucky/.local/lib/python3.10/site-packages/airflow/example_dags/example_sensor_decorator.py
[2024-04-01T23:12:48.836+0530] {logging_mixin.py:188} INFO - [2024-04-01T23:12:48.835+0530] {dag.py:3036} INFO - Sync 1 DAGs
[2024-04-01T23:12:48.854+0530] {logging_mixin.py:188} INFO - [2024-04-01T23:12:48.853+0530] {dag.py:3823} INFO - Setting next_dagrun for example_sensor_decorator to None, run_after=None
[2024-04-01T23:12:48.897+0530] {processor.py:183} INFO - Processing /home/lucky/.local/lib/python3.10/site-packages/airflow/example_dags/example_sensor_decorator.py took 0.095 seconds
[2024-04-01T23:13:47.245+0530] {processor.py:161} INFO - Started process (PID=12495) to work on /home/lucky/.local/lib/python3.10/site-packages/airflow/example_dags/example_sensor_decorator.py
[2024-04-01T23:13:47.247+0530] {processor.py:830} INFO - Processing file /home/lucky/.local/lib/python3.10/site-packages/airflow/example_dags/example_sensor_decorator.py for tasks to queue
[2024-04-01T23:13:47.249+0530] {logging_mixin.py:188} INFO - [2024-04-01T23:13:47.248+0530] {dagbag.py:538} INFO - Filling up the DagBag from /home/lucky/.local/lib/python3.10/site-packages/airflow/example_dags/example_sensor_decorator.py
[2024-04-01T23:13:47.259+0530] {processor.py:840} INFO - DAG(s) 'example_sensor_decorator' retrieved from /home/lucky/.local/lib/python3.10/site-packages/airflow/example_dags/example_sensor_decorator.py
[2024-04-01T23:13:47.284+0530] {logging_mixin.py:188} INFO - [2024-04-01T23:13:47.284+0530] {dag.py:3036} INFO - Sync 1 DAGs
[2024-04-01T23:13:47.299+0530] {logging_mixin.py:188} INFO - [2024-04-01T23:13:47.298+0530] {dag.py:3823} INFO - Setting next_dagrun for example_sensor_decorator to None, run_after=None
[2024-04-01T23:13:47.331+0530] {processor.py:183} INFO - Processing /home/lucky/.local/lib/python3.10/site-packages/airflow/example_dags/example_sensor_decorator.py took 0.091 seconds
[2024-04-01T23:14:45.344+0530] {processor.py:161} INFO - Started process (PID=13461) to work on /home/lucky/.local/lib/python3.10/site-packages/airflow/example_dags/example_sensor_decorator.py
[2024-04-01T23:14:45.346+0530] {processor.py:830} INFO - Processing file /home/lucky/.local/lib/python3.10/site-packages/airflow/example_dags/example_sensor_decorator.py for tasks to queue
[2024-04-01T23:14:45.347+0530] {logging_mixin.py:188} INFO - [2024-04-01T23:14:45.347+0530] {dagbag.py:538} INFO - Filling up the DagBag from /home/lucky/.local/lib/python3.10/site-packages/airflow/example_dags/example_sensor_decorator.py
[2024-04-01T23:14:45.354+0530] {processor.py:840} INFO - DAG(s) 'example_sensor_decorator' retrieved from /home/lucky/.local/lib/python3.10/site-packages/airflow/example_dags/example_sensor_decorator.py
[2024-04-01T23:14:45.370+0530] {logging_mixin.py:188} INFO - [2024-04-01T23:14:45.369+0530] {dag.py:3036} INFO - Sync 1 DAGs
[2024-04-01T23:14:45.382+0530] {logging_mixin.py:188} INFO - [2024-04-01T23:14:45.381+0530] {dag.py:3823} INFO - Setting next_dagrun for example_sensor_decorator to None, run_after=None
[2024-04-01T23:14:45.408+0530] {processor.py:183} INFO - Processing /home/lucky/.local/lib/python3.10/site-packages/airflow/example_dags/example_sensor_decorator.py took 0.067 seconds
[2024-04-01T23:15:38.788+0530] {processor.py:161} INFO - Started process (PID=14131) to work on /home/lucky/.local/lib/python3.10/site-packages/airflow/example_dags/example_sensor_decorator.py
[2024-04-01T23:15:38.790+0530] {processor.py:830} INFO - Processing file /home/lucky/.local/lib/python3.10/site-packages/airflow/example_dags/example_sensor_decorator.py for tasks to queue
[2024-04-01T23:15:38.792+0530] {logging_mixin.py:188} INFO - [2024-04-01T23:15:38.791+0530] {dagbag.py:538} INFO - Filling up the DagBag from /home/lucky/.local/lib/python3.10/site-packages/airflow/example_dags/example_sensor_decorator.py
[2024-04-01T23:15:38.801+0530] {processor.py:840} INFO - DAG(s) 'example_sensor_decorator' retrieved from /home/lucky/.local/lib/python3.10/site-packages/airflow/example_dags/example_sensor_decorator.py
[2024-04-01T23:15:38.820+0530] {logging_mixin.py:188} INFO - [2024-04-01T23:15:38.820+0530] {dag.py:3036} INFO - Sync 1 DAGs
[2024-04-01T23:15:38.835+0530] {logging_mixin.py:188} INFO - [2024-04-01T23:15:38.835+0530] {dag.py:3823} INFO - Setting next_dagrun for example_sensor_decorator to None, run_after=None
[2024-04-01T23:15:38.867+0530] {processor.py:183} INFO - Processing /home/lucky/.local/lib/python3.10/site-packages/airflow/example_dags/example_sensor_decorator.py took 0.082 seconds
[2024-04-01T23:16:44.460+0530] {processor.py:161} INFO - Started process (PID=15182) to work on /home/lucky/.local/lib/python3.10/site-packages/airflow/example_dags/example_sensor_decorator.py
[2024-04-01T23:16:44.462+0530] {processor.py:830} INFO - Processing file /home/lucky/.local/lib/python3.10/site-packages/airflow/example_dags/example_sensor_decorator.py for tasks to queue
[2024-04-01T23:16:44.464+0530] {logging_mixin.py:188} INFO - [2024-04-01T23:16:44.463+0530] {dagbag.py:538} INFO - Filling up the DagBag from /home/lucky/.local/lib/python3.10/site-packages/airflow/example_dags/example_sensor_decorator.py
[2024-04-01T23:16:44.470+0530] {processor.py:840} INFO - DAG(s) 'example_sensor_decorator' retrieved from /home/lucky/.local/lib/python3.10/site-packages/airflow/example_dags/example_sensor_decorator.py
[2024-04-01T23:16:44.485+0530] {logging_mixin.py:188} INFO - [2024-04-01T23:16:44.485+0530] {dag.py:3036} INFO - Sync 1 DAGs
[2024-04-01T23:16:44.495+0530] {logging_mixin.py:188} INFO - [2024-04-01T23:16:44.495+0530] {dag.py:3823} INFO - Setting next_dagrun for example_sensor_decorator to None, run_after=None
[2024-04-01T23:16:44.517+0530] {processor.py:183} INFO - Processing /home/lucky/.local/lib/python3.10/site-packages/airflow/example_dags/example_sensor_decorator.py took 0.060 seconds
