[2024-04-01T21:42:14.686+0530] {processor.py:161} INFO - Started process (PID=17842) to work on /home/lucky/.local/lib/python3.10/site-packages/airflow/example_dags/example_kubernetes_executor.py
[2024-04-01T21:42:14.687+0530] {processor.py:830} INFO - Processing file /home/lucky/.local/lib/python3.10/site-packages/airflow/example_dags/example_kubernetes_executor.py for tasks to queue
[2024-04-01T21:42:14.689+0530] {logging_mixin.py:188} INFO - [2024-04-01T21:42:14.688+0530] {dagbag.py:538} INFO - Filling up the DagBag from /home/lucky/.local/lib/python3.10/site-packages/airflow/example_dags/example_kubernetes_executor.py
[2024-04-01T21:42:15.020+0530] {processor.py:840} INFO - DAG(s) 'example_kubernetes_executor' retrieved from /home/lucky/.local/lib/python3.10/site-packages/airflow/example_dags/example_kubernetes_executor.py
[2024-04-01T21:42:15.040+0530] {logging_mixin.py:188} WARNING - /home/lucky/.local/lib/python3.10/site-packages/airflow/serialization/serialized_objects.py:1564 DeprecationWarning: This module is deprecated. The `cncf.kubernetes` provider before version 7.4.0 uses this module - you should migrate to a newer version of `cncf.kubernetes` to get rid of this warning. If you import the module via `airflow.kubernetes` import, please use `cncf.kubernetes' provider 7.4.0+ and switch all your imports to use `apache.airflow.providers.cncf.kubernetes` to get rid of the warning.
[2024-04-01T21:42:15.169+0530] {logging_mixin.py:188} INFO - [2024-04-01T21:42:15.169+0530] {dag.py:3036} INFO - Sync 1 DAGs
[2024-04-01T21:42:15.188+0530] {logging_mixin.py:188} INFO - [2024-04-01T21:42:15.187+0530] {dag.py:3823} INFO - Setting next_dagrun for example_kubernetes_executor to None, run_after=None
[2024-04-01T21:42:15.232+0530] {processor.py:183} INFO - Processing /home/lucky/.local/lib/python3.10/site-packages/airflow/example_dags/example_kubernetes_executor.py took 0.551 seconds
[2024-04-01T21:43:40.310+0530] {processor.py:161} INFO - Started process (PID=18832) to work on /home/lucky/.local/lib/python3.10/site-packages/airflow/example_dags/example_kubernetes_executor.py
[2024-04-01T21:43:40.313+0530] {processor.py:830} INFO - Processing file /home/lucky/.local/lib/python3.10/site-packages/airflow/example_dags/example_kubernetes_executor.py for tasks to queue
[2024-04-01T21:43:40.315+0530] {logging_mixin.py:188} INFO - [2024-04-01T21:43:40.314+0530] {dagbag.py:538} INFO - Filling up the DagBag from /home/lucky/.local/lib/python3.10/site-packages/airflow/example_dags/example_kubernetes_executor.py
[2024-04-01T21:43:40.774+0530] {processor.py:840} INFO - DAG(s) 'example_kubernetes_executor' retrieved from /home/lucky/.local/lib/python3.10/site-packages/airflow/example_dags/example_kubernetes_executor.py
[2024-04-01T21:43:40.831+0530] {logging_mixin.py:188} WARNING - /home/lucky/.local/lib/python3.10/site-packages/airflow/serialization/serialized_objects.py:1564 DeprecationWarning: This module is deprecated. The `cncf.kubernetes` provider before version 7.4.0 uses this module - you should migrate to a newer version of `cncf.kubernetes` to get rid of this warning. If you import the module via `airflow.kubernetes` import, please use `cncf.kubernetes' provider 7.4.0+ and switch all your imports to use `apache.airflow.providers.cncf.kubernetes` to get rid of the warning.
[2024-04-01T21:43:40.856+0530] {logging_mixin.py:188} INFO - [2024-04-01T21:43:40.855+0530] {dag.py:3036} INFO - Sync 1 DAGs
[2024-04-01T21:43:40.886+0530] {logging_mixin.py:188} INFO - [2024-04-01T21:43:40.886+0530] {dag.py:3823} INFO - Setting next_dagrun for example_kubernetes_executor to None, run_after=None
[2024-04-01T21:43:40.938+0530] {processor.py:183} INFO - Processing /home/lucky/.local/lib/python3.10/site-packages/airflow/example_dags/example_kubernetes_executor.py took 0.634 seconds
[2024-04-01T21:44:47.979+0530] {processor.py:161} INFO - Started process (PID=20004) to work on /home/lucky/.local/lib/python3.10/site-packages/airflow/example_dags/example_kubernetes_executor.py
[2024-04-01T21:44:47.981+0530] {processor.py:830} INFO - Processing file /home/lucky/.local/lib/python3.10/site-packages/airflow/example_dags/example_kubernetes_executor.py for tasks to queue
[2024-04-01T21:44:47.983+0530] {logging_mixin.py:188} INFO - [2024-04-01T21:44:47.982+0530] {dagbag.py:538} INFO - Filling up the DagBag from /home/lucky/.local/lib/python3.10/site-packages/airflow/example_dags/example_kubernetes_executor.py
[2024-04-01T21:44:48.253+0530] {processor.py:840} INFO - DAG(s) 'example_kubernetes_executor' retrieved from /home/lucky/.local/lib/python3.10/site-packages/airflow/example_dags/example_kubernetes_executor.py
[2024-04-01T21:44:48.268+0530] {logging_mixin.py:188} WARNING - /home/lucky/.local/lib/python3.10/site-packages/airflow/serialization/serialized_objects.py:1564 DeprecationWarning: This module is deprecated. The `cncf.kubernetes` provider before version 7.4.0 uses this module - you should migrate to a newer version of `cncf.kubernetes` to get rid of this warning. If you import the module via `airflow.kubernetes` import, please use `cncf.kubernetes' provider 7.4.0+ and switch all your imports to use `apache.airflow.providers.cncf.kubernetes` to get rid of the warning.
[2024-04-01T21:44:48.279+0530] {logging_mixin.py:188} INFO - [2024-04-01T21:44:48.279+0530] {dag.py:3036} INFO - Sync 1 DAGs
[2024-04-01T21:44:48.292+0530] {logging_mixin.py:188} INFO - [2024-04-01T21:44:48.292+0530] {dag.py:3823} INFO - Setting next_dagrun for example_kubernetes_executor to None, run_after=None
[2024-04-01T21:44:48.317+0530] {processor.py:183} INFO - Processing /home/lucky/.local/lib/python3.10/site-packages/airflow/example_dags/example_kubernetes_executor.py took 0.343 seconds
[2024-04-01T21:59:39.627+0530] {processor.py:161} INFO - Started process (PID=33002) to work on /home/lucky/.local/lib/python3.10/site-packages/airflow/example_dags/example_kubernetes_executor.py
[2024-04-01T21:59:39.629+0530] {processor.py:830} INFO - Processing file /home/lucky/.local/lib/python3.10/site-packages/airflow/example_dags/example_kubernetes_executor.py for tasks to queue
[2024-04-01T21:59:39.631+0530] {logging_mixin.py:188} INFO - [2024-04-01T21:59:39.630+0530] {dagbag.py:538} INFO - Filling up the DagBag from /home/lucky/.local/lib/python3.10/site-packages/airflow/example_dags/example_kubernetes_executor.py
[2024-04-01T21:59:39.913+0530] {processor.py:840} INFO - DAG(s) 'example_kubernetes_executor' retrieved from /home/lucky/.local/lib/python3.10/site-packages/airflow/example_dags/example_kubernetes_executor.py
[2024-04-01T21:59:39.940+0530] {logging_mixin.py:188} WARNING - /home/lucky/.local/lib/python3.10/site-packages/airflow/serialization/serialized_objects.py:1564 DeprecationWarning: This module is deprecated. The `cncf.kubernetes` provider before version 7.4.0 uses this module - you should migrate to a newer version of `cncf.kubernetes` to get rid of this warning. If you import the module via `airflow.kubernetes` import, please use `cncf.kubernetes' provider 7.4.0+ and switch all your imports to use `apache.airflow.providers.cncf.kubernetes` to get rid of the warning.
[2024-04-01T21:59:39.962+0530] {logging_mixin.py:188} INFO - [2024-04-01T21:59:39.961+0530] {dag.py:3036} INFO - Sync 1 DAGs
[2024-04-01T21:59:39.980+0530] {logging_mixin.py:188} INFO - [2024-04-01T21:59:39.979+0530] {dag.py:3823} INFO - Setting next_dagrun for example_kubernetes_executor to None, run_after=None
[2024-04-01T21:59:40.021+0530] {processor.py:183} INFO - Processing /home/lucky/.local/lib/python3.10/site-packages/airflow/example_dags/example_kubernetes_executor.py took 0.400 seconds
[2024-04-01T22:00:43.153+0530] {processor.py:161} INFO - Started process (PID=34063) to work on /home/lucky/.local/lib/python3.10/site-packages/airflow/example_dags/example_kubernetes_executor.py
[2024-04-01T22:00:43.155+0530] {processor.py:830} INFO - Processing file /home/lucky/.local/lib/python3.10/site-packages/airflow/example_dags/example_kubernetes_executor.py for tasks to queue
[2024-04-01T22:00:43.156+0530] {logging_mixin.py:188} INFO - [2024-04-01T22:00:43.156+0530] {dagbag.py:538} INFO - Filling up the DagBag from /home/lucky/.local/lib/python3.10/site-packages/airflow/example_dags/example_kubernetes_executor.py
[2024-04-01T22:00:43.365+0530] {processor.py:840} INFO - DAG(s) 'example_kubernetes_executor' retrieved from /home/lucky/.local/lib/python3.10/site-packages/airflow/example_dags/example_kubernetes_executor.py
[2024-04-01T22:00:43.380+0530] {logging_mixin.py:188} WARNING - /home/lucky/.local/lib/python3.10/site-packages/airflow/serialization/serialized_objects.py:1564 DeprecationWarning: This module is deprecated. The `cncf.kubernetes` provider before version 7.4.0 uses this module - you should migrate to a newer version of `cncf.kubernetes` to get rid of this warning. If you import the module via `airflow.kubernetes` import, please use `cncf.kubernetes' provider 7.4.0+ and switch all your imports to use `apache.airflow.providers.cncf.kubernetes` to get rid of the warning.
[2024-04-01T22:00:43.391+0530] {logging_mixin.py:188} INFO - [2024-04-01T22:00:43.391+0530] {dag.py:3036} INFO - Sync 1 DAGs
[2024-04-01T22:00:43.403+0530] {logging_mixin.py:188} INFO - [2024-04-01T22:00:43.403+0530] {dag.py:3823} INFO - Setting next_dagrun for example_kubernetes_executor to None, run_after=None
[2024-04-01T22:00:43.429+0530] {processor.py:183} INFO - Processing /home/lucky/.local/lib/python3.10/site-packages/airflow/example_dags/example_kubernetes_executor.py took 0.279 seconds
[2024-04-01T22:01:42.114+0530] {processor.py:161} INFO - Started process (PID=34803) to work on /home/lucky/.local/lib/python3.10/site-packages/airflow/example_dags/example_kubernetes_executor.py
[2024-04-01T22:01:42.117+0530] {processor.py:830} INFO - Processing file /home/lucky/.local/lib/python3.10/site-packages/airflow/example_dags/example_kubernetes_executor.py for tasks to queue
[2024-04-01T22:01:42.119+0530] {logging_mixin.py:188} INFO - [2024-04-01T22:01:42.118+0530] {dagbag.py:538} INFO - Filling up the DagBag from /home/lucky/.local/lib/python3.10/site-packages/airflow/example_dags/example_kubernetes_executor.py
[2024-04-01T22:01:42.700+0530] {processor.py:840} INFO - DAG(s) 'example_kubernetes_executor' retrieved from /home/lucky/.local/lib/python3.10/site-packages/airflow/example_dags/example_kubernetes_executor.py
[2024-04-01T22:01:42.756+0530] {logging_mixin.py:188} WARNING - /home/lucky/.local/lib/python3.10/site-packages/airflow/serialization/serialized_objects.py:1564 DeprecationWarning: This module is deprecated. The `cncf.kubernetes` provider before version 7.4.0 uses this module - you should migrate to a newer version of `cncf.kubernetes` to get rid of this warning. If you import the module via `airflow.kubernetes` import, please use `cncf.kubernetes' provider 7.4.0+ and switch all your imports to use `apache.airflow.providers.cncf.kubernetes` to get rid of the warning.
[2024-04-01T22:01:42.799+0530] {logging_mixin.py:188} INFO - [2024-04-01T22:01:42.798+0530] {dag.py:3036} INFO - Sync 1 DAGs
[2024-04-01T22:01:42.827+0530] {logging_mixin.py:188} INFO - [2024-04-01T22:01:42.827+0530] {dag.py:3823} INFO - Setting next_dagrun for example_kubernetes_executor to None, run_after=None
[2024-04-01T22:01:42.864+0530] {processor.py:183} INFO - Processing /home/lucky/.local/lib/python3.10/site-packages/airflow/example_dags/example_kubernetes_executor.py took 0.757 seconds
[2024-04-01T22:02:49.505+0530] {processor.py:161} INFO - Started process (PID=35910) to work on /home/lucky/.local/lib/python3.10/site-packages/airflow/example_dags/example_kubernetes_executor.py
[2024-04-01T22:02:49.506+0530] {processor.py:830} INFO - Processing file /home/lucky/.local/lib/python3.10/site-packages/airflow/example_dags/example_kubernetes_executor.py for tasks to queue
[2024-04-01T22:02:49.508+0530] {logging_mixin.py:188} INFO - [2024-04-01T22:02:49.507+0530] {dagbag.py:538} INFO - Filling up the DagBag from /home/lucky/.local/lib/python3.10/site-packages/airflow/example_dags/example_kubernetes_executor.py
[2024-04-01T22:02:49.729+0530] {processor.py:840} INFO - DAG(s) 'example_kubernetes_executor' retrieved from /home/lucky/.local/lib/python3.10/site-packages/airflow/example_dags/example_kubernetes_executor.py
[2024-04-01T22:02:49.750+0530] {logging_mixin.py:188} WARNING - /home/lucky/.local/lib/python3.10/site-packages/airflow/serialization/serialized_objects.py:1564 DeprecationWarning: This module is deprecated. The `cncf.kubernetes` provider before version 7.4.0 uses this module - you should migrate to a newer version of `cncf.kubernetes` to get rid of this warning. If you import the module via `airflow.kubernetes` import, please use `cncf.kubernetes' provider 7.4.0+ and switch all your imports to use `apache.airflow.providers.cncf.kubernetes` to get rid of the warning.
[2024-04-01T22:02:49.764+0530] {logging_mixin.py:188} INFO - [2024-04-01T22:02:49.764+0530] {dag.py:3036} INFO - Sync 1 DAGs
[2024-04-01T22:02:49.776+0530] {logging_mixin.py:188} INFO - [2024-04-01T22:02:49.775+0530] {dag.py:3823} INFO - Setting next_dagrun for example_kubernetes_executor to None, run_after=None
[2024-04-01T22:02:49.805+0530] {processor.py:183} INFO - Processing /home/lucky/.local/lib/python3.10/site-packages/airflow/example_dags/example_kubernetes_executor.py took 0.304 seconds
[2024-04-01T22:03:58.836+0530] {processor.py:161} INFO - Started process (PID=37011) to work on /home/lucky/.local/lib/python3.10/site-packages/airflow/example_dags/example_kubernetes_executor.py
[2024-04-01T22:03:58.838+0530] {processor.py:830} INFO - Processing file /home/lucky/.local/lib/python3.10/site-packages/airflow/example_dags/example_kubernetes_executor.py for tasks to queue
[2024-04-01T22:03:58.840+0530] {logging_mixin.py:188} INFO - [2024-04-01T22:03:58.839+0530] {dagbag.py:538} INFO - Filling up the DagBag from /home/lucky/.local/lib/python3.10/site-packages/airflow/example_dags/example_kubernetes_executor.py
[2024-04-01T22:03:59.054+0530] {processor.py:840} INFO - DAG(s) 'example_kubernetes_executor' retrieved from /home/lucky/.local/lib/python3.10/site-packages/airflow/example_dags/example_kubernetes_executor.py
[2024-04-01T22:03:59.076+0530] {logging_mixin.py:188} WARNING - /home/lucky/.local/lib/python3.10/site-packages/airflow/serialization/serialized_objects.py:1564 DeprecationWarning: This module is deprecated. The `cncf.kubernetes` provider before version 7.4.0 uses this module - you should migrate to a newer version of `cncf.kubernetes` to get rid of this warning. If you import the module via `airflow.kubernetes` import, please use `cncf.kubernetes' provider 7.4.0+ and switch all your imports to use `apache.airflow.providers.cncf.kubernetes` to get rid of the warning.
[2024-04-01T22:03:59.092+0530] {logging_mixin.py:188} INFO - [2024-04-01T22:03:59.092+0530] {dag.py:3036} INFO - Sync 1 DAGs
[2024-04-01T22:03:59.105+0530] {logging_mixin.py:188} INFO - [2024-04-01T22:03:59.104+0530] {dag.py:3823} INFO - Setting next_dagrun for example_kubernetes_executor to None, run_after=None
[2024-04-01T22:03:59.141+0530] {processor.py:183} INFO - Processing /home/lucky/.local/lib/python3.10/site-packages/airflow/example_dags/example_kubernetes_executor.py took 0.309 seconds
[2024-04-01T22:05:04.992+0530] {processor.py:161} INFO - Started process (PID=37827) to work on /home/lucky/.local/lib/python3.10/site-packages/airflow/example_dags/example_kubernetes_executor.py
[2024-04-01T22:05:04.995+0530] {processor.py:830} INFO - Processing file /home/lucky/.local/lib/python3.10/site-packages/airflow/example_dags/example_kubernetes_executor.py for tasks to queue
[2024-04-01T22:05:04.997+0530] {logging_mixin.py:188} INFO - [2024-04-01T22:05:04.996+0530] {dagbag.py:538} INFO - Filling up the DagBag from /home/lucky/.local/lib/python3.10/site-packages/airflow/example_dags/example_kubernetes_executor.py
[2024-04-01T22:05:05.347+0530] {processor.py:840} INFO - DAG(s) 'example_kubernetes_executor' retrieved from /home/lucky/.local/lib/python3.10/site-packages/airflow/example_dags/example_kubernetes_executor.py
[2024-04-01T22:05:05.376+0530] {logging_mixin.py:188} WARNING - /home/lucky/.local/lib/python3.10/site-packages/airflow/serialization/serialized_objects.py:1564 DeprecationWarning: This module is deprecated. The `cncf.kubernetes` provider before version 7.4.0 uses this module - you should migrate to a newer version of `cncf.kubernetes` to get rid of this warning. If you import the module via `airflow.kubernetes` import, please use `cncf.kubernetes' provider 7.4.0+ and switch all your imports to use `apache.airflow.providers.cncf.kubernetes` to get rid of the warning.
[2024-04-01T22:05:05.397+0530] {logging_mixin.py:188} INFO - [2024-04-01T22:05:05.397+0530] {dag.py:3036} INFO - Sync 1 DAGs
[2024-04-01T22:05:05.413+0530] {logging_mixin.py:188} INFO - [2024-04-01T22:05:05.413+0530] {dag.py:3823} INFO - Setting next_dagrun for example_kubernetes_executor to None, run_after=None
[2024-04-01T22:05:05.444+0530] {processor.py:183} INFO - Processing /home/lucky/.local/lib/python3.10/site-packages/airflow/example_dags/example_kubernetes_executor.py took 0.457 seconds
[2024-04-01T22:06:20.315+0530] {processor.py:161} INFO - Started process (PID=39012) to work on /home/lucky/.local/lib/python3.10/site-packages/airflow/example_dags/example_kubernetes_executor.py
[2024-04-01T22:06:20.318+0530] {processor.py:830} INFO - Processing file /home/lucky/.local/lib/python3.10/site-packages/airflow/example_dags/example_kubernetes_executor.py for tasks to queue
[2024-04-01T22:06:20.320+0530] {logging_mixin.py:188} INFO - [2024-04-01T22:06:20.319+0530] {dagbag.py:538} INFO - Filling up the DagBag from /home/lucky/.local/lib/python3.10/site-packages/airflow/example_dags/example_kubernetes_executor.py
[2024-04-01T22:06:21.274+0530] {processor.py:840} INFO - DAG(s) 'example_kubernetes_executor' retrieved from /home/lucky/.local/lib/python3.10/site-packages/airflow/example_dags/example_kubernetes_executor.py
[2024-04-01T22:06:21.364+0530] {logging_mixin.py:188} WARNING - /home/lucky/.local/lib/python3.10/site-packages/airflow/serialization/serialized_objects.py:1564 DeprecationWarning: This module is deprecated. The `cncf.kubernetes` provider before version 7.4.0 uses this module - you should migrate to a newer version of `cncf.kubernetes` to get rid of this warning. If you import the module via `airflow.kubernetes` import, please use `cncf.kubernetes' provider 7.4.0+ and switch all your imports to use `apache.airflow.providers.cncf.kubernetes` to get rid of the warning.
[2024-04-01T22:06:21.420+0530] {logging_mixin.py:188} INFO - [2024-04-01T22:06:21.407+0530] {dag.py:3036} INFO - Sync 1 DAGs
[2024-04-01T22:06:21.485+0530] {logging_mixin.py:188} INFO - [2024-04-01T22:06:21.484+0530] {dag.py:3823} INFO - Setting next_dagrun for example_kubernetes_executor to None, run_after=None
[2024-04-01T22:06:21.642+0530] {processor.py:183} INFO - Processing /home/lucky/.local/lib/python3.10/site-packages/airflow/example_dags/example_kubernetes_executor.py took 1.333 seconds
[2024-04-01T22:07:39.970+0530] {processor.py:161} INFO - Started process (PID=40284) to work on /home/lucky/.local/lib/python3.10/site-packages/airflow/example_dags/example_kubernetes_executor.py
[2024-04-01T22:07:39.976+0530] {processor.py:830} INFO - Processing file /home/lucky/.local/lib/python3.10/site-packages/airflow/example_dags/example_kubernetes_executor.py for tasks to queue
[2024-04-01T22:07:39.978+0530] {logging_mixin.py:188} INFO - [2024-04-01T22:07:39.977+0530] {dagbag.py:538} INFO - Filling up the DagBag from /home/lucky/.local/lib/python3.10/site-packages/airflow/example_dags/example_kubernetes_executor.py
[2024-04-01T22:07:40.968+0530] {processor.py:840} INFO - DAG(s) 'example_kubernetes_executor' retrieved from /home/lucky/.local/lib/python3.10/site-packages/airflow/example_dags/example_kubernetes_executor.py
[2024-04-01T22:07:40.999+0530] {logging_mixin.py:188} WARNING - /home/lucky/.local/lib/python3.10/site-packages/airflow/serialization/serialized_objects.py:1564 DeprecationWarning: This module is deprecated. The `cncf.kubernetes` provider before version 7.4.0 uses this module - you should migrate to a newer version of `cncf.kubernetes` to get rid of this warning. If you import the module via `airflow.kubernetes` import, please use `cncf.kubernetes' provider 7.4.0+ and switch all your imports to use `apache.airflow.providers.cncf.kubernetes` to get rid of the warning.
[2024-04-01T22:07:41.046+0530] {logging_mixin.py:188} INFO - [2024-04-01T22:07:41.045+0530] {dag.py:3036} INFO - Sync 1 DAGs
[2024-04-01T22:07:41.086+0530] {logging_mixin.py:188} INFO - [2024-04-01T22:07:41.086+0530] {dag.py:3823} INFO - Setting next_dagrun for example_kubernetes_executor to None, run_after=None
[2024-04-01T22:07:41.141+0530] {processor.py:183} INFO - Processing /home/lucky/.local/lib/python3.10/site-packages/airflow/example_dags/example_kubernetes_executor.py took 1.182 seconds
[2024-04-01T22:09:08.719+0530] {processor.py:161} INFO - Started process (PID=41568) to work on /home/lucky/.local/lib/python3.10/site-packages/airflow/example_dags/example_kubernetes_executor.py
[2024-04-01T22:09:08.722+0530] {processor.py:830} INFO - Processing file /home/lucky/.local/lib/python3.10/site-packages/airflow/example_dags/example_kubernetes_executor.py for tasks to queue
[2024-04-01T22:09:08.724+0530] {logging_mixin.py:188} INFO - [2024-04-01T22:09:08.723+0530] {dagbag.py:538} INFO - Filling up the DagBag from /home/lucky/.local/lib/python3.10/site-packages/airflow/example_dags/example_kubernetes_executor.py
[2024-04-01T22:09:09.193+0530] {processor.py:840} INFO - DAG(s) 'example_kubernetes_executor' retrieved from /home/lucky/.local/lib/python3.10/site-packages/airflow/example_dags/example_kubernetes_executor.py
[2024-04-01T22:09:09.226+0530] {logging_mixin.py:188} WARNING - /home/lucky/.local/lib/python3.10/site-packages/airflow/serialization/serialized_objects.py:1564 DeprecationWarning: This module is deprecated. The `cncf.kubernetes` provider before version 7.4.0 uses this module - you should migrate to a newer version of `cncf.kubernetes` to get rid of this warning. If you import the module via `airflow.kubernetes` import, please use `cncf.kubernetes' provider 7.4.0+ and switch all your imports to use `apache.airflow.providers.cncf.kubernetes` to get rid of the warning.
[2024-04-01T22:09:09.246+0530] {logging_mixin.py:188} INFO - [2024-04-01T22:09:09.246+0530] {dag.py:3036} INFO - Sync 1 DAGs
[2024-04-01T22:09:09.267+0530] {logging_mixin.py:188} INFO - [2024-04-01T22:09:09.267+0530] {dag.py:3823} INFO - Setting next_dagrun for example_kubernetes_executor to None, run_after=None
[2024-04-01T22:09:09.303+0530] {processor.py:183} INFO - Processing /home/lucky/.local/lib/python3.10/site-packages/airflow/example_dags/example_kubernetes_executor.py took 0.597 seconds
[2024-04-01T22:10:40.296+0530] {processor.py:161} INFO - Started process (PID=42577) to work on /home/lucky/.local/lib/python3.10/site-packages/airflow/example_dags/example_kubernetes_executor.py
[2024-04-01T22:10:40.299+0530] {processor.py:830} INFO - Processing file /home/lucky/.local/lib/python3.10/site-packages/airflow/example_dags/example_kubernetes_executor.py for tasks to queue
[2024-04-01T22:10:40.300+0530] {logging_mixin.py:188} INFO - [2024-04-01T22:10:40.300+0530] {dagbag.py:538} INFO - Filling up the DagBag from /home/lucky/.local/lib/python3.10/site-packages/airflow/example_dags/example_kubernetes_executor.py
[2024-04-01T22:10:40.627+0530] {processor.py:840} INFO - DAG(s) 'example_kubernetes_executor' retrieved from /home/lucky/.local/lib/python3.10/site-packages/airflow/example_dags/example_kubernetes_executor.py
[2024-04-01T22:10:40.644+0530] {logging_mixin.py:188} WARNING - /home/lucky/.local/lib/python3.10/site-packages/airflow/serialization/serialized_objects.py:1564 DeprecationWarning: This module is deprecated. The `cncf.kubernetes` provider before version 7.4.0 uses this module - you should migrate to a newer version of `cncf.kubernetes` to get rid of this warning. If you import the module via `airflow.kubernetes` import, please use `cncf.kubernetes' provider 7.4.0+ and switch all your imports to use `apache.airflow.providers.cncf.kubernetes` to get rid of the warning.
[2024-04-01T22:10:40.657+0530] {logging_mixin.py:188} INFO - [2024-04-01T22:10:40.657+0530] {dag.py:3036} INFO - Sync 1 DAGs
[2024-04-01T22:10:40.669+0530] {logging_mixin.py:188} INFO - [2024-04-01T22:10:40.669+0530] {dag.py:3823} INFO - Setting next_dagrun for example_kubernetes_executor to None, run_after=None
[2024-04-01T22:10:40.694+0530] {processor.py:183} INFO - Processing /home/lucky/.local/lib/python3.10/site-packages/airflow/example_dags/example_kubernetes_executor.py took 0.403 seconds
[2024-04-01T22:11:54.397+0530] {processor.py:161} INFO - Started process (PID=43717) to work on /home/lucky/.local/lib/python3.10/site-packages/airflow/example_dags/example_kubernetes_executor.py
[2024-04-01T22:11:54.401+0530] {processor.py:830} INFO - Processing file /home/lucky/.local/lib/python3.10/site-packages/airflow/example_dags/example_kubernetes_executor.py for tasks to queue
[2024-04-01T22:11:54.403+0530] {logging_mixin.py:188} INFO - [2024-04-01T22:11:54.402+0530] {dagbag.py:538} INFO - Filling up the DagBag from /home/lucky/.local/lib/python3.10/site-packages/airflow/example_dags/example_kubernetes_executor.py
[2024-04-01T22:11:55.258+0530] {processor.py:840} INFO - DAG(s) 'example_kubernetes_executor' retrieved from /home/lucky/.local/lib/python3.10/site-packages/airflow/example_dags/example_kubernetes_executor.py
[2024-04-01T22:11:55.285+0530] {logging_mixin.py:188} WARNING - /home/lucky/.local/lib/python3.10/site-packages/airflow/serialization/serialized_objects.py:1564 DeprecationWarning: This module is deprecated. The `cncf.kubernetes` provider before version 7.4.0 uses this module - you should migrate to a newer version of `cncf.kubernetes` to get rid of this warning. If you import the module via `airflow.kubernetes` import, please use `cncf.kubernetes' provider 7.4.0+ and switch all your imports to use `apache.airflow.providers.cncf.kubernetes` to get rid of the warning.
[2024-04-01T22:11:55.317+0530] {logging_mixin.py:188} INFO - [2024-04-01T22:11:55.316+0530] {dag.py:3036} INFO - Sync 1 DAGs
[2024-04-01T22:11:55.344+0530] {logging_mixin.py:188} INFO - [2024-04-01T22:11:55.343+0530] {dag.py:3823} INFO - Setting next_dagrun for example_kubernetes_executor to None, run_after=None
[2024-04-01T22:11:55.386+0530] {processor.py:183} INFO - Processing /home/lucky/.local/lib/python3.10/site-packages/airflow/example_dags/example_kubernetes_executor.py took 1.000 seconds
[2024-04-01T22:13:13.514+0530] {processor.py:161} INFO - Started process (PID=44963) to work on /home/lucky/.local/lib/python3.10/site-packages/airflow/example_dags/example_kubernetes_executor.py
[2024-04-01T22:13:13.516+0530] {processor.py:830} INFO - Processing file /home/lucky/.local/lib/python3.10/site-packages/airflow/example_dags/example_kubernetes_executor.py for tasks to queue
[2024-04-01T22:13:13.518+0530] {logging_mixin.py:188} INFO - [2024-04-01T22:13:13.517+0530] {dagbag.py:538} INFO - Filling up the DagBag from /home/lucky/.local/lib/python3.10/site-packages/airflow/example_dags/example_kubernetes_executor.py
[2024-04-01T22:13:14.345+0530] {processor.py:840} INFO - DAG(s) 'example_kubernetes_executor' retrieved from /home/lucky/.local/lib/python3.10/site-packages/airflow/example_dags/example_kubernetes_executor.py
[2024-04-01T22:13:14.364+0530] {logging_mixin.py:188} WARNING - /home/lucky/.local/lib/python3.10/site-packages/airflow/serialization/serialized_objects.py:1564 DeprecationWarning: This module is deprecated. The `cncf.kubernetes` provider before version 7.4.0 uses this module - you should migrate to a newer version of `cncf.kubernetes` to get rid of this warning. If you import the module via `airflow.kubernetes` import, please use `cncf.kubernetes' provider 7.4.0+ and switch all your imports to use `apache.airflow.providers.cncf.kubernetes` to get rid of the warning.
[2024-04-01T22:13:14.416+0530] {logging_mixin.py:188} INFO - [2024-04-01T22:13:14.415+0530] {dag.py:3036} INFO - Sync 1 DAGs
[2024-04-01T22:13:14.653+0530] {logging_mixin.py:188} INFO - [2024-04-01T22:13:14.653+0530] {dag.py:3823} INFO - Setting next_dagrun for example_kubernetes_executor to None, run_after=None
[2024-04-01T22:13:14.704+0530] {processor.py:183} INFO - Processing /home/lucky/.local/lib/python3.10/site-packages/airflow/example_dags/example_kubernetes_executor.py took 1.196 seconds
[2024-04-01T22:14:20.430+0530] {processor.py:161} INFO - Started process (PID=45744) to work on /home/lucky/.local/lib/python3.10/site-packages/airflow/example_dags/example_kubernetes_executor.py
[2024-04-01T22:14:20.433+0530] {processor.py:830} INFO - Processing file /home/lucky/.local/lib/python3.10/site-packages/airflow/example_dags/example_kubernetes_executor.py for tasks to queue
[2024-04-01T22:14:20.435+0530] {logging_mixin.py:188} INFO - [2024-04-01T22:14:20.434+0530] {dagbag.py:538} INFO - Filling up the DagBag from /home/lucky/.local/lib/python3.10/site-packages/airflow/example_dags/example_kubernetes_executor.py
[2024-04-01T22:14:20.749+0530] {processor.py:840} INFO - DAG(s) 'example_kubernetes_executor' retrieved from /home/lucky/.local/lib/python3.10/site-packages/airflow/example_dags/example_kubernetes_executor.py
[2024-04-01T22:14:20.766+0530] {logging_mixin.py:188} WARNING - /home/lucky/.local/lib/python3.10/site-packages/airflow/serialization/serialized_objects.py:1564 DeprecationWarning: This module is deprecated. The `cncf.kubernetes` provider before version 7.4.0 uses this module - you should migrate to a newer version of `cncf.kubernetes` to get rid of this warning. If you import the module via `airflow.kubernetes` import, please use `cncf.kubernetes' provider 7.4.0+ and switch all your imports to use `apache.airflow.providers.cncf.kubernetes` to get rid of the warning.
[2024-04-01T22:14:20.904+0530] {logging_mixin.py:188} INFO - [2024-04-01T22:14:20.904+0530] {dag.py:3036} INFO - Sync 1 DAGs
[2024-04-01T22:14:20.915+0530] {logging_mixin.py:188} INFO - [2024-04-01T22:14:20.914+0530] {dag.py:3823} INFO - Setting next_dagrun for example_kubernetes_executor to None, run_after=None
[2024-04-01T22:14:20.959+0530] {processor.py:183} INFO - Processing /home/lucky/.local/lib/python3.10/site-packages/airflow/example_dags/example_kubernetes_executor.py took 0.533 seconds
[2024-04-01T22:15:18.401+0530] {processor.py:161} INFO - Started process (PID=46759) to work on /home/lucky/.local/lib/python3.10/site-packages/airflow/example_dags/example_kubernetes_executor.py
[2024-04-01T22:15:18.402+0530] {processor.py:830} INFO - Processing file /home/lucky/.local/lib/python3.10/site-packages/airflow/example_dags/example_kubernetes_executor.py for tasks to queue
[2024-04-01T22:15:18.404+0530] {logging_mixin.py:188} INFO - [2024-04-01T22:15:18.403+0530] {dagbag.py:538} INFO - Filling up the DagBag from /home/lucky/.local/lib/python3.10/site-packages/airflow/example_dags/example_kubernetes_executor.py
[2024-04-01T22:15:18.724+0530] {processor.py:840} INFO - DAG(s) 'example_kubernetes_executor' retrieved from /home/lucky/.local/lib/python3.10/site-packages/airflow/example_dags/example_kubernetes_executor.py
[2024-04-01T22:15:18.739+0530] {logging_mixin.py:188} WARNING - /home/lucky/.local/lib/python3.10/site-packages/airflow/serialization/serialized_objects.py:1564 DeprecationWarning: This module is deprecated. The `cncf.kubernetes` provider before version 7.4.0 uses this module - you should migrate to a newer version of `cncf.kubernetes` to get rid of this warning. If you import the module via `airflow.kubernetes` import, please use `cncf.kubernetes' provider 7.4.0+ and switch all your imports to use `apache.airflow.providers.cncf.kubernetes` to get rid of the warning.
[2024-04-01T22:15:18.751+0530] {logging_mixin.py:188} INFO - [2024-04-01T22:15:18.750+0530] {dag.py:3036} INFO - Sync 1 DAGs
[2024-04-01T22:15:18.940+0530] {logging_mixin.py:188} INFO - [2024-04-01T22:15:18.940+0530] {dag.py:3823} INFO - Setting next_dagrun for example_kubernetes_executor to None, run_after=None
[2024-04-01T22:15:18.974+0530] {processor.py:183} INFO - Processing /home/lucky/.local/lib/python3.10/site-packages/airflow/example_dags/example_kubernetes_executor.py took 0.577 seconds
[2024-04-01T22:16:11.792+0530] {processor.py:161} INFO - Started process (PID=47546) to work on /home/lucky/.local/lib/python3.10/site-packages/airflow/example_dags/example_kubernetes_executor.py
[2024-04-01T22:16:11.795+0530] {processor.py:830} INFO - Processing file /home/lucky/.local/lib/python3.10/site-packages/airflow/example_dags/example_kubernetes_executor.py for tasks to queue
[2024-04-01T22:16:11.798+0530] {logging_mixin.py:188} INFO - [2024-04-01T22:16:11.797+0530] {dagbag.py:538} INFO - Filling up the DagBag from /home/lucky/.local/lib/python3.10/site-packages/airflow/example_dags/example_kubernetes_executor.py
[2024-04-01T22:16:12.300+0530] {processor.py:840} INFO - DAG(s) 'example_kubernetes_executor' retrieved from /home/lucky/.local/lib/python3.10/site-packages/airflow/example_dags/example_kubernetes_executor.py
[2024-04-01T22:16:12.320+0530] {logging_mixin.py:188} WARNING - /home/lucky/.local/lib/python3.10/site-packages/airflow/serialization/serialized_objects.py:1564 DeprecationWarning: This module is deprecated. The `cncf.kubernetes` provider before version 7.4.0 uses this module - you should migrate to a newer version of `cncf.kubernetes` to get rid of this warning. If you import the module via `airflow.kubernetes` import, please use `cncf.kubernetes' provider 7.4.0+ and switch all your imports to use `apache.airflow.providers.cncf.kubernetes` to get rid of the warning.
[2024-04-01T22:16:12.337+0530] {logging_mixin.py:188} INFO - [2024-04-01T22:16:12.336+0530] {dag.py:3036} INFO - Sync 1 DAGs
[2024-04-01T22:16:12.356+0530] {logging_mixin.py:188} INFO - [2024-04-01T22:16:12.356+0530] {dag.py:3823} INFO - Setting next_dagrun for example_kubernetes_executor to None, run_after=None
[2024-04-01T22:16:12.551+0530] {processor.py:183} INFO - Processing /home/lucky/.local/lib/python3.10/site-packages/airflow/example_dags/example_kubernetes_executor.py took 0.772 seconds
[2024-04-01T22:17:04.982+0530] {processor.py:161} INFO - Started process (PID=48380) to work on /home/lucky/.local/lib/python3.10/site-packages/airflow/example_dags/example_kubernetes_executor.py
[2024-04-01T22:17:04.984+0530] {processor.py:830} INFO - Processing file /home/lucky/.local/lib/python3.10/site-packages/airflow/example_dags/example_kubernetes_executor.py for tasks to queue
[2024-04-01T22:17:04.986+0530] {logging_mixin.py:188} INFO - [2024-04-01T22:17:04.985+0530] {dagbag.py:538} INFO - Filling up the DagBag from /home/lucky/.local/lib/python3.10/site-packages/airflow/example_dags/example_kubernetes_executor.py
[2024-04-01T22:17:05.477+0530] {processor.py:840} INFO - DAG(s) 'example_kubernetes_executor' retrieved from /home/lucky/.local/lib/python3.10/site-packages/airflow/example_dags/example_kubernetes_executor.py
[2024-04-01T22:17:05.504+0530] {logging_mixin.py:188} WARNING - /home/lucky/.local/lib/python3.10/site-packages/airflow/serialization/serialized_objects.py:1564 DeprecationWarning: This module is deprecated. The `cncf.kubernetes` provider before version 7.4.0 uses this module - you should migrate to a newer version of `cncf.kubernetes` to get rid of this warning. If you import the module via `airflow.kubernetes` import, please use `cncf.kubernetes' provider 7.4.0+ and switch all your imports to use `apache.airflow.providers.cncf.kubernetes` to get rid of the warning.
[2024-04-01T22:17:05.559+0530] {logging_mixin.py:188} INFO - [2024-04-01T22:17:05.559+0530] {dag.py:3036} INFO - Sync 1 DAGs
[2024-04-01T22:17:05.615+0530] {logging_mixin.py:188} INFO - [2024-04-01T22:17:05.614+0530] {dag.py:3823} INFO - Setting next_dagrun for example_kubernetes_executor to None, run_after=None
[2024-04-01T22:17:05.742+0530] {processor.py:183} INFO - Processing /home/lucky/.local/lib/python3.10/site-packages/airflow/example_dags/example_kubernetes_executor.py took 0.766 seconds
[2024-04-01T22:17:59.032+0530] {processor.py:161} INFO - Started process (PID=49319) to work on /home/lucky/.local/lib/python3.10/site-packages/airflow/example_dags/example_kubernetes_executor.py
[2024-04-01T22:17:59.034+0530] {processor.py:830} INFO - Processing file /home/lucky/.local/lib/python3.10/site-packages/airflow/example_dags/example_kubernetes_executor.py for tasks to queue
[2024-04-01T22:17:59.035+0530] {logging_mixin.py:188} INFO - [2024-04-01T22:17:59.035+0530] {dagbag.py:538} INFO - Filling up the DagBag from /home/lucky/.local/lib/python3.10/site-packages/airflow/example_dags/example_kubernetes_executor.py
[2024-04-01T22:17:59.282+0530] {processor.py:840} INFO - DAG(s) 'example_kubernetes_executor' retrieved from /home/lucky/.local/lib/python3.10/site-packages/airflow/example_dags/example_kubernetes_executor.py
[2024-04-01T22:17:59.421+0530] {logging_mixin.py:188} WARNING - /home/lucky/.local/lib/python3.10/site-packages/airflow/serialization/serialized_objects.py:1564 DeprecationWarning: This module is deprecated. The `cncf.kubernetes` provider before version 7.4.0 uses this module - you should migrate to a newer version of `cncf.kubernetes` to get rid of this warning. If you import the module via `airflow.kubernetes` import, please use `cncf.kubernetes' provider 7.4.0+ and switch all your imports to use `apache.airflow.providers.cncf.kubernetes` to get rid of the warning.
[2024-04-01T22:17:59.433+0530] {logging_mixin.py:188} INFO - [2024-04-01T22:17:59.432+0530] {dag.py:3036} INFO - Sync 1 DAGs
[2024-04-01T22:17:59.444+0530] {logging_mixin.py:188} INFO - [2024-04-01T22:17:59.444+0530] {dag.py:3823} INFO - Setting next_dagrun for example_kubernetes_executor to None, run_after=None
[2024-04-01T22:17:59.472+0530] {processor.py:183} INFO - Processing /home/lucky/.local/lib/python3.10/site-packages/airflow/example_dags/example_kubernetes_executor.py took 0.444 seconds
[2024-04-01T22:18:52.055+0530] {processor.py:161} INFO - Started process (PID=49987) to work on /home/lucky/.local/lib/python3.10/site-packages/airflow/example_dags/example_kubernetes_executor.py
[2024-04-01T22:18:52.056+0530] {processor.py:830} INFO - Processing file /home/lucky/.local/lib/python3.10/site-packages/airflow/example_dags/example_kubernetes_executor.py for tasks to queue
[2024-04-01T22:18:52.057+0530] {logging_mixin.py:188} INFO - [2024-04-01T22:18:52.057+0530] {dagbag.py:538} INFO - Filling up the DagBag from /home/lucky/.local/lib/python3.10/site-packages/airflow/example_dags/example_kubernetes_executor.py
[2024-04-01T22:18:52.246+0530] {processor.py:840} INFO - DAG(s) 'example_kubernetes_executor' retrieved from /home/lucky/.local/lib/python3.10/site-packages/airflow/example_dags/example_kubernetes_executor.py
[2024-04-01T22:18:52.261+0530] {logging_mixin.py:188} WARNING - /home/lucky/.local/lib/python3.10/site-packages/airflow/serialization/serialized_objects.py:1564 DeprecationWarning: This module is deprecated. The `cncf.kubernetes` provider before version 7.4.0 uses this module - you should migrate to a newer version of `cncf.kubernetes` to get rid of this warning. If you import the module via `airflow.kubernetes` import, please use `cncf.kubernetes' provider 7.4.0+ and switch all your imports to use `apache.airflow.providers.cncf.kubernetes` to get rid of the warning.
[2024-04-01T22:18:52.272+0530] {logging_mixin.py:188} INFO - [2024-04-01T22:18:52.272+0530] {dag.py:3036} INFO - Sync 1 DAGs
[2024-04-01T22:18:52.409+0530] {logging_mixin.py:188} INFO - [2024-04-01T22:18:52.409+0530] {dag.py:3823} INFO - Setting next_dagrun for example_kubernetes_executor to None, run_after=None
[2024-04-01T22:18:52.430+0530] {processor.py:183} INFO - Processing /home/lucky/.local/lib/python3.10/site-packages/airflow/example_dags/example_kubernetes_executor.py took 0.380 seconds
[2024-04-01T22:19:43.410+0530] {processor.py:161} INFO - Started process (PID=50923) to work on /home/lucky/.local/lib/python3.10/site-packages/airflow/example_dags/example_kubernetes_executor.py
[2024-04-01T22:19:43.412+0530] {processor.py:830} INFO - Processing file /home/lucky/.local/lib/python3.10/site-packages/airflow/example_dags/example_kubernetes_executor.py for tasks to queue
[2024-04-01T22:19:43.413+0530] {logging_mixin.py:188} INFO - [2024-04-01T22:19:43.413+0530] {dagbag.py:538} INFO - Filling up the DagBag from /home/lucky/.local/lib/python3.10/site-packages/airflow/example_dags/example_kubernetes_executor.py
[2024-04-01T22:19:43.771+0530] {processor.py:840} INFO - DAG(s) 'example_kubernetes_executor' retrieved from /home/lucky/.local/lib/python3.10/site-packages/airflow/example_dags/example_kubernetes_executor.py
[2024-04-01T22:19:43.786+0530] {logging_mixin.py:188} WARNING - /home/lucky/.local/lib/python3.10/site-packages/airflow/serialization/serialized_objects.py:1564 DeprecationWarning: This module is deprecated. The `cncf.kubernetes` provider before version 7.4.0 uses this module - you should migrate to a newer version of `cncf.kubernetes` to get rid of this warning. If you import the module via `airflow.kubernetes` import, please use `cncf.kubernetes' provider 7.4.0+ and switch all your imports to use `apache.airflow.providers.cncf.kubernetes` to get rid of the warning.
[2024-04-01T22:19:43.798+0530] {logging_mixin.py:188} INFO - [2024-04-01T22:19:43.798+0530] {dag.py:3036} INFO - Sync 1 DAGs
[2024-04-01T22:19:43.808+0530] {logging_mixin.py:188} INFO - [2024-04-01T22:19:43.808+0530] {dag.py:3823} INFO - Setting next_dagrun for example_kubernetes_executor to None, run_after=None
[2024-04-01T22:19:43.841+0530] {processor.py:183} INFO - Processing /home/lucky/.local/lib/python3.10/site-packages/airflow/example_dags/example_kubernetes_executor.py took 0.434 seconds
[2024-04-01T22:25:21.102+0530] {processor.py:161} INFO - Started process (PID=56009) to work on /home/lucky/.local/lib/python3.10/site-packages/airflow/example_dags/example_kubernetes_executor.py
[2024-04-01T22:25:21.104+0530] {processor.py:830} INFO - Processing file /home/lucky/.local/lib/python3.10/site-packages/airflow/example_dags/example_kubernetes_executor.py for tasks to queue
[2024-04-01T22:25:21.105+0530] {logging_mixin.py:188} INFO - [2024-04-01T22:25:21.105+0530] {dagbag.py:538} INFO - Filling up the DagBag from /home/lucky/.local/lib/python3.10/site-packages/airflow/example_dags/example_kubernetes_executor.py
[2024-04-01T22:25:21.316+0530] {processor.py:840} INFO - DAG(s) 'example_kubernetes_executor' retrieved from /home/lucky/.local/lib/python3.10/site-packages/airflow/example_dags/example_kubernetes_executor.py
[2024-04-01T22:25:21.332+0530] {logging_mixin.py:188} WARNING - /home/lucky/.local/lib/python3.10/site-packages/airflow/serialization/serialized_objects.py:1564 DeprecationWarning: This module is deprecated. The `cncf.kubernetes` provider before version 7.4.0 uses this module - you should migrate to a newer version of `cncf.kubernetes` to get rid of this warning. If you import the module via `airflow.kubernetes` import, please use `cncf.kubernetes' provider 7.4.0+ and switch all your imports to use `apache.airflow.providers.cncf.kubernetes` to get rid of the warning.
[2024-04-01T22:25:21.351+0530] {logging_mixin.py:188} INFO - [2024-04-01T22:25:21.350+0530] {dag.py:3036} INFO - Sync 1 DAGs
[2024-04-01T22:25:21.371+0530] {logging_mixin.py:188} INFO - [2024-04-01T22:25:21.371+0530] {dag.py:3823} INFO - Setting next_dagrun for example_kubernetes_executor to None, run_after=None
[2024-04-01T22:25:21.404+0530] {processor.py:183} INFO - Processing /home/lucky/.local/lib/python3.10/site-packages/airflow/example_dags/example_kubernetes_executor.py took 0.304 seconds
[2024-04-01T22:27:27.258+0530] {processor.py:161} INFO - Started process (PID=57788) to work on /home/lucky/.local/lib/python3.10/site-packages/airflow/example_dags/example_kubernetes_executor.py
[2024-04-01T22:27:27.261+0530] {processor.py:830} INFO - Processing file /home/lucky/.local/lib/python3.10/site-packages/airflow/example_dags/example_kubernetes_executor.py for tasks to queue
[2024-04-01T22:27:27.263+0530] {logging_mixin.py:188} INFO - [2024-04-01T22:27:27.262+0530] {dagbag.py:538} INFO - Filling up the DagBag from /home/lucky/.local/lib/python3.10/site-packages/airflow/example_dags/example_kubernetes_executor.py
[2024-04-01T22:27:27.471+0530] {processor.py:840} INFO - DAG(s) 'example_kubernetes_executor' retrieved from /home/lucky/.local/lib/python3.10/site-packages/airflow/example_dags/example_kubernetes_executor.py
[2024-04-01T22:27:27.492+0530] {logging_mixin.py:188} WARNING - /home/lucky/.local/lib/python3.10/site-packages/airflow/serialization/serialized_objects.py:1564 DeprecationWarning: This module is deprecated. The `cncf.kubernetes` provider before version 7.4.0 uses this module - you should migrate to a newer version of `cncf.kubernetes` to get rid of this warning. If you import the module via `airflow.kubernetes` import, please use `cncf.kubernetes' provider 7.4.0+ and switch all your imports to use `apache.airflow.providers.cncf.kubernetes` to get rid of the warning.
[2024-04-01T22:27:27.504+0530] {logging_mixin.py:188} INFO - [2024-04-01T22:27:27.503+0530] {dag.py:3036} INFO - Sync 1 DAGs
[2024-04-01T22:27:27.521+0530] {logging_mixin.py:188} INFO - [2024-04-01T22:27:27.521+0530] {dag.py:3823} INFO - Setting next_dagrun for example_kubernetes_executor to None, run_after=None
[2024-04-01T22:27:27.554+0530] {processor.py:183} INFO - Processing /home/lucky/.local/lib/python3.10/site-packages/airflow/example_dags/example_kubernetes_executor.py took 0.299 seconds
[2024-04-01T22:28:23.798+0530] {processor.py:161} INFO - Started process (PID=58838) to work on /home/lucky/.local/lib/python3.10/site-packages/airflow/example_dags/example_kubernetes_executor.py
[2024-04-01T22:28:23.799+0530] {processor.py:830} INFO - Processing file /home/lucky/.local/lib/python3.10/site-packages/airflow/example_dags/example_kubernetes_executor.py for tasks to queue
[2024-04-01T22:28:23.800+0530] {logging_mixin.py:188} INFO - [2024-04-01T22:28:23.800+0530] {dagbag.py:538} INFO - Filling up the DagBag from /home/lucky/.local/lib/python3.10/site-packages/airflow/example_dags/example_kubernetes_executor.py
[2024-04-01T22:28:24.006+0530] {processor.py:840} INFO - DAG(s) 'example_kubernetes_executor' retrieved from /home/lucky/.local/lib/python3.10/site-packages/airflow/example_dags/example_kubernetes_executor.py
[2024-04-01T22:28:24.022+0530] {logging_mixin.py:188} WARNING - /home/lucky/.local/lib/python3.10/site-packages/airflow/serialization/serialized_objects.py:1564 DeprecationWarning: This module is deprecated. The `cncf.kubernetes` provider before version 7.4.0 uses this module - you should migrate to a newer version of `cncf.kubernetes` to get rid of this warning. If you import the module via `airflow.kubernetes` import, please use `cncf.kubernetes' provider 7.4.0+ and switch all your imports to use `apache.airflow.providers.cncf.kubernetes` to get rid of the warning.
[2024-04-01T22:28:24.034+0530] {logging_mixin.py:188} INFO - [2024-04-01T22:28:24.034+0530] {dag.py:3036} INFO - Sync 1 DAGs
[2024-04-01T22:28:24.049+0530] {logging_mixin.py:188} INFO - [2024-04-01T22:28:24.048+0530] {dag.py:3823} INFO - Setting next_dagrun for example_kubernetes_executor to None, run_after=None
[2024-04-01T22:28:24.084+0530] {processor.py:183} INFO - Processing /home/lucky/.local/lib/python3.10/site-packages/airflow/example_dags/example_kubernetes_executor.py took 0.291 seconds
[2024-04-01T22:29:19.165+0530] {processor.py:161} INFO - Started process (PID=59905) to work on /home/lucky/.local/lib/python3.10/site-packages/airflow/example_dags/example_kubernetes_executor.py
[2024-04-01T22:29:19.166+0530] {processor.py:830} INFO - Processing file /home/lucky/.local/lib/python3.10/site-packages/airflow/example_dags/example_kubernetes_executor.py for tasks to queue
[2024-04-01T22:29:19.168+0530] {logging_mixin.py:188} INFO - [2024-04-01T22:29:19.167+0530] {dagbag.py:538} INFO - Filling up the DagBag from /home/lucky/.local/lib/python3.10/site-packages/airflow/example_dags/example_kubernetes_executor.py
[2024-04-01T22:29:19.387+0530] {processor.py:840} INFO - DAG(s) 'example_kubernetes_executor' retrieved from /home/lucky/.local/lib/python3.10/site-packages/airflow/example_dags/example_kubernetes_executor.py
[2024-04-01T22:29:19.404+0530] {logging_mixin.py:188} WARNING - /home/lucky/.local/lib/python3.10/site-packages/airflow/serialization/serialized_objects.py:1564 DeprecationWarning: This module is deprecated. The `cncf.kubernetes` provider before version 7.4.0 uses this module - you should migrate to a newer version of `cncf.kubernetes` to get rid of this warning. If you import the module via `airflow.kubernetes` import, please use `cncf.kubernetes' provider 7.4.0+ and switch all your imports to use `apache.airflow.providers.cncf.kubernetes` to get rid of the warning.
[2024-04-01T22:29:19.420+0530] {logging_mixin.py:188} INFO - [2024-04-01T22:29:19.420+0530] {dag.py:3036} INFO - Sync 1 DAGs
[2024-04-01T22:29:19.440+0530] {logging_mixin.py:188} INFO - [2024-04-01T22:29:19.440+0530] {dag.py:3823} INFO - Setting next_dagrun for example_kubernetes_executor to None, run_after=None
[2024-04-01T22:29:19.476+0530] {processor.py:183} INFO - Processing /home/lucky/.local/lib/python3.10/site-packages/airflow/example_dags/example_kubernetes_executor.py took 0.315 seconds
[2024-04-01T22:30:13.041+0530] {processor.py:161} INFO - Started process (PID=60615) to work on /home/lucky/.local/lib/python3.10/site-packages/airflow/example_dags/example_kubernetes_executor.py
[2024-04-01T22:30:13.043+0530] {processor.py:830} INFO - Processing file /home/lucky/.local/lib/python3.10/site-packages/airflow/example_dags/example_kubernetes_executor.py for tasks to queue
[2024-04-01T22:30:13.044+0530] {logging_mixin.py:188} INFO - [2024-04-01T22:30:13.043+0530] {dagbag.py:538} INFO - Filling up the DagBag from /home/lucky/.local/lib/python3.10/site-packages/airflow/example_dags/example_kubernetes_executor.py
[2024-04-01T22:30:13.239+0530] {processor.py:840} INFO - DAG(s) 'example_kubernetes_executor' retrieved from /home/lucky/.local/lib/python3.10/site-packages/airflow/example_dags/example_kubernetes_executor.py
[2024-04-01T22:30:13.252+0530] {logging_mixin.py:188} WARNING - /home/lucky/.local/lib/python3.10/site-packages/airflow/serialization/serialized_objects.py:1564 DeprecationWarning: This module is deprecated. The `cncf.kubernetes` provider before version 7.4.0 uses this module - you should migrate to a newer version of `cncf.kubernetes` to get rid of this warning. If you import the module via `airflow.kubernetes` import, please use `cncf.kubernetes' provider 7.4.0+ and switch all your imports to use `apache.airflow.providers.cncf.kubernetes` to get rid of the warning.
[2024-04-01T22:30:13.263+0530] {logging_mixin.py:188} INFO - [2024-04-01T22:30:13.262+0530] {dag.py:3036} INFO - Sync 1 DAGs
[2024-04-01T22:30:13.276+0530] {logging_mixin.py:188} INFO - [2024-04-01T22:30:13.276+0530] {dag.py:3823} INFO - Setting next_dagrun for example_kubernetes_executor to None, run_after=None
[2024-04-01T22:30:13.308+0530] {processor.py:183} INFO - Processing /home/lucky/.local/lib/python3.10/site-packages/airflow/example_dags/example_kubernetes_executor.py took 0.270 seconds
[2024-04-01T22:30:59.959+0530] {processor.py:161} INFO - Started process (PID=61466) to work on /home/lucky/.local/lib/python3.10/site-packages/airflow/example_dags/example_kubernetes_executor.py
[2024-04-01T22:30:59.961+0530] {processor.py:830} INFO - Processing file /home/lucky/.local/lib/python3.10/site-packages/airflow/example_dags/example_kubernetes_executor.py for tasks to queue
[2024-04-01T22:30:59.962+0530] {logging_mixin.py:188} INFO - [2024-04-01T22:30:59.962+0530] {dagbag.py:538} INFO - Filling up the DagBag from /home/lucky/.local/lib/python3.10/site-packages/airflow/example_dags/example_kubernetes_executor.py
[2024-04-01T22:31:00.272+0530] {processor.py:840} INFO - DAG(s) 'example_kubernetes_executor' retrieved from /home/lucky/.local/lib/python3.10/site-packages/airflow/example_dags/example_kubernetes_executor.py
[2024-04-01T22:31:00.294+0530] {logging_mixin.py:188} WARNING - /home/lucky/.local/lib/python3.10/site-packages/airflow/serialization/serialized_objects.py:1564 DeprecationWarning: This module is deprecated. The `cncf.kubernetes` provider before version 7.4.0 uses this module - you should migrate to a newer version of `cncf.kubernetes` to get rid of this warning. If you import the module via `airflow.kubernetes` import, please use `cncf.kubernetes' provider 7.4.0+ and switch all your imports to use `apache.airflow.providers.cncf.kubernetes` to get rid of the warning.
[2024-04-01T22:31:00.310+0530] {logging_mixin.py:188} INFO - [2024-04-01T22:31:00.309+0530] {dag.py:3036} INFO - Sync 1 DAGs
[2024-04-01T22:31:00.325+0530] {logging_mixin.py:188} INFO - [2024-04-01T22:31:00.324+0530] {dag.py:3823} INFO - Setting next_dagrun for example_kubernetes_executor to None, run_after=None
[2024-04-01T22:31:00.354+0530] {processor.py:183} INFO - Processing /home/lucky/.local/lib/python3.10/site-packages/airflow/example_dags/example_kubernetes_executor.py took 0.399 seconds
[2024-04-01T22:31:47.986+0530] {processor.py:161} INFO - Started process (PID=62043) to work on /home/lucky/.local/lib/python3.10/site-packages/airflow/example_dags/example_kubernetes_executor.py
[2024-04-01T22:31:47.988+0530] {processor.py:830} INFO - Processing file /home/lucky/.local/lib/python3.10/site-packages/airflow/example_dags/example_kubernetes_executor.py for tasks to queue
[2024-04-01T22:31:47.989+0530] {logging_mixin.py:188} INFO - [2024-04-01T22:31:47.989+0530] {dagbag.py:538} INFO - Filling up the DagBag from /home/lucky/.local/lib/python3.10/site-packages/airflow/example_dags/example_kubernetes_executor.py
[2024-04-01T22:31:48.216+0530] {processor.py:840} INFO - DAG(s) 'example_kubernetes_executor' retrieved from /home/lucky/.local/lib/python3.10/site-packages/airflow/example_dags/example_kubernetes_executor.py
[2024-04-01T22:31:48.234+0530] {logging_mixin.py:188} WARNING - /home/lucky/.local/lib/python3.10/site-packages/airflow/serialization/serialized_objects.py:1564 DeprecationWarning: This module is deprecated. The `cncf.kubernetes` provider before version 7.4.0 uses this module - you should migrate to a newer version of `cncf.kubernetes` to get rid of this warning. If you import the module via `airflow.kubernetes` import, please use `cncf.kubernetes' provider 7.4.0+ and switch all your imports to use `apache.airflow.providers.cncf.kubernetes` to get rid of the warning.
[2024-04-01T22:31:48.247+0530] {logging_mixin.py:188} INFO - [2024-04-01T22:31:48.246+0530] {dag.py:3036} INFO - Sync 1 DAGs
[2024-04-01T22:31:48.262+0530] {logging_mixin.py:188} INFO - [2024-04-01T22:31:48.261+0530] {dag.py:3823} INFO - Setting next_dagrun for example_kubernetes_executor to None, run_after=None
[2024-04-01T22:31:48.290+0530] {processor.py:183} INFO - Processing /home/lucky/.local/lib/python3.10/site-packages/airflow/example_dags/example_kubernetes_executor.py took 0.307 seconds
[2024-04-01T22:32:46.509+0530] {processor.py:161} INFO - Started process (PID=63073) to work on /home/lucky/.local/lib/python3.10/site-packages/airflow/example_dags/example_kubernetes_executor.py
[2024-04-01T22:32:46.511+0530] {processor.py:830} INFO - Processing file /home/lucky/.local/lib/python3.10/site-packages/airflow/example_dags/example_kubernetes_executor.py for tasks to queue
[2024-04-01T22:32:46.513+0530] {logging_mixin.py:188} INFO - [2024-04-01T22:32:46.512+0530] {dagbag.py:538} INFO - Filling up the DagBag from /home/lucky/.local/lib/python3.10/site-packages/airflow/example_dags/example_kubernetes_executor.py
[2024-04-01T22:32:46.788+0530] {processor.py:840} INFO - DAG(s) 'example_kubernetes_executor' retrieved from /home/lucky/.local/lib/python3.10/site-packages/airflow/example_dags/example_kubernetes_executor.py
[2024-04-01T22:32:46.803+0530] {logging_mixin.py:188} WARNING - /home/lucky/.local/lib/python3.10/site-packages/airflow/serialization/serialized_objects.py:1564 DeprecationWarning: This module is deprecated. The `cncf.kubernetes` provider before version 7.4.0 uses this module - you should migrate to a newer version of `cncf.kubernetes` to get rid of this warning. If you import the module via `airflow.kubernetes` import, please use `cncf.kubernetes' provider 7.4.0+ and switch all your imports to use `apache.airflow.providers.cncf.kubernetes` to get rid of the warning.
[2024-04-01T22:32:46.816+0530] {logging_mixin.py:188} INFO - [2024-04-01T22:32:46.815+0530] {dag.py:3036} INFO - Sync 1 DAGs
[2024-04-01T22:32:46.829+0530] {logging_mixin.py:188} INFO - [2024-04-01T22:32:46.829+0530] {dag.py:3823} INFO - Setting next_dagrun for example_kubernetes_executor to None, run_after=None
[2024-04-01T22:32:46.860+0530] {processor.py:183} INFO - Processing /home/lucky/.local/lib/python3.10/site-packages/airflow/example_dags/example_kubernetes_executor.py took 0.357 seconds
[2024-04-01T23:06:28.819+0530] {processor.py:161} INFO - Started process (PID=5938) to work on /home/lucky/.local/lib/python3.10/site-packages/airflow/example_dags/example_kubernetes_executor.py
[2024-04-01T23:06:28.821+0530] {processor.py:830} INFO - Processing file /home/lucky/.local/lib/python3.10/site-packages/airflow/example_dags/example_kubernetes_executor.py for tasks to queue
[2024-04-01T23:06:28.823+0530] {logging_mixin.py:188} INFO - [2024-04-01T23:06:28.822+0530] {dagbag.py:538} INFO - Filling up the DagBag from /home/lucky/.local/lib/python3.10/site-packages/airflow/example_dags/example_kubernetes_executor.py
[2024-04-01T23:06:29.269+0530] {processor.py:840} INFO - DAG(s) 'example_kubernetes_executor' retrieved from /home/lucky/.local/lib/python3.10/site-packages/airflow/example_dags/example_kubernetes_executor.py
[2024-04-01T23:06:29.293+0530] {logging_mixin.py:188} WARNING - /home/lucky/.local/lib/python3.10/site-packages/airflow/serialization/serialized_objects.py:1564 DeprecationWarning: This module is deprecated. The `cncf.kubernetes` provider before version 7.4.0 uses this module - you should migrate to a newer version of `cncf.kubernetes` to get rid of this warning. If you import the module via `airflow.kubernetes` import, please use `cncf.kubernetes' provider 7.4.0+ and switch all your imports to use `apache.airflow.providers.cncf.kubernetes` to get rid of the warning.
[2024-04-01T23:06:29.331+0530] {logging_mixin.py:188} INFO - [2024-04-01T23:06:29.329+0530] {dag.py:3036} INFO - Sync 1 DAGs
[2024-04-01T23:06:29.365+0530] {logging_mixin.py:188} INFO - [2024-04-01T23:06:29.364+0530] {dag.py:3823} INFO - Setting next_dagrun for example_kubernetes_executor to None, run_after=None
[2024-04-01T23:06:29.423+0530] {processor.py:183} INFO - Processing /home/lucky/.local/lib/python3.10/site-packages/airflow/example_dags/example_kubernetes_executor.py took 0.607 seconds
[2024-04-01T23:07:25.476+0530] {processor.py:161} INFO - Started process (PID=6903) to work on /home/lucky/.local/lib/python3.10/site-packages/airflow/example_dags/example_kubernetes_executor.py
[2024-04-01T23:07:25.478+0530] {processor.py:830} INFO - Processing file /home/lucky/.local/lib/python3.10/site-packages/airflow/example_dags/example_kubernetes_executor.py for tasks to queue
[2024-04-01T23:07:25.479+0530] {logging_mixin.py:188} INFO - [2024-04-01T23:07:25.478+0530] {dagbag.py:538} INFO - Filling up the DagBag from /home/lucky/.local/lib/python3.10/site-packages/airflow/example_dags/example_kubernetes_executor.py
[2024-04-01T23:07:25.760+0530] {processor.py:840} INFO - DAG(s) 'example_kubernetes_executor' retrieved from /home/lucky/.local/lib/python3.10/site-packages/airflow/example_dags/example_kubernetes_executor.py
[2024-04-01T23:07:25.777+0530] {logging_mixin.py:188} WARNING - /home/lucky/.local/lib/python3.10/site-packages/airflow/serialization/serialized_objects.py:1564 DeprecationWarning: This module is deprecated. The `cncf.kubernetes` provider before version 7.4.0 uses this module - you should migrate to a newer version of `cncf.kubernetes` to get rid of this warning. If you import the module via `airflow.kubernetes` import, please use `cncf.kubernetes' provider 7.4.0+ and switch all your imports to use `apache.airflow.providers.cncf.kubernetes` to get rid of the warning.
[2024-04-01T23:07:25.791+0530] {logging_mixin.py:188} INFO - [2024-04-01T23:07:25.790+0530] {dag.py:3036} INFO - Sync 1 DAGs
[2024-04-01T23:07:25.803+0530] {logging_mixin.py:188} INFO - [2024-04-01T23:07:25.803+0530] {dag.py:3823} INFO - Setting next_dagrun for example_kubernetes_executor to None, run_after=None
[2024-04-01T23:07:25.833+0530] {processor.py:183} INFO - Processing /home/lucky/.local/lib/python3.10/site-packages/airflow/example_dags/example_kubernetes_executor.py took 0.360 seconds
[2024-04-01T23:11:21.704+0530] {processor.py:161} INFO - Started process (PID=10510) to work on /home/lucky/.local/lib/python3.10/site-packages/airflow/example_dags/example_kubernetes_executor.py
[2024-04-01T23:11:21.706+0530] {processor.py:830} INFO - Processing file /home/lucky/.local/lib/python3.10/site-packages/airflow/example_dags/example_kubernetes_executor.py for tasks to queue
[2024-04-01T23:11:21.707+0530] {logging_mixin.py:188} INFO - [2024-04-01T23:11:21.707+0530] {dagbag.py:538} INFO - Filling up the DagBag from /home/lucky/.local/lib/python3.10/site-packages/airflow/example_dags/example_kubernetes_executor.py
[2024-04-01T23:11:22.071+0530] {processor.py:840} INFO - DAG(s) 'example_kubernetes_executor' retrieved from /home/lucky/.local/lib/python3.10/site-packages/airflow/example_dags/example_kubernetes_executor.py
[2024-04-01T23:11:22.089+0530] {logging_mixin.py:188} WARNING - /home/lucky/.local/lib/python3.10/site-packages/airflow/serialization/serialized_objects.py:1564 DeprecationWarning: This module is deprecated. The `cncf.kubernetes` provider before version 7.4.0 uses this module - you should migrate to a newer version of `cncf.kubernetes` to get rid of this warning. If you import the module via `airflow.kubernetes` import, please use `cncf.kubernetes' provider 7.4.0+ and switch all your imports to use `apache.airflow.providers.cncf.kubernetes` to get rid of the warning.
[2024-04-01T23:11:22.105+0530] {logging_mixin.py:188} INFO - [2024-04-01T23:11:22.104+0530] {dag.py:3036} INFO - Sync 1 DAGs
[2024-04-01T23:11:22.126+0530] {logging_mixin.py:188} INFO - [2024-04-01T23:11:22.126+0530] {dag.py:3823} INFO - Setting next_dagrun for example_kubernetes_executor to None, run_after=None
[2024-04-01T23:11:22.165+0530] {processor.py:183} INFO - Processing /home/lucky/.local/lib/python3.10/site-packages/airflow/example_dags/example_kubernetes_executor.py took 0.466 seconds
[2024-04-01T23:12:29.535+0530] {processor.py:161} INFO - Started process (PID=11279) to work on /home/lucky/.local/lib/python3.10/site-packages/airflow/example_dags/example_kubernetes_executor.py
[2024-04-01T23:12:29.536+0530] {processor.py:830} INFO - Processing file /home/lucky/.local/lib/python3.10/site-packages/airflow/example_dags/example_kubernetes_executor.py for tasks to queue
[2024-04-01T23:12:29.539+0530] {logging_mixin.py:188} INFO - [2024-04-01T23:12:29.538+0530] {dagbag.py:538} INFO - Filling up the DagBag from /home/lucky/.local/lib/python3.10/site-packages/airflow/example_dags/example_kubernetes_executor.py
[2024-04-01T23:12:29.776+0530] {processor.py:840} INFO - DAG(s) 'example_kubernetes_executor' retrieved from /home/lucky/.local/lib/python3.10/site-packages/airflow/example_dags/example_kubernetes_executor.py
[2024-04-01T23:12:29.790+0530] {logging_mixin.py:188} WARNING - /home/lucky/.local/lib/python3.10/site-packages/airflow/serialization/serialized_objects.py:1564 DeprecationWarning: This module is deprecated. The `cncf.kubernetes` provider before version 7.4.0 uses this module - you should migrate to a newer version of `cncf.kubernetes` to get rid of this warning. If you import the module via `airflow.kubernetes` import, please use `cncf.kubernetes' provider 7.4.0+ and switch all your imports to use `apache.airflow.providers.cncf.kubernetes` to get rid of the warning.
[2024-04-01T23:12:29.800+0530] {logging_mixin.py:188} INFO - [2024-04-01T23:12:29.799+0530] {dag.py:3036} INFO - Sync 1 DAGs
[2024-04-01T23:12:29.815+0530] {logging_mixin.py:188} INFO - [2024-04-01T23:12:29.814+0530] {dag.py:3823} INFO - Setting next_dagrun for example_kubernetes_executor to None, run_after=None
[2024-04-01T23:12:29.838+0530] {processor.py:183} INFO - Processing /home/lucky/.local/lib/python3.10/site-packages/airflow/example_dags/example_kubernetes_executor.py took 0.307 seconds
[2024-04-01T23:13:29.831+0530] {processor.py:161} INFO - Started process (PID=12315) to work on /home/lucky/.local/lib/python3.10/site-packages/airflow/example_dags/example_kubernetes_executor.py
[2024-04-01T23:13:29.834+0530] {processor.py:830} INFO - Processing file /home/lucky/.local/lib/python3.10/site-packages/airflow/example_dags/example_kubernetes_executor.py for tasks to queue
[2024-04-01T23:13:29.836+0530] {logging_mixin.py:188} INFO - [2024-04-01T23:13:29.835+0530] {dagbag.py:538} INFO - Filling up the DagBag from /home/lucky/.local/lib/python3.10/site-packages/airflow/example_dags/example_kubernetes_executor.py
[2024-04-01T23:13:30.355+0530] {processor.py:840} INFO - DAG(s) 'example_kubernetes_executor' retrieved from /home/lucky/.local/lib/python3.10/site-packages/airflow/example_dags/example_kubernetes_executor.py
[2024-04-01T23:13:30.377+0530] {logging_mixin.py:188} WARNING - /home/lucky/.local/lib/python3.10/site-packages/airflow/serialization/serialized_objects.py:1564 DeprecationWarning: This module is deprecated. The `cncf.kubernetes` provider before version 7.4.0 uses this module - you should migrate to a newer version of `cncf.kubernetes` to get rid of this warning. If you import the module via `airflow.kubernetes` import, please use `cncf.kubernetes' provider 7.4.0+ and switch all your imports to use `apache.airflow.providers.cncf.kubernetes` to get rid of the warning.
[2024-04-01T23:13:30.395+0530] {logging_mixin.py:188} INFO - [2024-04-01T23:13:30.394+0530] {dag.py:3036} INFO - Sync 1 DAGs
[2024-04-01T23:13:30.416+0530] {logging_mixin.py:188} INFO - [2024-04-01T23:13:30.415+0530] {dag.py:3823} INFO - Setting next_dagrun for example_kubernetes_executor to None, run_after=None
[2024-04-01T23:13:30.456+0530] {processor.py:183} INFO - Processing /home/lucky/.local/lib/python3.10/site-packages/airflow/example_dags/example_kubernetes_executor.py took 0.636 seconds
[2024-04-01T23:14:27.687+0530] {processor.py:161} INFO - Started process (PID=13068) to work on /home/lucky/.local/lib/python3.10/site-packages/airflow/example_dags/example_kubernetes_executor.py
[2024-04-01T23:14:27.689+0530] {processor.py:830} INFO - Processing file /home/lucky/.local/lib/python3.10/site-packages/airflow/example_dags/example_kubernetes_executor.py for tasks to queue
[2024-04-01T23:14:27.691+0530] {logging_mixin.py:188} INFO - [2024-04-01T23:14:27.690+0530] {dagbag.py:538} INFO - Filling up the DagBag from /home/lucky/.local/lib/python3.10/site-packages/airflow/example_dags/example_kubernetes_executor.py
[2024-04-01T23:14:27.961+0530] {processor.py:840} INFO - DAG(s) 'example_kubernetes_executor' retrieved from /home/lucky/.local/lib/python3.10/site-packages/airflow/example_dags/example_kubernetes_executor.py
[2024-04-01T23:14:27.977+0530] {logging_mixin.py:188} WARNING - /home/lucky/.local/lib/python3.10/site-packages/airflow/serialization/serialized_objects.py:1564 DeprecationWarning: This module is deprecated. The `cncf.kubernetes` provider before version 7.4.0 uses this module - you should migrate to a newer version of `cncf.kubernetes` to get rid of this warning. If you import the module via `airflow.kubernetes` import, please use `cncf.kubernetes' provider 7.4.0+ and switch all your imports to use `apache.airflow.providers.cncf.kubernetes` to get rid of the warning.
[2024-04-01T23:14:27.990+0530] {logging_mixin.py:188} INFO - [2024-04-01T23:14:27.989+0530] {dag.py:3036} INFO - Sync 1 DAGs
[2024-04-01T23:14:28.002+0530] {logging_mixin.py:188} INFO - [2024-04-01T23:14:28.001+0530] {dag.py:3823} INFO - Setting next_dagrun for example_kubernetes_executor to None, run_after=None
[2024-04-01T23:14:28.029+0530] {processor.py:183} INFO - Processing /home/lucky/.local/lib/python3.10/site-packages/airflow/example_dags/example_kubernetes_executor.py took 0.349 seconds
[2024-04-01T23:15:23.217+0530] {processor.py:161} INFO - Started process (PID=13921) to work on /home/lucky/.local/lib/python3.10/site-packages/airflow/example_dags/example_kubernetes_executor.py
[2024-04-01T23:15:23.218+0530] {processor.py:830} INFO - Processing file /home/lucky/.local/lib/python3.10/site-packages/airflow/example_dags/example_kubernetes_executor.py for tasks to queue
[2024-04-01T23:15:23.219+0530] {logging_mixin.py:188} INFO - [2024-04-01T23:15:23.219+0530] {dagbag.py:538} INFO - Filling up the DagBag from /home/lucky/.local/lib/python3.10/site-packages/airflow/example_dags/example_kubernetes_executor.py
[2024-04-01T23:15:23.416+0530] {processor.py:840} INFO - DAG(s) 'example_kubernetes_executor' retrieved from /home/lucky/.local/lib/python3.10/site-packages/airflow/example_dags/example_kubernetes_executor.py
[2024-04-01T23:15:23.432+0530] {logging_mixin.py:188} WARNING - /home/lucky/.local/lib/python3.10/site-packages/airflow/serialization/serialized_objects.py:1564 DeprecationWarning: This module is deprecated. The `cncf.kubernetes` provider before version 7.4.0 uses this module - you should migrate to a newer version of `cncf.kubernetes` to get rid of this warning. If you import the module via `airflow.kubernetes` import, please use `cncf.kubernetes' provider 7.4.0+ and switch all your imports to use `apache.airflow.providers.cncf.kubernetes` to get rid of the warning.
[2024-04-01T23:15:23.443+0530] {logging_mixin.py:188} INFO - [2024-04-01T23:15:23.443+0530] {dag.py:3036} INFO - Sync 1 DAGs
[2024-04-01T23:15:23.455+0530] {logging_mixin.py:188} INFO - [2024-04-01T23:15:23.454+0530] {dag.py:3823} INFO - Setting next_dagrun for example_kubernetes_executor to None, run_after=None
[2024-04-01T23:15:23.477+0530] {processor.py:183} INFO - Processing /home/lucky/.local/lib/python3.10/site-packages/airflow/example_dags/example_kubernetes_executor.py took 0.264 seconds
[2024-04-01T23:16:14.524+0530] {processor.py:161} INFO - Started process (PID=14826) to work on /home/lucky/.local/lib/python3.10/site-packages/airflow/example_dags/example_kubernetes_executor.py
[2024-04-01T23:16:14.525+0530] {processor.py:830} INFO - Processing file /home/lucky/.local/lib/python3.10/site-packages/airflow/example_dags/example_kubernetes_executor.py for tasks to queue
[2024-04-01T23:16:14.526+0530] {logging_mixin.py:188} INFO - [2024-04-01T23:16:14.526+0530] {dagbag.py:538} INFO - Filling up the DagBag from /home/lucky/.local/lib/python3.10/site-packages/airflow/example_dags/example_kubernetes_executor.py
[2024-04-01T23:16:14.704+0530] {processor.py:840} INFO - DAG(s) 'example_kubernetes_executor' retrieved from /home/lucky/.local/lib/python3.10/site-packages/airflow/example_dags/example_kubernetes_executor.py
[2024-04-01T23:16:14.720+0530] {logging_mixin.py:188} WARNING - /home/lucky/.local/lib/python3.10/site-packages/airflow/serialization/serialized_objects.py:1564 DeprecationWarning: This module is deprecated. The `cncf.kubernetes` provider before version 7.4.0 uses this module - you should migrate to a newer version of `cncf.kubernetes` to get rid of this warning. If you import the module via `airflow.kubernetes` import, please use `cncf.kubernetes' provider 7.4.0+ and switch all your imports to use `apache.airflow.providers.cncf.kubernetes` to get rid of the warning.
[2024-04-01T23:16:14.730+0530] {logging_mixin.py:188} INFO - [2024-04-01T23:16:14.729+0530] {dag.py:3036} INFO - Sync 1 DAGs
[2024-04-01T23:16:14.741+0530] {logging_mixin.py:188} INFO - [2024-04-01T23:16:14.741+0530] {dag.py:3823} INFO - Setting next_dagrun for example_kubernetes_executor to None, run_after=None
[2024-04-01T23:16:14.771+0530] {processor.py:183} INFO - Processing /home/lucky/.local/lib/python3.10/site-packages/airflow/example_dags/example_kubernetes_executor.py took 0.250 seconds
