[2024-04-01T21:42:21.761+0530] {processor.py:161} INFO - Started process (PID=17922) to work on /home/lucky/.local/lib/python3.10/site-packages/airflow/example_dags/example_branch_python_dop_operator_3.py
[2024-04-01T21:42:21.763+0530] {processor.py:830} INFO - Processing file /home/lucky/.local/lib/python3.10/site-packages/airflow/example_dags/example_branch_python_dop_operator_3.py for tasks to queue
[2024-04-01T21:42:21.765+0530] {logging_mixin.py:188} INFO - [2024-04-01T21:42:21.764+0530] {dagbag.py:538} INFO - Filling up the DagBag from /home/lucky/.local/lib/python3.10/site-packages/airflow/example_dags/example_branch_python_dop_operator_3.py
[2024-04-01T21:42:21.785+0530] {processor.py:840} INFO - DAG(s) 'example_branch_dop_operator_v3' retrieved from /home/lucky/.local/lib/python3.10/site-packages/airflow/example_dags/example_branch_python_dop_operator_3.py
[2024-04-01T21:42:21.936+0530] {logging_mixin.py:188} INFO - [2024-04-01T21:42:21.936+0530] {dag.py:3036} INFO - Sync 1 DAGs
[2024-04-01T21:42:21.979+0530] {logging_mixin.py:188} INFO - [2024-04-01T21:42:21.979+0530] {dag.py:3823} INFO - Setting next_dagrun for example_branch_dop_operator_v3 to 2024-04-01 16:11:00+00:00, run_after=2024-04-01 16:12:00+00:00
[2024-04-01T21:42:22.039+0530] {processor.py:183} INFO - Processing /home/lucky/.local/lib/python3.10/site-packages/airflow/example_dags/example_branch_python_dop_operator_3.py took 0.284 seconds
[2024-04-01T21:43:47.490+0530] {processor.py:161} INFO - Started process (PID=18920) to work on /home/lucky/.local/lib/python3.10/site-packages/airflow/example_dags/example_branch_python_dop_operator_3.py
[2024-04-01T21:43:47.493+0530] {processor.py:830} INFO - Processing file /home/lucky/.local/lib/python3.10/site-packages/airflow/example_dags/example_branch_python_dop_operator_3.py for tasks to queue
[2024-04-01T21:43:47.495+0530] {logging_mixin.py:188} INFO - [2024-04-01T21:43:47.494+0530] {dagbag.py:538} INFO - Filling up the DagBag from /home/lucky/.local/lib/python3.10/site-packages/airflow/example_dags/example_branch_python_dop_operator_3.py
[2024-04-01T21:43:47.520+0530] {processor.py:840} INFO - DAG(s) 'example_branch_dop_operator_v3' retrieved from /home/lucky/.local/lib/python3.10/site-packages/airflow/example_dags/example_branch_python_dop_operator_3.py
[2024-04-01T21:43:47.562+0530] {logging_mixin.py:188} INFO - [2024-04-01T21:43:47.561+0530] {dag.py:3036} INFO - Sync 1 DAGs
[2024-04-01T21:43:47.642+0530] {logging_mixin.py:188} INFO - [2024-04-01T21:43:47.642+0530] {dag.py:3823} INFO - Setting next_dagrun for example_branch_dop_operator_v3 to 2024-04-01 16:12:00+00:00, run_after=2024-04-01 16:13:00+00:00
[2024-04-01T21:43:47.690+0530] {processor.py:183} INFO - Processing /home/lucky/.local/lib/python3.10/site-packages/airflow/example_dags/example_branch_python_dop_operator_3.py took 0.207 seconds
[2024-04-01T21:44:53.790+0530] {processor.py:161} INFO - Started process (PID=20076) to work on /home/lucky/.local/lib/python3.10/site-packages/airflow/example_dags/example_branch_python_dop_operator_3.py
[2024-04-01T21:44:53.791+0530] {processor.py:830} INFO - Processing file /home/lucky/.local/lib/python3.10/site-packages/airflow/example_dags/example_branch_python_dop_operator_3.py for tasks to queue
[2024-04-01T21:44:53.793+0530] {logging_mixin.py:188} INFO - [2024-04-01T21:44:53.792+0530] {dagbag.py:538} INFO - Filling up the DagBag from /home/lucky/.local/lib/python3.10/site-packages/airflow/example_dags/example_branch_python_dop_operator_3.py
[2024-04-01T21:44:53.803+0530] {processor.py:840} INFO - DAG(s) 'example_branch_dop_operator_v3' retrieved from /home/lucky/.local/lib/python3.10/site-packages/airflow/example_dags/example_branch_python_dop_operator_3.py
[2024-04-01T21:44:53.819+0530] {logging_mixin.py:188} INFO - [2024-04-01T21:44:53.819+0530] {dag.py:3036} INFO - Sync 1 DAGs
[2024-04-01T21:44:53.851+0530] {logging_mixin.py:188} INFO - [2024-04-01T21:44:53.851+0530] {dag.py:3823} INFO - Setting next_dagrun for example_branch_dop_operator_v3 to 2024-04-01 16:13:00+00:00, run_after=2024-04-01 16:14:00+00:00
[2024-04-01T21:44:53.885+0530] {processor.py:183} INFO - Processing /home/lucky/.local/lib/python3.10/site-packages/airflow/example_dags/example_branch_python_dop_operator_3.py took 0.098 seconds
[2024-04-01T21:59:44.953+0530] {processor.py:161} INFO - Started process (PID=33056) to work on /home/lucky/.local/lib/python3.10/site-packages/airflow/example_dags/example_branch_python_dop_operator_3.py
[2024-04-01T21:59:44.955+0530] {processor.py:830} INFO - Processing file /home/lucky/.local/lib/python3.10/site-packages/airflow/example_dags/example_branch_python_dop_operator_3.py for tasks to queue
[2024-04-01T21:59:44.957+0530] {logging_mixin.py:188} INFO - [2024-04-01T21:59:44.956+0530] {dagbag.py:538} INFO - Filling up the DagBag from /home/lucky/.local/lib/python3.10/site-packages/airflow/example_dags/example_branch_python_dop_operator_3.py
[2024-04-01T21:59:44.976+0530] {processor.py:840} INFO - DAG(s) 'example_branch_dop_operator_v3' retrieved from /home/lucky/.local/lib/python3.10/site-packages/airflow/example_dags/example_branch_python_dop_operator_3.py
[2024-04-01T21:59:45.008+0530] {logging_mixin.py:188} INFO - [2024-04-01T21:59:45.007+0530] {dag.py:3036} INFO - Sync 1 DAGs
[2024-04-01T21:59:45.063+0530] {logging_mixin.py:188} INFO - [2024-04-01T21:59:45.062+0530] {dag.py:3823} INFO - Setting next_dagrun for example_branch_dop_operator_v3 to 2024-04-01 16:28:00+00:00, run_after=2024-04-01 16:29:00+00:00
[2024-04-01T21:59:45.103+0530] {processor.py:183} INFO - Processing /home/lucky/.local/lib/python3.10/site-packages/airflow/example_dags/example_branch_python_dop_operator_3.py took 0.155 seconds
[2024-04-01T22:00:48.515+0530] {processor.py:161} INFO - Started process (PID=34141) to work on /home/lucky/.local/lib/python3.10/site-packages/airflow/example_dags/example_branch_python_dop_operator_3.py
[2024-04-01T22:00:48.517+0530] {processor.py:830} INFO - Processing file /home/lucky/.local/lib/python3.10/site-packages/airflow/example_dags/example_branch_python_dop_operator_3.py for tasks to queue
[2024-04-01T22:00:48.518+0530] {logging_mixin.py:188} INFO - [2024-04-01T22:00:48.518+0530] {dagbag.py:538} INFO - Filling up the DagBag from /home/lucky/.local/lib/python3.10/site-packages/airflow/example_dags/example_branch_python_dop_operator_3.py
[2024-04-01T22:00:48.531+0530] {processor.py:840} INFO - DAG(s) 'example_branch_dop_operator_v3' retrieved from /home/lucky/.local/lib/python3.10/site-packages/airflow/example_dags/example_branch_python_dop_operator_3.py
[2024-04-01T22:00:48.554+0530] {logging_mixin.py:188} INFO - [2024-04-01T22:00:48.554+0530] {dag.py:3036} INFO - Sync 1 DAGs
[2024-04-01T22:00:48.595+0530] {logging_mixin.py:188} INFO - [2024-04-01T22:00:48.595+0530] {dag.py:3823} INFO - Setting next_dagrun for example_branch_dop_operator_v3 to 2024-04-01 16:29:00+00:00, run_after=2024-04-01 16:30:00+00:00
[2024-04-01T22:00:48.627+0530] {processor.py:183} INFO - Processing /home/lucky/.local/lib/python3.10/site-packages/airflow/example_dags/example_branch_python_dop_operator_3.py took 0.117 seconds
[2024-04-01T22:01:49.300+0530] {processor.py:161} INFO - Started process (PID=34998) to work on /home/lucky/.local/lib/python3.10/site-packages/airflow/example_dags/example_branch_python_dop_operator_3.py
[2024-04-01T22:01:49.302+0530] {processor.py:830} INFO - Processing file /home/lucky/.local/lib/python3.10/site-packages/airflow/example_dags/example_branch_python_dop_operator_3.py for tasks to queue
[2024-04-01T22:01:49.304+0530] {logging_mixin.py:188} INFO - [2024-04-01T22:01:49.303+0530] {dagbag.py:538} INFO - Filling up the DagBag from /home/lucky/.local/lib/python3.10/site-packages/airflow/example_dags/example_branch_python_dop_operator_3.py
[2024-04-01T22:01:49.323+0530] {processor.py:840} INFO - DAG(s) 'example_branch_dop_operator_v3' retrieved from /home/lucky/.local/lib/python3.10/site-packages/airflow/example_dags/example_branch_python_dop_operator_3.py
[2024-04-01T22:01:49.353+0530] {logging_mixin.py:188} INFO - [2024-04-01T22:01:49.353+0530] {dag.py:3036} INFO - Sync 1 DAGs
[2024-04-01T22:01:49.398+0530] {logging_mixin.py:188} INFO - [2024-04-01T22:01:49.397+0530] {dag.py:3823} INFO - Setting next_dagrun for example_branch_dop_operator_v3 to 2024-04-01 16:30:00+00:00, run_after=2024-04-01 16:31:00+00:00
[2024-04-01T22:01:49.434+0530] {processor.py:183} INFO - Processing /home/lucky/.local/lib/python3.10/site-packages/airflow/example_dags/example_branch_python_dop_operator_3.py took 0.140 seconds
[2024-04-01T22:02:55.143+0530] {processor.py:161} INFO - Started process (PID=35981) to work on /home/lucky/.local/lib/python3.10/site-packages/airflow/example_dags/example_branch_python_dop_operator_3.py
[2024-04-01T22:02:55.145+0530] {processor.py:830} INFO - Processing file /home/lucky/.local/lib/python3.10/site-packages/airflow/example_dags/example_branch_python_dop_operator_3.py for tasks to queue
[2024-04-01T22:02:55.148+0530] {logging_mixin.py:188} INFO - [2024-04-01T22:02:55.147+0530] {dagbag.py:538} INFO - Filling up the DagBag from /home/lucky/.local/lib/python3.10/site-packages/airflow/example_dags/example_branch_python_dop_operator_3.py
[2024-04-01T22:02:55.162+0530] {processor.py:840} INFO - DAG(s) 'example_branch_dop_operator_v3' retrieved from /home/lucky/.local/lib/python3.10/site-packages/airflow/example_dags/example_branch_python_dop_operator_3.py
[2024-04-01T22:02:55.184+0530] {logging_mixin.py:188} INFO - [2024-04-01T22:02:55.184+0530] {dag.py:3036} INFO - Sync 1 DAGs
[2024-04-01T22:02:55.219+0530] {logging_mixin.py:188} INFO - [2024-04-01T22:02:55.219+0530] {dag.py:3823} INFO - Setting next_dagrun for example_branch_dop_operator_v3 to 2024-04-01 16:31:00+00:00, run_after=2024-04-01 16:32:00+00:00
[2024-04-01T22:02:55.251+0530] {processor.py:183} INFO - Processing /home/lucky/.local/lib/python3.10/site-packages/airflow/example_dags/example_branch_python_dop_operator_3.py took 0.113 seconds
[2024-04-01T22:04:03.455+0530] {processor.py:161} INFO - Started process (PID=37058) to work on /home/lucky/.local/lib/python3.10/site-packages/airflow/example_dags/example_branch_python_dop_operator_3.py
[2024-04-01T22:04:03.457+0530] {processor.py:830} INFO - Processing file /home/lucky/.local/lib/python3.10/site-packages/airflow/example_dags/example_branch_python_dop_operator_3.py for tasks to queue
[2024-04-01T22:04:03.458+0530] {logging_mixin.py:188} INFO - [2024-04-01T22:04:03.458+0530] {dagbag.py:538} INFO - Filling up the DagBag from /home/lucky/.local/lib/python3.10/site-packages/airflow/example_dags/example_branch_python_dop_operator_3.py
[2024-04-01T22:04:03.470+0530] {processor.py:840} INFO - DAG(s) 'example_branch_dop_operator_v3' retrieved from /home/lucky/.local/lib/python3.10/site-packages/airflow/example_dags/example_branch_python_dop_operator_3.py
[2024-04-01T22:04:03.492+0530] {logging_mixin.py:188} INFO - [2024-04-01T22:04:03.492+0530] {dag.py:3036} INFO - Sync 1 DAGs
[2024-04-01T22:04:03.520+0530] {logging_mixin.py:188} INFO - [2024-04-01T22:04:03.520+0530] {dag.py:3823} INFO - Setting next_dagrun for example_branch_dop_operator_v3 to 2024-04-01 16:33:00+00:00, run_after=2024-04-01 16:34:00+00:00
[2024-04-01T22:04:03.550+0530] {processor.py:183} INFO - Processing /home/lucky/.local/lib/python3.10/site-packages/airflow/example_dags/example_branch_python_dop_operator_3.py took 0.098 seconds
[2024-04-01T22:05:11.002+0530] {processor.py:161} INFO - Started process (PID=37899) to work on /home/lucky/.local/lib/python3.10/site-packages/airflow/example_dags/example_branch_python_dop_operator_3.py
[2024-04-01T22:05:11.003+0530] {processor.py:830} INFO - Processing file /home/lucky/.local/lib/python3.10/site-packages/airflow/example_dags/example_branch_python_dop_operator_3.py for tasks to queue
[2024-04-01T22:05:11.008+0530] {logging_mixin.py:188} INFO - [2024-04-01T22:05:11.004+0530] {dagbag.py:538} INFO - Filling up the DagBag from /home/lucky/.local/lib/python3.10/site-packages/airflow/example_dags/example_branch_python_dop_operator_3.py
[2024-04-01T22:05:11.035+0530] {processor.py:840} INFO - DAG(s) 'example_branch_dop_operator_v3' retrieved from /home/lucky/.local/lib/python3.10/site-packages/airflow/example_dags/example_branch_python_dop_operator_3.py
[2024-04-01T22:05:11.066+0530] {logging_mixin.py:188} INFO - [2024-04-01T22:05:11.065+0530] {dag.py:3036} INFO - Sync 1 DAGs
[2024-04-01T22:05:11.102+0530] {logging_mixin.py:188} INFO - [2024-04-01T22:05:11.101+0530] {dag.py:3823} INFO - Setting next_dagrun for example_branch_dop_operator_v3 to 2024-04-01 16:34:00+00:00, run_after=2024-04-01 16:35:00+00:00
[2024-04-01T22:05:11.131+0530] {processor.py:183} INFO - Processing /home/lucky/.local/lib/python3.10/site-packages/airflow/example_dags/example_branch_python_dop_operator_3.py took 0.132 seconds
[2024-04-01T22:06:26.872+0530] {processor.py:161} INFO - Started process (PID=39089) to work on /home/lucky/.local/lib/python3.10/site-packages/airflow/example_dags/example_branch_python_dop_operator_3.py
[2024-04-01T22:06:26.874+0530] {processor.py:830} INFO - Processing file /home/lucky/.local/lib/python3.10/site-packages/airflow/example_dags/example_branch_python_dop_operator_3.py for tasks to queue
[2024-04-01T22:06:26.876+0530] {logging_mixin.py:188} INFO - [2024-04-01T22:06:26.875+0530] {dagbag.py:538} INFO - Filling up the DagBag from /home/lucky/.local/lib/python3.10/site-packages/airflow/example_dags/example_branch_python_dop_operator_3.py
[2024-04-01T22:06:26.891+0530] {processor.py:840} INFO - DAG(s) 'example_branch_dop_operator_v3' retrieved from /home/lucky/.local/lib/python3.10/site-packages/airflow/example_dags/example_branch_python_dop_operator_3.py
[2024-04-01T22:06:26.916+0530] {logging_mixin.py:188} INFO - [2024-04-01T22:06:26.915+0530] {dag.py:3036} INFO - Sync 1 DAGs
[2024-04-01T22:06:26.965+0530] {logging_mixin.py:188} INFO - [2024-04-01T22:06:26.965+0530] {dag.py:3823} INFO - Setting next_dagrun for example_branch_dop_operator_v3 to 2024-04-01 16:35:00+00:00, run_after=2024-04-01 16:36:00+00:00
[2024-04-01T22:06:27.014+0530] {processor.py:183} INFO - Processing /home/lucky/.local/lib/python3.10/site-packages/airflow/example_dags/example_branch_python_dop_operator_3.py took 0.146 seconds
[2024-04-01T22:07:47.449+0530] {processor.py:161} INFO - Started process (PID=40347) to work on /home/lucky/.local/lib/python3.10/site-packages/airflow/example_dags/example_branch_python_dop_operator_3.py
[2024-04-01T22:07:47.451+0530] {processor.py:830} INFO - Processing file /home/lucky/.local/lib/python3.10/site-packages/airflow/example_dags/example_branch_python_dop_operator_3.py for tasks to queue
[2024-04-01T22:07:47.452+0530] {logging_mixin.py:188} INFO - [2024-04-01T22:07:47.452+0530] {dagbag.py:538} INFO - Filling up the DagBag from /home/lucky/.local/lib/python3.10/site-packages/airflow/example_dags/example_branch_python_dop_operator_3.py
[2024-04-01T22:07:47.465+0530] {processor.py:840} INFO - DAG(s) 'example_branch_dop_operator_v3' retrieved from /home/lucky/.local/lib/python3.10/site-packages/airflow/example_dags/example_branch_python_dop_operator_3.py
[2024-04-01T22:07:47.484+0530] {logging_mixin.py:188} INFO - [2024-04-01T22:07:47.484+0530] {dag.py:3036} INFO - Sync 1 DAGs
[2024-04-01T22:07:47.522+0530] {logging_mixin.py:188} INFO - [2024-04-01T22:07:47.521+0530] {dag.py:3823} INFO - Setting next_dagrun for example_branch_dop_operator_v3 to 2024-04-01 16:36:00+00:00, run_after=2024-04-01 16:37:00+00:00
[2024-04-01T22:07:47.558+0530] {processor.py:183} INFO - Processing /home/lucky/.local/lib/python3.10/site-packages/airflow/example_dags/example_branch_python_dop_operator_3.py took 0.112 seconds
[2024-04-01T22:09:15.811+0530] {processor.py:161} INFO - Started process (PID=41644) to work on /home/lucky/.local/lib/python3.10/site-packages/airflow/example_dags/example_branch_python_dop_operator_3.py
[2024-04-01T22:09:15.813+0530] {processor.py:830} INFO - Processing file /home/lucky/.local/lib/python3.10/site-packages/airflow/example_dags/example_branch_python_dop_operator_3.py for tasks to queue
[2024-04-01T22:09:15.814+0530] {logging_mixin.py:188} INFO - [2024-04-01T22:09:15.814+0530] {dagbag.py:538} INFO - Filling up the DagBag from /home/lucky/.local/lib/python3.10/site-packages/airflow/example_dags/example_branch_python_dop_operator_3.py
[2024-04-01T22:09:15.828+0530] {processor.py:840} INFO - DAG(s) 'example_branch_dop_operator_v3' retrieved from /home/lucky/.local/lib/python3.10/site-packages/airflow/example_dags/example_branch_python_dop_operator_3.py
[2024-04-01T22:09:15.853+0530] {logging_mixin.py:188} INFO - [2024-04-01T22:09:15.853+0530] {dag.py:3036} INFO - Sync 1 DAGs
[2024-04-01T22:09:15.891+0530] {logging_mixin.py:188} INFO - [2024-04-01T22:09:15.891+0530] {dag.py:3823} INFO - Setting next_dagrun for example_branch_dop_operator_v3 to 2024-04-01 16:38:00+00:00, run_after=2024-04-01 16:39:00+00:00
[2024-04-01T22:09:15.933+0530] {processor.py:183} INFO - Processing /home/lucky/.local/lib/python3.10/site-packages/airflow/example_dags/example_branch_python_dop_operator_3.py took 0.126 seconds
[2024-04-01T22:10:45.884+0530] {processor.py:161} INFO - Started process (PID=42649) to work on /home/lucky/.local/lib/python3.10/site-packages/airflow/example_dags/example_branch_python_dop_operator_3.py
[2024-04-01T22:10:45.887+0530] {processor.py:830} INFO - Processing file /home/lucky/.local/lib/python3.10/site-packages/airflow/example_dags/example_branch_python_dop_operator_3.py for tasks to queue
[2024-04-01T22:10:45.889+0530] {logging_mixin.py:188} INFO - [2024-04-01T22:10:45.888+0530] {dagbag.py:538} INFO - Filling up the DagBag from /home/lucky/.local/lib/python3.10/site-packages/airflow/example_dags/example_branch_python_dop_operator_3.py
[2024-04-01T22:10:45.907+0530] {processor.py:840} INFO - DAG(s) 'example_branch_dop_operator_v3' retrieved from /home/lucky/.local/lib/python3.10/site-packages/airflow/example_dags/example_branch_python_dop_operator_3.py
[2024-04-01T22:10:45.933+0530] {logging_mixin.py:188} INFO - [2024-04-01T22:10:45.932+0530] {dag.py:3036} INFO - Sync 1 DAGs
[2024-04-01T22:10:46.008+0530] {logging_mixin.py:188} INFO - [2024-04-01T22:10:46.007+0530] {dag.py:3823} INFO - Setting next_dagrun for example_branch_dop_operator_v3 to 2024-04-01 16:39:00+00:00, run_after=2024-04-01 16:40:00+00:00
[2024-04-01T22:10:46.093+0530] {processor.py:183} INFO - Processing /home/lucky/.local/lib/python3.10/site-packages/airflow/example_dags/example_branch_python_dop_operator_3.py took 0.215 seconds
[2024-04-01T22:12:01.086+0530] {processor.py:161} INFO - Started process (PID=43791) to work on /home/lucky/.local/lib/python3.10/site-packages/airflow/example_dags/example_branch_python_dop_operator_3.py
[2024-04-01T22:12:01.088+0530] {processor.py:830} INFO - Processing file /home/lucky/.local/lib/python3.10/site-packages/airflow/example_dags/example_branch_python_dop_operator_3.py for tasks to queue
[2024-04-01T22:12:01.090+0530] {logging_mixin.py:188} INFO - [2024-04-01T22:12:01.089+0530] {dagbag.py:538} INFO - Filling up the DagBag from /home/lucky/.local/lib/python3.10/site-packages/airflow/example_dags/example_branch_python_dop_operator_3.py
[2024-04-01T22:12:01.106+0530] {processor.py:840} INFO - DAG(s) 'example_branch_dop_operator_v3' retrieved from /home/lucky/.local/lib/python3.10/site-packages/airflow/example_dags/example_branch_python_dop_operator_3.py
[2024-04-01T22:12:01.134+0530] {logging_mixin.py:188} INFO - [2024-04-01T22:12:01.133+0530] {dag.py:3036} INFO - Sync 1 DAGs
[2024-04-01T22:12:01.185+0530] {logging_mixin.py:188} INFO - [2024-04-01T22:12:01.185+0530] {dag.py:3823} INFO - Setting next_dagrun for example_branch_dop_operator_v3 to 2024-04-01 16:41:00+00:00, run_after=2024-04-01 16:42:00+00:00
[2024-04-01T22:12:01.227+0530] {processor.py:183} INFO - Processing /home/lucky/.local/lib/python3.10/site-packages/airflow/example_dags/example_branch_python_dop_operator_3.py took 0.146 seconds
[2024-04-01T22:13:20.734+0530] {processor.py:161} INFO - Started process (PID=45042) to work on /home/lucky/.local/lib/python3.10/site-packages/airflow/example_dags/example_branch_python_dop_operator_3.py
[2024-04-01T22:13:20.737+0530] {processor.py:830} INFO - Processing file /home/lucky/.local/lib/python3.10/site-packages/airflow/example_dags/example_branch_python_dop_operator_3.py for tasks to queue
[2024-04-01T22:13:20.741+0530] {logging_mixin.py:188} INFO - [2024-04-01T22:13:20.740+0530] {dagbag.py:538} INFO - Filling up the DagBag from /home/lucky/.local/lib/python3.10/site-packages/airflow/example_dags/example_branch_python_dop_operator_3.py
[2024-04-01T22:13:20.760+0530] {processor.py:840} INFO - DAG(s) 'example_branch_dop_operator_v3' retrieved from /home/lucky/.local/lib/python3.10/site-packages/airflow/example_dags/example_branch_python_dop_operator_3.py
[2024-04-01T22:13:20.792+0530] {logging_mixin.py:188} INFO - [2024-04-01T22:13:20.791+0530] {dag.py:3036} INFO - Sync 1 DAGs
[2024-04-01T22:13:20.854+0530] {logging_mixin.py:188} INFO - [2024-04-01T22:13:20.854+0530] {dag.py:3823} INFO - Setting next_dagrun for example_branch_dop_operator_v3 to 2024-04-01 16:42:00+00:00, run_after=2024-04-01 16:43:00+00:00
[2024-04-01T22:13:20.908+0530] {processor.py:183} INFO - Processing /home/lucky/.local/lib/python3.10/site-packages/airflow/example_dags/example_branch_python_dop_operator_3.py took 0.178 seconds
[2024-04-01T22:14:26.092+0530] {processor.py:161} INFO - Started process (PID=45800) to work on /home/lucky/.local/lib/python3.10/site-packages/airflow/example_dags/example_branch_python_dop_operator_3.py
[2024-04-01T22:14:26.094+0530] {processor.py:830} INFO - Processing file /home/lucky/.local/lib/python3.10/site-packages/airflow/example_dags/example_branch_python_dop_operator_3.py for tasks to queue
[2024-04-01T22:14:26.096+0530] {logging_mixin.py:188} INFO - [2024-04-01T22:14:26.095+0530] {dagbag.py:538} INFO - Filling up the DagBag from /home/lucky/.local/lib/python3.10/site-packages/airflow/example_dags/example_branch_python_dop_operator_3.py
[2024-04-01T22:14:26.111+0530] {processor.py:840} INFO - DAG(s) 'example_branch_dop_operator_v3' retrieved from /home/lucky/.local/lib/python3.10/site-packages/airflow/example_dags/example_branch_python_dop_operator_3.py
[2024-04-01T22:14:26.133+0530] {logging_mixin.py:188} INFO - [2024-04-01T22:14:26.132+0530] {dag.py:3036} INFO - Sync 1 DAGs
[2024-04-01T22:14:26.172+0530] {logging_mixin.py:188} INFO - [2024-04-01T22:14:26.172+0530] {dag.py:3823} INFO - Setting next_dagrun for example_branch_dop_operator_v3 to 2024-04-01 16:43:00+00:00, run_after=2024-04-01 16:44:00+00:00
[2024-04-01T22:14:26.214+0530] {processor.py:183} INFO - Processing /home/lucky/.local/lib/python3.10/site-packages/airflow/example_dags/example_branch_python_dop_operator_3.py took 0.125 seconds
[2024-04-01T22:15:24.059+0530] {processor.py:161} INFO - Started process (PID=46831) to work on /home/lucky/.local/lib/python3.10/site-packages/airflow/example_dags/example_branch_python_dop_operator_3.py
[2024-04-01T22:15:24.061+0530] {processor.py:830} INFO - Processing file /home/lucky/.local/lib/python3.10/site-packages/airflow/example_dags/example_branch_python_dop_operator_3.py for tasks to queue
[2024-04-01T22:15:24.062+0530] {logging_mixin.py:188} INFO - [2024-04-01T22:15:24.061+0530] {dagbag.py:538} INFO - Filling up the DagBag from /home/lucky/.local/lib/python3.10/site-packages/airflow/example_dags/example_branch_python_dop_operator_3.py
[2024-04-01T22:15:24.070+0530] {processor.py:840} INFO - DAG(s) 'example_branch_dop_operator_v3' retrieved from /home/lucky/.local/lib/python3.10/site-packages/airflow/example_dags/example_branch_python_dop_operator_3.py
[2024-04-01T22:15:24.086+0530] {logging_mixin.py:188} INFO - [2024-04-01T22:15:24.085+0530] {dag.py:3036} INFO - Sync 1 DAGs
[2024-04-01T22:15:24.111+0530] {logging_mixin.py:188} INFO - [2024-04-01T22:15:24.111+0530] {dag.py:3823} INFO - Setting next_dagrun for example_branch_dop_operator_v3 to 2024-04-01 16:44:00+00:00, run_after=2024-04-01 16:45:00+00:00
[2024-04-01T22:15:24.137+0530] {processor.py:183} INFO - Processing /home/lucky/.local/lib/python3.10/site-packages/airflow/example_dags/example_branch_python_dop_operator_3.py took 0.081 seconds
[2024-04-01T22:16:17.679+0530] {processor.py:161} INFO - Started process (PID=47818) to work on /home/lucky/.local/lib/python3.10/site-packages/airflow/example_dags/example_branch_python_dop_operator_3.py
[2024-04-01T22:16:17.681+0530] {processor.py:830} INFO - Processing file /home/lucky/.local/lib/python3.10/site-packages/airflow/example_dags/example_branch_python_dop_operator_3.py for tasks to queue
[2024-04-01T22:16:17.682+0530] {logging_mixin.py:188} INFO - [2024-04-01T22:16:17.682+0530] {dagbag.py:538} INFO - Filling up the DagBag from /home/lucky/.local/lib/python3.10/site-packages/airflow/example_dags/example_branch_python_dop_operator_3.py
[2024-04-01T22:16:17.696+0530] {processor.py:840} INFO - DAG(s) 'example_branch_dop_operator_v3' retrieved from /home/lucky/.local/lib/python3.10/site-packages/airflow/example_dags/example_branch_python_dop_operator_3.py
[2024-04-01T22:16:17.716+0530] {logging_mixin.py:188} INFO - [2024-04-01T22:16:17.715+0530] {dag.py:3036} INFO - Sync 1 DAGs
[2024-04-01T22:16:17.750+0530] {logging_mixin.py:188} INFO - [2024-04-01T22:16:17.749+0530] {dag.py:3823} INFO - Setting next_dagrun for example_branch_dop_operator_v3 to 2024-04-01 16:45:00+00:00, run_after=2024-04-01 16:46:00+00:00
[2024-04-01T22:16:17.778+0530] {processor.py:183} INFO - Processing /home/lucky/.local/lib/python3.10/site-packages/airflow/example_dags/example_branch_python_dop_operator_3.py took 0.103 seconds
[2024-04-01T22:17:10.756+0530] {processor.py:161} INFO - Started process (PID=48418) to work on /home/lucky/.local/lib/python3.10/site-packages/airflow/example_dags/example_branch_python_dop_operator_3.py
[2024-04-01T22:17:10.759+0530] {processor.py:830} INFO - Processing file /home/lucky/.local/lib/python3.10/site-packages/airflow/example_dags/example_branch_python_dop_operator_3.py for tasks to queue
[2024-04-01T22:17:10.761+0530] {logging_mixin.py:188} INFO - [2024-04-01T22:17:10.760+0530] {dagbag.py:538} INFO - Filling up the DagBag from /home/lucky/.local/lib/python3.10/site-packages/airflow/example_dags/example_branch_python_dop_operator_3.py
[2024-04-01T22:17:10.782+0530] {processor.py:840} INFO - DAG(s) 'example_branch_dop_operator_v3' retrieved from /home/lucky/.local/lib/python3.10/site-packages/airflow/example_dags/example_branch_python_dop_operator_3.py
[2024-04-01T22:17:10.835+0530] {logging_mixin.py:188} INFO - [2024-04-01T22:17:10.834+0530] {dag.py:3036} INFO - Sync 1 DAGs
[2024-04-01T22:17:10.894+0530] {logging_mixin.py:188} INFO - [2024-04-01T22:17:10.893+0530] {dag.py:3823} INFO - Setting next_dagrun for example_branch_dop_operator_v3 to 2024-04-01 16:46:00+00:00, run_after=2024-04-01 16:47:00+00:00
[2024-04-01T22:17:10.952+0530] {processor.py:183} INFO - Processing /home/lucky/.local/lib/python3.10/site-packages/airflow/example_dags/example_branch_python_dop_operator_3.py took 0.200 seconds
[2024-04-01T22:18:04.591+0530] {processor.py:161} INFO - Started process (PID=49390) to work on /home/lucky/.local/lib/python3.10/site-packages/airflow/example_dags/example_branch_python_dop_operator_3.py
[2024-04-01T22:18:04.593+0530] {processor.py:830} INFO - Processing file /home/lucky/.local/lib/python3.10/site-packages/airflow/example_dags/example_branch_python_dop_operator_3.py for tasks to queue
[2024-04-01T22:18:04.594+0530] {logging_mixin.py:188} INFO - [2024-04-01T22:18:04.593+0530] {dagbag.py:538} INFO - Filling up the DagBag from /home/lucky/.local/lib/python3.10/site-packages/airflow/example_dags/example_branch_python_dop_operator_3.py
[2024-04-01T22:18:04.604+0530] {processor.py:840} INFO - DAG(s) 'example_branch_dop_operator_v3' retrieved from /home/lucky/.local/lib/python3.10/site-packages/airflow/example_dags/example_branch_python_dop_operator_3.py
[2024-04-01T22:18:04.623+0530] {logging_mixin.py:188} INFO - [2024-04-01T22:18:04.622+0530] {dag.py:3036} INFO - Sync 1 DAGs
[2024-04-01T22:18:04.650+0530] {logging_mixin.py:188} INFO - [2024-04-01T22:18:04.650+0530] {dag.py:3823} INFO - Setting next_dagrun for example_branch_dop_operator_v3 to 2024-04-01 16:47:00+00:00, run_after=2024-04-01 16:48:00+00:00
[2024-04-01T22:18:04.677+0530] {processor.py:183} INFO - Processing /home/lucky/.local/lib/python3.10/site-packages/airflow/example_dags/example_branch_python_dop_operator_3.py took 0.089 seconds
[2024-04-01T22:18:57.512+0530] {processor.py:161} INFO - Started process (PID=50040) to work on /home/lucky/.local/lib/python3.10/site-packages/airflow/example_dags/example_branch_python_dop_operator_3.py
[2024-04-01T22:18:57.513+0530] {processor.py:830} INFO - Processing file /home/lucky/.local/lib/python3.10/site-packages/airflow/example_dags/example_branch_python_dop_operator_3.py for tasks to queue
[2024-04-01T22:18:57.514+0530] {logging_mixin.py:188} INFO - [2024-04-01T22:18:57.514+0530] {dagbag.py:538} INFO - Filling up the DagBag from /home/lucky/.local/lib/python3.10/site-packages/airflow/example_dags/example_branch_python_dop_operator_3.py
[2024-04-01T22:18:57.522+0530] {processor.py:840} INFO - DAG(s) 'example_branch_dop_operator_v3' retrieved from /home/lucky/.local/lib/python3.10/site-packages/airflow/example_dags/example_branch_python_dop_operator_3.py
[2024-04-01T22:18:57.537+0530] {logging_mixin.py:188} INFO - [2024-04-01T22:18:57.537+0530] {dag.py:3036} INFO - Sync 1 DAGs
[2024-04-01T22:18:57.561+0530] {logging_mixin.py:188} INFO - [2024-04-01T22:18:57.561+0530] {dag.py:3823} INFO - Setting next_dagrun for example_branch_dop_operator_v3 to 2024-04-01 16:47:00+00:00, run_after=2024-04-01 16:48:00+00:00
[2024-04-01T22:18:57.586+0530] {processor.py:183} INFO - Processing /home/lucky/.local/lib/python3.10/site-packages/airflow/example_dags/example_branch_python_dop_operator_3.py took 0.077 seconds
[2024-04-01T22:25:27.340+0530] {processor.py:161} INFO - Started process (PID=56068) to work on /home/lucky/.local/lib/python3.10/site-packages/airflow/example_dags/example_branch_python_dop_operator_3.py
[2024-04-01T22:25:27.352+0530] {processor.py:830} INFO - Processing file /home/lucky/.local/lib/python3.10/site-packages/airflow/example_dags/example_branch_python_dop_operator_3.py for tasks to queue
[2024-04-01T22:25:27.353+0530] {logging_mixin.py:188} INFO - [2024-04-01T22:25:27.353+0530] {dagbag.py:538} INFO - Filling up the DagBag from /home/lucky/.local/lib/python3.10/site-packages/airflow/example_dags/example_branch_python_dop_operator_3.py
[2024-04-01T22:25:27.363+0530] {processor.py:840} INFO - DAG(s) 'example_branch_dop_operator_v3' retrieved from /home/lucky/.local/lib/python3.10/site-packages/airflow/example_dags/example_branch_python_dop_operator_3.py
[2024-04-01T22:25:27.379+0530] {logging_mixin.py:188} INFO - [2024-04-01T22:25:27.379+0530] {dag.py:3036} INFO - Sync 1 DAGs
[2024-04-01T22:25:27.405+0530] {logging_mixin.py:188} INFO - [2024-04-01T22:25:27.405+0530] {dag.py:3823} INFO - Setting next_dagrun for example_branch_dop_operator_v3 to 2024-04-01 16:54:00+00:00, run_after=2024-04-01 16:55:00+00:00
[2024-04-01T22:25:27.434+0530] {processor.py:183} INFO - Processing /home/lucky/.local/lib/python3.10/site-packages/airflow/example_dags/example_branch_python_dop_operator_3.py took 0.097 seconds
[2024-04-01T22:27:33.629+0530] {processor.py:161} INFO - Started process (PID=57996) to work on /home/lucky/.local/lib/python3.10/site-packages/airflow/example_dags/example_branch_python_dop_operator_3.py
[2024-04-01T22:27:33.631+0530] {processor.py:830} INFO - Processing file /home/lucky/.local/lib/python3.10/site-packages/airflow/example_dags/example_branch_python_dop_operator_3.py for tasks to queue
[2024-04-01T22:27:33.632+0530] {logging_mixin.py:188} INFO - [2024-04-01T22:27:33.632+0530] {dagbag.py:538} INFO - Filling up the DagBag from /home/lucky/.local/lib/python3.10/site-packages/airflow/example_dags/example_branch_python_dop_operator_3.py
[2024-04-01T22:27:33.645+0530] {processor.py:840} INFO - DAG(s) 'example_branch_dop_operator_v3' retrieved from /home/lucky/.local/lib/python3.10/site-packages/airflow/example_dags/example_branch_python_dop_operator_3.py
[2024-04-01T22:27:33.666+0530] {logging_mixin.py:188} INFO - [2024-04-01T22:27:33.666+0530] {dag.py:3036} INFO - Sync 1 DAGs
[2024-04-01T22:27:33.726+0530] {logging_mixin.py:188} INFO - [2024-04-01T22:27:33.725+0530] {dag.py:3823} INFO - Setting next_dagrun for example_branch_dop_operator_v3 to 2024-04-01 16:56:00+00:00, run_after=2024-04-01 16:57:00+00:00
[2024-04-01T22:27:33.767+0530] {processor.py:183} INFO - Processing /home/lucky/.local/lib/python3.10/site-packages/airflow/example_dags/example_branch_python_dop_operator_3.py took 0.142 seconds
[2024-04-01T22:28:29.159+0530] {processor.py:161} INFO - Started process (PID=58889) to work on /home/lucky/.local/lib/python3.10/site-packages/airflow/example_dags/example_branch_python_dop_operator_3.py
[2024-04-01T22:28:29.161+0530] {processor.py:830} INFO - Processing file /home/lucky/.local/lib/python3.10/site-packages/airflow/example_dags/example_branch_python_dop_operator_3.py for tasks to queue
[2024-04-01T22:28:29.162+0530] {logging_mixin.py:188} INFO - [2024-04-01T22:28:29.161+0530] {dagbag.py:538} INFO - Filling up the DagBag from /home/lucky/.local/lib/python3.10/site-packages/airflow/example_dags/example_branch_python_dop_operator_3.py
[2024-04-01T22:28:29.170+0530] {processor.py:840} INFO - DAG(s) 'example_branch_dop_operator_v3' retrieved from /home/lucky/.local/lib/python3.10/site-packages/airflow/example_dags/example_branch_python_dop_operator_3.py
[2024-04-01T22:28:29.187+0530] {logging_mixin.py:188} INFO - [2024-04-01T22:28:29.187+0530] {dag.py:3036} INFO - Sync 1 DAGs
[2024-04-01T22:28:29.211+0530] {logging_mixin.py:188} INFO - [2024-04-01T22:28:29.211+0530] {dag.py:3823} INFO - Setting next_dagrun for example_branch_dop_operator_v3 to 2024-04-01 16:57:00+00:00, run_after=2024-04-01 16:58:00+00:00
[2024-04-01T22:28:29.235+0530] {processor.py:183} INFO - Processing /home/lucky/.local/lib/python3.10/site-packages/airflow/example_dags/example_branch_python_dop_operator_3.py took 0.079 seconds
[2024-04-01T22:29:25.580+0530] {processor.py:161} INFO - Started process (PID=59982) to work on /home/lucky/.local/lib/python3.10/site-packages/airflow/example_dags/example_branch_python_dop_operator_3.py
[2024-04-01T22:29:25.582+0530] {processor.py:830} INFO - Processing file /home/lucky/.local/lib/python3.10/site-packages/airflow/example_dags/example_branch_python_dop_operator_3.py for tasks to queue
[2024-04-01T22:29:25.584+0530] {logging_mixin.py:188} INFO - [2024-04-01T22:29:25.583+0530] {dagbag.py:538} INFO - Filling up the DagBag from /home/lucky/.local/lib/python3.10/site-packages/airflow/example_dags/example_branch_python_dop_operator_3.py
[2024-04-01T22:29:25.610+0530] {processor.py:840} INFO - DAG(s) 'example_branch_dop_operator_v3' retrieved from /home/lucky/.local/lib/python3.10/site-packages/airflow/example_dags/example_branch_python_dop_operator_3.py
[2024-04-01T22:29:25.653+0530] {logging_mixin.py:188} INFO - [2024-04-01T22:29:25.653+0530] {dag.py:3036} INFO - Sync 1 DAGs
[2024-04-01T22:29:25.702+0530] {logging_mixin.py:188} INFO - [2024-04-01T22:29:25.702+0530] {dag.py:3823} INFO - Setting next_dagrun for example_branch_dop_operator_v3 to 2024-04-01 16:58:00+00:00, run_after=2024-04-01 16:59:00+00:00
[2024-04-01T22:29:25.737+0530] {processor.py:183} INFO - Processing /home/lucky/.local/lib/python3.10/site-packages/airflow/example_dags/example_branch_python_dop_operator_3.py took 0.161 seconds
[2024-04-01T22:30:19.033+0530] {processor.py:161} INFO - Started process (PID=60672) to work on /home/lucky/.local/lib/python3.10/site-packages/airflow/example_dags/example_branch_python_dop_operator_3.py
[2024-04-01T22:30:19.035+0530] {processor.py:830} INFO - Processing file /home/lucky/.local/lib/python3.10/site-packages/airflow/example_dags/example_branch_python_dop_operator_3.py for tasks to queue
[2024-04-01T22:30:19.037+0530] {logging_mixin.py:188} INFO - [2024-04-01T22:30:19.036+0530] {dagbag.py:538} INFO - Filling up the DagBag from /home/lucky/.local/lib/python3.10/site-packages/airflow/example_dags/example_branch_python_dop_operator_3.py
[2024-04-01T22:30:19.048+0530] {processor.py:840} INFO - DAG(s) 'example_branch_dop_operator_v3' retrieved from /home/lucky/.local/lib/python3.10/site-packages/airflow/example_dags/example_branch_python_dop_operator_3.py
[2024-04-01T22:30:19.066+0530] {logging_mixin.py:188} INFO - [2024-04-01T22:30:19.066+0530] {dag.py:3036} INFO - Sync 1 DAGs
[2024-04-01T22:30:19.095+0530] {logging_mixin.py:188} INFO - [2024-04-01T22:30:19.095+0530] {dag.py:3823} INFO - Setting next_dagrun for example_branch_dop_operator_v3 to 2024-04-01 16:59:00+00:00, run_after=2024-04-01 17:00:00+00:00
[2024-04-01T22:30:19.124+0530] {processor.py:183} INFO - Processing /home/lucky/.local/lib/python3.10/site-packages/airflow/example_dags/example_branch_python_dop_operator_3.py took 0.094 seconds
[2024-04-01T22:31:06.125+0530] {processor.py:161} INFO - Started process (PID=61542) to work on /home/lucky/.local/lib/python3.10/site-packages/airflow/example_dags/example_branch_python_dop_operator_3.py
[2024-04-01T22:31:06.128+0530] {processor.py:830} INFO - Processing file /home/lucky/.local/lib/python3.10/site-packages/airflow/example_dags/example_branch_python_dop_operator_3.py for tasks to queue
[2024-04-01T22:31:06.130+0530] {logging_mixin.py:188} INFO - [2024-04-01T22:31:06.129+0530] {dagbag.py:538} INFO - Filling up the DagBag from /home/lucky/.local/lib/python3.10/site-packages/airflow/example_dags/example_branch_python_dop_operator_3.py
[2024-04-01T22:31:06.141+0530] {processor.py:840} INFO - DAG(s) 'example_branch_dop_operator_v3' retrieved from /home/lucky/.local/lib/python3.10/site-packages/airflow/example_dags/example_branch_python_dop_operator_3.py
[2024-04-01T22:31:06.160+0530] {logging_mixin.py:188} INFO - [2024-04-01T22:31:06.160+0530] {dag.py:3036} INFO - Sync 1 DAGs
[2024-04-01T22:31:06.188+0530] {logging_mixin.py:188} INFO - [2024-04-01T22:31:06.188+0530] {dag.py:3823} INFO - Setting next_dagrun for example_branch_dop_operator_v3 to 2024-04-01 17:00:00+00:00, run_after=2024-04-01 17:01:00+00:00
[2024-04-01T22:31:06.215+0530] {processor.py:183} INFO - Processing /home/lucky/.local/lib/python3.10/site-packages/airflow/example_dags/example_branch_python_dop_operator_3.py took 0.095 seconds
[2024-04-01T22:31:53.452+0530] {processor.py:161} INFO - Started process (PID=62194) to work on /home/lucky/.local/lib/python3.10/site-packages/airflow/example_dags/example_branch_python_dop_operator_3.py
[2024-04-01T22:31:53.465+0530] {processor.py:830} INFO - Processing file /home/lucky/.local/lib/python3.10/site-packages/airflow/example_dags/example_branch_python_dop_operator_3.py for tasks to queue
[2024-04-01T22:31:53.466+0530] {logging_mixin.py:188} INFO - [2024-04-01T22:31:53.466+0530] {dagbag.py:538} INFO - Filling up the DagBag from /home/lucky/.local/lib/python3.10/site-packages/airflow/example_dags/example_branch_python_dop_operator_3.py
[2024-04-01T22:31:53.475+0530] {processor.py:840} INFO - DAG(s) 'example_branch_dop_operator_v3' retrieved from /home/lucky/.local/lib/python3.10/site-packages/airflow/example_dags/example_branch_python_dop_operator_3.py
[2024-04-01T22:31:53.489+0530] {logging_mixin.py:188} INFO - [2024-04-01T22:31:53.489+0530] {dag.py:3036} INFO - Sync 1 DAGs
[2024-04-01T22:31:53.512+0530] {logging_mixin.py:188} INFO - [2024-04-01T22:31:53.512+0530] {dag.py:3823} INFO - Setting next_dagrun for example_branch_dop_operator_v3 to 2024-04-01 17:00:00+00:00, run_after=2024-04-01 17:01:00+00:00
[2024-04-01T22:31:53.533+0530] {processor.py:183} INFO - Processing /home/lucky/.local/lib/python3.10/site-packages/airflow/example_dags/example_branch_python_dop_operator_3.py took 0.084 seconds
[2024-04-01T23:06:34.625+0530] {processor.py:161} INFO - Started process (PID=6330) to work on /home/lucky/.local/lib/python3.10/site-packages/airflow/example_dags/example_branch_python_dop_operator_3.py
[2024-04-01T23:06:34.627+0530] {processor.py:830} INFO - Processing file /home/lucky/.local/lib/python3.10/site-packages/airflow/example_dags/example_branch_python_dop_operator_3.py for tasks to queue
[2024-04-01T23:06:34.628+0530] {logging_mixin.py:188} INFO - [2024-04-01T23:06:34.628+0530] {dagbag.py:538} INFO - Filling up the DagBag from /home/lucky/.local/lib/python3.10/site-packages/airflow/example_dags/example_branch_python_dop_operator_3.py
[2024-04-01T23:06:34.641+0530] {processor.py:840} INFO - DAG(s) 'example_branch_dop_operator_v3' retrieved from /home/lucky/.local/lib/python3.10/site-packages/airflow/example_dags/example_branch_python_dop_operator_3.py
[2024-04-01T23:06:34.662+0530] {logging_mixin.py:188} INFO - [2024-04-01T23:06:34.662+0530] {dag.py:3036} INFO - Sync 1 DAGs
[2024-04-01T23:06:34.707+0530] {logging_mixin.py:188} INFO - [2024-04-01T23:06:34.707+0530] {dag.py:3823} INFO - Setting next_dagrun for example_branch_dop_operator_v3 to 2024-04-01 17:35:00+00:00, run_after=2024-04-01 17:36:00+00:00
[2024-04-01T23:06:34.746+0530] {processor.py:183} INFO - Processing /home/lucky/.local/lib/python3.10/site-packages/airflow/example_dags/example_branch_python_dop_operator_3.py took 0.124 seconds
[2024-04-01T23:07:31.829+0530] {processor.py:161} INFO - Started process (PID=6979) to work on /home/lucky/.local/lib/python3.10/site-packages/airflow/example_dags/example_branch_python_dop_operator_3.py
[2024-04-01T23:07:31.830+0530] {processor.py:830} INFO - Processing file /home/lucky/.local/lib/python3.10/site-packages/airflow/example_dags/example_branch_python_dop_operator_3.py for tasks to queue
[2024-04-01T23:07:31.832+0530] {logging_mixin.py:188} INFO - [2024-04-01T23:07:31.831+0530] {dagbag.py:538} INFO - Filling up the DagBag from /home/lucky/.local/lib/python3.10/site-packages/airflow/example_dags/example_branch_python_dop_operator_3.py
[2024-04-01T23:07:31.845+0530] {processor.py:840} INFO - DAG(s) 'example_branch_dop_operator_v3' retrieved from /home/lucky/.local/lib/python3.10/site-packages/airflow/example_dags/example_branch_python_dop_operator_3.py
[2024-04-01T23:07:31.866+0530] {logging_mixin.py:188} INFO - [2024-04-01T23:07:31.866+0530] {dag.py:3036} INFO - Sync 1 DAGs
[2024-04-01T23:07:31.900+0530] {logging_mixin.py:188} INFO - [2024-04-01T23:07:31.900+0530] {dag.py:3823} INFO - Setting next_dagrun for example_branch_dop_operator_v3 to 2024-04-01 17:36:00+00:00, run_after=2024-04-01 17:37:00+00:00
[2024-04-01T23:07:31.934+0530] {processor.py:183} INFO - Processing /home/lucky/.local/lib/python3.10/site-packages/airflow/example_dags/example_branch_python_dop_operator_3.py took 0.108 seconds
[2024-04-01T23:11:32.289+0530] {processor.py:161} INFO - Started process (PID=10597) to work on /home/lucky/.local/lib/python3.10/site-packages/airflow/example_dags/example_branch_python_dop_operator_3.py
[2024-04-01T23:11:32.292+0530] {processor.py:830} INFO - Processing file /home/lucky/.local/lib/python3.10/site-packages/airflow/example_dags/example_branch_python_dop_operator_3.py for tasks to queue
[2024-04-01T23:11:32.295+0530] {logging_mixin.py:188} INFO - [2024-04-01T23:11:32.293+0530] {dagbag.py:538} INFO - Filling up the DagBag from /home/lucky/.local/lib/python3.10/site-packages/airflow/example_dags/example_branch_python_dop_operator_3.py
[2024-04-01T23:11:32.314+0530] {processor.py:840} INFO - DAG(s) 'example_branch_dop_operator_v3' retrieved from /home/lucky/.local/lib/python3.10/site-packages/airflow/example_dags/example_branch_python_dop_operator_3.py
[2024-04-01T23:11:32.346+0530] {logging_mixin.py:188} INFO - [2024-04-01T23:11:32.345+0530] {dag.py:3036} INFO - Sync 1 DAGs
[2024-04-01T23:11:32.416+0530] {logging_mixin.py:188} INFO - [2024-04-01T23:11:32.416+0530] {dag.py:3823} INFO - Setting next_dagrun for example_branch_dop_operator_v3 to 2024-04-01 17:40:00+00:00, run_after=2024-04-01 17:41:00+00:00
[2024-04-01T23:11:32.473+0530] {processor.py:183} INFO - Processing /home/lucky/.local/lib/python3.10/site-packages/airflow/example_dags/example_branch_python_dop_operator_3.py took 0.192 seconds
[2024-04-01T23:12:35.877+0530] {processor.py:161} INFO - Started process (PID=11356) to work on /home/lucky/.local/lib/python3.10/site-packages/airflow/example_dags/example_branch_python_dop_operator_3.py
[2024-04-01T23:12:35.879+0530] {processor.py:830} INFO - Processing file /home/lucky/.local/lib/python3.10/site-packages/airflow/example_dags/example_branch_python_dop_operator_3.py for tasks to queue
[2024-04-01T23:12:35.880+0530] {logging_mixin.py:188} INFO - [2024-04-01T23:12:35.879+0530] {dagbag.py:538} INFO - Filling up the DagBag from /home/lucky/.local/lib/python3.10/site-packages/airflow/example_dags/example_branch_python_dop_operator_3.py
[2024-04-01T23:12:35.894+0530] {processor.py:840} INFO - DAG(s) 'example_branch_dop_operator_v3' retrieved from /home/lucky/.local/lib/python3.10/site-packages/airflow/example_dags/example_branch_python_dop_operator_3.py
[2024-04-01T23:12:35.921+0530] {logging_mixin.py:188} INFO - [2024-04-01T23:12:35.920+0530] {dag.py:3036} INFO - Sync 1 DAGs
[2024-04-01T23:12:35.962+0530] {logging_mixin.py:188} INFO - [2024-04-01T23:12:35.962+0530] {dag.py:3823} INFO - Setting next_dagrun for example_branch_dop_operator_v3 to 2024-04-01 17:41:00+00:00, run_after=2024-04-01 17:42:00+00:00
[2024-04-01T23:12:35.995+0530] {processor.py:183} INFO - Processing /home/lucky/.local/lib/python3.10/site-packages/airflow/example_dags/example_branch_python_dop_operator_3.py took 0.124 seconds
[2024-04-01T23:13:35.965+0530] {processor.py:161} INFO - Started process (PID=12370) to work on /home/lucky/.local/lib/python3.10/site-packages/airflow/example_dags/example_branch_python_dop_operator_3.py
[2024-04-01T23:13:35.967+0530] {processor.py:830} INFO - Processing file /home/lucky/.local/lib/python3.10/site-packages/airflow/example_dags/example_branch_python_dop_operator_3.py for tasks to queue
[2024-04-01T23:13:35.969+0530] {logging_mixin.py:188} INFO - [2024-04-01T23:13:35.968+0530] {dagbag.py:538} INFO - Filling up the DagBag from /home/lucky/.local/lib/python3.10/site-packages/airflow/example_dags/example_branch_python_dop_operator_3.py
[2024-04-01T23:13:35.989+0530] {processor.py:840} INFO - DAG(s) 'example_branch_dop_operator_v3' retrieved from /home/lucky/.local/lib/python3.10/site-packages/airflow/example_dags/example_branch_python_dop_operator_3.py
[2024-04-01T23:13:36.019+0530] {logging_mixin.py:188} INFO - [2024-04-01T23:13:36.019+0530] {dag.py:3036} INFO - Sync 1 DAGs
[2024-04-01T23:13:36.064+0530] {logging_mixin.py:188} INFO - [2024-04-01T23:13:36.063+0530] {dag.py:3823} INFO - Setting next_dagrun for example_branch_dop_operator_v3 to 2024-04-01 17:42:00+00:00, run_after=2024-04-01 17:43:00+00:00
[2024-04-01T23:13:36.104+0530] {processor.py:183} INFO - Processing /home/lucky/.local/lib/python3.10/site-packages/airflow/example_dags/example_branch_python_dop_operator_3.py took 0.144 seconds
[2024-04-01T23:14:34.182+0530] {processor.py:161} INFO - Started process (PID=13351) to work on /home/lucky/.local/lib/python3.10/site-packages/airflow/example_dags/example_branch_python_dop_operator_3.py
[2024-04-01T23:14:34.184+0530] {processor.py:830} INFO - Processing file /home/lucky/.local/lib/python3.10/site-packages/airflow/example_dags/example_branch_python_dop_operator_3.py for tasks to queue
[2024-04-01T23:14:34.185+0530] {logging_mixin.py:188} INFO - [2024-04-01T23:14:34.185+0530] {dagbag.py:538} INFO - Filling up the DagBag from /home/lucky/.local/lib/python3.10/site-packages/airflow/example_dags/example_branch_python_dop_operator_3.py
[2024-04-01T23:14:34.197+0530] {processor.py:840} INFO - DAG(s) 'example_branch_dop_operator_v3' retrieved from /home/lucky/.local/lib/python3.10/site-packages/airflow/example_dags/example_branch_python_dop_operator_3.py
[2024-04-01T23:14:34.216+0530] {logging_mixin.py:188} INFO - [2024-04-01T23:14:34.215+0530] {dag.py:3036} INFO - Sync 1 DAGs
[2024-04-01T23:14:34.247+0530] {logging_mixin.py:188} INFO - [2024-04-01T23:14:34.247+0530] {dag.py:3823} INFO - Setting next_dagrun for example_branch_dop_operator_v3 to 2024-04-01 17:43:00+00:00, run_after=2024-04-01 17:44:00+00:00
[2024-04-01T23:14:34.278+0530] {processor.py:183} INFO - Processing /home/lucky/.local/lib/python3.10/site-packages/airflow/example_dags/example_branch_python_dop_operator_3.py took 0.100 seconds
[2024-04-01T23:15:28.381+0530] {processor.py:161} INFO - Started process (PID=13964) to work on /home/lucky/.local/lib/python3.10/site-packages/airflow/example_dags/example_branch_python_dop_operator_3.py
[2024-04-01T23:15:28.383+0530] {processor.py:830} INFO - Processing file /home/lucky/.local/lib/python3.10/site-packages/airflow/example_dags/example_branch_python_dop_operator_3.py for tasks to queue
[2024-04-01T23:15:28.385+0530] {logging_mixin.py:188} INFO - [2024-04-01T23:15:28.384+0530] {dagbag.py:538} INFO - Filling up the DagBag from /home/lucky/.local/lib/python3.10/site-packages/airflow/example_dags/example_branch_python_dop_operator_3.py
[2024-04-01T23:15:28.401+0530] {processor.py:840} INFO - DAG(s) 'example_branch_dop_operator_v3' retrieved from /home/lucky/.local/lib/python3.10/site-packages/airflow/example_dags/example_branch_python_dop_operator_3.py
[2024-04-01T23:15:28.421+0530] {logging_mixin.py:188} INFO - [2024-04-01T23:15:28.420+0530] {dag.py:3036} INFO - Sync 1 DAGs
[2024-04-01T23:15:28.448+0530] {logging_mixin.py:188} INFO - [2024-04-01T23:15:28.448+0530] {dag.py:3823} INFO - Setting next_dagrun for example_branch_dop_operator_v3 to 2024-04-01 17:44:00+00:00, run_after=2024-04-01 17:45:00+00:00
[2024-04-01T23:15:28.477+0530] {processor.py:183} INFO - Processing /home/lucky/.local/lib/python3.10/site-packages/airflow/example_dags/example_branch_python_dop_operator_3.py took 0.101 seconds
[2024-04-01T23:16:19.674+0530] {processor.py:161} INFO - Started process (PID=14881) to work on /home/lucky/.local/lib/python3.10/site-packages/airflow/example_dags/example_branch_python_dop_operator_3.py
[2024-04-01T23:16:19.677+0530] {processor.py:830} INFO - Processing file /home/lucky/.local/lib/python3.10/site-packages/airflow/example_dags/example_branch_python_dop_operator_3.py for tasks to queue
[2024-04-01T23:16:19.678+0530] {logging_mixin.py:188} INFO - [2024-04-01T23:16:19.678+0530] {dagbag.py:538} INFO - Filling up the DagBag from /home/lucky/.local/lib/python3.10/site-packages/airflow/example_dags/example_branch_python_dop_operator_3.py
[2024-04-01T23:16:19.688+0530] {processor.py:840} INFO - DAG(s) 'example_branch_dop_operator_v3' retrieved from /home/lucky/.local/lib/python3.10/site-packages/airflow/example_dags/example_branch_python_dop_operator_3.py
[2024-04-01T23:16:19.706+0530] {logging_mixin.py:188} INFO - [2024-04-01T23:16:19.706+0530] {dag.py:3036} INFO - Sync 1 DAGs
[2024-04-01T23:16:19.738+0530] {logging_mixin.py:188} INFO - [2024-04-01T23:16:19.738+0530] {dag.py:3823} INFO - Setting next_dagrun for example_branch_dop_operator_v3 to 2024-04-01 17:45:00+00:00, run_after=2024-04-01 17:46:00+00:00
[2024-04-01T23:16:19.765+0530] {processor.py:183} INFO - Processing /home/lucky/.local/lib/python3.10/site-packages/airflow/example_dags/example_branch_python_dop_operator_3.py took 0.094 seconds
