[2024-04-01T21:42:39.938+0530] {processor.py:161} INFO - Started process (PID=18154) to work on /home/lucky/.local/lib/python3.10/site-packages/airflow/example_dags/example_dynamic_task_mapping.py
[2024-04-01T21:42:39.940+0530] {processor.py:830} INFO - Processing file /home/lucky/.local/lib/python3.10/site-packages/airflow/example_dags/example_dynamic_task_mapping.py for tasks to queue
[2024-04-01T21:42:39.942+0530] {logging_mixin.py:188} INFO - [2024-04-01T21:42:39.941+0530] {dagbag.py:538} INFO - Filling up the DagBag from /home/lucky/.local/lib/python3.10/site-packages/airflow/example_dags/example_dynamic_task_mapping.py
[2024-04-01T21:42:39.988+0530] {processor.py:840} INFO - DAG(s) 'example_dynamic_task_mapping' retrieved from /home/lucky/.local/lib/python3.10/site-packages/airflow/example_dags/example_dynamic_task_mapping.py
[2024-04-01T21:42:40.442+0530] {logging_mixin.py:188} INFO - [2024-04-01T21:42:40.441+0530] {dag.py:3036} INFO - Sync 1 DAGs
[2024-04-01T21:42:40.533+0530] {logging_mixin.py:188} INFO - [2024-04-01T21:42:40.532+0530] {dag.py:3823} INFO - Setting next_dagrun for example_dynamic_task_mapping to 2022-03-04 00:00:00+00:00, run_after=2022-03-05 00:00:00+00:00
[2024-04-01T21:42:40.609+0530] {processor.py:183} INFO - Processing /home/lucky/.local/lib/python3.10/site-packages/airflow/example_dags/example_dynamic_task_mapping.py took 0.686 seconds
[2024-04-01T21:44:03.385+0530] {processor.py:161} INFO - Started process (PID=19448) to work on /home/lucky/.local/lib/python3.10/site-packages/airflow/example_dags/example_dynamic_task_mapping.py
[2024-04-01T21:44:03.388+0530] {processor.py:830} INFO - Processing file /home/lucky/.local/lib/python3.10/site-packages/airflow/example_dags/example_dynamic_task_mapping.py for tasks to queue
[2024-04-01T21:44:03.390+0530] {logging_mixin.py:188} INFO - [2024-04-01T21:44:03.389+0530] {dagbag.py:538} INFO - Filling up the DagBag from /home/lucky/.local/lib/python3.10/site-packages/airflow/example_dags/example_dynamic_task_mapping.py
[2024-04-01T21:44:03.403+0530] {processor.py:840} INFO - DAG(s) 'example_dynamic_task_mapping' retrieved from /home/lucky/.local/lib/python3.10/site-packages/airflow/example_dags/example_dynamic_task_mapping.py
[2024-04-01T21:44:03.434+0530] {logging_mixin.py:188} INFO - [2024-04-01T21:44:03.433+0530] {dag.py:3036} INFO - Sync 1 DAGs
[2024-04-01T21:44:03.513+0530] {logging_mixin.py:188} INFO - [2024-04-01T21:44:03.512+0530] {dag.py:3823} INFO - Setting next_dagrun for example_dynamic_task_mapping to 2022-03-04 00:00:00+00:00, run_after=2022-03-05 00:00:00+00:00
[2024-04-01T21:44:03.581+0530] {processor.py:183} INFO - Processing /home/lucky/.local/lib/python3.10/site-packages/airflow/example_dags/example_dynamic_task_mapping.py took 0.207 seconds
[2024-04-01T21:45:08.844+0530] {processor.py:161} INFO - Started process (PID=20276) to work on /home/lucky/.local/lib/python3.10/site-packages/airflow/example_dags/example_dynamic_task_mapping.py
[2024-04-01T21:45:08.846+0530] {processor.py:830} INFO - Processing file /home/lucky/.local/lib/python3.10/site-packages/airflow/example_dags/example_dynamic_task_mapping.py for tasks to queue
[2024-04-01T21:45:08.849+0530] {logging_mixin.py:188} INFO - [2024-04-01T21:45:08.848+0530] {dagbag.py:538} INFO - Filling up the DagBag from /home/lucky/.local/lib/python3.10/site-packages/airflow/example_dags/example_dynamic_task_mapping.py
[2024-04-01T21:45:08.865+0530] {processor.py:840} INFO - DAG(s) 'example_dynamic_task_mapping' retrieved from /home/lucky/.local/lib/python3.10/site-packages/airflow/example_dags/example_dynamic_task_mapping.py
[2024-04-01T21:45:08.908+0530] {logging_mixin.py:188} INFO - [2024-04-01T21:45:08.908+0530] {dag.py:3036} INFO - Sync 1 DAGs
[2024-04-01T21:45:08.953+0530] {logging_mixin.py:188} INFO - [2024-04-01T21:45:08.952+0530] {dag.py:3823} INFO - Setting next_dagrun for example_dynamic_task_mapping to 2022-03-04 00:00:00+00:00, run_after=2022-03-05 00:00:00+00:00
[2024-04-01T21:45:08.988+0530] {processor.py:183} INFO - Processing /home/lucky/.local/lib/python3.10/site-packages/airflow/example_dags/example_dynamic_task_mapping.py took 0.158 seconds
[2024-04-01T22:00:02.136+0530] {processor.py:161} INFO - Started process (PID=33289) to work on /home/lucky/.local/lib/python3.10/site-packages/airflow/example_dags/example_dynamic_task_mapping.py
[2024-04-01T22:00:02.138+0530] {processor.py:830} INFO - Processing file /home/lucky/.local/lib/python3.10/site-packages/airflow/example_dags/example_dynamic_task_mapping.py for tasks to queue
[2024-04-01T22:00:02.140+0530] {logging_mixin.py:188} INFO - [2024-04-01T22:00:02.139+0530] {dagbag.py:538} INFO - Filling up the DagBag from /home/lucky/.local/lib/python3.10/site-packages/airflow/example_dags/example_dynamic_task_mapping.py
[2024-04-01T22:00:02.152+0530] {processor.py:840} INFO - DAG(s) 'example_dynamic_task_mapping' retrieved from /home/lucky/.local/lib/python3.10/site-packages/airflow/example_dags/example_dynamic_task_mapping.py
[2024-04-01T22:00:02.174+0530] {logging_mixin.py:188} INFO - [2024-04-01T22:00:02.174+0530] {dag.py:3036} INFO - Sync 1 DAGs
[2024-04-01T22:00:02.201+0530] {logging_mixin.py:188} INFO - [2024-04-01T22:00:02.201+0530] {dag.py:3823} INFO - Setting next_dagrun for example_dynamic_task_mapping to 2022-03-04 00:00:00+00:00, run_after=2022-03-05 00:00:00+00:00
[2024-04-01T22:00:02.238+0530] {processor.py:183} INFO - Processing /home/lucky/.local/lib/python3.10/site-packages/airflow/example_dags/example_dynamic_task_mapping.py took 0.106 seconds
[2024-04-01T22:01:02.759+0530] {processor.py:161} INFO - Started process (PID=34313) to work on /home/lucky/.local/lib/python3.10/site-packages/airflow/example_dags/example_dynamic_task_mapping.py
[2024-04-01T22:01:02.760+0530] {processor.py:830} INFO - Processing file /home/lucky/.local/lib/python3.10/site-packages/airflow/example_dags/example_dynamic_task_mapping.py for tasks to queue
[2024-04-01T22:01:02.762+0530] {logging_mixin.py:188} INFO - [2024-04-01T22:01:02.761+0530] {dagbag.py:538} INFO - Filling up the DagBag from /home/lucky/.local/lib/python3.10/site-packages/airflow/example_dags/example_dynamic_task_mapping.py
[2024-04-01T22:01:02.768+0530] {processor.py:840} INFO - DAG(s) 'example_dynamic_task_mapping' retrieved from /home/lucky/.local/lib/python3.10/site-packages/airflow/example_dags/example_dynamic_task_mapping.py
[2024-04-01T22:01:02.781+0530] {logging_mixin.py:188} INFO - [2024-04-01T22:01:02.781+0530] {dag.py:3036} INFO - Sync 1 DAGs
[2024-04-01T22:01:02.804+0530] {logging_mixin.py:188} INFO - [2024-04-01T22:01:02.804+0530] {dag.py:3823} INFO - Setting next_dagrun for example_dynamic_task_mapping to 2022-03-04 00:00:00+00:00, run_after=2022-03-05 00:00:00+00:00
[2024-04-01T22:01:02.826+0530] {processor.py:183} INFO - Processing /home/lucky/.local/lib/python3.10/site-packages/airflow/example_dags/example_dynamic_task_mapping.py took 0.070 seconds
[2024-04-01T22:02:32.393+0530] {processor.py:161} INFO - Started process (PID=35710) to work on /home/lucky/.local/lib/python3.10/site-packages/airflow/example_dags/example_dynamic_task_mapping.py
[2024-04-01T22:02:32.395+0530] {processor.py:830} INFO - Processing file /home/lucky/.local/lib/python3.10/site-packages/airflow/example_dags/example_dynamic_task_mapping.py for tasks to queue
[2024-04-01T22:02:32.400+0530] {logging_mixin.py:188} INFO - [2024-04-01T22:02:32.397+0530] {dagbag.py:538} INFO - Filling up the DagBag from /home/lucky/.local/lib/python3.10/site-packages/airflow/example_dags/example_dynamic_task_mapping.py
[2024-04-01T22:02:32.432+0530] {processor.py:840} INFO - DAG(s) 'example_dynamic_task_mapping' retrieved from /home/lucky/.local/lib/python3.10/site-packages/airflow/example_dags/example_dynamic_task_mapping.py
[2024-04-01T22:02:32.489+0530] {logging_mixin.py:188} INFO - [2024-04-01T22:02:32.488+0530] {dag.py:3036} INFO - Sync 1 DAGs
[2024-04-01T22:02:32.550+0530] {logging_mixin.py:188} INFO - [2024-04-01T22:02:32.549+0530] {dag.py:3823} INFO - Setting next_dagrun for example_dynamic_task_mapping to 2022-03-04 00:00:00+00:00, run_after=2022-03-05 00:00:00+00:00
[2024-04-01T22:02:32.607+0530] {processor.py:183} INFO - Processing /home/lucky/.local/lib/python3.10/site-packages/airflow/example_dags/example_dynamic_task_mapping.py took 0.220 seconds
[2024-04-01T22:03:36.211+0530] {processor.py:161} INFO - Started process (PID=36690) to work on /home/lucky/.local/lib/python3.10/site-packages/airflow/example_dags/example_dynamic_task_mapping.py
[2024-04-01T22:03:36.213+0530] {processor.py:830} INFO - Processing file /home/lucky/.local/lib/python3.10/site-packages/airflow/example_dags/example_dynamic_task_mapping.py for tasks to queue
[2024-04-01T22:03:36.216+0530] {logging_mixin.py:188} INFO - [2024-04-01T22:03:36.215+0530] {dagbag.py:538} INFO - Filling up the DagBag from /home/lucky/.local/lib/python3.10/site-packages/airflow/example_dags/example_dynamic_task_mapping.py
[2024-04-01T22:03:36.230+0530] {processor.py:840} INFO - DAG(s) 'example_dynamic_task_mapping' retrieved from /home/lucky/.local/lib/python3.10/site-packages/airflow/example_dags/example_dynamic_task_mapping.py
[2024-04-01T22:03:36.277+0530] {logging_mixin.py:188} INFO - [2024-04-01T22:03:36.276+0530] {dag.py:3036} INFO - Sync 1 DAGs
[2024-04-01T22:03:36.333+0530] {logging_mixin.py:188} INFO - [2024-04-01T22:03:36.333+0530] {dag.py:3823} INFO - Setting next_dagrun for example_dynamic_task_mapping to 2022-03-04 00:00:00+00:00, run_after=2022-03-05 00:00:00+00:00
[2024-04-01T22:03:36.376+0530] {processor.py:183} INFO - Processing /home/lucky/.local/lib/python3.10/site-packages/airflow/example_dags/example_dynamic_task_mapping.py took 0.171 seconds
[2024-04-01T22:04:49.019+0530] {processor.py:161} INFO - Started process (PID=37629) to work on /home/lucky/.local/lib/python3.10/site-packages/airflow/example_dags/example_dynamic_task_mapping.py
[2024-04-01T22:04:49.021+0530] {processor.py:830} INFO - Processing file /home/lucky/.local/lib/python3.10/site-packages/airflow/example_dags/example_dynamic_task_mapping.py for tasks to queue
[2024-04-01T22:04:49.022+0530] {logging_mixin.py:188} INFO - [2024-04-01T22:04:49.022+0530] {dagbag.py:538} INFO - Filling up the DagBag from /home/lucky/.local/lib/python3.10/site-packages/airflow/example_dags/example_dynamic_task_mapping.py
[2024-04-01T22:04:49.029+0530] {processor.py:840} INFO - DAG(s) 'example_dynamic_task_mapping' retrieved from /home/lucky/.local/lib/python3.10/site-packages/airflow/example_dags/example_dynamic_task_mapping.py
[2024-04-01T22:04:49.051+0530] {logging_mixin.py:188} INFO - [2024-04-01T22:04:49.051+0530] {dag.py:3036} INFO - Sync 1 DAGs
[2024-04-01T22:04:49.080+0530] {logging_mixin.py:188} INFO - [2024-04-01T22:04:49.080+0530] {dag.py:3823} INFO - Setting next_dagrun for example_dynamic_task_mapping to 2022-03-04 00:00:00+00:00, run_after=2022-03-05 00:00:00+00:00
[2024-04-01T22:04:49.103+0530] {processor.py:183} INFO - Processing /home/lucky/.local/lib/python3.10/site-packages/airflow/example_dags/example_dynamic_task_mapping.py took 0.087 seconds
[2024-04-01T22:05:56.657+0530] {processor.py:161} INFO - Started process (PID=38740) to work on /home/lucky/.local/lib/python3.10/site-packages/airflow/example_dags/example_dynamic_task_mapping.py
[2024-04-01T22:05:56.659+0530] {processor.py:830} INFO - Processing file /home/lucky/.local/lib/python3.10/site-packages/airflow/example_dags/example_dynamic_task_mapping.py for tasks to queue
[2024-04-01T22:05:56.661+0530] {logging_mixin.py:188} INFO - [2024-04-01T22:05:56.660+0530] {dagbag.py:538} INFO - Filling up the DagBag from /home/lucky/.local/lib/python3.10/site-packages/airflow/example_dags/example_dynamic_task_mapping.py
[2024-04-01T22:05:56.675+0530] {processor.py:840} INFO - DAG(s) 'example_dynamic_task_mapping' retrieved from /home/lucky/.local/lib/python3.10/site-packages/airflow/example_dags/example_dynamic_task_mapping.py
[2024-04-01T22:05:56.699+0530] {logging_mixin.py:188} INFO - [2024-04-01T22:05:56.699+0530] {dag.py:3036} INFO - Sync 1 DAGs
[2024-04-01T22:05:56.751+0530] {logging_mixin.py:188} INFO - [2024-04-01T22:05:56.750+0530] {dag.py:3823} INFO - Setting next_dagrun for example_dynamic_task_mapping to 2022-03-04 00:00:00+00:00, run_after=2022-03-05 00:00:00+00:00
[2024-04-01T22:05:56.831+0530] {processor.py:183} INFO - Processing /home/lucky/.local/lib/python3.10/site-packages/airflow/example_dags/example_dynamic_task_mapping.py took 0.187 seconds
[2024-04-01T22:07:13.100+0530] {processor.py:161} INFO - Started process (PID=39948) to work on /home/lucky/.local/lib/python3.10/site-packages/airflow/example_dags/example_dynamic_task_mapping.py
[2024-04-01T22:07:13.101+0530] {processor.py:830} INFO - Processing file /home/lucky/.local/lib/python3.10/site-packages/airflow/example_dags/example_dynamic_task_mapping.py for tasks to queue
[2024-04-01T22:07:13.103+0530] {logging_mixin.py:188} INFO - [2024-04-01T22:07:13.102+0530] {dagbag.py:538} INFO - Filling up the DagBag from /home/lucky/.local/lib/python3.10/site-packages/airflow/example_dags/example_dynamic_task_mapping.py
[2024-04-01T22:07:13.113+0530] {processor.py:840} INFO - DAG(s) 'example_dynamic_task_mapping' retrieved from /home/lucky/.local/lib/python3.10/site-packages/airflow/example_dags/example_dynamic_task_mapping.py
[2024-04-01T22:07:13.136+0530] {logging_mixin.py:188} INFO - [2024-04-01T22:07:13.135+0530] {dag.py:3036} INFO - Sync 1 DAGs
[2024-04-01T22:07:13.168+0530] {logging_mixin.py:188} INFO - [2024-04-01T22:07:13.167+0530] {dag.py:3823} INFO - Setting next_dagrun for example_dynamic_task_mapping to 2022-03-04 00:00:00+00:00, run_after=2022-03-05 00:00:00+00:00
[2024-04-01T22:07:13.196+0530] {processor.py:183} INFO - Processing /home/lucky/.local/lib/python3.10/site-packages/airflow/example_dags/example_dynamic_task_mapping.py took 0.100 seconds
[2024-04-01T22:08:40.942+0530] {processor.py:161} INFO - Started process (PID=40959) to work on /home/lucky/.local/lib/python3.10/site-packages/airflow/example_dags/example_dynamic_task_mapping.py
[2024-04-01T22:08:40.944+0530] {processor.py:830} INFO - Processing file /home/lucky/.local/lib/python3.10/site-packages/airflow/example_dags/example_dynamic_task_mapping.py for tasks to queue
[2024-04-01T22:08:40.955+0530] {logging_mixin.py:188} INFO - [2024-04-01T22:08:40.954+0530] {dagbag.py:538} INFO - Filling up the DagBag from /home/lucky/.local/lib/python3.10/site-packages/airflow/example_dags/example_dynamic_task_mapping.py
[2024-04-01T22:08:40.979+0530] {processor.py:840} INFO - DAG(s) 'example_dynamic_task_mapping' retrieved from /home/lucky/.local/lib/python3.10/site-packages/airflow/example_dags/example_dynamic_task_mapping.py
[2024-04-01T22:08:41.057+0530] {logging_mixin.py:188} INFO - [2024-04-01T22:08:41.056+0530] {dag.py:3036} INFO - Sync 1 DAGs
[2024-04-01T22:08:41.140+0530] {logging_mixin.py:188} INFO - [2024-04-01T22:08:41.139+0530] {dag.py:3823} INFO - Setting next_dagrun for example_dynamic_task_mapping to 2022-03-04 00:00:00+00:00, run_after=2022-03-05 00:00:00+00:00
[2024-04-01T22:08:41.199+0530] {processor.py:183} INFO - Processing /home/lucky/.local/lib/python3.10/site-packages/airflow/example_dags/example_dynamic_task_mapping.py took 0.261 seconds
[2024-04-01T22:10:12.204+0530] {processor.py:161} INFO - Started process (PID=42271) to work on /home/lucky/.local/lib/python3.10/site-packages/airflow/example_dags/example_dynamic_task_mapping.py
[2024-04-01T22:10:12.207+0530] {processor.py:830} INFO - Processing file /home/lucky/.local/lib/python3.10/site-packages/airflow/example_dags/example_dynamic_task_mapping.py for tasks to queue
[2024-04-01T22:10:12.215+0530] {logging_mixin.py:188} INFO - [2024-04-01T22:10:12.208+0530] {dagbag.py:538} INFO - Filling up the DagBag from /home/lucky/.local/lib/python3.10/site-packages/airflow/example_dags/example_dynamic_task_mapping.py
[2024-04-01T22:10:12.255+0530] {processor.py:840} INFO - DAG(s) 'example_dynamic_task_mapping' retrieved from /home/lucky/.local/lib/python3.10/site-packages/airflow/example_dags/example_dynamic_task_mapping.py
[2024-04-01T22:10:12.313+0530] {logging_mixin.py:188} INFO - [2024-04-01T22:10:12.312+0530] {dag.py:3036} INFO - Sync 1 DAGs
[2024-04-01T22:10:12.404+0530] {logging_mixin.py:188} INFO - [2024-04-01T22:10:12.404+0530] {dag.py:3823} INFO - Setting next_dagrun for example_dynamic_task_mapping to 2022-03-04 00:00:00+00:00, run_after=2022-03-05 00:00:00+00:00
[2024-04-01T22:10:12.584+0530] {processor.py:183} INFO - Processing /home/lucky/.local/lib/python3.10/site-packages/airflow/example_dags/example_dynamic_task_mapping.py took 0.386 seconds
[2024-04-01T22:11:32.483+0530] {processor.py:161} INFO - Started process (PID=43487) to work on /home/lucky/.local/lib/python3.10/site-packages/airflow/example_dags/example_dynamic_task_mapping.py
[2024-04-01T22:11:32.485+0530] {processor.py:830} INFO - Processing file /home/lucky/.local/lib/python3.10/site-packages/airflow/example_dags/example_dynamic_task_mapping.py for tasks to queue
[2024-04-01T22:11:32.487+0530] {logging_mixin.py:188} INFO - [2024-04-01T22:11:32.486+0530] {dagbag.py:538} INFO - Filling up the DagBag from /home/lucky/.local/lib/python3.10/site-packages/airflow/example_dags/example_dynamic_task_mapping.py
[2024-04-01T22:11:32.500+0530] {processor.py:840} INFO - DAG(s) 'example_dynamic_task_mapping' retrieved from /home/lucky/.local/lib/python3.10/site-packages/airflow/example_dags/example_dynamic_task_mapping.py
[2024-04-01T22:11:32.533+0530] {logging_mixin.py:188} INFO - [2024-04-01T22:11:32.533+0530] {dag.py:3036} INFO - Sync 1 DAGs
[2024-04-01T22:11:32.586+0530] {logging_mixin.py:188} INFO - [2024-04-01T22:11:32.585+0530] {dag.py:3823} INFO - Setting next_dagrun for example_dynamic_task_mapping to 2022-03-04 00:00:00+00:00, run_after=2022-03-05 00:00:00+00:00
[2024-04-01T22:11:32.635+0530] {processor.py:183} INFO - Processing /home/lucky/.local/lib/python3.10/site-packages/airflow/example_dags/example_dynamic_task_mapping.py took 0.158 seconds
[2024-04-01T22:12:49.325+0530] {processor.py:161} INFO - Started process (PID=44385) to work on /home/lucky/.local/lib/python3.10/site-packages/airflow/example_dags/example_dynamic_task_mapping.py
[2024-04-01T22:12:49.328+0530] {processor.py:830} INFO - Processing file /home/lucky/.local/lib/python3.10/site-packages/airflow/example_dags/example_dynamic_task_mapping.py for tasks to queue
[2024-04-01T22:12:49.330+0530] {logging_mixin.py:188} INFO - [2024-04-01T22:12:49.329+0530] {dagbag.py:538} INFO - Filling up the DagBag from /home/lucky/.local/lib/python3.10/site-packages/airflow/example_dags/example_dynamic_task_mapping.py
[2024-04-01T22:12:49.347+0530] {processor.py:840} INFO - DAG(s) 'example_dynamic_task_mapping' retrieved from /home/lucky/.local/lib/python3.10/site-packages/airflow/example_dags/example_dynamic_task_mapping.py
[2024-04-01T22:12:49.390+0530] {logging_mixin.py:188} INFO - [2024-04-01T22:12:49.390+0530] {dag.py:3036} INFO - Sync 1 DAGs
[2024-04-01T22:12:49.458+0530] {logging_mixin.py:188} INFO - [2024-04-01T22:12:49.457+0530] {dag.py:3823} INFO - Setting next_dagrun for example_dynamic_task_mapping to 2022-03-04 00:00:00+00:00, run_after=2022-03-05 00:00:00+00:00
[2024-04-01T22:12:49.537+0530] {processor.py:183} INFO - Processing /home/lucky/.local/lib/python3.10/site-packages/airflow/example_dags/example_dynamic_task_mapping.py took 0.218 seconds
[2024-04-01T22:14:05.696+0530] {processor.py:161} INFO - Started process (PID=45591) to work on /home/lucky/.local/lib/python3.10/site-packages/airflow/example_dags/example_dynamic_task_mapping.py
[2024-04-01T22:14:05.700+0530] {processor.py:830} INFO - Processing file /home/lucky/.local/lib/python3.10/site-packages/airflow/example_dags/example_dynamic_task_mapping.py for tasks to queue
[2024-04-01T22:14:05.703+0530] {logging_mixin.py:188} INFO - [2024-04-01T22:14:05.702+0530] {dagbag.py:538} INFO - Filling up the DagBag from /home/lucky/.local/lib/python3.10/site-packages/airflow/example_dags/example_dynamic_task_mapping.py
[2024-04-01T22:14:05.720+0530] {processor.py:840} INFO - DAG(s) 'example_dynamic_task_mapping' retrieved from /home/lucky/.local/lib/python3.10/site-packages/airflow/example_dags/example_dynamic_task_mapping.py
[2024-04-01T22:14:05.767+0530] {logging_mixin.py:188} INFO - [2024-04-01T22:14:05.767+0530] {dag.py:3036} INFO - Sync 1 DAGs
[2024-04-01T22:14:05.852+0530] {logging_mixin.py:188} INFO - [2024-04-01T22:14:05.852+0530] {dag.py:3823} INFO - Setting next_dagrun for example_dynamic_task_mapping to 2022-03-04 00:00:00+00:00, run_after=2022-03-05 00:00:00+00:00
[2024-04-01T22:14:05.912+0530] {processor.py:183} INFO - Processing /home/lucky/.local/lib/python3.10/site-packages/airflow/example_dags/example_dynamic_task_mapping.py took 0.222 seconds
[2024-04-01T22:15:06.660+0530] {processor.py:161} INFO - Started process (PID=46595) to work on /home/lucky/.local/lib/python3.10/site-packages/airflow/example_dags/example_dynamic_task_mapping.py
[2024-04-01T22:15:06.663+0530] {processor.py:830} INFO - Processing file /home/lucky/.local/lib/python3.10/site-packages/airflow/example_dags/example_dynamic_task_mapping.py for tasks to queue
[2024-04-01T22:15:06.665+0530] {logging_mixin.py:188} INFO - [2024-04-01T22:15:06.664+0530] {dagbag.py:538} INFO - Filling up the DagBag from /home/lucky/.local/lib/python3.10/site-packages/airflow/example_dags/example_dynamic_task_mapping.py
[2024-04-01T22:15:06.680+0530] {processor.py:840} INFO - DAG(s) 'example_dynamic_task_mapping' retrieved from /home/lucky/.local/lib/python3.10/site-packages/airflow/example_dags/example_dynamic_task_mapping.py
[2024-04-01T22:15:06.701+0530] {logging_mixin.py:188} INFO - [2024-04-01T22:15:06.701+0530] {dag.py:3036} INFO - Sync 1 DAGs
[2024-04-01T22:15:06.740+0530] {logging_mixin.py:188} INFO - [2024-04-01T22:15:06.739+0530] {dag.py:3823} INFO - Setting next_dagrun for example_dynamic_task_mapping to 2022-03-04 00:00:00+00:00, run_after=2022-03-05 00:00:00+00:00
[2024-04-01T22:15:06.774+0530] {processor.py:183} INFO - Processing /home/lucky/.local/lib/python3.10/site-packages/airflow/example_dags/example_dynamic_task_mapping.py took 0.119 seconds
[2024-04-01T22:16:25.351+0530] {processor.py:161} INFO - Started process (PID=47903) to work on /home/lucky/.local/lib/python3.10/site-packages/airflow/example_dags/example_dynamic_task_mapping.py
[2024-04-01T22:16:25.353+0530] {processor.py:830} INFO - Processing file /home/lucky/.local/lib/python3.10/site-packages/airflow/example_dags/example_dynamic_task_mapping.py for tasks to queue
[2024-04-01T22:16:25.354+0530] {logging_mixin.py:188} INFO - [2024-04-01T22:16:25.353+0530] {dagbag.py:538} INFO - Filling up the DagBag from /home/lucky/.local/lib/python3.10/site-packages/airflow/example_dags/example_dynamic_task_mapping.py
[2024-04-01T22:16:25.360+0530] {processor.py:840} INFO - DAG(s) 'example_dynamic_task_mapping' retrieved from /home/lucky/.local/lib/python3.10/site-packages/airflow/example_dags/example_dynamic_task_mapping.py
[2024-04-01T22:16:25.374+0530] {logging_mixin.py:188} INFO - [2024-04-01T22:16:25.373+0530] {dag.py:3036} INFO - Sync 1 DAGs
[2024-04-01T22:16:25.394+0530] {logging_mixin.py:188} INFO - [2024-04-01T22:16:25.393+0530] {dag.py:3823} INFO - Setting next_dagrun for example_dynamic_task_mapping to 2022-03-04 00:00:00+00:00, run_after=2022-03-05 00:00:00+00:00
[2024-04-01T22:16:25.419+0530] {processor.py:183} INFO - Processing /home/lucky/.local/lib/python3.10/site-packages/airflow/example_dags/example_dynamic_task_mapping.py took 0.071 seconds
[2024-04-01T22:17:45.963+0530] {processor.py:161} INFO - Started process (PID=49183) to work on /home/lucky/.local/lib/python3.10/site-packages/airflow/example_dags/example_dynamic_task_mapping.py
[2024-04-01T22:17:45.965+0530] {processor.py:830} INFO - Processing file /home/lucky/.local/lib/python3.10/site-packages/airflow/example_dags/example_dynamic_task_mapping.py for tasks to queue
[2024-04-01T22:17:45.967+0530] {logging_mixin.py:188} INFO - [2024-04-01T22:17:45.966+0530] {dagbag.py:538} INFO - Filling up the DagBag from /home/lucky/.local/lib/python3.10/site-packages/airflow/example_dags/example_dynamic_task_mapping.py
[2024-04-01T22:17:45.975+0530] {processor.py:840} INFO - DAG(s) 'example_dynamic_task_mapping' retrieved from /home/lucky/.local/lib/python3.10/site-packages/airflow/example_dags/example_dynamic_task_mapping.py
[2024-04-01T22:17:45.992+0530] {logging_mixin.py:188} INFO - [2024-04-01T22:17:45.992+0530] {dag.py:3036} INFO - Sync 1 DAGs
[2024-04-01T22:17:46.018+0530] {logging_mixin.py:188} INFO - [2024-04-01T22:17:46.018+0530] {dag.py:3823} INFO - Setting next_dagrun for example_dynamic_task_mapping to 2022-03-04 00:00:00+00:00, run_after=2022-03-05 00:00:00+00:00
[2024-04-01T22:17:46.045+0530] {processor.py:183} INFO - Processing /home/lucky/.local/lib/python3.10/site-packages/airflow/example_dags/example_dynamic_task_mapping.py took 0.086 seconds
[2024-04-01T22:19:04.469+0530] {processor.py:161} INFO - Started process (PID=50226) to work on /home/lucky/.local/lib/python3.10/site-packages/airflow/example_dags/example_dynamic_task_mapping.py
[2024-04-01T22:19:04.470+0530] {processor.py:830} INFO - Processing file /home/lucky/.local/lib/python3.10/site-packages/airflow/example_dags/example_dynamic_task_mapping.py for tasks to queue
[2024-04-01T22:19:04.471+0530] {logging_mixin.py:188} INFO - [2024-04-01T22:19:04.471+0530] {dagbag.py:538} INFO - Filling up the DagBag from /home/lucky/.local/lib/python3.10/site-packages/airflow/example_dags/example_dynamic_task_mapping.py
[2024-04-01T22:19:04.479+0530] {processor.py:840} INFO - DAG(s) 'example_dynamic_task_mapping' retrieved from /home/lucky/.local/lib/python3.10/site-packages/airflow/example_dags/example_dynamic_task_mapping.py
[2024-04-01T22:19:04.494+0530] {logging_mixin.py:188} INFO - [2024-04-01T22:19:04.493+0530] {dag.py:3036} INFO - Sync 1 DAGs
[2024-04-01T22:19:04.514+0530] {logging_mixin.py:188} INFO - [2024-04-01T22:19:04.513+0530] {dag.py:3823} INFO - Setting next_dagrun for example_dynamic_task_mapping to 2022-03-04 00:00:00+00:00, run_after=2022-03-05 00:00:00+00:00
[2024-04-01T22:19:04.537+0530] {processor.py:183} INFO - Processing /home/lucky/.local/lib/python3.10/site-packages/airflow/example_dags/example_dynamic_task_mapping.py took 0.071 seconds
[2024-04-01T22:25:41.788+0530] {processor.py:161} INFO - Started process (PID=56215) to work on /home/lucky/.local/lib/python3.10/site-packages/airflow/example_dags/example_dynamic_task_mapping.py
[2024-04-01T22:25:41.790+0530] {processor.py:830} INFO - Processing file /home/lucky/.local/lib/python3.10/site-packages/airflow/example_dags/example_dynamic_task_mapping.py for tasks to queue
[2024-04-01T22:25:41.793+0530] {logging_mixin.py:188} INFO - [2024-04-01T22:25:41.792+0530] {dagbag.py:538} INFO - Filling up the DagBag from /home/lucky/.local/lib/python3.10/site-packages/airflow/example_dags/example_dynamic_task_mapping.py
[2024-04-01T22:25:41.802+0530] {processor.py:840} INFO - DAG(s) 'example_dynamic_task_mapping' retrieved from /home/lucky/.local/lib/python3.10/site-packages/airflow/example_dags/example_dynamic_task_mapping.py
[2024-04-01T22:25:41.827+0530] {logging_mixin.py:188} INFO - [2024-04-01T22:25:41.827+0530] {dag.py:3036} INFO - Sync 1 DAGs
[2024-04-01T22:25:41.857+0530] {logging_mixin.py:188} INFO - [2024-04-01T22:25:41.857+0530] {dag.py:3823} INFO - Setting next_dagrun for example_dynamic_task_mapping to 2022-03-04 00:00:00+00:00, run_after=2022-03-05 00:00:00+00:00
[2024-04-01T22:25:41.882+0530] {processor.py:183} INFO - Processing /home/lucky/.local/lib/python3.10/site-packages/airflow/example_dags/example_dynamic_task_mapping.py took 0.098 seconds
[2024-04-01T22:27:48.207+0530] {processor.py:161} INFO - Started process (PID=58373) to work on /home/lucky/.local/lib/python3.10/site-packages/airflow/example_dags/example_dynamic_task_mapping.py
[2024-04-01T22:27:48.209+0530] {processor.py:830} INFO - Processing file /home/lucky/.local/lib/python3.10/site-packages/airflow/example_dags/example_dynamic_task_mapping.py for tasks to queue
[2024-04-01T22:27:48.210+0530] {logging_mixin.py:188} INFO - [2024-04-01T22:27:48.210+0530] {dagbag.py:538} INFO - Filling up the DagBag from /home/lucky/.local/lib/python3.10/site-packages/airflow/example_dags/example_dynamic_task_mapping.py
[2024-04-01T22:27:48.219+0530] {processor.py:840} INFO - DAG(s) 'example_dynamic_task_mapping' retrieved from /home/lucky/.local/lib/python3.10/site-packages/airflow/example_dags/example_dynamic_task_mapping.py
[2024-04-01T22:27:48.233+0530] {logging_mixin.py:188} INFO - [2024-04-01T22:27:48.233+0530] {dag.py:3036} INFO - Sync 1 DAGs
[2024-04-01T22:27:48.257+0530] {logging_mixin.py:188} INFO - [2024-04-01T22:27:48.256+0530] {dag.py:3823} INFO - Setting next_dagrun for example_dynamic_task_mapping to 2022-03-04 00:00:00+00:00, run_after=2022-03-05 00:00:00+00:00
[2024-04-01T22:27:48.284+0530] {processor.py:183} INFO - Processing /home/lucky/.local/lib/python3.10/site-packages/airflow/example_dags/example_dynamic_task_mapping.py took 0.081 seconds
[2024-04-01T22:29:06.519+0530] {processor.py:161} INFO - Started process (PID=59776) to work on /home/lucky/.local/lib/python3.10/site-packages/airflow/example_dags/example_dynamic_task_mapping.py
[2024-04-01T22:29:06.522+0530] {processor.py:830} INFO - Processing file /home/lucky/.local/lib/python3.10/site-packages/airflow/example_dags/example_dynamic_task_mapping.py for tasks to queue
[2024-04-01T22:29:06.523+0530] {logging_mixin.py:188} INFO - [2024-04-01T22:29:06.523+0530] {dagbag.py:538} INFO - Filling up the DagBag from /home/lucky/.local/lib/python3.10/site-packages/airflow/example_dags/example_dynamic_task_mapping.py
[2024-04-01T22:29:06.536+0530] {processor.py:840} INFO - DAG(s) 'example_dynamic_task_mapping' retrieved from /home/lucky/.local/lib/python3.10/site-packages/airflow/example_dags/example_dynamic_task_mapping.py
[2024-04-01T22:29:06.562+0530] {logging_mixin.py:188} INFO - [2024-04-01T22:29:06.561+0530] {dag.py:3036} INFO - Sync 1 DAGs
[2024-04-01T22:29:06.607+0530] {logging_mixin.py:188} INFO - [2024-04-01T22:29:06.606+0530] {dag.py:3823} INFO - Setting next_dagrun for example_dynamic_task_mapping to 2022-03-04 00:00:00+00:00, run_after=2022-03-05 00:00:00+00:00
[2024-04-01T22:29:06.654+0530] {processor.py:183} INFO - Processing /home/lucky/.local/lib/python3.10/site-packages/airflow/example_dags/example_dynamic_task_mapping.py took 0.139 seconds
[2024-04-01T22:30:02.494+0530] {processor.py:161} INFO - Started process (PID=60469) to work on /home/lucky/.local/lib/python3.10/site-packages/airflow/example_dags/example_dynamic_task_mapping.py
[2024-04-01T22:30:02.496+0530] {processor.py:830} INFO - Processing file /home/lucky/.local/lib/python3.10/site-packages/airflow/example_dags/example_dynamic_task_mapping.py for tasks to queue
[2024-04-01T22:30:02.497+0530] {logging_mixin.py:188} INFO - [2024-04-01T22:30:02.497+0530] {dagbag.py:538} INFO - Filling up the DagBag from /home/lucky/.local/lib/python3.10/site-packages/airflow/example_dags/example_dynamic_task_mapping.py
[2024-04-01T22:30:02.505+0530] {processor.py:840} INFO - DAG(s) 'example_dynamic_task_mapping' retrieved from /home/lucky/.local/lib/python3.10/site-packages/airflow/example_dags/example_dynamic_task_mapping.py
[2024-04-01T22:30:02.537+0530] {logging_mixin.py:188} INFO - [2024-04-01T22:30:02.536+0530] {dag.py:3036} INFO - Sync 1 DAGs
[2024-04-01T22:30:02.583+0530] {logging_mixin.py:188} INFO - [2024-04-01T22:30:02.583+0530] {dag.py:3823} INFO - Setting next_dagrun for example_dynamic_task_mapping to 2022-03-04 00:00:00+00:00, run_after=2022-03-05 00:00:00+00:00
[2024-04-01T22:30:02.621+0530] {processor.py:183} INFO - Processing /home/lucky/.local/lib/python3.10/site-packages/airflow/example_dags/example_dynamic_task_mapping.py took 0.131 seconds
[2024-04-01T22:31:13.068+0530] {processor.py:161} INFO - Started process (PID=61607) to work on /home/lucky/.local/lib/python3.10/site-packages/airflow/example_dags/example_dynamic_task_mapping.py
[2024-04-01T22:31:13.070+0530] {processor.py:830} INFO - Processing file /home/lucky/.local/lib/python3.10/site-packages/airflow/example_dags/example_dynamic_task_mapping.py for tasks to queue
[2024-04-01T22:31:13.072+0530] {logging_mixin.py:188} INFO - [2024-04-01T22:31:13.071+0530] {dagbag.py:538} INFO - Filling up the DagBag from /home/lucky/.local/lib/python3.10/site-packages/airflow/example_dags/example_dynamic_task_mapping.py
[2024-04-01T22:31:13.083+0530] {processor.py:840} INFO - DAG(s) 'example_dynamic_task_mapping' retrieved from /home/lucky/.local/lib/python3.10/site-packages/airflow/example_dags/example_dynamic_task_mapping.py
[2024-04-01T22:31:13.101+0530] {logging_mixin.py:188} INFO - [2024-04-01T22:31:13.100+0530] {dag.py:3036} INFO - Sync 1 DAGs
[2024-04-01T22:31:13.126+0530] {logging_mixin.py:188} INFO - [2024-04-01T22:31:13.125+0530] {dag.py:3823} INFO - Setting next_dagrun for example_dynamic_task_mapping to 2022-03-04 00:00:00+00:00, run_after=2022-03-05 00:00:00+00:00
[2024-04-01T22:31:13.152+0530] {processor.py:183} INFO - Processing /home/lucky/.local/lib/python3.10/site-packages/airflow/example_dags/example_dynamic_task_mapping.py took 0.087 seconds
[2024-04-01T22:32:31.227+0530] {processor.py:161} INFO - Started process (PID=62878) to work on /home/lucky/.local/lib/python3.10/site-packages/airflow/example_dags/example_dynamic_task_mapping.py
[2024-04-01T22:32:31.230+0530] {processor.py:830} INFO - Processing file /home/lucky/.local/lib/python3.10/site-packages/airflow/example_dags/example_dynamic_task_mapping.py for tasks to queue
[2024-04-01T22:32:31.231+0530] {logging_mixin.py:188} INFO - [2024-04-01T22:32:31.231+0530] {dagbag.py:538} INFO - Filling up the DagBag from /home/lucky/.local/lib/python3.10/site-packages/airflow/example_dags/example_dynamic_task_mapping.py
[2024-04-01T22:32:31.250+0530] {processor.py:840} INFO - DAG(s) 'example_dynamic_task_mapping' retrieved from /home/lucky/.local/lib/python3.10/site-packages/airflow/example_dags/example_dynamic_task_mapping.py
[2024-04-01T22:32:31.283+0530] {logging_mixin.py:188} INFO - [2024-04-01T22:32:31.282+0530] {dag.py:3036} INFO - Sync 1 DAGs
[2024-04-01T22:32:31.322+0530] {logging_mixin.py:188} INFO - [2024-04-01T22:32:31.322+0530] {dag.py:3823} INFO - Setting next_dagrun for example_dynamic_task_mapping to 2022-03-04 00:00:00+00:00, run_after=2022-03-05 00:00:00+00:00
[2024-04-01T22:32:31.357+0530] {processor.py:183} INFO - Processing /home/lucky/.local/lib/python3.10/site-packages/airflow/example_dags/example_dynamic_task_mapping.py took 0.141 seconds
[2024-04-01T23:06:50.085+0530] {processor.py:161} INFO - Started process (PID=6483) to work on /home/lucky/.local/lib/python3.10/site-packages/airflow/example_dags/example_dynamic_task_mapping.py
[2024-04-01T23:06:50.088+0530] {processor.py:830} INFO - Processing file /home/lucky/.local/lib/python3.10/site-packages/airflow/example_dags/example_dynamic_task_mapping.py for tasks to queue
[2024-04-01T23:06:50.089+0530] {logging_mixin.py:188} INFO - [2024-04-01T23:06:50.089+0530] {dagbag.py:538} INFO - Filling up the DagBag from /home/lucky/.local/lib/python3.10/site-packages/airflow/example_dags/example_dynamic_task_mapping.py
[2024-04-01T23:06:50.098+0530] {processor.py:840} INFO - DAG(s) 'example_dynamic_task_mapping' retrieved from /home/lucky/.local/lib/python3.10/site-packages/airflow/example_dags/example_dynamic_task_mapping.py
[2024-04-01T23:06:50.121+0530] {logging_mixin.py:188} INFO - [2024-04-01T23:06:50.120+0530] {dag.py:3036} INFO - Sync 1 DAGs
[2024-04-01T23:06:50.151+0530] {logging_mixin.py:188} INFO - [2024-04-01T23:06:50.151+0530] {dag.py:3823} INFO - Setting next_dagrun for example_dynamic_task_mapping to 2022-03-04 00:00:00+00:00, run_after=2022-03-05 00:00:00+00:00
[2024-04-01T23:06:50.180+0530] {processor.py:183} INFO - Processing /home/lucky/.local/lib/python3.10/site-packages/airflow/example_dags/example_dynamic_task_mapping.py took 0.097 seconds
[2024-04-01T23:11:47.310+0530] {processor.py:161} INFO - Started process (PID=10797) to work on /home/lucky/.local/lib/python3.10/site-packages/airflow/example_dags/example_dynamic_task_mapping.py
[2024-04-01T23:11:47.313+0530] {processor.py:830} INFO - Processing file /home/lucky/.local/lib/python3.10/site-packages/airflow/example_dags/example_dynamic_task_mapping.py for tasks to queue
[2024-04-01T23:11:47.318+0530] {logging_mixin.py:188} INFO - [2024-04-01T23:11:47.314+0530] {dagbag.py:538} INFO - Filling up the DagBag from /home/lucky/.local/lib/python3.10/site-packages/airflow/example_dags/example_dynamic_task_mapping.py
[2024-04-01T23:11:47.337+0530] {processor.py:840} INFO - DAG(s) 'example_dynamic_task_mapping' retrieved from /home/lucky/.local/lib/python3.10/site-packages/airflow/example_dags/example_dynamic_task_mapping.py
[2024-04-01T23:11:47.388+0530] {logging_mixin.py:188} INFO - [2024-04-01T23:11:47.387+0530] {dag.py:3036} INFO - Sync 1 DAGs
[2024-04-01T23:11:47.478+0530] {logging_mixin.py:188} INFO - [2024-04-01T23:11:47.477+0530] {dag.py:3823} INFO - Setting next_dagrun for example_dynamic_task_mapping to 2022-03-04 00:00:00+00:00, run_after=2022-03-05 00:00:00+00:00
[2024-04-01T23:11:47.556+0530] {processor.py:183} INFO - Processing /home/lucky/.local/lib/python3.10/site-packages/airflow/example_dags/example_dynamic_task_mapping.py took 0.251 seconds
[2024-04-01T23:12:53.662+0530] {processor.py:161} INFO - Started process (PID=11552) to work on /home/lucky/.local/lib/python3.10/site-packages/airflow/example_dags/example_dynamic_task_mapping.py
[2024-04-01T23:12:53.664+0530] {processor.py:830} INFO - Processing file /home/lucky/.local/lib/python3.10/site-packages/airflow/example_dags/example_dynamic_task_mapping.py for tasks to queue
[2024-04-01T23:12:53.666+0530] {logging_mixin.py:188} INFO - [2024-04-01T23:12:53.665+0530] {dagbag.py:538} INFO - Filling up the DagBag from /home/lucky/.local/lib/python3.10/site-packages/airflow/example_dags/example_dynamic_task_mapping.py
[2024-04-01T23:12:53.681+0530] {processor.py:840} INFO - DAG(s) 'example_dynamic_task_mapping' retrieved from /home/lucky/.local/lib/python3.10/site-packages/airflow/example_dags/example_dynamic_task_mapping.py
[2024-04-01T23:12:53.707+0530] {logging_mixin.py:188} INFO - [2024-04-01T23:12:53.706+0530] {dag.py:3036} INFO - Sync 1 DAGs
[2024-04-01T23:12:53.742+0530] {logging_mixin.py:188} INFO - [2024-04-01T23:12:53.742+0530] {dag.py:3823} INFO - Setting next_dagrun for example_dynamic_task_mapping to 2022-03-04 00:00:00+00:00, run_after=2022-03-05 00:00:00+00:00
[2024-04-01T23:12:53.782+0530] {processor.py:183} INFO - Processing /home/lucky/.local/lib/python3.10/site-packages/airflow/example_dags/example_dynamic_task_mapping.py took 0.126 seconds
[2024-04-01T23:13:52.221+0530] {processor.py:161} INFO - Started process (PID=12543) to work on /home/lucky/.local/lib/python3.10/site-packages/airflow/example_dags/example_dynamic_task_mapping.py
[2024-04-01T23:13:52.224+0530] {processor.py:830} INFO - Processing file /home/lucky/.local/lib/python3.10/site-packages/airflow/example_dags/example_dynamic_task_mapping.py for tasks to queue
[2024-04-01T23:13:52.227+0530] {logging_mixin.py:188} INFO - [2024-04-01T23:13:52.226+0530] {dagbag.py:538} INFO - Filling up the DagBag from /home/lucky/.local/lib/python3.10/site-packages/airflow/example_dags/example_dynamic_task_mapping.py
[2024-04-01T23:13:52.242+0530] {processor.py:840} INFO - DAG(s) 'example_dynamic_task_mapping' retrieved from /home/lucky/.local/lib/python3.10/site-packages/airflow/example_dags/example_dynamic_task_mapping.py
[2024-04-01T23:13:52.278+0530] {logging_mixin.py:188} INFO - [2024-04-01T23:13:52.277+0530] {dag.py:3036} INFO - Sync 1 DAGs
[2024-04-01T23:13:52.324+0530] {logging_mixin.py:188} INFO - [2024-04-01T23:13:52.323+0530] {dag.py:3823} INFO - Setting next_dagrun for example_dynamic_task_mapping to 2022-03-04 00:00:00+00:00, run_after=2022-03-05 00:00:00+00:00
[2024-04-01T23:13:52.376+0530] {processor.py:183} INFO - Processing /home/lucky/.local/lib/python3.10/site-packages/airflow/example_dags/example_dynamic_task_mapping.py took 0.161 seconds
[2024-04-01T23:14:48.302+0530] {processor.py:161} INFO - Started process (PID=13502) to work on /home/lucky/.local/lib/python3.10/site-packages/airflow/example_dags/example_dynamic_task_mapping.py
[2024-04-01T23:14:48.303+0530] {processor.py:830} INFO - Processing file /home/lucky/.local/lib/python3.10/site-packages/airflow/example_dags/example_dynamic_task_mapping.py for tasks to queue
[2024-04-01T23:14:48.304+0530] {logging_mixin.py:188} INFO - [2024-04-01T23:14:48.303+0530] {dagbag.py:538} INFO - Filling up the DagBag from /home/lucky/.local/lib/python3.10/site-packages/airflow/example_dags/example_dynamic_task_mapping.py
[2024-04-01T23:14:48.312+0530] {processor.py:840} INFO - DAG(s) 'example_dynamic_task_mapping' retrieved from /home/lucky/.local/lib/python3.10/site-packages/airflow/example_dags/example_dynamic_task_mapping.py
[2024-04-01T23:14:48.327+0530] {logging_mixin.py:188} INFO - [2024-04-01T23:14:48.327+0530] {dag.py:3036} INFO - Sync 1 DAGs
[2024-04-01T23:14:48.346+0530] {logging_mixin.py:188} INFO - [2024-04-01T23:14:48.346+0530] {dag.py:3823} INFO - Setting next_dagrun for example_dynamic_task_mapping to 2022-03-04 00:00:00+00:00, run_after=2022-03-05 00:00:00+00:00
[2024-04-01T23:14:48.371+0530] {processor.py:183} INFO - Processing /home/lucky/.local/lib/python3.10/site-packages/airflow/example_dags/example_dynamic_task_mapping.py took 0.073 seconds
[2024-04-01T23:16:05.462+0530] {processor.py:161} INFO - Started process (PID=14717) to work on /home/lucky/.local/lib/python3.10/site-packages/airflow/example_dags/example_dynamic_task_mapping.py
[2024-04-01T23:16:05.463+0530] {processor.py:830} INFO - Processing file /home/lucky/.local/lib/python3.10/site-packages/airflow/example_dags/example_dynamic_task_mapping.py for tasks to queue
[2024-04-01T23:16:05.464+0530] {logging_mixin.py:188} INFO - [2024-04-01T23:16:05.464+0530] {dagbag.py:538} INFO - Filling up the DagBag from /home/lucky/.local/lib/python3.10/site-packages/airflow/example_dags/example_dynamic_task_mapping.py
[2024-04-01T23:16:05.471+0530] {processor.py:840} INFO - DAG(s) 'example_dynamic_task_mapping' retrieved from /home/lucky/.local/lib/python3.10/site-packages/airflow/example_dags/example_dynamic_task_mapping.py
[2024-04-01T23:16:05.485+0530] {logging_mixin.py:188} INFO - [2024-04-01T23:16:05.485+0530] {dag.py:3036} INFO - Sync 1 DAGs
[2024-04-01T23:16:05.507+0530] {logging_mixin.py:188} INFO - [2024-04-01T23:16:05.507+0530] {dag.py:3823} INFO - Setting next_dagrun for example_dynamic_task_mapping to 2022-03-04 00:00:00+00:00, run_after=2022-03-05 00:00:00+00:00
[2024-04-01T23:16:05.531+0530] {processor.py:183} INFO - Processing /home/lucky/.local/lib/python3.10/site-packages/airflow/example_dags/example_dynamic_task_mapping.py took 0.072 seconds
