[2024-04-01T21:41:56.175+0530] {processor.py:161} INFO - Started process (PID=17331) to work on /home/lucky/.local/lib/python3.10/site-packages/airflow/example_dags/example_setup_teardown_taskflow.py
[2024-04-01T21:41:56.177+0530] {processor.py:830} INFO - Processing file /home/lucky/.local/lib/python3.10/site-packages/airflow/example_dags/example_setup_teardown_taskflow.py for tasks to queue
[2024-04-01T21:41:56.180+0530] {logging_mixin.py:188} INFO - [2024-04-01T21:41:56.179+0530] {dagbag.py:538} INFO - Filling up the DagBag from /home/lucky/.local/lib/python3.10/site-packages/airflow/example_dags/example_setup_teardown_taskflow.py
[2024-04-01T21:41:56.201+0530] {processor.py:840} INFO - DAG(s) 'example_setup_teardown_taskflow' retrieved from /home/lucky/.local/lib/python3.10/site-packages/airflow/example_dags/example_setup_teardown_taskflow.py
[2024-04-01T21:41:56.501+0530] {logging_mixin.py:188} INFO - [2024-04-01T21:41:56.500+0530] {dag.py:3036} INFO - Sync 1 DAGs
[2024-04-01T21:41:56.566+0530] {logging_mixin.py:188} INFO - [2024-04-01T21:41:56.565+0530] {dag.py:3823} INFO - Setting next_dagrun for example_setup_teardown_taskflow to 2024-03-31 00:00:00+00:00, run_after=2024-04-01 00:00:00+00:00
[2024-04-01T21:41:56.636+0530] {processor.py:183} INFO - Processing /home/lucky/.local/lib/python3.10/site-packages/airflow/example_dags/example_setup_teardown_taskflow.py took 0.466 seconds
[2024-04-01T21:43:08.078+0530] {processor.py:161} INFO - Started process (PID=18456) to work on /home/lucky/.local/lib/python3.10/site-packages/airflow/example_dags/example_setup_teardown_taskflow.py
[2024-04-01T21:43:08.089+0530] {processor.py:830} INFO - Processing file /home/lucky/.local/lib/python3.10/site-packages/airflow/example_dags/example_setup_teardown_taskflow.py for tasks to queue
[2024-04-01T21:43:08.091+0530] {logging_mixin.py:188} INFO - [2024-04-01T21:43:08.090+0530] {dagbag.py:538} INFO - Filling up the DagBag from /home/lucky/.local/lib/python3.10/site-packages/airflow/example_dags/example_setup_teardown_taskflow.py
[2024-04-01T21:43:08.140+0530] {processor.py:840} INFO - DAG(s) 'example_setup_teardown_taskflow' retrieved from /home/lucky/.local/lib/python3.10/site-packages/airflow/example_dags/example_setup_teardown_taskflow.py
[2024-04-01T21:43:08.212+0530] {logging_mixin.py:188} INFO - [2024-04-01T21:43:08.211+0530] {dag.py:3036} INFO - Sync 1 DAGs
[2024-04-01T21:43:08.343+0530] {logging_mixin.py:188} INFO - [2024-04-01T21:43:08.343+0530] {dag.py:3823} INFO - Setting next_dagrun for example_setup_teardown_taskflow to 2024-03-31 00:00:00+00:00, run_after=2024-04-01 00:00:00+00:00
[2024-04-01T21:43:08.450+0530] {processor.py:183} INFO - Processing /home/lucky/.local/lib/python3.10/site-packages/airflow/example_dags/example_setup_teardown_taskflow.py took 0.378 seconds
[2024-04-01T21:44:28.500+0530] {processor.py:161} INFO - Started process (PID=19781) to work on /home/lucky/.local/lib/python3.10/site-packages/airflow/example_dags/example_setup_teardown_taskflow.py
[2024-04-01T21:44:28.502+0530] {processor.py:830} INFO - Processing file /home/lucky/.local/lib/python3.10/site-packages/airflow/example_dags/example_setup_teardown_taskflow.py for tasks to queue
[2024-04-01T21:44:28.504+0530] {logging_mixin.py:188} INFO - [2024-04-01T21:44:28.503+0530] {dagbag.py:538} INFO - Filling up the DagBag from /home/lucky/.local/lib/python3.10/site-packages/airflow/example_dags/example_setup_teardown_taskflow.py
[2024-04-01T21:44:28.517+0530] {processor.py:840} INFO - DAG(s) 'example_setup_teardown_taskflow' retrieved from /home/lucky/.local/lib/python3.10/site-packages/airflow/example_dags/example_setup_teardown_taskflow.py
[2024-04-01T21:44:28.540+0530] {logging_mixin.py:188} INFO - [2024-04-01T21:44:28.539+0530] {dag.py:3036} INFO - Sync 1 DAGs
[2024-04-01T21:44:28.565+0530] {logging_mixin.py:188} INFO - [2024-04-01T21:44:28.564+0530] {dag.py:3823} INFO - Setting next_dagrun for example_setup_teardown_taskflow to 2024-03-31 00:00:00+00:00, run_after=2024-04-01 00:00:00+00:00
[2024-04-01T21:44:28.600+0530] {processor.py:183} INFO - Processing /home/lucky/.local/lib/python3.10/site-packages/airflow/example_dags/example_setup_teardown_taskflow.py took 0.103 seconds
[2024-04-01T21:44:36.565+0530] {processor.py:161} INFO - Started process (PID=19869) to work on /home/lucky/.local/lib/python3.10/site-packages/airflow/example_dags/example_setup_teardown_taskflow.py
[2024-04-01T21:44:36.575+0530] {processor.py:830} INFO - Processing file /home/lucky/.local/lib/python3.10/site-packages/airflow/example_dags/example_setup_teardown_taskflow.py for tasks to queue
[2024-04-01T21:44:36.577+0530] {logging_mixin.py:188} INFO - [2024-04-01T21:44:36.576+0530] {dagbag.py:538} INFO - Filling up the DagBag from /home/lucky/.local/lib/python3.10/site-packages/airflow/example_dags/example_setup_teardown_taskflow.py
[2024-04-01T21:44:36.604+0530] {processor.py:840} INFO - DAG(s) 'example_setup_teardown_taskflow' retrieved from /home/lucky/.local/lib/python3.10/site-packages/airflow/example_dags/example_setup_teardown_taskflow.py
[2024-04-01T21:44:36.631+0530] {logging_mixin.py:188} INFO - [2024-04-01T21:44:36.630+0530] {dag.py:3036} INFO - Sync 1 DAGs
[2024-04-01T21:44:36.668+0530] {logging_mixin.py:188} INFO - [2024-04-01T21:44:36.668+0530] {dag.py:3823} INFO - Setting next_dagrun for example_setup_teardown_taskflow to 2024-03-31 00:00:00+00:00, run_after=2024-04-01 00:00:00+00:00
[2024-04-01T21:44:36.708+0530] {processor.py:183} INFO - Processing /home/lucky/.local/lib/python3.10/site-packages/airflow/example_dags/example_setup_teardown_taskflow.py took 0.149 seconds
[2024-04-01T21:45:28.751+0530] {processor.py:161} INFO - Started process (PID=20484) to work on /home/lucky/.local/lib/python3.10/site-packages/airflow/example_dags/example_setup_teardown_taskflow.py
[2024-04-01T21:45:28.753+0530] {processor.py:830} INFO - Processing file /home/lucky/.local/lib/python3.10/site-packages/airflow/example_dags/example_setup_teardown_taskflow.py for tasks to queue
[2024-04-01T21:45:28.756+0530] {logging_mixin.py:188} INFO - [2024-04-01T21:45:28.755+0530] {dagbag.py:538} INFO - Filling up the DagBag from /home/lucky/.local/lib/python3.10/site-packages/airflow/example_dags/example_setup_teardown_taskflow.py
[2024-04-01T21:45:28.775+0530] {processor.py:840} INFO - DAG(s) 'example_setup_teardown_taskflow' retrieved from /home/lucky/.local/lib/python3.10/site-packages/airflow/example_dags/example_setup_teardown_taskflow.py
[2024-04-01T21:45:28.809+0530] {logging_mixin.py:188} INFO - [2024-04-01T21:45:28.808+0530] {dag.py:3036} INFO - Sync 1 DAGs
[2024-04-01T21:45:28.851+0530] {logging_mixin.py:188} INFO - [2024-04-01T21:45:28.851+0530] {dag.py:3823} INFO - Setting next_dagrun for example_setup_teardown_taskflow to 2024-03-31 00:00:00+00:00, run_after=2024-04-01 00:00:00+00:00
[2024-04-01T21:45:28.897+0530] {processor.py:183} INFO - Processing /home/lucky/.local/lib/python3.10/site-packages/airflow/example_dags/example_setup_teardown_taskflow.py took 0.151 seconds
[2024-04-01T21:58:19.297+0530] {processor.py:161} INFO - Started process (PID=31785) to work on /home/lucky/.local/lib/python3.10/site-packages/airflow/example_dags/example_setup_teardown_taskflow.py
[2024-04-01T21:58:19.317+0530] {processor.py:830} INFO - Processing file /home/lucky/.local/lib/python3.10/site-packages/airflow/example_dags/example_setup_teardown_taskflow.py for tasks to queue
[2024-04-01T21:58:19.337+0530] {logging_mixin.py:188} INFO - [2024-04-01T21:58:19.324+0530] {dagbag.py:538} INFO - Filling up the DagBag from /home/lucky/.local/lib/python3.10/site-packages/airflow/example_dags/example_setup_teardown_taskflow.py
[2024-04-01T21:58:19.472+0530] {processor.py:840} INFO - DAG(s) 'example_setup_teardown_taskflow' retrieved from /home/lucky/.local/lib/python3.10/site-packages/airflow/example_dags/example_setup_teardown_taskflow.py
[2024-04-01T21:58:19.681+0530] {logging_mixin.py:188} INFO - [2024-04-01T21:58:19.679+0530] {dag.py:3036} INFO - Sync 1 DAGs
[2024-04-01T21:58:19.865+0530] {logging_mixin.py:188} INFO - [2024-04-01T21:58:19.863+0530] {dag.py:3823} INFO - Setting next_dagrun for example_setup_teardown_taskflow to 2024-03-31 00:00:00+00:00, run_after=2024-04-01 00:00:00+00:00
[2024-04-01T21:58:20.097+0530] {processor.py:183} INFO - Processing /home/lucky/.local/lib/python3.10/site-packages/airflow/example_dags/example_setup_teardown_taskflow.py took 0.862 seconds
[2024-04-01T21:59:22.750+0530] {processor.py:161} INFO - Started process (PID=32811) to work on /home/lucky/.local/lib/python3.10/site-packages/airflow/example_dags/example_setup_teardown_taskflow.py
[2024-04-01T21:59:22.752+0530] {processor.py:830} INFO - Processing file /home/lucky/.local/lib/python3.10/site-packages/airflow/example_dags/example_setup_teardown_taskflow.py for tasks to queue
[2024-04-01T21:59:22.753+0530] {logging_mixin.py:188} INFO - [2024-04-01T21:59:22.753+0530] {dagbag.py:538} INFO - Filling up the DagBag from /home/lucky/.local/lib/python3.10/site-packages/airflow/example_dags/example_setup_teardown_taskflow.py
[2024-04-01T21:59:22.766+0530] {processor.py:840} INFO - DAG(s) 'example_setup_teardown_taskflow' retrieved from /home/lucky/.local/lib/python3.10/site-packages/airflow/example_dags/example_setup_teardown_taskflow.py
[2024-04-01T21:59:22.789+0530] {logging_mixin.py:188} INFO - [2024-04-01T21:59:22.789+0530] {dag.py:3036} INFO - Sync 1 DAGs
[2024-04-01T21:59:22.816+0530] {logging_mixin.py:188} INFO - [2024-04-01T21:59:22.815+0530] {dag.py:3823} INFO - Setting next_dagrun for example_setup_teardown_taskflow to 2024-03-31 00:00:00+00:00, run_after=2024-04-01 00:00:00+00:00
[2024-04-01T21:59:22.847+0530] {processor.py:183} INFO - Processing /home/lucky/.local/lib/python3.10/site-packages/airflow/example_dags/example_setup_teardown_taskflow.py took 0.100 seconds
[2024-04-01T22:00:26.515+0530] {processor.py:161} INFO - Started process (PID=33880) to work on /home/lucky/.local/lib/python3.10/site-packages/airflow/example_dags/example_setup_teardown_taskflow.py
[2024-04-01T22:00:26.517+0530] {processor.py:830} INFO - Processing file /home/lucky/.local/lib/python3.10/site-packages/airflow/example_dags/example_setup_teardown_taskflow.py for tasks to queue
[2024-04-01T22:00:26.518+0530] {logging_mixin.py:188} INFO - [2024-04-01T22:00:26.517+0530] {dagbag.py:538} INFO - Filling up the DagBag from /home/lucky/.local/lib/python3.10/site-packages/airflow/example_dags/example_setup_teardown_taskflow.py
[2024-04-01T22:00:26.528+0530] {processor.py:840} INFO - DAG(s) 'example_setup_teardown_taskflow' retrieved from /home/lucky/.local/lib/python3.10/site-packages/airflow/example_dags/example_setup_teardown_taskflow.py
[2024-04-01T22:00:26.544+0530] {logging_mixin.py:188} INFO - [2024-04-01T22:00:26.543+0530] {dag.py:3036} INFO - Sync 1 DAGs
[2024-04-01T22:00:26.562+0530] {logging_mixin.py:188} INFO - [2024-04-01T22:00:26.562+0530] {dag.py:3823} INFO - Setting next_dagrun for example_setup_teardown_taskflow to 2024-03-31 00:00:00+00:00, run_after=2024-04-01 00:00:00+00:00
[2024-04-01T22:00:26.584+0530] {processor.py:183} INFO - Processing /home/lucky/.local/lib/python3.10/site-packages/airflow/example_dags/example_setup_teardown_taskflow.py took 0.072 seconds
[2024-04-01T22:01:21.189+0530] {processor.py:161} INFO - Started process (PID=34591) to work on /home/lucky/.local/lib/python3.10/site-packages/airflow/example_dags/example_setup_teardown_taskflow.py
[2024-04-01T22:01:21.191+0530] {processor.py:830} INFO - Processing file /home/lucky/.local/lib/python3.10/site-packages/airflow/example_dags/example_setup_teardown_taskflow.py for tasks to queue
[2024-04-01T22:01:21.192+0530] {logging_mixin.py:188} INFO - [2024-04-01T22:01:21.192+0530] {dagbag.py:538} INFO - Filling up the DagBag from /home/lucky/.local/lib/python3.10/site-packages/airflow/example_dags/example_setup_teardown_taskflow.py
[2024-04-01T22:01:21.208+0530] {processor.py:840} INFO - DAG(s) 'example_setup_teardown_taskflow' retrieved from /home/lucky/.local/lib/python3.10/site-packages/airflow/example_dags/example_setup_teardown_taskflow.py
[2024-04-01T22:01:21.232+0530] {logging_mixin.py:188} INFO - [2024-04-01T22:01:21.232+0530] {dag.py:3036} INFO - Sync 1 DAGs
[2024-04-01T22:01:21.259+0530] {logging_mixin.py:188} INFO - [2024-04-01T22:01:21.259+0530] {dag.py:3823} INFO - Setting next_dagrun for example_setup_teardown_taskflow to 2024-03-31 00:00:00+00:00, run_after=2024-04-01 00:00:00+00:00
[2024-04-01T22:01:21.297+0530] {processor.py:183} INFO - Processing /home/lucky/.local/lib/python3.10/site-packages/airflow/example_dags/example_setup_teardown_taskflow.py took 0.111 seconds
[2024-04-01T22:02:20.502+0530] {processor.py:161} INFO - Started process (PID=35565) to work on /home/lucky/.local/lib/python3.10/site-packages/airflow/example_dags/example_setup_teardown_taskflow.py
[2024-04-01T22:02:20.505+0530] {processor.py:830} INFO - Processing file /home/lucky/.local/lib/python3.10/site-packages/airflow/example_dags/example_setup_teardown_taskflow.py for tasks to queue
[2024-04-01T22:02:20.506+0530] {logging_mixin.py:188} INFO - [2024-04-01T22:02:20.506+0530] {dagbag.py:538} INFO - Filling up the DagBag from /home/lucky/.local/lib/python3.10/site-packages/airflow/example_dags/example_setup_teardown_taskflow.py
[2024-04-01T22:02:20.525+0530] {processor.py:840} INFO - DAG(s) 'example_setup_teardown_taskflow' retrieved from /home/lucky/.local/lib/python3.10/site-packages/airflow/example_dags/example_setup_teardown_taskflow.py
[2024-04-01T22:02:20.553+0530] {logging_mixin.py:188} INFO - [2024-04-01T22:02:20.552+0530] {dag.py:3036} INFO - Sync 1 DAGs
[2024-04-01T22:02:20.591+0530] {logging_mixin.py:188} INFO - [2024-04-01T22:02:20.591+0530] {dag.py:3823} INFO - Setting next_dagrun for example_setup_teardown_taskflow to 2024-03-31 00:00:00+00:00, run_after=2024-04-01 00:00:00+00:00
[2024-04-01T22:02:20.626+0530] {processor.py:183} INFO - Processing /home/lucky/.local/lib/python3.10/site-packages/airflow/example_dags/example_setup_teardown_taskflow.py took 0.128 seconds
[2024-04-01T22:03:22.859+0530] {processor.py:161} INFO - Started process (PID=36306) to work on /home/lucky/.local/lib/python3.10/site-packages/airflow/example_dags/example_setup_teardown_taskflow.py
[2024-04-01T22:03:22.862+0530] {processor.py:830} INFO - Processing file /home/lucky/.local/lib/python3.10/site-packages/airflow/example_dags/example_setup_teardown_taskflow.py for tasks to queue
[2024-04-01T22:03:22.864+0530] {logging_mixin.py:188} INFO - [2024-04-01T22:03:22.863+0530] {dagbag.py:538} INFO - Filling up the DagBag from /home/lucky/.local/lib/python3.10/site-packages/airflow/example_dags/example_setup_teardown_taskflow.py
[2024-04-01T22:03:22.898+0530] {processor.py:840} INFO - DAG(s) 'example_setup_teardown_taskflow' retrieved from /home/lucky/.local/lib/python3.10/site-packages/airflow/example_dags/example_setup_teardown_taskflow.py
[2024-04-01T22:03:22.944+0530] {logging_mixin.py:188} INFO - [2024-04-01T22:03:22.944+0530] {dag.py:3036} INFO - Sync 1 DAGs
[2024-04-01T22:03:23.000+0530] {logging_mixin.py:188} INFO - [2024-04-01T22:03:22.998+0530] {dag.py:3823} INFO - Setting next_dagrun for example_setup_teardown_taskflow to 2024-03-31 00:00:00+00:00, run_after=2024-04-01 00:00:00+00:00
[2024-04-01T22:03:23.080+0530] {processor.py:183} INFO - Processing /home/lucky/.local/lib/python3.10/site-packages/airflow/example_dags/example_setup_teardown_taskflow.py took 0.232 seconds
[2024-04-01T22:04:35.998+0530] {processor.py:161} INFO - Started process (PID=37477) to work on /home/lucky/.local/lib/python3.10/site-packages/airflow/example_dags/example_setup_teardown_taskflow.py
[2024-04-01T22:04:36.000+0530] {processor.py:830} INFO - Processing file /home/lucky/.local/lib/python3.10/site-packages/airflow/example_dags/example_setup_teardown_taskflow.py for tasks to queue
[2024-04-01T22:04:36.002+0530] {logging_mixin.py:188} INFO - [2024-04-01T22:04:36.001+0530] {dagbag.py:538} INFO - Filling up the DagBag from /home/lucky/.local/lib/python3.10/site-packages/airflow/example_dags/example_setup_teardown_taskflow.py
[2024-04-01T22:04:36.020+0530] {processor.py:840} INFO - DAG(s) 'example_setup_teardown_taskflow' retrieved from /home/lucky/.local/lib/python3.10/site-packages/airflow/example_dags/example_setup_teardown_taskflow.py
[2024-04-01T22:04:36.048+0530] {logging_mixin.py:188} INFO - [2024-04-01T22:04:36.047+0530] {dag.py:3036} INFO - Sync 1 DAGs
[2024-04-01T22:04:36.090+0530] {logging_mixin.py:188} INFO - [2024-04-01T22:04:36.090+0530] {dag.py:3823} INFO - Setting next_dagrun for example_setup_teardown_taskflow to 2024-03-31 00:00:00+00:00, run_after=2024-04-01 00:00:00+00:00
[2024-04-01T22:04:36.133+0530] {processor.py:183} INFO - Processing /home/lucky/.local/lib/python3.10/site-packages/airflow/example_dags/example_setup_teardown_taskflow.py took 0.138 seconds
[2024-04-01T22:05:40.129+0530] {processor.py:161} INFO - Started process (PID=38532) to work on /home/lucky/.local/lib/python3.10/site-packages/airflow/example_dags/example_setup_teardown_taskflow.py
[2024-04-01T22:05:40.146+0530] {processor.py:830} INFO - Processing file /home/lucky/.local/lib/python3.10/site-packages/airflow/example_dags/example_setup_teardown_taskflow.py for tasks to queue
[2024-04-01T22:05:40.161+0530] {logging_mixin.py:188} INFO - [2024-04-01T22:05:40.157+0530] {dagbag.py:538} INFO - Filling up the DagBag from /home/lucky/.local/lib/python3.10/site-packages/airflow/example_dags/example_setup_teardown_taskflow.py
[2024-04-01T22:05:40.326+0530] {processor.py:840} INFO - DAG(s) 'example_setup_teardown_taskflow' retrieved from /home/lucky/.local/lib/python3.10/site-packages/airflow/example_dags/example_setup_teardown_taskflow.py
[2024-04-01T22:05:40.551+0530] {logging_mixin.py:188} INFO - [2024-04-01T22:05:40.544+0530] {dag.py:3036} INFO - Sync 1 DAGs
[2024-04-01T22:05:40.832+0530] {logging_mixin.py:188} INFO - [2024-04-01T22:05:40.829+0530] {dag.py:3823} INFO - Setting next_dagrun for example_setup_teardown_taskflow to 2024-03-31 00:00:00+00:00, run_after=2024-04-01 00:00:00+00:00
[2024-04-01T22:05:41.164+0530] {processor.py:183} INFO - Processing /home/lucky/.local/lib/python3.10/site-packages/airflow/example_dags/example_setup_teardown_taskflow.py took 1.070 seconds
[2024-04-01T22:07:00.201+0530] {processor.py:161} INFO - Started process (PID=39517) to work on /home/lucky/.local/lib/python3.10/site-packages/airflow/example_dags/example_setup_teardown_taskflow.py
[2024-04-01T22:07:00.204+0530] {processor.py:830} INFO - Processing file /home/lucky/.local/lib/python3.10/site-packages/airflow/example_dags/example_setup_teardown_taskflow.py for tasks to queue
[2024-04-01T22:07:00.206+0530] {logging_mixin.py:188} INFO - [2024-04-01T22:07:00.205+0530] {dagbag.py:538} INFO - Filling up the DagBag from /home/lucky/.local/lib/python3.10/site-packages/airflow/example_dags/example_setup_teardown_taskflow.py
[2024-04-01T22:07:00.226+0530] {processor.py:840} INFO - DAG(s) 'example_setup_teardown_taskflow' retrieved from /home/lucky/.local/lib/python3.10/site-packages/airflow/example_dags/example_setup_teardown_taskflow.py
[2024-04-01T22:07:00.271+0530] {logging_mixin.py:188} INFO - [2024-04-01T22:07:00.270+0530] {dag.py:3036} INFO - Sync 1 DAGs
[2024-04-01T22:07:00.351+0530] {logging_mixin.py:188} INFO - [2024-04-01T22:07:00.350+0530] {dag.py:3823} INFO - Setting next_dagrun for example_setup_teardown_taskflow to 2024-03-31 00:00:00+00:00, run_after=2024-04-01 00:00:00+00:00
[2024-04-01T22:07:00.452+0530] {processor.py:183} INFO - Processing /home/lucky/.local/lib/python3.10/site-packages/airflow/example_dags/example_setup_teardown_taskflow.py took 0.258 seconds
[2024-04-01T22:08:24.139+0530] {processor.py:161} INFO - Started process (PID=40779) to work on /home/lucky/.local/lib/python3.10/site-packages/airflow/example_dags/example_setup_teardown_taskflow.py
[2024-04-01T22:08:24.141+0530] {processor.py:830} INFO - Processing file /home/lucky/.local/lib/python3.10/site-packages/airflow/example_dags/example_setup_teardown_taskflow.py for tasks to queue
[2024-04-01T22:08:24.143+0530] {logging_mixin.py:188} INFO - [2024-04-01T22:08:24.142+0530] {dagbag.py:538} INFO - Filling up the DagBag from /home/lucky/.local/lib/python3.10/site-packages/airflow/example_dags/example_setup_teardown_taskflow.py
[2024-04-01T22:08:24.157+0530] {processor.py:840} INFO - DAG(s) 'example_setup_teardown_taskflow' retrieved from /home/lucky/.local/lib/python3.10/site-packages/airflow/example_dags/example_setup_teardown_taskflow.py
[2024-04-01T22:08:24.177+0530] {logging_mixin.py:188} INFO - [2024-04-01T22:08:24.176+0530] {dag.py:3036} INFO - Sync 1 DAGs
[2024-04-01T22:08:24.213+0530] {logging_mixin.py:188} INFO - [2024-04-01T22:08:24.213+0530] {dag.py:3823} INFO - Setting next_dagrun for example_setup_teardown_taskflow to 2024-03-31 00:00:00+00:00, run_after=2024-04-01 00:00:00+00:00
[2024-04-01T22:08:24.253+0530] {processor.py:183} INFO - Processing /home/lucky/.local/lib/python3.10/site-packages/airflow/example_dags/example_setup_teardown_taskflow.py took 0.118 seconds
[2024-04-01T22:09:54.580+0530] {processor.py:161} INFO - Started process (PID=42062) to work on /home/lucky/.local/lib/python3.10/site-packages/airflow/example_dags/example_setup_teardown_taskflow.py
[2024-04-01T22:09:54.583+0530] {processor.py:830} INFO - Processing file /home/lucky/.local/lib/python3.10/site-packages/airflow/example_dags/example_setup_teardown_taskflow.py for tasks to queue
[2024-04-01T22:09:54.585+0530] {logging_mixin.py:188} INFO - [2024-04-01T22:09:54.584+0530] {dagbag.py:538} INFO - Filling up the DagBag from /home/lucky/.local/lib/python3.10/site-packages/airflow/example_dags/example_setup_teardown_taskflow.py
[2024-04-01T22:09:54.613+0530] {processor.py:840} INFO - DAG(s) 'example_setup_teardown_taskflow' retrieved from /home/lucky/.local/lib/python3.10/site-packages/airflow/example_dags/example_setup_teardown_taskflow.py
[2024-04-01T22:09:54.655+0530] {logging_mixin.py:188} INFO - [2024-04-01T22:09:54.654+0530] {dag.py:3036} INFO - Sync 1 DAGs
[2024-04-01T22:09:54.726+0530] {logging_mixin.py:188} INFO - [2024-04-01T22:09:54.726+0530] {dag.py:3823} INFO - Setting next_dagrun for example_setup_teardown_taskflow to 2024-03-31 00:00:00+00:00, run_after=2024-04-01 00:00:00+00:00
[2024-04-01T22:09:54.789+0530] {processor.py:183} INFO - Processing /home/lucky/.local/lib/python3.10/site-packages/airflow/example_dags/example_setup_teardown_taskflow.py took 0.215 seconds
[2024-04-01T22:11:18.870+0530] {processor.py:161} INFO - Started process (PID=43342) to work on /home/lucky/.local/lib/python3.10/site-packages/airflow/example_dags/example_setup_teardown_taskflow.py
[2024-04-01T22:11:18.873+0530] {processor.py:830} INFO - Processing file /home/lucky/.local/lib/python3.10/site-packages/airflow/example_dags/example_setup_teardown_taskflow.py for tasks to queue
[2024-04-01T22:11:18.874+0530] {logging_mixin.py:188} INFO - [2024-04-01T22:11:18.874+0530] {dagbag.py:538} INFO - Filling up the DagBag from /home/lucky/.local/lib/python3.10/site-packages/airflow/example_dags/example_setup_teardown_taskflow.py
[2024-04-01T22:11:18.908+0530] {processor.py:840} INFO - DAG(s) 'example_setup_teardown_taskflow' retrieved from /home/lucky/.local/lib/python3.10/site-packages/airflow/example_dags/example_setup_teardown_taskflow.py
[2024-04-01T22:11:18.986+0530] {logging_mixin.py:188} INFO - [2024-04-01T22:11:18.986+0530] {dag.py:3036} INFO - Sync 1 DAGs
[2024-04-01T22:11:19.044+0530] {logging_mixin.py:188} INFO - [2024-04-01T22:11:19.043+0530] {dag.py:3823} INFO - Setting next_dagrun for example_setup_teardown_taskflow to 2024-03-31 00:00:00+00:00, run_after=2024-04-01 00:00:00+00:00
[2024-04-01T22:11:19.098+0530] {processor.py:183} INFO - Processing /home/lucky/.local/lib/python3.10/site-packages/airflow/example_dags/example_setup_teardown_taskflow.py took 0.232 seconds
[2024-04-01T22:12:36.213+0530] {processor.py:161} INFO - Started process (PID=44190) to work on /home/lucky/.local/lib/python3.10/site-packages/airflow/example_dags/example_setup_teardown_taskflow.py
[2024-04-01T22:12:36.219+0530] {processor.py:830} INFO - Processing file /home/lucky/.local/lib/python3.10/site-packages/airflow/example_dags/example_setup_teardown_taskflow.py for tasks to queue
[2024-04-01T22:12:36.221+0530] {logging_mixin.py:188} INFO - [2024-04-01T22:12:36.220+0530] {dagbag.py:538} INFO - Filling up the DagBag from /home/lucky/.local/lib/python3.10/site-packages/airflow/example_dags/example_setup_teardown_taskflow.py
[2024-04-01T22:12:36.259+0530] {processor.py:840} INFO - DAG(s) 'example_setup_teardown_taskflow' retrieved from /home/lucky/.local/lib/python3.10/site-packages/airflow/example_dags/example_setup_teardown_taskflow.py
[2024-04-01T22:12:36.320+0530] {logging_mixin.py:188} INFO - [2024-04-01T22:12:36.319+0530] {dag.py:3036} INFO - Sync 1 DAGs
[2024-04-01T22:12:36.400+0530] {logging_mixin.py:188} INFO - [2024-04-01T22:12:36.399+0530] {dag.py:3823} INFO - Setting next_dagrun for example_setup_teardown_taskflow to 2024-03-31 00:00:00+00:00, run_after=2024-04-01 00:00:00+00:00
[2024-04-01T22:12:36.476+0530] {processor.py:183} INFO - Processing /home/lucky/.local/lib/python3.10/site-packages/airflow/example_dags/example_setup_teardown_taskflow.py took 0.269 seconds
[2024-04-01T22:13:51.359+0530] {processor.py:161} INFO - Started process (PID=45405) to work on /home/lucky/.local/lib/python3.10/site-packages/airflow/example_dags/example_setup_teardown_taskflow.py
[2024-04-01T22:13:51.361+0530] {processor.py:830} INFO - Processing file /home/lucky/.local/lib/python3.10/site-packages/airflow/example_dags/example_setup_teardown_taskflow.py for tasks to queue
[2024-04-01T22:13:51.363+0530] {logging_mixin.py:188} INFO - [2024-04-01T22:13:51.362+0530] {dagbag.py:538} INFO - Filling up the DagBag from /home/lucky/.local/lib/python3.10/site-packages/airflow/example_dags/example_setup_teardown_taskflow.py
[2024-04-01T22:13:51.380+0530] {processor.py:840} INFO - DAG(s) 'example_setup_teardown_taskflow' retrieved from /home/lucky/.local/lib/python3.10/site-packages/airflow/example_dags/example_setup_teardown_taskflow.py
[2024-04-01T22:13:51.407+0530] {logging_mixin.py:188} INFO - [2024-04-01T22:13:51.407+0530] {dag.py:3036} INFO - Sync 1 DAGs
[2024-04-01T22:13:51.436+0530] {logging_mixin.py:188} INFO - [2024-04-01T22:13:51.436+0530] {dag.py:3823} INFO - Setting next_dagrun for example_setup_teardown_taskflow to 2024-03-31 00:00:00+00:00, run_after=2024-04-01 00:00:00+00:00
[2024-04-01T22:13:51.484+0530] {processor.py:183} INFO - Processing /home/lucky/.local/lib/python3.10/site-packages/airflow/example_dags/example_setup_teardown_taskflow.py took 0.129 seconds
[2024-04-01T22:14:53.254+0530] {processor.py:161} INFO - Started process (PID=46453) to work on /home/lucky/.local/lib/python3.10/site-packages/airflow/example_dags/example_setup_teardown_taskflow.py
[2024-04-01T22:14:53.256+0530] {processor.py:830} INFO - Processing file /home/lucky/.local/lib/python3.10/site-packages/airflow/example_dags/example_setup_teardown_taskflow.py for tasks to queue
[2024-04-01T22:14:53.258+0530] {logging_mixin.py:188} INFO - [2024-04-01T22:14:53.257+0530] {dagbag.py:538} INFO - Filling up the DagBag from /home/lucky/.local/lib/python3.10/site-packages/airflow/example_dags/example_setup_teardown_taskflow.py
[2024-04-01T22:14:53.275+0530] {processor.py:840} INFO - DAG(s) 'example_setup_teardown_taskflow' retrieved from /home/lucky/.local/lib/python3.10/site-packages/airflow/example_dags/example_setup_teardown_taskflow.py
[2024-04-01T22:14:53.297+0530] {logging_mixin.py:188} INFO - [2024-04-01T22:14:53.296+0530] {dag.py:3036} INFO - Sync 1 DAGs
[2024-04-01T22:14:53.323+0530] {logging_mixin.py:188} INFO - [2024-04-01T22:14:53.322+0530] {dag.py:3823} INFO - Setting next_dagrun for example_setup_teardown_taskflow to 2024-03-31 00:00:00+00:00, run_after=2024-04-01 00:00:00+00:00
[2024-04-01T22:14:53.359+0530] {processor.py:183} INFO - Processing /home/lucky/.local/lib/python3.10/site-packages/airflow/example_dags/example_setup_teardown_taskflow.py took 0.111 seconds
[2024-04-01T22:15:49.235+0530] {processor.py:161} INFO - Started process (PID=47143) to work on /home/lucky/.local/lib/python3.10/site-packages/airflow/example_dags/example_setup_teardown_taskflow.py
[2024-04-01T22:15:49.237+0530] {processor.py:830} INFO - Processing file /home/lucky/.local/lib/python3.10/site-packages/airflow/example_dags/example_setup_teardown_taskflow.py for tasks to queue
[2024-04-01T22:15:49.238+0530] {logging_mixin.py:188} INFO - [2024-04-01T22:15:49.238+0530] {dagbag.py:538} INFO - Filling up the DagBag from /home/lucky/.local/lib/python3.10/site-packages/airflow/example_dags/example_setup_teardown_taskflow.py
[2024-04-01T22:15:49.249+0530] {processor.py:840} INFO - DAG(s) 'example_setup_teardown_taskflow' retrieved from /home/lucky/.local/lib/python3.10/site-packages/airflow/example_dags/example_setup_teardown_taskflow.py
[2024-04-01T22:15:49.267+0530] {logging_mixin.py:188} INFO - [2024-04-01T22:15:49.267+0530] {dag.py:3036} INFO - Sync 1 DAGs
[2024-04-01T22:15:49.293+0530] {logging_mixin.py:188} INFO - [2024-04-01T22:15:49.293+0530] {dag.py:3823} INFO - Setting next_dagrun for example_setup_teardown_taskflow to 2024-03-31 00:00:00+00:00, run_after=2024-04-01 00:00:00+00:00
[2024-04-01T22:15:49.331+0530] {processor.py:183} INFO - Processing /home/lucky/.local/lib/python3.10/site-packages/airflow/example_dags/example_setup_teardown_taskflow.py took 0.099 seconds
[2024-04-01T22:16:39.542+0530] {processor.py:161} INFO - Started process (PID=48054) to work on /home/lucky/.local/lib/python3.10/site-packages/airflow/example_dags/example_setup_teardown_taskflow.py
[2024-04-01T22:16:39.543+0530] {processor.py:830} INFO - Processing file /home/lucky/.local/lib/python3.10/site-packages/airflow/example_dags/example_setup_teardown_taskflow.py for tasks to queue
[2024-04-01T22:16:39.544+0530] {logging_mixin.py:188} INFO - [2024-04-01T22:16:39.544+0530] {dagbag.py:538} INFO - Filling up the DagBag from /home/lucky/.local/lib/python3.10/site-packages/airflow/example_dags/example_setup_teardown_taskflow.py
[2024-04-01T22:16:39.555+0530] {processor.py:840} INFO - DAG(s) 'example_setup_teardown_taskflow' retrieved from /home/lucky/.local/lib/python3.10/site-packages/airflow/example_dags/example_setup_teardown_taskflow.py
[2024-04-01T22:16:39.573+0530] {logging_mixin.py:188} INFO - [2024-04-01T22:16:39.572+0530] {dag.py:3036} INFO - Sync 1 DAGs
[2024-04-01T22:16:39.596+0530] {logging_mixin.py:188} INFO - [2024-04-01T22:16:39.596+0530] {dag.py:3823} INFO - Setting next_dagrun for example_setup_teardown_taskflow to 2024-03-31 00:00:00+00:00, run_after=2024-04-01 00:00:00+00:00
[2024-04-01T22:16:39.624+0530] {processor.py:183} INFO - Processing /home/lucky/.local/lib/python3.10/site-packages/airflow/example_dags/example_setup_teardown_taskflow.py took 0.086 seconds
[2024-04-01T22:17:34.089+0530] {processor.py:161} INFO - Started process (PID=48723) to work on /home/lucky/.local/lib/python3.10/site-packages/airflow/example_dags/example_setup_teardown_taskflow.py
[2024-04-01T22:17:34.091+0530] {processor.py:830} INFO - Processing file /home/lucky/.local/lib/python3.10/site-packages/airflow/example_dags/example_setup_teardown_taskflow.py for tasks to queue
[2024-04-01T22:17:34.092+0530] {logging_mixin.py:188} INFO - [2024-04-01T22:17:34.092+0530] {dagbag.py:538} INFO - Filling up the DagBag from /home/lucky/.local/lib/python3.10/site-packages/airflow/example_dags/example_setup_teardown_taskflow.py
[2024-04-01T22:17:34.110+0530] {processor.py:840} INFO - DAG(s) 'example_setup_teardown_taskflow' retrieved from /home/lucky/.local/lib/python3.10/site-packages/airflow/example_dags/example_setup_teardown_taskflow.py
[2024-04-01T22:17:34.132+0530] {logging_mixin.py:188} INFO - [2024-04-01T22:17:34.131+0530] {dag.py:3036} INFO - Sync 1 DAGs
[2024-04-01T22:17:34.165+0530] {logging_mixin.py:188} INFO - [2024-04-01T22:17:34.164+0530] {dag.py:3823} INFO - Setting next_dagrun for example_setup_teardown_taskflow to 2024-03-31 00:00:00+00:00, run_after=2024-04-01 00:00:00+00:00
[2024-04-01T22:17:34.211+0530] {processor.py:183} INFO - Processing /home/lucky/.local/lib/python3.10/site-packages/airflow/example_dags/example_setup_teardown_taskflow.py took 0.126 seconds
[2024-04-01T22:18:27.237+0530] {processor.py:161} INFO - Started process (PID=49669) to work on /home/lucky/.local/lib/python3.10/site-packages/airflow/example_dags/example_setup_teardown_taskflow.py
[2024-04-01T22:18:27.238+0530] {processor.py:830} INFO - Processing file /home/lucky/.local/lib/python3.10/site-packages/airflow/example_dags/example_setup_teardown_taskflow.py for tasks to queue
[2024-04-01T22:18:27.239+0530] {logging_mixin.py:188} INFO - [2024-04-01T22:18:27.239+0530] {dagbag.py:538} INFO - Filling up the DagBag from /home/lucky/.local/lib/python3.10/site-packages/airflow/example_dags/example_setup_teardown_taskflow.py
[2024-04-01T22:18:27.255+0530] {processor.py:840} INFO - DAG(s) 'example_setup_teardown_taskflow' retrieved from /home/lucky/.local/lib/python3.10/site-packages/airflow/example_dags/example_setup_teardown_taskflow.py
[2024-04-01T22:18:27.277+0530] {logging_mixin.py:188} INFO - [2024-04-01T22:18:27.276+0530] {dag.py:3036} INFO - Sync 1 DAGs
[2024-04-01T22:18:27.313+0530] {logging_mixin.py:188} INFO - [2024-04-01T22:18:27.313+0530] {dag.py:3823} INFO - Setting next_dagrun for example_setup_teardown_taskflow to 2024-03-31 00:00:00+00:00, run_after=2024-04-01 00:00:00+00:00
[2024-04-01T22:18:27.345+0530] {processor.py:183} INFO - Processing /home/lucky/.local/lib/python3.10/site-packages/airflow/example_dags/example_setup_teardown_taskflow.py took 0.113 seconds
[2024-04-01T22:19:18.057+0530] {processor.py:161} INFO - Started process (PID=50598) to work on /home/lucky/.local/lib/python3.10/site-packages/airflow/example_dags/example_setup_teardown_taskflow.py
[2024-04-01T22:19:18.059+0530] {processor.py:830} INFO - Processing file /home/lucky/.local/lib/python3.10/site-packages/airflow/example_dags/example_setup_teardown_taskflow.py for tasks to queue
[2024-04-01T22:19:18.060+0530] {logging_mixin.py:188} INFO - [2024-04-01T22:19:18.060+0530] {dagbag.py:538} INFO - Filling up the DagBag from /home/lucky/.local/lib/python3.10/site-packages/airflow/example_dags/example_setup_teardown_taskflow.py
[2024-04-01T22:19:18.074+0530] {processor.py:840} INFO - DAG(s) 'example_setup_teardown_taskflow' retrieved from /home/lucky/.local/lib/python3.10/site-packages/airflow/example_dags/example_setup_teardown_taskflow.py
[2024-04-01T22:19:18.092+0530] {logging_mixin.py:188} INFO - [2024-04-01T22:19:18.092+0530] {dag.py:3036} INFO - Sync 1 DAGs
[2024-04-01T22:19:18.128+0530] {logging_mixin.py:188} INFO - [2024-04-01T22:19:18.128+0530] {dag.py:3823} INFO - Setting next_dagrun for example_setup_teardown_taskflow to 2024-03-31 00:00:00+00:00, run_after=2024-04-01 00:00:00+00:00
[2024-04-01T22:19:18.156+0530] {processor.py:183} INFO - Processing /home/lucky/.local/lib/python3.10/site-packages/airflow/example_dags/example_setup_teardown_taskflow.py took 0.104 seconds
[2024-04-01T22:25:06.238+0530] {processor.py:161} INFO - Started process (PID=55798) to work on /home/lucky/.local/lib/python3.10/site-packages/airflow/example_dags/example_setup_teardown_taskflow.py
[2024-04-01T22:25:06.240+0530] {processor.py:830} INFO - Processing file /home/lucky/.local/lib/python3.10/site-packages/airflow/example_dags/example_setup_teardown_taskflow.py for tasks to queue
[2024-04-01T22:25:06.242+0530] {logging_mixin.py:188} INFO - [2024-04-01T22:25:06.241+0530] {dagbag.py:538} INFO - Filling up the DagBag from /home/lucky/.local/lib/python3.10/site-packages/airflow/example_dags/example_setup_teardown_taskflow.py
[2024-04-01T22:25:06.263+0530] {processor.py:840} INFO - DAG(s) 'example_setup_teardown_taskflow' retrieved from /home/lucky/.local/lib/python3.10/site-packages/airflow/example_dags/example_setup_teardown_taskflow.py
[2024-04-01T22:25:06.295+0530] {logging_mixin.py:188} INFO - [2024-04-01T22:25:06.295+0530] {dag.py:3036} INFO - Sync 1 DAGs
[2024-04-01T22:25:06.329+0530] {logging_mixin.py:188} INFO - [2024-04-01T22:25:06.329+0530] {dag.py:3823} INFO - Setting next_dagrun for example_setup_teardown_taskflow to 2024-03-31 00:00:00+00:00, run_after=2024-04-01 00:00:00+00:00
[2024-04-01T22:25:06.364+0530] {processor.py:183} INFO - Processing /home/lucky/.local/lib/python3.10/site-packages/airflow/example_dags/example_setup_teardown_taskflow.py took 0.129 seconds
[2024-04-01T22:27:11.600+0530] {processor.py:161} INFO - Started process (PID=57584) to work on /home/lucky/.local/lib/python3.10/site-packages/airflow/example_dags/example_setup_teardown_taskflow.py
[2024-04-01T22:27:11.602+0530] {processor.py:830} INFO - Processing file /home/lucky/.local/lib/python3.10/site-packages/airflow/example_dags/example_setup_teardown_taskflow.py for tasks to queue
[2024-04-01T22:27:11.607+0530] {logging_mixin.py:188} INFO - [2024-04-01T22:27:11.606+0530] {dagbag.py:538} INFO - Filling up the DagBag from /home/lucky/.local/lib/python3.10/site-packages/airflow/example_dags/example_setup_teardown_taskflow.py
[2024-04-01T22:27:11.634+0530] {processor.py:840} INFO - DAG(s) 'example_setup_teardown_taskflow' retrieved from /home/lucky/.local/lib/python3.10/site-packages/airflow/example_dags/example_setup_teardown_taskflow.py
[2024-04-01T22:27:11.686+0530] {logging_mixin.py:188} INFO - [2024-04-01T22:27:11.685+0530] {dag.py:3036} INFO - Sync 1 DAGs
[2024-04-01T22:27:11.789+0530] {logging_mixin.py:188} INFO - [2024-04-01T22:27:11.783+0530] {dag.py:3823} INFO - Setting next_dagrun for example_setup_teardown_taskflow to 2024-03-31 00:00:00+00:00, run_after=2024-04-01 00:00:00+00:00
[2024-04-01T22:27:11.871+0530] {processor.py:183} INFO - Processing /home/lucky/.local/lib/python3.10/site-packages/airflow/example_dags/example_setup_teardown_taskflow.py took 0.278 seconds
[2024-04-01T22:28:07.942+0530] {processor.py:161} INFO - Started process (PID=58663) to work on /home/lucky/.local/lib/python3.10/site-packages/airflow/example_dags/example_setup_teardown_taskflow.py
[2024-04-01T22:28:07.944+0530] {processor.py:830} INFO - Processing file /home/lucky/.local/lib/python3.10/site-packages/airflow/example_dags/example_setup_teardown_taskflow.py for tasks to queue
[2024-04-01T22:28:07.945+0530] {logging_mixin.py:188} INFO - [2024-04-01T22:28:07.945+0530] {dagbag.py:538} INFO - Filling up the DagBag from /home/lucky/.local/lib/python3.10/site-packages/airflow/example_dags/example_setup_teardown_taskflow.py
[2024-04-01T22:28:07.957+0530] {processor.py:840} INFO - DAG(s) 'example_setup_teardown_taskflow' retrieved from /home/lucky/.local/lib/python3.10/site-packages/airflow/example_dags/example_setup_teardown_taskflow.py
[2024-04-01T22:28:07.975+0530] {logging_mixin.py:188} INFO - [2024-04-01T22:28:07.975+0530] {dag.py:3036} INFO - Sync 1 DAGs
[2024-04-01T22:28:07.995+0530] {logging_mixin.py:188} INFO - [2024-04-01T22:28:07.995+0530] {dag.py:3823} INFO - Setting next_dagrun for example_setup_teardown_taskflow to 2024-03-31 00:00:00+00:00, run_after=2024-04-01 00:00:00+00:00
[2024-04-01T22:28:08.022+0530] {processor.py:183} INFO - Processing /home/lucky/.local/lib/python3.10/site-packages/airflow/example_dags/example_setup_teardown_taskflow.py took 0.083 seconds
[2024-04-01T22:28:58.795+0530] {processor.py:161} INFO - Started process (PID=59467) to work on /home/lucky/.local/lib/python3.10/site-packages/airflow/example_dags/example_setup_teardown_taskflow.py
[2024-04-01T22:28:58.796+0530] {processor.py:830} INFO - Processing file /home/lucky/.local/lib/python3.10/site-packages/airflow/example_dags/example_setup_teardown_taskflow.py for tasks to queue
[2024-04-01T22:28:58.798+0530] {logging_mixin.py:188} INFO - [2024-04-01T22:28:58.797+0530] {dagbag.py:538} INFO - Filling up the DagBag from /home/lucky/.local/lib/python3.10/site-packages/airflow/example_dags/example_setup_teardown_taskflow.py
[2024-04-01T22:28:58.809+0530] {processor.py:840} INFO - DAG(s) 'example_setup_teardown_taskflow' retrieved from /home/lucky/.local/lib/python3.10/site-packages/airflow/example_dags/example_setup_teardown_taskflow.py
[2024-04-01T22:28:58.828+0530] {logging_mixin.py:188} INFO - [2024-04-01T22:28:58.827+0530] {dag.py:3036} INFO - Sync 1 DAGs
[2024-04-01T22:28:58.851+0530] {logging_mixin.py:188} INFO - [2024-04-01T22:28:58.851+0530] {dag.py:3823} INFO - Setting next_dagrun for example_setup_teardown_taskflow to 2024-03-31 00:00:00+00:00, run_after=2024-04-01 00:00:00+00:00
[2024-04-01T22:28:58.878+0530] {processor.py:183} INFO - Processing /home/lucky/.local/lib/python3.10/site-packages/airflow/example_dags/example_setup_teardown_taskflow.py took 0.088 seconds
[2024-04-01T22:29:51.035+0530] {processor.py:161} INFO - Started process (PID=60282) to work on /home/lucky/.local/lib/python3.10/site-packages/airflow/example_dags/example_setup_teardown_taskflow.py
[2024-04-01T22:29:51.036+0530] {processor.py:830} INFO - Processing file /home/lucky/.local/lib/python3.10/site-packages/airflow/example_dags/example_setup_teardown_taskflow.py for tasks to queue
[2024-04-01T22:29:51.037+0530] {logging_mixin.py:188} INFO - [2024-04-01T22:29:51.037+0530] {dagbag.py:538} INFO - Filling up the DagBag from /home/lucky/.local/lib/python3.10/site-packages/airflow/example_dags/example_setup_teardown_taskflow.py
[2024-04-01T22:29:51.048+0530] {processor.py:840} INFO - DAG(s) 'example_setup_teardown_taskflow' retrieved from /home/lucky/.local/lib/python3.10/site-packages/airflow/example_dags/example_setup_teardown_taskflow.py
[2024-04-01T22:29:51.065+0530] {logging_mixin.py:188} INFO - [2024-04-01T22:29:51.064+0530] {dag.py:3036} INFO - Sync 1 DAGs
[2024-04-01T22:29:51.087+0530] {logging_mixin.py:188} INFO - [2024-04-01T22:29:51.086+0530] {dag.py:3823} INFO - Setting next_dagrun for example_setup_teardown_taskflow to 2024-03-31 00:00:00+00:00, run_after=2024-04-01 00:00:00+00:00
[2024-04-01T22:29:51.111+0530] {processor.py:183} INFO - Processing /home/lucky/.local/lib/python3.10/site-packages/airflow/example_dags/example_setup_teardown_taskflow.py took 0.080 seconds
[2024-04-01T22:30:41.725+0530] {processor.py:161} INFO - Started process (PID=61230) to work on /home/lucky/.local/lib/python3.10/site-packages/airflow/example_dags/example_setup_teardown_taskflow.py
[2024-04-01T22:30:41.726+0530] {processor.py:830} INFO - Processing file /home/lucky/.local/lib/python3.10/site-packages/airflow/example_dags/example_setup_teardown_taskflow.py for tasks to queue
[2024-04-01T22:30:41.727+0530] {logging_mixin.py:188} INFO - [2024-04-01T22:30:41.727+0530] {dagbag.py:538} INFO - Filling up the DagBag from /home/lucky/.local/lib/python3.10/site-packages/airflow/example_dags/example_setup_teardown_taskflow.py
[2024-04-01T22:30:41.737+0530] {processor.py:840} INFO - DAG(s) 'example_setup_teardown_taskflow' retrieved from /home/lucky/.local/lib/python3.10/site-packages/airflow/example_dags/example_setup_teardown_taskflow.py
[2024-04-01T22:30:41.755+0530] {logging_mixin.py:188} INFO - [2024-04-01T22:30:41.754+0530] {dag.py:3036} INFO - Sync 1 DAGs
[2024-04-01T22:30:41.780+0530] {logging_mixin.py:188} INFO - [2024-04-01T22:30:41.780+0530] {dag.py:3823} INFO - Setting next_dagrun for example_setup_teardown_taskflow to 2024-03-31 00:00:00+00:00, run_after=2024-04-01 00:00:00+00:00
[2024-04-01T22:30:41.810+0530] {processor.py:183} INFO - Processing /home/lucky/.local/lib/python3.10/site-packages/airflow/example_dags/example_setup_teardown_taskflow.py took 0.088 seconds
[2024-04-01T22:31:28.768+0530] {processor.py:161} INFO - Started process (PID=61803) to work on /home/lucky/.local/lib/python3.10/site-packages/airflow/example_dags/example_setup_teardown_taskflow.py
[2024-04-01T22:31:28.770+0530] {processor.py:830} INFO - Processing file /home/lucky/.local/lib/python3.10/site-packages/airflow/example_dags/example_setup_teardown_taskflow.py for tasks to queue
[2024-04-01T22:31:28.773+0530] {logging_mixin.py:188} INFO - [2024-04-01T22:31:28.772+0530] {dagbag.py:538} INFO - Filling up the DagBag from /home/lucky/.local/lib/python3.10/site-packages/airflow/example_dags/example_setup_teardown_taskflow.py
[2024-04-01T22:31:28.787+0530] {processor.py:840} INFO - DAG(s) 'example_setup_teardown_taskflow' retrieved from /home/lucky/.local/lib/python3.10/site-packages/airflow/example_dags/example_setup_teardown_taskflow.py
[2024-04-01T22:31:28.817+0530] {logging_mixin.py:188} INFO - [2024-04-01T22:31:28.817+0530] {dag.py:3036} INFO - Sync 1 DAGs
[2024-04-01T22:31:28.854+0530] {logging_mixin.py:188} INFO - [2024-04-01T22:31:28.854+0530] {dag.py:3823} INFO - Setting next_dagrun for example_setup_teardown_taskflow to 2024-03-31 00:00:00+00:00, run_after=2024-04-01 00:00:00+00:00
[2024-04-01T22:31:28.899+0530] {processor.py:183} INFO - Processing /home/lucky/.local/lib/python3.10/site-packages/airflow/example_dags/example_setup_teardown_taskflow.py took 0.136 seconds
[2024-04-01T22:32:17.528+0530] {processor.py:161} INFO - Started process (PID=62697) to work on /home/lucky/.local/lib/python3.10/site-packages/airflow/example_dags/example_setup_teardown_taskflow.py
[2024-04-01T22:32:17.529+0530] {processor.py:830} INFO - Processing file /home/lucky/.local/lib/python3.10/site-packages/airflow/example_dags/example_setup_teardown_taskflow.py for tasks to queue
[2024-04-01T22:32:17.530+0530] {logging_mixin.py:188} INFO - [2024-04-01T22:32:17.530+0530] {dagbag.py:538} INFO - Filling up the DagBag from /home/lucky/.local/lib/python3.10/site-packages/airflow/example_dags/example_setup_teardown_taskflow.py
[2024-04-01T22:32:17.539+0530] {processor.py:840} INFO - DAG(s) 'example_setup_teardown_taskflow' retrieved from /home/lucky/.local/lib/python3.10/site-packages/airflow/example_dags/example_setup_teardown_taskflow.py
[2024-04-01T22:32:17.554+0530] {logging_mixin.py:188} INFO - [2024-04-01T22:32:17.554+0530] {dag.py:3036} INFO - Sync 1 DAGs
[2024-04-01T22:32:17.574+0530] {logging_mixin.py:188} INFO - [2024-04-01T22:32:17.574+0530] {dag.py:3823} INFO - Setting next_dagrun for example_setup_teardown_taskflow to 2024-03-31 00:00:00+00:00, run_after=2024-04-01 00:00:00+00:00
[2024-04-01T22:32:17.600+0530] {processor.py:183} INFO - Processing /home/lucky/.local/lib/python3.10/site-packages/airflow/example_dags/example_setup_teardown_taskflow.py took 0.075 seconds
[2024-04-01T23:06:14.019+0530] {processor.py:161} INFO - Started process (PID=5724) to work on /home/lucky/.local/lib/python3.10/site-packages/airflow/example_dags/example_setup_teardown_taskflow.py
[2024-04-01T23:06:14.022+0530] {processor.py:830} INFO - Processing file /home/lucky/.local/lib/python3.10/site-packages/airflow/example_dags/example_setup_teardown_taskflow.py for tasks to queue
[2024-04-01T23:06:14.023+0530] {logging_mixin.py:188} INFO - [2024-04-01T23:06:14.023+0530] {dagbag.py:538} INFO - Filling up the DagBag from /home/lucky/.local/lib/python3.10/site-packages/airflow/example_dags/example_setup_teardown_taskflow.py
[2024-04-01T23:06:14.041+0530] {processor.py:840} INFO - DAG(s) 'example_setup_teardown_taskflow' retrieved from /home/lucky/.local/lib/python3.10/site-packages/airflow/example_dags/example_setup_teardown_taskflow.py
[2024-04-01T23:06:14.063+0530] {logging_mixin.py:188} INFO - [2024-04-01T23:06:14.062+0530] {dag.py:3036} INFO - Sync 1 DAGs
[2024-04-01T23:06:14.093+0530] {logging_mixin.py:188} INFO - [2024-04-01T23:06:14.092+0530] {dag.py:3823} INFO - Setting next_dagrun for example_setup_teardown_taskflow to 2024-03-31 00:00:00+00:00, run_after=2024-04-01 00:00:00+00:00
[2024-04-01T23:06:14.120+0530] {processor.py:183} INFO - Processing /home/lucky/.local/lib/python3.10/site-packages/airflow/example_dags/example_setup_teardown_taskflow.py took 0.105 seconds
[2024-04-01T23:07:10.025+0530] {processor.py:161} INFO - Started process (PID=6739) to work on /home/lucky/.local/lib/python3.10/site-packages/airflow/example_dags/example_setup_teardown_taskflow.py
[2024-04-01T23:07:10.026+0530] {processor.py:830} INFO - Processing file /home/lucky/.local/lib/python3.10/site-packages/airflow/example_dags/example_setup_teardown_taskflow.py for tasks to queue
[2024-04-01T23:07:10.028+0530] {logging_mixin.py:188} INFO - [2024-04-01T23:07:10.027+0530] {dagbag.py:538} INFO - Filling up the DagBag from /home/lucky/.local/lib/python3.10/site-packages/airflow/example_dags/example_setup_teardown_taskflow.py
[2024-04-01T23:07:10.040+0530] {processor.py:840} INFO - DAG(s) 'example_setup_teardown_taskflow' retrieved from /home/lucky/.local/lib/python3.10/site-packages/airflow/example_dags/example_setup_teardown_taskflow.py
[2024-04-01T23:07:10.060+0530] {logging_mixin.py:188} INFO - [2024-04-01T23:07:10.060+0530] {dag.py:3036} INFO - Sync 1 DAGs
[2024-04-01T23:07:10.081+0530] {logging_mixin.py:188} INFO - [2024-04-01T23:07:10.081+0530] {dag.py:3823} INFO - Setting next_dagrun for example_setup_teardown_taskflow to 2024-03-31 00:00:00+00:00, run_after=2024-04-01 00:00:00+00:00
[2024-04-01T23:07:10.109+0530] {processor.py:183} INFO - Processing /home/lucky/.local/lib/python3.10/site-packages/airflow/example_dags/example_setup_teardown_taskflow.py took 0.087 seconds
[2024-04-01T23:08:06.461+0530] {processor.py:161} INFO - Started process (PID=7586) to work on /home/lucky/.local/lib/python3.10/site-packages/airflow/example_dags/example_setup_teardown_taskflow.py
[2024-04-01T23:08:06.464+0530] {processor.py:830} INFO - Processing file /home/lucky/.local/lib/python3.10/site-packages/airflow/example_dags/example_setup_teardown_taskflow.py for tasks to queue
[2024-04-01T23:08:06.466+0530] {logging_mixin.py:188} INFO - [2024-04-01T23:08:06.465+0530] {dagbag.py:538} INFO - Filling up the DagBag from /home/lucky/.local/lib/python3.10/site-packages/airflow/example_dags/example_setup_teardown_taskflow.py
[2024-04-01T23:08:06.501+0530] {processor.py:840} INFO - DAG(s) 'example_setup_teardown_taskflow' retrieved from /home/lucky/.local/lib/python3.10/site-packages/airflow/example_dags/example_setup_teardown_taskflow.py
[2024-04-01T23:08:06.530+0530] {logging_mixin.py:188} INFO - [2024-04-01T23:08:06.530+0530] {dag.py:3036} INFO - Sync 1 DAGs
[2024-04-01T23:08:06.578+0530] {logging_mixin.py:188} INFO - [2024-04-01T23:08:06.577+0530] {dag.py:3823} INFO - Setting next_dagrun for example_setup_teardown_taskflow to 2024-03-31 00:00:00+00:00, run_after=2024-04-01 00:00:00+00:00
[2024-04-01T23:08:06.624+0530] {processor.py:183} INFO - Processing /home/lucky/.local/lib/python3.10/site-packages/airflow/example_dags/example_setup_teardown_taskflow.py took 0.171 seconds
[2024-04-01T23:11:04.450+0530] {processor.py:161} INFO - Started process (PID=9948) to work on /home/lucky/.local/lib/python3.10/site-packages/airflow/example_dags/example_setup_teardown_taskflow.py
[2024-04-01T23:11:04.452+0530] {processor.py:830} INFO - Processing file /home/lucky/.local/lib/python3.10/site-packages/airflow/example_dags/example_setup_teardown_taskflow.py for tasks to queue
[2024-04-01T23:11:04.454+0530] {logging_mixin.py:188} INFO - [2024-04-01T23:11:04.453+0530] {dagbag.py:538} INFO - Filling up the DagBag from /home/lucky/.local/lib/python3.10/site-packages/airflow/example_dags/example_setup_teardown_taskflow.py
[2024-04-01T23:11:04.471+0530] {processor.py:840} INFO - DAG(s) 'example_setup_teardown_taskflow' retrieved from /home/lucky/.local/lib/python3.10/site-packages/airflow/example_dags/example_setup_teardown_taskflow.py
[2024-04-01T23:11:04.495+0530] {logging_mixin.py:188} INFO - [2024-04-01T23:11:04.495+0530] {dag.py:3036} INFO - Sync 1 DAGs
[2024-04-01T23:11:04.533+0530] {logging_mixin.py:188} INFO - [2024-04-01T23:11:04.532+0530] {dag.py:3823} INFO - Setting next_dagrun for example_setup_teardown_taskflow to 2024-03-31 00:00:00+00:00, run_after=2024-04-01 00:00:00+00:00
[2024-04-01T23:11:04.576+0530] {processor.py:183} INFO - Processing /home/lucky/.local/lib/python3.10/site-packages/airflow/example_dags/example_setup_teardown_taskflow.py took 0.131 seconds
[2024-04-01T23:12:08.642+0530] {processor.py:161} INFO - Started process (PID=11011) to work on /home/lucky/.local/lib/python3.10/site-packages/airflow/example_dags/example_setup_teardown_taskflow.py
[2024-04-01T23:12:08.644+0530] {processor.py:830} INFO - Processing file /home/lucky/.local/lib/python3.10/site-packages/airflow/example_dags/example_setup_teardown_taskflow.py for tasks to queue
[2024-04-01T23:12:08.645+0530] {logging_mixin.py:188} INFO - [2024-04-01T23:12:08.644+0530] {dagbag.py:538} INFO - Filling up the DagBag from /home/lucky/.local/lib/python3.10/site-packages/airflow/example_dags/example_setup_teardown_taskflow.py
[2024-04-01T23:12:08.654+0530] {processor.py:840} INFO - DAG(s) 'example_setup_teardown_taskflow' retrieved from /home/lucky/.local/lib/python3.10/site-packages/airflow/example_dags/example_setup_teardown_taskflow.py
[2024-04-01T23:12:08.676+0530] {logging_mixin.py:188} INFO - [2024-04-01T23:12:08.676+0530] {dag.py:3036} INFO - Sync 1 DAGs
[2024-04-01T23:12:08.696+0530] {logging_mixin.py:188} INFO - [2024-04-01T23:12:08.696+0530] {dag.py:3823} INFO - Setting next_dagrun for example_setup_teardown_taskflow to 2024-03-31 00:00:00+00:00, run_after=2024-04-01 00:00:00+00:00
[2024-04-01T23:12:08.724+0530] {processor.py:183} INFO - Processing /home/lucky/.local/lib/python3.10/site-packages/airflow/example_dags/example_setup_teardown_taskflow.py took 0.087 seconds
[2024-04-01T23:13:09.676+0530] {processor.py:161} INFO - Started process (PID=12046) to work on /home/lucky/.local/lib/python3.10/site-packages/airflow/example_dags/example_setup_teardown_taskflow.py
[2024-04-01T23:13:09.678+0530] {processor.py:830} INFO - Processing file /home/lucky/.local/lib/python3.10/site-packages/airflow/example_dags/example_setup_teardown_taskflow.py for tasks to queue
[2024-04-01T23:13:09.680+0530] {logging_mixin.py:188} INFO - [2024-04-01T23:13:09.679+0530] {dagbag.py:538} INFO - Filling up the DagBag from /home/lucky/.local/lib/python3.10/site-packages/airflow/example_dags/example_setup_teardown_taskflow.py
[2024-04-01T23:13:09.698+0530] {processor.py:840} INFO - DAG(s) 'example_setup_teardown_taskflow' retrieved from /home/lucky/.local/lib/python3.10/site-packages/airflow/example_dags/example_setup_teardown_taskflow.py
[2024-04-01T23:13:09.729+0530] {logging_mixin.py:188} INFO - [2024-04-01T23:13:09.729+0530] {dag.py:3036} INFO - Sync 1 DAGs
[2024-04-01T23:13:09.776+0530] {logging_mixin.py:188} INFO - [2024-04-01T23:13:09.776+0530] {dag.py:3823} INFO - Setting next_dagrun for example_setup_teardown_taskflow to 2024-03-31 00:00:00+00:00, run_after=2024-04-01 00:00:00+00:00
[2024-04-01T23:13:09.821+0530] {processor.py:183} INFO - Processing /home/lucky/.local/lib/python3.10/site-packages/airflow/example_dags/example_setup_teardown_taskflow.py took 0.150 seconds
[2024-04-01T23:14:07.269+0530] {processor.py:161} INFO - Started process (PID=12727) to work on /home/lucky/.local/lib/python3.10/site-packages/airflow/example_dags/example_setup_teardown_taskflow.py
[2024-04-01T23:14:07.271+0530] {processor.py:830} INFO - Processing file /home/lucky/.local/lib/python3.10/site-packages/airflow/example_dags/example_setup_teardown_taskflow.py for tasks to queue
[2024-04-01T23:14:07.273+0530] {logging_mixin.py:188} INFO - [2024-04-01T23:14:07.272+0530] {dagbag.py:538} INFO - Filling up the DagBag from /home/lucky/.local/lib/python3.10/site-packages/airflow/example_dags/example_setup_teardown_taskflow.py
[2024-04-01T23:14:07.294+0530] {processor.py:840} INFO - DAG(s) 'example_setup_teardown_taskflow' retrieved from /home/lucky/.local/lib/python3.10/site-packages/airflow/example_dags/example_setup_teardown_taskflow.py
[2024-04-01T23:14:07.330+0530] {logging_mixin.py:188} INFO - [2024-04-01T23:14:07.329+0530] {dag.py:3036} INFO - Sync 1 DAGs
[2024-04-01T23:14:07.375+0530] {logging_mixin.py:188} INFO - [2024-04-01T23:14:07.375+0530] {dag.py:3823} INFO - Setting next_dagrun for example_setup_teardown_taskflow to 2024-03-31 00:00:00+00:00, run_after=2024-04-01 00:00:00+00:00
[2024-04-01T23:14:07.428+0530] {processor.py:183} INFO - Processing /home/lucky/.local/lib/python3.10/site-packages/airflow/example_dags/example_setup_teardown_taskflow.py took 0.165 seconds
[2024-04-01T23:15:04.714+0530] {processor.py:161} INFO - Started process (PID=13714) to work on /home/lucky/.local/lib/python3.10/site-packages/airflow/example_dags/example_setup_teardown_taskflow.py
[2024-04-01T23:15:04.717+0530] {processor.py:830} INFO - Processing file /home/lucky/.local/lib/python3.10/site-packages/airflow/example_dags/example_setup_teardown_taskflow.py for tasks to queue
[2024-04-01T23:15:04.719+0530] {logging_mixin.py:188} INFO - [2024-04-01T23:15:04.718+0530] {dagbag.py:538} INFO - Filling up the DagBag from /home/lucky/.local/lib/python3.10/site-packages/airflow/example_dags/example_setup_teardown_taskflow.py
[2024-04-01T23:15:04.742+0530] {processor.py:840} INFO - DAG(s) 'example_setup_teardown_taskflow' retrieved from /home/lucky/.local/lib/python3.10/site-packages/airflow/example_dags/example_setup_teardown_taskflow.py
[2024-04-01T23:15:04.779+0530] {logging_mixin.py:188} INFO - [2024-04-01T23:15:04.778+0530] {dag.py:3036} INFO - Sync 1 DAGs
[2024-04-01T23:15:04.820+0530] {logging_mixin.py:188} INFO - [2024-04-01T23:15:04.819+0530] {dag.py:3823} INFO - Setting next_dagrun for example_setup_teardown_taskflow to 2024-03-31 00:00:00+00:00, run_after=2024-04-01 00:00:00+00:00
[2024-04-01T23:15:04.864+0530] {processor.py:183} INFO - Processing /home/lucky/.local/lib/python3.10/site-packages/airflow/example_dags/example_setup_teardown_taskflow.py took 0.155 seconds
[2024-04-01T23:15:55.681+0530] {processor.py:161} INFO - Started process (PID=14491) to work on /home/lucky/.local/lib/python3.10/site-packages/airflow/example_dags/example_setup_teardown_taskflow.py
[2024-04-01T23:15:55.682+0530] {processor.py:830} INFO - Processing file /home/lucky/.local/lib/python3.10/site-packages/airflow/example_dags/example_setup_teardown_taskflow.py for tasks to queue
[2024-04-01T23:15:55.684+0530] {logging_mixin.py:188} INFO - [2024-04-01T23:15:55.683+0530] {dagbag.py:538} INFO - Filling up the DagBag from /home/lucky/.local/lib/python3.10/site-packages/airflow/example_dags/example_setup_teardown_taskflow.py
[2024-04-01T23:15:55.696+0530] {processor.py:840} INFO - DAG(s) 'example_setup_teardown_taskflow' retrieved from /home/lucky/.local/lib/python3.10/site-packages/airflow/example_dags/example_setup_teardown_taskflow.py
[2024-04-01T23:15:55.715+0530] {logging_mixin.py:188} INFO - [2024-04-01T23:15:55.715+0530] {dag.py:3036} INFO - Sync 1 DAGs
[2024-04-01T23:15:55.737+0530] {logging_mixin.py:188} INFO - [2024-04-01T23:15:55.737+0530] {dag.py:3823} INFO - Setting next_dagrun for example_setup_teardown_taskflow to 2024-03-31 00:00:00+00:00, run_after=2024-04-01 00:00:00+00:00
[2024-04-01T23:15:55.767+0530] {processor.py:183} INFO - Processing /home/lucky/.local/lib/python3.10/site-packages/airflow/example_dags/example_setup_teardown_taskflow.py took 0.090 seconds
[2024-04-01T23:16:40.457+0530] {processor.py:161} INFO - Started process (PID=15139) to work on /home/lucky/.local/lib/python3.10/site-packages/airflow/example_dags/example_setup_teardown_taskflow.py
[2024-04-01T23:16:40.459+0530] {processor.py:830} INFO - Processing file /home/lucky/.local/lib/python3.10/site-packages/airflow/example_dags/example_setup_teardown_taskflow.py for tasks to queue
[2024-04-01T23:16:40.460+0530] {logging_mixin.py:188} INFO - [2024-04-01T23:16:40.460+0530] {dagbag.py:538} INFO - Filling up the DagBag from /home/lucky/.local/lib/python3.10/site-packages/airflow/example_dags/example_setup_teardown_taskflow.py
[2024-04-01T23:16:40.470+0530] {processor.py:840} INFO - DAG(s) 'example_setup_teardown_taskflow' retrieved from /home/lucky/.local/lib/python3.10/site-packages/airflow/example_dags/example_setup_teardown_taskflow.py
[2024-04-01T23:16:40.485+0530] {logging_mixin.py:188} INFO - [2024-04-01T23:16:40.485+0530] {dag.py:3036} INFO - Sync 1 DAGs
[2024-04-01T23:16:40.504+0530] {logging_mixin.py:188} INFO - [2024-04-01T23:16:40.504+0530] {dag.py:3823} INFO - Setting next_dagrun for example_setup_teardown_taskflow to 2024-03-31 00:00:00+00:00, run_after=2024-04-01 00:00:00+00:00
[2024-04-01T23:16:40.525+0530] {processor.py:183} INFO - Processing /home/lucky/.local/lib/python3.10/site-packages/airflow/example_dags/example_setup_teardown_taskflow.py took 0.071 seconds
