[2024-04-01T21:41:51.122+0530] {processor.py:161} INFO - Started process (PID=17251) to work on /home/lucky/.local/lib/python3.10/site-packages/airflow/example_dags/example_task_group_decorator.py
[2024-04-01T21:41:51.124+0530] {processor.py:830} INFO - Processing file /home/lucky/.local/lib/python3.10/site-packages/airflow/example_dags/example_task_group_decorator.py for tasks to queue
[2024-04-01T21:41:51.125+0530] {logging_mixin.py:188} INFO - [2024-04-01T21:41:51.125+0530] {dagbag.py:538} INFO - Filling up the DagBag from /home/lucky/.local/lib/python3.10/site-packages/airflow/example_dags/example_task_group_decorator.py
[2024-04-01T21:41:51.145+0530] {processor.py:840} INFO - DAG(s) 'example_task_group_decorator' retrieved from /home/lucky/.local/lib/python3.10/site-packages/airflow/example_dags/example_task_group_decorator.py
[2024-04-01T21:41:51.307+0530] {logging_mixin.py:188} INFO - [2024-04-01T21:41:51.306+0530] {dag.py:3036} INFO - Sync 1 DAGs
[2024-04-01T21:41:51.337+0530] {logging_mixin.py:188} INFO - [2024-04-01T21:41:51.336+0530] {dag.py:3823} INFO - Setting next_dagrun for example_task_group_decorator to 2024-03-31 00:00:00+00:00, run_after=2024-04-01 00:00:00+00:00
[2024-04-01T21:41:51.372+0530] {processor.py:183} INFO - Processing /home/lucky/.local/lib/python3.10/site-packages/airflow/example_dags/example_task_group_decorator.py took 0.254 seconds
[2024-04-01T21:43:02.701+0530] {processor.py:161} INFO - Started process (PID=18391) to work on /home/lucky/.local/lib/python3.10/site-packages/airflow/example_dags/example_task_group_decorator.py
[2024-04-01T21:43:02.703+0530] {processor.py:830} INFO - Processing file /home/lucky/.local/lib/python3.10/site-packages/airflow/example_dags/example_task_group_decorator.py for tasks to queue
[2024-04-01T21:43:02.705+0530] {logging_mixin.py:188} INFO - [2024-04-01T21:43:02.704+0530] {dagbag.py:538} INFO - Filling up the DagBag from /home/lucky/.local/lib/python3.10/site-packages/airflow/example_dags/example_task_group_decorator.py
[2024-04-01T21:43:02.736+0530] {processor.py:840} INFO - DAG(s) 'example_task_group_decorator' retrieved from /home/lucky/.local/lib/python3.10/site-packages/airflow/example_dags/example_task_group_decorator.py
[2024-04-01T21:43:02.772+0530] {logging_mixin.py:188} INFO - [2024-04-01T21:43:02.771+0530] {dag.py:3036} INFO - Sync 1 DAGs
[2024-04-01T21:43:02.831+0530] {logging_mixin.py:188} INFO - [2024-04-01T21:43:02.830+0530] {dag.py:3823} INFO - Setting next_dagrun for example_task_group_decorator to 2024-03-31 00:00:00+00:00, run_after=2024-04-01 00:00:00+00:00
[2024-04-01T21:43:02.926+0530] {processor.py:183} INFO - Processing /home/lucky/.local/lib/python3.10/site-packages/airflow/example_dags/example_task_group_decorator.py took 0.229 seconds
[2024-04-01T21:44:24.535+0530] {processor.py:161} INFO - Started process (PID=19702) to work on /home/lucky/.local/lib/python3.10/site-packages/airflow/example_dags/example_task_group_decorator.py
[2024-04-01T21:44:24.537+0530] {processor.py:830} INFO - Processing file /home/lucky/.local/lib/python3.10/site-packages/airflow/example_dags/example_task_group_decorator.py for tasks to queue
[2024-04-01T21:44:24.539+0530] {logging_mixin.py:188} INFO - [2024-04-01T21:44:24.538+0530] {dagbag.py:538} INFO - Filling up the DagBag from /home/lucky/.local/lib/python3.10/site-packages/airflow/example_dags/example_task_group_decorator.py
[2024-04-01T21:44:24.564+0530] {processor.py:840} INFO - DAG(s) 'example_task_group_decorator' retrieved from /home/lucky/.local/lib/python3.10/site-packages/airflow/example_dags/example_task_group_decorator.py
[2024-04-01T21:44:24.590+0530] {logging_mixin.py:188} INFO - [2024-04-01T21:44:24.590+0530] {dag.py:3036} INFO - Sync 1 DAGs
[2024-04-01T21:44:24.619+0530] {logging_mixin.py:188} INFO - [2024-04-01T21:44:24.619+0530] {dag.py:3823} INFO - Setting next_dagrun for example_task_group_decorator to 2024-03-31 00:00:00+00:00, run_after=2024-04-01 00:00:00+00:00
[2024-04-01T21:44:24.664+0530] {processor.py:183} INFO - Processing /home/lucky/.local/lib/python3.10/site-packages/airflow/example_dags/example_task_group_decorator.py took 0.133 seconds
[2024-04-01T21:44:32.670+0530] {processor.py:161} INFO - Started process (PID=19830) to work on /home/lucky/.local/lib/python3.10/site-packages/airflow/example_dags/example_task_group_decorator.py
[2024-04-01T21:44:32.672+0530] {processor.py:830} INFO - Processing file /home/lucky/.local/lib/python3.10/site-packages/airflow/example_dags/example_task_group_decorator.py for tasks to queue
[2024-04-01T21:44:32.674+0530] {logging_mixin.py:188} INFO - [2024-04-01T21:44:32.673+0530] {dagbag.py:538} INFO - Filling up the DagBag from /home/lucky/.local/lib/python3.10/site-packages/airflow/example_dags/example_task_group_decorator.py
[2024-04-01T21:44:32.698+0530] {processor.py:840} INFO - DAG(s) 'example_task_group_decorator' retrieved from /home/lucky/.local/lib/python3.10/site-packages/airflow/example_dags/example_task_group_decorator.py
[2024-04-01T21:44:32.731+0530] {logging_mixin.py:188} INFO - [2024-04-01T21:44:32.730+0530] {dag.py:3036} INFO - Sync 1 DAGs
[2024-04-01T21:44:32.764+0530] {logging_mixin.py:188} INFO - [2024-04-01T21:44:32.764+0530] {dag.py:3823} INFO - Setting next_dagrun for example_task_group_decorator to 2024-03-31 00:00:00+00:00, run_after=2024-04-01 00:00:00+00:00
[2024-04-01T21:44:32.804+0530] {processor.py:183} INFO - Processing /home/lucky/.local/lib/python3.10/site-packages/airflow/example_dags/example_task_group_decorator.py took 0.138 seconds
[2024-04-01T21:45:24.095+0530] {processor.py:161} INFO - Started process (PID=20441) to work on /home/lucky/.local/lib/python3.10/site-packages/airflow/example_dags/example_task_group_decorator.py
[2024-04-01T21:45:24.098+0530] {processor.py:830} INFO - Processing file /home/lucky/.local/lib/python3.10/site-packages/airflow/example_dags/example_task_group_decorator.py for tasks to queue
[2024-04-01T21:45:24.100+0530] {logging_mixin.py:188} INFO - [2024-04-01T21:45:24.099+0530] {dagbag.py:538} INFO - Filling up the DagBag from /home/lucky/.local/lib/python3.10/site-packages/airflow/example_dags/example_task_group_decorator.py
[2024-04-01T21:45:24.141+0530] {processor.py:840} INFO - DAG(s) 'example_task_group_decorator' retrieved from /home/lucky/.local/lib/python3.10/site-packages/airflow/example_dags/example_task_group_decorator.py
[2024-04-01T21:45:24.178+0530] {logging_mixin.py:188} INFO - [2024-04-01T21:45:24.177+0530] {dag.py:3036} INFO - Sync 1 DAGs
[2024-04-01T21:45:24.212+0530] {logging_mixin.py:188} INFO - [2024-04-01T21:45:24.211+0530] {dag.py:3823} INFO - Setting next_dagrun for example_task_group_decorator to 2024-03-31 00:00:00+00:00, run_after=2024-04-01 00:00:00+00:00
[2024-04-01T21:45:24.253+0530] {processor.py:183} INFO - Processing /home/lucky/.local/lib/python3.10/site-packages/airflow/example_dags/example_task_group_decorator.py took 0.166 seconds
[2024-04-01T21:58:15.002+0530] {processor.py:161} INFO - Started process (PID=31739) to work on /home/lucky/.local/lib/python3.10/site-packages/airflow/example_dags/example_task_group_decorator.py
[2024-04-01T21:58:15.004+0530] {processor.py:830} INFO - Processing file /home/lucky/.local/lib/python3.10/site-packages/airflow/example_dags/example_task_group_decorator.py for tasks to queue
[2024-04-01T21:58:15.006+0530] {logging_mixin.py:188} INFO - [2024-04-01T21:58:15.005+0530] {dagbag.py:538} INFO - Filling up the DagBag from /home/lucky/.local/lib/python3.10/site-packages/airflow/example_dags/example_task_group_decorator.py
[2024-04-01T21:58:15.026+0530] {processor.py:840} INFO - DAG(s) 'example_task_group_decorator' retrieved from /home/lucky/.local/lib/python3.10/site-packages/airflow/example_dags/example_task_group_decorator.py
[2024-04-01T21:58:15.055+0530] {logging_mixin.py:188} INFO - [2024-04-01T21:58:15.054+0530] {dag.py:3036} INFO - Sync 1 DAGs
[2024-04-01T21:58:15.084+0530] {logging_mixin.py:188} INFO - [2024-04-01T21:58:15.084+0530] {dag.py:3823} INFO - Setting next_dagrun for example_task_group_decorator to 2024-03-31 00:00:00+00:00, run_after=2024-04-01 00:00:00+00:00
[2024-04-01T21:58:15.116+0530] {processor.py:183} INFO - Processing /home/lucky/.local/lib/python3.10/site-packages/airflow/example_dags/example_task_group_decorator.py took 0.118 seconds
[2024-04-01T21:59:18.868+0530] {processor.py:161} INFO - Started process (PID=32766) to work on /home/lucky/.local/lib/python3.10/site-packages/airflow/example_dags/example_task_group_decorator.py
[2024-04-01T21:59:18.871+0530] {processor.py:830} INFO - Processing file /home/lucky/.local/lib/python3.10/site-packages/airflow/example_dags/example_task_group_decorator.py for tasks to queue
[2024-04-01T21:59:18.873+0530] {logging_mixin.py:188} INFO - [2024-04-01T21:59:18.872+0530] {dagbag.py:538} INFO - Filling up the DagBag from /home/lucky/.local/lib/python3.10/site-packages/airflow/example_dags/example_task_group_decorator.py
[2024-04-01T21:59:18.911+0530] {processor.py:840} INFO - DAG(s) 'example_task_group_decorator' retrieved from /home/lucky/.local/lib/python3.10/site-packages/airflow/example_dags/example_task_group_decorator.py
[2024-04-01T21:59:18.957+0530] {logging_mixin.py:188} INFO - [2024-04-01T21:59:18.957+0530] {dag.py:3036} INFO - Sync 1 DAGs
[2024-04-01T21:59:19.032+0530] {logging_mixin.py:188} INFO - [2024-04-01T21:59:19.031+0530] {dag.py:3823} INFO - Setting next_dagrun for example_task_group_decorator to 2024-03-31 00:00:00+00:00, run_after=2024-04-01 00:00:00+00:00
[2024-04-01T21:59:19.078+0530] {processor.py:183} INFO - Processing /home/lucky/.local/lib/python3.10/site-packages/airflow/example_dags/example_task_group_decorator.py took 0.216 seconds
[2024-04-01T22:00:21.579+0530] {processor.py:161} INFO - Started process (PID=33831) to work on /home/lucky/.local/lib/python3.10/site-packages/airflow/example_dags/example_task_group_decorator.py
[2024-04-01T22:00:21.581+0530] {processor.py:830} INFO - Processing file /home/lucky/.local/lib/python3.10/site-packages/airflow/example_dags/example_task_group_decorator.py for tasks to queue
[2024-04-01T22:00:21.582+0530] {logging_mixin.py:188} INFO - [2024-04-01T22:00:21.582+0530] {dagbag.py:538} INFO - Filling up the DagBag from /home/lucky/.local/lib/python3.10/site-packages/airflow/example_dags/example_task_group_decorator.py
[2024-04-01T22:00:21.608+0530] {processor.py:840} INFO - DAG(s) 'example_task_group_decorator' retrieved from /home/lucky/.local/lib/python3.10/site-packages/airflow/example_dags/example_task_group_decorator.py
[2024-04-01T22:00:21.639+0530] {logging_mixin.py:188} INFO - [2024-04-01T22:00:21.639+0530] {dag.py:3036} INFO - Sync 1 DAGs
[2024-04-01T22:00:21.673+0530] {logging_mixin.py:188} INFO - [2024-04-01T22:00:21.672+0530] {dag.py:3823} INFO - Setting next_dagrun for example_task_group_decorator to 2024-03-31 00:00:00+00:00, run_after=2024-04-01 00:00:00+00:00
[2024-04-01T22:00:21.704+0530] {processor.py:183} INFO - Processing /home/lucky/.local/lib/python3.10/site-packages/airflow/example_dags/example_task_group_decorator.py took 0.128 seconds
[2024-04-01T22:01:17.189+0530] {processor.py:161} INFO - Started process (PID=34495) to work on /home/lucky/.local/lib/python3.10/site-packages/airflow/example_dags/example_task_group_decorator.py
[2024-04-01T22:01:17.191+0530] {processor.py:830} INFO - Processing file /home/lucky/.local/lib/python3.10/site-packages/airflow/example_dags/example_task_group_decorator.py for tasks to queue
[2024-04-01T22:01:17.192+0530] {logging_mixin.py:188} INFO - [2024-04-01T22:01:17.191+0530] {dagbag.py:538} INFO - Filling up the DagBag from /home/lucky/.local/lib/python3.10/site-packages/airflow/example_dags/example_task_group_decorator.py
[2024-04-01T22:01:17.211+0530] {processor.py:840} INFO - DAG(s) 'example_task_group_decorator' retrieved from /home/lucky/.local/lib/python3.10/site-packages/airflow/example_dags/example_task_group_decorator.py
[2024-04-01T22:01:17.240+0530] {logging_mixin.py:188} INFO - [2024-04-01T22:01:17.239+0530] {dag.py:3036} INFO - Sync 1 DAGs
[2024-04-01T22:01:17.267+0530] {logging_mixin.py:188} INFO - [2024-04-01T22:01:17.267+0530] {dag.py:3823} INFO - Setting next_dagrun for example_task_group_decorator to 2024-03-31 00:00:00+00:00, run_after=2024-04-01 00:00:00+00:00
[2024-04-01T22:01:17.306+0530] {processor.py:183} INFO - Processing /home/lucky/.local/lib/python3.10/site-packages/airflow/example_dags/example_task_group_decorator.py took 0.120 seconds
[2024-04-01T22:02:15.226+0530] {processor.py:161} INFO - Started process (PID=35500) to work on /home/lucky/.local/lib/python3.10/site-packages/airflow/example_dags/example_task_group_decorator.py
[2024-04-01T22:02:15.234+0530] {processor.py:830} INFO - Processing file /home/lucky/.local/lib/python3.10/site-packages/airflow/example_dags/example_task_group_decorator.py for tasks to queue
[2024-04-01T22:02:15.235+0530] {logging_mixin.py:188} INFO - [2024-04-01T22:02:15.235+0530] {dagbag.py:538} INFO - Filling up the DagBag from /home/lucky/.local/lib/python3.10/site-packages/airflow/example_dags/example_task_group_decorator.py
[2024-04-01T22:02:15.297+0530] {processor.py:840} INFO - DAG(s) 'example_task_group_decorator' retrieved from /home/lucky/.local/lib/python3.10/site-packages/airflow/example_dags/example_task_group_decorator.py
[2024-04-01T22:02:15.369+0530] {logging_mixin.py:188} INFO - [2024-04-01T22:02:15.368+0530] {dag.py:3036} INFO - Sync 1 DAGs
[2024-04-01T22:02:15.442+0530] {logging_mixin.py:188} INFO - [2024-04-01T22:02:15.441+0530] {dag.py:3823} INFO - Setting next_dagrun for example_task_group_decorator to 2024-03-31 00:00:00+00:00, run_after=2024-04-01 00:00:00+00:00
[2024-04-01T22:02:15.518+0530] {processor.py:183} INFO - Processing /home/lucky/.local/lib/python3.10/site-packages/airflow/example_dags/example_task_group_decorator.py took 0.308 seconds
[2024-04-01T22:03:17.690+0530] {processor.py:161} INFO - Started process (PID=36259) to work on /home/lucky/.local/lib/python3.10/site-packages/airflow/example_dags/example_task_group_decorator.py
[2024-04-01T22:03:17.701+0530] {processor.py:830} INFO - Processing file /home/lucky/.local/lib/python3.10/site-packages/airflow/example_dags/example_task_group_decorator.py for tasks to queue
[2024-04-01T22:03:17.704+0530] {logging_mixin.py:188} INFO - [2024-04-01T22:03:17.703+0530] {dagbag.py:538} INFO - Filling up the DagBag from /home/lucky/.local/lib/python3.10/site-packages/airflow/example_dags/example_task_group_decorator.py
[2024-04-01T22:03:17.770+0530] {processor.py:840} INFO - DAG(s) 'example_task_group_decorator' retrieved from /home/lucky/.local/lib/python3.10/site-packages/airflow/example_dags/example_task_group_decorator.py
[2024-04-01T22:03:17.819+0530] {logging_mixin.py:188} INFO - [2024-04-01T22:03:17.819+0530] {dag.py:3036} INFO - Sync 1 DAGs
[2024-04-01T22:03:17.868+0530] {logging_mixin.py:188} INFO - [2024-04-01T22:03:17.867+0530] {dag.py:3823} INFO - Setting next_dagrun for example_task_group_decorator to 2024-03-31 00:00:00+00:00, run_after=2024-04-01 00:00:00+00:00
[2024-04-01T22:03:17.920+0530] {processor.py:183} INFO - Processing /home/lucky/.local/lib/python3.10/site-packages/airflow/example_dags/example_task_group_decorator.py took 0.236 seconds
[2024-04-01T22:04:31.997+0530] {processor.py:161} INFO - Started process (PID=37417) to work on /home/lucky/.local/lib/python3.10/site-packages/airflow/example_dags/example_task_group_decorator.py
[2024-04-01T22:04:31.999+0530] {processor.py:830} INFO - Processing file /home/lucky/.local/lib/python3.10/site-packages/airflow/example_dags/example_task_group_decorator.py for tasks to queue
[2024-04-01T22:04:32.000+0530] {logging_mixin.py:188} INFO - [2024-04-01T22:04:32.000+0530] {dagbag.py:538} INFO - Filling up the DagBag from /home/lucky/.local/lib/python3.10/site-packages/airflow/example_dags/example_task_group_decorator.py
[2024-04-01T22:04:32.027+0530] {processor.py:840} INFO - DAG(s) 'example_task_group_decorator' retrieved from /home/lucky/.local/lib/python3.10/site-packages/airflow/example_dags/example_task_group_decorator.py
[2024-04-01T22:04:32.051+0530] {logging_mixin.py:188} INFO - [2024-04-01T22:04:32.050+0530] {dag.py:3036} INFO - Sync 1 DAGs
[2024-04-01T22:04:32.080+0530] {logging_mixin.py:188} INFO - [2024-04-01T22:04:32.080+0530] {dag.py:3823} INFO - Setting next_dagrun for example_task_group_decorator to 2024-03-31 00:00:00+00:00, run_after=2024-04-01 00:00:00+00:00
[2024-04-01T22:04:32.112+0530] {processor.py:183} INFO - Processing /home/lucky/.local/lib/python3.10/site-packages/airflow/example_dags/example_task_group_decorator.py took 0.118 seconds
[2024-04-01T22:05:35.027+0530] {processor.py:161} INFO - Started process (PID=38477) to work on /home/lucky/.local/lib/python3.10/site-packages/airflow/example_dags/example_task_group_decorator.py
[2024-04-01T22:05:35.028+0530] {processor.py:830} INFO - Processing file /home/lucky/.local/lib/python3.10/site-packages/airflow/example_dags/example_task_group_decorator.py for tasks to queue
[2024-04-01T22:05:35.029+0530] {logging_mixin.py:188} INFO - [2024-04-01T22:05:35.029+0530] {dagbag.py:538} INFO - Filling up the DagBag from /home/lucky/.local/lib/python3.10/site-packages/airflow/example_dags/example_task_group_decorator.py
[2024-04-01T22:05:35.054+0530] {processor.py:840} INFO - DAG(s) 'example_task_group_decorator' retrieved from /home/lucky/.local/lib/python3.10/site-packages/airflow/example_dags/example_task_group_decorator.py
[2024-04-01T22:05:35.085+0530] {logging_mixin.py:188} INFO - [2024-04-01T22:05:35.085+0530] {dag.py:3036} INFO - Sync 1 DAGs
[2024-04-01T22:05:35.119+0530] {logging_mixin.py:188} INFO - [2024-04-01T22:05:35.119+0530] {dag.py:3823} INFO - Setting next_dagrun for example_task_group_decorator to 2024-03-31 00:00:00+00:00, run_after=2024-04-01 00:00:00+00:00
[2024-04-01T22:05:35.150+0530] {processor.py:183} INFO - Processing /home/lucky/.local/lib/python3.10/site-packages/airflow/example_dags/example_task_group_decorator.py took 0.127 seconds
[2024-04-01T22:06:55.537+0530] {processor.py:161} INFO - Started process (PID=39426) to work on /home/lucky/.local/lib/python3.10/site-packages/airflow/example_dags/example_task_group_decorator.py
[2024-04-01T22:06:55.539+0530] {processor.py:830} INFO - Processing file /home/lucky/.local/lib/python3.10/site-packages/airflow/example_dags/example_task_group_decorator.py for tasks to queue
[2024-04-01T22:06:55.546+0530] {logging_mixin.py:188} INFO - [2024-04-01T22:06:55.545+0530] {dagbag.py:538} INFO - Filling up the DagBag from /home/lucky/.local/lib/python3.10/site-packages/airflow/example_dags/example_task_group_decorator.py
[2024-04-01T22:06:55.612+0530] {processor.py:840} INFO - DAG(s) 'example_task_group_decorator' retrieved from /home/lucky/.local/lib/python3.10/site-packages/airflow/example_dags/example_task_group_decorator.py
[2024-04-01T22:06:55.690+0530] {logging_mixin.py:188} INFO - [2024-04-01T22:06:55.690+0530] {dag.py:3036} INFO - Sync 1 DAGs
[2024-04-01T22:06:55.748+0530] {logging_mixin.py:188} INFO - [2024-04-01T22:06:55.747+0530] {dag.py:3823} INFO - Setting next_dagrun for example_task_group_decorator to 2024-03-31 00:00:00+00:00, run_after=2024-04-01 00:00:00+00:00
[2024-04-01T22:06:55.789+0530] {processor.py:183} INFO - Processing /home/lucky/.local/lib/python3.10/site-packages/airflow/example_dags/example_task_group_decorator.py took 0.257 seconds
[2024-04-01T22:08:20.532+0530] {processor.py:161} INFO - Started process (PID=40740) to work on /home/lucky/.local/lib/python3.10/site-packages/airflow/example_dags/example_task_group_decorator.py
[2024-04-01T22:08:20.535+0530] {processor.py:830} INFO - Processing file /home/lucky/.local/lib/python3.10/site-packages/airflow/example_dags/example_task_group_decorator.py for tasks to queue
[2024-04-01T22:08:20.536+0530] {logging_mixin.py:188} INFO - [2024-04-01T22:08:20.536+0530] {dagbag.py:538} INFO - Filling up the DagBag from /home/lucky/.local/lib/python3.10/site-packages/airflow/example_dags/example_task_group_decorator.py
[2024-04-01T22:08:20.603+0530] {processor.py:840} INFO - DAG(s) 'example_task_group_decorator' retrieved from /home/lucky/.local/lib/python3.10/site-packages/airflow/example_dags/example_task_group_decorator.py
[2024-04-01T22:08:20.703+0530] {logging_mixin.py:188} INFO - [2024-04-01T22:08:20.702+0530] {dag.py:3036} INFO - Sync 1 DAGs
[2024-04-01T22:08:20.816+0530] {logging_mixin.py:188} INFO - [2024-04-01T22:08:20.815+0530] {dag.py:3823} INFO - Setting next_dagrun for example_task_group_decorator to 2024-03-31 00:00:00+00:00, run_after=2024-04-01 00:00:00+00:00
[2024-04-01T22:08:20.896+0530] {processor.py:183} INFO - Processing /home/lucky/.local/lib/python3.10/site-packages/airflow/example_dags/example_task_group_decorator.py took 0.378 seconds
[2024-04-01T22:09:49.387+0530] {processor.py:161} INFO - Started process (PID=42016) to work on /home/lucky/.local/lib/python3.10/site-packages/airflow/example_dags/example_task_group_decorator.py
[2024-04-01T22:09:49.390+0530] {processor.py:830} INFO - Processing file /home/lucky/.local/lib/python3.10/site-packages/airflow/example_dags/example_task_group_decorator.py for tasks to queue
[2024-04-01T22:09:49.392+0530] {logging_mixin.py:188} INFO - [2024-04-01T22:09:49.392+0530] {dagbag.py:538} INFO - Filling up the DagBag from /home/lucky/.local/lib/python3.10/site-packages/airflow/example_dags/example_task_group_decorator.py
[2024-04-01T22:09:49.463+0530] {processor.py:840} INFO - DAG(s) 'example_task_group_decorator' retrieved from /home/lucky/.local/lib/python3.10/site-packages/airflow/example_dags/example_task_group_decorator.py
[2024-04-01T22:09:49.567+0530] {logging_mixin.py:188} INFO - [2024-04-01T22:09:49.567+0530] {dag.py:3036} INFO - Sync 1 DAGs
[2024-04-01T22:09:49.659+0530] {logging_mixin.py:188} INFO - [2024-04-01T22:09:49.658+0530] {dag.py:3823} INFO - Setting next_dagrun for example_task_group_decorator to 2024-03-31 00:00:00+00:00, run_after=2024-04-01 00:00:00+00:00
[2024-04-01T22:09:49.780+0530] {processor.py:183} INFO - Processing /home/lucky/.local/lib/python3.10/site-packages/airflow/example_dags/example_task_group_decorator.py took 0.404 seconds
[2024-04-01T22:11:13.594+0530] {processor.py:161} INFO - Started process (PID=43273) to work on /home/lucky/.local/lib/python3.10/site-packages/airflow/example_dags/example_task_group_decorator.py
[2024-04-01T22:11:13.606+0530] {processor.py:830} INFO - Processing file /home/lucky/.local/lib/python3.10/site-packages/airflow/example_dags/example_task_group_decorator.py for tasks to queue
[2024-04-01T22:11:13.608+0530] {logging_mixin.py:188} INFO - [2024-04-01T22:11:13.607+0530] {dagbag.py:538} INFO - Filling up the DagBag from /home/lucky/.local/lib/python3.10/site-packages/airflow/example_dags/example_task_group_decorator.py
[2024-04-01T22:11:13.683+0530] {processor.py:840} INFO - DAG(s) 'example_task_group_decorator' retrieved from /home/lucky/.local/lib/python3.10/site-packages/airflow/example_dags/example_task_group_decorator.py
[2024-04-01T22:11:13.786+0530] {logging_mixin.py:188} INFO - [2024-04-01T22:11:13.775+0530] {dag.py:3036} INFO - Sync 1 DAGs
[2024-04-01T22:11:13.888+0530] {logging_mixin.py:188} INFO - [2024-04-01T22:11:13.888+0530] {dag.py:3823} INFO - Setting next_dagrun for example_task_group_decorator to 2024-03-31 00:00:00+00:00, run_after=2024-04-01 00:00:00+00:00
[2024-04-01T22:11:13.966+0530] {processor.py:183} INFO - Processing /home/lucky/.local/lib/python3.10/site-packages/airflow/example_dags/example_task_group_decorator.py took 0.387 seconds
[2024-04-01T22:12:31.270+0530] {processor.py:161} INFO - Started process (PID=44146) to work on /home/lucky/.local/lib/python3.10/site-packages/airflow/example_dags/example_task_group_decorator.py
[2024-04-01T22:12:31.281+0530] {processor.py:830} INFO - Processing file /home/lucky/.local/lib/python3.10/site-packages/airflow/example_dags/example_task_group_decorator.py for tasks to queue
[2024-04-01T22:12:31.282+0530] {logging_mixin.py:188} INFO - [2024-04-01T22:12:31.282+0530] {dagbag.py:538} INFO - Filling up the DagBag from /home/lucky/.local/lib/python3.10/site-packages/airflow/example_dags/example_task_group_decorator.py
[2024-04-01T22:12:31.347+0530] {processor.py:840} INFO - DAG(s) 'example_task_group_decorator' retrieved from /home/lucky/.local/lib/python3.10/site-packages/airflow/example_dags/example_task_group_decorator.py
[2024-04-01T22:12:31.462+0530] {logging_mixin.py:188} INFO - [2024-04-01T22:12:31.461+0530] {dag.py:3036} INFO - Sync 1 DAGs
[2024-04-01T22:12:31.548+0530] {logging_mixin.py:188} INFO - [2024-04-01T22:12:31.548+0530] {dag.py:3823} INFO - Setting next_dagrun for example_task_group_decorator to 2024-03-31 00:00:00+00:00, run_after=2024-04-01 00:00:00+00:00
[2024-04-01T22:12:31.649+0530] {processor.py:183} INFO - Processing /home/lucky/.local/lib/python3.10/site-packages/airflow/example_dags/example_task_group_decorator.py took 0.395 seconds
[2024-04-01T22:13:47.304+0530] {processor.py:161} INFO - Started process (PID=45346) to work on /home/lucky/.local/lib/python3.10/site-packages/airflow/example_dags/example_task_group_decorator.py
[2024-04-01T22:13:47.307+0530] {processor.py:830} INFO - Processing file /home/lucky/.local/lib/python3.10/site-packages/airflow/example_dags/example_task_group_decorator.py for tasks to queue
[2024-04-01T22:13:47.308+0530] {logging_mixin.py:188} INFO - [2024-04-01T22:13:47.308+0530] {dagbag.py:538} INFO - Filling up the DagBag from /home/lucky/.local/lib/python3.10/site-packages/airflow/example_dags/example_task_group_decorator.py
[2024-04-01T22:13:47.337+0530] {processor.py:840} INFO - DAG(s) 'example_task_group_decorator' retrieved from /home/lucky/.local/lib/python3.10/site-packages/airflow/example_dags/example_task_group_decorator.py
[2024-04-01T22:13:47.367+0530] {logging_mixin.py:188} INFO - [2024-04-01T22:13:47.366+0530] {dag.py:3036} INFO - Sync 1 DAGs
[2024-04-01T22:13:47.407+0530] {logging_mixin.py:188} INFO - [2024-04-01T22:13:47.407+0530] {dag.py:3823} INFO - Setting next_dagrun for example_task_group_decorator to 2024-03-31 00:00:00+00:00, run_after=2024-04-01 00:00:00+00:00
[2024-04-01T22:13:47.455+0530] {processor.py:183} INFO - Processing /home/lucky/.local/lib/python3.10/site-packages/airflow/example_dags/example_task_group_decorator.py took 0.155 seconds
[2024-04-01T22:14:49.692+0530] {processor.py:161} INFO - Started process (PID=46392) to work on /home/lucky/.local/lib/python3.10/site-packages/airflow/example_dags/example_task_group_decorator.py
[2024-04-01T22:14:49.694+0530] {processor.py:830} INFO - Processing file /home/lucky/.local/lib/python3.10/site-packages/airflow/example_dags/example_task_group_decorator.py for tasks to queue
[2024-04-01T22:14:49.695+0530] {logging_mixin.py:188} INFO - [2024-04-01T22:14:49.695+0530] {dagbag.py:538} INFO - Filling up the DagBag from /home/lucky/.local/lib/python3.10/site-packages/airflow/example_dags/example_task_group_decorator.py
[2024-04-01T22:14:49.717+0530] {processor.py:840} INFO - DAG(s) 'example_task_group_decorator' retrieved from /home/lucky/.local/lib/python3.10/site-packages/airflow/example_dags/example_task_group_decorator.py
[2024-04-01T22:14:49.741+0530] {logging_mixin.py:188} INFO - [2024-04-01T22:14:49.740+0530] {dag.py:3036} INFO - Sync 1 DAGs
[2024-04-01T22:14:49.767+0530] {logging_mixin.py:188} INFO - [2024-04-01T22:14:49.767+0530] {dag.py:3823} INFO - Setting next_dagrun for example_task_group_decorator to 2024-03-31 00:00:00+00:00, run_after=2024-04-01 00:00:00+00:00
[2024-04-01T22:14:49.796+0530] {processor.py:183} INFO - Processing /home/lucky/.local/lib/python3.10/site-packages/airflow/example_dags/example_task_group_decorator.py took 0.107 seconds
[2024-04-01T22:15:44.752+0530] {processor.py:161} INFO - Started process (PID=47081) to work on /home/lucky/.local/lib/python3.10/site-packages/airflow/example_dags/example_task_group_decorator.py
[2024-04-01T22:15:44.755+0530] {processor.py:830} INFO - Processing file /home/lucky/.local/lib/python3.10/site-packages/airflow/example_dags/example_task_group_decorator.py for tasks to queue
[2024-04-01T22:15:44.758+0530] {logging_mixin.py:188} INFO - [2024-04-01T22:15:44.757+0530] {dagbag.py:538} INFO - Filling up the DagBag from /home/lucky/.local/lib/python3.10/site-packages/airflow/example_dags/example_task_group_decorator.py
[2024-04-01T22:15:44.814+0530] {processor.py:840} INFO - DAG(s) 'example_task_group_decorator' retrieved from /home/lucky/.local/lib/python3.10/site-packages/airflow/example_dags/example_task_group_decorator.py
[2024-04-01T22:15:44.879+0530] {logging_mixin.py:188} INFO - [2024-04-01T22:15:44.878+0530] {dag.py:3036} INFO - Sync 1 DAGs
[2024-04-01T22:15:44.930+0530] {logging_mixin.py:188} INFO - [2024-04-01T22:15:44.929+0530] {dag.py:3823} INFO - Setting next_dagrun for example_task_group_decorator to 2024-03-31 00:00:00+00:00, run_after=2024-04-01 00:00:00+00:00
[2024-04-01T22:15:44.986+0530] {processor.py:183} INFO - Processing /home/lucky/.local/lib/python3.10/site-packages/airflow/example_dags/example_task_group_decorator.py took 0.239 seconds
[2024-04-01T22:16:36.667+0530] {processor.py:161} INFO - Started process (PID=48017) to work on /home/lucky/.local/lib/python3.10/site-packages/airflow/example_dags/example_task_group_decorator.py
[2024-04-01T22:16:36.669+0530] {processor.py:830} INFO - Processing file /home/lucky/.local/lib/python3.10/site-packages/airflow/example_dags/example_task_group_decorator.py for tasks to queue
[2024-04-01T22:16:36.670+0530] {logging_mixin.py:188} INFO - [2024-04-01T22:16:36.670+0530] {dagbag.py:538} INFO - Filling up the DagBag from /home/lucky/.local/lib/python3.10/site-packages/airflow/example_dags/example_task_group_decorator.py
[2024-04-01T22:16:36.688+0530] {processor.py:840} INFO - DAG(s) 'example_task_group_decorator' retrieved from /home/lucky/.local/lib/python3.10/site-packages/airflow/example_dags/example_task_group_decorator.py
[2024-04-01T22:16:36.707+0530] {logging_mixin.py:188} INFO - [2024-04-01T22:16:36.707+0530] {dag.py:3036} INFO - Sync 1 DAGs
[2024-04-01T22:16:36.731+0530] {logging_mixin.py:188} INFO - [2024-04-01T22:16:36.730+0530] {dag.py:3823} INFO - Setting next_dagrun for example_task_group_decorator to 2024-03-31 00:00:00+00:00, run_after=2024-04-01 00:00:00+00:00
[2024-04-01T22:16:36.756+0530] {processor.py:183} INFO - Processing /home/lucky/.local/lib/python3.10/site-packages/airflow/example_dags/example_task_group_decorator.py took 0.092 seconds
[2024-04-01T22:17:29.371+0530] {processor.py:161} INFO - Started process (PID=48660) to work on /home/lucky/.local/lib/python3.10/site-packages/airflow/example_dags/example_task_group_decorator.py
[2024-04-01T22:17:29.373+0530] {processor.py:830} INFO - Processing file /home/lucky/.local/lib/python3.10/site-packages/airflow/example_dags/example_task_group_decorator.py for tasks to queue
[2024-04-01T22:17:29.374+0530] {logging_mixin.py:188} INFO - [2024-04-01T22:17:29.374+0530] {dagbag.py:538} INFO - Filling up the DagBag from /home/lucky/.local/lib/python3.10/site-packages/airflow/example_dags/example_task_group_decorator.py
[2024-04-01T22:17:29.390+0530] {processor.py:840} INFO - DAG(s) 'example_task_group_decorator' retrieved from /home/lucky/.local/lib/python3.10/site-packages/airflow/example_dags/example_task_group_decorator.py
[2024-04-01T22:17:29.409+0530] {logging_mixin.py:188} INFO - [2024-04-01T22:17:29.409+0530] {dag.py:3036} INFO - Sync 1 DAGs
[2024-04-01T22:17:29.428+0530] {logging_mixin.py:188} INFO - [2024-04-01T22:17:29.428+0530] {dag.py:3823} INFO - Setting next_dagrun for example_task_group_decorator to 2024-03-31 00:00:00+00:00, run_after=2024-04-01 00:00:00+00:00
[2024-04-01T22:17:29.453+0530] {processor.py:183} INFO - Processing /home/lucky/.local/lib/python3.10/site-packages/airflow/example_dags/example_task_group_decorator.py took 0.085 seconds
[2024-04-01T22:18:23.224+0530] {processor.py:161} INFO - Started process (PID=49622) to work on /home/lucky/.local/lib/python3.10/site-packages/airflow/example_dags/example_task_group_decorator.py
[2024-04-01T22:18:23.226+0530] {processor.py:830} INFO - Processing file /home/lucky/.local/lib/python3.10/site-packages/airflow/example_dags/example_task_group_decorator.py for tasks to queue
[2024-04-01T22:18:23.227+0530] {logging_mixin.py:188} INFO - [2024-04-01T22:18:23.227+0530] {dagbag.py:538} INFO - Filling up the DagBag from /home/lucky/.local/lib/python3.10/site-packages/airflow/example_dags/example_task_group_decorator.py
[2024-04-01T22:18:23.264+0530] {processor.py:840} INFO - DAG(s) 'example_task_group_decorator' retrieved from /home/lucky/.local/lib/python3.10/site-packages/airflow/example_dags/example_task_group_decorator.py
[2024-04-01T22:18:23.340+0530] {logging_mixin.py:188} INFO - [2024-04-01T22:18:23.339+0530] {dag.py:3036} INFO - Sync 1 DAGs
[2024-04-01T22:18:23.407+0530] {logging_mixin.py:188} INFO - [2024-04-01T22:18:23.406+0530] {dag.py:3823} INFO - Setting next_dagrun for example_task_group_decorator to 2024-03-31 00:00:00+00:00, run_after=2024-04-01 00:00:00+00:00
[2024-04-01T22:18:23.452+0530] {processor.py:183} INFO - Processing /home/lucky/.local/lib/python3.10/site-packages/airflow/example_dags/example_task_group_decorator.py took 0.232 seconds
[2024-04-01T22:19:14.050+0530] {processor.py:161} INFO - Started process (PID=50553) to work on /home/lucky/.local/lib/python3.10/site-packages/airflow/example_dags/example_task_group_decorator.py
[2024-04-01T22:19:14.052+0530] {processor.py:830} INFO - Processing file /home/lucky/.local/lib/python3.10/site-packages/airflow/example_dags/example_task_group_decorator.py for tasks to queue
[2024-04-01T22:19:14.054+0530] {logging_mixin.py:188} INFO - [2024-04-01T22:19:14.054+0530] {dagbag.py:538} INFO - Filling up the DagBag from /home/lucky/.local/lib/python3.10/site-packages/airflow/example_dags/example_task_group_decorator.py
[2024-04-01T22:19:14.081+0530] {processor.py:840} INFO - DAG(s) 'example_task_group_decorator' retrieved from /home/lucky/.local/lib/python3.10/site-packages/airflow/example_dags/example_task_group_decorator.py
[2024-04-01T22:19:14.106+0530] {logging_mixin.py:188} INFO - [2024-04-01T22:19:14.105+0530] {dag.py:3036} INFO - Sync 1 DAGs
[2024-04-01T22:19:14.145+0530] {logging_mixin.py:188} INFO - [2024-04-01T22:19:14.144+0530] {dag.py:3823} INFO - Setting next_dagrun for example_task_group_decorator to 2024-03-31 00:00:00+00:00, run_after=2024-04-01 00:00:00+00:00
[2024-04-01T22:19:14.174+0530] {processor.py:183} INFO - Processing /home/lucky/.local/lib/python3.10/site-packages/airflow/example_dags/example_task_group_decorator.py took 0.129 seconds
[2024-04-01T22:25:02.209+0530] {processor.py:161} INFO - Started process (PID=55754) to work on /home/lucky/.local/lib/python3.10/site-packages/airflow/example_dags/example_task_group_decorator.py
[2024-04-01T22:25:02.210+0530] {processor.py:830} INFO - Processing file /home/lucky/.local/lib/python3.10/site-packages/airflow/example_dags/example_task_group_decorator.py for tasks to queue
[2024-04-01T22:25:02.211+0530] {logging_mixin.py:188} INFO - [2024-04-01T22:25:02.211+0530] {dagbag.py:538} INFO - Filling up the DagBag from /home/lucky/.local/lib/python3.10/site-packages/airflow/example_dags/example_task_group_decorator.py
[2024-04-01T22:25:02.227+0530] {processor.py:840} INFO - DAG(s) 'example_task_group_decorator' retrieved from /home/lucky/.local/lib/python3.10/site-packages/airflow/example_dags/example_task_group_decorator.py
[2024-04-01T22:25:02.252+0530] {logging_mixin.py:188} INFO - [2024-04-01T22:25:02.251+0530] {dag.py:3036} INFO - Sync 1 DAGs
[2024-04-01T22:25:02.277+0530] {logging_mixin.py:188} INFO - [2024-04-01T22:25:02.277+0530] {dag.py:3823} INFO - Setting next_dagrun for example_task_group_decorator to 2024-03-31 00:00:00+00:00, run_after=2024-04-01 00:00:00+00:00
[2024-04-01T22:25:02.304+0530] {processor.py:183} INFO - Processing /home/lucky/.local/lib/python3.10/site-packages/airflow/example_dags/example_task_group_decorator.py took 0.099 seconds
[2024-04-01T22:27:07.464+0530] {processor.py:161} INFO - Started process (PID=57506) to work on /home/lucky/.local/lib/python3.10/site-packages/airflow/example_dags/example_task_group_decorator.py
[2024-04-01T22:27:07.466+0530] {processor.py:830} INFO - Processing file /home/lucky/.local/lib/python3.10/site-packages/airflow/example_dags/example_task_group_decorator.py for tasks to queue
[2024-04-01T22:27:07.467+0530] {logging_mixin.py:188} INFO - [2024-04-01T22:27:07.466+0530] {dagbag.py:538} INFO - Filling up the DagBag from /home/lucky/.local/lib/python3.10/site-packages/airflow/example_dags/example_task_group_decorator.py
[2024-04-01T22:27:07.485+0530] {processor.py:840} INFO - DAG(s) 'example_task_group_decorator' retrieved from /home/lucky/.local/lib/python3.10/site-packages/airflow/example_dags/example_task_group_decorator.py
[2024-04-01T22:27:07.512+0530] {logging_mixin.py:188} INFO - [2024-04-01T22:27:07.511+0530] {dag.py:3036} INFO - Sync 1 DAGs
[2024-04-01T22:27:07.541+0530] {logging_mixin.py:188} INFO - [2024-04-01T22:27:07.540+0530] {dag.py:3823} INFO - Setting next_dagrun for example_task_group_decorator to 2024-03-31 00:00:00+00:00, run_after=2024-04-01 00:00:00+00:00
[2024-04-01T22:27:07.575+0530] {processor.py:183} INFO - Processing /home/lucky/.local/lib/python3.10/site-packages/airflow/example_dags/example_task_group_decorator.py took 0.114 seconds
[2024-04-01T22:28:03.285+0530] {processor.py:161} INFO - Started process (PID=58584) to work on /home/lucky/.local/lib/python3.10/site-packages/airflow/example_dags/example_task_group_decorator.py
[2024-04-01T22:28:03.287+0530] {processor.py:830} INFO - Processing file /home/lucky/.local/lib/python3.10/site-packages/airflow/example_dags/example_task_group_decorator.py for tasks to queue
[2024-04-01T22:28:03.288+0530] {logging_mixin.py:188} INFO - [2024-04-01T22:28:03.288+0530] {dagbag.py:538} INFO - Filling up the DagBag from /home/lucky/.local/lib/python3.10/site-packages/airflow/example_dags/example_task_group_decorator.py
[2024-04-01T22:28:03.308+0530] {processor.py:840} INFO - DAG(s) 'example_task_group_decorator' retrieved from /home/lucky/.local/lib/python3.10/site-packages/airflow/example_dags/example_task_group_decorator.py
[2024-04-01T22:28:03.334+0530] {logging_mixin.py:188} INFO - [2024-04-01T22:28:03.333+0530] {dag.py:3036} INFO - Sync 1 DAGs
[2024-04-01T22:28:03.363+0530] {logging_mixin.py:188} INFO - [2024-04-01T22:28:03.363+0530] {dag.py:3823} INFO - Setting next_dagrun for example_task_group_decorator to 2024-03-31 00:00:00+00:00, run_after=2024-04-01 00:00:00+00:00
[2024-04-01T22:28:03.392+0530] {processor.py:183} INFO - Processing /home/lucky/.local/lib/python3.10/site-packages/airflow/example_dags/example_task_group_decorator.py took 0.111 seconds
[2024-04-01T22:28:54.941+0530] {processor.py:161} INFO - Started process (PID=59379) to work on /home/lucky/.local/lib/python3.10/site-packages/airflow/example_dags/example_task_group_decorator.py
[2024-04-01T22:28:54.943+0530] {processor.py:830} INFO - Processing file /home/lucky/.local/lib/python3.10/site-packages/airflow/example_dags/example_task_group_decorator.py for tasks to queue
[2024-04-01T22:28:54.946+0530] {logging_mixin.py:188} INFO - [2024-04-01T22:28:54.945+0530] {dagbag.py:538} INFO - Filling up the DagBag from /home/lucky/.local/lib/python3.10/site-packages/airflow/example_dags/example_task_group_decorator.py
[2024-04-01T22:28:54.978+0530] {processor.py:840} INFO - DAG(s) 'example_task_group_decorator' retrieved from /home/lucky/.local/lib/python3.10/site-packages/airflow/example_dags/example_task_group_decorator.py
[2024-04-01T22:28:55.000+0530] {logging_mixin.py:188} INFO - [2024-04-01T22:28:55.000+0530] {dag.py:3036} INFO - Sync 1 DAGs
[2024-04-01T22:28:55.038+0530] {logging_mixin.py:188} INFO - [2024-04-01T22:28:55.037+0530] {dag.py:3823} INFO - Setting next_dagrun for example_task_group_decorator to 2024-03-31 00:00:00+00:00, run_after=2024-04-01 00:00:00+00:00
[2024-04-01T22:28:55.076+0530] {processor.py:183} INFO - Processing /home/lucky/.local/lib/python3.10/site-packages/airflow/example_dags/example_task_group_decorator.py took 0.139 seconds
[2024-04-01T22:29:47.669+0530] {processor.py:161} INFO - Started process (PID=60251) to work on /home/lucky/.local/lib/python3.10/site-packages/airflow/example_dags/example_task_group_decorator.py
[2024-04-01T22:29:47.671+0530] {processor.py:830} INFO - Processing file /home/lucky/.local/lib/python3.10/site-packages/airflow/example_dags/example_task_group_decorator.py for tasks to queue
[2024-04-01T22:29:47.673+0530] {logging_mixin.py:188} INFO - [2024-04-01T22:29:47.673+0530] {dagbag.py:538} INFO - Filling up the DagBag from /home/lucky/.local/lib/python3.10/site-packages/airflow/example_dags/example_task_group_decorator.py
[2024-04-01T22:29:47.723+0530] {processor.py:840} INFO - DAG(s) 'example_task_group_decorator' retrieved from /home/lucky/.local/lib/python3.10/site-packages/airflow/example_dags/example_task_group_decorator.py
[2024-04-01T22:29:47.760+0530] {logging_mixin.py:188} INFO - [2024-04-01T22:29:47.759+0530] {dag.py:3036} INFO - Sync 1 DAGs
[2024-04-01T22:29:47.792+0530] {logging_mixin.py:188} INFO - [2024-04-01T22:29:47.791+0530] {dag.py:3823} INFO - Setting next_dagrun for example_task_group_decorator to 2024-03-31 00:00:00+00:00, run_after=2024-04-01 00:00:00+00:00
[2024-04-01T22:29:47.837+0530] {processor.py:183} INFO - Processing /home/lucky/.local/lib/python3.10/site-packages/airflow/example_dags/example_task_group_decorator.py took 0.173 seconds
[2024-04-01T22:30:37.832+0530] {processor.py:161} INFO - Started process (PID=61203) to work on /home/lucky/.local/lib/python3.10/site-packages/airflow/example_dags/example_task_group_decorator.py
[2024-04-01T22:30:37.834+0530] {processor.py:830} INFO - Processing file /home/lucky/.local/lib/python3.10/site-packages/airflow/example_dags/example_task_group_decorator.py for tasks to queue
[2024-04-01T22:30:37.836+0530] {logging_mixin.py:188} INFO - [2024-04-01T22:30:37.835+0530] {dagbag.py:538} INFO - Filling up the DagBag from /home/lucky/.local/lib/python3.10/site-packages/airflow/example_dags/example_task_group_decorator.py
[2024-04-01T22:30:37.864+0530] {processor.py:840} INFO - DAG(s) 'example_task_group_decorator' retrieved from /home/lucky/.local/lib/python3.10/site-packages/airflow/example_dags/example_task_group_decorator.py
[2024-04-01T22:30:37.888+0530] {logging_mixin.py:188} INFO - [2024-04-01T22:30:37.888+0530] {dag.py:3036} INFO - Sync 1 DAGs
[2024-04-01T22:30:37.914+0530] {logging_mixin.py:188} INFO - [2024-04-01T22:30:37.913+0530] {dag.py:3823} INFO - Setting next_dagrun for example_task_group_decorator to 2024-03-31 00:00:00+00:00, run_after=2024-04-01 00:00:00+00:00
[2024-04-01T22:30:37.947+0530] {processor.py:183} INFO - Processing /home/lucky/.local/lib/python3.10/site-packages/airflow/example_dags/example_task_group_decorator.py took 0.118 seconds
[2024-04-01T22:31:24.736+0530] {processor.py:161} INFO - Started process (PID=61742) to work on /home/lucky/.local/lib/python3.10/site-packages/airflow/example_dags/example_task_group_decorator.py
[2024-04-01T22:31:24.748+0530] {processor.py:830} INFO - Processing file /home/lucky/.local/lib/python3.10/site-packages/airflow/example_dags/example_task_group_decorator.py for tasks to queue
[2024-04-01T22:31:24.749+0530] {logging_mixin.py:188} INFO - [2024-04-01T22:31:24.749+0530] {dagbag.py:538} INFO - Filling up the DagBag from /home/lucky/.local/lib/python3.10/site-packages/airflow/example_dags/example_task_group_decorator.py
[2024-04-01T22:31:24.766+0530] {processor.py:840} INFO - DAG(s) 'example_task_group_decorator' retrieved from /home/lucky/.local/lib/python3.10/site-packages/airflow/example_dags/example_task_group_decorator.py
[2024-04-01T22:31:24.787+0530] {logging_mixin.py:188} INFO - [2024-04-01T22:31:24.786+0530] {dag.py:3036} INFO - Sync 1 DAGs
[2024-04-01T22:31:24.810+0530] {logging_mixin.py:188} INFO - [2024-04-01T22:31:24.810+0530] {dag.py:3823} INFO - Setting next_dagrun for example_task_group_decorator to 2024-03-31 00:00:00+00:00, run_after=2024-04-01 00:00:00+00:00
[2024-04-01T22:31:24.839+0530] {processor.py:183} INFO - Processing /home/lucky/.local/lib/python3.10/site-packages/airflow/example_dags/example_task_group_decorator.py took 0.106 seconds
[2024-04-01T22:32:14.290+0530] {processor.py:161} INFO - Started process (PID=62657) to work on /home/lucky/.local/lib/python3.10/site-packages/airflow/example_dags/example_task_group_decorator.py
[2024-04-01T22:32:14.293+0530] {processor.py:830} INFO - Processing file /home/lucky/.local/lib/python3.10/site-packages/airflow/example_dags/example_task_group_decorator.py for tasks to queue
[2024-04-01T22:32:14.294+0530] {logging_mixin.py:188} INFO - [2024-04-01T22:32:14.294+0530] {dagbag.py:538} INFO - Filling up the DagBag from /home/lucky/.local/lib/python3.10/site-packages/airflow/example_dags/example_task_group_decorator.py
[2024-04-01T22:32:14.314+0530] {processor.py:840} INFO - DAG(s) 'example_task_group_decorator' retrieved from /home/lucky/.local/lib/python3.10/site-packages/airflow/example_dags/example_task_group_decorator.py
[2024-04-01T22:32:14.337+0530] {logging_mixin.py:188} INFO - [2024-04-01T22:32:14.337+0530] {dag.py:3036} INFO - Sync 1 DAGs
[2024-04-01T22:32:14.358+0530] {logging_mixin.py:188} INFO - [2024-04-01T22:32:14.358+0530] {dag.py:3823} INFO - Setting next_dagrun for example_task_group_decorator to 2024-03-31 00:00:00+00:00, run_after=2024-04-01 00:00:00+00:00
[2024-04-01T22:32:14.384+0530] {processor.py:183} INFO - Processing /home/lucky/.local/lib/python3.10/site-packages/airflow/example_dags/example_task_group_decorator.py took 0.097 seconds
[2024-04-01T23:06:10.025+0530] {processor.py:161} INFO - Started process (PID=5675) to work on /home/lucky/.local/lib/python3.10/site-packages/airflow/example_dags/example_task_group_decorator.py
[2024-04-01T23:06:10.028+0530] {processor.py:830} INFO - Processing file /home/lucky/.local/lib/python3.10/site-packages/airflow/example_dags/example_task_group_decorator.py for tasks to queue
[2024-04-01T23:06:10.030+0530] {logging_mixin.py:188} INFO - [2024-04-01T23:06:10.029+0530] {dagbag.py:538} INFO - Filling up the DagBag from /home/lucky/.local/lib/python3.10/site-packages/airflow/example_dags/example_task_group_decorator.py
[2024-04-01T23:06:10.056+0530] {processor.py:840} INFO - DAG(s) 'example_task_group_decorator' retrieved from /home/lucky/.local/lib/python3.10/site-packages/airflow/example_dags/example_task_group_decorator.py
[2024-04-01T23:06:10.095+0530] {logging_mixin.py:188} INFO - [2024-04-01T23:06:10.094+0530] {dag.py:3036} INFO - Sync 1 DAGs
[2024-04-01T23:06:10.132+0530] {logging_mixin.py:188} INFO - [2024-04-01T23:06:10.131+0530] {dag.py:3823} INFO - Setting next_dagrun for example_task_group_decorator to 2024-03-31 00:00:00+00:00, run_after=2024-04-01 00:00:00+00:00
[2024-04-01T23:06:10.167+0530] {processor.py:183} INFO - Processing /home/lucky/.local/lib/python3.10/site-packages/airflow/example_dags/example_task_group_decorator.py took 0.148 seconds
[2024-04-01T23:07:05.668+0530] {processor.py:161} INFO - Started process (PID=6693) to work on /home/lucky/.local/lib/python3.10/site-packages/airflow/example_dags/example_task_group_decorator.py
[2024-04-01T23:07:05.669+0530] {processor.py:830} INFO - Processing file /home/lucky/.local/lib/python3.10/site-packages/airflow/example_dags/example_task_group_decorator.py for tasks to queue
[2024-04-01T23:07:05.671+0530] {logging_mixin.py:188} INFO - [2024-04-01T23:07:05.670+0530] {dagbag.py:538} INFO - Filling up the DagBag from /home/lucky/.local/lib/python3.10/site-packages/airflow/example_dags/example_task_group_decorator.py
[2024-04-01T23:07:05.693+0530] {processor.py:840} INFO - DAG(s) 'example_task_group_decorator' retrieved from /home/lucky/.local/lib/python3.10/site-packages/airflow/example_dags/example_task_group_decorator.py
[2024-04-01T23:07:05.725+0530] {logging_mixin.py:188} INFO - [2024-04-01T23:07:05.724+0530] {dag.py:3036} INFO - Sync 1 DAGs
[2024-04-01T23:07:05.762+0530] {logging_mixin.py:188} INFO - [2024-04-01T23:07:05.761+0530] {dag.py:3823} INFO - Setting next_dagrun for example_task_group_decorator to 2024-03-31 00:00:00+00:00, run_after=2024-04-01 00:00:00+00:00
[2024-04-01T23:07:05.796+0530] {processor.py:183} INFO - Processing /home/lucky/.local/lib/python3.10/site-packages/airflow/example_dags/example_task_group_decorator.py took 0.132 seconds
[2024-04-01T23:08:01.509+0530] {processor.py:161} INFO - Started process (PID=7318) to work on /home/lucky/.local/lib/python3.10/site-packages/airflow/example_dags/example_task_group_decorator.py
[2024-04-01T23:08:01.512+0530] {processor.py:830} INFO - Processing file /home/lucky/.local/lib/python3.10/site-packages/airflow/example_dags/example_task_group_decorator.py for tasks to queue
[2024-04-01T23:08:01.517+0530] {logging_mixin.py:188} INFO - [2024-04-01T23:08:01.514+0530] {dagbag.py:538} INFO - Filling up the DagBag from /home/lucky/.local/lib/python3.10/site-packages/airflow/example_dags/example_task_group_decorator.py
[2024-04-01T23:08:01.579+0530] {processor.py:840} INFO - DAG(s) 'example_task_group_decorator' retrieved from /home/lucky/.local/lib/python3.10/site-packages/airflow/example_dags/example_task_group_decorator.py
[2024-04-01T23:08:01.637+0530] {logging_mixin.py:188} INFO - [2024-04-01T23:08:01.636+0530] {dag.py:3036} INFO - Sync 1 DAGs
[2024-04-01T23:08:01.675+0530] {logging_mixin.py:188} INFO - [2024-04-01T23:08:01.675+0530] {dag.py:3823} INFO - Setting next_dagrun for example_task_group_decorator to 2024-03-31 00:00:00+00:00, run_after=2024-04-01 00:00:00+00:00
[2024-04-01T23:08:01.721+0530] {processor.py:183} INFO - Processing /home/lucky/.local/lib/python3.10/site-packages/airflow/example_dags/example_task_group_decorator.py took 0.218 seconds
[2024-04-01T23:11:00.045+0530] {processor.py:161} INFO - Started process (PID=9885) to work on /home/lucky/.local/lib/python3.10/site-packages/airflow/example_dags/example_task_group_decorator.py
[2024-04-01T23:11:00.047+0530] {processor.py:830} INFO - Processing file /home/lucky/.local/lib/python3.10/site-packages/airflow/example_dags/example_task_group_decorator.py for tasks to queue
[2024-04-01T23:11:00.048+0530] {logging_mixin.py:188} INFO - [2024-04-01T23:11:00.048+0530] {dagbag.py:538} INFO - Filling up the DagBag from /home/lucky/.local/lib/python3.10/site-packages/airflow/example_dags/example_task_group_decorator.py
[2024-04-01T23:11:00.062+0530] {processor.py:840} INFO - DAG(s) 'example_task_group_decorator' retrieved from /home/lucky/.local/lib/python3.10/site-packages/airflow/example_dags/example_task_group_decorator.py
[2024-04-01T23:11:00.082+0530] {logging_mixin.py:188} INFO - [2024-04-01T23:11:00.082+0530] {dag.py:3036} INFO - Sync 1 DAGs
[2024-04-01T23:11:00.105+0530] {logging_mixin.py:188} INFO - [2024-04-01T23:11:00.105+0530] {dag.py:3823} INFO - Setting next_dagrun for example_task_group_decorator to 2024-03-31 00:00:00+00:00, run_after=2024-04-01 00:00:00+00:00
[2024-04-01T23:11:00.131+0530] {processor.py:183} INFO - Processing /home/lucky/.local/lib/python3.10/site-packages/airflow/example_dags/example_task_group_decorator.py took 0.093 seconds
[2024-04-01T23:12:03.561+0530] {processor.py:161} INFO - Started process (PID=10961) to work on /home/lucky/.local/lib/python3.10/site-packages/airflow/example_dags/example_task_group_decorator.py
[2024-04-01T23:12:03.563+0530] {processor.py:830} INFO - Processing file /home/lucky/.local/lib/python3.10/site-packages/airflow/example_dags/example_task_group_decorator.py for tasks to queue
[2024-04-01T23:12:03.564+0530] {logging_mixin.py:188} INFO - [2024-04-01T23:12:03.564+0530] {dagbag.py:538} INFO - Filling up the DagBag from /home/lucky/.local/lib/python3.10/site-packages/airflow/example_dags/example_task_group_decorator.py
[2024-04-01T23:12:03.583+0530] {processor.py:840} INFO - DAG(s) 'example_task_group_decorator' retrieved from /home/lucky/.local/lib/python3.10/site-packages/airflow/example_dags/example_task_group_decorator.py
[2024-04-01T23:12:03.606+0530] {logging_mixin.py:188} INFO - [2024-04-01T23:12:03.605+0530] {dag.py:3036} INFO - Sync 1 DAGs
[2024-04-01T23:12:03.640+0530] {logging_mixin.py:188} INFO - [2024-04-01T23:12:03.640+0530] {dag.py:3823} INFO - Setting next_dagrun for example_task_group_decorator to 2024-03-31 00:00:00+00:00, run_after=2024-04-01 00:00:00+00:00
[2024-04-01T23:12:03.681+0530] {processor.py:183} INFO - Processing /home/lucky/.local/lib/python3.10/site-packages/airflow/example_dags/example_task_group_decorator.py took 0.124 seconds
[2024-04-01T23:13:04.526+0530] {processor.py:161} INFO - Started process (PID=11997) to work on /home/lucky/.local/lib/python3.10/site-packages/airflow/example_dags/example_task_group_decorator.py
[2024-04-01T23:13:04.528+0530] {processor.py:830} INFO - Processing file /home/lucky/.local/lib/python3.10/site-packages/airflow/example_dags/example_task_group_decorator.py for tasks to queue
[2024-04-01T23:13:04.530+0530] {logging_mixin.py:188} INFO - [2024-04-01T23:13:04.530+0530] {dagbag.py:538} INFO - Filling up the DagBag from /home/lucky/.local/lib/python3.10/site-packages/airflow/example_dags/example_task_group_decorator.py
[2024-04-01T23:13:04.571+0530] {processor.py:840} INFO - DAG(s) 'example_task_group_decorator' retrieved from /home/lucky/.local/lib/python3.10/site-packages/airflow/example_dags/example_task_group_decorator.py
[2024-04-01T23:13:04.620+0530] {logging_mixin.py:188} INFO - [2024-04-01T23:13:04.619+0530] {dag.py:3036} INFO - Sync 1 DAGs
[2024-04-01T23:13:04.664+0530] {logging_mixin.py:188} INFO - [2024-04-01T23:13:04.664+0530] {dag.py:3823} INFO - Setting next_dagrun for example_task_group_decorator to 2024-03-31 00:00:00+00:00, run_after=2024-04-01 00:00:00+00:00
[2024-04-01T23:13:04.711+0530] {processor.py:183} INFO - Processing /home/lucky/.local/lib/python3.10/site-packages/airflow/example_dags/example_task_group_decorator.py took 0.192 seconds
[2024-04-01T23:14:02.791+0530] {processor.py:161} INFO - Started process (PID=12681) to work on /home/lucky/.local/lib/python3.10/site-packages/airflow/example_dags/example_task_group_decorator.py
[2024-04-01T23:14:02.793+0530] {processor.py:830} INFO - Processing file /home/lucky/.local/lib/python3.10/site-packages/airflow/example_dags/example_task_group_decorator.py for tasks to queue
[2024-04-01T23:14:02.795+0530] {logging_mixin.py:188} INFO - [2024-04-01T23:14:02.794+0530] {dagbag.py:538} INFO - Filling up the DagBag from /home/lucky/.local/lib/python3.10/site-packages/airflow/example_dags/example_task_group_decorator.py
[2024-04-01T23:14:02.831+0530] {processor.py:840} INFO - DAG(s) 'example_task_group_decorator' retrieved from /home/lucky/.local/lib/python3.10/site-packages/airflow/example_dags/example_task_group_decorator.py
[2024-04-01T23:14:02.889+0530] {logging_mixin.py:188} INFO - [2024-04-01T23:14:02.889+0530] {dag.py:3036} INFO - Sync 1 DAGs
[2024-04-01T23:14:02.939+0530] {logging_mixin.py:188} INFO - [2024-04-01T23:14:02.939+0530] {dag.py:3823} INFO - Setting next_dagrun for example_task_group_decorator to 2024-03-31 00:00:00+00:00, run_after=2024-04-01 00:00:00+00:00
[2024-04-01T23:14:02.998+0530] {processor.py:183} INFO - Processing /home/lucky/.local/lib/python3.10/site-packages/airflow/example_dags/example_task_group_decorator.py took 0.213 seconds
[2024-04-01T23:14:59.744+0530] {processor.py:161} INFO - Started process (PID=13631) to work on /home/lucky/.local/lib/python3.10/site-packages/airflow/example_dags/example_task_group_decorator.py
[2024-04-01T23:14:59.748+0530] {processor.py:830} INFO - Processing file /home/lucky/.local/lib/python3.10/site-packages/airflow/example_dags/example_task_group_decorator.py for tasks to queue
[2024-04-01T23:14:59.750+0530] {logging_mixin.py:188} INFO - [2024-04-01T23:14:59.749+0530] {dagbag.py:538} INFO - Filling up the DagBag from /home/lucky/.local/lib/python3.10/site-packages/airflow/example_dags/example_task_group_decorator.py
[2024-04-01T23:14:59.793+0530] {processor.py:840} INFO - DAG(s) 'example_task_group_decorator' retrieved from /home/lucky/.local/lib/python3.10/site-packages/airflow/example_dags/example_task_group_decorator.py
[2024-04-01T23:14:59.831+0530] {logging_mixin.py:188} INFO - [2024-04-01T23:14:59.831+0530] {dag.py:3036} INFO - Sync 1 DAGs
[2024-04-01T23:14:59.878+0530] {logging_mixin.py:188} INFO - [2024-04-01T23:14:59.877+0530] {dag.py:3823} INFO - Setting next_dagrun for example_task_group_decorator to 2024-03-31 00:00:00+00:00, run_after=2024-04-01 00:00:00+00:00
[2024-04-01T23:14:59.945+0530] {processor.py:183} INFO - Processing /home/lucky/.local/lib/python3.10/site-packages/airflow/example_dags/example_task_group_decorator.py took 0.211 seconds
[2024-04-01T23:15:51.620+0530] {processor.py:161} INFO - Started process (PID=14254) to work on /home/lucky/.local/lib/python3.10/site-packages/airflow/example_dags/example_task_group_decorator.py
[2024-04-01T23:15:51.622+0530] {processor.py:830} INFO - Processing file /home/lucky/.local/lib/python3.10/site-packages/airflow/example_dags/example_task_group_decorator.py for tasks to queue
[2024-04-01T23:15:51.623+0530] {logging_mixin.py:188} INFO - [2024-04-01T23:15:51.623+0530] {dagbag.py:538} INFO - Filling up the DagBag from /home/lucky/.local/lib/python3.10/site-packages/airflow/example_dags/example_task_group_decorator.py
[2024-04-01T23:15:51.643+0530] {processor.py:840} INFO - DAG(s) 'example_task_group_decorator' retrieved from /home/lucky/.local/lib/python3.10/site-packages/airflow/example_dags/example_task_group_decorator.py
[2024-04-01T23:15:51.667+0530] {logging_mixin.py:188} INFO - [2024-04-01T23:15:51.667+0530] {dag.py:3036} INFO - Sync 1 DAGs
[2024-04-01T23:15:51.693+0530] {logging_mixin.py:188} INFO - [2024-04-01T23:15:51.693+0530] {dag.py:3823} INFO - Setting next_dagrun for example_task_group_decorator to 2024-03-31 00:00:00+00:00, run_after=2024-04-01 00:00:00+00:00
[2024-04-01T23:15:51.725+0530] {processor.py:183} INFO - Processing /home/lucky/.local/lib/python3.10/site-packages/airflow/example_dags/example_task_group_decorator.py took 0.108 seconds
[2024-04-01T23:16:36.443+0530] {processor.py:161} INFO - Started process (PID=15096) to work on /home/lucky/.local/lib/python3.10/site-packages/airflow/example_dags/example_task_group_decorator.py
[2024-04-01T23:16:36.445+0530] {processor.py:830} INFO - Processing file /home/lucky/.local/lib/python3.10/site-packages/airflow/example_dags/example_task_group_decorator.py for tasks to queue
[2024-04-01T23:16:36.446+0530] {logging_mixin.py:188} INFO - [2024-04-01T23:16:36.446+0530] {dagbag.py:538} INFO - Filling up the DagBag from /home/lucky/.local/lib/python3.10/site-packages/airflow/example_dags/example_task_group_decorator.py
[2024-04-01T23:16:36.461+0530] {processor.py:840} INFO - DAG(s) 'example_task_group_decorator' retrieved from /home/lucky/.local/lib/python3.10/site-packages/airflow/example_dags/example_task_group_decorator.py
[2024-04-01T23:16:36.483+0530] {logging_mixin.py:188} INFO - [2024-04-01T23:16:36.483+0530] {dag.py:3036} INFO - Sync 1 DAGs
[2024-04-01T23:16:36.504+0530] {logging_mixin.py:188} INFO - [2024-04-01T23:16:36.504+0530] {dag.py:3823} INFO - Setting next_dagrun for example_task_group_decorator to 2024-03-31 00:00:00+00:00, run_after=2024-04-01 00:00:00+00:00
[2024-04-01T23:16:36.531+0530] {processor.py:183} INFO - Processing /home/lucky/.local/lib/python3.10/site-packages/airflow/example_dags/example_task_group_decorator.py took 0.090 seconds
