[2024-04-01T21:42:08.357+0530] {processor.py:161} INFO - Started process (PID=17798) to work on /home/lucky/.local/lib/python3.10/site-packages/airflow/example_dags/example_branch_operator_decorator.py
[2024-04-01T21:42:08.359+0530] {processor.py:830} INFO - Processing file /home/lucky/.local/lib/python3.10/site-packages/airflow/example_dags/example_branch_operator_decorator.py for tasks to queue
[2024-04-01T21:42:08.361+0530] {logging_mixin.py:188} INFO - [2024-04-01T21:42:08.360+0530] {dagbag.py:538} INFO - Filling up the DagBag from /home/lucky/.local/lib/python3.10/site-packages/airflow/example_dags/example_branch_operator_decorator.py
[2024-04-01T21:42:08.410+0530] {processor.py:840} INFO - DAG(s) 'example_branch_python_operator_decorator' retrieved from /home/lucky/.local/lib/python3.10/site-packages/airflow/example_dags/example_branch_operator_decorator.py
[2024-04-01T21:42:08.697+0530] {logging_mixin.py:188} INFO - [2024-04-01T21:42:08.697+0530] {dag.py:3036} INFO - Sync 1 DAGs
[2024-04-01T21:42:08.778+0530] {logging_mixin.py:188} INFO - [2024-04-01T21:42:08.778+0530] {dag.py:3823} INFO - Setting next_dagrun for example_branch_python_operator_decorator to 2024-03-31 00:00:00+00:00, run_after=2024-04-01 00:00:00+00:00
[2024-04-01T21:42:08.845+0530] {processor.py:183} INFO - Processing /home/lucky/.local/lib/python3.10/site-packages/airflow/example_dags/example_branch_operator_decorator.py took 0.502 seconds
[2024-04-01T21:43:21.382+0530] {processor.py:161} INFO - Started process (PID=18615) to work on /home/lucky/.local/lib/python3.10/site-packages/airflow/example_dags/example_branch_operator_decorator.py
[2024-04-01T21:43:21.384+0530] {processor.py:830} INFO - Processing file /home/lucky/.local/lib/python3.10/site-packages/airflow/example_dags/example_branch_operator_decorator.py for tasks to queue
[2024-04-01T21:43:21.386+0530] {logging_mixin.py:188} INFO - [2024-04-01T21:43:21.385+0530] {dagbag.py:538} INFO - Filling up the DagBag from /home/lucky/.local/lib/python3.10/site-packages/airflow/example_dags/example_branch_operator_decorator.py
[2024-04-01T21:43:21.417+0530] {processor.py:840} INFO - DAG(s) 'example_branch_python_operator_decorator' retrieved from /home/lucky/.local/lib/python3.10/site-packages/airflow/example_dags/example_branch_operator_decorator.py
[2024-04-01T21:43:21.458+0530] {logging_mixin.py:188} INFO - [2024-04-01T21:43:21.458+0530] {dag.py:3036} INFO - Sync 1 DAGs
[2024-04-01T21:43:21.500+0530] {logging_mixin.py:188} INFO - [2024-04-01T21:43:21.500+0530] {dag.py:3823} INFO - Setting next_dagrun for example_branch_python_operator_decorator to 2024-03-31 00:00:00+00:00, run_after=2024-04-01 00:00:00+00:00
[2024-04-01T21:43:21.539+0530] {processor.py:183} INFO - Processing /home/lucky/.local/lib/python3.10/site-packages/airflow/example_dags/example_branch_operator_decorator.py took 0.160 seconds
[2024-04-01T21:44:39.559+0530] {processor.py:161} INFO - Started process (PID=19923) to work on /home/lucky/.local/lib/python3.10/site-packages/airflow/example_dags/example_branch_operator_decorator.py
[2024-04-01T21:44:39.561+0530] {processor.py:830} INFO - Processing file /home/lucky/.local/lib/python3.10/site-packages/airflow/example_dags/example_branch_operator_decorator.py for tasks to queue
[2024-04-01T21:44:39.562+0530] {logging_mixin.py:188} INFO - [2024-04-01T21:44:39.561+0530] {dagbag.py:538} INFO - Filling up the DagBag from /home/lucky/.local/lib/python3.10/site-packages/airflow/example_dags/example_branch_operator_decorator.py
[2024-04-01T21:44:39.588+0530] {processor.py:840} INFO - DAG(s) 'example_branch_python_operator_decorator' retrieved from /home/lucky/.local/lib/python3.10/site-packages/airflow/example_dags/example_branch_operator_decorator.py
[2024-04-01T21:44:39.619+0530] {logging_mixin.py:188} INFO - [2024-04-01T21:44:39.618+0530] {dag.py:3036} INFO - Sync 1 DAGs
[2024-04-01T21:44:39.658+0530] {logging_mixin.py:188} INFO - [2024-04-01T21:44:39.657+0530] {dag.py:3823} INFO - Setting next_dagrun for example_branch_python_operator_decorator to 2024-03-31 00:00:00+00:00, run_after=2024-04-01 00:00:00+00:00
[2024-04-01T21:44:39.712+0530] {processor.py:183} INFO - Processing /home/lucky/.local/lib/python3.10/site-packages/airflow/example_dags/example_branch_operator_decorator.py took 0.157 seconds
[2024-04-01T21:45:39.926+0530] {processor.py:161} INFO - Started process (PID=20953) to work on /home/lucky/.local/lib/python3.10/site-packages/airflow/example_dags/example_branch_operator_decorator.py
[2024-04-01T21:45:39.929+0530] {processor.py:830} INFO - Processing file /home/lucky/.local/lib/python3.10/site-packages/airflow/example_dags/example_branch_operator_decorator.py for tasks to queue
[2024-04-01T21:45:39.932+0530] {logging_mixin.py:188} INFO - [2024-04-01T21:45:39.931+0530] {dagbag.py:538} INFO - Filling up the DagBag from /home/lucky/.local/lib/python3.10/site-packages/airflow/example_dags/example_branch_operator_decorator.py
[2024-04-01T21:45:39.978+0530] {processor.py:840} INFO - DAG(s) 'example_branch_python_operator_decorator' retrieved from /home/lucky/.local/lib/python3.10/site-packages/airflow/example_dags/example_branch_operator_decorator.py
[2024-04-01T21:45:40.003+0530] {logging_mixin.py:188} INFO - [2024-04-01T21:45:40.003+0530] {dag.py:3036} INFO - Sync 1 DAGs
[2024-04-01T21:45:40.029+0530] {logging_mixin.py:188} INFO - [2024-04-01T21:45:40.028+0530] {dag.py:3823} INFO - Setting next_dagrun for example_branch_python_operator_decorator to 2024-03-31 00:00:00+00:00, run_after=2024-04-01 00:00:00+00:00
[2024-04-01T21:45:40.053+0530] {processor.py:183} INFO - Processing /home/lucky/.local/lib/python3.10/site-packages/airflow/example_dags/example_branch_operator_decorator.py took 0.130 seconds
[2024-04-01T21:59:32.853+0530] {processor.py:161} INFO - Started process (PID=32922) to work on /home/lucky/.local/lib/python3.10/site-packages/airflow/example_dags/example_branch_operator_decorator.py
[2024-04-01T21:59:32.855+0530] {processor.py:830} INFO - Processing file /home/lucky/.local/lib/python3.10/site-packages/airflow/example_dags/example_branch_operator_decorator.py for tasks to queue
[2024-04-01T21:59:32.856+0530] {logging_mixin.py:188} INFO - [2024-04-01T21:59:32.856+0530] {dagbag.py:538} INFO - Filling up the DagBag from /home/lucky/.local/lib/python3.10/site-packages/airflow/example_dags/example_branch_operator_decorator.py
[2024-04-01T21:59:32.889+0530] {processor.py:840} INFO - DAG(s) 'example_branch_python_operator_decorator' retrieved from /home/lucky/.local/lib/python3.10/site-packages/airflow/example_dags/example_branch_operator_decorator.py
[2024-04-01T21:59:33.039+0530] {logging_mixin.py:188} INFO - [2024-04-01T21:59:33.038+0530] {dag.py:3036} INFO - Sync 1 DAGs
[2024-04-01T21:59:33.073+0530] {logging_mixin.py:188} INFO - [2024-04-01T21:59:33.072+0530] {dag.py:3823} INFO - Setting next_dagrun for example_branch_python_operator_decorator to 2024-03-31 00:00:00+00:00, run_after=2024-04-01 00:00:00+00:00
[2024-04-01T21:59:33.113+0530] {processor.py:183} INFO - Processing /home/lucky/.local/lib/python3.10/site-packages/airflow/example_dags/example_branch_operator_decorator.py took 0.265 seconds
[2024-04-01T22:00:36.264+0530] {processor.py:161} INFO - Started process (PID=33988) to work on /home/lucky/.local/lib/python3.10/site-packages/airflow/example_dags/example_branch_operator_decorator.py
[2024-04-01T22:00:36.265+0530] {processor.py:830} INFO - Processing file /home/lucky/.local/lib/python3.10/site-packages/airflow/example_dags/example_branch_operator_decorator.py for tasks to queue
[2024-04-01T22:00:36.266+0530] {logging_mixin.py:188} INFO - [2024-04-01T22:00:36.266+0530] {dagbag.py:538} INFO - Filling up the DagBag from /home/lucky/.local/lib/python3.10/site-packages/airflow/example_dags/example_branch_operator_decorator.py
[2024-04-01T22:00:36.292+0530] {processor.py:840} INFO - DAG(s) 'example_branch_python_operator_decorator' retrieved from /home/lucky/.local/lib/python3.10/site-packages/airflow/example_dags/example_branch_operator_decorator.py
[2024-04-01T22:00:36.317+0530] {logging_mixin.py:188} INFO - [2024-04-01T22:00:36.317+0530] {dag.py:3036} INFO - Sync 1 DAGs
[2024-04-01T22:00:36.340+0530] {logging_mixin.py:188} INFO - [2024-04-01T22:00:36.340+0530] {dag.py:3823} INFO - Setting next_dagrun for example_branch_python_operator_decorator to 2024-03-31 00:00:00+00:00, run_after=2024-04-01 00:00:00+00:00
[2024-04-01T22:00:36.380+0530] {processor.py:183} INFO - Processing /home/lucky/.local/lib/python3.10/site-packages/airflow/example_dags/example_branch_operator_decorator.py took 0.120 seconds
[2024-04-01T22:01:36.463+0530] {processor.py:161} INFO - Started process (PID=34748) to work on /home/lucky/.local/lib/python3.10/site-packages/airflow/example_dags/example_branch_operator_decorator.py
[2024-04-01T22:01:36.465+0530] {processor.py:830} INFO - Processing file /home/lucky/.local/lib/python3.10/site-packages/airflow/example_dags/example_branch_operator_decorator.py for tasks to queue
[2024-04-01T22:01:36.467+0530] {logging_mixin.py:188} INFO - [2024-04-01T22:01:36.466+0530] {dagbag.py:538} INFO - Filling up the DagBag from /home/lucky/.local/lib/python3.10/site-packages/airflow/example_dags/example_branch_operator_decorator.py
[2024-04-01T22:01:36.502+0530] {processor.py:840} INFO - DAG(s) 'example_branch_python_operator_decorator' retrieved from /home/lucky/.local/lib/python3.10/site-packages/airflow/example_dags/example_branch_operator_decorator.py
[2024-04-01T22:01:36.541+0530] {logging_mixin.py:188} INFO - [2024-04-01T22:01:36.540+0530] {dag.py:3036} INFO - Sync 1 DAGs
[2024-04-01T22:01:36.572+0530] {logging_mixin.py:188} INFO - [2024-04-01T22:01:36.571+0530] {dag.py:3823} INFO - Setting next_dagrun for example_branch_python_operator_decorator to 2024-03-31 00:00:00+00:00, run_after=2024-04-01 00:00:00+00:00
[2024-04-01T22:01:36.613+0530] {processor.py:183} INFO - Processing /home/lucky/.local/lib/python3.10/site-packages/airflow/example_dags/example_branch_operator_decorator.py took 0.154 seconds
[2024-04-01T22:02:43.952+0530] {processor.py:161} INFO - Started process (PID=35858) to work on /home/lucky/.local/lib/python3.10/site-packages/airflow/example_dags/example_branch_operator_decorator.py
[2024-04-01T22:02:43.961+0530] {processor.py:830} INFO - Processing file /home/lucky/.local/lib/python3.10/site-packages/airflow/example_dags/example_branch_operator_decorator.py for tasks to queue
[2024-04-01T22:02:43.962+0530] {logging_mixin.py:188} INFO - [2024-04-01T22:02:43.962+0530] {dagbag.py:538} INFO - Filling up the DagBag from /home/lucky/.local/lib/python3.10/site-packages/airflow/example_dags/example_branch_operator_decorator.py
[2024-04-01T22:02:43.985+0530] {processor.py:840} INFO - DAG(s) 'example_branch_python_operator_decorator' retrieved from /home/lucky/.local/lib/python3.10/site-packages/airflow/example_dags/example_branch_operator_decorator.py
[2024-04-01T22:02:44.009+0530] {logging_mixin.py:188} INFO - [2024-04-01T22:02:44.009+0530] {dag.py:3036} INFO - Sync 1 DAGs
[2024-04-01T22:02:44.032+0530] {logging_mixin.py:188} INFO - [2024-04-01T22:02:44.032+0530] {dag.py:3823} INFO - Setting next_dagrun for example_branch_python_operator_decorator to 2024-03-31 00:00:00+00:00, run_after=2024-04-01 00:00:00+00:00
[2024-04-01T22:02:44.059+0530] {processor.py:183} INFO - Processing /home/lucky/.local/lib/python3.10/site-packages/airflow/example_dags/example_branch_operator_decorator.py took 0.110 seconds
[2024-04-01T22:03:52.307+0530] {processor.py:161} INFO - Started process (PID=36953) to work on /home/lucky/.local/lib/python3.10/site-packages/airflow/example_dags/example_branch_operator_decorator.py
[2024-04-01T22:03:52.309+0530] {processor.py:830} INFO - Processing file /home/lucky/.local/lib/python3.10/site-packages/airflow/example_dags/example_branch_operator_decorator.py for tasks to queue
[2024-04-01T22:03:52.310+0530] {logging_mixin.py:188} INFO - [2024-04-01T22:03:52.310+0530] {dagbag.py:538} INFO - Filling up the DagBag from /home/lucky/.local/lib/python3.10/site-packages/airflow/example_dags/example_branch_operator_decorator.py
[2024-04-01T22:03:52.340+0530] {processor.py:840} INFO - DAG(s) 'example_branch_python_operator_decorator' retrieved from /home/lucky/.local/lib/python3.10/site-packages/airflow/example_dags/example_branch_operator_decorator.py
[2024-04-01T22:03:52.371+0530] {logging_mixin.py:188} INFO - [2024-04-01T22:03:52.371+0530] {dag.py:3036} INFO - Sync 1 DAGs
[2024-04-01T22:03:52.402+0530] {logging_mixin.py:188} INFO - [2024-04-01T22:03:52.402+0530] {dag.py:3823} INFO - Setting next_dagrun for example_branch_python_operator_decorator to 2024-03-31 00:00:00+00:00, run_after=2024-04-01 00:00:00+00:00
[2024-04-01T22:03:52.434+0530] {processor.py:183} INFO - Processing /home/lucky/.local/lib/python3.10/site-packages/airflow/example_dags/example_branch_operator_decorator.py took 0.131 seconds
[2024-04-01T22:05:00.626+0530] {processor.py:161} INFO - Started process (PID=37780) to work on /home/lucky/.local/lib/python3.10/site-packages/airflow/example_dags/example_branch_operator_decorator.py
[2024-04-01T22:05:00.628+0530] {processor.py:830} INFO - Processing file /home/lucky/.local/lib/python3.10/site-packages/airflow/example_dags/example_branch_operator_decorator.py for tasks to queue
[2024-04-01T22:05:00.630+0530] {logging_mixin.py:188} INFO - [2024-04-01T22:05:00.629+0530] {dagbag.py:538} INFO - Filling up the DagBag from /home/lucky/.local/lib/python3.10/site-packages/airflow/example_dags/example_branch_operator_decorator.py
[2024-04-01T22:05:00.676+0530] {processor.py:840} INFO - DAG(s) 'example_branch_python_operator_decorator' retrieved from /home/lucky/.local/lib/python3.10/site-packages/airflow/example_dags/example_branch_operator_decorator.py
[2024-04-01T22:05:00.718+0530] {logging_mixin.py:188} INFO - [2024-04-01T22:05:00.718+0530] {dag.py:3036} INFO - Sync 1 DAGs
[2024-04-01T22:05:00.756+0530] {logging_mixin.py:188} INFO - [2024-04-01T22:05:00.755+0530] {dag.py:3823} INFO - Setting next_dagrun for example_branch_python_operator_decorator to 2024-03-31 00:00:00+00:00, run_after=2024-04-01 00:00:00+00:00
[2024-04-01T22:05:00.802+0530] {processor.py:183} INFO - Processing /home/lucky/.local/lib/python3.10/site-packages/airflow/example_dags/example_branch_operator_decorator.py took 0.181 seconds
[2024-04-01T22:06:10.157+0530] {processor.py:161} INFO - Started process (PID=38883) to work on /home/lucky/.local/lib/python3.10/site-packages/airflow/example_dags/example_branch_operator_decorator.py
[2024-04-01T22:06:10.161+0530] {processor.py:830} INFO - Processing file /home/lucky/.local/lib/python3.10/site-packages/airflow/example_dags/example_branch_operator_decorator.py for tasks to queue
[2024-04-01T22:06:10.163+0530] {logging_mixin.py:188} INFO - [2024-04-01T22:06:10.162+0530] {dagbag.py:538} INFO - Filling up the DagBag from /home/lucky/.local/lib/python3.10/site-packages/airflow/example_dags/example_branch_operator_decorator.py
[2024-04-01T22:06:10.254+0530] {processor.py:840} INFO - DAG(s) 'example_branch_python_operator_decorator' retrieved from /home/lucky/.local/lib/python3.10/site-packages/airflow/example_dags/example_branch_operator_decorator.py
[2024-04-01T22:06:10.348+0530] {logging_mixin.py:188} INFO - [2024-04-01T22:06:10.347+0530] {dag.py:3036} INFO - Sync 1 DAGs
[2024-04-01T22:06:10.432+0530] {logging_mixin.py:188} INFO - [2024-04-01T22:06:10.431+0530] {dag.py:3823} INFO - Setting next_dagrun for example_branch_python_operator_decorator to 2024-03-31 00:00:00+00:00, run_after=2024-04-01 00:00:00+00:00
[2024-04-01T22:06:10.541+0530] {processor.py:183} INFO - Processing /home/lucky/.local/lib/python3.10/site-packages/airflow/example_dags/example_branch_operator_decorator.py took 0.393 seconds
[2024-04-01T22:07:32.138+0530] {processor.py:161} INFO - Started process (PID=40156) to work on /home/lucky/.local/lib/python3.10/site-packages/airflow/example_dags/example_branch_operator_decorator.py
[2024-04-01T22:07:32.140+0530] {processor.py:830} INFO - Processing file /home/lucky/.local/lib/python3.10/site-packages/airflow/example_dags/example_branch_operator_decorator.py for tasks to queue
[2024-04-01T22:07:32.141+0530] {logging_mixin.py:188} INFO - [2024-04-01T22:07:32.141+0530] {dagbag.py:538} INFO - Filling up the DagBag from /home/lucky/.local/lib/python3.10/site-packages/airflow/example_dags/example_branch_operator_decorator.py
[2024-04-01T22:07:32.184+0530] {processor.py:840} INFO - DAG(s) 'example_branch_python_operator_decorator' retrieved from /home/lucky/.local/lib/python3.10/site-packages/airflow/example_dags/example_branch_operator_decorator.py
[2024-04-01T22:07:32.240+0530] {logging_mixin.py:188} INFO - [2024-04-01T22:07:32.239+0530] {dag.py:3036} INFO - Sync 1 DAGs
[2024-04-01T22:07:32.330+0530] {logging_mixin.py:188} INFO - [2024-04-01T22:07:32.329+0530] {dag.py:3823} INFO - Setting next_dagrun for example_branch_python_operator_decorator to 2024-03-31 00:00:00+00:00, run_after=2024-04-01 00:00:00+00:00
[2024-04-01T22:07:32.395+0530] {processor.py:183} INFO - Processing /home/lucky/.local/lib/python3.10/site-packages/airflow/example_dags/example_branch_operator_decorator.py took 0.261 seconds
[2024-04-01T22:09:02.252+0530] {processor.py:161} INFO - Started process (PID=41401) to work on /home/lucky/.local/lib/python3.10/site-packages/airflow/example_dags/example_branch_operator_decorator.py
[2024-04-01T22:09:02.255+0530] {processor.py:830} INFO - Processing file /home/lucky/.local/lib/python3.10/site-packages/airflow/example_dags/example_branch_operator_decorator.py for tasks to queue
[2024-04-01T22:09:02.258+0530] {logging_mixin.py:188} INFO - [2024-04-01T22:09:02.257+0530] {dagbag.py:538} INFO - Filling up the DagBag from /home/lucky/.local/lib/python3.10/site-packages/airflow/example_dags/example_branch_operator_decorator.py
[2024-04-01T22:09:02.387+0530] {processor.py:840} INFO - DAG(s) 'example_branch_python_operator_decorator' retrieved from /home/lucky/.local/lib/python3.10/site-packages/airflow/example_dags/example_branch_operator_decorator.py
[2024-04-01T22:09:02.487+0530] {logging_mixin.py:188} INFO - [2024-04-01T22:09:02.486+0530] {dag.py:3036} INFO - Sync 1 DAGs
[2024-04-01T22:09:02.630+0530] {logging_mixin.py:188} INFO - [2024-04-01T22:09:02.630+0530] {dag.py:3823} INFO - Setting next_dagrun for example_branch_python_operator_decorator to 2024-03-31 00:00:00+00:00, run_after=2024-04-01 00:00:00+00:00
[2024-04-01T22:09:02.744+0530] {processor.py:183} INFO - Processing /home/lucky/.local/lib/python3.10/site-packages/airflow/example_dags/example_branch_operator_decorator.py took 0.498 seconds
[2024-04-01T22:10:33.714+0530] {processor.py:161} INFO - Started process (PID=42504) to work on /home/lucky/.local/lib/python3.10/site-packages/airflow/example_dags/example_branch_operator_decorator.py
[2024-04-01T22:10:33.716+0530] {processor.py:830} INFO - Processing file /home/lucky/.local/lib/python3.10/site-packages/airflow/example_dags/example_branch_operator_decorator.py for tasks to queue
[2024-04-01T22:10:33.718+0530] {logging_mixin.py:188} INFO - [2024-04-01T22:10:33.717+0530] {dagbag.py:538} INFO - Filling up the DagBag from /home/lucky/.local/lib/python3.10/site-packages/airflow/example_dags/example_branch_operator_decorator.py
[2024-04-01T22:10:33.749+0530] {processor.py:840} INFO - DAG(s) 'example_branch_python_operator_decorator' retrieved from /home/lucky/.local/lib/python3.10/site-packages/airflow/example_dags/example_branch_operator_decorator.py
[2024-04-01T22:10:33.777+0530] {logging_mixin.py:188} INFO - [2024-04-01T22:10:33.776+0530] {dag.py:3036} INFO - Sync 1 DAGs
[2024-04-01T22:10:33.816+0530] {logging_mixin.py:188} INFO - [2024-04-01T22:10:33.815+0530] {dag.py:3823} INFO - Setting next_dagrun for example_branch_python_operator_decorator to 2024-03-31 00:00:00+00:00, run_after=2024-04-01 00:00:00+00:00
[2024-04-01T22:10:33.859+0530] {processor.py:183} INFO - Processing /home/lucky/.local/lib/python3.10/site-packages/airflow/example_dags/example_branch_operator_decorator.py took 0.148 seconds
[2024-04-01T22:11:43.067+0530] {processor.py:161} INFO - Started process (PID=43631) to work on /home/lucky/.local/lib/python3.10/site-packages/airflow/example_dags/example_branch_operator_decorator.py
[2024-04-01T22:11:43.085+0530] {processor.py:830} INFO - Processing file /home/lucky/.local/lib/python3.10/site-packages/airflow/example_dags/example_branch_operator_decorator.py for tasks to queue
[2024-04-01T22:11:43.118+0530] {logging_mixin.py:188} INFO - [2024-04-01T22:11:43.103+0530] {dagbag.py:538} INFO - Filling up the DagBag from /home/lucky/.local/lib/python3.10/site-packages/airflow/example_dags/example_branch_operator_decorator.py
[2024-04-01T22:11:44.095+0530] {processor.py:840} INFO - DAG(s) 'example_branch_python_operator_decorator' retrieved from /home/lucky/.local/lib/python3.10/site-packages/airflow/example_dags/example_branch_operator_decorator.py
[2024-04-01T22:11:44.909+0530] {logging_mixin.py:188} INFO - [2024-04-01T22:11:44.895+0530] {dag.py:3036} INFO - Sync 1 DAGs
[2024-04-01T22:11:45.829+0530] {logging_mixin.py:188} INFO - [2024-04-01T22:11:45.826+0530] {dag.py:3823} INFO - Setting next_dagrun for example_branch_python_operator_decorator to 2024-03-31 00:00:00+00:00, run_after=2024-04-01 00:00:00+00:00
[2024-04-01T22:11:46.713+0530] {processor.py:183} INFO - Processing /home/lucky/.local/lib/python3.10/site-packages/airflow/example_dags/example_branch_operator_decorator.py took 3.701 seconds
[2024-04-01T22:13:06.202+0530] {processor.py:161} INFO - Started process (PID=44880) to work on /home/lucky/.local/lib/python3.10/site-packages/airflow/example_dags/example_branch_operator_decorator.py
[2024-04-01T22:13:06.205+0530] {processor.py:830} INFO - Processing file /home/lucky/.local/lib/python3.10/site-packages/airflow/example_dags/example_branch_operator_decorator.py for tasks to queue
[2024-04-01T22:13:06.209+0530] {logging_mixin.py:188} INFO - [2024-04-01T22:13:06.206+0530] {dagbag.py:538} INFO - Filling up the DagBag from /home/lucky/.local/lib/python3.10/site-packages/airflow/example_dags/example_branch_operator_decorator.py
[2024-04-01T22:13:06.294+0530] {processor.py:840} INFO - DAG(s) 'example_branch_python_operator_decorator' retrieved from /home/lucky/.local/lib/python3.10/site-packages/airflow/example_dags/example_branch_operator_decorator.py
[2024-04-01T22:13:06.373+0530] {logging_mixin.py:188} INFO - [2024-04-01T22:13:06.371+0530] {dag.py:3036} INFO - Sync 1 DAGs
[2024-04-01T22:13:06.457+0530] {logging_mixin.py:188} INFO - [2024-04-01T22:13:06.456+0530] {dag.py:3823} INFO - Setting next_dagrun for example_branch_python_operator_decorator to 2024-03-31 00:00:00+00:00, run_after=2024-04-01 00:00:00+00:00
[2024-04-01T22:13:06.501+0530] {processor.py:183} INFO - Processing /home/lucky/.local/lib/python3.10/site-packages/airflow/example_dags/example_branch_operator_decorator.py took 0.313 seconds
[2024-04-01T22:14:14.295+0530] {processor.py:161} INFO - Started process (PID=45687) to work on /home/lucky/.local/lib/python3.10/site-packages/airflow/example_dags/example_branch_operator_decorator.py
[2024-04-01T22:14:14.302+0530] {processor.py:830} INFO - Processing file /home/lucky/.local/lib/python3.10/site-packages/airflow/example_dags/example_branch_operator_decorator.py for tasks to queue
[2024-04-01T22:14:14.303+0530] {logging_mixin.py:188} INFO - [2024-04-01T22:14:14.303+0530] {dagbag.py:538} INFO - Filling up the DagBag from /home/lucky/.local/lib/python3.10/site-packages/airflow/example_dags/example_branch_operator_decorator.py
[2024-04-01T22:14:14.352+0530] {processor.py:840} INFO - DAG(s) 'example_branch_python_operator_decorator' retrieved from /home/lucky/.local/lib/python3.10/site-packages/airflow/example_dags/example_branch_operator_decorator.py
[2024-04-01T22:14:14.406+0530] {logging_mixin.py:188} INFO - [2024-04-01T22:14:14.405+0530] {dag.py:3036} INFO - Sync 1 DAGs
[2024-04-01T22:14:14.470+0530] {logging_mixin.py:188} INFO - [2024-04-01T22:14:14.470+0530] {dag.py:3823} INFO - Setting next_dagrun for example_branch_python_operator_decorator to 2024-03-31 00:00:00+00:00, run_after=2024-04-01 00:00:00+00:00
[2024-04-01T22:14:14.518+0530] {processor.py:183} INFO - Processing /home/lucky/.local/lib/python3.10/site-packages/airflow/example_dags/example_branch_operator_decorator.py took 0.229 seconds
[2024-04-01T22:15:13.145+0530] {processor.py:161} INFO - Started process (PID=46694) to work on /home/lucky/.local/lib/python3.10/site-packages/airflow/example_dags/example_branch_operator_decorator.py
[2024-04-01T22:15:13.147+0530] {processor.py:830} INFO - Processing file /home/lucky/.local/lib/python3.10/site-packages/airflow/example_dags/example_branch_operator_decorator.py for tasks to queue
[2024-04-01T22:15:13.148+0530] {logging_mixin.py:188} INFO - [2024-04-01T22:15:13.147+0530] {dagbag.py:538} INFO - Filling up the DagBag from /home/lucky/.local/lib/python3.10/site-packages/airflow/example_dags/example_branch_operator_decorator.py
[2024-04-01T22:15:13.169+0530] {processor.py:840} INFO - DAG(s) 'example_branch_python_operator_decorator' retrieved from /home/lucky/.local/lib/python3.10/site-packages/airflow/example_dags/example_branch_operator_decorator.py
[2024-04-01T22:15:13.197+0530] {logging_mixin.py:188} INFO - [2024-04-01T22:15:13.196+0530] {dag.py:3036} INFO - Sync 1 DAGs
[2024-04-01T22:15:13.220+0530] {logging_mixin.py:188} INFO - [2024-04-01T22:15:13.220+0530] {dag.py:3823} INFO - Setting next_dagrun for example_branch_python_operator_decorator to 2024-03-31 00:00:00+00:00, run_after=2024-04-01 00:00:00+00:00
[2024-04-01T22:15:13.247+0530] {processor.py:183} INFO - Processing /home/lucky/.local/lib/python3.10/site-packages/airflow/example_dags/example_branch_operator_decorator.py took 0.105 seconds
[2024-04-01T22:16:06.314+0530] {processor.py:161} INFO - Started process (PID=47373) to work on /home/lucky/.local/lib/python3.10/site-packages/airflow/example_dags/example_branch_operator_decorator.py
[2024-04-01T22:16:06.316+0530] {processor.py:830} INFO - Processing file /home/lucky/.local/lib/python3.10/site-packages/airflow/example_dags/example_branch_operator_decorator.py for tasks to queue
[2024-04-01T22:16:06.318+0530] {logging_mixin.py:188} INFO - [2024-04-01T22:16:06.317+0530] {dagbag.py:538} INFO - Filling up the DagBag from /home/lucky/.local/lib/python3.10/site-packages/airflow/example_dags/example_branch_operator_decorator.py
[2024-04-01T22:16:06.360+0530] {processor.py:840} INFO - DAG(s) 'example_branch_python_operator_decorator' retrieved from /home/lucky/.local/lib/python3.10/site-packages/airflow/example_dags/example_branch_operator_decorator.py
[2024-04-01T22:16:06.401+0530] {logging_mixin.py:188} INFO - [2024-04-01T22:16:06.401+0530] {dag.py:3036} INFO - Sync 1 DAGs
[2024-04-01T22:16:06.441+0530] {logging_mixin.py:188} INFO - [2024-04-01T22:16:06.440+0530] {dag.py:3823} INFO - Setting next_dagrun for example_branch_python_operator_decorator to 2024-03-31 00:00:00+00:00, run_after=2024-04-01 00:00:00+00:00
[2024-04-01T22:16:06.478+0530] {processor.py:183} INFO - Processing /home/lucky/.local/lib/python3.10/site-packages/airflow/example_dags/example_branch_operator_decorator.py took 0.168 seconds
[2024-04-01T22:16:58.576+0530] {processor.py:161} INFO - Started process (PID=48300) to work on /home/lucky/.local/lib/python3.10/site-packages/airflow/example_dags/example_branch_operator_decorator.py
[2024-04-01T22:16:58.577+0530] {processor.py:830} INFO - Processing file /home/lucky/.local/lib/python3.10/site-packages/airflow/example_dags/example_branch_operator_decorator.py for tasks to queue
[2024-04-01T22:16:58.579+0530] {logging_mixin.py:188} INFO - [2024-04-01T22:16:58.578+0530] {dagbag.py:538} INFO - Filling up the DagBag from /home/lucky/.local/lib/python3.10/site-packages/airflow/example_dags/example_branch_operator_decorator.py
[2024-04-01T22:16:58.616+0530] {processor.py:840} INFO - DAG(s) 'example_branch_python_operator_decorator' retrieved from /home/lucky/.local/lib/python3.10/site-packages/airflow/example_dags/example_branch_operator_decorator.py
[2024-04-01T22:16:58.670+0530] {logging_mixin.py:188} INFO - [2024-04-01T22:16:58.669+0530] {dag.py:3036} INFO - Sync 1 DAGs
[2024-04-01T22:16:58.703+0530] {logging_mixin.py:188} INFO - [2024-04-01T22:16:58.703+0530] {dag.py:3823} INFO - Setting next_dagrun for example_branch_python_operator_decorator to 2024-03-31 00:00:00+00:00, run_after=2024-04-01 00:00:00+00:00
[2024-04-01T22:16:58.737+0530] {processor.py:183} INFO - Processing /home/lucky/.local/lib/python3.10/site-packages/airflow/example_dags/example_branch_operator_decorator.py took 0.166 seconds
[2024-04-01T22:17:53.683+0530] {processor.py:161} INFO - Started process (PID=49263) to work on /home/lucky/.local/lib/python3.10/site-packages/airflow/example_dags/example_branch_operator_decorator.py
[2024-04-01T22:17:53.685+0530] {processor.py:830} INFO - Processing file /home/lucky/.local/lib/python3.10/site-packages/airflow/example_dags/example_branch_operator_decorator.py for tasks to queue
[2024-04-01T22:17:53.687+0530] {logging_mixin.py:188} INFO - [2024-04-01T22:17:53.686+0530] {dagbag.py:538} INFO - Filling up the DagBag from /home/lucky/.local/lib/python3.10/site-packages/airflow/example_dags/example_branch_operator_decorator.py
[2024-04-01T22:17:53.716+0530] {processor.py:840} INFO - DAG(s) 'example_branch_python_operator_decorator' retrieved from /home/lucky/.local/lib/python3.10/site-packages/airflow/example_dags/example_branch_operator_decorator.py
[2024-04-01T22:17:53.745+0530] {logging_mixin.py:188} INFO - [2024-04-01T22:17:53.744+0530] {dag.py:3036} INFO - Sync 1 DAGs
[2024-04-01T22:17:53.769+0530] {logging_mixin.py:188} INFO - [2024-04-01T22:17:53.769+0530] {dag.py:3823} INFO - Setting next_dagrun for example_branch_python_operator_decorator to 2024-03-31 00:00:00+00:00, run_after=2024-04-01 00:00:00+00:00
[2024-04-01T22:17:53.796+0530] {processor.py:183} INFO - Processing /home/lucky/.local/lib/python3.10/site-packages/airflow/example_dags/example_branch_operator_decorator.py took 0.116 seconds
[2024-04-01T22:18:46.026+0530] {processor.py:161} INFO - Started process (PID=49929) to work on /home/lucky/.local/lib/python3.10/site-packages/airflow/example_dags/example_branch_operator_decorator.py
[2024-04-01T22:18:46.028+0530] {processor.py:830} INFO - Processing file /home/lucky/.local/lib/python3.10/site-packages/airflow/example_dags/example_branch_operator_decorator.py for tasks to queue
[2024-04-01T22:18:46.029+0530] {logging_mixin.py:188} INFO - [2024-04-01T22:18:46.028+0530] {dagbag.py:538} INFO - Filling up the DagBag from /home/lucky/.local/lib/python3.10/site-packages/airflow/example_dags/example_branch_operator_decorator.py
[2024-04-01T22:18:46.053+0530] {processor.py:840} INFO - DAG(s) 'example_branch_python_operator_decorator' retrieved from /home/lucky/.local/lib/python3.10/site-packages/airflow/example_dags/example_branch_operator_decorator.py
[2024-04-01T22:18:46.076+0530] {logging_mixin.py:188} INFO - [2024-04-01T22:18:46.076+0530] {dag.py:3036} INFO - Sync 1 DAGs
[2024-04-01T22:18:46.104+0530] {logging_mixin.py:188} INFO - [2024-04-01T22:18:46.104+0530] {dag.py:3823} INFO - Setting next_dagrun for example_branch_python_operator_decorator to 2024-03-31 00:00:00+00:00, run_after=2024-04-01 00:00:00+00:00
[2024-04-01T22:18:46.139+0530] {processor.py:183} INFO - Processing /home/lucky/.local/lib/python3.10/site-packages/airflow/example_dags/example_branch_operator_decorator.py took 0.116 seconds
[2024-04-01T22:19:38.657+0530] {processor.py:161} INFO - Started process (PID=50858) to work on /home/lucky/.local/lib/python3.10/site-packages/airflow/example_dags/example_branch_operator_decorator.py
[2024-04-01T22:19:38.659+0530] {processor.py:830} INFO - Processing file /home/lucky/.local/lib/python3.10/site-packages/airflow/example_dags/example_branch_operator_decorator.py for tasks to queue
[2024-04-01T22:19:38.660+0530] {logging_mixin.py:188} INFO - [2024-04-01T22:19:38.659+0530] {dagbag.py:538} INFO - Filling up the DagBag from /home/lucky/.local/lib/python3.10/site-packages/airflow/example_dags/example_branch_operator_decorator.py
[2024-04-01T22:19:38.696+0530] {processor.py:840} INFO - DAG(s) 'example_branch_python_operator_decorator' retrieved from /home/lucky/.local/lib/python3.10/site-packages/airflow/example_dags/example_branch_operator_decorator.py
[2024-04-01T22:19:38.725+0530] {logging_mixin.py:188} INFO - [2024-04-01T22:19:38.724+0530] {dag.py:3036} INFO - Sync 1 DAGs
[2024-04-01T22:19:38.758+0530] {logging_mixin.py:188} INFO - [2024-04-01T22:19:38.758+0530] {dag.py:3823} INFO - Setting next_dagrun for example_branch_python_operator_decorator to 2024-03-31 00:00:00+00:00, run_after=2024-04-01 00:00:00+00:00
[2024-04-01T22:19:38.797+0530] {processor.py:183} INFO - Processing /home/lucky/.local/lib/python3.10/site-packages/airflow/example_dags/example_branch_operator_decorator.py took 0.145 seconds
[2024-04-01T22:25:17.008+0530] {processor.py:161} INFO - Started process (PID=55964) to work on /home/lucky/.local/lib/python3.10/site-packages/airflow/example_dags/example_branch_operator_decorator.py
[2024-04-01T22:25:17.011+0530] {processor.py:830} INFO - Processing file /home/lucky/.local/lib/python3.10/site-packages/airflow/example_dags/example_branch_operator_decorator.py for tasks to queue
[2024-04-01T22:25:17.012+0530] {logging_mixin.py:188} INFO - [2024-04-01T22:25:17.012+0530] {dagbag.py:538} INFO - Filling up the DagBag from /home/lucky/.local/lib/python3.10/site-packages/airflow/example_dags/example_branch_operator_decorator.py
[2024-04-01T22:25:17.061+0530] {processor.py:840} INFO - DAG(s) 'example_branch_python_operator_decorator' retrieved from /home/lucky/.local/lib/python3.10/site-packages/airflow/example_dags/example_branch_operator_decorator.py
[2024-04-01T22:25:17.190+0530] {logging_mixin.py:188} INFO - [2024-04-01T22:25:17.190+0530] {dag.py:3036} INFO - Sync 1 DAGs
[2024-04-01T22:25:17.215+0530] {logging_mixin.py:188} INFO - [2024-04-01T22:25:17.214+0530] {dag.py:3823} INFO - Setting next_dagrun for example_branch_python_operator_decorator to 2024-03-31 00:00:00+00:00, run_after=2024-04-01 00:00:00+00:00
[2024-04-01T22:25:17.246+0530] {processor.py:183} INFO - Processing /home/lucky/.local/lib/python3.10/site-packages/airflow/example_dags/example_branch_operator_decorator.py took 0.244 seconds
[2024-04-01T22:27:21.900+0530] {processor.py:161} INFO - Started process (PID=57732) to work on /home/lucky/.local/lib/python3.10/site-packages/airflow/example_dags/example_branch_operator_decorator.py
[2024-04-01T22:27:21.902+0530] {processor.py:830} INFO - Processing file /home/lucky/.local/lib/python3.10/site-packages/airflow/example_dags/example_branch_operator_decorator.py for tasks to queue
[2024-04-01T22:27:21.903+0530] {logging_mixin.py:188} INFO - [2024-04-01T22:27:21.903+0530] {dagbag.py:538} INFO - Filling up the DagBag from /home/lucky/.local/lib/python3.10/site-packages/airflow/example_dags/example_branch_operator_decorator.py
[2024-04-01T22:27:21.931+0530] {processor.py:840} INFO - DAG(s) 'example_branch_python_operator_decorator' retrieved from /home/lucky/.local/lib/python3.10/site-packages/airflow/example_dags/example_branch_operator_decorator.py
[2024-04-01T22:27:22.046+0530] {logging_mixin.py:188} INFO - [2024-04-01T22:27:22.046+0530] {dag.py:3036} INFO - Sync 1 DAGs
[2024-04-01T22:27:22.071+0530] {logging_mixin.py:188} INFO - [2024-04-01T22:27:22.070+0530] {dag.py:3823} INFO - Setting next_dagrun for example_branch_python_operator_decorator to 2024-03-31 00:00:00+00:00, run_after=2024-04-01 00:00:00+00:00
[2024-04-01T22:27:22.099+0530] {processor.py:183} INFO - Processing /home/lucky/.local/lib/python3.10/site-packages/airflow/example_dags/example_branch_operator_decorator.py took 0.202 seconds
[2024-04-01T22:28:18.099+0530] {processor.py:161} INFO - Started process (PID=58780) to work on /home/lucky/.local/lib/python3.10/site-packages/airflow/example_dags/example_branch_operator_decorator.py
[2024-04-01T22:28:18.101+0530] {processor.py:830} INFO - Processing file /home/lucky/.local/lib/python3.10/site-packages/airflow/example_dags/example_branch_operator_decorator.py for tasks to queue
[2024-04-01T22:28:18.103+0530] {logging_mixin.py:188} INFO - [2024-04-01T22:28:18.102+0530] {dagbag.py:538} INFO - Filling up the DagBag from /home/lucky/.local/lib/python3.10/site-packages/airflow/example_dags/example_branch_operator_decorator.py
[2024-04-01T22:28:18.139+0530] {processor.py:840} INFO - DAG(s) 'example_branch_python_operator_decorator' retrieved from /home/lucky/.local/lib/python3.10/site-packages/airflow/example_dags/example_branch_operator_decorator.py
[2024-04-01T22:28:18.173+0530] {logging_mixin.py:188} INFO - [2024-04-01T22:28:18.173+0530] {dag.py:3036} INFO - Sync 1 DAGs
[2024-04-01T22:28:18.204+0530] {logging_mixin.py:188} INFO - [2024-04-01T22:28:18.203+0530] {dag.py:3823} INFO - Setting next_dagrun for example_branch_python_operator_decorator to 2024-03-31 00:00:00+00:00, run_after=2024-04-01 00:00:00+00:00
[2024-04-01T22:28:18.236+0530] {processor.py:183} INFO - Processing /home/lucky/.local/lib/python3.10/site-packages/airflow/example_dags/example_branch_operator_decorator.py took 0.142 seconds
[2024-04-01T22:29:13.143+0530] {processor.py:161} INFO - Started process (PID=59845) to work on /home/lucky/.local/lib/python3.10/site-packages/airflow/example_dags/example_branch_operator_decorator.py
[2024-04-01T22:29:13.144+0530] {processor.py:830} INFO - Processing file /home/lucky/.local/lib/python3.10/site-packages/airflow/example_dags/example_branch_operator_decorator.py for tasks to queue
[2024-04-01T22:29:13.145+0530] {logging_mixin.py:188} INFO - [2024-04-01T22:29:13.145+0530] {dagbag.py:538} INFO - Filling up the DagBag from /home/lucky/.local/lib/python3.10/site-packages/airflow/example_dags/example_branch_operator_decorator.py
[2024-04-01T22:29:13.167+0530] {processor.py:840} INFO - DAG(s) 'example_branch_python_operator_decorator' retrieved from /home/lucky/.local/lib/python3.10/site-packages/airflow/example_dags/example_branch_operator_decorator.py
[2024-04-01T22:29:13.188+0530] {logging_mixin.py:188} INFO - [2024-04-01T22:29:13.188+0530] {dag.py:3036} INFO - Sync 1 DAGs
[2024-04-01T22:29:13.211+0530] {logging_mixin.py:188} INFO - [2024-04-01T22:29:13.211+0530] {dag.py:3823} INFO - Setting next_dagrun for example_branch_python_operator_decorator to 2024-03-31 00:00:00+00:00, run_after=2024-04-01 00:00:00+00:00
[2024-04-01T22:29:13.241+0530] {processor.py:183} INFO - Processing /home/lucky/.local/lib/python3.10/site-packages/airflow/example_dags/example_branch_operator_decorator.py took 0.102 seconds
[2024-04-01T22:30:08.036+0530] {processor.py:161} INFO - Started process (PID=60563) to work on /home/lucky/.local/lib/python3.10/site-packages/airflow/example_dags/example_branch_operator_decorator.py
[2024-04-01T22:30:08.037+0530] {processor.py:830} INFO - Processing file /home/lucky/.local/lib/python3.10/site-packages/airflow/example_dags/example_branch_operator_decorator.py for tasks to queue
[2024-04-01T22:30:08.038+0530] {logging_mixin.py:188} INFO - [2024-04-01T22:30:08.038+0530] {dagbag.py:538} INFO - Filling up the DagBag from /home/lucky/.local/lib/python3.10/site-packages/airflow/example_dags/example_branch_operator_decorator.py
[2024-04-01T22:30:08.064+0530] {processor.py:840} INFO - DAG(s) 'example_branch_python_operator_decorator' retrieved from /home/lucky/.local/lib/python3.10/site-packages/airflow/example_dags/example_branch_operator_decorator.py
[2024-04-01T22:30:08.090+0530] {logging_mixin.py:188} INFO - [2024-04-01T22:30:08.089+0530] {dag.py:3036} INFO - Sync 1 DAGs
[2024-04-01T22:30:08.115+0530] {logging_mixin.py:188} INFO - [2024-04-01T22:30:08.115+0530] {dag.py:3823} INFO - Setting next_dagrun for example_branch_python_operator_decorator to 2024-03-31 00:00:00+00:00, run_after=2024-04-01 00:00:00+00:00
[2024-04-01T22:30:08.147+0530] {processor.py:183} INFO - Processing /home/lucky/.local/lib/python3.10/site-packages/airflow/example_dags/example_branch_operator_decorator.py took 0.115 seconds
[2024-04-01T22:30:55.142+0530] {processor.py:161} INFO - Started process (PID=61400) to work on /home/lucky/.local/lib/python3.10/site-packages/airflow/example_dags/example_branch_operator_decorator.py
[2024-04-01T22:30:55.144+0530] {processor.py:830} INFO - Processing file /home/lucky/.local/lib/python3.10/site-packages/airflow/example_dags/example_branch_operator_decorator.py for tasks to queue
[2024-04-01T22:30:55.145+0530] {logging_mixin.py:188} INFO - [2024-04-01T22:30:55.144+0530] {dagbag.py:538} INFO - Filling up the DagBag from /home/lucky/.local/lib/python3.10/site-packages/airflow/example_dags/example_branch_operator_decorator.py
[2024-04-01T22:30:55.167+0530] {processor.py:840} INFO - DAG(s) 'example_branch_python_operator_decorator' retrieved from /home/lucky/.local/lib/python3.10/site-packages/airflow/example_dags/example_branch_operator_decorator.py
[2024-04-01T22:30:55.189+0530] {logging_mixin.py:188} INFO - [2024-04-01T22:30:55.189+0530] {dag.py:3036} INFO - Sync 1 DAGs
[2024-04-01T22:30:55.214+0530] {logging_mixin.py:188} INFO - [2024-04-01T22:30:55.214+0530] {dag.py:3823} INFO - Setting next_dagrun for example_branch_python_operator_decorator to 2024-03-31 00:00:00+00:00, run_after=2024-04-01 00:00:00+00:00
[2024-04-01T22:30:55.239+0530] {processor.py:183} INFO - Processing /home/lucky/.local/lib/python3.10/site-packages/airflow/example_dags/example_branch_operator_decorator.py took 0.100 seconds
[2024-04-01T22:31:42.381+0530] {processor.py:161} INFO - Started process (PID=61972) to work on /home/lucky/.local/lib/python3.10/site-packages/airflow/example_dags/example_branch_operator_decorator.py
[2024-04-01T22:31:42.383+0530] {processor.py:830} INFO - Processing file /home/lucky/.local/lib/python3.10/site-packages/airflow/example_dags/example_branch_operator_decorator.py for tasks to queue
[2024-04-01T22:31:42.384+0530] {logging_mixin.py:188} INFO - [2024-04-01T22:31:42.384+0530] {dagbag.py:538} INFO - Filling up the DagBag from /home/lucky/.local/lib/python3.10/site-packages/airflow/example_dags/example_branch_operator_decorator.py
[2024-04-01T22:31:42.407+0530] {processor.py:840} INFO - DAG(s) 'example_branch_python_operator_decorator' retrieved from /home/lucky/.local/lib/python3.10/site-packages/airflow/example_dags/example_branch_operator_decorator.py
[2024-04-01T22:31:42.430+0530] {logging_mixin.py:188} INFO - [2024-04-01T22:31:42.430+0530] {dag.py:3036} INFO - Sync 1 DAGs
[2024-04-01T22:31:42.452+0530] {logging_mixin.py:188} INFO - [2024-04-01T22:31:42.452+0530] {dag.py:3823} INFO - Setting next_dagrun for example_branch_python_operator_decorator to 2024-03-31 00:00:00+00:00, run_after=2024-04-01 00:00:00+00:00
[2024-04-01T22:31:42.479+0530] {processor.py:183} INFO - Processing /home/lucky/.local/lib/python3.10/site-packages/airflow/example_dags/example_branch_operator_decorator.py took 0.101 seconds
[2024-04-01T22:32:41.850+0530] {processor.py:161} INFO - Started process (PID=63020) to work on /home/lucky/.local/lib/python3.10/site-packages/airflow/example_dags/example_branch_operator_decorator.py
[2024-04-01T22:32:41.851+0530] {processor.py:830} INFO - Processing file /home/lucky/.local/lib/python3.10/site-packages/airflow/example_dags/example_branch_operator_decorator.py for tasks to queue
[2024-04-01T22:32:41.852+0530] {logging_mixin.py:188} INFO - [2024-04-01T22:32:41.852+0530] {dagbag.py:538} INFO - Filling up the DagBag from /home/lucky/.local/lib/python3.10/site-packages/airflow/example_dags/example_branch_operator_decorator.py
[2024-04-01T22:32:41.880+0530] {processor.py:840} INFO - DAG(s) 'example_branch_python_operator_decorator' retrieved from /home/lucky/.local/lib/python3.10/site-packages/airflow/example_dags/example_branch_operator_decorator.py
[2024-04-01T22:32:41.907+0530] {logging_mixin.py:188} INFO - [2024-04-01T22:32:41.907+0530] {dag.py:3036} INFO - Sync 1 DAGs
[2024-04-01T22:32:41.935+0530] {logging_mixin.py:188} INFO - [2024-04-01T22:32:41.934+0530] {dag.py:3823} INFO - Setting next_dagrun for example_branch_python_operator_decorator to 2024-03-31 00:00:00+00:00, run_after=2024-04-01 00:00:00+00:00
[2024-04-01T22:32:41.961+0530] {processor.py:183} INFO - Processing /home/lucky/.local/lib/python3.10/site-packages/airflow/example_dags/example_branch_operator_decorator.py took 0.114 seconds
[2024-04-01T23:06:23.535+0530] {processor.py:161} INFO - Started process (PID=5846) to work on /home/lucky/.local/lib/python3.10/site-packages/airflow/example_dags/example_branch_operator_decorator.py
[2024-04-01T23:06:23.538+0530] {processor.py:830} INFO - Processing file /home/lucky/.local/lib/python3.10/site-packages/airflow/example_dags/example_branch_operator_decorator.py for tasks to queue
[2024-04-01T23:06:23.539+0530] {logging_mixin.py:188} INFO - [2024-04-01T23:06:23.538+0530] {dagbag.py:538} INFO - Filling up the DagBag from /home/lucky/.local/lib/python3.10/site-packages/airflow/example_dags/example_branch_operator_decorator.py
[2024-04-01T23:06:23.561+0530] {processor.py:840} INFO - DAG(s) 'example_branch_python_operator_decorator' retrieved from /home/lucky/.local/lib/python3.10/site-packages/airflow/example_dags/example_branch_operator_decorator.py
[2024-04-01T23:06:23.666+0530] {logging_mixin.py:188} INFO - [2024-04-01T23:06:23.665+0530] {dag.py:3036} INFO - Sync 1 DAGs
[2024-04-01T23:06:23.690+0530] {logging_mixin.py:188} INFO - [2024-04-01T23:06:23.690+0530] {dag.py:3823} INFO - Setting next_dagrun for example_branch_python_operator_decorator to 2024-03-31 00:00:00+00:00, run_after=2024-04-01 00:00:00+00:00
[2024-04-01T23:06:23.722+0530] {processor.py:183} INFO - Processing /home/lucky/.local/lib/python3.10/site-packages/airflow/example_dags/example_branch_operator_decorator.py took 0.190 seconds
[2024-04-01T23:07:20.786+0530] {processor.py:161} INFO - Started process (PID=6854) to work on /home/lucky/.local/lib/python3.10/site-packages/airflow/example_dags/example_branch_operator_decorator.py
[2024-04-01T23:07:20.788+0530] {processor.py:830} INFO - Processing file /home/lucky/.local/lib/python3.10/site-packages/airflow/example_dags/example_branch_operator_decorator.py for tasks to queue
[2024-04-01T23:07:20.790+0530] {logging_mixin.py:188} INFO - [2024-04-01T23:07:20.789+0530] {dagbag.py:538} INFO - Filling up the DagBag from /home/lucky/.local/lib/python3.10/site-packages/airflow/example_dags/example_branch_operator_decorator.py
[2024-04-01T23:07:20.837+0530] {processor.py:840} INFO - DAG(s) 'example_branch_python_operator_decorator' retrieved from /home/lucky/.local/lib/python3.10/site-packages/airflow/example_dags/example_branch_operator_decorator.py
[2024-04-01T23:07:20.870+0530] {logging_mixin.py:188} INFO - [2024-04-01T23:07:20.869+0530] {dag.py:3036} INFO - Sync 1 DAGs
[2024-04-01T23:07:20.900+0530] {logging_mixin.py:188} INFO - [2024-04-01T23:07:20.900+0530] {dag.py:3823} INFO - Setting next_dagrun for example_branch_python_operator_decorator to 2024-03-31 00:00:00+00:00, run_after=2024-04-01 00:00:00+00:00
[2024-04-01T23:07:20.934+0530] {processor.py:183} INFO - Processing /home/lucky/.local/lib/python3.10/site-packages/airflow/example_dags/example_branch_operator_decorator.py took 0.152 seconds
[2024-04-01T23:11:15.211+0530] {processor.py:161} INFO - Started process (PID=10376) to work on /home/lucky/.local/lib/python3.10/site-packages/airflow/example_dags/example_branch_operator_decorator.py
[2024-04-01T23:11:15.216+0530] {processor.py:830} INFO - Processing file /home/lucky/.local/lib/python3.10/site-packages/airflow/example_dags/example_branch_operator_decorator.py for tasks to queue
[2024-04-01T23:11:15.219+0530] {logging_mixin.py:188} INFO - [2024-04-01T23:11:15.218+0530] {dagbag.py:538} INFO - Filling up the DagBag from /home/lucky/.local/lib/python3.10/site-packages/airflow/example_dags/example_branch_operator_decorator.py
[2024-04-01T23:11:15.283+0530] {processor.py:840} INFO - DAG(s) 'example_branch_python_operator_decorator' retrieved from /home/lucky/.local/lib/python3.10/site-packages/airflow/example_dags/example_branch_operator_decorator.py
[2024-04-01T23:11:15.540+0530] {logging_mixin.py:188} INFO - [2024-04-01T23:11:15.540+0530] {dag.py:3036} INFO - Sync 1 DAGs
[2024-04-01T23:11:15.586+0530] {logging_mixin.py:188} INFO - [2024-04-01T23:11:15.586+0530] {dag.py:3823} INFO - Setting next_dagrun for example_branch_python_operator_decorator to 2024-03-31 00:00:00+00:00, run_after=2024-04-01 00:00:00+00:00
[2024-04-01T23:11:15.634+0530] {processor.py:183} INFO - Processing /home/lucky/.local/lib/python3.10/site-packages/airflow/example_dags/example_branch_operator_decorator.py took 0.430 seconds
[2024-04-01T23:12:19.095+0530] {processor.py:161} INFO - Started process (PID=11155) to work on /home/lucky/.local/lib/python3.10/site-packages/airflow/example_dags/example_branch_operator_decorator.py
[2024-04-01T23:12:19.097+0530] {processor.py:830} INFO - Processing file /home/lucky/.local/lib/python3.10/site-packages/airflow/example_dags/example_branch_operator_decorator.py for tasks to queue
[2024-04-01T23:12:19.100+0530] {logging_mixin.py:188} INFO - [2024-04-01T23:12:19.099+0530] {dagbag.py:538} INFO - Filling up the DagBag from /home/lucky/.local/lib/python3.10/site-packages/airflow/example_dags/example_branch_operator_decorator.py
[2024-04-01T23:12:19.152+0530] {processor.py:840} INFO - DAG(s) 'example_branch_python_operator_decorator' retrieved from /home/lucky/.local/lib/python3.10/site-packages/airflow/example_dags/example_branch_operator_decorator.py
[2024-04-01T23:12:19.197+0530] {logging_mixin.py:188} INFO - [2024-04-01T23:12:19.196+0530] {dag.py:3036} INFO - Sync 1 DAGs
[2024-04-01T23:12:19.245+0530] {logging_mixin.py:188} INFO - [2024-04-01T23:12:19.245+0530] {dag.py:3823} INFO - Setting next_dagrun for example_branch_python_operator_decorator to 2024-03-31 00:00:00+00:00, run_after=2024-04-01 00:00:00+00:00
[2024-04-01T23:12:19.285+0530] {processor.py:183} INFO - Processing /home/lucky/.local/lib/python3.10/site-packages/airflow/example_dags/example_branch_operator_decorator.py took 0.196 seconds
[2024-04-01T23:13:19.238+0530] {processor.py:161} INFO - Started process (PID=12154) to work on /home/lucky/.local/lib/python3.10/site-packages/airflow/example_dags/example_branch_operator_decorator.py
[2024-04-01T23:13:19.240+0530] {processor.py:830} INFO - Processing file /home/lucky/.local/lib/python3.10/site-packages/airflow/example_dags/example_branch_operator_decorator.py for tasks to queue
[2024-04-01T23:13:19.241+0530] {logging_mixin.py:188} INFO - [2024-04-01T23:13:19.240+0530] {dagbag.py:538} INFO - Filling up the DagBag from /home/lucky/.local/lib/python3.10/site-packages/airflow/example_dags/example_branch_operator_decorator.py
[2024-04-01T23:13:19.282+0530] {processor.py:840} INFO - DAG(s) 'example_branch_python_operator_decorator' retrieved from /home/lucky/.local/lib/python3.10/site-packages/airflow/example_dags/example_branch_operator_decorator.py
[2024-04-01T23:13:19.329+0530] {logging_mixin.py:188} INFO - [2024-04-01T23:13:19.329+0530] {dag.py:3036} INFO - Sync 1 DAGs
[2024-04-01T23:13:19.363+0530] {logging_mixin.py:188} INFO - [2024-04-01T23:13:19.362+0530] {dag.py:3823} INFO - Setting next_dagrun for example_branch_python_operator_decorator to 2024-03-31 00:00:00+00:00, run_after=2024-04-01 00:00:00+00:00
[2024-04-01T23:13:19.402+0530] {processor.py:183} INFO - Processing /home/lucky/.local/lib/python3.10/site-packages/airflow/example_dags/example_branch_operator_decorator.py took 0.171 seconds
[2024-04-01T23:14:17.548+0530] {processor.py:161} INFO - Started process (PID=12853) to work on /home/lucky/.local/lib/python3.10/site-packages/airflow/example_dags/example_branch_operator_decorator.py
[2024-04-01T23:14:17.551+0530] {processor.py:830} INFO - Processing file /home/lucky/.local/lib/python3.10/site-packages/airflow/example_dags/example_branch_operator_decorator.py for tasks to queue
[2024-04-01T23:14:17.554+0530] {logging_mixin.py:188} INFO - [2024-04-01T23:14:17.553+0530] {dagbag.py:538} INFO - Filling up the DagBag from /home/lucky/.local/lib/python3.10/site-packages/airflow/example_dags/example_branch_operator_decorator.py
[2024-04-01T23:14:17.614+0530] {processor.py:840} INFO - DAG(s) 'example_branch_python_operator_decorator' retrieved from /home/lucky/.local/lib/python3.10/site-packages/airflow/example_dags/example_branch_operator_decorator.py
[2024-04-01T23:14:17.656+0530] {logging_mixin.py:188} INFO - [2024-04-01T23:14:17.656+0530] {dag.py:3036} INFO - Sync 1 DAGs
[2024-04-01T23:14:17.694+0530] {logging_mixin.py:188} INFO - [2024-04-01T23:14:17.694+0530] {dag.py:3823} INFO - Setting next_dagrun for example_branch_python_operator_decorator to 2024-03-31 00:00:00+00:00, run_after=2024-04-01 00:00:00+00:00
[2024-04-01T23:14:17.727+0530] {processor.py:183} INFO - Processing /home/lucky/.local/lib/python3.10/site-packages/airflow/example_dags/example_branch_operator_decorator.py took 0.187 seconds
[2024-04-01T23:15:14.454+0530] {processor.py:161} INFO - Started process (PID=13822) to work on /home/lucky/.local/lib/python3.10/site-packages/airflow/example_dags/example_branch_operator_decorator.py
[2024-04-01T23:15:14.456+0530] {processor.py:830} INFO - Processing file /home/lucky/.local/lib/python3.10/site-packages/airflow/example_dags/example_branch_operator_decorator.py for tasks to queue
[2024-04-01T23:15:14.457+0530] {logging_mixin.py:188} INFO - [2024-04-01T23:15:14.456+0530] {dagbag.py:538} INFO - Filling up the DagBag from /home/lucky/.local/lib/python3.10/site-packages/airflow/example_dags/example_branch_operator_decorator.py
[2024-04-01T23:15:14.479+0530] {processor.py:840} INFO - DAG(s) 'example_branch_python_operator_decorator' retrieved from /home/lucky/.local/lib/python3.10/site-packages/airflow/example_dags/example_branch_operator_decorator.py
[2024-04-01T23:15:14.503+0530] {logging_mixin.py:188} INFO - [2024-04-01T23:15:14.502+0530] {dag.py:3036} INFO - Sync 1 DAGs
[2024-04-01T23:15:14.524+0530] {logging_mixin.py:188} INFO - [2024-04-01T23:15:14.524+0530] {dag.py:3823} INFO - Setting next_dagrun for example_branch_python_operator_decorator to 2024-03-31 00:00:00+00:00, run_after=2024-04-01 00:00:00+00:00
[2024-04-01T23:15:14.548+0530] {processor.py:183} INFO - Processing /home/lucky/.local/lib/python3.10/site-packages/airflow/example_dags/example_branch_operator_decorator.py took 0.097 seconds
[2024-04-01T23:16:09.374+0530] {processor.py:161} INFO - Started process (PID=14771) to work on /home/lucky/.local/lib/python3.10/site-packages/airflow/example_dags/example_branch_operator_decorator.py
[2024-04-01T23:16:09.375+0530] {processor.py:830} INFO - Processing file /home/lucky/.local/lib/python3.10/site-packages/airflow/example_dags/example_branch_operator_decorator.py for tasks to queue
[2024-04-01T23:16:09.377+0530] {logging_mixin.py:188} INFO - [2024-04-01T23:16:09.376+0530] {dagbag.py:538} INFO - Filling up the DagBag from /home/lucky/.local/lib/python3.10/site-packages/airflow/example_dags/example_branch_operator_decorator.py
[2024-04-01T23:16:09.406+0530] {processor.py:840} INFO - DAG(s) 'example_branch_python_operator_decorator' retrieved from /home/lucky/.local/lib/python3.10/site-packages/airflow/example_dags/example_branch_operator_decorator.py
[2024-04-01T23:16:09.438+0530] {logging_mixin.py:188} INFO - [2024-04-01T23:16:09.437+0530] {dag.py:3036} INFO - Sync 1 DAGs
[2024-04-01T23:16:09.466+0530] {logging_mixin.py:188} INFO - [2024-04-01T23:16:09.465+0530] {dag.py:3823} INFO - Setting next_dagrun for example_branch_python_operator_decorator to 2024-03-31 00:00:00+00:00, run_after=2024-04-01 00:00:00+00:00
[2024-04-01T23:16:09.493+0530] {processor.py:183} INFO - Processing /home/lucky/.local/lib/python3.10/site-packages/airflow/example_dags/example_branch_operator_decorator.py took 0.123 seconds
