[2024-04-01T21:41:48.788+0530] {processor.py:161} INFO - Started process (PID=17238) to work on /home/lucky/.local/lib/python3.10/site-packages/airflow/example_dags/example_xcomargs.py
[2024-04-01T21:41:48.790+0530] {processor.py:830} INFO - Processing file /home/lucky/.local/lib/python3.10/site-packages/airflow/example_dags/example_xcomargs.py for tasks to queue
[2024-04-01T21:41:48.791+0530] {logging_mixin.py:188} INFO - [2024-04-01T21:41:48.791+0530] {dagbag.py:538} INFO - Filling up the DagBag from /home/lucky/.local/lib/python3.10/site-packages/airflow/example_dags/example_xcomargs.py
[2024-04-01T21:41:48.810+0530] {processor.py:840} INFO - DAG(s) 'example_xcom_args_with_operators', 'example_xcom_args' retrieved from /home/lucky/.local/lib/python3.10/site-packages/airflow/example_dags/example_xcomargs.py
[2024-04-01T21:41:49.110+0530] {logging_mixin.py:188} INFO - [2024-04-01T21:41:49.110+0530] {dag.py:3036} INFO - Sync 2 DAGs
[2024-04-01T21:41:49.144+0530] {logging_mixin.py:188} INFO - [2024-04-01T21:41:49.143+0530] {dag.py:3823} INFO - Setting next_dagrun for example_xcom_args to None, run_after=None
[2024-04-01T21:41:49.152+0530] {logging_mixin.py:188} INFO - [2024-04-01T21:41:49.152+0530] {dag.py:3823} INFO - Setting next_dagrun for example_xcom_args_with_operators to None, run_after=None
[2024-04-01T21:41:49.218+0530] {processor.py:183} INFO - Processing /home/lucky/.local/lib/python3.10/site-packages/airflow/example_dags/example_xcomargs.py took 0.434 seconds
[2024-04-01T21:43:00.014+0530] {processor.py:161} INFO - Started process (PID=18374) to work on /home/lucky/.local/lib/python3.10/site-packages/airflow/example_dags/example_xcomargs.py
[2024-04-01T21:43:00.019+0530] {processor.py:830} INFO - Processing file /home/lucky/.local/lib/python3.10/site-packages/airflow/example_dags/example_xcomargs.py for tasks to queue
[2024-04-01T21:43:00.021+0530] {logging_mixin.py:188} INFO - [2024-04-01T21:43:00.020+0530] {dagbag.py:538} INFO - Filling up the DagBag from /home/lucky/.local/lib/python3.10/site-packages/airflow/example_dags/example_xcomargs.py
[2024-04-01T21:43:00.041+0530] {processor.py:840} INFO - DAG(s) 'example_xcom_args_with_operators', 'example_xcom_args' retrieved from /home/lucky/.local/lib/python3.10/site-packages/airflow/example_dags/example_xcomargs.py
[2024-04-01T21:43:00.074+0530] {logging_mixin.py:188} INFO - [2024-04-01T21:43:00.074+0530] {dag.py:3036} INFO - Sync 2 DAGs
[2024-04-01T21:43:00.100+0530] {logging_mixin.py:188} INFO - [2024-04-01T21:43:00.100+0530] {dag.py:3823} INFO - Setting next_dagrun for example_xcom_args to None, run_after=None
[2024-04-01T21:43:00.108+0530] {logging_mixin.py:188} INFO - [2024-04-01T21:43:00.108+0530] {dag.py:3823} INFO - Setting next_dagrun for example_xcom_args_with_operators to None, run_after=None
[2024-04-01T21:43:00.155+0530] {processor.py:183} INFO - Processing /home/lucky/.local/lib/python3.10/site-packages/airflow/example_dags/example_xcomargs.py took 0.149 seconds
[2024-04-01T21:44:22.123+0530] {processor.py:161} INFO - Started process (PID=19685) to work on /home/lucky/.local/lib/python3.10/site-packages/airflow/example_dags/example_xcomargs.py
[2024-04-01T21:44:22.125+0530] {processor.py:830} INFO - Processing file /home/lucky/.local/lib/python3.10/site-packages/airflow/example_dags/example_xcomargs.py for tasks to queue
[2024-04-01T21:44:22.127+0530] {logging_mixin.py:188} INFO - [2024-04-01T21:44:22.126+0530] {dagbag.py:538} INFO - Filling up the DagBag from /home/lucky/.local/lib/python3.10/site-packages/airflow/example_dags/example_xcomargs.py
[2024-04-01T21:44:22.140+0530] {processor.py:840} INFO - DAG(s) 'example_xcom_args_with_operators', 'example_xcom_args' retrieved from /home/lucky/.local/lib/python3.10/site-packages/airflow/example_dags/example_xcomargs.py
[2024-04-01T21:44:22.162+0530] {logging_mixin.py:188} INFO - [2024-04-01T21:44:22.161+0530] {dag.py:3036} INFO - Sync 2 DAGs
[2024-04-01T21:44:22.175+0530] {logging_mixin.py:188} INFO - [2024-04-01T21:44:22.174+0530] {dag.py:3823} INFO - Setting next_dagrun for example_xcom_args to None, run_after=None
[2024-04-01T21:44:22.179+0530] {logging_mixin.py:188} INFO - [2024-04-01T21:44:22.179+0530] {dag.py:3823} INFO - Setting next_dagrun for example_xcom_args_with_operators to None, run_after=None
[2024-04-01T21:44:22.202+0530] {processor.py:183} INFO - Processing /home/lucky/.local/lib/python3.10/site-packages/airflow/example_dags/example_xcomargs.py took 0.084 seconds
[2024-04-01T21:44:29.909+0530] {processor.py:161} INFO - Started process (PID=19793) to work on /home/lucky/.local/lib/python3.10/site-packages/airflow/example_dags/example_xcomargs.py
[2024-04-01T21:44:29.912+0530] {processor.py:830} INFO - Processing file /home/lucky/.local/lib/python3.10/site-packages/airflow/example_dags/example_xcomargs.py for tasks to queue
[2024-04-01T21:44:29.913+0530] {logging_mixin.py:188} INFO - [2024-04-01T21:44:29.912+0530] {dagbag.py:538} INFO - Filling up the DagBag from /home/lucky/.local/lib/python3.10/site-packages/airflow/example_dags/example_xcomargs.py
[2024-04-01T21:44:29.928+0530] {processor.py:840} INFO - DAG(s) 'example_xcom_args_with_operators', 'example_xcom_args' retrieved from /home/lucky/.local/lib/python3.10/site-packages/airflow/example_dags/example_xcomargs.py
[2024-04-01T21:44:30.038+0530] {logging_mixin.py:188} INFO - [2024-04-01T21:44:30.037+0530] {dag.py:3036} INFO - Sync 2 DAGs
[2024-04-01T21:44:30.064+0530] {logging_mixin.py:188} INFO - [2024-04-01T21:44:30.063+0530] {dag.py:3823} INFO - Setting next_dagrun for example_xcom_args to None, run_after=None
[2024-04-01T21:44:30.071+0530] {logging_mixin.py:188} INFO - [2024-04-01T21:44:30.070+0530] {dag.py:3823} INFO - Setting next_dagrun for example_xcom_args_with_operators to None, run_after=None
[2024-04-01T21:44:30.106+0530] {processor.py:183} INFO - Processing /home/lucky/.local/lib/python3.10/site-packages/airflow/example_dags/example_xcomargs.py took 0.202 seconds
[2024-04-01T21:45:21.900+0530] {processor.py:161} INFO - Started process (PID=20425) to work on /home/lucky/.local/lib/python3.10/site-packages/airflow/example_dags/example_xcomargs.py
[2024-04-01T21:45:21.902+0530] {processor.py:830} INFO - Processing file /home/lucky/.local/lib/python3.10/site-packages/airflow/example_dags/example_xcomargs.py for tasks to queue
[2024-04-01T21:45:21.904+0530] {logging_mixin.py:188} INFO - [2024-04-01T21:45:21.903+0530] {dagbag.py:538} INFO - Filling up the DagBag from /home/lucky/.local/lib/python3.10/site-packages/airflow/example_dags/example_xcomargs.py
[2024-04-01T21:45:21.920+0530] {processor.py:840} INFO - DAG(s) 'example_xcom_args_with_operators', 'example_xcom_args' retrieved from /home/lucky/.local/lib/python3.10/site-packages/airflow/example_dags/example_xcomargs.py
[2024-04-01T21:45:21.989+0530] {logging_mixin.py:188} INFO - [2024-04-01T21:45:21.988+0530] {dag.py:3036} INFO - Sync 2 DAGs
[2024-04-01T21:45:22.033+0530] {logging_mixin.py:188} INFO - [2024-04-01T21:45:22.032+0530] {dag.py:3823} INFO - Setting next_dagrun for example_xcom_args to None, run_after=None
[2024-04-01T21:45:22.046+0530] {logging_mixin.py:188} INFO - [2024-04-01T21:45:22.046+0530] {dag.py:3823} INFO - Setting next_dagrun for example_xcom_args_with_operators to None, run_after=None
[2024-04-01T21:45:22.107+0530] {processor.py:183} INFO - Processing /home/lucky/.local/lib/python3.10/site-packages/airflow/example_dags/example_xcomargs.py took 0.211 seconds
[2024-04-01T21:58:13.199+0530] {processor.py:161} INFO - Started process (PID=31710) to work on /home/lucky/.local/lib/python3.10/site-packages/airflow/example_dags/example_xcomargs.py
[2024-04-01T21:58:13.202+0530] {processor.py:830} INFO - Processing file /home/lucky/.local/lib/python3.10/site-packages/airflow/example_dags/example_xcomargs.py for tasks to queue
[2024-04-01T21:58:13.205+0530] {logging_mixin.py:188} INFO - [2024-04-01T21:58:13.204+0530] {dagbag.py:538} INFO - Filling up the DagBag from /home/lucky/.local/lib/python3.10/site-packages/airflow/example_dags/example_xcomargs.py
[2024-04-01T21:58:13.224+0530] {processor.py:840} INFO - DAG(s) 'example_xcom_args', 'example_xcom_args_with_operators' retrieved from /home/lucky/.local/lib/python3.10/site-packages/airflow/example_dags/example_xcomargs.py
[2024-04-01T21:58:13.278+0530] {logging_mixin.py:188} INFO - [2024-04-01T21:58:13.277+0530] {dag.py:3036} INFO - Sync 2 DAGs
[2024-04-01T21:58:13.303+0530] {logging_mixin.py:188} INFO - [2024-04-01T21:58:13.302+0530] {dag.py:3823} INFO - Setting next_dagrun for example_xcom_args to None, run_after=None
[2024-04-01T21:58:13.311+0530] {logging_mixin.py:188} INFO - [2024-04-01T21:58:13.310+0530] {dag.py:3823} INFO - Setting next_dagrun for example_xcom_args_with_operators to None, run_after=None
[2024-04-01T21:58:13.361+0530] {processor.py:183} INFO - Processing /home/lucky/.local/lib/python3.10/site-packages/airflow/example_dags/example_xcomargs.py took 0.168 seconds
[2024-04-01T21:59:16.161+0530] {processor.py:161} INFO - Started process (PID=32747) to work on /home/lucky/.local/lib/python3.10/site-packages/airflow/example_dags/example_xcomargs.py
[2024-04-01T21:59:16.164+0530] {processor.py:830} INFO - Processing file /home/lucky/.local/lib/python3.10/site-packages/airflow/example_dags/example_xcomargs.py for tasks to queue
[2024-04-01T21:59:16.166+0530] {logging_mixin.py:188} INFO - [2024-04-01T21:59:16.165+0530] {dagbag.py:538} INFO - Filling up the DagBag from /home/lucky/.local/lib/python3.10/site-packages/airflow/example_dags/example_xcomargs.py
[2024-04-01T21:59:16.180+0530] {processor.py:840} INFO - DAG(s) 'example_xcom_args_with_operators', 'example_xcom_args' retrieved from /home/lucky/.local/lib/python3.10/site-packages/airflow/example_dags/example_xcomargs.py
[2024-04-01T21:59:16.219+0530] {logging_mixin.py:188} INFO - [2024-04-01T21:59:16.219+0530] {dag.py:3036} INFO - Sync 2 DAGs
[2024-04-01T21:59:16.239+0530] {logging_mixin.py:188} INFO - [2024-04-01T21:59:16.238+0530] {dag.py:3823} INFO - Setting next_dagrun for example_xcom_args to None, run_after=None
[2024-04-01T21:59:16.247+0530] {logging_mixin.py:188} INFO - [2024-04-01T21:59:16.246+0530] {dag.py:3823} INFO - Setting next_dagrun for example_xcom_args_with_operators to None, run_after=None
[2024-04-01T21:59:16.282+0530] {processor.py:183} INFO - Processing /home/lucky/.local/lib/python3.10/site-packages/airflow/example_dags/example_xcomargs.py took 0.125 seconds
[2024-04-01T22:00:20.015+0530] {processor.py:161} INFO - Started process (PID=33801) to work on /home/lucky/.local/lib/python3.10/site-packages/airflow/example_dags/example_xcomargs.py
[2024-04-01T22:00:20.017+0530] {processor.py:830} INFO - Processing file /home/lucky/.local/lib/python3.10/site-packages/airflow/example_dags/example_xcomargs.py for tasks to queue
[2024-04-01T22:00:20.019+0530] {logging_mixin.py:188} INFO - [2024-04-01T22:00:20.018+0530] {dagbag.py:538} INFO - Filling up the DagBag from /home/lucky/.local/lib/python3.10/site-packages/airflow/example_dags/example_xcomargs.py
[2024-04-01T22:00:20.039+0530] {processor.py:840} INFO - DAG(s) 'example_xcom_args_with_operators', 'example_xcom_args' retrieved from /home/lucky/.local/lib/python3.10/site-packages/airflow/example_dags/example_xcomargs.py
[2024-04-01T22:00:20.072+0530] {logging_mixin.py:188} INFO - [2024-04-01T22:00:20.072+0530] {dag.py:3036} INFO - Sync 2 DAGs
[2024-04-01T22:00:20.087+0530] {logging_mixin.py:188} INFO - [2024-04-01T22:00:20.086+0530] {dag.py:3823} INFO - Setting next_dagrun for example_xcom_args to None, run_after=None
[2024-04-01T22:00:20.091+0530] {logging_mixin.py:188} INFO - [2024-04-01T22:00:20.090+0530] {dag.py:3823} INFO - Setting next_dagrun for example_xcom_args_with_operators to None, run_after=None
[2024-04-01T22:00:20.121+0530] {processor.py:183} INFO - Processing /home/lucky/.local/lib/python3.10/site-packages/airflow/example_dags/example_xcomargs.py took 0.110 seconds
[2024-04-01T22:01:15.617+0530] {processor.py:161} INFO - Started process (PID=34460) to work on /home/lucky/.local/lib/python3.10/site-packages/airflow/example_dags/example_xcomargs.py
[2024-04-01T22:01:15.619+0530] {processor.py:830} INFO - Processing file /home/lucky/.local/lib/python3.10/site-packages/airflow/example_dags/example_xcomargs.py for tasks to queue
[2024-04-01T22:01:15.620+0530] {logging_mixin.py:188} INFO - [2024-04-01T22:01:15.620+0530] {dagbag.py:538} INFO - Filling up the DagBag from /home/lucky/.local/lib/python3.10/site-packages/airflow/example_dags/example_xcomargs.py
[2024-04-01T22:01:15.634+0530] {processor.py:840} INFO - DAG(s) 'example_xcom_args_with_operators', 'example_xcom_args' retrieved from /home/lucky/.local/lib/python3.10/site-packages/airflow/example_dags/example_xcomargs.py
[2024-04-01T22:01:15.675+0530] {logging_mixin.py:188} INFO - [2024-04-01T22:01:15.674+0530] {dag.py:3036} INFO - Sync 2 DAGs
[2024-04-01T22:01:15.690+0530] {logging_mixin.py:188} INFO - [2024-04-01T22:01:15.690+0530] {dag.py:3823} INFO - Setting next_dagrun for example_xcom_args to None, run_after=None
[2024-04-01T22:01:15.695+0530] {logging_mixin.py:188} INFO - [2024-04-01T22:01:15.695+0530] {dag.py:3823} INFO - Setting next_dagrun for example_xcom_args_with_operators to None, run_after=None
[2024-04-01T22:01:15.723+0530] {processor.py:183} INFO - Processing /home/lucky/.local/lib/python3.10/site-packages/airflow/example_dags/example_xcomargs.py took 0.109 seconds
[2024-04-01T22:02:13.759+0530] {processor.py:161} INFO - Started process (PID=35488) to work on /home/lucky/.local/lib/python3.10/site-packages/airflow/example_dags/example_xcomargs.py
[2024-04-01T22:02:13.761+0530] {processor.py:830} INFO - Processing file /home/lucky/.local/lib/python3.10/site-packages/airflow/example_dags/example_xcomargs.py for tasks to queue
[2024-04-01T22:02:13.763+0530] {logging_mixin.py:188} INFO - [2024-04-01T22:02:13.762+0530] {dagbag.py:538} INFO - Filling up the DagBag from /home/lucky/.local/lib/python3.10/site-packages/airflow/example_dags/example_xcomargs.py
[2024-04-01T22:02:13.777+0530] {processor.py:840} INFO - DAG(s) 'example_xcom_args', 'example_xcom_args_with_operators' retrieved from /home/lucky/.local/lib/python3.10/site-packages/airflow/example_dags/example_xcomargs.py
[2024-04-01T22:02:13.800+0530] {logging_mixin.py:188} INFO - [2024-04-01T22:02:13.800+0530] {dag.py:3036} INFO - Sync 2 DAGs
[2024-04-01T22:02:13.813+0530] {logging_mixin.py:188} INFO - [2024-04-01T22:02:13.813+0530] {dag.py:3823} INFO - Setting next_dagrun for example_xcom_args to None, run_after=None
[2024-04-01T22:02:13.819+0530] {logging_mixin.py:188} INFO - [2024-04-01T22:02:13.819+0530] {dag.py:3823} INFO - Setting next_dagrun for example_xcom_args_with_operators to None, run_after=None
[2024-04-01T22:02:13.849+0530] {processor.py:183} INFO - Processing /home/lucky/.local/lib/python3.10/site-packages/airflow/example_dags/example_xcomargs.py took 0.095 seconds
[2024-04-01T22:03:15.608+0530] {processor.py:161} INFO - Started process (PID=36227) to work on /home/lucky/.local/lib/python3.10/site-packages/airflow/example_dags/example_xcomargs.py
[2024-04-01T22:03:15.610+0530] {processor.py:830} INFO - Processing file /home/lucky/.local/lib/python3.10/site-packages/airflow/example_dags/example_xcomargs.py for tasks to queue
[2024-04-01T22:03:15.611+0530] {logging_mixin.py:188} INFO - [2024-04-01T22:03:15.611+0530] {dagbag.py:538} INFO - Filling up the DagBag from /home/lucky/.local/lib/python3.10/site-packages/airflow/example_dags/example_xcomargs.py
[2024-04-01T22:03:15.623+0530] {processor.py:840} INFO - DAG(s) 'example_xcom_args_with_operators', 'example_xcom_args' retrieved from /home/lucky/.local/lib/python3.10/site-packages/airflow/example_dags/example_xcomargs.py
[2024-04-01T22:03:15.658+0530] {logging_mixin.py:188} INFO - [2024-04-01T22:03:15.658+0530] {dag.py:3036} INFO - Sync 2 DAGs
[2024-04-01T22:03:15.687+0530] {logging_mixin.py:188} INFO - [2024-04-01T22:03:15.686+0530] {dag.py:3823} INFO - Setting next_dagrun for example_xcom_args to None, run_after=None
[2024-04-01T22:03:15.694+0530] {logging_mixin.py:188} INFO - [2024-04-01T22:03:15.693+0530] {dag.py:3823} INFO - Setting next_dagrun for example_xcom_args_with_operators to None, run_after=None
[2024-04-01T22:03:15.731+0530] {processor.py:183} INFO - Processing /home/lucky/.local/lib/python3.10/site-packages/airflow/example_dags/example_xcomargs.py took 0.128 seconds
[2024-04-01T22:04:29.548+0530] {processor.py:161} INFO - Started process (PID=37397) to work on /home/lucky/.local/lib/python3.10/site-packages/airflow/example_dags/example_xcomargs.py
[2024-04-01T22:04:29.550+0530] {processor.py:830} INFO - Processing file /home/lucky/.local/lib/python3.10/site-packages/airflow/example_dags/example_xcomargs.py for tasks to queue
[2024-04-01T22:04:29.550+0530] {logging_mixin.py:188} INFO - [2024-04-01T22:04:29.550+0530] {dagbag.py:538} INFO - Filling up the DagBag from /home/lucky/.local/lib/python3.10/site-packages/airflow/example_dags/example_xcomargs.py
[2024-04-01T22:04:29.561+0530] {processor.py:840} INFO - DAG(s) 'example_xcom_args_with_operators', 'example_xcom_args' retrieved from /home/lucky/.local/lib/python3.10/site-packages/airflow/example_dags/example_xcomargs.py
[2024-04-01T22:04:29.584+0530] {logging_mixin.py:188} INFO - [2024-04-01T22:04:29.583+0530] {dag.py:3036} INFO - Sync 2 DAGs
[2024-04-01T22:04:29.598+0530] {logging_mixin.py:188} INFO - [2024-04-01T22:04:29.598+0530] {dag.py:3823} INFO - Setting next_dagrun for example_xcom_args to None, run_after=None
[2024-04-01T22:04:29.603+0530] {logging_mixin.py:188} INFO - [2024-04-01T22:04:29.603+0530] {dag.py:3823} INFO - Setting next_dagrun for example_xcom_args_with_operators to None, run_after=None
[2024-04-01T22:04:29.634+0530] {processor.py:183} INFO - Processing /home/lucky/.local/lib/python3.10/site-packages/airflow/example_dags/example_xcomargs.py took 0.089 seconds
[2024-04-01T22:05:33.565+0530] {processor.py:161} INFO - Started process (PID=38465) to work on /home/lucky/.local/lib/python3.10/site-packages/airflow/example_dags/example_xcomargs.py
[2024-04-01T22:05:33.575+0530] {processor.py:830} INFO - Processing file /home/lucky/.local/lib/python3.10/site-packages/airflow/example_dags/example_xcomargs.py for tasks to queue
[2024-04-01T22:05:33.576+0530] {logging_mixin.py:188} INFO - [2024-04-01T22:05:33.576+0530] {dagbag.py:538} INFO - Filling up the DagBag from /home/lucky/.local/lib/python3.10/site-packages/airflow/example_dags/example_xcomargs.py
[2024-04-01T22:05:33.724+0530] {processor.py:840} INFO - DAG(s) 'example_xcom_args_with_operators', 'example_xcom_args' retrieved from /home/lucky/.local/lib/python3.10/site-packages/airflow/example_dags/example_xcomargs.py
[2024-04-01T22:05:33.870+0530] {logging_mixin.py:188} INFO - [2024-04-01T22:05:33.869+0530] {dag.py:3036} INFO - Sync 2 DAGs
[2024-04-01T22:05:33.909+0530] {logging_mixin.py:188} INFO - [2024-04-01T22:05:33.908+0530] {dag.py:3823} INFO - Setting next_dagrun for example_xcom_args to None, run_after=None
[2024-04-01T22:05:33.914+0530] {logging_mixin.py:188} INFO - [2024-04-01T22:05:33.914+0530] {dag.py:3823} INFO - Setting next_dagrun for example_xcom_args_with_operators to None, run_after=None
[2024-04-01T22:05:33.950+0530] {processor.py:183} INFO - Processing /home/lucky/.local/lib/python3.10/site-packages/airflow/example_dags/example_xcomargs.py took 0.397 seconds
[2024-04-01T22:06:53.008+0530] {processor.py:161} INFO - Started process (PID=39393) to work on /home/lucky/.local/lib/python3.10/site-packages/airflow/example_dags/example_xcomargs.py
[2024-04-01T22:06:53.010+0530] {processor.py:830} INFO - Processing file /home/lucky/.local/lib/python3.10/site-packages/airflow/example_dags/example_xcomargs.py for tasks to queue
[2024-04-01T22:06:53.014+0530] {logging_mixin.py:188} INFO - [2024-04-01T22:06:53.013+0530] {dagbag.py:538} INFO - Filling up the DagBag from /home/lucky/.local/lib/python3.10/site-packages/airflow/example_dags/example_xcomargs.py
[2024-04-01T22:06:53.033+0530] {processor.py:840} INFO - DAG(s) 'example_xcom_args_with_operators', 'example_xcom_args' retrieved from /home/lucky/.local/lib/python3.10/site-packages/airflow/example_dags/example_xcomargs.py
[2024-04-01T22:06:53.066+0530] {logging_mixin.py:188} INFO - [2024-04-01T22:06:53.066+0530] {dag.py:3036} INFO - Sync 2 DAGs
[2024-04-01T22:06:53.088+0530] {logging_mixin.py:188} INFO - [2024-04-01T22:06:53.088+0530] {dag.py:3823} INFO - Setting next_dagrun for example_xcom_args to None, run_after=None
[2024-04-01T22:06:53.096+0530] {logging_mixin.py:188} INFO - [2024-04-01T22:06:53.095+0530] {dag.py:3823} INFO - Setting next_dagrun for example_xcom_args_with_operators to None, run_after=None
[2024-04-01T22:06:53.131+0530] {processor.py:183} INFO - Processing /home/lucky/.local/lib/python3.10/site-packages/airflow/example_dags/example_xcomargs.py took 0.129 seconds
[2024-04-01T22:08:17.525+0530] {processor.py:161} INFO - Started process (PID=40705) to work on /home/lucky/.local/lib/python3.10/site-packages/airflow/example_dags/example_xcomargs.py
[2024-04-01T22:08:17.527+0530] {processor.py:830} INFO - Processing file /home/lucky/.local/lib/python3.10/site-packages/airflow/example_dags/example_xcomargs.py for tasks to queue
[2024-04-01T22:08:17.538+0530] {logging_mixin.py:188} INFO - [2024-04-01T22:08:17.528+0530] {dagbag.py:538} INFO - Filling up the DagBag from /home/lucky/.local/lib/python3.10/site-packages/airflow/example_dags/example_xcomargs.py
[2024-04-01T22:08:17.570+0530] {processor.py:840} INFO - DAG(s) 'example_xcom_args', 'example_xcom_args_with_operators' retrieved from /home/lucky/.local/lib/python3.10/site-packages/airflow/example_dags/example_xcomargs.py
[2024-04-01T22:08:17.652+0530] {logging_mixin.py:188} INFO - [2024-04-01T22:08:17.652+0530] {dag.py:3036} INFO - Sync 2 DAGs
[2024-04-01T22:08:17.690+0530] {logging_mixin.py:188} INFO - [2024-04-01T22:08:17.690+0530] {dag.py:3823} INFO - Setting next_dagrun for example_xcom_args to None, run_after=None
[2024-04-01T22:08:17.707+0530] {logging_mixin.py:188} INFO - [2024-04-01T22:08:17.707+0530] {dag.py:3823} INFO - Setting next_dagrun for example_xcom_args_with_operators to None, run_after=None
[2024-04-01T22:08:17.781+0530] {processor.py:183} INFO - Processing /home/lucky/.local/lib/python3.10/site-packages/airflow/example_dags/example_xcomargs.py took 0.260 seconds
[2024-04-01T22:09:47.122+0530] {processor.py:161} INFO - Started process (PID=41999) to work on /home/lucky/.local/lib/python3.10/site-packages/airflow/example_dags/example_xcomargs.py
[2024-04-01T22:09:47.124+0530] {processor.py:830} INFO - Processing file /home/lucky/.local/lib/python3.10/site-packages/airflow/example_dags/example_xcomargs.py for tasks to queue
[2024-04-01T22:09:47.126+0530] {logging_mixin.py:188} INFO - [2024-04-01T22:09:47.125+0530] {dagbag.py:538} INFO - Filling up the DagBag from /home/lucky/.local/lib/python3.10/site-packages/airflow/example_dags/example_xcomargs.py
[2024-04-01T22:09:47.147+0530] {processor.py:840} INFO - DAG(s) 'example_xcom_args', 'example_xcom_args_with_operators' retrieved from /home/lucky/.local/lib/python3.10/site-packages/airflow/example_dags/example_xcomargs.py
[2024-04-01T22:09:47.187+0530] {logging_mixin.py:188} INFO - [2024-04-01T22:09:47.186+0530] {dag.py:3036} INFO - Sync 2 DAGs
[2024-04-01T22:09:47.222+0530] {logging_mixin.py:188} INFO - [2024-04-01T22:09:47.221+0530] {dag.py:3823} INFO - Setting next_dagrun for example_xcom_args to None, run_after=None
[2024-04-01T22:09:47.237+0530] {logging_mixin.py:188} INFO - [2024-04-01T22:09:47.236+0530] {dag.py:3823} INFO - Setting next_dagrun for example_xcom_args_with_operators to None, run_after=None
[2024-04-01T22:09:47.298+0530] {processor.py:183} INFO - Processing /home/lucky/.local/lib/python3.10/site-packages/airflow/example_dags/example_xcomargs.py took 0.187 seconds
[2024-04-01T22:11:11.949+0530] {processor.py:161} INFO - Started process (PID=43262) to work on /home/lucky/.local/lib/python3.10/site-packages/airflow/example_dags/example_xcomargs.py
[2024-04-01T22:11:11.952+0530] {processor.py:830} INFO - Processing file /home/lucky/.local/lib/python3.10/site-packages/airflow/example_dags/example_xcomargs.py for tasks to queue
[2024-04-01T22:11:11.954+0530] {logging_mixin.py:188} INFO - [2024-04-01T22:11:11.953+0530] {dagbag.py:538} INFO - Filling up the DagBag from /home/lucky/.local/lib/python3.10/site-packages/airflow/example_dags/example_xcomargs.py
[2024-04-01T22:11:11.971+0530] {processor.py:840} INFO - DAG(s) 'example_xcom_args_with_operators', 'example_xcom_args' retrieved from /home/lucky/.local/lib/python3.10/site-packages/airflow/example_dags/example_xcomargs.py
[2024-04-01T22:11:12.016+0530] {logging_mixin.py:188} INFO - [2024-04-01T22:11:12.015+0530] {dag.py:3036} INFO - Sync 2 DAGs
[2024-04-01T22:11:12.042+0530] {logging_mixin.py:188} INFO - [2024-04-01T22:11:12.042+0530] {dag.py:3823} INFO - Setting next_dagrun for example_xcom_args to None, run_after=None
[2024-04-01T22:11:12.049+0530] {logging_mixin.py:188} INFO - [2024-04-01T22:11:12.049+0530] {dag.py:3823} INFO - Setting next_dagrun for example_xcom_args_with_operators to None, run_after=None
[2024-04-01T22:11:12.084+0530] {processor.py:183} INFO - Processing /home/lucky/.local/lib/python3.10/site-packages/airflow/example_dags/example_xcomargs.py took 0.141 seconds
[2024-04-01T22:12:28.645+0530] {processor.py:161} INFO - Started process (PID=44118) to work on /home/lucky/.local/lib/python3.10/site-packages/airflow/example_dags/example_xcomargs.py
[2024-04-01T22:12:28.648+0530] {processor.py:830} INFO - Processing file /home/lucky/.local/lib/python3.10/site-packages/airflow/example_dags/example_xcomargs.py for tasks to queue
[2024-04-01T22:12:28.658+0530] {logging_mixin.py:188} INFO - [2024-04-01T22:12:28.649+0530] {dagbag.py:538} INFO - Filling up the DagBag from /home/lucky/.local/lib/python3.10/site-packages/airflow/example_dags/example_xcomargs.py
[2024-04-01T22:12:28.695+0530] {processor.py:840} INFO - DAG(s) 'example_xcom_args', 'example_xcom_args_with_operators' retrieved from /home/lucky/.local/lib/python3.10/site-packages/airflow/example_dags/example_xcomargs.py
[2024-04-01T22:12:28.792+0530] {logging_mixin.py:188} INFO - [2024-04-01T22:12:28.791+0530] {dag.py:3036} INFO - Sync 2 DAGs
[2024-04-01T22:12:28.875+0530] {logging_mixin.py:188} INFO - [2024-04-01T22:12:28.874+0530] {dag.py:3823} INFO - Setting next_dagrun for example_xcom_args to None, run_after=None
[2024-04-01T22:12:28.892+0530] {logging_mixin.py:188} INFO - [2024-04-01T22:12:28.891+0530] {dag.py:3823} INFO - Setting next_dagrun for example_xcom_args_with_operators to None, run_after=None
[2024-04-01T22:12:29.008+0530] {processor.py:183} INFO - Processing /home/lucky/.local/lib/python3.10/site-packages/airflow/example_dags/example_xcomargs.py took 0.377 seconds
[2024-04-01T22:13:44.900+0530] {processor.py:161} INFO - Started process (PID=45327) to work on /home/lucky/.local/lib/python3.10/site-packages/airflow/example_dags/example_xcomargs.py
[2024-04-01T22:13:44.902+0530] {processor.py:830} INFO - Processing file /home/lucky/.local/lib/python3.10/site-packages/airflow/example_dags/example_xcomargs.py for tasks to queue
[2024-04-01T22:13:44.903+0530] {logging_mixin.py:188} INFO - [2024-04-01T22:13:44.902+0530] {dagbag.py:538} INFO - Filling up the DagBag from /home/lucky/.local/lib/python3.10/site-packages/airflow/example_dags/example_xcomargs.py
[2024-04-01T22:13:44.913+0530] {processor.py:840} INFO - DAG(s) 'example_xcom_args', 'example_xcom_args_with_operators' retrieved from /home/lucky/.local/lib/python3.10/site-packages/airflow/example_dags/example_xcomargs.py
[2024-04-01T22:13:44.935+0530] {logging_mixin.py:188} INFO - [2024-04-01T22:13:44.935+0530] {dag.py:3036} INFO - Sync 2 DAGs
[2024-04-01T22:13:44.949+0530] {logging_mixin.py:188} INFO - [2024-04-01T22:13:44.949+0530] {dag.py:3823} INFO - Setting next_dagrun for example_xcom_args to None, run_after=None
[2024-04-01T22:13:44.956+0530] {logging_mixin.py:188} INFO - [2024-04-01T22:13:44.955+0530] {dag.py:3823} INFO - Setting next_dagrun for example_xcom_args_with_operators to None, run_after=None
[2024-04-01T22:13:44.982+0530] {processor.py:183} INFO - Processing /home/lucky/.local/lib/python3.10/site-packages/airflow/example_dags/example_xcomargs.py took 0.084 seconds
[2024-04-01T22:14:47.115+0530] {processor.py:161} INFO - Started process (PID=46336) to work on /home/lucky/.local/lib/python3.10/site-packages/airflow/example_dags/example_xcomargs.py
[2024-04-01T22:14:47.117+0530] {processor.py:830} INFO - Processing file /home/lucky/.local/lib/python3.10/site-packages/airflow/example_dags/example_xcomargs.py for tasks to queue
[2024-04-01T22:14:47.121+0530] {logging_mixin.py:188} INFO - [2024-04-01T22:14:47.119+0530] {dagbag.py:538} INFO - Filling up the DagBag from /home/lucky/.local/lib/python3.10/site-packages/airflow/example_dags/example_xcomargs.py
[2024-04-01T22:14:47.139+0530] {processor.py:840} INFO - DAG(s) 'example_xcom_args_with_operators', 'example_xcom_args' retrieved from /home/lucky/.local/lib/python3.10/site-packages/airflow/example_dags/example_xcomargs.py
[2024-04-01T22:14:47.182+0530] {logging_mixin.py:188} INFO - [2024-04-01T22:14:47.182+0530] {dag.py:3036} INFO - Sync 2 DAGs
[2024-04-01T22:14:47.208+0530] {logging_mixin.py:188} INFO - [2024-04-01T22:14:47.207+0530] {dag.py:3823} INFO - Setting next_dagrun for example_xcom_args to None, run_after=None
[2024-04-01T22:14:47.215+0530] {logging_mixin.py:188} INFO - [2024-04-01T22:14:47.215+0530] {dag.py:3823} INFO - Setting next_dagrun for example_xcom_args_with_operators to None, run_after=None
[2024-04-01T22:14:47.257+0530] {processor.py:183} INFO - Processing /home/lucky/.local/lib/python3.10/site-packages/airflow/example_dags/example_xcomargs.py took 0.146 seconds
[2024-04-01T22:15:42.665+0530] {processor.py:161} INFO - Started process (PID=47046) to work on /home/lucky/.local/lib/python3.10/site-packages/airflow/example_dags/example_xcomargs.py
[2024-04-01T22:15:42.671+0530] {processor.py:830} INFO - Processing file /home/lucky/.local/lib/python3.10/site-packages/airflow/example_dags/example_xcomargs.py for tasks to queue
[2024-04-01T22:15:42.677+0530] {logging_mixin.py:188} INFO - [2024-04-01T22:15:42.676+0530] {dagbag.py:538} INFO - Filling up the DagBag from /home/lucky/.local/lib/python3.10/site-packages/airflow/example_dags/example_xcomargs.py
[2024-04-01T22:15:42.699+0530] {processor.py:840} INFO - DAG(s) 'example_xcom_args_with_operators', 'example_xcom_args' retrieved from /home/lucky/.local/lib/python3.10/site-packages/airflow/example_dags/example_xcomargs.py
[2024-04-01T22:15:42.743+0530] {logging_mixin.py:188} INFO - [2024-04-01T22:15:42.742+0530] {dag.py:3036} INFO - Sync 2 DAGs
[2024-04-01T22:15:42.794+0530] {logging_mixin.py:188} INFO - [2024-04-01T22:15:42.793+0530] {dag.py:3823} INFO - Setting next_dagrun for example_xcom_args to None, run_after=None
[2024-04-01T22:15:42.813+0530] {logging_mixin.py:188} INFO - [2024-04-01T22:15:42.812+0530] {dag.py:3823} INFO - Setting next_dagrun for example_xcom_args_with_operators to None, run_after=None
[2024-04-01T22:15:42.920+0530] {processor.py:183} INFO - Processing /home/lucky/.local/lib/python3.10/site-packages/airflow/example_dags/example_xcomargs.py took 0.260 seconds
[2024-04-01T22:16:34.383+0530] {processor.py:161} INFO - Started process (PID=48001) to work on /home/lucky/.local/lib/python3.10/site-packages/airflow/example_dags/example_xcomargs.py
[2024-04-01T22:16:34.385+0530] {processor.py:830} INFO - Processing file /home/lucky/.local/lib/python3.10/site-packages/airflow/example_dags/example_xcomargs.py for tasks to queue
[2024-04-01T22:16:34.386+0530] {logging_mixin.py:188} INFO - [2024-04-01T22:16:34.386+0530] {dagbag.py:538} INFO - Filling up the DagBag from /home/lucky/.local/lib/python3.10/site-packages/airflow/example_dags/example_xcomargs.py
[2024-04-01T22:16:34.396+0530] {processor.py:840} INFO - DAG(s) 'example_xcom_args_with_operators', 'example_xcom_args' retrieved from /home/lucky/.local/lib/python3.10/site-packages/airflow/example_dags/example_xcomargs.py
[2024-04-01T22:16:34.416+0530] {logging_mixin.py:188} INFO - [2024-04-01T22:16:34.415+0530] {dag.py:3036} INFO - Sync 2 DAGs
[2024-04-01T22:16:34.428+0530] {logging_mixin.py:188} INFO - [2024-04-01T22:16:34.428+0530] {dag.py:3823} INFO - Setting next_dagrun for example_xcom_args to None, run_after=None
[2024-04-01T22:16:34.433+0530] {logging_mixin.py:188} INFO - [2024-04-01T22:16:34.432+0530] {dag.py:3823} INFO - Setting next_dagrun for example_xcom_args_with_operators to None, run_after=None
[2024-04-01T22:16:34.461+0530] {processor.py:183} INFO - Processing /home/lucky/.local/lib/python3.10/site-packages/airflow/example_dags/example_xcomargs.py took 0.082 seconds
[2024-04-01T22:17:27.742+0530] {processor.py:161} INFO - Started process (PID=48646) to work on /home/lucky/.local/lib/python3.10/site-packages/airflow/example_dags/example_xcomargs.py
[2024-04-01T22:17:27.754+0530] {processor.py:830} INFO - Processing file /home/lucky/.local/lib/python3.10/site-packages/airflow/example_dags/example_xcomargs.py for tasks to queue
[2024-04-01T22:17:27.756+0530] {logging_mixin.py:188} INFO - [2024-04-01T22:17:27.755+0530] {dagbag.py:538} INFO - Filling up the DagBag from /home/lucky/.local/lib/python3.10/site-packages/airflow/example_dags/example_xcomargs.py
[2024-04-01T22:17:27.767+0530] {processor.py:840} INFO - DAG(s) 'example_xcom_args_with_operators', 'example_xcom_args' retrieved from /home/lucky/.local/lib/python3.10/site-packages/airflow/example_dags/example_xcomargs.py
[2024-04-01T22:17:27.791+0530] {logging_mixin.py:188} INFO - [2024-04-01T22:17:27.791+0530] {dag.py:3036} INFO - Sync 2 DAGs
[2024-04-01T22:17:27.805+0530] {logging_mixin.py:188} INFO - [2024-04-01T22:17:27.804+0530] {dag.py:3823} INFO - Setting next_dagrun for example_xcom_args to None, run_after=None
[2024-04-01T22:17:27.809+0530] {logging_mixin.py:188} INFO - [2024-04-01T22:17:27.809+0530] {dag.py:3823} INFO - Setting next_dagrun for example_xcom_args_with_operators to None, run_after=None
[2024-04-01T22:17:27.841+0530] {processor.py:183} INFO - Processing /home/lucky/.local/lib/python3.10/site-packages/airflow/example_dags/example_xcomargs.py took 0.102 seconds
[2024-04-01T22:18:20.935+0530] {processor.py:161} INFO - Started process (PID=49592) to work on /home/lucky/.local/lib/python3.10/site-packages/airflow/example_dags/example_xcomargs.py
[2024-04-01T22:18:20.947+0530] {processor.py:830} INFO - Processing file /home/lucky/.local/lib/python3.10/site-packages/airflow/example_dags/example_xcomargs.py for tasks to queue
[2024-04-01T22:18:20.948+0530] {logging_mixin.py:188} INFO - [2024-04-01T22:18:20.948+0530] {dagbag.py:538} INFO - Filling up the DagBag from /home/lucky/.local/lib/python3.10/site-packages/airflow/example_dags/example_xcomargs.py
[2024-04-01T22:18:20.957+0530] {processor.py:840} INFO - DAG(s) 'example_xcom_args', 'example_xcom_args_with_operators' retrieved from /home/lucky/.local/lib/python3.10/site-packages/airflow/example_dags/example_xcomargs.py
[2024-04-01T22:18:20.976+0530] {logging_mixin.py:188} INFO - [2024-04-01T22:18:20.976+0530] {dag.py:3036} INFO - Sync 2 DAGs
[2024-04-01T22:18:20.987+0530] {logging_mixin.py:188} INFO - [2024-04-01T22:18:20.986+0530] {dag.py:3823} INFO - Setting next_dagrun for example_xcom_args to None, run_after=None
[2024-04-01T22:18:20.991+0530] {logging_mixin.py:188} INFO - [2024-04-01T22:18:20.990+0530] {dag.py:3823} INFO - Setting next_dagrun for example_xcom_args_with_operators to None, run_after=None
[2024-04-01T22:18:21.017+0530] {processor.py:183} INFO - Processing /home/lucky/.local/lib/python3.10/site-packages/airflow/example_dags/example_xcomargs.py took 0.086 seconds
[2024-04-01T22:19:12.736+0530] {processor.py:161} INFO - Started process (PID=50543) to work on /home/lucky/.local/lib/python3.10/site-packages/airflow/example_dags/example_xcomargs.py
[2024-04-01T22:19:12.738+0530] {processor.py:830} INFO - Processing file /home/lucky/.local/lib/python3.10/site-packages/airflow/example_dags/example_xcomargs.py for tasks to queue
[2024-04-01T22:19:12.739+0530] {logging_mixin.py:188} INFO - [2024-04-01T22:19:12.738+0530] {dagbag.py:538} INFO - Filling up the DagBag from /home/lucky/.local/lib/python3.10/site-packages/airflow/example_dags/example_xcomargs.py
[2024-04-01T22:19:12.749+0530] {processor.py:840} INFO - DAG(s) 'example_xcom_args', 'example_xcom_args_with_operators' retrieved from /home/lucky/.local/lib/python3.10/site-packages/airflow/example_dags/example_xcomargs.py
[2024-04-01T22:19:12.768+0530] {logging_mixin.py:188} INFO - [2024-04-01T22:19:12.768+0530] {dag.py:3036} INFO - Sync 2 DAGs
[2024-04-01T22:19:12.782+0530] {logging_mixin.py:188} INFO - [2024-04-01T22:19:12.781+0530] {dag.py:3823} INFO - Setting next_dagrun for example_xcom_args to None, run_after=None
[2024-04-01T22:19:12.786+0530] {logging_mixin.py:188} INFO - [2024-04-01T22:19:12.786+0530] {dag.py:3823} INFO - Setting next_dagrun for example_xcom_args_with_operators to None, run_after=None
[2024-04-01T22:19:12.811+0530] {processor.py:183} INFO - Processing /home/lucky/.local/lib/python3.10/site-packages/airflow/example_dags/example_xcomargs.py took 0.079 seconds
[2024-04-01T22:24:59.812+0530] {processor.py:161} INFO - Started process (PID=55735) to work on /home/lucky/.local/lib/python3.10/site-packages/airflow/example_dags/example_xcomargs.py
[2024-04-01T22:24:59.824+0530] {processor.py:830} INFO - Processing file /home/lucky/.local/lib/python3.10/site-packages/airflow/example_dags/example_xcomargs.py for tasks to queue
[2024-04-01T22:24:59.826+0530] {logging_mixin.py:188} INFO - [2024-04-01T22:24:59.825+0530] {dagbag.py:538} INFO - Filling up the DagBag from /home/lucky/.local/lib/python3.10/site-packages/airflow/example_dags/example_xcomargs.py
[2024-04-01T22:24:59.836+0530] {processor.py:840} INFO - DAG(s) 'example_xcom_args_with_operators', 'example_xcom_args' retrieved from /home/lucky/.local/lib/python3.10/site-packages/airflow/example_dags/example_xcomargs.py
[2024-04-01T22:24:59.860+0530] {logging_mixin.py:188} INFO - [2024-04-01T22:24:59.860+0530] {dag.py:3036} INFO - Sync 2 DAGs
[2024-04-01T22:24:59.873+0530] {logging_mixin.py:188} INFO - [2024-04-01T22:24:59.872+0530] {dag.py:3823} INFO - Setting next_dagrun for example_xcom_args to None, run_after=None
[2024-04-01T22:24:59.877+0530] {logging_mixin.py:188} INFO - [2024-04-01T22:24:59.877+0530] {dag.py:3823} INFO - Setting next_dagrun for example_xcom_args_with_operators to None, run_after=None
[2024-04-01T22:24:59.901+0530] {processor.py:183} INFO - Processing /home/lucky/.local/lib/python3.10/site-packages/airflow/example_dags/example_xcomargs.py took 0.093 seconds
[2024-04-01T22:27:05.175+0530] {processor.py:161} INFO - Started process (PID=57488) to work on /home/lucky/.local/lib/python3.10/site-packages/airflow/example_dags/example_xcomargs.py
[2024-04-01T22:27:05.176+0530] {processor.py:830} INFO - Processing file /home/lucky/.local/lib/python3.10/site-packages/airflow/example_dags/example_xcomargs.py for tasks to queue
[2024-04-01T22:27:05.178+0530] {logging_mixin.py:188} INFO - [2024-04-01T22:27:05.177+0530] {dagbag.py:538} INFO - Filling up the DagBag from /home/lucky/.local/lib/python3.10/site-packages/airflow/example_dags/example_xcomargs.py
[2024-04-01T22:27:05.187+0530] {processor.py:840} INFO - DAG(s) 'example_xcom_args_with_operators', 'example_xcom_args' retrieved from /home/lucky/.local/lib/python3.10/site-packages/airflow/example_dags/example_xcomargs.py
[2024-04-01T22:27:05.211+0530] {logging_mixin.py:188} INFO - [2024-04-01T22:27:05.210+0530] {dag.py:3036} INFO - Sync 2 DAGs
[2024-04-01T22:27:05.222+0530] {logging_mixin.py:188} INFO - [2024-04-01T22:27:05.222+0530] {dag.py:3823} INFO - Setting next_dagrun for example_xcom_args to None, run_after=None
[2024-04-01T22:27:05.226+0530] {logging_mixin.py:188} INFO - [2024-04-01T22:27:05.226+0530] {dag.py:3823} INFO - Setting next_dagrun for example_xcom_args_with_operators to None, run_after=None
[2024-04-01T22:27:05.248+0530] {processor.py:183} INFO - Processing /home/lucky/.local/lib/python3.10/site-packages/airflow/example_dags/example_xcomargs.py took 0.076 seconds
[2024-04-01T22:28:01.716+0530] {processor.py:161} INFO - Started process (PID=58573) to work on /home/lucky/.local/lib/python3.10/site-packages/airflow/example_dags/example_xcomargs.py
[2024-04-01T22:28:01.729+0530] {processor.py:830} INFO - Processing file /home/lucky/.local/lib/python3.10/site-packages/airflow/example_dags/example_xcomargs.py for tasks to queue
[2024-04-01T22:28:01.731+0530] {logging_mixin.py:188} INFO - [2024-04-01T22:28:01.730+0530] {dagbag.py:538} INFO - Filling up the DagBag from /home/lucky/.local/lib/python3.10/site-packages/airflow/example_dags/example_xcomargs.py
[2024-04-01T22:28:01.741+0530] {processor.py:840} INFO - DAG(s) 'example_xcom_args_with_operators', 'example_xcom_args' retrieved from /home/lucky/.local/lib/python3.10/site-packages/airflow/example_dags/example_xcomargs.py
[2024-04-01T22:28:01.763+0530] {logging_mixin.py:188} INFO - [2024-04-01T22:28:01.763+0530] {dag.py:3036} INFO - Sync 2 DAGs
[2024-04-01T22:28:01.777+0530] {logging_mixin.py:188} INFO - [2024-04-01T22:28:01.777+0530] {dag.py:3823} INFO - Setting next_dagrun for example_xcom_args to None, run_after=None
[2024-04-01T22:28:01.781+0530] {logging_mixin.py:188} INFO - [2024-04-01T22:28:01.781+0530] {dag.py:3823} INFO - Setting next_dagrun for example_xcom_args_with_operators to None, run_after=None
[2024-04-01T22:28:01.804+0530] {processor.py:183} INFO - Processing /home/lucky/.local/lib/python3.10/site-packages/airflow/example_dags/example_xcomargs.py took 0.092 seconds
[2024-04-01T22:28:53.483+0530] {processor.py:161} INFO - Started process (PID=59263) to work on /home/lucky/.local/lib/python3.10/site-packages/airflow/example_dags/example_xcomargs.py
[2024-04-01T22:28:53.484+0530] {processor.py:830} INFO - Processing file /home/lucky/.local/lib/python3.10/site-packages/airflow/example_dags/example_xcomargs.py for tasks to queue
[2024-04-01T22:28:53.485+0530] {logging_mixin.py:188} INFO - [2024-04-01T22:28:53.485+0530] {dagbag.py:538} INFO - Filling up the DagBag from /home/lucky/.local/lib/python3.10/site-packages/airflow/example_dags/example_xcomargs.py
[2024-04-01T22:28:53.494+0530] {processor.py:840} INFO - DAG(s) 'example_xcom_args_with_operators', 'example_xcom_args' retrieved from /home/lucky/.local/lib/python3.10/site-packages/airflow/example_dags/example_xcomargs.py
[2024-04-01T22:28:53.513+0530] {logging_mixin.py:188} INFO - [2024-04-01T22:28:53.513+0530] {dag.py:3036} INFO - Sync 2 DAGs
[2024-04-01T22:28:53.526+0530] {logging_mixin.py:188} INFO - [2024-04-01T22:28:53.526+0530] {dag.py:3823} INFO - Setting next_dagrun for example_xcom_args to None, run_after=None
[2024-04-01T22:28:53.531+0530] {logging_mixin.py:188} INFO - [2024-04-01T22:28:53.531+0530] {dag.py:3823} INFO - Setting next_dagrun for example_xcom_args_with_operators to None, run_after=None
[2024-04-01T22:28:53.556+0530] {processor.py:183} INFO - Processing /home/lucky/.local/lib/python3.10/site-packages/airflow/example_dags/example_xcomargs.py took 0.076 seconds
[2024-04-01T22:29:45.371+0530] {processor.py:161} INFO - Started process (PID=60222) to work on /home/lucky/.local/lib/python3.10/site-packages/airflow/example_dags/example_xcomargs.py
[2024-04-01T22:29:45.373+0530] {processor.py:830} INFO - Processing file /home/lucky/.local/lib/python3.10/site-packages/airflow/example_dags/example_xcomargs.py for tasks to queue
[2024-04-01T22:29:45.374+0530] {logging_mixin.py:188} INFO - [2024-04-01T22:29:45.374+0530] {dagbag.py:538} INFO - Filling up the DagBag from /home/lucky/.local/lib/python3.10/site-packages/airflow/example_dags/example_xcomargs.py
[2024-04-01T22:29:45.386+0530] {processor.py:840} INFO - DAG(s) 'example_xcom_args_with_operators', 'example_xcom_args' retrieved from /home/lucky/.local/lib/python3.10/site-packages/airflow/example_dags/example_xcomargs.py
[2024-04-01T22:29:45.409+0530] {logging_mixin.py:188} INFO - [2024-04-01T22:29:45.409+0530] {dag.py:3036} INFO - Sync 2 DAGs
[2024-04-01T22:29:45.423+0530] {logging_mixin.py:188} INFO - [2024-04-01T22:29:45.423+0530] {dag.py:3823} INFO - Setting next_dagrun for example_xcom_args to None, run_after=None
[2024-04-01T22:29:45.427+0530] {logging_mixin.py:188} INFO - [2024-04-01T22:29:45.427+0530] {dag.py:3823} INFO - Setting next_dagrun for example_xcom_args_with_operators to None, run_after=None
[2024-04-01T22:29:45.453+0530] {processor.py:183} INFO - Processing /home/lucky/.local/lib/python3.10/site-packages/airflow/example_dags/example_xcomargs.py took 0.086 seconds
[2024-04-01T22:30:35.056+0530] {processor.py:161} INFO - Started process (PID=61169) to work on /home/lucky/.local/lib/python3.10/site-packages/airflow/example_dags/example_xcomargs.py
[2024-04-01T22:30:35.059+0530] {processor.py:830} INFO - Processing file /home/lucky/.local/lib/python3.10/site-packages/airflow/example_dags/example_xcomargs.py for tasks to queue
[2024-04-01T22:30:35.061+0530] {logging_mixin.py:188} INFO - [2024-04-01T22:30:35.060+0530] {dagbag.py:538} INFO - Filling up the DagBag from /home/lucky/.local/lib/python3.10/site-packages/airflow/example_dags/example_xcomargs.py
[2024-04-01T22:30:35.098+0530] {processor.py:840} INFO - DAG(s) 'example_xcom_args', 'example_xcom_args_with_operators' retrieved from /home/lucky/.local/lib/python3.10/site-packages/airflow/example_dags/example_xcomargs.py
[2024-04-01T22:30:35.187+0530] {logging_mixin.py:188} INFO - [2024-04-01T22:30:35.183+0530] {dag.py:3036} INFO - Sync 2 DAGs
[2024-04-01T22:30:35.228+0530] {logging_mixin.py:188} INFO - [2024-04-01T22:30:35.227+0530] {dag.py:3823} INFO - Setting next_dagrun for example_xcom_args to None, run_after=None
[2024-04-01T22:30:35.250+0530] {logging_mixin.py:188} INFO - [2024-04-01T22:30:35.249+0530] {dag.py:3823} INFO - Setting next_dagrun for example_xcom_args_with_operators to None, run_after=None
[2024-04-01T22:30:35.347+0530] {processor.py:183} INFO - Processing /home/lucky/.local/lib/python3.10/site-packages/airflow/example_dags/example_xcomargs.py took 0.305 seconds
[2024-04-01T22:31:22.324+0530] {processor.py:161} INFO - Started process (PID=61707) to work on /home/lucky/.local/lib/python3.10/site-packages/airflow/example_dags/example_xcomargs.py
[2024-04-01T22:31:22.326+0530] {processor.py:830} INFO - Processing file /home/lucky/.local/lib/python3.10/site-packages/airflow/example_dags/example_xcomargs.py for tasks to queue
[2024-04-01T22:31:22.331+0530] {logging_mixin.py:188} INFO - [2024-04-01T22:31:22.329+0530] {dagbag.py:538} INFO - Filling up the DagBag from /home/lucky/.local/lib/python3.10/site-packages/airflow/example_dags/example_xcomargs.py
[2024-04-01T22:31:22.349+0530] {processor.py:840} INFO - DAG(s) 'example_xcom_args', 'example_xcom_args_with_operators' retrieved from /home/lucky/.local/lib/python3.10/site-packages/airflow/example_dags/example_xcomargs.py
[2024-04-01T22:31:22.372+0530] {logging_mixin.py:188} INFO - [2024-04-01T22:31:22.371+0530] {dag.py:3036} INFO - Sync 2 DAGs
[2024-04-01T22:31:22.384+0530] {logging_mixin.py:188} INFO - [2024-04-01T22:31:22.384+0530] {dag.py:3823} INFO - Setting next_dagrun for example_xcom_args to None, run_after=None
[2024-04-01T22:31:22.388+0530] {logging_mixin.py:188} INFO - [2024-04-01T22:31:22.388+0530] {dag.py:3823} INFO - Setting next_dagrun for example_xcom_args_with_operators to None, run_after=None
[2024-04-01T22:31:22.412+0530] {processor.py:183} INFO - Processing /home/lucky/.local/lib/python3.10/site-packages/airflow/example_dags/example_xcomargs.py took 0.091 seconds
[2024-04-01T22:32:12.002+0530] {processor.py:161} INFO - Started process (PID=62640) to work on /home/lucky/.local/lib/python3.10/site-packages/airflow/example_dags/example_xcomargs.py
[2024-04-01T22:32:12.005+0530] {processor.py:830} INFO - Processing file /home/lucky/.local/lib/python3.10/site-packages/airflow/example_dags/example_xcomargs.py for tasks to queue
[2024-04-01T22:32:12.006+0530] {logging_mixin.py:188} INFO - [2024-04-01T22:32:12.006+0530] {dagbag.py:538} INFO - Filling up the DagBag from /home/lucky/.local/lib/python3.10/site-packages/airflow/example_dags/example_xcomargs.py
[2024-04-01T22:32:12.018+0530] {processor.py:840} INFO - DAG(s) 'example_xcom_args', 'example_xcom_args_with_operators' retrieved from /home/lucky/.local/lib/python3.10/site-packages/airflow/example_dags/example_xcomargs.py
[2024-04-01T22:32:12.039+0530] {logging_mixin.py:188} INFO - [2024-04-01T22:32:12.039+0530] {dag.py:3036} INFO - Sync 2 DAGs
[2024-04-01T22:32:12.054+0530] {logging_mixin.py:188} INFO - [2024-04-01T22:32:12.053+0530] {dag.py:3823} INFO - Setting next_dagrun for example_xcom_args to None, run_after=None
[2024-04-01T22:32:12.059+0530] {logging_mixin.py:188} INFO - [2024-04-01T22:32:12.059+0530] {dag.py:3823} INFO - Setting next_dagrun for example_xcom_args_with_operators to None, run_after=None
[2024-04-01T22:32:12.086+0530] {processor.py:183} INFO - Processing /home/lucky/.local/lib/python3.10/site-packages/airflow/example_dags/example_xcomargs.py took 0.088 seconds
[2024-04-01T23:06:08.274+0530] {processor.py:161} INFO - Started process (PID=5663) to work on /home/lucky/.local/lib/python3.10/site-packages/airflow/example_dags/example_xcomargs.py
[2024-04-01T23:06:08.278+0530] {processor.py:830} INFO - Processing file /home/lucky/.local/lib/python3.10/site-packages/airflow/example_dags/example_xcomargs.py for tasks to queue
[2024-04-01T23:06:08.281+0530] {logging_mixin.py:188} INFO - [2024-04-01T23:06:08.280+0530] {dagbag.py:538} INFO - Filling up the DagBag from /home/lucky/.local/lib/python3.10/site-packages/airflow/example_dags/example_xcomargs.py
[2024-04-01T23:06:08.299+0530] {processor.py:840} INFO - DAG(s) 'example_xcom_args_with_operators', 'example_xcom_args' retrieved from /home/lucky/.local/lib/python3.10/site-packages/airflow/example_dags/example_xcomargs.py
[2024-04-01T23:06:08.335+0530] {logging_mixin.py:188} INFO - [2024-04-01T23:06:08.335+0530] {dag.py:3036} INFO - Sync 2 DAGs
[2024-04-01T23:06:08.358+0530] {logging_mixin.py:188} INFO - [2024-04-01T23:06:08.358+0530] {dag.py:3823} INFO - Setting next_dagrun for example_xcom_args to None, run_after=None
[2024-04-01T23:06:08.365+0530] {logging_mixin.py:188} INFO - [2024-04-01T23:06:08.364+0530] {dag.py:3823} INFO - Setting next_dagrun for example_xcom_args_with_operators to None, run_after=None
[2024-04-01T23:06:08.412+0530] {processor.py:183} INFO - Processing /home/lucky/.local/lib/python3.10/site-packages/airflow/example_dags/example_xcomargs.py took 0.147 seconds
[2024-04-01T23:07:04.098+0530] {processor.py:161} INFO - Started process (PID=6666) to work on /home/lucky/.local/lib/python3.10/site-packages/airflow/example_dags/example_xcomargs.py
[2024-04-01T23:07:04.101+0530] {processor.py:830} INFO - Processing file /home/lucky/.local/lib/python3.10/site-packages/airflow/example_dags/example_xcomargs.py for tasks to queue
[2024-04-01T23:07:04.102+0530] {logging_mixin.py:188} INFO - [2024-04-01T23:07:04.102+0530] {dagbag.py:538} INFO - Filling up the DagBag from /home/lucky/.local/lib/python3.10/site-packages/airflow/example_dags/example_xcomargs.py
[2024-04-01T23:07:04.119+0530] {processor.py:840} INFO - DAG(s) 'example_xcom_args_with_operators', 'example_xcom_args' retrieved from /home/lucky/.local/lib/python3.10/site-packages/airflow/example_dags/example_xcomargs.py
[2024-04-01T23:07:04.150+0530] {logging_mixin.py:188} INFO - [2024-04-01T23:07:04.150+0530] {dag.py:3036} INFO - Sync 2 DAGs
[2024-04-01T23:07:04.176+0530] {logging_mixin.py:188} INFO - [2024-04-01T23:07:04.176+0530] {dag.py:3823} INFO - Setting next_dagrun for example_xcom_args to None, run_after=None
[2024-04-01T23:07:04.184+0530] {logging_mixin.py:188} INFO - [2024-04-01T23:07:04.184+0530] {dag.py:3823} INFO - Setting next_dagrun for example_xcom_args_with_operators to None, run_after=None
[2024-04-01T23:07:04.224+0530] {processor.py:183} INFO - Processing /home/lucky/.local/lib/python3.10/site-packages/airflow/example_dags/example_xcomargs.py took 0.131 seconds
[2024-04-01T23:07:58.723+0530] {processor.py:161} INFO - Started process (PID=7300) to work on /home/lucky/.local/lib/python3.10/site-packages/airflow/example_dags/example_xcomargs.py
[2024-04-01T23:07:58.725+0530] {processor.py:830} INFO - Processing file /home/lucky/.local/lib/python3.10/site-packages/airflow/example_dags/example_xcomargs.py for tasks to queue
[2024-04-01T23:07:58.727+0530] {logging_mixin.py:188} INFO - [2024-04-01T23:07:58.726+0530] {dagbag.py:538} INFO - Filling up the DagBag from /home/lucky/.local/lib/python3.10/site-packages/airflow/example_dags/example_xcomargs.py
[2024-04-01T23:07:58.752+0530] {processor.py:840} INFO - DAG(s) 'example_xcom_args', 'example_xcom_args_with_operators' retrieved from /home/lucky/.local/lib/python3.10/site-packages/airflow/example_dags/example_xcomargs.py
[2024-04-01T23:07:58.833+0530] {logging_mixin.py:188} INFO - [2024-04-01T23:07:58.832+0530] {dag.py:3036} INFO - Sync 2 DAGs
[2024-04-01T23:07:58.864+0530] {logging_mixin.py:188} INFO - [2024-04-01T23:07:58.863+0530] {dag.py:3823} INFO - Setting next_dagrun for example_xcom_args to None, run_after=None
[2024-04-01T23:07:58.871+0530] {logging_mixin.py:188} INFO - [2024-04-01T23:07:58.870+0530] {dag.py:3823} INFO - Setting next_dagrun for example_xcom_args_with_operators to None, run_after=None
[2024-04-01T23:07:58.910+0530] {processor.py:183} INFO - Processing /home/lucky/.local/lib/python3.10/site-packages/airflow/example_dags/example_xcomargs.py took 0.193 seconds
[2024-04-01T23:10:58.041+0530] {processor.py:161} INFO - Started process (PID=9871) to work on /home/lucky/.local/lib/python3.10/site-packages/airflow/example_dags/example_xcomargs.py
[2024-04-01T23:10:58.043+0530] {processor.py:830} INFO - Processing file /home/lucky/.local/lib/python3.10/site-packages/airflow/example_dags/example_xcomargs.py for tasks to queue
[2024-04-01T23:10:58.044+0530] {logging_mixin.py:188} INFO - [2024-04-01T23:10:58.044+0530] {dagbag.py:538} INFO - Filling up the DagBag from /home/lucky/.local/lib/python3.10/site-packages/airflow/example_dags/example_xcomargs.py
[2024-04-01T23:10:58.064+0530] {processor.py:840} INFO - DAG(s) 'example_xcom_args_with_operators', 'example_xcom_args' retrieved from /home/lucky/.local/lib/python3.10/site-packages/airflow/example_dags/example_xcomargs.py
[2024-04-01T23:10:58.115+0530] {logging_mixin.py:188} INFO - [2024-04-01T23:10:58.115+0530] {dag.py:3036} INFO - Sync 2 DAGs
[2024-04-01T23:10:58.137+0530] {logging_mixin.py:188} INFO - [2024-04-01T23:10:58.137+0530] {dag.py:3823} INFO - Setting next_dagrun for example_xcom_args to None, run_after=None
[2024-04-01T23:10:58.143+0530] {logging_mixin.py:188} INFO - [2024-04-01T23:10:58.143+0530] {dag.py:3823} INFO - Setting next_dagrun for example_xcom_args_with_operators to None, run_after=None
[2024-04-01T23:10:58.184+0530] {processor.py:183} INFO - Processing /home/lucky/.local/lib/python3.10/site-packages/airflow/example_dags/example_xcomargs.py took 0.146 seconds
[2024-04-01T23:12:01.991+0530] {processor.py:161} INFO - Started process (PID=10951) to work on /home/lucky/.local/lib/python3.10/site-packages/airflow/example_dags/example_xcomargs.py
[2024-04-01T23:12:01.993+0530] {processor.py:830} INFO - Processing file /home/lucky/.local/lib/python3.10/site-packages/airflow/example_dags/example_xcomargs.py for tasks to queue
[2024-04-01T23:12:01.997+0530] {logging_mixin.py:188} INFO - [2024-04-01T23:12:01.995+0530] {dagbag.py:538} INFO - Filling up the DagBag from /home/lucky/.local/lib/python3.10/site-packages/airflow/example_dags/example_xcomargs.py
[2024-04-01T23:12:02.020+0530] {processor.py:840} INFO - DAG(s) 'example_xcom_args_with_operators', 'example_xcom_args' retrieved from /home/lucky/.local/lib/python3.10/site-packages/airflow/example_dags/example_xcomargs.py
[2024-04-01T23:12:02.056+0530] {logging_mixin.py:188} INFO - [2024-04-01T23:12:02.056+0530] {dag.py:3036} INFO - Sync 2 DAGs
[2024-04-01T23:12:02.082+0530] {logging_mixin.py:188} INFO - [2024-04-01T23:12:02.082+0530] {dag.py:3823} INFO - Setting next_dagrun for example_xcom_args to None, run_after=None
[2024-04-01T23:12:02.089+0530] {logging_mixin.py:188} INFO - [2024-04-01T23:12:02.088+0530] {dag.py:3823} INFO - Setting next_dagrun for example_xcom_args_with_operators to None, run_after=None
[2024-04-01T23:12:02.133+0530] {processor.py:183} INFO - Processing /home/lucky/.local/lib/python3.10/site-packages/airflow/example_dags/example_xcomargs.py took 0.147 seconds
[2024-04-01T23:13:02.824+0530] {processor.py:161} INFO - Started process (PID=11986) to work on /home/lucky/.local/lib/python3.10/site-packages/airflow/example_dags/example_xcomargs.py
[2024-04-01T23:13:02.829+0530] {processor.py:830} INFO - Processing file /home/lucky/.local/lib/python3.10/site-packages/airflow/example_dags/example_xcomargs.py for tasks to queue
[2024-04-01T23:13:02.832+0530] {logging_mixin.py:188} INFO - [2024-04-01T23:13:02.830+0530] {dagbag.py:538} INFO - Filling up the DagBag from /home/lucky/.local/lib/python3.10/site-packages/airflow/example_dags/example_xcomargs.py
[2024-04-01T23:13:02.851+0530] {processor.py:840} INFO - DAG(s) 'example_xcom_args', 'example_xcom_args_with_operators' retrieved from /home/lucky/.local/lib/python3.10/site-packages/airflow/example_dags/example_xcomargs.py
[2024-04-01T23:13:02.886+0530] {logging_mixin.py:188} INFO - [2024-04-01T23:13:02.885+0530] {dag.py:3036} INFO - Sync 2 DAGs
[2024-04-01T23:13:02.913+0530] {logging_mixin.py:188} INFO - [2024-04-01T23:13:02.913+0530] {dag.py:3823} INFO - Setting next_dagrun for example_xcom_args to None, run_after=None
[2024-04-01T23:13:02.928+0530] {logging_mixin.py:188} INFO - [2024-04-01T23:13:02.927+0530] {dag.py:3823} INFO - Setting next_dagrun for example_xcom_args_with_operators to None, run_after=None
[2024-04-01T23:13:02.979+0530] {processor.py:183} INFO - Processing /home/lucky/.local/lib/python3.10/site-packages/airflow/example_dags/example_xcomargs.py took 0.162 seconds
[2024-04-01T23:14:01.201+0530] {processor.py:161} INFO - Started process (PID=12652) to work on /home/lucky/.local/lib/python3.10/site-packages/airflow/example_dags/example_xcomargs.py
[2024-04-01T23:14:01.204+0530] {processor.py:830} INFO - Processing file /home/lucky/.local/lib/python3.10/site-packages/airflow/example_dags/example_xcomargs.py for tasks to queue
[2024-04-01T23:14:01.205+0530] {logging_mixin.py:188} INFO - [2024-04-01T23:14:01.205+0530] {dagbag.py:538} INFO - Filling up the DagBag from /home/lucky/.local/lib/python3.10/site-packages/airflow/example_dags/example_xcomargs.py
[2024-04-01T23:14:01.218+0530] {processor.py:840} INFO - DAG(s) 'example_xcom_args', 'example_xcom_args_with_operators' retrieved from /home/lucky/.local/lib/python3.10/site-packages/airflow/example_dags/example_xcomargs.py
[2024-04-01T23:14:01.245+0530] {logging_mixin.py:188} INFO - [2024-04-01T23:14:01.245+0530] {dag.py:3036} INFO - Sync 2 DAGs
[2024-04-01T23:14:01.261+0530] {logging_mixin.py:188} INFO - [2024-04-01T23:14:01.261+0530] {dag.py:3823} INFO - Setting next_dagrun for example_xcom_args to None, run_after=None
[2024-04-01T23:14:01.266+0530] {logging_mixin.py:188} INFO - [2024-04-01T23:14:01.266+0530] {dag.py:3823} INFO - Setting next_dagrun for example_xcom_args_with_operators to None, run_after=None
[2024-04-01T23:14:01.298+0530] {processor.py:183} INFO - Processing /home/lucky/.local/lib/python3.10/site-packages/airflow/example_dags/example_xcomargs.py took 0.101 seconds
[2024-04-01T23:14:57.181+0530] {processor.py:161} INFO - Started process (PID=13578) to work on /home/lucky/.local/lib/python3.10/site-packages/airflow/example_dags/example_xcomargs.py
[2024-04-01T23:14:57.183+0530] {processor.py:830} INFO - Processing file /home/lucky/.local/lib/python3.10/site-packages/airflow/example_dags/example_xcomargs.py for tasks to queue
[2024-04-01T23:14:57.186+0530] {logging_mixin.py:188} INFO - [2024-04-01T23:14:57.185+0530] {dagbag.py:538} INFO - Filling up the DagBag from /home/lucky/.local/lib/python3.10/site-packages/airflow/example_dags/example_xcomargs.py
[2024-04-01T23:14:57.223+0530] {processor.py:840} INFO - DAG(s) 'example_xcom_args_with_operators', 'example_xcom_args' retrieved from /home/lucky/.local/lib/python3.10/site-packages/airflow/example_dags/example_xcomargs.py
[2024-04-01T23:14:57.260+0530] {logging_mixin.py:188} INFO - [2024-04-01T23:14:57.260+0530] {dag.py:3036} INFO - Sync 2 DAGs
[2024-04-01T23:14:57.281+0530] {logging_mixin.py:188} INFO - [2024-04-01T23:14:57.281+0530] {dag.py:3823} INFO - Setting next_dagrun for example_xcom_args to None, run_after=None
[2024-04-01T23:14:57.289+0530] {logging_mixin.py:188} INFO - [2024-04-01T23:14:57.288+0530] {dag.py:3823} INFO - Setting next_dagrun for example_xcom_args_with_operators to None, run_after=None
[2024-04-01T23:14:57.329+0530] {processor.py:183} INFO - Processing /home/lucky/.local/lib/python3.10/site-packages/airflow/example_dags/example_xcomargs.py took 0.163 seconds
[2024-04-01T23:15:49.838+0530] {processor.py:161} INFO - Started process (PID=14240) to work on /home/lucky/.local/lib/python3.10/site-packages/airflow/example_dags/example_xcomargs.py
[2024-04-01T23:15:49.839+0530] {processor.py:830} INFO - Processing file /home/lucky/.local/lib/python3.10/site-packages/airflow/example_dags/example_xcomargs.py for tasks to queue
[2024-04-01T23:15:49.840+0530] {logging_mixin.py:188} INFO - [2024-04-01T23:15:49.840+0530] {dagbag.py:538} INFO - Filling up the DagBag from /home/lucky/.local/lib/python3.10/site-packages/airflow/example_dags/example_xcomargs.py
[2024-04-01T23:15:49.850+0530] {processor.py:840} INFO - DAG(s) 'example_xcom_args', 'example_xcom_args_with_operators' retrieved from /home/lucky/.local/lib/python3.10/site-packages/airflow/example_dags/example_xcomargs.py
[2024-04-01T23:15:49.872+0530] {logging_mixin.py:188} INFO - [2024-04-01T23:15:49.871+0530] {dag.py:3036} INFO - Sync 2 DAGs
[2024-04-01T23:15:49.888+0530] {logging_mixin.py:188} INFO - [2024-04-01T23:15:49.888+0530] {dag.py:3823} INFO - Setting next_dagrun for example_xcom_args to None, run_after=None
[2024-04-01T23:15:49.892+0530] {logging_mixin.py:188} INFO - [2024-04-01T23:15:49.892+0530] {dag.py:3823} INFO - Setting next_dagrun for example_xcom_args_with_operators to None, run_after=None
[2024-04-01T23:15:49.919+0530] {processor.py:183} INFO - Processing /home/lucky/.local/lib/python3.10/site-packages/airflow/example_dags/example_xcomargs.py took 0.085 seconds
[2024-04-01T23:16:34.143+0530] {processor.py:161} INFO - Started process (PID=15082) to work on /home/lucky/.local/lib/python3.10/site-packages/airflow/example_dags/example_xcomargs.py
[2024-04-01T23:16:34.145+0530] {processor.py:830} INFO - Processing file /home/lucky/.local/lib/python3.10/site-packages/airflow/example_dags/example_xcomargs.py for tasks to queue
[2024-04-01T23:16:34.146+0530] {logging_mixin.py:188} INFO - [2024-04-01T23:16:34.145+0530] {dagbag.py:538} INFO - Filling up the DagBag from /home/lucky/.local/lib/python3.10/site-packages/airflow/example_dags/example_xcomargs.py
[2024-04-01T23:16:34.154+0530] {processor.py:840} INFO - DAG(s) 'example_xcom_args_with_operators', 'example_xcom_args' retrieved from /home/lucky/.local/lib/python3.10/site-packages/airflow/example_dags/example_xcomargs.py
[2024-04-01T23:16:34.174+0530] {logging_mixin.py:188} INFO - [2024-04-01T23:16:34.174+0530] {dag.py:3036} INFO - Sync 2 DAGs
[2024-04-01T23:16:34.189+0530] {logging_mixin.py:188} INFO - [2024-04-01T23:16:34.189+0530] {dag.py:3823} INFO - Setting next_dagrun for example_xcom_args to None, run_after=None
[2024-04-01T23:16:34.195+0530] {logging_mixin.py:188} INFO - [2024-04-01T23:16:34.195+0530] {dag.py:3823} INFO - Setting next_dagrun for example_xcom_args_with_operators to None, run_after=None
[2024-04-01T23:16:34.223+0530] {processor.py:183} INFO - Processing /home/lucky/.local/lib/python3.10/site-packages/airflow/example_dags/example_xcomargs.py took 0.083 seconds
