[2024-04-08T01:46:15.384+0530] {taskinstance.py:1956} INFO - Dependencies all met for dep_context=non-requeueable deps ti=<TaskInstance: analytics_pipeline.check_archive manual__2024-04-01T16:30:24+00:00 [queued]>
[2024-04-08T01:46:15.396+0530] {taskinstance.py:1956} INFO - Dependencies all met for dep_context=requeueable deps ti=<TaskInstance: analytics_pipeline.check_archive manual__2024-04-01T16:30:24+00:00 [queued]>
[2024-04-08T01:46:15.396+0530] {taskinstance.py:2170} INFO - Starting attempt 1 of 2
[2024-04-08T01:46:15.419+0530] {taskinstance.py:2191} INFO - Executing <Task(BranchPythonOperator): check_archive> on 2024-04-01 16:30:24+00:00
[2024-04-08T01:46:15.427+0530] {standard_task_runner.py:60} INFO - Started process 79964 to run task
[2024-04-08T01:46:15.432+0530] {standard_task_runner.py:87} INFO - Running: ['airflow', 'tasks', 'run', 'analytics_pipeline', 'check_archive', 'manual__2024-04-01T16:30:24+00:00', '--job-id', '295', '--raw', '--subdir', 'DAGS_FOLDER/analytics_pipeline.py', '--cfg-path', '/tmp/tmp2vqlqr9b']
[2024-04-08T01:46:15.433+0530] {standard_task_runner.py:88} INFO - Job 295: Subtask check_archive
[2024-04-08T01:46:15.482+0530] {task_command.py:423} INFO - Running <TaskInstance: analytics_pipeline.check_archive manual__2024-04-01T16:30:24+00:00 [running]> on host LAPTOP-HO799B2R.
[2024-04-08T01:46:15.553+0530] {taskinstance.py:2480} INFO - Exporting env vars: AIRFLOW_CTX_DAG_OWNER='airflow' AIRFLOW_CTX_DAG_ID='analytics_pipeline' AIRFLOW_CTX_TASK_ID='check_archive' AIRFLOW_CTX_EXECUTION_DATE='2024-04-01T16:30:24+00:00' AIRFLOW_CTX_TRY_NUMBER='1' AIRFLOW_CTX_DAG_RUN_ID='manual__2024-04-01T16:30:24+00:00'
[2024-04-08T01:46:15.555+0530] {python.py:201} INFO - Done. Returned value was: valid_archive
[2024-04-08T01:46:15.555+0530] {branch.py:35} INFO - Branch into valid_archive
[2024-04-08T01:46:15.556+0530] {skipmixin.py:178} INFO - Following branch valid_archive
[2024-04-08T01:46:15.562+0530] {taskinstance.py:2698} ERROR - Task failed with exception
Traceback (most recent call last):
  File "/home/lucky/.local/lib/python3.10/site-packages/airflow/models/taskinstance.py", line 433, in _execute_task
    result = execute_callable(context=context, **execute_callable_kwargs)
  File "/home/lucky/.local/lib/python3.10/site-packages/airflow/operators/python.py", line 233, in execute
    return self.do_branch(context, super().execute(context))
  File "/home/lucky/.local/lib/python3.10/site-packages/airflow/operators/branch.py", line 36, in do_branch
    self.skip_all_except(context["ti"], branches_to_execute)
  File "/home/lucky/.local/lib/python3.10/site-packages/airflow/models/skipmixin.py", line 213, in skip_all_except
    raise AirflowException(
airflow.exceptions.AirflowException: 'branch_task_ids' must contain only valid task_ids. Invalid tasks found: {'valid_archive'}.
[2024-04-08T01:46:15.566+0530] {taskinstance.py:1138} INFO - Marking task as UP_FOR_RETRY. dag_id=analytics_pipeline, task_id=check_archive, execution_date=20240401T163024, start_date=20240407T201615, end_date=20240407T201615
[2024-04-08T01:46:15.581+0530] {standard_task_runner.py:107} ERROR - Failed to execute job 295 for task check_archive ('branch_task_ids' must contain only valid task_ids. Invalid tasks found: {'valid_archive'}.; 79964)
[2024-04-08T01:46:15.605+0530] {local_task_job_runner.py:234} INFO - Task exited with return code 1
[2024-04-08T01:46:15.636+0530] {taskinstance.py:3280} INFO - 0 downstream tasks scheduled from follow-on schedule check
