[2024-03-02T13:15:08.528+0530] {processor.py:161} INFO - Started process (PID=3372) to work on /home/lucky/.local/lib/python3.10/site-packages/airflow/example_dags/example_short_circuit_decorator.py
[2024-03-02T13:15:08.531+0530] {processor.py:830} INFO - Processing file /home/lucky/.local/lib/python3.10/site-packages/airflow/example_dags/example_short_circuit_decorator.py for tasks to queue
[2024-03-02T13:15:08.535+0530] {logging_mixin.py:188} INFO - [2024-03-02T13:15:08.534+0530] {dagbag.py:538} INFO - Filling up the DagBag from /home/lucky/.local/lib/python3.10/site-packages/airflow/example_dags/example_short_circuit_decorator.py
[2024-03-02T13:15:08.583+0530] {processor.py:840} INFO - DAG(s) 'example_short_circuit_decorator' retrieved from /home/lucky/.local/lib/python3.10/site-packages/airflow/example_dags/example_short_circuit_decorator.py
[2024-03-02T13:15:08.599+0530] {logging_mixin.py:188} INFO - [2024-03-02T13:15:08.598+0530] {dag.py:3036} INFO - Sync 1 DAGs
[2024-03-02T13:15:08.952+0530] {logging_mixin.py:188} INFO - [2024-03-02T13:15:08.951+0530] {dag.py:3823} INFO - Setting next_dagrun for example_short_circuit_decorator to 2024-03-01 00:00:00+00:00, run_after=2024-03-02 00:00:00+00:00
[2024-03-02T13:15:09.033+0530] {processor.py:183} INFO - Processing /home/lucky/.local/lib/python3.10/site-packages/airflow/example_dags/example_short_circuit_decorator.py took 0.514 seconds
[2024-03-02T13:16:16.607+0530] {processor.py:161} INFO - Started process (PID=4306) to work on /home/lucky/.local/lib/python3.10/site-packages/airflow/example_dags/example_short_circuit_decorator.py
[2024-03-02T13:16:16.621+0530] {processor.py:830} INFO - Processing file /home/lucky/.local/lib/python3.10/site-packages/airflow/example_dags/example_short_circuit_decorator.py for tasks to queue
[2024-03-02T13:16:16.623+0530] {logging_mixin.py:188} INFO - [2024-03-02T13:16:16.622+0530] {dagbag.py:538} INFO - Filling up the DagBag from /home/lucky/.local/lib/python3.10/site-packages/airflow/example_dags/example_short_circuit_decorator.py
[2024-03-02T13:16:16.644+0530] {processor.py:840} INFO - DAG(s) 'example_short_circuit_decorator' retrieved from /home/lucky/.local/lib/python3.10/site-packages/airflow/example_dags/example_short_circuit_decorator.py
[2024-03-02T13:16:16.880+0530] {logging_mixin.py:188} INFO - [2024-03-02T13:16:16.879+0530] {dag.py:3036} INFO - Sync 1 DAGs
[2024-03-02T13:16:16.931+0530] {logging_mixin.py:188} INFO - [2024-03-02T13:16:16.930+0530] {dag.py:3823} INFO - Setting next_dagrun for example_short_circuit_decorator to 2024-03-01 00:00:00+00:00, run_after=2024-03-02 00:00:00+00:00
[2024-03-02T13:16:17.004+0530] {processor.py:183} INFO - Processing /home/lucky/.local/lib/python3.10/site-packages/airflow/example_dags/example_short_circuit_decorator.py took 0.404 seconds
[2024-03-02T13:16:50.370+0530] {processor.py:161} INFO - Started process (PID=4588) to work on /home/lucky/.local/lib/python3.10/site-packages/airflow/example_dags/example_short_circuit_decorator.py
[2024-03-02T13:16:50.375+0530] {processor.py:830} INFO - Processing file /home/lucky/.local/lib/python3.10/site-packages/airflow/example_dags/example_short_circuit_decorator.py for tasks to queue
[2024-03-02T13:16:50.378+0530] {logging_mixin.py:188} INFO - [2024-03-02T13:16:50.377+0530] {dagbag.py:538} INFO - Filling up the DagBag from /home/lucky/.local/lib/python3.10/site-packages/airflow/example_dags/example_short_circuit_decorator.py
[2024-03-02T13:16:50.427+0530] {processor.py:840} INFO - DAG(s) 'example_short_circuit_decorator' retrieved from /home/lucky/.local/lib/python3.10/site-packages/airflow/example_dags/example_short_circuit_decorator.py
[2024-03-02T13:16:50.527+0530] {logging_mixin.py:188} INFO - [2024-03-02T13:16:50.526+0530] {dag.py:3036} INFO - Sync 1 DAGs
[2024-03-02T13:16:50.600+0530] {logging_mixin.py:188} INFO - [2024-03-02T13:16:50.599+0530] {dag.py:3823} INFO - Setting next_dagrun for example_short_circuit_decorator to 2024-03-01 00:00:00+00:00, run_after=2024-03-02 00:00:00+00:00
[2024-03-02T13:16:50.672+0530] {processor.py:183} INFO - Processing /home/lucky/.local/lib/python3.10/site-packages/airflow/example_dags/example_short_circuit_decorator.py took 0.311 seconds
[2024-03-02T13:17:49.408+0530] {processor.py:161} INFO - Started process (PID=5430) to work on /home/lucky/.local/lib/python3.10/site-packages/airflow/example_dags/example_short_circuit_decorator.py
[2024-03-02T13:17:49.423+0530] {processor.py:830} INFO - Processing file /home/lucky/.local/lib/python3.10/site-packages/airflow/example_dags/example_short_circuit_decorator.py for tasks to queue
[2024-03-02T13:17:49.426+0530] {logging_mixin.py:188} INFO - [2024-03-02T13:17:49.424+0530] {dagbag.py:538} INFO - Filling up the DagBag from /home/lucky/.local/lib/python3.10/site-packages/airflow/example_dags/example_short_circuit_decorator.py
[2024-03-02T13:17:49.472+0530] {processor.py:840} INFO - DAG(s) 'example_short_circuit_decorator' retrieved from /home/lucky/.local/lib/python3.10/site-packages/airflow/example_dags/example_short_circuit_decorator.py
[2024-03-02T13:17:49.541+0530] {logging_mixin.py:188} INFO - [2024-03-02T13:17:49.536+0530] {dag.py:3036} INFO - Sync 1 DAGs
[2024-03-02T13:17:49.679+0530] {logging_mixin.py:188} INFO - [2024-03-02T13:17:49.678+0530] {dag.py:3823} INFO - Setting next_dagrun for example_short_circuit_decorator to 2024-03-01 00:00:00+00:00, run_after=2024-03-02 00:00:00+00:00
[2024-03-02T13:17:49.780+0530] {processor.py:183} INFO - Processing /home/lucky/.local/lib/python3.10/site-packages/airflow/example_dags/example_short_circuit_decorator.py took 0.384 seconds
[2024-03-02T13:18:49.961+0530] {processor.py:161} INFO - Started process (PID=5938) to work on /home/lucky/.local/lib/python3.10/site-packages/airflow/example_dags/example_short_circuit_decorator.py
[2024-03-02T13:18:49.974+0530] {processor.py:830} INFO - Processing file /home/lucky/.local/lib/python3.10/site-packages/airflow/example_dags/example_short_circuit_decorator.py for tasks to queue
[2024-03-02T13:18:49.977+0530] {logging_mixin.py:188} INFO - [2024-03-02T13:18:49.976+0530] {dagbag.py:538} INFO - Filling up the DagBag from /home/lucky/.local/lib/python3.10/site-packages/airflow/example_dags/example_short_circuit_decorator.py
[2024-03-02T13:18:49.995+0530] {processor.py:840} INFO - DAG(s) 'example_short_circuit_decorator' retrieved from /home/lucky/.local/lib/python3.10/site-packages/airflow/example_dags/example_short_circuit_decorator.py
[2024-03-02T13:18:50.029+0530] {logging_mixin.py:188} INFO - [2024-03-02T13:18:50.028+0530] {dag.py:3036} INFO - Sync 1 DAGs
[2024-03-02T13:18:50.066+0530] {logging_mixin.py:188} INFO - [2024-03-02T13:18:50.066+0530] {dag.py:3823} INFO - Setting next_dagrun for example_short_circuit_decorator to 2024-03-01 00:00:00+00:00, run_after=2024-03-02 00:00:00+00:00
[2024-03-02T13:18:50.113+0530] {processor.py:183} INFO - Processing /home/lucky/.local/lib/python3.10/site-packages/airflow/example_dags/example_short_circuit_decorator.py took 0.159 seconds
[2024-03-02T13:19:45.004+0530] {processor.py:161} INFO - Started process (PID=6792) to work on /home/lucky/.local/lib/python3.10/site-packages/airflow/example_dags/example_short_circuit_decorator.py
[2024-03-02T13:19:45.018+0530] {processor.py:830} INFO - Processing file /home/lucky/.local/lib/python3.10/site-packages/airflow/example_dags/example_short_circuit_decorator.py for tasks to queue
[2024-03-02T13:19:45.020+0530] {logging_mixin.py:188} INFO - [2024-03-02T13:19:45.019+0530] {dagbag.py:538} INFO - Filling up the DagBag from /home/lucky/.local/lib/python3.10/site-packages/airflow/example_dags/example_short_circuit_decorator.py
[2024-03-02T13:19:45.038+0530] {processor.py:840} INFO - DAG(s) 'example_short_circuit_decorator' retrieved from /home/lucky/.local/lib/python3.10/site-packages/airflow/example_dags/example_short_circuit_decorator.py
[2024-03-02T13:19:45.071+0530] {logging_mixin.py:188} INFO - [2024-03-02T13:19:45.070+0530] {dag.py:3036} INFO - Sync 1 DAGs
[2024-03-02T13:19:45.109+0530] {logging_mixin.py:188} INFO - [2024-03-02T13:19:45.109+0530] {dag.py:3823} INFO - Setting next_dagrun for example_short_circuit_decorator to 2024-03-01 00:00:00+00:00, run_after=2024-03-02 00:00:00+00:00
[2024-03-02T13:19:45.163+0530] {processor.py:183} INFO - Processing /home/lucky/.local/lib/python3.10/site-packages/airflow/example_dags/example_short_circuit_decorator.py took 0.168 seconds
[2024-03-02T13:20:44.139+0530] {processor.py:161} INFO - Started process (PID=7271) to work on /home/lucky/.local/lib/python3.10/site-packages/airflow/example_dags/example_short_circuit_decorator.py
[2024-03-02T13:20:44.143+0530] {processor.py:830} INFO - Processing file /home/lucky/.local/lib/python3.10/site-packages/airflow/example_dags/example_short_circuit_decorator.py for tasks to queue
[2024-03-02T13:20:44.144+0530] {logging_mixin.py:188} INFO - [2024-03-02T13:20:44.144+0530] {dagbag.py:538} INFO - Filling up the DagBag from /home/lucky/.local/lib/python3.10/site-packages/airflow/example_dags/example_short_circuit_decorator.py
[2024-03-02T13:20:44.162+0530] {processor.py:840} INFO - DAG(s) 'example_short_circuit_decorator' retrieved from /home/lucky/.local/lib/python3.10/site-packages/airflow/example_dags/example_short_circuit_decorator.py
[2024-03-02T13:20:44.195+0530] {logging_mixin.py:188} INFO - [2024-03-02T13:20:44.195+0530] {dag.py:3036} INFO - Sync 1 DAGs
[2024-03-02T13:20:44.237+0530] {logging_mixin.py:188} INFO - [2024-03-02T13:20:44.237+0530] {dag.py:3823} INFO - Setting next_dagrun for example_short_circuit_decorator to 2024-03-01 00:00:00+00:00, run_after=2024-03-02 00:00:00+00:00
[2024-03-02T13:20:44.291+0530] {processor.py:183} INFO - Processing /home/lucky/.local/lib/python3.10/site-packages/airflow/example_dags/example_short_circuit_decorator.py took 0.158 seconds
[2024-03-02T13:21:41.842+0530] {processor.py:161} INFO - Started process (PID=8158) to work on /home/lucky/.local/lib/python3.10/site-packages/airflow/example_dags/example_short_circuit_decorator.py
[2024-03-02T13:21:41.845+0530] {processor.py:830} INFO - Processing file /home/lucky/.local/lib/python3.10/site-packages/airflow/example_dags/example_short_circuit_decorator.py for tasks to queue
[2024-03-02T13:21:41.849+0530] {logging_mixin.py:188} INFO - [2024-03-02T13:21:41.847+0530] {dagbag.py:538} INFO - Filling up the DagBag from /home/lucky/.local/lib/python3.10/site-packages/airflow/example_dags/example_short_circuit_decorator.py
[2024-03-02T13:21:41.878+0530] {processor.py:840} INFO - DAG(s) 'example_short_circuit_decorator' retrieved from /home/lucky/.local/lib/python3.10/site-packages/airflow/example_dags/example_short_circuit_decorator.py
[2024-03-02T13:21:41.936+0530] {logging_mixin.py:188} INFO - [2024-03-02T13:21:41.935+0530] {dag.py:3036} INFO - Sync 1 DAGs
[2024-03-02T13:21:42.003+0530] {logging_mixin.py:188} INFO - [2024-03-02T13:21:42.003+0530] {dag.py:3823} INFO - Setting next_dagrun for example_short_circuit_decorator to 2024-03-01 00:00:00+00:00, run_after=2024-03-02 00:00:00+00:00
[2024-03-02T13:21:42.070+0530] {processor.py:183} INFO - Processing /home/lucky/.local/lib/python3.10/site-packages/airflow/example_dags/example_short_circuit_decorator.py took 0.235 seconds
[2024-03-02T13:22:41.426+0530] {processor.py:161} INFO - Started process (PID=8770) to work on /home/lucky/.local/lib/python3.10/site-packages/airflow/example_dags/example_short_circuit_decorator.py
[2024-03-02T13:22:41.429+0530] {processor.py:830} INFO - Processing file /home/lucky/.local/lib/python3.10/site-packages/airflow/example_dags/example_short_circuit_decorator.py for tasks to queue
[2024-03-02T13:22:41.433+0530] {logging_mixin.py:188} INFO - [2024-03-02T13:22:41.431+0530] {dagbag.py:538} INFO - Filling up the DagBag from /home/lucky/.local/lib/python3.10/site-packages/airflow/example_dags/example_short_circuit_decorator.py
[2024-03-02T13:22:41.460+0530] {processor.py:840} INFO - DAG(s) 'example_short_circuit_decorator' retrieved from /home/lucky/.local/lib/python3.10/site-packages/airflow/example_dags/example_short_circuit_decorator.py
[2024-03-02T13:22:41.518+0530] {logging_mixin.py:188} INFO - [2024-03-02T13:22:41.517+0530] {dag.py:3036} INFO - Sync 1 DAGs
[2024-03-02T13:22:41.577+0530] {logging_mixin.py:188} INFO - [2024-03-02T13:22:41.576+0530] {dag.py:3823} INFO - Setting next_dagrun for example_short_circuit_decorator to 2024-03-01 00:00:00+00:00, run_after=2024-03-02 00:00:00+00:00
[2024-03-02T13:22:41.646+0530] {processor.py:183} INFO - Processing /home/lucky/.local/lib/python3.10/site-packages/airflow/example_dags/example_short_circuit_decorator.py took 0.228 seconds
[2024-03-02T13:23:16.435+0530] {processor.py:161} INFO - Started process (PID=9430) to work on /home/lucky/.local/lib/python3.10/site-packages/airflow/example_dags/example_short_circuit_decorator.py
[2024-03-02T13:23:16.448+0530] {processor.py:830} INFO - Processing file /home/lucky/.local/lib/python3.10/site-packages/airflow/example_dags/example_short_circuit_decorator.py for tasks to queue
[2024-03-02T13:23:16.451+0530] {logging_mixin.py:188} INFO - [2024-03-02T13:23:16.450+0530] {dagbag.py:538} INFO - Filling up the DagBag from /home/lucky/.local/lib/python3.10/site-packages/airflow/example_dags/example_short_circuit_decorator.py
[2024-03-02T13:23:16.473+0530] {processor.py:840} INFO - DAG(s) 'example_short_circuit_decorator' retrieved from /home/lucky/.local/lib/python3.10/site-packages/airflow/example_dags/example_short_circuit_decorator.py
[2024-03-02T13:23:16.511+0530] {logging_mixin.py:188} INFO - [2024-03-02T13:23:16.511+0530] {dag.py:3036} INFO - Sync 1 DAGs
[2024-03-02T13:23:16.556+0530] {logging_mixin.py:188} INFO - [2024-03-02T13:23:16.555+0530] {dag.py:3823} INFO - Setting next_dagrun for example_short_circuit_decorator to 2024-03-01 00:00:00+00:00, run_after=2024-03-02 00:00:00+00:00
[2024-03-02T13:23:16.626+0530] {processor.py:183} INFO - Processing /home/lucky/.local/lib/python3.10/site-packages/airflow/example_dags/example_short_circuit_decorator.py took 0.198 seconds
[2024-03-02T13:23:52.991+0530] {processor.py:161} INFO - Started process (PID=9708) to work on /home/lucky/.local/lib/python3.10/site-packages/airflow/example_dags/example_short_circuit_decorator.py
[2024-03-02T13:23:52.994+0530] {processor.py:830} INFO - Processing file /home/lucky/.local/lib/python3.10/site-packages/airflow/example_dags/example_short_circuit_decorator.py for tasks to queue
[2024-03-02T13:23:52.996+0530] {logging_mixin.py:188} INFO - [2024-03-02T13:23:52.995+0530] {dagbag.py:538} INFO - Filling up the DagBag from /home/lucky/.local/lib/python3.10/site-packages/airflow/example_dags/example_short_circuit_decorator.py
[2024-03-02T13:23:53.021+0530] {processor.py:840} INFO - DAG(s) 'example_short_circuit_decorator' retrieved from /home/lucky/.local/lib/python3.10/site-packages/airflow/example_dags/example_short_circuit_decorator.py
[2024-03-02T13:23:53.050+0530] {logging_mixin.py:188} INFO - [2024-03-02T13:23:53.049+0530] {dag.py:3036} INFO - Sync 1 DAGs
[2024-03-02T13:23:53.085+0530] {logging_mixin.py:188} INFO - [2024-03-02T13:23:53.084+0530] {dag.py:3823} INFO - Setting next_dagrun for example_short_circuit_decorator to 2024-03-01 00:00:00+00:00, run_after=2024-03-02 00:00:00+00:00
[2024-03-02T13:23:53.125+0530] {processor.py:183} INFO - Processing /home/lucky/.local/lib/python3.10/site-packages/airflow/example_dags/example_short_circuit_decorator.py took 0.140 seconds
[2024-03-02T13:24:55.333+0530] {processor.py:161} INFO - Started process (PID=10260) to work on /home/lucky/.local/lib/python3.10/site-packages/airflow/example_dags/example_short_circuit_decorator.py
[2024-03-02T13:24:55.348+0530] {processor.py:830} INFO - Processing file /home/lucky/.local/lib/python3.10/site-packages/airflow/example_dags/example_short_circuit_decorator.py for tasks to queue
[2024-03-02T13:24:55.358+0530] {logging_mixin.py:188} INFO - [2024-03-02T13:24:55.357+0530] {dagbag.py:538} INFO - Filling up the DagBag from /home/lucky/.local/lib/python3.10/site-packages/airflow/example_dags/example_short_circuit_decorator.py
[2024-03-02T13:24:55.419+0530] {processor.py:840} INFO - DAG(s) 'example_short_circuit_decorator' retrieved from /home/lucky/.local/lib/python3.10/site-packages/airflow/example_dags/example_short_circuit_decorator.py
[2024-03-02T13:24:55.519+0530] {logging_mixin.py:188} INFO - [2024-03-02T13:24:55.517+0530] {dag.py:3036} INFO - Sync 1 DAGs
[2024-03-02T13:24:55.620+0530] {logging_mixin.py:188} INFO - [2024-03-02T13:24:55.619+0530] {dag.py:3823} INFO - Setting next_dagrun for example_short_circuit_decorator to 2024-03-01 00:00:00+00:00, run_after=2024-03-02 00:00:00+00:00
[2024-03-02T13:24:55.749+0530] {processor.py:183} INFO - Processing /home/lucky/.local/lib/python3.10/site-packages/airflow/example_dags/example_short_circuit_decorator.py took 0.431 seconds
[2024-03-02T13:25:58.652+0530] {processor.py:161} INFO - Started process (PID=11205) to work on /home/lucky/.local/lib/python3.10/site-packages/airflow/example_dags/example_short_circuit_decorator.py
[2024-03-02T13:25:58.665+0530] {processor.py:830} INFO - Processing file /home/lucky/.local/lib/python3.10/site-packages/airflow/example_dags/example_short_circuit_decorator.py for tasks to queue
[2024-03-02T13:25:58.667+0530] {logging_mixin.py:188} INFO - [2024-03-02T13:25:58.666+0530] {dagbag.py:538} INFO - Filling up the DagBag from /home/lucky/.local/lib/python3.10/site-packages/airflow/example_dags/example_short_circuit_decorator.py
[2024-03-02T13:25:58.687+0530] {processor.py:840} INFO - DAG(s) 'example_short_circuit_decorator' retrieved from /home/lucky/.local/lib/python3.10/site-packages/airflow/example_dags/example_short_circuit_decorator.py
[2024-03-02T13:25:58.722+0530] {logging_mixin.py:188} INFO - [2024-03-02T13:25:58.721+0530] {dag.py:3036} INFO - Sync 1 DAGs
[2024-03-02T13:25:58.759+0530] {logging_mixin.py:188} INFO - [2024-03-02T13:25:58.758+0530] {dag.py:3823} INFO - Setting next_dagrun for example_short_circuit_decorator to 2024-03-01 00:00:00+00:00, run_after=2024-03-02 00:00:00+00:00
[2024-03-02T13:25:58.812+0530] {processor.py:183} INFO - Processing /home/lucky/.local/lib/python3.10/site-packages/airflow/example_dags/example_short_circuit_decorator.py took 0.165 seconds
[2024-03-02T13:26:57.532+0530] {processor.py:161} INFO - Started process (PID=11725) to work on /home/lucky/.local/lib/python3.10/site-packages/airflow/example_dags/example_short_circuit_decorator.py
[2024-03-02T13:26:57.549+0530] {processor.py:830} INFO - Processing file /home/lucky/.local/lib/python3.10/site-packages/airflow/example_dags/example_short_circuit_decorator.py for tasks to queue
[2024-03-02T13:26:57.552+0530] {logging_mixin.py:188} INFO - [2024-03-02T13:26:57.551+0530] {dagbag.py:538} INFO - Filling up the DagBag from /home/lucky/.local/lib/python3.10/site-packages/airflow/example_dags/example_short_circuit_decorator.py
[2024-03-02T13:26:57.593+0530] {processor.py:840} INFO - DAG(s) 'example_short_circuit_decorator' retrieved from /home/lucky/.local/lib/python3.10/site-packages/airflow/example_dags/example_short_circuit_decorator.py
[2024-03-02T13:26:57.737+0530] {logging_mixin.py:188} INFO - [2024-03-02T13:26:57.737+0530] {dag.py:3036} INFO - Sync 1 DAGs
[2024-03-02T13:26:57.883+0530] {logging_mixin.py:188} INFO - [2024-03-02T13:26:57.882+0530] {dag.py:3823} INFO - Setting next_dagrun for example_short_circuit_decorator to 2024-03-01 00:00:00+00:00, run_after=2024-03-02 00:00:00+00:00
[2024-03-02T13:26:58.069+0530] {processor.py:183} INFO - Processing /home/lucky/.local/lib/python3.10/site-packages/airflow/example_dags/example_short_circuit_decorator.py took 0.547 seconds
[2024-03-02T13:28:43.573+0530] {processor.py:161} INFO - Started process (PID=12989) to work on /home/lucky/.local/lib/python3.10/site-packages/airflow/example_dags/example_short_circuit_decorator.py
[2024-03-02T13:28:43.576+0530] {processor.py:830} INFO - Processing file /home/lucky/.local/lib/python3.10/site-packages/airflow/example_dags/example_short_circuit_decorator.py for tasks to queue
[2024-03-02T13:28:43.580+0530] {logging_mixin.py:188} INFO - [2024-03-02T13:28:43.578+0530] {dagbag.py:538} INFO - Filling up the DagBag from /home/lucky/.local/lib/python3.10/site-packages/airflow/example_dags/example_short_circuit_decorator.py
[2024-03-02T13:28:44.075+0530] {processor.py:840} INFO - DAG(s) 'example_short_circuit_decorator' retrieved from /home/lucky/.local/lib/python3.10/site-packages/airflow/example_dags/example_short_circuit_decorator.py
[2024-03-02T13:28:44.146+0530] {logging_mixin.py:188} INFO - [2024-03-02T13:28:44.145+0530] {dag.py:3036} INFO - Sync 1 DAGs
[2024-03-02T13:28:44.230+0530] {logging_mixin.py:188} INFO - [2024-03-02T13:28:44.229+0530] {dag.py:3823} INFO - Setting next_dagrun for example_short_circuit_decorator to 2024-03-01 00:00:00+00:00, run_after=2024-03-02 00:00:00+00:00
[2024-03-02T13:28:44.352+0530] {processor.py:183} INFO - Processing /home/lucky/.local/lib/python3.10/site-packages/airflow/example_dags/example_short_circuit_decorator.py took 0.789 seconds
[2024-03-02T13:31:46.219+0530] {processor.py:161} INFO - Started process (PID=15231) to work on /home/lucky/.local/lib/python3.10/site-packages/airflow/example_dags/example_short_circuit_decorator.py
[2024-03-02T13:31:46.222+0530] {processor.py:830} INFO - Processing file /home/lucky/.local/lib/python3.10/site-packages/airflow/example_dags/example_short_circuit_decorator.py for tasks to queue
[2024-03-02T13:31:46.224+0530] {logging_mixin.py:188} INFO - [2024-03-02T13:31:46.223+0530] {dagbag.py:538} INFO - Filling up the DagBag from /home/lucky/.local/lib/python3.10/site-packages/airflow/example_dags/example_short_circuit_decorator.py
[2024-03-02T13:31:46.488+0530] {processor.py:840} INFO - DAG(s) 'example_short_circuit_decorator' retrieved from /home/lucky/.local/lib/python3.10/site-packages/airflow/example_dags/example_short_circuit_decorator.py
[2024-03-02T13:31:46.518+0530] {logging_mixin.py:188} INFO - [2024-03-02T13:31:46.517+0530] {dag.py:3036} INFO - Sync 1 DAGs
[2024-03-02T13:31:46.571+0530] {logging_mixin.py:188} INFO - [2024-03-02T13:31:46.570+0530] {dag.py:3823} INFO - Setting next_dagrun for example_short_circuit_decorator to 2024-03-01 00:00:00+00:00, run_after=2024-03-02 00:00:00+00:00
[2024-03-02T13:31:46.624+0530] {processor.py:183} INFO - Processing /home/lucky/.local/lib/python3.10/site-packages/airflow/example_dags/example_short_circuit_decorator.py took 0.410 seconds
[2024-03-02T13:34:19.932+0530] {processor.py:161} INFO - Started process (PID=16845) to work on /home/lucky/.local/lib/python3.10/site-packages/airflow/example_dags/example_short_circuit_decorator.py
[2024-03-02T13:34:19.935+0530] {processor.py:830} INFO - Processing file /home/lucky/.local/lib/python3.10/site-packages/airflow/example_dags/example_short_circuit_decorator.py for tasks to queue
[2024-03-02T13:34:19.938+0530] {logging_mixin.py:188} INFO - [2024-03-02T13:34:19.937+0530] {dagbag.py:538} INFO - Filling up the DagBag from /home/lucky/.local/lib/python3.10/site-packages/airflow/example_dags/example_short_circuit_decorator.py
[2024-03-02T13:34:20.177+0530] {processor.py:840} INFO - DAG(s) 'example_short_circuit_decorator' retrieved from /home/lucky/.local/lib/python3.10/site-packages/airflow/example_dags/example_short_circuit_decorator.py
[2024-03-02T13:34:20.211+0530] {logging_mixin.py:188} INFO - [2024-03-02T13:34:20.210+0530] {dag.py:3036} INFO - Sync 1 DAGs
[2024-03-02T13:34:20.247+0530] {logging_mixin.py:188} INFO - [2024-03-02T13:34:20.247+0530] {dag.py:3823} INFO - Setting next_dagrun for example_short_circuit_decorator to 2024-03-01 00:00:00+00:00, run_after=2024-03-02 00:00:00+00:00
[2024-03-02T13:34:20.303+0530] {processor.py:183} INFO - Processing /home/lucky/.local/lib/python3.10/site-packages/airflow/example_dags/example_short_circuit_decorator.py took 0.377 seconds
[2024-03-02T13:35:21.499+0530] {processor.py:161} INFO - Started process (PID=17726) to work on /home/lucky/.local/lib/python3.10/site-packages/airflow/example_dags/example_short_circuit_decorator.py
[2024-03-02T13:35:21.513+0530] {processor.py:830} INFO - Processing file /home/lucky/.local/lib/python3.10/site-packages/airflow/example_dags/example_short_circuit_decorator.py for tasks to queue
[2024-03-02T13:35:21.515+0530] {logging_mixin.py:188} INFO - [2024-03-02T13:35:21.514+0530] {dagbag.py:538} INFO - Filling up the DagBag from /home/lucky/.local/lib/python3.10/site-packages/airflow/example_dags/example_short_circuit_decorator.py
[2024-03-02T13:35:21.535+0530] {processor.py:840} INFO - DAG(s) 'example_short_circuit_decorator' retrieved from /home/lucky/.local/lib/python3.10/site-packages/airflow/example_dags/example_short_circuit_decorator.py
[2024-03-02T13:35:21.592+0530] {logging_mixin.py:188} INFO - [2024-03-02T13:35:21.591+0530] {dag.py:3036} INFO - Sync 1 DAGs
[2024-03-02T13:35:21.654+0530] {logging_mixin.py:188} INFO - [2024-03-02T13:35:21.653+0530] {dag.py:3823} INFO - Setting next_dagrun for example_short_circuit_decorator to 2024-03-01 00:00:00+00:00, run_after=2024-03-02 00:00:00+00:00
[2024-03-02T13:35:21.732+0530] {processor.py:183} INFO - Processing /home/lucky/.local/lib/python3.10/site-packages/airflow/example_dags/example_short_circuit_decorator.py took 0.239 seconds
[2024-03-02T13:36:15.636+0530] {processor.py:161} INFO - Started process (PID=18218) to work on /home/lucky/.local/lib/python3.10/site-packages/airflow/example_dags/example_short_circuit_decorator.py
[2024-03-02T13:36:15.639+0530] {processor.py:830} INFO - Processing file /home/lucky/.local/lib/python3.10/site-packages/airflow/example_dags/example_short_circuit_decorator.py for tasks to queue
[2024-03-02T13:36:15.640+0530] {logging_mixin.py:188} INFO - [2024-03-02T13:36:15.640+0530] {dagbag.py:538} INFO - Filling up the DagBag from /home/lucky/.local/lib/python3.10/site-packages/airflow/example_dags/example_short_circuit_decorator.py
[2024-03-02T13:36:15.876+0530] {processor.py:840} INFO - DAG(s) 'example_short_circuit_decorator' retrieved from /home/lucky/.local/lib/python3.10/site-packages/airflow/example_dags/example_short_circuit_decorator.py
[2024-03-02T13:36:15.911+0530] {logging_mixin.py:188} INFO - [2024-03-02T13:36:15.910+0530] {dag.py:3036} INFO - Sync 1 DAGs
[2024-03-02T13:36:15.973+0530] {logging_mixin.py:188} INFO - [2024-03-02T13:36:15.972+0530] {dag.py:3823} INFO - Setting next_dagrun for example_short_circuit_decorator to 2024-03-01 00:00:00+00:00, run_after=2024-03-02 00:00:00+00:00
[2024-03-02T13:36:16.047+0530] {processor.py:183} INFO - Processing /home/lucky/.local/lib/python3.10/site-packages/airflow/example_dags/example_short_circuit_decorator.py took 0.415 seconds
[2024-03-02T13:36:17.789+0530] {processor.py:161} INFO - Started process (PID=18244) to work on /home/lucky/.local/lib/python3.10/site-packages/airflow/example_dags/example_short_circuit_decorator.py
[2024-03-02T13:36:17.791+0530] {processor.py:830} INFO - Processing file /home/lucky/.local/lib/python3.10/site-packages/airflow/example_dags/example_short_circuit_decorator.py for tasks to queue
[2024-03-02T13:36:17.793+0530] {logging_mixin.py:188} INFO - [2024-03-02T13:36:17.792+0530] {dagbag.py:538} INFO - Filling up the DagBag from /home/lucky/.local/lib/python3.10/site-packages/airflow/example_dags/example_short_circuit_decorator.py
[2024-03-02T13:36:17.813+0530] {processor.py:840} INFO - DAG(s) 'example_short_circuit_decorator' retrieved from /home/lucky/.local/lib/python3.10/site-packages/airflow/example_dags/example_short_circuit_decorator.py
[2024-03-02T13:36:17.851+0530] {logging_mixin.py:188} INFO - [2024-03-02T13:36:17.850+0530] {dag.py:3036} INFO - Sync 1 DAGs
[2024-03-02T13:36:17.895+0530] {logging_mixin.py:188} INFO - [2024-03-02T13:36:17.894+0530] {dag.py:3823} INFO - Setting next_dagrun for example_short_circuit_decorator to 2024-03-01 00:00:00+00:00, run_after=2024-03-02 00:00:00+00:00
[2024-03-02T13:36:17.962+0530] {processor.py:183} INFO - Processing /home/lucky/.local/lib/python3.10/site-packages/airflow/example_dags/example_short_circuit_decorator.py took 0.179 seconds
[2024-03-02T13:37:17.571+0530] {processor.py:161} INFO - Started process (PID=19103) to work on /home/lucky/.local/lib/python3.10/site-packages/airflow/example_dags/example_short_circuit_decorator.py
[2024-03-02T13:37:17.586+0530] {processor.py:830} INFO - Processing file /home/lucky/.local/lib/python3.10/site-packages/airflow/example_dags/example_short_circuit_decorator.py for tasks to queue
[2024-03-02T13:37:17.591+0530] {logging_mixin.py:188} INFO - [2024-03-02T13:37:17.589+0530] {dagbag.py:538} INFO - Filling up the DagBag from /home/lucky/.local/lib/python3.10/site-packages/airflow/example_dags/example_short_circuit_decorator.py
[2024-03-02T13:37:17.903+0530] {processor.py:840} INFO - DAG(s) 'example_short_circuit_decorator' retrieved from /home/lucky/.local/lib/python3.10/site-packages/airflow/example_dags/example_short_circuit_decorator.py
[2024-03-02T13:37:17.985+0530] {logging_mixin.py:188} INFO - [2024-03-02T13:37:17.983+0530] {dag.py:3036} INFO - Sync 1 DAGs
[2024-03-02T13:37:18.052+0530] {logging_mixin.py:188} INFO - [2024-03-02T13:37:18.051+0530] {dag.py:3823} INFO - Setting next_dagrun for example_short_circuit_decorator to 2024-03-01 00:00:00+00:00, run_after=2024-03-02 00:00:00+00:00
[2024-03-02T13:37:18.139+0530] {processor.py:183} INFO - Processing /home/lucky/.local/lib/python3.10/site-packages/airflow/example_dags/example_short_circuit_decorator.py took 0.576 seconds
[2024-03-02T13:38:18.956+0530] {processor.py:161} INFO - Started process (PID=19643) to work on /home/lucky/.local/lib/python3.10/site-packages/airflow/example_dags/example_short_circuit_decorator.py
[2024-03-02T13:38:18.959+0530] {processor.py:830} INFO - Processing file /home/lucky/.local/lib/python3.10/site-packages/airflow/example_dags/example_short_circuit_decorator.py for tasks to queue
[2024-03-02T13:38:18.962+0530] {logging_mixin.py:188} INFO - [2024-03-02T13:38:18.961+0530] {dagbag.py:538} INFO - Filling up the DagBag from /home/lucky/.local/lib/python3.10/site-packages/airflow/example_dags/example_short_circuit_decorator.py
[2024-03-02T13:38:18.996+0530] {processor.py:840} INFO - DAG(s) 'example_short_circuit_decorator' retrieved from /home/lucky/.local/lib/python3.10/site-packages/airflow/example_dags/example_short_circuit_decorator.py
[2024-03-02T13:38:19.040+0530] {logging_mixin.py:188} INFO - [2024-03-02T13:38:19.040+0530] {dag.py:3036} INFO - Sync 1 DAGs
[2024-03-02T13:38:19.090+0530] {logging_mixin.py:188} INFO - [2024-03-02T13:38:19.090+0530] {dag.py:3823} INFO - Setting next_dagrun for example_short_circuit_decorator to 2024-03-01 00:00:00+00:00, run_after=2024-03-02 00:00:00+00:00
[2024-03-02T13:38:19.154+0530] {processor.py:183} INFO - Processing /home/lucky/.local/lib/python3.10/site-packages/airflow/example_dags/example_short_circuit_decorator.py took 0.205 seconds
[2024-03-02T16:12:14.775+0530] {processor.py:161} INFO - Started process (PID=118794) to work on /home/lucky/.local/lib/python3.10/site-packages/airflow/example_dags/example_short_circuit_decorator.py
[2024-03-02T16:12:14.777+0530] {processor.py:830} INFO - Processing file /home/lucky/.local/lib/python3.10/site-packages/airflow/example_dags/example_short_circuit_decorator.py for tasks to queue
[2024-03-02T16:12:14.778+0530] {logging_mixin.py:188} INFO - [2024-03-02T16:12:14.778+0530] {dagbag.py:538} INFO - Filling up the DagBag from /home/lucky/.local/lib/python3.10/site-packages/airflow/example_dags/example_short_circuit_decorator.py
[2024-03-02T16:12:14.790+0530] {processor.py:840} INFO - DAG(s) 'example_short_circuit_decorator' retrieved from /home/lucky/.local/lib/python3.10/site-packages/airflow/example_dags/example_short_circuit_decorator.py
[2024-03-02T16:12:14.817+0530] {logging_mixin.py:188} INFO - [2024-03-02T16:12:14.816+0530] {dag.py:3036} INFO - Sync 1 DAGs
[2024-03-02T16:12:14.849+0530] {logging_mixin.py:188} INFO - [2024-03-02T16:12:14.849+0530] {dag.py:3823} INFO - Setting next_dagrun for example_short_circuit_decorator to 2024-03-01 00:00:00+00:00, run_after=2024-03-02 00:00:00+00:00
[2024-03-02T16:12:14.886+0530] {processor.py:183} INFO - Processing /home/lucky/.local/lib/python3.10/site-packages/airflow/example_dags/example_short_circuit_decorator.py took 0.114 seconds
[2024-03-02T16:13:37.544+0530] {processor.py:161} INFO - Started process (PID=119870) to work on /home/lucky/.local/lib/python3.10/site-packages/airflow/example_dags/example_short_circuit_decorator.py
[2024-03-02T16:13:37.547+0530] {processor.py:830} INFO - Processing file /home/lucky/.local/lib/python3.10/site-packages/airflow/example_dags/example_short_circuit_decorator.py for tasks to queue
[2024-03-02T16:13:37.548+0530] {logging_mixin.py:188} INFO - [2024-03-02T16:13:37.547+0530] {dagbag.py:538} INFO - Filling up the DagBag from /home/lucky/.local/lib/python3.10/site-packages/airflow/example_dags/example_short_circuit_decorator.py
[2024-03-02T16:13:37.573+0530] {processor.py:840} INFO - DAG(s) 'example_short_circuit_decorator' retrieved from /home/lucky/.local/lib/python3.10/site-packages/airflow/example_dags/example_short_circuit_decorator.py
[2024-03-02T16:13:37.603+0530] {logging_mixin.py:188} INFO - [2024-03-02T16:13:37.602+0530] {dag.py:3036} INFO - Sync 1 DAGs
[2024-03-02T16:13:37.630+0530] {logging_mixin.py:188} INFO - [2024-03-02T16:13:37.630+0530] {dag.py:3823} INFO - Setting next_dagrun for example_short_circuit_decorator to 2024-03-01 00:00:00+00:00, run_after=2024-03-02 00:00:00+00:00
[2024-03-02T16:13:37.657+0530] {processor.py:183} INFO - Processing /home/lucky/.local/lib/python3.10/site-packages/airflow/example_dags/example_short_circuit_decorator.py took 0.118 seconds
[2024-03-02T16:15:04.222+0530] {processor.py:161} INFO - Started process (PID=120965) to work on /home/lucky/.local/lib/python3.10/site-packages/airflow/example_dags/example_short_circuit_decorator.py
[2024-03-02T16:15:04.223+0530] {processor.py:830} INFO - Processing file /home/lucky/.local/lib/python3.10/site-packages/airflow/example_dags/example_short_circuit_decorator.py for tasks to queue
[2024-03-02T16:15:04.224+0530] {logging_mixin.py:188} INFO - [2024-03-02T16:15:04.224+0530] {dagbag.py:538} INFO - Filling up the DagBag from /home/lucky/.local/lib/python3.10/site-packages/airflow/example_dags/example_short_circuit_decorator.py
[2024-03-02T16:15:04.247+0530] {processor.py:840} INFO - DAG(s) 'example_short_circuit_decorator' retrieved from /home/lucky/.local/lib/python3.10/site-packages/airflow/example_dags/example_short_circuit_decorator.py
[2024-03-02T16:15:04.282+0530] {logging_mixin.py:188} INFO - [2024-03-02T16:15:04.282+0530] {dag.py:3036} INFO - Sync 1 DAGs
[2024-03-02T16:15:04.313+0530] {logging_mixin.py:188} INFO - [2024-03-02T16:15:04.312+0530] {dag.py:3823} INFO - Setting next_dagrun for example_short_circuit_decorator to 2024-03-01 00:00:00+00:00, run_after=2024-03-02 00:00:00+00:00
[2024-03-02T16:15:04.346+0530] {processor.py:183} INFO - Processing /home/lucky/.local/lib/python3.10/site-packages/airflow/example_dags/example_short_circuit_decorator.py took 0.127 seconds
[2024-03-02T16:16:02.210+0530] {processor.py:161} INFO - Started process (PID=121794) to work on /home/lucky/.local/lib/python3.10/site-packages/airflow/example_dags/example_short_circuit_decorator.py
[2024-03-02T16:16:02.211+0530] {processor.py:830} INFO - Processing file /home/lucky/.local/lib/python3.10/site-packages/airflow/example_dags/example_short_circuit_decorator.py for tasks to queue
[2024-03-02T16:16:02.212+0530] {logging_mixin.py:188} INFO - [2024-03-02T16:16:02.212+0530] {dagbag.py:538} INFO - Filling up the DagBag from /home/lucky/.local/lib/python3.10/site-packages/airflow/example_dags/example_short_circuit_decorator.py
[2024-03-02T16:16:02.222+0530] {processor.py:840} INFO - DAG(s) 'example_short_circuit_decorator' retrieved from /home/lucky/.local/lib/python3.10/site-packages/airflow/example_dags/example_short_circuit_decorator.py
[2024-03-02T16:16:02.241+0530] {logging_mixin.py:188} INFO - [2024-03-02T16:16:02.241+0530] {dag.py:3036} INFO - Sync 1 DAGs
[2024-03-02T16:16:02.264+0530] {logging_mixin.py:188} INFO - [2024-03-02T16:16:02.264+0530] {dag.py:3823} INFO - Setting next_dagrun for example_short_circuit_decorator to 2024-03-01 00:00:00+00:00, run_after=2024-03-02 00:00:00+00:00
[2024-03-02T16:16:02.289+0530] {processor.py:183} INFO - Processing /home/lucky/.local/lib/python3.10/site-packages/airflow/example_dags/example_short_circuit_decorator.py took 0.082 seconds
[2024-03-02T16:16:53.273+0530] {processor.py:161} INFO - Started process (PID=122344) to work on /home/lucky/.local/lib/python3.10/site-packages/airflow/example_dags/example_short_circuit_decorator.py
[2024-03-02T16:16:53.275+0530] {processor.py:830} INFO - Processing file /home/lucky/.local/lib/python3.10/site-packages/airflow/example_dags/example_short_circuit_decorator.py for tasks to queue
[2024-03-02T16:16:53.276+0530] {logging_mixin.py:188} INFO - [2024-03-02T16:16:53.275+0530] {dagbag.py:538} INFO - Filling up the DagBag from /home/lucky/.local/lib/python3.10/site-packages/airflow/example_dags/example_short_circuit_decorator.py
[2024-03-02T16:16:53.285+0530] {processor.py:840} INFO - DAG(s) 'example_short_circuit_decorator' retrieved from /home/lucky/.local/lib/python3.10/site-packages/airflow/example_dags/example_short_circuit_decorator.py
[2024-03-02T16:16:53.305+0530] {logging_mixin.py:188} INFO - [2024-03-02T16:16:53.305+0530] {dag.py:3036} INFO - Sync 1 DAGs
[2024-03-02T16:16:53.328+0530] {logging_mixin.py:188} INFO - [2024-03-02T16:16:53.328+0530] {dag.py:3823} INFO - Setting next_dagrun for example_short_circuit_decorator to 2024-03-01 00:00:00+00:00, run_after=2024-03-02 00:00:00+00:00
[2024-03-02T16:16:53.356+0530] {processor.py:183} INFO - Processing /home/lucky/.local/lib/python3.10/site-packages/airflow/example_dags/example_short_circuit_decorator.py took 0.086 seconds
[2024-03-02T16:18:12.655+0530] {processor.py:161} INFO - Started process (PID=123450) to work on /home/lucky/.local/lib/python3.10/site-packages/airflow/example_dags/example_short_circuit_decorator.py
[2024-03-02T16:18:12.657+0530] {processor.py:830} INFO - Processing file /home/lucky/.local/lib/python3.10/site-packages/airflow/example_dags/example_short_circuit_decorator.py for tasks to queue
[2024-03-02T16:18:12.658+0530] {logging_mixin.py:188} INFO - [2024-03-02T16:18:12.658+0530] {dagbag.py:538} INFO - Filling up the DagBag from /home/lucky/.local/lib/python3.10/site-packages/airflow/example_dags/example_short_circuit_decorator.py
[2024-03-02T16:18:12.673+0530] {processor.py:840} INFO - DAG(s) 'example_short_circuit_decorator' retrieved from /home/lucky/.local/lib/python3.10/site-packages/airflow/example_dags/example_short_circuit_decorator.py
[2024-03-02T16:18:12.717+0530] {logging_mixin.py:188} INFO - [2024-03-02T16:18:12.717+0530] {dag.py:3036} INFO - Sync 1 DAGs
[2024-03-02T16:18:12.801+0530] {logging_mixin.py:188} INFO - [2024-03-02T16:18:12.800+0530] {dag.py:3823} INFO - Setting next_dagrun for example_short_circuit_decorator to 2024-03-01 00:00:00+00:00, run_after=2024-03-02 00:00:00+00:00
[2024-03-02T16:18:12.847+0530] {processor.py:183} INFO - Processing /home/lucky/.local/lib/python3.10/site-packages/airflow/example_dags/example_short_circuit_decorator.py took 0.195 seconds
[2024-03-02T16:20:23.280+0530] {processor.py:161} INFO - Started process (PID=125282) to work on /home/lucky/.local/lib/python3.10/site-packages/airflow/example_dags/example_short_circuit_decorator.py
[2024-03-02T16:20:23.282+0530] {processor.py:830} INFO - Processing file /home/lucky/.local/lib/python3.10/site-packages/airflow/example_dags/example_short_circuit_decorator.py for tasks to queue
[2024-03-02T16:20:23.284+0530] {logging_mixin.py:188} INFO - [2024-03-02T16:20:23.283+0530] {dagbag.py:538} INFO - Filling up the DagBag from /home/lucky/.local/lib/python3.10/site-packages/airflow/example_dags/example_short_circuit_decorator.py
[2024-03-02T16:20:23.300+0530] {processor.py:840} INFO - DAG(s) 'example_short_circuit_decorator' retrieved from /home/lucky/.local/lib/python3.10/site-packages/airflow/example_dags/example_short_circuit_decorator.py
[2024-03-02T16:20:23.333+0530] {logging_mixin.py:188} INFO - [2024-03-02T16:20:23.332+0530] {dag.py:3036} INFO - Sync 1 DAGs
[2024-03-02T16:20:23.369+0530] {logging_mixin.py:188} INFO - [2024-03-02T16:20:23.369+0530] {dag.py:3823} INFO - Setting next_dagrun for example_short_circuit_decorator to 2024-03-01 00:00:00+00:00, run_after=2024-03-02 00:00:00+00:00
[2024-03-02T16:20:23.406+0530] {processor.py:183} INFO - Processing /home/lucky/.local/lib/python3.10/site-packages/airflow/example_dags/example_short_circuit_decorator.py took 0.130 seconds
[2024-03-02T16:21:16.807+0530] {processor.py:161} INFO - Started process (PID=125878) to work on /home/lucky/.local/lib/python3.10/site-packages/airflow/example_dags/example_short_circuit_decorator.py
[2024-03-02T16:21:16.809+0530] {processor.py:830} INFO - Processing file /home/lucky/.local/lib/python3.10/site-packages/airflow/example_dags/example_short_circuit_decorator.py for tasks to queue
[2024-03-02T16:21:16.811+0530] {logging_mixin.py:188} INFO - [2024-03-02T16:21:16.810+0530] {dagbag.py:538} INFO - Filling up the DagBag from /home/lucky/.local/lib/python3.10/site-packages/airflow/example_dags/example_short_circuit_decorator.py
[2024-03-02T16:21:16.828+0530] {processor.py:840} INFO - DAG(s) 'example_short_circuit_decorator' retrieved from /home/lucky/.local/lib/python3.10/site-packages/airflow/example_dags/example_short_circuit_decorator.py
[2024-03-02T16:21:16.858+0530] {logging_mixin.py:188} INFO - [2024-03-02T16:21:16.858+0530] {dag.py:3036} INFO - Sync 1 DAGs
[2024-03-02T16:21:16.928+0530] {logging_mixin.py:188} INFO - [2024-03-02T16:21:16.928+0530] {dag.py:3823} INFO - Setting next_dagrun for example_short_circuit_decorator to 2024-03-01 00:00:00+00:00, run_after=2024-03-02 00:00:00+00:00
[2024-03-02T16:21:16.971+0530] {processor.py:183} INFO - Processing /home/lucky/.local/lib/python3.10/site-packages/airflow/example_dags/example_short_circuit_decorator.py took 0.167 seconds
[2024-03-02T16:22:03.135+0530] {processor.py:161} INFO - Started process (PID=126637) to work on /home/lucky/.local/lib/python3.10/site-packages/airflow/example_dags/example_short_circuit_decorator.py
[2024-03-02T16:22:03.138+0530] {processor.py:830} INFO - Processing file /home/lucky/.local/lib/python3.10/site-packages/airflow/example_dags/example_short_circuit_decorator.py for tasks to queue
[2024-03-02T16:22:03.140+0530] {logging_mixin.py:188} INFO - [2024-03-02T16:22:03.139+0530] {dagbag.py:538} INFO - Filling up the DagBag from /home/lucky/.local/lib/python3.10/site-packages/airflow/example_dags/example_short_circuit_decorator.py
[2024-03-02T16:22:03.150+0530] {processor.py:840} INFO - DAG(s) 'example_short_circuit_decorator' retrieved from /home/lucky/.local/lib/python3.10/site-packages/airflow/example_dags/example_short_circuit_decorator.py
[2024-03-02T16:22:03.171+0530] {logging_mixin.py:188} INFO - [2024-03-02T16:22:03.171+0530] {dag.py:3036} INFO - Sync 1 DAGs
[2024-03-02T16:22:03.192+0530] {logging_mixin.py:188} INFO - [2024-03-02T16:22:03.192+0530] {dag.py:3823} INFO - Setting next_dagrun for example_short_circuit_decorator to 2024-03-01 00:00:00+00:00, run_after=2024-03-02 00:00:00+00:00
[2024-03-02T16:22:03.219+0530] {processor.py:183} INFO - Processing /home/lucky/.local/lib/python3.10/site-packages/airflow/example_dags/example_short_circuit_decorator.py took 0.087 seconds
[2024-03-02T16:23:02.004+0530] {processor.py:161} INFO - Started process (PID=127295) to work on /home/lucky/.local/lib/python3.10/site-packages/airflow/example_dags/example_short_circuit_decorator.py
[2024-03-02T16:23:02.007+0530] {processor.py:830} INFO - Processing file /home/lucky/.local/lib/python3.10/site-packages/airflow/example_dags/example_short_circuit_decorator.py for tasks to queue
[2024-03-02T16:23:02.008+0530] {logging_mixin.py:188} INFO - [2024-03-02T16:23:02.008+0530] {dagbag.py:538} INFO - Filling up the DagBag from /home/lucky/.local/lib/python3.10/site-packages/airflow/example_dags/example_short_circuit_decorator.py
[2024-03-02T16:23:02.139+0530] {processor.py:840} INFO - DAG(s) 'example_short_circuit_decorator' retrieved from /home/lucky/.local/lib/python3.10/site-packages/airflow/example_dags/example_short_circuit_decorator.py
[2024-03-02T16:23:02.408+0530] {logging_mixin.py:188} INFO - [2024-03-02T16:23:02.407+0530] {dag.py:3036} INFO - Sync 1 DAGs
[2024-03-02T16:23:02.503+0530] {logging_mixin.py:188} INFO - [2024-03-02T16:23:02.503+0530] {dag.py:3823} INFO - Setting next_dagrun for example_short_circuit_decorator to 2024-03-01 00:00:00+00:00, run_after=2024-03-02 00:00:00+00:00
[2024-03-02T16:23:02.549+0530] {processor.py:183} INFO - Processing /home/lucky/.local/lib/python3.10/site-packages/airflow/example_dags/example_short_circuit_decorator.py took 0.564 seconds
[2024-03-02T16:24:06.478+0530] {processor.py:161} INFO - Started process (PID=128267) to work on /home/lucky/.local/lib/python3.10/site-packages/airflow/example_dags/example_short_circuit_decorator.py
[2024-03-02T16:24:06.480+0530] {processor.py:830} INFO - Processing file /home/lucky/.local/lib/python3.10/site-packages/airflow/example_dags/example_short_circuit_decorator.py for tasks to queue
[2024-03-02T16:24:06.481+0530] {logging_mixin.py:188} INFO - [2024-03-02T16:24:06.481+0530] {dagbag.py:538} INFO - Filling up the DagBag from /home/lucky/.local/lib/python3.10/site-packages/airflow/example_dags/example_short_circuit_decorator.py
[2024-03-02T16:24:06.525+0530] {processor.py:840} INFO - DAG(s) 'example_short_circuit_decorator' retrieved from /home/lucky/.local/lib/python3.10/site-packages/airflow/example_dags/example_short_circuit_decorator.py
[2024-03-02T16:24:06.570+0530] {logging_mixin.py:188} INFO - [2024-03-02T16:24:06.570+0530] {dag.py:3036} INFO - Sync 1 DAGs
[2024-03-02T16:24:06.617+0530] {logging_mixin.py:188} INFO - [2024-03-02T16:24:06.616+0530] {dag.py:3823} INFO - Setting next_dagrun for example_short_circuit_decorator to 2024-03-01 00:00:00+00:00, run_after=2024-03-02 00:00:00+00:00
[2024-03-02T16:24:06.649+0530] {processor.py:183} INFO - Processing /home/lucky/.local/lib/python3.10/site-packages/airflow/example_dags/example_short_circuit_decorator.py took 0.178 seconds
[2024-03-02T16:25:03.730+0530] {processor.py:161} INFO - Started process (PID=129033) to work on /home/lucky/.local/lib/python3.10/site-packages/airflow/example_dags/example_short_circuit_decorator.py
[2024-03-02T16:25:03.742+0530] {processor.py:830} INFO - Processing file /home/lucky/.local/lib/python3.10/site-packages/airflow/example_dags/example_short_circuit_decorator.py for tasks to queue
[2024-03-02T16:25:03.743+0530] {logging_mixin.py:188} INFO - [2024-03-02T16:25:03.743+0530] {dagbag.py:538} INFO - Filling up the DagBag from /home/lucky/.local/lib/python3.10/site-packages/airflow/example_dags/example_short_circuit_decorator.py
[2024-03-02T16:25:03.754+0530] {processor.py:840} INFO - DAG(s) 'example_short_circuit_decorator' retrieved from /home/lucky/.local/lib/python3.10/site-packages/airflow/example_dags/example_short_circuit_decorator.py
[2024-03-02T16:25:03.773+0530] {logging_mixin.py:188} INFO - [2024-03-02T16:25:03.773+0530] {dag.py:3036} INFO - Sync 1 DAGs
[2024-03-02T16:25:03.795+0530] {logging_mixin.py:188} INFO - [2024-03-02T16:25:03.795+0530] {dag.py:3823} INFO - Setting next_dagrun for example_short_circuit_decorator to 2024-03-01 00:00:00+00:00, run_after=2024-03-02 00:00:00+00:00
[2024-03-02T16:25:03.824+0530] {processor.py:183} INFO - Processing /home/lucky/.local/lib/python3.10/site-packages/airflow/example_dags/example_short_circuit_decorator.py took 0.097 seconds
[2024-03-02T16:32:26.244+0530] {processor.py:161} INFO - Started process (PID=134664) to work on /home/lucky/.local/lib/python3.10/site-packages/airflow/example_dags/example_short_circuit_decorator.py
[2024-03-02T16:32:26.246+0530] {processor.py:830} INFO - Processing file /home/lucky/.local/lib/python3.10/site-packages/airflow/example_dags/example_short_circuit_decorator.py for tasks to queue
[2024-03-02T16:32:26.249+0530] {logging_mixin.py:188} INFO - [2024-03-02T16:32:26.248+0530] {dagbag.py:538} INFO - Filling up the DagBag from /home/lucky/.local/lib/python3.10/site-packages/airflow/example_dags/example_short_circuit_decorator.py
[2024-03-02T16:32:26.277+0530] {processor.py:840} INFO - DAG(s) 'example_short_circuit_decorator' retrieved from /home/lucky/.local/lib/python3.10/site-packages/airflow/example_dags/example_short_circuit_decorator.py
[2024-03-02T16:32:26.312+0530] {logging_mixin.py:188} INFO - [2024-03-02T16:32:26.311+0530] {dag.py:3036} INFO - Sync 1 DAGs
[2024-03-02T16:32:26.363+0530] {logging_mixin.py:188} INFO - [2024-03-02T16:32:26.362+0530] {dag.py:3823} INFO - Setting next_dagrun for example_short_circuit_decorator to 2024-03-01 00:00:00+00:00, run_after=2024-03-02 00:00:00+00:00
[2024-03-02T16:32:26.404+0530] {processor.py:183} INFO - Processing /home/lucky/.local/lib/python3.10/site-packages/airflow/example_dags/example_short_circuit_decorator.py took 0.166 seconds
[2024-03-02T16:33:17.811+0530] {processor.py:161} INFO - Started process (PID=135267) to work on /home/lucky/.local/lib/python3.10/site-packages/airflow/example_dags/example_short_circuit_decorator.py
[2024-03-02T16:33:17.813+0530] {processor.py:830} INFO - Processing file /home/lucky/.local/lib/python3.10/site-packages/airflow/example_dags/example_short_circuit_decorator.py for tasks to queue
[2024-03-02T16:33:17.814+0530] {logging_mixin.py:188} INFO - [2024-03-02T16:33:17.814+0530] {dagbag.py:538} INFO - Filling up the DagBag from /home/lucky/.local/lib/python3.10/site-packages/airflow/example_dags/example_short_circuit_decorator.py
[2024-03-02T16:33:17.824+0530] {processor.py:840} INFO - DAG(s) 'example_short_circuit_decorator' retrieved from /home/lucky/.local/lib/python3.10/site-packages/airflow/example_dags/example_short_circuit_decorator.py
[2024-03-02T16:33:17.842+0530] {logging_mixin.py:188} INFO - [2024-03-02T16:33:17.842+0530] {dag.py:3036} INFO - Sync 1 DAGs
[2024-03-02T16:33:17.863+0530] {logging_mixin.py:188} INFO - [2024-03-02T16:33:17.862+0530] {dag.py:3823} INFO - Setting next_dagrun for example_short_circuit_decorator to 2024-03-01 00:00:00+00:00, run_after=2024-03-02 00:00:00+00:00
[2024-03-02T16:33:17.889+0530] {processor.py:183} INFO - Processing /home/lucky/.local/lib/python3.10/site-packages/airflow/example_dags/example_short_circuit_decorator.py took 0.080 seconds
[2024-03-02T16:33:59.388+0530] {processor.py:161} INFO - Started process (PID=135980) to work on /home/lucky/.local/lib/python3.10/site-packages/airflow/example_dags/example_short_circuit_decorator.py
[2024-03-02T16:33:59.390+0530] {processor.py:830} INFO - Processing file /home/lucky/.local/lib/python3.10/site-packages/airflow/example_dags/example_short_circuit_decorator.py for tasks to queue
[2024-03-02T16:33:59.392+0530] {logging_mixin.py:188} INFO - [2024-03-02T16:33:59.392+0530] {dagbag.py:538} INFO - Filling up the DagBag from /home/lucky/.local/lib/python3.10/site-packages/airflow/example_dags/example_short_circuit_decorator.py
[2024-03-02T16:33:59.411+0530] {processor.py:840} INFO - DAG(s) 'example_short_circuit_decorator' retrieved from /home/lucky/.local/lib/python3.10/site-packages/airflow/example_dags/example_short_circuit_decorator.py
[2024-03-02T16:33:59.449+0530] {logging_mixin.py:188} INFO - [2024-03-02T16:33:59.449+0530] {dag.py:3036} INFO - Sync 1 DAGs
[2024-03-02T16:33:59.502+0530] {logging_mixin.py:188} INFO - [2024-03-02T16:33:59.501+0530] {dag.py:3823} INFO - Setting next_dagrun for example_short_circuit_decorator to 2024-03-01 00:00:00+00:00, run_after=2024-03-02 00:00:00+00:00
[2024-03-02T16:33:59.548+0530] {processor.py:183} INFO - Processing /home/lucky/.local/lib/python3.10/site-packages/airflow/example_dags/example_short_circuit_decorator.py took 0.165 seconds
[2024-03-02T16:34:38.660+0530] {processor.py:161} INFO - Started process (PID=136463) to work on /home/lucky/.local/lib/python3.10/site-packages/airflow/example_dags/example_short_circuit_decorator.py
[2024-03-02T16:34:38.662+0530] {processor.py:830} INFO - Processing file /home/lucky/.local/lib/python3.10/site-packages/airflow/example_dags/example_short_circuit_decorator.py for tasks to queue
[2024-03-02T16:34:38.664+0530] {logging_mixin.py:188} INFO - [2024-03-02T16:34:38.663+0530] {dagbag.py:538} INFO - Filling up the DagBag from /home/lucky/.local/lib/python3.10/site-packages/airflow/example_dags/example_short_circuit_decorator.py
[2024-03-02T16:34:38.679+0530] {processor.py:840} INFO - DAG(s) 'example_short_circuit_decorator' retrieved from /home/lucky/.local/lib/python3.10/site-packages/airflow/example_dags/example_short_circuit_decorator.py
[2024-03-02T16:34:38.701+0530] {logging_mixin.py:188} INFO - [2024-03-02T16:34:38.700+0530] {dag.py:3036} INFO - Sync 1 DAGs
[2024-03-02T16:34:38.738+0530] {logging_mixin.py:188} INFO - [2024-03-02T16:34:38.738+0530] {dag.py:3823} INFO - Setting next_dagrun for example_short_circuit_decorator to 2024-03-01 00:00:00+00:00, run_after=2024-03-02 00:00:00+00:00
[2024-03-02T16:34:38.772+0530] {processor.py:183} INFO - Processing /home/lucky/.local/lib/python3.10/site-packages/airflow/example_dags/example_short_circuit_decorator.py took 0.115 seconds
[2024-03-02T16:35:17.740+0530] {processor.py:161} INFO - Started process (PID=137078) to work on /home/lucky/.local/lib/python3.10/site-packages/airflow/example_dags/example_short_circuit_decorator.py
[2024-03-02T16:35:17.742+0530] {processor.py:830} INFO - Processing file /home/lucky/.local/lib/python3.10/site-packages/airflow/example_dags/example_short_circuit_decorator.py for tasks to queue
[2024-03-02T16:35:17.744+0530] {logging_mixin.py:188} INFO - [2024-03-02T16:35:17.743+0530] {dagbag.py:538} INFO - Filling up the DagBag from /home/lucky/.local/lib/python3.10/site-packages/airflow/example_dags/example_short_circuit_decorator.py
[2024-03-02T16:35:17.759+0530] {processor.py:840} INFO - DAG(s) 'example_short_circuit_decorator' retrieved from /home/lucky/.local/lib/python3.10/site-packages/airflow/example_dags/example_short_circuit_decorator.py
[2024-03-02T16:35:17.778+0530] {logging_mixin.py:188} INFO - [2024-03-02T16:35:17.777+0530] {dag.py:3036} INFO - Sync 1 DAGs
[2024-03-02T16:35:17.805+0530] {logging_mixin.py:188} INFO - [2024-03-02T16:35:17.805+0530] {dag.py:3823} INFO - Setting next_dagrun for example_short_circuit_decorator to 2024-03-01 00:00:00+00:00, run_after=2024-03-02 00:00:00+00:00
[2024-03-02T16:35:17.846+0530] {processor.py:183} INFO - Processing /home/lucky/.local/lib/python3.10/site-packages/airflow/example_dags/example_short_circuit_decorator.py took 0.110 seconds
[2024-03-02T16:35:57.946+0530] {processor.py:161} INFO - Started process (PID=137546) to work on /home/lucky/.local/lib/python3.10/site-packages/airflow/example_dags/example_short_circuit_decorator.py
[2024-03-02T16:35:57.948+0530] {processor.py:830} INFO - Processing file /home/lucky/.local/lib/python3.10/site-packages/airflow/example_dags/example_short_circuit_decorator.py for tasks to queue
[2024-03-02T16:35:57.949+0530] {logging_mixin.py:188} INFO - [2024-03-02T16:35:57.948+0530] {dagbag.py:538} INFO - Filling up the DagBag from /home/lucky/.local/lib/python3.10/site-packages/airflow/example_dags/example_short_circuit_decorator.py
[2024-03-02T16:35:57.965+0530] {processor.py:840} INFO - DAG(s) 'example_short_circuit_decorator' retrieved from /home/lucky/.local/lib/python3.10/site-packages/airflow/example_dags/example_short_circuit_decorator.py
[2024-03-02T16:35:57.991+0530] {logging_mixin.py:188} INFO - [2024-03-02T16:35:57.991+0530] {dag.py:3036} INFO - Sync 1 DAGs
[2024-03-02T16:35:58.034+0530] {logging_mixin.py:188} INFO - [2024-03-02T16:35:58.034+0530] {dag.py:3823} INFO - Setting next_dagrun for example_short_circuit_decorator to 2024-03-01 00:00:00+00:00, run_after=2024-03-02 00:00:00+00:00
[2024-03-02T16:35:58.079+0530] {processor.py:183} INFO - Processing /home/lucky/.local/lib/python3.10/site-packages/airflow/example_dags/example_short_circuit_decorator.py took 0.136 seconds
[2024-03-02T16:36:37.740+0530] {processor.py:161} INFO - Started process (PID=138165) to work on /home/lucky/.local/lib/python3.10/site-packages/airflow/example_dags/example_short_circuit_decorator.py
[2024-03-02T16:36:37.743+0530] {processor.py:830} INFO - Processing file /home/lucky/.local/lib/python3.10/site-packages/airflow/example_dags/example_short_circuit_decorator.py for tasks to queue
[2024-03-02T16:36:37.745+0530] {logging_mixin.py:188} INFO - [2024-03-02T16:36:37.744+0530] {dagbag.py:538} INFO - Filling up the DagBag from /home/lucky/.local/lib/python3.10/site-packages/airflow/example_dags/example_short_circuit_decorator.py
[2024-03-02T16:36:37.767+0530] {processor.py:840} INFO - DAG(s) 'example_short_circuit_decorator' retrieved from /home/lucky/.local/lib/python3.10/site-packages/airflow/example_dags/example_short_circuit_decorator.py
[2024-03-02T16:36:37.805+0530] {logging_mixin.py:188} INFO - [2024-03-02T16:36:37.805+0530] {dag.py:3036} INFO - Sync 1 DAGs
[2024-03-02T16:36:37.846+0530] {logging_mixin.py:188} INFO - [2024-03-02T16:36:37.845+0530] {dag.py:3823} INFO - Setting next_dagrun for example_short_circuit_decorator to 2024-03-01 00:00:00+00:00, run_after=2024-03-02 00:00:00+00:00
[2024-03-02T16:36:37.900+0530] {processor.py:183} INFO - Processing /home/lucky/.local/lib/python3.10/site-packages/airflow/example_dags/example_short_circuit_decorator.py took 0.164 seconds
[2024-03-02T16:37:22.028+0530] {processor.py:161} INFO - Started process (PID=138697) to work on /home/lucky/.local/lib/python3.10/site-packages/airflow/example_dags/example_short_circuit_decorator.py
[2024-03-02T16:37:22.061+0530] {processor.py:830} INFO - Processing file /home/lucky/.local/lib/python3.10/site-packages/airflow/example_dags/example_short_circuit_decorator.py for tasks to queue
[2024-03-02T16:37:22.080+0530] {logging_mixin.py:188} INFO - [2024-03-02T16:37:22.073+0530] {dagbag.py:538} INFO - Filling up the DagBag from /home/lucky/.local/lib/python3.10/site-packages/airflow/example_dags/example_short_circuit_decorator.py
[2024-03-02T16:37:22.210+0530] {processor.py:840} INFO - DAG(s) 'example_short_circuit_decorator' retrieved from /home/lucky/.local/lib/python3.10/site-packages/airflow/example_dags/example_short_circuit_decorator.py
[2024-03-02T16:37:22.283+0530] {logging_mixin.py:188} INFO - [2024-03-02T16:37:22.282+0530] {dag.py:3036} INFO - Sync 1 DAGs
[2024-03-02T16:37:22.378+0530] {logging_mixin.py:188} INFO - [2024-03-02T16:37:22.377+0530] {dag.py:3823} INFO - Setting next_dagrun for example_short_circuit_decorator to 2024-03-01 00:00:00+00:00, run_after=2024-03-02 00:00:00+00:00
[2024-03-02T16:37:22.457+0530] {processor.py:183} INFO - Processing /home/lucky/.local/lib/python3.10/site-packages/airflow/example_dags/example_short_circuit_decorator.py took 0.474 seconds
