[2024-03-02T13:15:54.283+0530] {processor.py:161} INFO - Started process (PID=4111) to work on /home/lucky/.local/lib/python3.10/site-packages/airflow/example_dags/example_branch_datetime_operator.py
[2024-03-02T13:15:54.285+0530] {processor.py:830} INFO - Processing file /home/lucky/.local/lib/python3.10/site-packages/airflow/example_dags/example_branch_datetime_operator.py for tasks to queue
[2024-03-02T13:15:54.288+0530] {logging_mixin.py:188} INFO - [2024-03-02T13:15:54.286+0530] {dagbag.py:538} INFO - Filling up the DagBag from /home/lucky/.local/lib/python3.10/site-packages/airflow/example_dags/example_branch_datetime_operator.py
[2024-03-02T13:15:54.316+0530] {processor.py:840} INFO - DAG(s) 'example_branch_datetime_operator_2', 'example_branch_datetime_operator', 'example_branch_datetime_operator_3' retrieved from /home/lucky/.local/lib/python3.10/site-packages/airflow/example_dags/example_branch_datetime_operator.py
[2024-03-02T13:15:54.625+0530] {logging_mixin.py:188} INFO - [2024-03-02T13:15:54.624+0530] {dag.py:3036} INFO - Sync 3 DAGs
[2024-03-02T13:15:54.693+0530] {logging_mixin.py:188} INFO - [2024-03-02T13:15:54.692+0530] {dag.py:3823} INFO - Setting next_dagrun for example_branch_datetime_operator to 2024-03-01 00:00:00+00:00, run_after=2024-03-02 00:00:00+00:00
[2024-03-02T13:15:54.705+0530] {logging_mixin.py:188} INFO - [2024-03-02T13:15:54.705+0530] {dag.py:3823} INFO - Setting next_dagrun for example_branch_datetime_operator_2 to 2024-03-01 00:00:00+00:00, run_after=2024-03-02 00:00:00+00:00
[2024-03-02T13:15:54.712+0530] {logging_mixin.py:188} INFO - [2024-03-02T13:15:54.711+0530] {dag.py:3823} INFO - Setting next_dagrun for example_branch_datetime_operator_3 to 2024-03-01 00:00:00+00:00, run_after=2024-03-02 00:00:00+00:00
[2024-03-02T13:15:54.804+0530] {processor.py:183} INFO - Processing /home/lucky/.local/lib/python3.10/site-packages/airflow/example_dags/example_branch_datetime_operator.py took 0.527 seconds
[2024-03-02T13:17:00.859+0530] {processor.py:161} INFO - Started process (PID=4661) to work on /home/lucky/.local/lib/python3.10/site-packages/airflow/example_dags/example_branch_datetime_operator.py
[2024-03-02T13:17:00.873+0530] {processor.py:830} INFO - Processing file /home/lucky/.local/lib/python3.10/site-packages/airflow/example_dags/example_branch_datetime_operator.py for tasks to queue
[2024-03-02T13:17:00.875+0530] {logging_mixin.py:188} INFO - [2024-03-02T13:17:00.875+0530] {dagbag.py:538} INFO - Filling up the DagBag from /home/lucky/.local/lib/python3.10/site-packages/airflow/example_dags/example_branch_datetime_operator.py
[2024-03-02T13:17:00.894+0530] {processor.py:840} INFO - DAG(s) 'example_branch_datetime_operator_3', 'example_branch_datetime_operator', 'example_branch_datetime_operator_2' retrieved from /home/lucky/.local/lib/python3.10/site-packages/airflow/example_dags/example_branch_datetime_operator.py
[2024-03-02T13:17:00.934+0530] {logging_mixin.py:188} INFO - [2024-03-02T13:17:00.934+0530] {dag.py:3036} INFO - Sync 3 DAGs
[2024-03-02T13:17:00.973+0530] {logging_mixin.py:188} INFO - [2024-03-02T13:17:00.972+0530] {dag.py:3823} INFO - Setting next_dagrun for example_branch_datetime_operator to 2024-03-01 00:00:00+00:00, run_after=2024-03-02 00:00:00+00:00
[2024-03-02T13:17:00.982+0530] {logging_mixin.py:188} INFO - [2024-03-02T13:17:00.981+0530] {dag.py:3823} INFO - Setting next_dagrun for example_branch_datetime_operator_2 to 2024-03-01 00:00:00+00:00, run_after=2024-03-02 00:00:00+00:00
[2024-03-02T13:17:00.986+0530] {logging_mixin.py:188} INFO - [2024-03-02T13:17:00.986+0530] {dag.py:3823} INFO - Setting next_dagrun for example_branch_datetime_operator_3 to 2024-03-01 00:00:00+00:00, run_after=2024-03-02 00:00:00+00:00
[2024-03-02T13:17:01.039+0530] {processor.py:183} INFO - Processing /home/lucky/.local/lib/python3.10/site-packages/airflow/example_dags/example_branch_datetime_operator.py took 0.184 seconds
[2024-03-02T13:17:59.979+0530] {processor.py:161} INFO - Started process (PID=5555) to work on /home/lucky/.local/lib/python3.10/site-packages/airflow/example_dags/example_branch_datetime_operator.py
[2024-03-02T13:17:59.994+0530] {processor.py:830} INFO - Processing file /home/lucky/.local/lib/python3.10/site-packages/airflow/example_dags/example_branch_datetime_operator.py for tasks to queue
[2024-03-02T13:17:59.996+0530] {logging_mixin.py:188} INFO - [2024-03-02T13:17:59.995+0530] {dagbag.py:538} INFO - Filling up the DagBag from /home/lucky/.local/lib/python3.10/site-packages/airflow/example_dags/example_branch_datetime_operator.py
[2024-03-02T13:18:00.044+0530] {processor.py:840} INFO - DAG(s) 'example_branch_datetime_operator', 'example_branch_datetime_operator_3', 'example_branch_datetime_operator_2' retrieved from /home/lucky/.local/lib/python3.10/site-packages/airflow/example_dags/example_branch_datetime_operator.py
[2024-03-02T13:18:00.112+0530] {logging_mixin.py:188} INFO - [2024-03-02T13:18:00.111+0530] {dag.py:3036} INFO - Sync 3 DAGs
[2024-03-02T13:18:00.201+0530] {logging_mixin.py:188} INFO - [2024-03-02T13:18:00.200+0530] {dag.py:3823} INFO - Setting next_dagrun for example_branch_datetime_operator to 2024-03-01 00:00:00+00:00, run_after=2024-03-02 00:00:00+00:00
[2024-03-02T13:18:00.222+0530] {logging_mixin.py:188} INFO - [2024-03-02T13:18:00.220+0530] {dag.py:3823} INFO - Setting next_dagrun for example_branch_datetime_operator_2 to 2024-03-01 00:00:00+00:00, run_after=2024-03-02 00:00:00+00:00
[2024-03-02T13:18:00.233+0530] {logging_mixin.py:188} INFO - [2024-03-02T13:18:00.232+0530] {dag.py:3823} INFO - Setting next_dagrun for example_branch_datetime_operator_3 to 2024-03-01 00:00:00+00:00, run_after=2024-03-02 00:00:00+00:00
[2024-03-02T13:18:00.304+0530] {processor.py:183} INFO - Processing /home/lucky/.local/lib/python3.10/site-packages/airflow/example_dags/example_branch_datetime_operator.py took 0.336 seconds
[2024-03-02T13:19:00.443+0530] {processor.py:161} INFO - Started process (PID=6050) to work on /home/lucky/.local/lib/python3.10/site-packages/airflow/example_dags/example_branch_datetime_operator.py
[2024-03-02T13:19:00.447+0530] {processor.py:830} INFO - Processing file /home/lucky/.local/lib/python3.10/site-packages/airflow/example_dags/example_branch_datetime_operator.py for tasks to queue
[2024-03-02T13:19:00.450+0530] {logging_mixin.py:188} INFO - [2024-03-02T13:19:00.449+0530] {dagbag.py:538} INFO - Filling up the DagBag from /home/lucky/.local/lib/python3.10/site-packages/airflow/example_dags/example_branch_datetime_operator.py
[2024-03-02T13:19:00.488+0530] {processor.py:840} INFO - DAG(s) 'example_branch_datetime_operator_2', 'example_branch_datetime_operator', 'example_branch_datetime_operator_3' retrieved from /home/lucky/.local/lib/python3.10/site-packages/airflow/example_dags/example_branch_datetime_operator.py
[2024-03-02T13:19:00.570+0530] {logging_mixin.py:188} INFO - [2024-03-02T13:19:00.569+0530] {dag.py:3036} INFO - Sync 3 DAGs
[2024-03-02T13:19:00.633+0530] {logging_mixin.py:188} INFO - [2024-03-02T13:19:00.632+0530] {dag.py:3823} INFO - Setting next_dagrun for example_branch_datetime_operator to 2024-03-01 00:00:00+00:00, run_after=2024-03-02 00:00:00+00:00
[2024-03-02T13:19:00.643+0530] {logging_mixin.py:188} INFO - [2024-03-02T13:19:00.642+0530] {dag.py:3823} INFO - Setting next_dagrun for example_branch_datetime_operator_2 to 2024-03-01 00:00:00+00:00, run_after=2024-03-02 00:00:00+00:00
[2024-03-02T13:19:00.648+0530] {logging_mixin.py:188} INFO - [2024-03-02T13:19:00.648+0530] {dag.py:3823} INFO - Setting next_dagrun for example_branch_datetime_operator_3 to 2024-03-01 00:00:00+00:00, run_after=2024-03-02 00:00:00+00:00
[2024-03-02T13:19:00.722+0530] {processor.py:183} INFO - Processing /home/lucky/.local/lib/python3.10/site-packages/airflow/example_dags/example_branch_datetime_operator.py took 0.288 seconds
[2024-03-02T13:19:58.530+0530] {processor.py:161} INFO - Started process (PID=6917) to work on /home/lucky/.local/lib/python3.10/site-packages/airflow/example_dags/example_branch_datetime_operator.py
[2024-03-02T13:19:58.548+0530] {processor.py:830} INFO - Processing file /home/lucky/.local/lib/python3.10/site-packages/airflow/example_dags/example_branch_datetime_operator.py for tasks to queue
[2024-03-02T13:19:58.551+0530] {logging_mixin.py:188} INFO - [2024-03-02T13:19:58.549+0530] {dagbag.py:538} INFO - Filling up the DagBag from /home/lucky/.local/lib/python3.10/site-packages/airflow/example_dags/example_branch_datetime_operator.py
[2024-03-02T13:19:58.588+0530] {processor.py:840} INFO - DAG(s) 'example_branch_datetime_operator_2', 'example_branch_datetime_operator', 'example_branch_datetime_operator_3' retrieved from /home/lucky/.local/lib/python3.10/site-packages/airflow/example_dags/example_branch_datetime_operator.py
[2024-03-02T13:19:58.649+0530] {logging_mixin.py:188} INFO - [2024-03-02T13:19:58.649+0530] {dag.py:3036} INFO - Sync 3 DAGs
[2024-03-02T13:19:58.692+0530] {logging_mixin.py:188} INFO - [2024-03-02T13:19:58.691+0530] {dag.py:3823} INFO - Setting next_dagrun for example_branch_datetime_operator to 2024-03-01 00:00:00+00:00, run_after=2024-03-02 00:00:00+00:00
[2024-03-02T13:19:58.702+0530] {logging_mixin.py:188} INFO - [2024-03-02T13:19:58.701+0530] {dag.py:3823} INFO - Setting next_dagrun for example_branch_datetime_operator_2 to 2024-03-01 00:00:00+00:00, run_after=2024-03-02 00:00:00+00:00
[2024-03-02T13:19:58.708+0530] {logging_mixin.py:188} INFO - [2024-03-02T13:19:58.707+0530] {dag.py:3823} INFO - Setting next_dagrun for example_branch_datetime_operator_3 to 2024-03-01 00:00:00+00:00, run_after=2024-03-02 00:00:00+00:00
[2024-03-02T13:19:58.761+0530] {processor.py:183} INFO - Processing /home/lucky/.local/lib/python3.10/site-packages/airflow/example_dags/example_branch_datetime_operator.py took 0.271 seconds
[2024-03-02T13:20:56.526+0530] {processor.py:161} INFO - Started process (PID=7392) to work on /home/lucky/.local/lib/python3.10/site-packages/airflow/example_dags/example_branch_datetime_operator.py
[2024-03-02T13:20:56.528+0530] {processor.py:830} INFO - Processing file /home/lucky/.local/lib/python3.10/site-packages/airflow/example_dags/example_branch_datetime_operator.py for tasks to queue
[2024-03-02T13:20:56.530+0530] {logging_mixin.py:188} INFO - [2024-03-02T13:20:56.529+0530] {dagbag.py:538} INFO - Filling up the DagBag from /home/lucky/.local/lib/python3.10/site-packages/airflow/example_dags/example_branch_datetime_operator.py
[2024-03-02T13:20:56.548+0530] {processor.py:840} INFO - DAG(s) 'example_branch_datetime_operator_2', 'example_branch_datetime_operator_3', 'example_branch_datetime_operator' retrieved from /home/lucky/.local/lib/python3.10/site-packages/airflow/example_dags/example_branch_datetime_operator.py
[2024-03-02T13:20:56.596+0530] {logging_mixin.py:188} INFO - [2024-03-02T13:20:56.596+0530] {dag.py:3036} INFO - Sync 3 DAGs
[2024-03-02T13:20:56.641+0530] {logging_mixin.py:188} INFO - [2024-03-02T13:20:56.640+0530] {dag.py:3823} INFO - Setting next_dagrun for example_branch_datetime_operator to 2024-03-01 00:00:00+00:00, run_after=2024-03-02 00:00:00+00:00
[2024-03-02T13:20:56.652+0530] {logging_mixin.py:188} INFO - [2024-03-02T13:20:56.651+0530] {dag.py:3823} INFO - Setting next_dagrun for example_branch_datetime_operator_2 to 2024-03-01 00:00:00+00:00, run_after=2024-03-02 00:00:00+00:00
[2024-03-02T13:20:56.657+0530] {logging_mixin.py:188} INFO - [2024-03-02T13:20:56.656+0530] {dag.py:3823} INFO - Setting next_dagrun for example_branch_datetime_operator_3 to 2024-03-01 00:00:00+00:00, run_after=2024-03-02 00:00:00+00:00
[2024-03-02T13:20:56.707+0530] {processor.py:183} INFO - Processing /home/lucky/.local/lib/python3.10/site-packages/airflow/example_dags/example_branch_datetime_operator.py took 0.187 seconds
[2024-03-02T13:21:54.427+0530] {processor.py:161} INFO - Started process (PID=8313) to work on /home/lucky/.local/lib/python3.10/site-packages/airflow/example_dags/example_branch_datetime_operator.py
[2024-03-02T13:21:54.431+0530] {processor.py:830} INFO - Processing file /home/lucky/.local/lib/python3.10/site-packages/airflow/example_dags/example_branch_datetime_operator.py for tasks to queue
[2024-03-02T13:21:54.435+0530] {logging_mixin.py:188} INFO - [2024-03-02T13:21:54.434+0530] {dagbag.py:538} INFO - Filling up the DagBag from /home/lucky/.local/lib/python3.10/site-packages/airflow/example_dags/example_branch_datetime_operator.py
[2024-03-02T13:21:54.488+0530] {processor.py:840} INFO - DAG(s) 'example_branch_datetime_operator', 'example_branch_datetime_operator_2', 'example_branch_datetime_operator_3' retrieved from /home/lucky/.local/lib/python3.10/site-packages/airflow/example_dags/example_branch_datetime_operator.py
[2024-03-02T13:21:54.566+0530] {logging_mixin.py:188} INFO - [2024-03-02T13:21:54.566+0530] {dag.py:3036} INFO - Sync 3 DAGs
[2024-03-02T13:21:54.633+0530] {logging_mixin.py:188} INFO - [2024-03-02T13:21:54.632+0530] {dag.py:3823} INFO - Setting next_dagrun for example_branch_datetime_operator to 2024-03-01 00:00:00+00:00, run_after=2024-03-02 00:00:00+00:00
[2024-03-02T13:21:54.649+0530] {logging_mixin.py:188} INFO - [2024-03-02T13:21:54.648+0530] {dag.py:3823} INFO - Setting next_dagrun for example_branch_datetime_operator_2 to 2024-03-01 00:00:00+00:00, run_after=2024-03-02 00:00:00+00:00
[2024-03-02T13:21:54.655+0530] {logging_mixin.py:188} INFO - [2024-03-02T13:21:54.654+0530] {dag.py:3823} INFO - Setting next_dagrun for example_branch_datetime_operator_3 to 2024-03-01 00:00:00+00:00, run_after=2024-03-02 00:00:00+00:00
[2024-03-02T13:21:54.714+0530] {processor.py:183} INFO - Processing /home/lucky/.local/lib/python3.10/site-packages/airflow/example_dags/example_branch_datetime_operator.py took 0.297 seconds
[2024-03-02T13:22:54.719+0530] {processor.py:161} INFO - Started process (PID=8873) to work on /home/lucky/.local/lib/python3.10/site-packages/airflow/example_dags/example_branch_datetime_operator.py
[2024-03-02T13:22:54.723+0530] {processor.py:830} INFO - Processing file /home/lucky/.local/lib/python3.10/site-packages/airflow/example_dags/example_branch_datetime_operator.py for tasks to queue
[2024-03-02T13:22:54.726+0530] {logging_mixin.py:188} INFO - [2024-03-02T13:22:54.725+0530] {dagbag.py:538} INFO - Filling up the DagBag from /home/lucky/.local/lib/python3.10/site-packages/airflow/example_dags/example_branch_datetime_operator.py
[2024-03-02T13:22:54.769+0530] {processor.py:840} INFO - DAG(s) 'example_branch_datetime_operator_2', 'example_branch_datetime_operator', 'example_branch_datetime_operator_3' retrieved from /home/lucky/.local/lib/python3.10/site-packages/airflow/example_dags/example_branch_datetime_operator.py
[2024-03-02T13:22:54.860+0530] {logging_mixin.py:188} INFO - [2024-03-02T13:22:54.859+0530] {dag.py:3036} INFO - Sync 3 DAGs
[2024-03-02T13:22:54.944+0530] {logging_mixin.py:188} INFO - [2024-03-02T13:22:54.943+0530] {dag.py:3823} INFO - Setting next_dagrun for example_branch_datetime_operator to 2024-03-01 00:00:00+00:00, run_after=2024-03-02 00:00:00+00:00
[2024-03-02T13:22:54.955+0530] {logging_mixin.py:188} INFO - [2024-03-02T13:22:54.954+0530] {dag.py:3823} INFO - Setting next_dagrun for example_branch_datetime_operator_2 to 2024-03-01 00:00:00+00:00, run_after=2024-03-02 00:00:00+00:00
[2024-03-02T13:22:54.961+0530] {logging_mixin.py:188} INFO - [2024-03-02T13:22:54.960+0530] {dag.py:3823} INFO - Setting next_dagrun for example_branch_datetime_operator_3 to 2024-03-01 00:00:00+00:00, run_after=2024-03-02 00:00:00+00:00
[2024-03-02T13:22:55.035+0530] {processor.py:183} INFO - Processing /home/lucky/.local/lib/python3.10/site-packages/airflow/example_dags/example_branch_datetime_operator.py took 0.323 seconds
[2024-03-02T13:24:07.128+0530] {processor.py:161} INFO - Started process (PID=9873) to work on /home/lucky/.local/lib/python3.10/site-packages/airflow/example_dags/example_branch_datetime_operator.py
[2024-03-02T13:24:07.150+0530] {processor.py:830} INFO - Processing file /home/lucky/.local/lib/python3.10/site-packages/airflow/example_dags/example_branch_datetime_operator.py for tasks to queue
[2024-03-02T13:24:07.152+0530] {logging_mixin.py:188} INFO - [2024-03-02T13:24:07.151+0530] {dagbag.py:538} INFO - Filling up the DagBag from /home/lucky/.local/lib/python3.10/site-packages/airflow/example_dags/example_branch_datetime_operator.py
[2024-03-02T13:24:07.176+0530] {processor.py:840} INFO - DAG(s) 'example_branch_datetime_operator', 'example_branch_datetime_operator_3', 'example_branch_datetime_operator_2' retrieved from /home/lucky/.local/lib/python3.10/site-packages/airflow/example_dags/example_branch_datetime_operator.py
[2024-03-02T13:24:07.223+0530] {logging_mixin.py:188} INFO - [2024-03-02T13:24:07.222+0530] {dag.py:3036} INFO - Sync 3 DAGs
[2024-03-02T13:24:07.325+0530] {logging_mixin.py:188} INFO - [2024-03-02T13:24:07.323+0530] {dag.py:3823} INFO - Setting next_dagrun for example_branch_datetime_operator to 2024-03-01 00:00:00+00:00, run_after=2024-03-02 00:00:00+00:00
[2024-03-02T13:24:07.364+0530] {logging_mixin.py:188} INFO - [2024-03-02T13:24:07.363+0530] {dag.py:3823} INFO - Setting next_dagrun for example_branch_datetime_operator_2 to 2024-03-01 00:00:00+00:00, run_after=2024-03-02 00:00:00+00:00
[2024-03-02T13:24:07.371+0530] {logging_mixin.py:188} INFO - [2024-03-02T13:24:07.370+0530] {dag.py:3823} INFO - Setting next_dagrun for example_branch_datetime_operator_3 to 2024-03-01 00:00:00+00:00, run_after=2024-03-02 00:00:00+00:00
[2024-03-02T13:24:07.443+0530] {processor.py:183} INFO - Processing /home/lucky/.local/lib/python3.10/site-packages/airflow/example_dags/example_branch_datetime_operator.py took 0.320 seconds
[2024-03-02T13:25:10.531+0530] {processor.py:161} INFO - Started process (PID=10827) to work on /home/lucky/.local/lib/python3.10/site-packages/airflow/example_dags/example_branch_datetime_operator.py
[2024-03-02T13:25:10.534+0530] {processor.py:830} INFO - Processing file /home/lucky/.local/lib/python3.10/site-packages/airflow/example_dags/example_branch_datetime_operator.py for tasks to queue
[2024-03-02T13:25:10.537+0530] {logging_mixin.py:188} INFO - [2024-03-02T13:25:10.536+0530] {dagbag.py:538} INFO - Filling up the DagBag from /home/lucky/.local/lib/python3.10/site-packages/airflow/example_dags/example_branch_datetime_operator.py
[2024-03-02T13:25:10.574+0530] {processor.py:840} INFO - DAG(s) 'example_branch_datetime_operator', 'example_branch_datetime_operator_3', 'example_branch_datetime_operator_2' retrieved from /home/lucky/.local/lib/python3.10/site-packages/airflow/example_dags/example_branch_datetime_operator.py
[2024-03-02T13:25:10.635+0530] {logging_mixin.py:188} INFO - [2024-03-02T13:25:10.634+0530] {dag.py:3036} INFO - Sync 3 DAGs
[2024-03-02T13:25:10.685+0530] {logging_mixin.py:188} INFO - [2024-03-02T13:25:10.684+0530] {dag.py:3823} INFO - Setting next_dagrun for example_branch_datetime_operator to 2024-03-01 00:00:00+00:00, run_after=2024-03-02 00:00:00+00:00
[2024-03-02T13:25:10.696+0530] {logging_mixin.py:188} INFO - [2024-03-02T13:25:10.695+0530] {dag.py:3823} INFO - Setting next_dagrun for example_branch_datetime_operator_2 to 2024-03-01 00:00:00+00:00, run_after=2024-03-02 00:00:00+00:00
[2024-03-02T13:25:10.701+0530] {logging_mixin.py:188} INFO - [2024-03-02T13:25:10.700+0530] {dag.py:3823} INFO - Setting next_dagrun for example_branch_datetime_operator_3 to 2024-03-01 00:00:00+00:00, run_after=2024-03-02 00:00:00+00:00
[2024-03-02T13:25:10.748+0530] {processor.py:183} INFO - Processing /home/lucky/.local/lib/python3.10/site-packages/airflow/example_dags/example_branch_datetime_operator.py took 0.223 seconds
[2024-03-02T13:26:12.139+0530] {processor.py:161} INFO - Started process (PID=11328) to work on /home/lucky/.local/lib/python3.10/site-packages/airflow/example_dags/example_branch_datetime_operator.py
[2024-03-02T13:26:12.153+0530] {processor.py:830} INFO - Processing file /home/lucky/.local/lib/python3.10/site-packages/airflow/example_dags/example_branch_datetime_operator.py for tasks to queue
[2024-03-02T13:26:12.156+0530] {logging_mixin.py:188} INFO - [2024-03-02T13:26:12.155+0530] {dagbag.py:538} INFO - Filling up the DagBag from /home/lucky/.local/lib/python3.10/site-packages/airflow/example_dags/example_branch_datetime_operator.py
[2024-03-02T13:26:12.183+0530] {processor.py:840} INFO - DAG(s) 'example_branch_datetime_operator_2', 'example_branch_datetime_operator_3', 'example_branch_datetime_operator' retrieved from /home/lucky/.local/lib/python3.10/site-packages/airflow/example_dags/example_branch_datetime_operator.py
[2024-03-02T13:26:12.271+0530] {logging_mixin.py:188} INFO - [2024-03-02T13:26:12.270+0530] {dag.py:3036} INFO - Sync 3 DAGs
[2024-03-02T13:26:12.336+0530] {logging_mixin.py:188} INFO - [2024-03-02T13:26:12.335+0530] {dag.py:3823} INFO - Setting next_dagrun for example_branch_datetime_operator to 2024-03-01 00:00:00+00:00, run_after=2024-03-02 00:00:00+00:00
[2024-03-02T13:26:12.347+0530] {logging_mixin.py:188} INFO - [2024-03-02T13:26:12.347+0530] {dag.py:3823} INFO - Setting next_dagrun for example_branch_datetime_operator_2 to 2024-03-01 00:00:00+00:00, run_after=2024-03-02 00:00:00+00:00
[2024-03-02T13:26:12.353+0530] {logging_mixin.py:188} INFO - [2024-03-02T13:26:12.352+0530] {dag.py:3823} INFO - Setting next_dagrun for example_branch_datetime_operator_3 to 2024-03-01 00:00:00+00:00, run_after=2024-03-02 00:00:00+00:00
[2024-03-02T13:26:12.413+0530] {processor.py:183} INFO - Processing /home/lucky/.local/lib/python3.10/site-packages/airflow/example_dags/example_branch_datetime_operator.py took 0.281 seconds
[2024-03-02T13:27:10.708+0530] {processor.py:161} INFO - Started process (PID=12223) to work on /home/lucky/.local/lib/python3.10/site-packages/airflow/example_dags/example_branch_datetime_operator.py
[2024-03-02T13:27:10.722+0530] {processor.py:830} INFO - Processing file /home/lucky/.local/lib/python3.10/site-packages/airflow/example_dags/example_branch_datetime_operator.py for tasks to queue
[2024-03-02T13:27:10.724+0530] {logging_mixin.py:188} INFO - [2024-03-02T13:27:10.724+0530] {dagbag.py:538} INFO - Filling up the DagBag from /home/lucky/.local/lib/python3.10/site-packages/airflow/example_dags/example_branch_datetime_operator.py
[2024-03-02T13:27:10.747+0530] {processor.py:840} INFO - DAG(s) 'example_branch_datetime_operator_2', 'example_branch_datetime_operator', 'example_branch_datetime_operator_3' retrieved from /home/lucky/.local/lib/python3.10/site-packages/airflow/example_dags/example_branch_datetime_operator.py
[2024-03-02T13:27:10.785+0530] {logging_mixin.py:188} INFO - [2024-03-02T13:27:10.784+0530] {dag.py:3036} INFO - Sync 3 DAGs
[2024-03-02T13:27:10.819+0530] {logging_mixin.py:188} INFO - [2024-03-02T13:27:10.818+0530] {dag.py:3823} INFO - Setting next_dagrun for example_branch_datetime_operator to 2024-03-01 00:00:00+00:00, run_after=2024-03-02 00:00:00+00:00
[2024-03-02T13:27:10.827+0530] {logging_mixin.py:188} INFO - [2024-03-02T13:27:10.827+0530] {dag.py:3823} INFO - Setting next_dagrun for example_branch_datetime_operator_2 to 2024-03-01 00:00:00+00:00, run_after=2024-03-02 00:00:00+00:00
[2024-03-02T13:27:10.831+0530] {logging_mixin.py:188} INFO - [2024-03-02T13:27:10.831+0530] {dag.py:3823} INFO - Setting next_dagrun for example_branch_datetime_operator_3 to 2024-03-01 00:00:00+00:00, run_after=2024-03-02 00:00:00+00:00
[2024-03-02T13:27:10.888+0530] {processor.py:183} INFO - Processing /home/lucky/.local/lib/python3.10/site-packages/airflow/example_dags/example_branch_datetime_operator.py took 0.184 seconds
[2024-03-02T13:29:31.225+0530] {processor.py:161} INFO - Started process (PID=13703) to work on /home/lucky/.local/lib/python3.10/site-packages/airflow/example_dags/example_branch_datetime_operator.py
[2024-03-02T13:29:31.227+0530] {processor.py:830} INFO - Processing file /home/lucky/.local/lib/python3.10/site-packages/airflow/example_dags/example_branch_datetime_operator.py for tasks to queue
[2024-03-02T13:29:31.230+0530] {logging_mixin.py:188} INFO - [2024-03-02T13:29:31.229+0530] {dagbag.py:538} INFO - Filling up the DagBag from /home/lucky/.local/lib/python3.10/site-packages/airflow/example_dags/example_branch_datetime_operator.py
[2024-03-02T13:29:31.249+0530] {processor.py:840} INFO - DAG(s) 'example_branch_datetime_operator_2', 'example_branch_datetime_operator', 'example_branch_datetime_operator_3' retrieved from /home/lucky/.local/lib/python3.10/site-packages/airflow/example_dags/example_branch_datetime_operator.py
[2024-03-02T13:29:31.289+0530] {logging_mixin.py:188} INFO - [2024-03-02T13:29:31.288+0530] {dag.py:3036} INFO - Sync 3 DAGs
[2024-03-02T13:29:31.329+0530] {logging_mixin.py:188} INFO - [2024-03-02T13:29:31.328+0530] {dag.py:3823} INFO - Setting next_dagrun for example_branch_datetime_operator to 2024-03-01 00:00:00+00:00, run_after=2024-03-02 00:00:00+00:00
[2024-03-02T13:29:31.339+0530] {logging_mixin.py:188} INFO - [2024-03-02T13:29:31.338+0530] {dag.py:3823} INFO - Setting next_dagrun for example_branch_datetime_operator_2 to 2024-03-01 00:00:00+00:00, run_after=2024-03-02 00:00:00+00:00
[2024-03-02T13:29:31.344+0530] {logging_mixin.py:188} INFO - [2024-03-02T13:29:31.343+0530] {dag.py:3823} INFO - Setting next_dagrun for example_branch_datetime_operator_3 to 2024-03-01 00:00:00+00:00, run_after=2024-03-02 00:00:00+00:00
[2024-03-02T13:29:31.397+0530] {processor.py:183} INFO - Processing /home/lucky/.local/lib/python3.10/site-packages/airflow/example_dags/example_branch_datetime_operator.py took 0.176 seconds
[2024-03-02T13:35:03.889+0530] {processor.py:161} INFO - Started process (PID=17602) to work on /home/lucky/.local/lib/python3.10/site-packages/airflow/example_dags/example_branch_datetime_operator.py
[2024-03-02T13:35:03.902+0530] {processor.py:830} INFO - Processing file /home/lucky/.local/lib/python3.10/site-packages/airflow/example_dags/example_branch_datetime_operator.py for tasks to queue
[2024-03-02T13:35:03.904+0530] {logging_mixin.py:188} INFO - [2024-03-02T13:35:03.903+0530] {dagbag.py:538} INFO - Filling up the DagBag from /home/lucky/.local/lib/python3.10/site-packages/airflow/example_dags/example_branch_datetime_operator.py
[2024-03-02T13:35:03.924+0530] {processor.py:840} INFO - DAG(s) 'example_branch_datetime_operator', 'example_branch_datetime_operator_2', 'example_branch_datetime_operator_3' retrieved from /home/lucky/.local/lib/python3.10/site-packages/airflow/example_dags/example_branch_datetime_operator.py
[2024-03-02T13:35:03.989+0530] {logging_mixin.py:188} INFO - [2024-03-02T13:35:03.989+0530] {dag.py:3036} INFO - Sync 3 DAGs
[2024-03-02T13:35:04.098+0530] {logging_mixin.py:188} INFO - [2024-03-02T13:35:04.096+0530] {dag.py:3823} INFO - Setting next_dagrun for example_branch_datetime_operator to 2024-03-01 00:00:00+00:00, run_after=2024-03-02 00:00:00+00:00
[2024-03-02T13:35:04.119+0530] {logging_mixin.py:188} INFO - [2024-03-02T13:35:04.118+0530] {dag.py:3823} INFO - Setting next_dagrun for example_branch_datetime_operator_2 to 2024-03-01 00:00:00+00:00, run_after=2024-03-02 00:00:00+00:00
[2024-03-02T13:35:04.126+0530] {logging_mixin.py:188} INFO - [2024-03-02T13:35:04.126+0530] {dag.py:3823} INFO - Setting next_dagrun for example_branch_datetime_operator_3 to 2024-03-01 00:00:00+00:00, run_after=2024-03-02 00:00:00+00:00
[2024-03-02T13:35:04.189+0530] {processor.py:183} INFO - Processing /home/lucky/.local/lib/python3.10/site-packages/airflow/example_dags/example_branch_datetime_operator.py took 0.308 seconds
[2024-03-02T13:36:01.351+0530] {processor.py:161} INFO - Started process (PID=18083) to work on /home/lucky/.local/lib/python3.10/site-packages/airflow/example_dags/example_branch_datetime_operator.py
[2024-03-02T13:36:01.366+0530] {processor.py:830} INFO - Processing file /home/lucky/.local/lib/python3.10/site-packages/airflow/example_dags/example_branch_datetime_operator.py for tasks to queue
[2024-03-02T13:36:01.368+0530] {logging_mixin.py:188} INFO - [2024-03-02T13:36:01.367+0530] {dagbag.py:538} INFO - Filling up the DagBag from /home/lucky/.local/lib/python3.10/site-packages/airflow/example_dags/example_branch_datetime_operator.py
[2024-03-02T13:36:01.412+0530] {processor.py:840} INFO - DAG(s) 'example_branch_datetime_operator', 'example_branch_datetime_operator_2', 'example_branch_datetime_operator_3' retrieved from /home/lucky/.local/lib/python3.10/site-packages/airflow/example_dags/example_branch_datetime_operator.py
[2024-03-02T13:36:01.472+0530] {logging_mixin.py:188} INFO - [2024-03-02T13:36:01.471+0530] {dag.py:3036} INFO - Sync 3 DAGs
[2024-03-02T13:36:01.526+0530] {logging_mixin.py:188} INFO - [2024-03-02T13:36:01.525+0530] {dag.py:3823} INFO - Setting next_dagrun for example_branch_datetime_operator to 2024-03-01 00:00:00+00:00, run_after=2024-03-02 00:00:00+00:00
[2024-03-02T13:36:01.561+0530] {logging_mixin.py:188} INFO - [2024-03-02T13:36:01.560+0530] {dag.py:3823} INFO - Setting next_dagrun for example_branch_datetime_operator_2 to 2024-03-01 00:00:00+00:00, run_after=2024-03-02 00:00:00+00:00
[2024-03-02T13:36:01.574+0530] {logging_mixin.py:188} INFO - [2024-03-02T13:36:01.573+0530] {dag.py:3823} INFO - Setting next_dagrun for example_branch_datetime_operator_3 to 2024-03-01 00:00:00+00:00, run_after=2024-03-02 00:00:00+00:00
[2024-03-02T13:36:01.644+0530] {processor.py:183} INFO - Processing /home/lucky/.local/lib/python3.10/site-packages/airflow/example_dags/example_branch_datetime_operator.py took 0.299 seconds
[2024-03-02T13:38:01.165+0530] {processor.py:161} INFO - Started process (PID=19497) to work on /home/lucky/.local/lib/python3.10/site-packages/airflow/example_dags/example_branch_datetime_operator.py
[2024-03-02T13:38:01.168+0530] {processor.py:830} INFO - Processing file /home/lucky/.local/lib/python3.10/site-packages/airflow/example_dags/example_branch_datetime_operator.py for tasks to queue
[2024-03-02T13:38:01.169+0530] {logging_mixin.py:188} INFO - [2024-03-02T13:38:01.169+0530] {dagbag.py:538} INFO - Filling up the DagBag from /home/lucky/.local/lib/python3.10/site-packages/airflow/example_dags/example_branch_datetime_operator.py
[2024-03-02T13:38:01.187+0530] {processor.py:840} INFO - DAG(s) 'example_branch_datetime_operator_2', 'example_branch_datetime_operator', 'example_branch_datetime_operator_3' retrieved from /home/lucky/.local/lib/python3.10/site-packages/airflow/example_dags/example_branch_datetime_operator.py
[2024-03-02T13:38:01.227+0530] {logging_mixin.py:188} INFO - [2024-03-02T13:38:01.226+0530] {dag.py:3036} INFO - Sync 3 DAGs
[2024-03-02T13:38:01.265+0530] {logging_mixin.py:188} INFO - [2024-03-02T13:38:01.265+0530] {dag.py:3823} INFO - Setting next_dagrun for example_branch_datetime_operator to 2024-03-01 00:00:00+00:00, run_after=2024-03-02 00:00:00+00:00
[2024-03-02T13:38:01.276+0530] {logging_mixin.py:188} INFO - [2024-03-02T13:38:01.276+0530] {dag.py:3823} INFO - Setting next_dagrun for example_branch_datetime_operator_2 to 2024-03-01 00:00:00+00:00, run_after=2024-03-02 00:00:00+00:00
[2024-03-02T13:38:01.286+0530] {logging_mixin.py:188} INFO - [2024-03-02T13:38:01.286+0530] {dag.py:3823} INFO - Setting next_dagrun for example_branch_datetime_operator_3 to 2024-03-01 00:00:00+00:00, run_after=2024-03-02 00:00:00+00:00
[2024-03-02T13:38:01.339+0530] {processor.py:183} INFO - Processing /home/lucky/.local/lib/python3.10/site-packages/airflow/example_dags/example_branch_datetime_operator.py took 0.178 seconds
[2024-03-02T16:15:43.199+0530] {processor.py:161} INFO - Started process (PID=121293) to work on /home/lucky/.local/lib/python3.10/site-packages/airflow/example_dags/example_branch_datetime_operator.py
[2024-03-02T16:15:43.202+0530] {processor.py:830} INFO - Processing file /home/lucky/.local/lib/python3.10/site-packages/airflow/example_dags/example_branch_datetime_operator.py for tasks to queue
[2024-03-02T16:15:43.204+0530] {logging_mixin.py:188} INFO - [2024-03-02T16:15:43.203+0530] {dagbag.py:538} INFO - Filling up the DagBag from /home/lucky/.local/lib/python3.10/site-packages/airflow/example_dags/example_branch_datetime_operator.py
[2024-03-02T16:15:43.234+0530] {processor.py:840} INFO - DAG(s) 'example_branch_datetime_operator_3', 'example_branch_datetime_operator', 'example_branch_datetime_operator_2' retrieved from /home/lucky/.local/lib/python3.10/site-packages/airflow/example_dags/example_branch_datetime_operator.py
[2024-03-02T16:15:43.289+0530] {logging_mixin.py:188} INFO - [2024-03-02T16:15:43.288+0530] {dag.py:3036} INFO - Sync 3 DAGs
[2024-03-02T16:15:43.353+0530] {logging_mixin.py:188} INFO - [2024-03-02T16:15:43.352+0530] {dag.py:3823} INFO - Setting next_dagrun for example_branch_datetime_operator to 2024-03-01 00:00:00+00:00, run_after=2024-03-02 00:00:00+00:00
[2024-03-02T16:15:43.363+0530] {logging_mixin.py:188} INFO - [2024-03-02T16:15:43.362+0530] {dag.py:3823} INFO - Setting next_dagrun for example_branch_datetime_operator_2 to 2024-03-01 00:00:00+00:00, run_after=2024-03-02 00:00:00+00:00
[2024-03-02T16:15:43.369+0530] {logging_mixin.py:188} INFO - [2024-03-02T16:15:43.368+0530] {dag.py:3823} INFO - Setting next_dagrun for example_branch_datetime_operator_3 to 2024-03-01 00:00:00+00:00, run_after=2024-03-02 00:00:00+00:00
[2024-03-02T16:15:43.420+0530] {processor.py:183} INFO - Processing /home/lucky/.local/lib/python3.10/site-packages/airflow/example_dags/example_branch_datetime_operator.py took 0.226 seconds
[2024-03-02T16:16:38.702+0530] {processor.py:161} INFO - Started process (PID=122258) to work on /home/lucky/.local/lib/python3.10/site-packages/airflow/example_dags/example_branch_datetime_operator.py
[2024-03-02T16:16:38.713+0530] {processor.py:830} INFO - Processing file /home/lucky/.local/lib/python3.10/site-packages/airflow/example_dags/example_branch_datetime_operator.py for tasks to queue
[2024-03-02T16:16:38.715+0530] {logging_mixin.py:188} INFO - [2024-03-02T16:16:38.714+0530] {dagbag.py:538} INFO - Filling up the DagBag from /home/lucky/.local/lib/python3.10/site-packages/airflow/example_dags/example_branch_datetime_operator.py
[2024-03-02T16:16:38.730+0530] {processor.py:840} INFO - DAG(s) 'example_branch_datetime_operator_3', 'example_branch_datetime_operator_2', 'example_branch_datetime_operator' retrieved from /home/lucky/.local/lib/python3.10/site-packages/airflow/example_dags/example_branch_datetime_operator.py
[2024-03-02T16:16:38.758+0530] {logging_mixin.py:188} INFO - [2024-03-02T16:16:38.758+0530] {dag.py:3036} INFO - Sync 3 DAGs
[2024-03-02T16:16:38.784+0530] {logging_mixin.py:188} INFO - [2024-03-02T16:16:38.784+0530] {dag.py:3823} INFO - Setting next_dagrun for example_branch_datetime_operator to 2024-03-01 00:00:00+00:00, run_after=2024-03-02 00:00:00+00:00
[2024-03-02T16:16:38.790+0530] {logging_mixin.py:188} INFO - [2024-03-02T16:16:38.790+0530] {dag.py:3823} INFO - Setting next_dagrun for example_branch_datetime_operator_2 to 2024-03-01 00:00:00+00:00, run_after=2024-03-02 00:00:00+00:00
[2024-03-02T16:16:38.793+0530] {logging_mixin.py:188} INFO - [2024-03-02T16:16:38.792+0530] {dag.py:3823} INFO - Setting next_dagrun for example_branch_datetime_operator_3 to 2024-03-01 00:00:00+00:00, run_after=2024-03-02 00:00:00+00:00
[2024-03-02T16:16:38.823+0530] {processor.py:183} INFO - Processing /home/lucky/.local/lib/python3.10/site-packages/airflow/example_dags/example_branch_datetime_operator.py took 0.123 seconds
[2024-03-02T16:20:58.527+0530] {processor.py:161} INFO - Started process (PID=125709) to work on /home/lucky/.local/lib/python3.10/site-packages/airflow/example_dags/example_branch_datetime_operator.py
[2024-03-02T16:20:58.531+0530] {processor.py:830} INFO - Processing file /home/lucky/.local/lib/python3.10/site-packages/airflow/example_dags/example_branch_datetime_operator.py for tasks to queue
[2024-03-02T16:20:58.537+0530] {logging_mixin.py:188} INFO - [2024-03-02T16:20:58.536+0530] {dagbag.py:538} INFO - Filling up the DagBag from /home/lucky/.local/lib/python3.10/site-packages/airflow/example_dags/example_branch_datetime_operator.py
[2024-03-02T16:20:58.556+0530] {processor.py:840} INFO - DAG(s) 'example_branch_datetime_operator_2', 'example_branch_datetime_operator', 'example_branch_datetime_operator_3' retrieved from /home/lucky/.local/lib/python3.10/site-packages/airflow/example_dags/example_branch_datetime_operator.py
[2024-03-02T16:20:58.587+0530] {logging_mixin.py:188} INFO - [2024-03-02T16:20:58.587+0530] {dag.py:3036} INFO - Sync 3 DAGs
[2024-03-02T16:20:58.624+0530] {logging_mixin.py:188} INFO - [2024-03-02T16:20:58.624+0530] {dag.py:3823} INFO - Setting next_dagrun for example_branch_datetime_operator to 2024-03-01 00:00:00+00:00, run_after=2024-03-02 00:00:00+00:00
[2024-03-02T16:20:58.631+0530] {logging_mixin.py:188} INFO - [2024-03-02T16:20:58.630+0530] {dag.py:3823} INFO - Setting next_dagrun for example_branch_datetime_operator_2 to 2024-03-01 00:00:00+00:00, run_after=2024-03-02 00:00:00+00:00
[2024-03-02T16:20:58.634+0530] {logging_mixin.py:188} INFO - [2024-03-02T16:20:58.634+0530] {dag.py:3823} INFO - Setting next_dagrun for example_branch_datetime_operator_3 to 2024-03-01 00:00:00+00:00, run_after=2024-03-02 00:00:00+00:00
[2024-03-02T16:20:58.677+0530] {processor.py:183} INFO - Processing /home/lucky/.local/lib/python3.10/site-packages/airflow/example_dags/example_branch_datetime_operator.py took 0.154 seconds
[2024-03-02T16:21:51.266+0530] {processor.py:161} INFO - Started process (PID=126323) to work on /home/lucky/.local/lib/python3.10/site-packages/airflow/example_dags/example_branch_datetime_operator.py
[2024-03-02T16:21:51.267+0530] {processor.py:830} INFO - Processing file /home/lucky/.local/lib/python3.10/site-packages/airflow/example_dags/example_branch_datetime_operator.py for tasks to queue
[2024-03-02T16:21:51.268+0530] {logging_mixin.py:188} INFO - [2024-03-02T16:21:51.268+0530] {dagbag.py:538} INFO - Filling up the DagBag from /home/lucky/.local/lib/python3.10/site-packages/airflow/example_dags/example_branch_datetime_operator.py
[2024-03-02T16:21:51.281+0530] {processor.py:840} INFO - DAG(s) 'example_branch_datetime_operator_3', 'example_branch_datetime_operator', 'example_branch_datetime_operator_2' retrieved from /home/lucky/.local/lib/python3.10/site-packages/airflow/example_dags/example_branch_datetime_operator.py
[2024-03-02T16:21:51.316+0530] {logging_mixin.py:188} INFO - [2024-03-02T16:21:51.316+0530] {dag.py:3036} INFO - Sync 3 DAGs
[2024-03-02T16:21:51.352+0530] {logging_mixin.py:188} INFO - [2024-03-02T16:21:51.351+0530] {dag.py:3823} INFO - Setting next_dagrun for example_branch_datetime_operator to 2024-03-01 00:00:00+00:00, run_after=2024-03-02 00:00:00+00:00
[2024-03-02T16:21:51.360+0530] {logging_mixin.py:188} INFO - [2024-03-02T16:21:51.359+0530] {dag.py:3823} INFO - Setting next_dagrun for example_branch_datetime_operator_2 to 2024-03-01 00:00:00+00:00, run_after=2024-03-02 00:00:00+00:00
[2024-03-02T16:21:51.364+0530] {logging_mixin.py:188} INFO - [2024-03-02T16:21:51.364+0530] {dag.py:3823} INFO - Setting next_dagrun for example_branch_datetime_operator_3 to 2024-03-01 00:00:00+00:00, run_after=2024-03-02 00:00:00+00:00
[2024-03-02T16:21:51.397+0530] {processor.py:183} INFO - Processing /home/lucky/.local/lib/python3.10/site-packages/airflow/example_dags/example_branch_datetime_operator.py took 0.136 seconds
[2024-03-02T16:33:01.285+0530] {processor.py:161} INFO - Started process (PID=135106) to work on /home/lucky/.local/lib/python3.10/site-packages/airflow/example_dags/example_branch_datetime_operator.py
[2024-03-02T16:33:01.287+0530] {processor.py:830} INFO - Processing file /home/lucky/.local/lib/python3.10/site-packages/airflow/example_dags/example_branch_datetime_operator.py for tasks to queue
[2024-03-02T16:33:01.289+0530] {logging_mixin.py:188} INFO - [2024-03-02T16:33:01.288+0530] {dagbag.py:538} INFO - Filling up the DagBag from /home/lucky/.local/lib/python3.10/site-packages/airflow/example_dags/example_branch_datetime_operator.py
[2024-03-02T16:33:01.308+0530] {processor.py:840} INFO - DAG(s) 'example_branch_datetime_operator', 'example_branch_datetime_operator_2', 'example_branch_datetime_operator_3' retrieved from /home/lucky/.local/lib/python3.10/site-packages/airflow/example_dags/example_branch_datetime_operator.py
[2024-03-02T16:33:01.357+0530] {logging_mixin.py:188} INFO - [2024-03-02T16:33:01.356+0530] {dag.py:3036} INFO - Sync 3 DAGs
[2024-03-02T16:33:01.406+0530] {logging_mixin.py:188} INFO - [2024-03-02T16:33:01.406+0530] {dag.py:3823} INFO - Setting next_dagrun for example_branch_datetime_operator to 2024-03-01 00:00:00+00:00, run_after=2024-03-02 00:00:00+00:00
[2024-03-02T16:33:01.418+0530] {logging_mixin.py:188} INFO - [2024-03-02T16:33:01.418+0530] {dag.py:3823} INFO - Setting next_dagrun for example_branch_datetime_operator_2 to 2024-03-01 00:00:00+00:00, run_after=2024-03-02 00:00:00+00:00
[2024-03-02T16:33:01.423+0530] {logging_mixin.py:188} INFO - [2024-03-02T16:33:01.423+0530] {dag.py:3823} INFO - Setting next_dagrun for example_branch_datetime_operator_3 to 2024-03-01 00:00:00+00:00, run_after=2024-03-02 00:00:00+00:00
[2024-03-02T16:33:01.463+0530] {processor.py:183} INFO - Processing /home/lucky/.local/lib/python3.10/site-packages/airflow/example_dags/example_branch_datetime_operator.py took 0.184 seconds
[2024-03-02T16:33:50.983+0530] {processor.py:161} INFO - Started process (PID=135896) to work on /home/lucky/.local/lib/python3.10/site-packages/airflow/example_dags/example_branch_datetime_operator.py
[2024-03-02T16:33:50.984+0530] {processor.py:830} INFO - Processing file /home/lucky/.local/lib/python3.10/site-packages/airflow/example_dags/example_branch_datetime_operator.py for tasks to queue
[2024-03-02T16:33:50.986+0530] {logging_mixin.py:188} INFO - [2024-03-02T16:33:50.985+0530] {dagbag.py:538} INFO - Filling up the DagBag from /home/lucky/.local/lib/python3.10/site-packages/airflow/example_dags/example_branch_datetime_operator.py
[2024-03-02T16:33:51.001+0530] {processor.py:840} INFO - DAG(s) 'example_branch_datetime_operator_3', 'example_branch_datetime_operator', 'example_branch_datetime_operator_2' retrieved from /home/lucky/.local/lib/python3.10/site-packages/airflow/example_dags/example_branch_datetime_operator.py
[2024-03-02T16:33:51.034+0530] {logging_mixin.py:188} INFO - [2024-03-02T16:33:51.033+0530] {dag.py:3036} INFO - Sync 3 DAGs
[2024-03-02T16:33:51.061+0530] {logging_mixin.py:188} INFO - [2024-03-02T16:33:51.061+0530] {dag.py:3823} INFO - Setting next_dagrun for example_branch_datetime_operator to 2024-03-01 00:00:00+00:00, run_after=2024-03-02 00:00:00+00:00
[2024-03-02T16:33:51.068+0530] {logging_mixin.py:188} INFO - [2024-03-02T16:33:51.068+0530] {dag.py:3823} INFO - Setting next_dagrun for example_branch_datetime_operator_2 to 2024-03-01 00:00:00+00:00, run_after=2024-03-02 00:00:00+00:00
[2024-03-02T16:33:51.071+0530] {logging_mixin.py:188} INFO - [2024-03-02T16:33:51.071+0530] {dag.py:3823} INFO - Setting next_dagrun for example_branch_datetime_operator_3 to 2024-03-01 00:00:00+00:00, run_after=2024-03-02 00:00:00+00:00
[2024-03-02T16:33:51.111+0530] {processor.py:183} INFO - Processing /home/lucky/.local/lib/python3.10/site-packages/airflow/example_dags/example_branch_datetime_operator.py took 0.132 seconds
[2024-03-02T16:34:49.920+0530] {processor.py:161} INFO - Started process (PID=136566) to work on /home/lucky/.local/lib/python3.10/site-packages/airflow/example_dags/example_branch_datetime_operator.py
[2024-03-02T16:34:49.922+0530] {processor.py:830} INFO - Processing file /home/lucky/.local/lib/python3.10/site-packages/airflow/example_dags/example_branch_datetime_operator.py for tasks to queue
[2024-03-02T16:34:49.923+0530] {logging_mixin.py:188} INFO - [2024-03-02T16:34:49.922+0530] {dagbag.py:538} INFO - Filling up the DagBag from /home/lucky/.local/lib/python3.10/site-packages/airflow/example_dags/example_branch_datetime_operator.py
[2024-03-02T16:34:49.940+0530] {processor.py:840} INFO - DAG(s) 'example_branch_datetime_operator', 'example_branch_datetime_operator_2', 'example_branch_datetime_operator_3' retrieved from /home/lucky/.local/lib/python3.10/site-packages/airflow/example_dags/example_branch_datetime_operator.py
[2024-03-02T16:34:49.981+0530] {logging_mixin.py:188} INFO - [2024-03-02T16:34:49.980+0530] {dag.py:3036} INFO - Sync 3 DAGs
[2024-03-02T16:34:50.026+0530] {logging_mixin.py:188} INFO - [2024-03-02T16:34:50.026+0530] {dag.py:3823} INFO - Setting next_dagrun for example_branch_datetime_operator to 2024-03-01 00:00:00+00:00, run_after=2024-03-02 00:00:00+00:00
[2024-03-02T16:34:50.035+0530] {logging_mixin.py:188} INFO - [2024-03-02T16:34:50.034+0530] {dag.py:3823} INFO - Setting next_dagrun for example_branch_datetime_operator_2 to 2024-03-01 00:00:00+00:00, run_after=2024-03-02 00:00:00+00:00
[2024-03-02T16:34:50.038+0530] {logging_mixin.py:188} INFO - [2024-03-02T16:34:50.037+0530] {dag.py:3823} INFO - Setting next_dagrun for example_branch_datetime_operator_3 to 2024-03-01 00:00:00+00:00, run_after=2024-03-02 00:00:00+00:00
[2024-03-02T16:34:50.069+0530] {processor.py:183} INFO - Processing /home/lucky/.local/lib/python3.10/site-packages/airflow/example_dags/example_branch_datetime_operator.py took 0.153 seconds
[2024-03-02T16:35:49.104+0530] {processor.py:161} INFO - Started process (PID=137482) to work on /home/lucky/.local/lib/python3.10/site-packages/airflow/example_dags/example_branch_datetime_operator.py
[2024-03-02T16:35:49.105+0530] {processor.py:830} INFO - Processing file /home/lucky/.local/lib/python3.10/site-packages/airflow/example_dags/example_branch_datetime_operator.py for tasks to queue
[2024-03-02T16:35:49.106+0530] {logging_mixin.py:188} INFO - [2024-03-02T16:35:49.106+0530] {dagbag.py:538} INFO - Filling up the DagBag from /home/lucky/.local/lib/python3.10/site-packages/airflow/example_dags/example_branch_datetime_operator.py
[2024-03-02T16:35:49.116+0530] {processor.py:840} INFO - DAG(s) 'example_branch_datetime_operator_2', 'example_branch_datetime_operator', 'example_branch_datetime_operator_3' retrieved from /home/lucky/.local/lib/python3.10/site-packages/airflow/example_dags/example_branch_datetime_operator.py
[2024-03-02T16:35:49.143+0530] {logging_mixin.py:188} INFO - [2024-03-02T16:35:49.142+0530] {dag.py:3036} INFO - Sync 3 DAGs
[2024-03-02T16:35:49.170+0530] {logging_mixin.py:188} INFO - [2024-03-02T16:35:49.169+0530] {dag.py:3823} INFO - Setting next_dagrun for example_branch_datetime_operator to 2024-03-01 00:00:00+00:00, run_after=2024-03-02 00:00:00+00:00
[2024-03-02T16:35:49.175+0530] {logging_mixin.py:188} INFO - [2024-03-02T16:35:49.175+0530] {dag.py:3823} INFO - Setting next_dagrun for example_branch_datetime_operator_2 to 2024-03-01 00:00:00+00:00, run_after=2024-03-02 00:00:00+00:00
[2024-03-02T16:35:49.178+0530] {logging_mixin.py:188} INFO - [2024-03-02T16:35:49.178+0530] {dag.py:3823} INFO - Setting next_dagrun for example_branch_datetime_operator_3 to 2024-03-01 00:00:00+00:00, run_after=2024-03-02 00:00:00+00:00
[2024-03-02T16:35:49.217+0530] {processor.py:183} INFO - Processing /home/lucky/.local/lib/python3.10/site-packages/airflow/example_dags/example_branch_datetime_operator.py took 0.116 seconds
[2024-03-02T16:36:51.435+0530] {processor.py:161} INFO - Started process (PID=138294) to work on /home/lucky/.local/lib/python3.10/site-packages/airflow/example_dags/example_branch_datetime_operator.py
[2024-03-02T16:36:51.436+0530] {processor.py:830} INFO - Processing file /home/lucky/.local/lib/python3.10/site-packages/airflow/example_dags/example_branch_datetime_operator.py for tasks to queue
[2024-03-02T16:36:51.437+0530] {logging_mixin.py:188} INFO - [2024-03-02T16:36:51.437+0530] {dagbag.py:538} INFO - Filling up the DagBag from /home/lucky/.local/lib/python3.10/site-packages/airflow/example_dags/example_branch_datetime_operator.py
[2024-03-02T16:36:51.449+0530] {processor.py:840} INFO - DAG(s) 'example_branch_datetime_operator_3', 'example_branch_datetime_operator', 'example_branch_datetime_operator_2' retrieved from /home/lucky/.local/lib/python3.10/site-packages/airflow/example_dags/example_branch_datetime_operator.py
[2024-03-02T16:36:51.475+0530] {logging_mixin.py:188} INFO - [2024-03-02T16:36:51.475+0530] {dag.py:3036} INFO - Sync 3 DAGs
[2024-03-02T16:36:51.502+0530] {logging_mixin.py:188} INFO - [2024-03-02T16:36:51.501+0530] {dag.py:3823} INFO - Setting next_dagrun for example_branch_datetime_operator to 2024-03-01 00:00:00+00:00, run_after=2024-03-02 00:00:00+00:00
[2024-03-02T16:36:51.508+0530] {logging_mixin.py:188} INFO - [2024-03-02T16:36:51.508+0530] {dag.py:3823} INFO - Setting next_dagrun for example_branch_datetime_operator_2 to 2024-03-01 00:00:00+00:00, run_after=2024-03-02 00:00:00+00:00
[2024-03-02T16:36:51.512+0530] {logging_mixin.py:188} INFO - [2024-03-02T16:36:51.512+0530] {dag.py:3823} INFO - Setting next_dagrun for example_branch_datetime_operator_3 to 2024-03-01 00:00:00+00:00, run_after=2024-03-02 00:00:00+00:00
[2024-03-02T16:36:51.545+0530] {processor.py:183} INFO - Processing /home/lucky/.local/lib/python3.10/site-packages/airflow/example_dags/example_branch_datetime_operator.py took 0.114 seconds
