[2024-03-02T13:15:21.977+0530] {processor.py:161} INFO - Started process (PID=3484) to work on /home/lucky/.local/lib/python3.10/site-packages/airflow/example_dags/example_short_circuit_operator.py
[2024-03-02T13:15:21.979+0530] {processor.py:830} INFO - Processing file /home/lucky/.local/lib/python3.10/site-packages/airflow/example_dags/example_short_circuit_operator.py for tasks to queue
[2024-03-02T13:15:21.982+0530] {logging_mixin.py:188} INFO - [2024-03-02T13:15:21.981+0530] {dagbag.py:538} INFO - Filling up the DagBag from /home/lucky/.local/lib/python3.10/site-packages/airflow/example_dags/example_short_circuit_operator.py
[2024-03-02T13:15:22.009+0530] {processor.py:840} INFO - DAG(s) 'example_short_circuit_operator' retrieved from /home/lucky/.local/lib/python3.10/site-packages/airflow/example_dags/example_short_circuit_operator.py
[2024-03-02T13:15:22.353+0530] {logging_mixin.py:188} INFO - [2024-03-02T13:15:22.352+0530] {dag.py:3036} INFO - Sync 1 DAGs
[2024-03-02T13:15:22.418+0530] {logging_mixin.py:188} INFO - [2024-03-02T13:15:22.417+0530] {dag.py:3823} INFO - Setting next_dagrun for example_short_circuit_operator to 2024-03-01 00:00:00+00:00, run_after=2024-03-02 00:00:00+00:00
[2024-03-02T13:15:22.503+0530] {processor.py:183} INFO - Processing /home/lucky/.local/lib/python3.10/site-packages/airflow/example_dags/example_short_circuit_operator.py took 0.532 seconds
[2024-03-02T13:16:28.492+0530] {processor.py:161} INFO - Started process (PID=4375) to work on /home/lucky/.local/lib/python3.10/site-packages/airflow/example_dags/example_short_circuit_operator.py
[2024-03-02T13:16:28.496+0530] {processor.py:830} INFO - Processing file /home/lucky/.local/lib/python3.10/site-packages/airflow/example_dags/example_short_circuit_operator.py for tasks to queue
[2024-03-02T13:16:28.497+0530] {logging_mixin.py:188} INFO - [2024-03-02T13:16:28.497+0530] {dagbag.py:538} INFO - Filling up the DagBag from /home/lucky/.local/lib/python3.10/site-packages/airflow/example_dags/example_short_circuit_operator.py
[2024-03-02T13:16:28.526+0530] {processor.py:840} INFO - DAG(s) 'example_short_circuit_operator' retrieved from /home/lucky/.local/lib/python3.10/site-packages/airflow/example_dags/example_short_circuit_operator.py
[2024-03-02T13:16:28.607+0530] {logging_mixin.py:188} INFO - [2024-03-02T13:16:28.603+0530] {dag.py:3036} INFO - Sync 1 DAGs
[2024-03-02T13:16:28.729+0530] {logging_mixin.py:188} INFO - [2024-03-02T13:16:28.727+0530] {dag.py:3823} INFO - Setting next_dagrun for example_short_circuit_operator to 2024-03-01 00:00:00+00:00, run_after=2024-03-02 00:00:00+00:00
[2024-03-02T13:16:28.846+0530] {processor.py:183} INFO - Processing /home/lucky/.local/lib/python3.10/site-packages/airflow/example_dags/example_short_circuit_operator.py took 0.365 seconds
[2024-03-02T13:17:28.132+0530] {processor.py:161} INFO - Started process (PID=5297) to work on /home/lucky/.local/lib/python3.10/site-packages/airflow/example_dags/example_short_circuit_operator.py
[2024-03-02T13:17:28.136+0530] {processor.py:830} INFO - Processing file /home/lucky/.local/lib/python3.10/site-packages/airflow/example_dags/example_short_circuit_operator.py for tasks to queue
[2024-03-02T13:17:28.139+0530] {logging_mixin.py:188} INFO - [2024-03-02T13:17:28.138+0530] {dagbag.py:538} INFO - Filling up the DagBag from /home/lucky/.local/lib/python3.10/site-packages/airflow/example_dags/example_short_circuit_operator.py
[2024-03-02T13:17:28.169+0530] {processor.py:840} INFO - DAG(s) 'example_short_circuit_operator' retrieved from /home/lucky/.local/lib/python3.10/site-packages/airflow/example_dags/example_short_circuit_operator.py
[2024-03-02T13:17:28.222+0530] {logging_mixin.py:188} INFO - [2024-03-02T13:17:28.221+0530] {dag.py:3036} INFO - Sync 1 DAGs
[2024-03-02T13:17:28.288+0530] {logging_mixin.py:188} INFO - [2024-03-02T13:17:28.287+0530] {dag.py:3823} INFO - Setting next_dagrun for example_short_circuit_operator to 2024-03-01 00:00:00+00:00, run_after=2024-03-02 00:00:00+00:00
[2024-03-02T13:17:28.347+0530] {processor.py:183} INFO - Processing /home/lucky/.local/lib/python3.10/site-packages/airflow/example_dags/example_short_circuit_operator.py took 0.222 seconds
[2024-03-02T13:18:26.726+0530] {processor.py:161} INFO - Started process (PID=5753) to work on /home/lucky/.local/lib/python3.10/site-packages/airflow/example_dags/example_short_circuit_operator.py
[2024-03-02T13:18:26.729+0530] {processor.py:830} INFO - Processing file /home/lucky/.local/lib/python3.10/site-packages/airflow/example_dags/example_short_circuit_operator.py for tasks to queue
[2024-03-02T13:18:26.732+0530] {logging_mixin.py:188} INFO - [2024-03-02T13:18:26.731+0530] {dagbag.py:538} INFO - Filling up the DagBag from /home/lucky/.local/lib/python3.10/site-packages/airflow/example_dags/example_short_circuit_operator.py
[2024-03-02T13:18:26.747+0530] {processor.py:840} INFO - DAG(s) 'example_short_circuit_operator' retrieved from /home/lucky/.local/lib/python3.10/site-packages/airflow/example_dags/example_short_circuit_operator.py
[2024-03-02T13:18:26.777+0530] {logging_mixin.py:188} INFO - [2024-03-02T13:18:26.777+0530] {dag.py:3036} INFO - Sync 1 DAGs
[2024-03-02T13:18:26.821+0530] {logging_mixin.py:188} INFO - [2024-03-02T13:18:26.820+0530] {dag.py:3823} INFO - Setting next_dagrun for example_short_circuit_operator to 2024-03-01 00:00:00+00:00, run_after=2024-03-02 00:00:00+00:00
[2024-03-02T13:18:26.890+0530] {processor.py:183} INFO - Processing /home/lucky/.local/lib/python3.10/site-packages/airflow/example_dags/example_short_circuit_operator.py took 0.168 seconds
[2024-03-02T13:19:26.034+0530] {processor.py:161} INFO - Started process (PID=6632) to work on /home/lucky/.local/lib/python3.10/site-packages/airflow/example_dags/example_short_circuit_operator.py
[2024-03-02T13:19:26.038+0530] {processor.py:830} INFO - Processing file /home/lucky/.local/lib/python3.10/site-packages/airflow/example_dags/example_short_circuit_operator.py for tasks to queue
[2024-03-02T13:19:26.041+0530] {logging_mixin.py:188} INFO - [2024-03-02T13:19:26.039+0530] {dagbag.py:538} INFO - Filling up the DagBag from /home/lucky/.local/lib/python3.10/site-packages/airflow/example_dags/example_short_circuit_operator.py
[2024-03-02T13:19:26.068+0530] {processor.py:840} INFO - DAG(s) 'example_short_circuit_operator' retrieved from /home/lucky/.local/lib/python3.10/site-packages/airflow/example_dags/example_short_circuit_operator.py
[2024-03-02T13:19:26.121+0530] {logging_mixin.py:188} INFO - [2024-03-02T13:19:26.121+0530] {dag.py:3036} INFO - Sync 1 DAGs
[2024-03-02T13:19:26.181+0530] {logging_mixin.py:188} INFO - [2024-03-02T13:19:26.180+0530] {dag.py:3823} INFO - Setting next_dagrun for example_short_circuit_operator to 2024-03-01 00:00:00+00:00, run_after=2024-03-02 00:00:00+00:00
[2024-03-02T13:19:26.233+0530] {processor.py:183} INFO - Processing /home/lucky/.local/lib/python3.10/site-packages/airflow/example_dags/example_short_circuit_operator.py took 0.211 seconds
[2024-03-02T13:20:22.639+0530] {processor.py:161} INFO - Started process (PID=7104) to work on /home/lucky/.local/lib/python3.10/site-packages/airflow/example_dags/example_short_circuit_operator.py
[2024-03-02T13:20:22.653+0530] {processor.py:830} INFO - Processing file /home/lucky/.local/lib/python3.10/site-packages/airflow/example_dags/example_short_circuit_operator.py for tasks to queue
[2024-03-02T13:20:22.656+0530] {logging_mixin.py:188} INFO - [2024-03-02T13:20:22.654+0530] {dagbag.py:538} INFO - Filling up the DagBag from /home/lucky/.local/lib/python3.10/site-packages/airflow/example_dags/example_short_circuit_operator.py
[2024-03-02T13:20:22.678+0530] {processor.py:840} INFO - DAG(s) 'example_short_circuit_operator' retrieved from /home/lucky/.local/lib/python3.10/site-packages/airflow/example_dags/example_short_circuit_operator.py
[2024-03-02T13:20:22.725+0530] {logging_mixin.py:188} INFO - [2024-03-02T13:20:22.724+0530] {dag.py:3036} INFO - Sync 1 DAGs
[2024-03-02T13:20:22.789+0530] {logging_mixin.py:188} INFO - [2024-03-02T13:20:22.788+0530] {dag.py:3823} INFO - Setting next_dagrun for example_short_circuit_operator to 2024-03-01 00:00:00+00:00, run_after=2024-03-02 00:00:00+00:00
[2024-03-02T13:20:22.854+0530] {processor.py:183} INFO - Processing /home/lucky/.local/lib/python3.10/site-packages/airflow/example_dags/example_short_circuit_operator.py took 0.225 seconds
[2024-03-02T13:21:19.732+0530] {processor.py:161} INFO - Started process (PID=7961) to work on /home/lucky/.local/lib/python3.10/site-packages/airflow/example_dags/example_short_circuit_operator.py
[2024-03-02T13:21:19.735+0530] {processor.py:830} INFO - Processing file /home/lucky/.local/lib/python3.10/site-packages/airflow/example_dags/example_short_circuit_operator.py for tasks to queue
[2024-03-02T13:21:19.737+0530] {logging_mixin.py:188} INFO - [2024-03-02T13:21:19.736+0530] {dagbag.py:538} INFO - Filling up the DagBag from /home/lucky/.local/lib/python3.10/site-packages/airflow/example_dags/example_short_circuit_operator.py
[2024-03-02T13:21:19.754+0530] {processor.py:840} INFO - DAG(s) 'example_short_circuit_operator' retrieved from /home/lucky/.local/lib/python3.10/site-packages/airflow/example_dags/example_short_circuit_operator.py
[2024-03-02T13:21:19.786+0530] {logging_mixin.py:188} INFO - [2024-03-02T13:21:19.786+0530] {dag.py:3036} INFO - Sync 1 DAGs
[2024-03-02T13:21:19.818+0530] {logging_mixin.py:188} INFO - [2024-03-02T13:21:19.817+0530] {dag.py:3823} INFO - Setting next_dagrun for example_short_circuit_operator to 2024-03-01 00:00:00+00:00, run_after=2024-03-02 00:00:00+00:00
[2024-03-02T13:21:19.909+0530] {processor.py:183} INFO - Processing /home/lucky/.local/lib/python3.10/site-packages/airflow/example_dags/example_short_circuit_operator.py took 0.183 seconds
[2024-03-02T13:22:20.809+0530] {processor.py:161} INFO - Started process (PID=8592) to work on /home/lucky/.local/lib/python3.10/site-packages/airflow/example_dags/example_short_circuit_operator.py
[2024-03-02T13:22:20.823+0530] {processor.py:830} INFO - Processing file /home/lucky/.local/lib/python3.10/site-packages/airflow/example_dags/example_short_circuit_operator.py for tasks to queue
[2024-03-02T13:22:20.826+0530] {logging_mixin.py:188} INFO - [2024-03-02T13:22:20.824+0530] {dagbag.py:538} INFO - Filling up the DagBag from /home/lucky/.local/lib/python3.10/site-packages/airflow/example_dags/example_short_circuit_operator.py
[2024-03-02T13:22:20.848+0530] {processor.py:840} INFO - DAG(s) 'example_short_circuit_operator' retrieved from /home/lucky/.local/lib/python3.10/site-packages/airflow/example_dags/example_short_circuit_operator.py
[2024-03-02T13:22:20.910+0530] {logging_mixin.py:188} INFO - [2024-03-02T13:22:20.909+0530] {dag.py:3036} INFO - Sync 1 DAGs
[2024-03-02T13:22:20.972+0530] {logging_mixin.py:188} INFO - [2024-03-02T13:22:20.971+0530] {dag.py:3823} INFO - Setting next_dagrun for example_short_circuit_operator to 2024-03-01 00:00:00+00:00, run_after=2024-03-02 00:00:00+00:00
[2024-03-02T13:22:21.044+0530] {processor.py:183} INFO - Processing /home/lucky/.local/lib/python3.10/site-packages/airflow/example_dags/example_short_circuit_operator.py took 0.242 seconds
[2024-03-02T13:23:28.306+0530] {processor.py:161} INFO - Started process (PID=9498) to work on /home/lucky/.local/lib/python3.10/site-packages/airflow/example_dags/example_short_circuit_operator.py
[2024-03-02T13:23:28.310+0530] {processor.py:830} INFO - Processing file /home/lucky/.local/lib/python3.10/site-packages/airflow/example_dags/example_short_circuit_operator.py for tasks to queue
[2024-03-02T13:23:28.312+0530] {logging_mixin.py:188} INFO - [2024-03-02T13:23:28.311+0530] {dagbag.py:538} INFO - Filling up the DagBag from /home/lucky/.local/lib/python3.10/site-packages/airflow/example_dags/example_short_circuit_operator.py
[2024-03-02T13:23:28.330+0530] {processor.py:840} INFO - DAG(s) 'example_short_circuit_operator' retrieved from /home/lucky/.local/lib/python3.10/site-packages/airflow/example_dags/example_short_circuit_operator.py
[2024-03-02T13:23:28.365+0530] {logging_mixin.py:188} INFO - [2024-03-02T13:23:28.365+0530] {dag.py:3036} INFO - Sync 1 DAGs
[2024-03-02T13:23:28.452+0530] {logging_mixin.py:188} INFO - [2024-03-02T13:23:28.452+0530] {dag.py:3823} INFO - Setting next_dagrun for example_short_circuit_operator to 2024-03-01 00:00:00+00:00, run_after=2024-03-02 00:00:00+00:00
[2024-03-02T13:23:28.516+0530] {processor.py:183} INFO - Processing /home/lucky/.local/lib/python3.10/site-packages/airflow/example_dags/example_short_circuit_operator.py took 0.216 seconds
[2024-03-02T13:24:29.813+0530] {processor.py:161} INFO - Started process (PID=10067) to work on /home/lucky/.local/lib/python3.10/site-packages/airflow/example_dags/example_short_circuit_operator.py
[2024-03-02T13:24:29.827+0530] {processor.py:830} INFO - Processing file /home/lucky/.local/lib/python3.10/site-packages/airflow/example_dags/example_short_circuit_operator.py for tasks to queue
[2024-03-02T13:24:29.831+0530] {logging_mixin.py:188} INFO - [2024-03-02T13:24:29.829+0530] {dagbag.py:538} INFO - Filling up the DagBag from /home/lucky/.local/lib/python3.10/site-packages/airflow/example_dags/example_short_circuit_operator.py
[2024-03-02T13:24:29.870+0530] {processor.py:840} INFO - DAG(s) 'example_short_circuit_operator' retrieved from /home/lucky/.local/lib/python3.10/site-packages/airflow/example_dags/example_short_circuit_operator.py
[2024-03-02T13:24:29.972+0530] {logging_mixin.py:188} INFO - [2024-03-02T13:24:29.971+0530] {dag.py:3036} INFO - Sync 1 DAGs
[2024-03-02T13:24:30.064+0530] {logging_mixin.py:188} INFO - [2024-03-02T13:24:30.064+0530] {dag.py:3823} INFO - Setting next_dagrun for example_short_circuit_operator to 2024-03-01 00:00:00+00:00, run_after=2024-03-02 00:00:00+00:00
[2024-03-02T13:24:30.196+0530] {processor.py:183} INFO - Processing /home/lucky/.local/lib/python3.10/site-packages/airflow/example_dags/example_short_circuit_operator.py took 0.395 seconds
[2024-03-02T13:25:32.754+0530] {processor.py:161} INFO - Started process (PID=10965) to work on /home/lucky/.local/lib/python3.10/site-packages/airflow/example_dags/example_short_circuit_operator.py
[2024-03-02T13:25:32.768+0530] {processor.py:830} INFO - Processing file /home/lucky/.local/lib/python3.10/site-packages/airflow/example_dags/example_short_circuit_operator.py for tasks to queue
[2024-03-02T13:25:32.770+0530] {logging_mixin.py:188} INFO - [2024-03-02T13:25:32.769+0530] {dagbag.py:538} INFO - Filling up the DagBag from /home/lucky/.local/lib/python3.10/site-packages/airflow/example_dags/example_short_circuit_operator.py
[2024-03-02T13:25:32.785+0530] {processor.py:840} INFO - DAG(s) 'example_short_circuit_operator' retrieved from /home/lucky/.local/lib/python3.10/site-packages/airflow/example_dags/example_short_circuit_operator.py
[2024-03-02T13:25:32.817+0530] {logging_mixin.py:188} INFO - [2024-03-02T13:25:32.816+0530] {dag.py:3036} INFO - Sync 1 DAGs
[2024-03-02T13:25:32.866+0530] {logging_mixin.py:188} INFO - [2024-03-02T13:25:32.865+0530] {dag.py:3823} INFO - Setting next_dagrun for example_short_circuit_operator to 2024-03-01 00:00:00+00:00, run_after=2024-03-02 00:00:00+00:00
[2024-03-02T13:25:32.944+0530] {processor.py:183} INFO - Processing /home/lucky/.local/lib/python3.10/site-packages/airflow/example_dags/example_short_circuit_operator.py took 0.198 seconds
[2024-03-02T13:26:36.252+0530] {processor.py:161} INFO - Started process (PID=11497) to work on /home/lucky/.local/lib/python3.10/site-packages/airflow/example_dags/example_short_circuit_operator.py
[2024-03-02T13:26:36.255+0530] {processor.py:830} INFO - Processing file /home/lucky/.local/lib/python3.10/site-packages/airflow/example_dags/example_short_circuit_operator.py for tasks to queue
[2024-03-02T13:26:36.257+0530] {logging_mixin.py:188} INFO - [2024-03-02T13:26:36.256+0530] {dagbag.py:538} INFO - Filling up the DagBag from /home/lucky/.local/lib/python3.10/site-packages/airflow/example_dags/example_short_circuit_operator.py
[2024-03-02T13:26:36.279+0530] {processor.py:840} INFO - DAG(s) 'example_short_circuit_operator' retrieved from /home/lucky/.local/lib/python3.10/site-packages/airflow/example_dags/example_short_circuit_operator.py
[2024-03-02T13:26:36.324+0530] {logging_mixin.py:188} INFO - [2024-03-02T13:26:36.323+0530] {dag.py:3036} INFO - Sync 1 DAGs
[2024-03-02T13:26:36.396+0530] {logging_mixin.py:188} INFO - [2024-03-02T13:26:36.395+0530] {dag.py:3823} INFO - Setting next_dagrun for example_short_circuit_operator to 2024-03-01 00:00:00+00:00, run_after=2024-03-02 00:00:00+00:00
[2024-03-02T13:26:36.491+0530] {processor.py:183} INFO - Processing /home/lucky/.local/lib/python3.10/site-packages/airflow/example_dags/example_short_circuit_operator.py took 0.247 seconds
[2024-03-02T13:27:33.571+0530] {processor.py:161} INFO - Started process (PID=12359) to work on /home/lucky/.local/lib/python3.10/site-packages/airflow/example_dags/example_short_circuit_operator.py
[2024-03-02T13:27:33.586+0530] {processor.py:830} INFO - Processing file /home/lucky/.local/lib/python3.10/site-packages/airflow/example_dags/example_short_circuit_operator.py for tasks to queue
[2024-03-02T13:27:33.596+0530] {logging_mixin.py:188} INFO - [2024-03-02T13:27:33.594+0530] {dagbag.py:538} INFO - Filling up the DagBag from /home/lucky/.local/lib/python3.10/site-packages/airflow/example_dags/example_short_circuit_operator.py
[2024-03-02T13:27:33.626+0530] {processor.py:840} INFO - DAG(s) 'example_short_circuit_operator' retrieved from /home/lucky/.local/lib/python3.10/site-packages/airflow/example_dags/example_short_circuit_operator.py
[2024-03-02T13:27:33.688+0530] {logging_mixin.py:188} INFO - [2024-03-02T13:27:33.687+0530] {dag.py:3036} INFO - Sync 1 DAGs
[2024-03-02T13:27:33.763+0530] {logging_mixin.py:188} INFO - [2024-03-02T13:27:33.762+0530] {dag.py:3823} INFO - Setting next_dagrun for example_short_circuit_operator to 2024-03-01 00:00:00+00:00, run_after=2024-03-02 00:00:00+00:00
[2024-03-02T13:27:33.845+0530] {processor.py:183} INFO - Processing /home/lucky/.local/lib/python3.10/site-packages/airflow/example_dags/example_short_circuit_operator.py took 0.301 seconds
[2024-03-02T13:28:59.467+0530] {processor.py:161} INFO - Started process (PID=13077) to work on /home/lucky/.local/lib/python3.10/site-packages/airflow/example_dags/example_short_circuit_operator.py
[2024-03-02T13:28:59.527+0530] {processor.py:830} INFO - Processing file /home/lucky/.local/lib/python3.10/site-packages/airflow/example_dags/example_short_circuit_operator.py for tasks to queue
[2024-03-02T13:28:59.569+0530] {logging_mixin.py:188} INFO - [2024-03-02T13:28:59.547+0530] {dagbag.py:538} INFO - Filling up the DagBag from /home/lucky/.local/lib/python3.10/site-packages/airflow/example_dags/example_short_circuit_operator.py
[2024-03-02T13:28:59.841+0530] {processor.py:840} INFO - DAG(s) 'example_short_circuit_operator' retrieved from /home/lucky/.local/lib/python3.10/site-packages/airflow/example_dags/example_short_circuit_operator.py
[2024-03-02T13:29:00.048+0530] {logging_mixin.py:188} INFO - [2024-03-02T13:29:00.047+0530] {dag.py:3036} INFO - Sync 1 DAGs
[2024-03-02T13:29:00.223+0530] {logging_mixin.py:188} INFO - [2024-03-02T13:29:00.221+0530] {dag.py:3823} INFO - Setting next_dagrun for example_short_circuit_operator to 2024-03-01 00:00:00+00:00, run_after=2024-03-02 00:00:00+00:00
[2024-03-02T13:29:00.597+0530] {processor.py:183} INFO - Processing /home/lucky/.local/lib/python3.10/site-packages/airflow/example_dags/example_short_circuit_operator.py took 1.293 seconds
[2024-03-02T13:32:00.517+0530] {processor.py:161} INFO - Started process (PID=15302) to work on /home/lucky/.local/lib/python3.10/site-packages/airflow/example_dags/example_short_circuit_operator.py
[2024-03-02T13:32:00.531+0530] {processor.py:830} INFO - Processing file /home/lucky/.local/lib/python3.10/site-packages/airflow/example_dags/example_short_circuit_operator.py for tasks to queue
[2024-03-02T13:32:00.534+0530] {logging_mixin.py:188} INFO - [2024-03-02T13:32:00.533+0530] {dagbag.py:538} INFO - Filling up the DagBag from /home/lucky/.local/lib/python3.10/site-packages/airflow/example_dags/example_short_circuit_operator.py
[2024-03-02T13:32:00.568+0530] {processor.py:840} INFO - DAG(s) 'example_short_circuit_operator' retrieved from /home/lucky/.local/lib/python3.10/site-packages/airflow/example_dags/example_short_circuit_operator.py
[2024-03-02T13:32:00.637+0530] {logging_mixin.py:188} INFO - [2024-03-02T13:32:00.636+0530] {dag.py:3036} INFO - Sync 1 DAGs
[2024-03-02T13:32:00.761+0530] {logging_mixin.py:188} INFO - [2024-03-02T13:32:00.759+0530] {dag.py:3823} INFO - Setting next_dagrun for example_short_circuit_operator to 2024-03-01 00:00:00+00:00, run_after=2024-03-02 00:00:00+00:00
[2024-03-02T13:32:00.865+0530] {processor.py:183} INFO - Processing /home/lucky/.local/lib/python3.10/site-packages/airflow/example_dags/example_short_circuit_operator.py took 0.355 seconds
[2024-03-02T13:34:32.586+0530] {processor.py:161} INFO - Started process (PID=16923) to work on /home/lucky/.local/lib/python3.10/site-packages/airflow/example_dags/example_short_circuit_operator.py
[2024-03-02T13:34:32.600+0530] {processor.py:830} INFO - Processing file /home/lucky/.local/lib/python3.10/site-packages/airflow/example_dags/example_short_circuit_operator.py for tasks to queue
[2024-03-02T13:34:32.602+0530] {logging_mixin.py:188} INFO - [2024-03-02T13:34:32.601+0530] {dagbag.py:538} INFO - Filling up the DagBag from /home/lucky/.local/lib/python3.10/site-packages/airflow/example_dags/example_short_circuit_operator.py
[2024-03-02T13:34:32.616+0530] {processor.py:840} INFO - DAG(s) 'example_short_circuit_operator' retrieved from /home/lucky/.local/lib/python3.10/site-packages/airflow/example_dags/example_short_circuit_operator.py
[2024-03-02T13:34:32.652+0530] {logging_mixin.py:188} INFO - [2024-03-02T13:34:32.651+0530] {dag.py:3036} INFO - Sync 1 DAGs
[2024-03-02T13:34:32.696+0530] {logging_mixin.py:188} INFO - [2024-03-02T13:34:32.695+0530] {dag.py:3823} INFO - Setting next_dagrun for example_short_circuit_operator to 2024-03-01 00:00:00+00:00, run_after=2024-03-02 00:00:00+00:00
[2024-03-02T13:34:32.762+0530] {processor.py:183} INFO - Processing /home/lucky/.local/lib/python3.10/site-packages/airflow/example_dags/example_short_circuit_operator.py took 0.180 seconds
[2024-03-02T13:35:33.156+0530] {processor.py:161} INFO - Started process (PID=17879) to work on /home/lucky/.local/lib/python3.10/site-packages/airflow/example_dags/example_short_circuit_operator.py
[2024-03-02T13:35:33.160+0530] {processor.py:830} INFO - Processing file /home/lucky/.local/lib/python3.10/site-packages/airflow/example_dags/example_short_circuit_operator.py for tasks to queue
[2024-03-02T13:35:33.163+0530] {logging_mixin.py:188} INFO - [2024-03-02T13:35:33.161+0530] {dagbag.py:538} INFO - Filling up the DagBag from /home/lucky/.local/lib/python3.10/site-packages/airflow/example_dags/example_short_circuit_operator.py
[2024-03-02T13:35:33.186+0530] {processor.py:840} INFO - DAG(s) 'example_short_circuit_operator' retrieved from /home/lucky/.local/lib/python3.10/site-packages/airflow/example_dags/example_short_circuit_operator.py
[2024-03-02T13:35:33.284+0530] {logging_mixin.py:188} INFO - [2024-03-02T13:35:33.283+0530] {dag.py:3036} INFO - Sync 1 DAGs
[2024-03-02T13:35:33.356+0530] {logging_mixin.py:188} INFO - [2024-03-02T13:35:33.355+0530] {dag.py:3823} INFO - Setting next_dagrun for example_short_circuit_operator to 2024-03-01 00:00:00+00:00, run_after=2024-03-02 00:00:00+00:00
[2024-03-02T13:35:33.428+0530] {processor.py:183} INFO - Processing /home/lucky/.local/lib/python3.10/site-packages/airflow/example_dags/example_short_circuit_operator.py took 0.279 seconds
[2024-03-02T13:37:30.005+0530] {processor.py:161} INFO - Started process (PID=19237) to work on /home/lucky/.local/lib/python3.10/site-packages/airflow/example_dags/example_short_circuit_operator.py
[2024-03-02T13:37:30.020+0530] {processor.py:830} INFO - Processing file /home/lucky/.local/lib/python3.10/site-packages/airflow/example_dags/example_short_circuit_operator.py for tasks to queue
[2024-03-02T13:37:30.023+0530] {logging_mixin.py:188} INFO - [2024-03-02T13:37:30.022+0530] {dagbag.py:538} INFO - Filling up the DagBag from /home/lucky/.local/lib/python3.10/site-packages/airflow/example_dags/example_short_circuit_operator.py
[2024-03-02T13:37:30.072+0530] {processor.py:840} INFO - DAG(s) 'example_short_circuit_operator' retrieved from /home/lucky/.local/lib/python3.10/site-packages/airflow/example_dags/example_short_circuit_operator.py
[2024-03-02T13:37:30.156+0530] {logging_mixin.py:188} INFO - [2024-03-02T13:37:30.155+0530] {dag.py:3036} INFO - Sync 1 DAGs
[2024-03-02T13:37:30.253+0530] {logging_mixin.py:188} INFO - [2024-03-02T13:37:30.252+0530] {dag.py:3823} INFO - Setting next_dagrun for example_short_circuit_operator to 2024-03-01 00:00:00+00:00, run_after=2024-03-02 00:00:00+00:00
[2024-03-02T13:37:30.349+0530] {processor.py:183} INFO - Processing /home/lucky/.local/lib/python3.10/site-packages/airflow/example_dags/example_short_circuit_operator.py took 0.354 seconds
[2024-03-02T16:15:14.306+0530] {processor.py:161} INFO - Started process (PID=121037) to work on /home/lucky/.local/lib/python3.10/site-packages/airflow/example_dags/example_short_circuit_operator.py
[2024-03-02T16:15:14.309+0530] {processor.py:830} INFO - Processing file /home/lucky/.local/lib/python3.10/site-packages/airflow/example_dags/example_short_circuit_operator.py for tasks to queue
[2024-03-02T16:15:14.310+0530] {logging_mixin.py:188} INFO - [2024-03-02T16:15:14.309+0530] {dagbag.py:538} INFO - Filling up the DagBag from /home/lucky/.local/lib/python3.10/site-packages/airflow/example_dags/example_short_circuit_operator.py
[2024-03-02T16:15:14.323+0530] {processor.py:840} INFO - DAG(s) 'example_short_circuit_operator' retrieved from /home/lucky/.local/lib/python3.10/site-packages/airflow/example_dags/example_short_circuit_operator.py
[2024-03-02T16:15:14.351+0530] {logging_mixin.py:188} INFO - [2024-03-02T16:15:14.351+0530] {dag.py:3036} INFO - Sync 1 DAGs
[2024-03-02T16:15:14.388+0530] {logging_mixin.py:188} INFO - [2024-03-02T16:15:14.388+0530] {dag.py:3823} INFO - Setting next_dagrun for example_short_circuit_operator to 2024-03-01 00:00:00+00:00, run_after=2024-03-02 00:00:00+00:00
[2024-03-02T16:15:14.435+0530] {processor.py:183} INFO - Processing /home/lucky/.local/lib/python3.10/site-packages/airflow/example_dags/example_short_circuit_operator.py took 0.135 seconds
[2024-03-02T16:16:12.364+0530] {processor.py:161} INFO - Started process (PID=121864) to work on /home/lucky/.local/lib/python3.10/site-packages/airflow/example_dags/example_short_circuit_operator.py
[2024-03-02T16:16:12.366+0530] {processor.py:830} INFO - Processing file /home/lucky/.local/lib/python3.10/site-packages/airflow/example_dags/example_short_circuit_operator.py for tasks to queue
[2024-03-02T16:16:12.367+0530] {logging_mixin.py:188} INFO - [2024-03-02T16:16:12.366+0530] {dagbag.py:538} INFO - Filling up the DagBag from /home/lucky/.local/lib/python3.10/site-packages/airflow/example_dags/example_short_circuit_operator.py
[2024-03-02T16:16:12.375+0530] {processor.py:840} INFO - DAG(s) 'example_short_circuit_operator' retrieved from /home/lucky/.local/lib/python3.10/site-packages/airflow/example_dags/example_short_circuit_operator.py
[2024-03-02T16:16:12.394+0530] {logging_mixin.py:188} INFO - [2024-03-02T16:16:12.394+0530] {dag.py:3036} INFO - Sync 1 DAGs
[2024-03-02T16:16:12.415+0530] {logging_mixin.py:188} INFO - [2024-03-02T16:16:12.415+0530] {dag.py:3823} INFO - Setting next_dagrun for example_short_circuit_operator to 2024-03-01 00:00:00+00:00, run_after=2024-03-02 00:00:00+00:00
[2024-03-02T16:16:12.441+0530] {processor.py:183} INFO - Processing /home/lucky/.local/lib/python3.10/site-packages/airflow/example_dags/example_short_circuit_operator.py took 0.081 seconds
[2024-03-02T16:17:02.031+0530] {processor.py:161} INFO - Started process (PID=122457) to work on /home/lucky/.local/lib/python3.10/site-packages/airflow/example_dags/example_short_circuit_operator.py
[2024-03-02T16:17:02.033+0530] {processor.py:830} INFO - Processing file /home/lucky/.local/lib/python3.10/site-packages/airflow/example_dags/example_short_circuit_operator.py for tasks to queue
[2024-03-02T16:17:02.035+0530] {logging_mixin.py:188} INFO - [2024-03-02T16:17:02.034+0530] {dagbag.py:538} INFO - Filling up the DagBag from /home/lucky/.local/lib/python3.10/site-packages/airflow/example_dags/example_short_circuit_operator.py
[2024-03-02T16:17:02.046+0530] {processor.py:840} INFO - DAG(s) 'example_short_circuit_operator' retrieved from /home/lucky/.local/lib/python3.10/site-packages/airflow/example_dags/example_short_circuit_operator.py
[2024-03-02T16:17:02.072+0530] {logging_mixin.py:188} INFO - [2024-03-02T16:17:02.071+0530] {dag.py:3036} INFO - Sync 1 DAGs
[2024-03-02T16:17:02.097+0530] {logging_mixin.py:188} INFO - [2024-03-02T16:17:02.097+0530] {dag.py:3823} INFO - Setting next_dagrun for example_short_circuit_operator to 2024-03-01 00:00:00+00:00, run_after=2024-03-02 00:00:00+00:00
[2024-03-02T16:17:02.126+0530] {processor.py:183} INFO - Processing /home/lucky/.local/lib/python3.10/site-packages/airflow/example_dags/example_short_circuit_operator.py took 0.098 seconds
[2024-03-02T16:18:21.565+0530] {processor.py:161} INFO - Started process (PID=123518) to work on /home/lucky/.local/lib/python3.10/site-packages/airflow/example_dags/example_short_circuit_operator.py
[2024-03-02T16:18:21.567+0530] {processor.py:830} INFO - Processing file /home/lucky/.local/lib/python3.10/site-packages/airflow/example_dags/example_short_circuit_operator.py for tasks to queue
[2024-03-02T16:18:21.568+0530] {logging_mixin.py:188} INFO - [2024-03-02T16:18:21.568+0530] {dagbag.py:538} INFO - Filling up the DagBag from /home/lucky/.local/lib/python3.10/site-packages/airflow/example_dags/example_short_circuit_operator.py
[2024-03-02T16:18:21.579+0530] {processor.py:840} INFO - DAG(s) 'example_short_circuit_operator' retrieved from /home/lucky/.local/lib/python3.10/site-packages/airflow/example_dags/example_short_circuit_operator.py
[2024-03-02T16:18:21.603+0530] {logging_mixin.py:188} INFO - [2024-03-02T16:18:21.602+0530] {dag.py:3036} INFO - Sync 1 DAGs
[2024-03-02T16:18:21.628+0530] {logging_mixin.py:188} INFO - [2024-03-02T16:18:21.627+0530] {dag.py:3823} INFO - Setting next_dagrun for example_short_circuit_operator to 2024-03-01 00:00:00+00:00, run_after=2024-03-02 00:00:00+00:00
[2024-03-02T16:18:21.663+0530] {processor.py:183} INFO - Processing /home/lucky/.local/lib/python3.10/site-packages/airflow/example_dags/example_short_circuit_operator.py took 0.105 seconds
[2024-03-02T16:20:33.139+0530] {processor.py:161} INFO - Started process (PID=125371) to work on /home/lucky/.local/lib/python3.10/site-packages/airflow/example_dags/example_short_circuit_operator.py
[2024-03-02T16:20:33.140+0530] {processor.py:830} INFO - Processing file /home/lucky/.local/lib/python3.10/site-packages/airflow/example_dags/example_short_circuit_operator.py for tasks to queue
[2024-03-02T16:20:33.142+0530] {logging_mixin.py:188} INFO - [2024-03-02T16:20:33.141+0530] {dagbag.py:538} INFO - Filling up the DagBag from /home/lucky/.local/lib/python3.10/site-packages/airflow/example_dags/example_short_circuit_operator.py
[2024-03-02T16:20:33.151+0530] {processor.py:840} INFO - DAG(s) 'example_short_circuit_operator' retrieved from /home/lucky/.local/lib/python3.10/site-packages/airflow/example_dags/example_short_circuit_operator.py
[2024-03-02T16:20:33.175+0530] {logging_mixin.py:188} INFO - [2024-03-02T16:20:33.175+0530] {dag.py:3036} INFO - Sync 1 DAGs
[2024-03-02T16:20:33.199+0530] {logging_mixin.py:188} INFO - [2024-03-02T16:20:33.198+0530] {dag.py:3823} INFO - Setting next_dagrun for example_short_circuit_operator to 2024-03-01 00:00:00+00:00, run_after=2024-03-02 00:00:00+00:00
[2024-03-02T16:20:33.225+0530] {processor.py:183} INFO - Processing /home/lucky/.local/lib/python3.10/site-packages/airflow/example_dags/example_short_circuit_operator.py took 0.091 seconds
[2024-03-02T16:21:26.973+0530] {processor.py:161} INFO - Started process (PID=125998) to work on /home/lucky/.local/lib/python3.10/site-packages/airflow/example_dags/example_short_circuit_operator.py
[2024-03-02T16:21:26.974+0530] {processor.py:830} INFO - Processing file /home/lucky/.local/lib/python3.10/site-packages/airflow/example_dags/example_short_circuit_operator.py for tasks to queue
[2024-03-02T16:21:26.975+0530] {logging_mixin.py:188} INFO - [2024-03-02T16:21:26.975+0530] {dagbag.py:538} INFO - Filling up the DagBag from /home/lucky/.local/lib/python3.10/site-packages/airflow/example_dags/example_short_circuit_operator.py
[2024-03-02T16:21:26.983+0530] {processor.py:840} INFO - DAG(s) 'example_short_circuit_operator' retrieved from /home/lucky/.local/lib/python3.10/site-packages/airflow/example_dags/example_short_circuit_operator.py
[2024-03-02T16:21:27.000+0530] {logging_mixin.py:188} INFO - [2024-03-02T16:21:27.000+0530] {dag.py:3036} INFO - Sync 1 DAGs
[2024-03-02T16:21:27.020+0530] {logging_mixin.py:188} INFO - [2024-03-02T16:21:27.019+0530] {dag.py:3823} INFO - Setting next_dagrun for example_short_circuit_operator to 2024-03-01 00:00:00+00:00, run_after=2024-03-02 00:00:00+00:00
[2024-03-02T16:21:27.043+0530] {processor.py:183} INFO - Processing /home/lucky/.local/lib/python3.10/site-packages/airflow/example_dags/example_short_circuit_operator.py took 0.073 seconds
[2024-03-02T16:22:12.140+0530] {processor.py:161} INFO - Started process (PID=126701) to work on /home/lucky/.local/lib/python3.10/site-packages/airflow/example_dags/example_short_circuit_operator.py
[2024-03-02T16:22:12.142+0530] {processor.py:830} INFO - Processing file /home/lucky/.local/lib/python3.10/site-packages/airflow/example_dags/example_short_circuit_operator.py for tasks to queue
[2024-03-02T16:22:12.143+0530] {logging_mixin.py:188} INFO - [2024-03-02T16:22:12.142+0530] {dagbag.py:538} INFO - Filling up the DagBag from /home/lucky/.local/lib/python3.10/site-packages/airflow/example_dags/example_short_circuit_operator.py
[2024-03-02T16:22:12.154+0530] {processor.py:840} INFO - DAG(s) 'example_short_circuit_operator' retrieved from /home/lucky/.local/lib/python3.10/site-packages/airflow/example_dags/example_short_circuit_operator.py
[2024-03-02T16:22:12.176+0530] {logging_mixin.py:188} INFO - [2024-03-02T16:22:12.176+0530] {dag.py:3036} INFO - Sync 1 DAGs
[2024-03-02T16:22:12.214+0530] {logging_mixin.py:188} INFO - [2024-03-02T16:22:12.214+0530] {dag.py:3823} INFO - Setting next_dagrun for example_short_circuit_operator to 2024-03-01 00:00:00+00:00, run_after=2024-03-02 00:00:00+00:00
[2024-03-02T16:22:12.250+0530] {processor.py:183} INFO - Processing /home/lucky/.local/lib/python3.10/site-packages/airflow/example_dags/example_short_circuit_operator.py took 0.113 seconds
[2024-03-02T16:23:12.260+0530] {processor.py:161} INFO - Started process (PID=127364) to work on /home/lucky/.local/lib/python3.10/site-packages/airflow/example_dags/example_short_circuit_operator.py
[2024-03-02T16:23:12.262+0530] {processor.py:830} INFO - Processing file /home/lucky/.local/lib/python3.10/site-packages/airflow/example_dags/example_short_circuit_operator.py for tasks to queue
[2024-03-02T16:23:12.263+0530] {logging_mixin.py:188} INFO - [2024-03-02T16:23:12.262+0530] {dagbag.py:538} INFO - Filling up the DagBag from /home/lucky/.local/lib/python3.10/site-packages/airflow/example_dags/example_short_circuit_operator.py
[2024-03-02T16:23:12.274+0530] {processor.py:840} INFO - DAG(s) 'example_short_circuit_operator' retrieved from /home/lucky/.local/lib/python3.10/site-packages/airflow/example_dags/example_short_circuit_operator.py
[2024-03-02T16:23:12.303+0530] {logging_mixin.py:188} INFO - [2024-03-02T16:23:12.303+0530] {dag.py:3036} INFO - Sync 1 DAGs
[2024-03-02T16:23:12.331+0530] {logging_mixin.py:188} INFO - [2024-03-02T16:23:12.330+0530] {dag.py:3823} INFO - Setting next_dagrun for example_short_circuit_operator to 2024-03-01 00:00:00+00:00, run_after=2024-03-02 00:00:00+00:00
[2024-03-02T16:23:12.366+0530] {processor.py:183} INFO - Processing /home/lucky/.local/lib/python3.10/site-packages/airflow/example_dags/example_short_circuit_operator.py took 0.110 seconds
[2024-03-02T16:32:35.479+0530] {processor.py:161} INFO - Started process (PID=134746) to work on /home/lucky/.local/lib/python3.10/site-packages/airflow/example_dags/example_short_circuit_operator.py
[2024-03-02T16:32:35.481+0530] {processor.py:830} INFO - Processing file /home/lucky/.local/lib/python3.10/site-packages/airflow/example_dags/example_short_circuit_operator.py for tasks to queue
[2024-03-02T16:32:35.483+0530] {logging_mixin.py:188} INFO - [2024-03-02T16:32:35.482+0530] {dagbag.py:538} INFO - Filling up the DagBag from /home/lucky/.local/lib/python3.10/site-packages/airflow/example_dags/example_short_circuit_operator.py
[2024-03-02T16:32:35.503+0530] {processor.py:840} INFO - DAG(s) 'example_short_circuit_operator' retrieved from /home/lucky/.local/lib/python3.10/site-packages/airflow/example_dags/example_short_circuit_operator.py
[2024-03-02T16:32:35.542+0530] {logging_mixin.py:188} INFO - [2024-03-02T16:32:35.542+0530] {dag.py:3036} INFO - Sync 1 DAGs
[2024-03-02T16:32:35.619+0530] {logging_mixin.py:188} INFO - [2024-03-02T16:32:35.618+0530] {dag.py:3823} INFO - Setting next_dagrun for example_short_circuit_operator to 2024-03-01 00:00:00+00:00, run_after=2024-03-02 00:00:00+00:00
[2024-03-02T16:32:35.687+0530] {processor.py:183} INFO - Processing /home/lucky/.local/lib/python3.10/site-packages/airflow/example_dags/example_short_circuit_operator.py took 0.213 seconds
[2024-03-02T16:33:26.680+0530] {processor.py:161} INFO - Started process (PID=135460) to work on /home/lucky/.local/lib/python3.10/site-packages/airflow/example_dags/example_short_circuit_operator.py
[2024-03-02T16:33:26.681+0530] {processor.py:830} INFO - Processing file /home/lucky/.local/lib/python3.10/site-packages/airflow/example_dags/example_short_circuit_operator.py for tasks to queue
[2024-03-02T16:33:26.682+0530] {logging_mixin.py:188} INFO - [2024-03-02T16:33:26.682+0530] {dagbag.py:538} INFO - Filling up the DagBag from /home/lucky/.local/lib/python3.10/site-packages/airflow/example_dags/example_short_circuit_operator.py
[2024-03-02T16:33:26.691+0530] {processor.py:840} INFO - DAG(s) 'example_short_circuit_operator' retrieved from /home/lucky/.local/lib/python3.10/site-packages/airflow/example_dags/example_short_circuit_operator.py
[2024-03-02T16:33:26.713+0530] {logging_mixin.py:188} INFO - [2024-03-02T16:33:26.713+0530] {dag.py:3036} INFO - Sync 1 DAGs
[2024-03-02T16:33:26.740+0530] {logging_mixin.py:188} INFO - [2024-03-02T16:33:26.739+0530] {dag.py:3823} INFO - Setting next_dagrun for example_short_circuit_operator to 2024-03-01 00:00:00+00:00, run_after=2024-03-02 00:00:00+00:00
[2024-03-02T16:33:26.765+0530] {processor.py:183} INFO - Processing /home/lucky/.local/lib/python3.10/site-packages/airflow/example_dags/example_short_circuit_operator.py took 0.090 seconds
[2024-03-02T16:34:17.461+0530] {processor.py:161} INFO - Started process (PID=136267) to work on /home/lucky/.local/lib/python3.10/site-packages/airflow/example_dags/example_short_circuit_operator.py
[2024-03-02T16:34:17.463+0530] {processor.py:830} INFO - Processing file /home/lucky/.local/lib/python3.10/site-packages/airflow/example_dags/example_short_circuit_operator.py for tasks to queue
[2024-03-02T16:34:17.464+0530] {logging_mixin.py:188} INFO - [2024-03-02T16:34:17.463+0530] {dagbag.py:538} INFO - Filling up the DagBag from /home/lucky/.local/lib/python3.10/site-packages/airflow/example_dags/example_short_circuit_operator.py
[2024-03-02T16:34:17.472+0530] {processor.py:840} INFO - DAG(s) 'example_short_circuit_operator' retrieved from /home/lucky/.local/lib/python3.10/site-packages/airflow/example_dags/example_short_circuit_operator.py
[2024-03-02T16:34:17.504+0530] {logging_mixin.py:188} INFO - [2024-03-02T16:34:17.503+0530] {dag.py:3036} INFO - Sync 1 DAGs
[2024-03-02T16:34:17.545+0530] {logging_mixin.py:188} INFO - [2024-03-02T16:34:17.545+0530] {dag.py:3823} INFO - Setting next_dagrun for example_short_circuit_operator to 2024-03-01 00:00:00+00:00, run_after=2024-03-02 00:00:00+00:00
[2024-03-02T16:34:17.580+0530] {processor.py:183} INFO - Processing /home/lucky/.local/lib/python3.10/site-packages/airflow/example_dags/example_short_circuit_operator.py took 0.122 seconds
[2024-03-02T16:34:57.827+0530] {processor.py:161} INFO - Started process (PID=136722) to work on /home/lucky/.local/lib/python3.10/site-packages/airflow/example_dags/example_short_circuit_operator.py
[2024-03-02T16:34:57.829+0530] {processor.py:830} INFO - Processing file /home/lucky/.local/lib/python3.10/site-packages/airflow/example_dags/example_short_circuit_operator.py for tasks to queue
[2024-03-02T16:34:57.830+0530] {logging_mixin.py:188} INFO - [2024-03-02T16:34:57.829+0530] {dagbag.py:538} INFO - Filling up the DagBag from /home/lucky/.local/lib/python3.10/site-packages/airflow/example_dags/example_short_circuit_operator.py
[2024-03-02T16:34:57.839+0530] {processor.py:840} INFO - DAG(s) 'example_short_circuit_operator' retrieved from /home/lucky/.local/lib/python3.10/site-packages/airflow/example_dags/example_short_circuit_operator.py
[2024-03-02T16:34:57.864+0530] {logging_mixin.py:188} INFO - [2024-03-02T16:34:57.864+0530] {dag.py:3036} INFO - Sync 1 DAGs
[2024-03-02T16:34:57.889+0530] {logging_mixin.py:188} INFO - [2024-03-02T16:34:57.888+0530] {dag.py:3823} INFO - Setting next_dagrun for example_short_circuit_operator to 2024-03-01 00:00:00+00:00, run_after=2024-03-02 00:00:00+00:00
[2024-03-02T16:34:57.915+0530] {processor.py:183} INFO - Processing /home/lucky/.local/lib/python3.10/site-packages/airflow/example_dags/example_short_circuit_operator.py took 0.092 seconds
[2024-03-02T16:35:38.134+0530] {processor.py:161} INFO - Started process (PID=137272) to work on /home/lucky/.local/lib/python3.10/site-packages/airflow/example_dags/example_short_circuit_operator.py
[2024-03-02T16:35:38.136+0530] {processor.py:830} INFO - Processing file /home/lucky/.local/lib/python3.10/site-packages/airflow/example_dags/example_short_circuit_operator.py for tasks to queue
[2024-03-02T16:35:38.138+0530] {logging_mixin.py:188} INFO - [2024-03-02T16:35:38.138+0530] {dagbag.py:538} INFO - Filling up the DagBag from /home/lucky/.local/lib/python3.10/site-packages/airflow/example_dags/example_short_circuit_operator.py
[2024-03-02T16:35:38.152+0530] {processor.py:840} INFO - DAG(s) 'example_short_circuit_operator' retrieved from /home/lucky/.local/lib/python3.10/site-packages/airflow/example_dags/example_short_circuit_operator.py
[2024-03-02T16:35:38.183+0530] {logging_mixin.py:188} INFO - [2024-03-02T16:35:38.183+0530] {dag.py:3036} INFO - Sync 1 DAGs
[2024-03-02T16:35:38.221+0530] {logging_mixin.py:188} INFO - [2024-03-02T16:35:38.221+0530] {dag.py:3823} INFO - Setting next_dagrun for example_short_circuit_operator to 2024-03-01 00:00:00+00:00, run_after=2024-03-02 00:00:00+00:00
[2024-03-02T16:35:38.262+0530] {processor.py:183} INFO - Processing /home/lucky/.local/lib/python3.10/site-packages/airflow/example_dags/example_short_circuit_operator.py took 0.133 seconds
[2024-03-02T16:36:18.841+0530] {processor.py:161} INFO - Started process (PID=137756) to work on /home/lucky/.local/lib/python3.10/site-packages/airflow/example_dags/example_short_circuit_operator.py
[2024-03-02T16:36:18.843+0530] {processor.py:830} INFO - Processing file /home/lucky/.local/lib/python3.10/site-packages/airflow/example_dags/example_short_circuit_operator.py for tasks to queue
[2024-03-02T16:36:18.844+0530] {logging_mixin.py:188} INFO - [2024-03-02T16:36:18.844+0530] {dagbag.py:538} INFO - Filling up the DagBag from /home/lucky/.local/lib/python3.10/site-packages/airflow/example_dags/example_short_circuit_operator.py
[2024-03-02T16:36:18.851+0530] {processor.py:840} INFO - DAG(s) 'example_short_circuit_operator' retrieved from /home/lucky/.local/lib/python3.10/site-packages/airflow/example_dags/example_short_circuit_operator.py
[2024-03-02T16:36:18.869+0530] {logging_mixin.py:188} INFO - [2024-03-02T16:36:18.869+0530] {dag.py:3036} INFO - Sync 1 DAGs
[2024-03-02T16:36:18.889+0530] {logging_mixin.py:188} INFO - [2024-03-02T16:36:18.889+0530] {dag.py:3823} INFO - Setting next_dagrun for example_short_circuit_operator to 2024-03-01 00:00:00+00:00, run_after=2024-03-02 00:00:00+00:00
[2024-03-02T16:36:18.930+0530] {processor.py:183} INFO - Processing /home/lucky/.local/lib/python3.10/site-packages/airflow/example_dags/example_short_circuit_operator.py took 0.092 seconds
[2024-03-02T16:36:59.371+0530] {processor.py:161} INFO - Started process (PID=138394) to work on /home/lucky/.local/lib/python3.10/site-packages/airflow/example_dags/example_short_circuit_operator.py
[2024-03-02T16:36:59.373+0530] {processor.py:830} INFO - Processing file /home/lucky/.local/lib/python3.10/site-packages/airflow/example_dags/example_short_circuit_operator.py for tasks to queue
[2024-03-02T16:36:59.374+0530] {logging_mixin.py:188} INFO - [2024-03-02T16:36:59.374+0530] {dagbag.py:538} INFO - Filling up the DagBag from /home/lucky/.local/lib/python3.10/site-packages/airflow/example_dags/example_short_circuit_operator.py
[2024-03-02T16:36:59.383+0530] {processor.py:840} INFO - DAG(s) 'example_short_circuit_operator' retrieved from /home/lucky/.local/lib/python3.10/site-packages/airflow/example_dags/example_short_circuit_operator.py
[2024-03-02T16:36:59.406+0530] {logging_mixin.py:188} INFO - [2024-03-02T16:36:59.406+0530] {dag.py:3036} INFO - Sync 1 DAGs
[2024-03-02T16:36:59.430+0530] {logging_mixin.py:188} INFO - [2024-03-02T16:36:59.430+0530] {dag.py:3823} INFO - Setting next_dagrun for example_short_circuit_operator to 2024-03-01 00:00:00+00:00, run_after=2024-03-02 00:00:00+00:00
[2024-03-02T16:36:59.459+0530] {processor.py:183} INFO - Processing /home/lucky/.local/lib/python3.10/site-packages/airflow/example_dags/example_short_circuit_operator.py took 0.093 seconds
