[2024-03-02T13:15:48.967+0530] {processor.py:161} INFO - Started process (PID=4062) to work on /home/lucky/.local/lib/python3.10/site-packages/airflow/example_dags/example_branch_python_dop_operator_3.py
[2024-03-02T13:15:48.969+0530] {processor.py:830} INFO - Processing file /home/lucky/.local/lib/python3.10/site-packages/airflow/example_dags/example_branch_python_dop_operator_3.py for tasks to queue
[2024-03-02T13:15:48.972+0530] {logging_mixin.py:188} INFO - [2024-03-02T13:15:48.971+0530] {dagbag.py:538} INFO - Filling up the DagBag from /home/lucky/.local/lib/python3.10/site-packages/airflow/example_dags/example_branch_python_dop_operator_3.py
[2024-03-02T13:15:48.994+0530] {processor.py:840} INFO - DAG(s) 'example_branch_dop_operator_v3' retrieved from /home/lucky/.local/lib/python3.10/site-packages/airflow/example_dags/example_branch_python_dop_operator_3.py
[2024-03-02T13:15:49.330+0530] {logging_mixin.py:188} INFO - [2024-03-02T13:15:49.330+0530] {dag.py:3036} INFO - Sync 1 DAGs
[2024-03-02T13:15:49.444+0530] {logging_mixin.py:188} INFO - [2024-03-02T13:15:49.443+0530] {dag.py:3823} INFO - Setting next_dagrun for example_branch_dop_operator_v3 to 2024-03-02 07:44:00+00:00, run_after=2024-03-02 07:45:00+00:00
[2024-03-02T13:15:49.572+0530] {processor.py:183} INFO - Processing /home/lucky/.local/lib/python3.10/site-packages/airflow/example_dags/example_branch_python_dop_operator_3.py took 0.613 seconds
[2024-03-02T13:16:57.247+0530] {processor.py:161} INFO - Started process (PID=4633) to work on /home/lucky/.local/lib/python3.10/site-packages/airflow/example_dags/example_branch_python_dop_operator_3.py
[2024-03-02T13:16:57.261+0530] {processor.py:830} INFO - Processing file /home/lucky/.local/lib/python3.10/site-packages/airflow/example_dags/example_branch_python_dop_operator_3.py for tasks to queue
[2024-03-02T13:16:57.264+0530] {logging_mixin.py:188} INFO - [2024-03-02T13:16:57.263+0530] {dagbag.py:538} INFO - Filling up the DagBag from /home/lucky/.local/lib/python3.10/site-packages/airflow/example_dags/example_branch_python_dop_operator_3.py
[2024-03-02T13:16:57.288+0530] {processor.py:840} INFO - DAG(s) 'example_branch_dop_operator_v3' retrieved from /home/lucky/.local/lib/python3.10/site-packages/airflow/example_dags/example_branch_python_dop_operator_3.py
[2024-03-02T13:16:57.317+0530] {logging_mixin.py:188} INFO - [2024-03-02T13:16:57.316+0530] {dag.py:3036} INFO - Sync 1 DAGs
[2024-03-02T13:16:57.369+0530] {logging_mixin.py:188} INFO - [2024-03-02T13:16:57.368+0530] {dag.py:3823} INFO - Setting next_dagrun for example_branch_dop_operator_v3 to 2024-03-02 07:45:00+00:00, run_after=2024-03-02 07:46:00+00:00
[2024-03-02T13:16:57.454+0530] {processor.py:183} INFO - Processing /home/lucky/.local/lib/python3.10/site-packages/airflow/example_dags/example_branch_python_dop_operator_3.py took 0.212 seconds
[2024-03-02T13:17:56.620+0530] {processor.py:161} INFO - Started process (PID=5512) to work on /home/lucky/.local/lib/python3.10/site-packages/airflow/example_dags/example_branch_python_dop_operator_3.py
[2024-03-02T13:17:56.634+0530] {processor.py:830} INFO - Processing file /home/lucky/.local/lib/python3.10/site-packages/airflow/example_dags/example_branch_python_dop_operator_3.py for tasks to queue
[2024-03-02T13:17:56.636+0530] {logging_mixin.py:188} INFO - [2024-03-02T13:17:56.635+0530] {dagbag.py:538} INFO - Filling up the DagBag from /home/lucky/.local/lib/python3.10/site-packages/airflow/example_dags/example_branch_python_dop_operator_3.py
[2024-03-02T13:17:56.656+0530] {processor.py:840} INFO - DAG(s) 'example_branch_dop_operator_v3' retrieved from /home/lucky/.local/lib/python3.10/site-packages/airflow/example_dags/example_branch_python_dop_operator_3.py
[2024-03-02T13:17:56.710+0530] {logging_mixin.py:188} INFO - [2024-03-02T13:17:56.709+0530] {dag.py:3036} INFO - Sync 1 DAGs
[2024-03-02T13:17:56.771+0530] {logging_mixin.py:188} INFO - [2024-03-02T13:17:56.771+0530] {dag.py:3823} INFO - Setting next_dagrun for example_branch_dop_operator_v3 to 2024-03-02 07:46:00+00:00, run_after=2024-03-02 07:47:00+00:00
[2024-03-02T13:17:56.858+0530] {processor.py:183} INFO - Processing /home/lucky/.local/lib/python3.10/site-packages/airflow/example_dags/example_branch_python_dop_operator_3.py took 0.243 seconds
[2024-03-02T13:18:56.461+0530] {processor.py:161} INFO - Started process (PID=5991) to work on /home/lucky/.local/lib/python3.10/site-packages/airflow/example_dags/example_branch_python_dop_operator_3.py
[2024-03-02T13:18:56.464+0530] {processor.py:830} INFO - Processing file /home/lucky/.local/lib/python3.10/site-packages/airflow/example_dags/example_branch_python_dop_operator_3.py for tasks to queue
[2024-03-02T13:18:56.466+0530] {logging_mixin.py:188} INFO - [2024-03-02T13:18:56.465+0530] {dagbag.py:538} INFO - Filling up the DagBag from /home/lucky/.local/lib/python3.10/site-packages/airflow/example_dags/example_branch_python_dop_operator_3.py
[2024-03-02T13:18:56.488+0530] {processor.py:840} INFO - DAG(s) 'example_branch_dop_operator_v3' retrieved from /home/lucky/.local/lib/python3.10/site-packages/airflow/example_dags/example_branch_python_dop_operator_3.py
[2024-03-02T13:18:56.516+0530] {logging_mixin.py:188} INFO - [2024-03-02T13:18:56.515+0530] {dag.py:3036} INFO - Sync 1 DAGs
[2024-03-02T13:18:56.559+0530] {logging_mixin.py:188} INFO - [2024-03-02T13:18:56.559+0530] {dag.py:3823} INFO - Setting next_dagrun for example_branch_dop_operator_v3 to 2024-03-02 07:47:00+00:00, run_after=2024-03-02 07:48:00+00:00
[2024-03-02T13:18:56.611+0530] {processor.py:183} INFO - Processing /home/lucky/.local/lib/python3.10/site-packages/airflow/example_dags/example_branch_python_dop_operator_3.py took 0.155 seconds
[2024-03-02T13:19:54.306+0530] {processor.py:161} INFO - Started process (PID=6890) to work on /home/lucky/.local/lib/python3.10/site-packages/airflow/example_dags/example_branch_python_dop_operator_3.py
[2024-03-02T13:19:54.320+0530] {processor.py:830} INFO - Processing file /home/lucky/.local/lib/python3.10/site-packages/airflow/example_dags/example_branch_python_dop_operator_3.py for tasks to queue
[2024-03-02T13:19:54.323+0530] {logging_mixin.py:188} INFO - [2024-03-02T13:19:54.322+0530] {dagbag.py:538} INFO - Filling up the DagBag from /home/lucky/.local/lib/python3.10/site-packages/airflow/example_dags/example_branch_python_dop_operator_3.py
[2024-03-02T13:19:54.348+0530] {processor.py:840} INFO - DAG(s) 'example_branch_dop_operator_v3' retrieved from /home/lucky/.local/lib/python3.10/site-packages/airflow/example_dags/example_branch_python_dop_operator_3.py
[2024-03-02T13:19:54.393+0530] {logging_mixin.py:188} INFO - [2024-03-02T13:19:54.392+0530] {dag.py:3036} INFO - Sync 1 DAGs
[2024-03-02T13:19:54.469+0530] {logging_mixin.py:188} INFO - [2024-03-02T13:19:54.469+0530] {dag.py:3823} INFO - Setting next_dagrun for example_branch_dop_operator_v3 to 2024-03-02 07:48:00+00:00, run_after=2024-03-02 07:49:00+00:00
[2024-03-02T13:19:54.528+0530] {processor.py:183} INFO - Processing /home/lucky/.local/lib/python3.10/site-packages/airflow/example_dags/example_branch_python_dop_operator_3.py took 0.227 seconds
[2024-03-02T13:20:53.474+0530] {processor.py:161} INFO - Started process (PID=7366) to work on /home/lucky/.local/lib/python3.10/site-packages/airflow/example_dags/example_branch_python_dop_operator_3.py
[2024-03-02T13:20:53.477+0530] {processor.py:830} INFO - Processing file /home/lucky/.local/lib/python3.10/site-packages/airflow/example_dags/example_branch_python_dop_operator_3.py for tasks to queue
[2024-03-02T13:20:53.479+0530] {logging_mixin.py:188} INFO - [2024-03-02T13:20:53.478+0530] {dagbag.py:538} INFO - Filling up the DagBag from /home/lucky/.local/lib/python3.10/site-packages/airflow/example_dags/example_branch_python_dop_operator_3.py
[2024-03-02T13:20:53.505+0530] {processor.py:840} INFO - DAG(s) 'example_branch_dop_operator_v3' retrieved from /home/lucky/.local/lib/python3.10/site-packages/airflow/example_dags/example_branch_python_dop_operator_3.py
[2024-03-02T13:20:53.558+0530] {logging_mixin.py:188} INFO - [2024-03-02T13:20:53.557+0530] {dag.py:3036} INFO - Sync 1 DAGs
[2024-03-02T13:20:53.674+0530] {logging_mixin.py:188} INFO - [2024-03-02T13:20:53.672+0530] {dag.py:3823} INFO - Setting next_dagrun for example_branch_dop_operator_v3 to 2024-03-02 07:49:00+00:00, run_after=2024-03-02 07:50:00+00:00
[2024-03-02T13:20:53.769+0530] {processor.py:183} INFO - Processing /home/lucky/.local/lib/python3.10/site-packages/airflow/example_dags/example_branch_python_dop_operator_3.py took 0.302 seconds
[2024-03-02T13:21:50.414+0530] {processor.py:161} INFO - Started process (PID=8296) to work on /home/lucky/.local/lib/python3.10/site-packages/airflow/example_dags/example_branch_python_dop_operator_3.py
[2024-03-02T13:21:50.427+0530] {processor.py:830} INFO - Processing file /home/lucky/.local/lib/python3.10/site-packages/airflow/example_dags/example_branch_python_dop_operator_3.py for tasks to queue
[2024-03-02T13:21:50.429+0530] {logging_mixin.py:188} INFO - [2024-03-02T13:21:50.428+0530] {dagbag.py:538} INFO - Filling up the DagBag from /home/lucky/.local/lib/python3.10/site-packages/airflow/example_dags/example_branch_python_dop_operator_3.py
[2024-03-02T13:21:50.444+0530] {processor.py:840} INFO - DAG(s) 'example_branch_dop_operator_v3' retrieved from /home/lucky/.local/lib/python3.10/site-packages/airflow/example_dags/example_branch_python_dop_operator_3.py
[2024-03-02T13:21:50.469+0530] {logging_mixin.py:188} INFO - [2024-03-02T13:21:50.469+0530] {dag.py:3036} INFO - Sync 1 DAGs
[2024-03-02T13:21:50.512+0530] {logging_mixin.py:188} INFO - [2024-03-02T13:21:50.512+0530] {dag.py:3823} INFO - Setting next_dagrun for example_branch_dop_operator_v3 to 2024-03-02 07:50:00+00:00, run_after=2024-03-02 07:51:00+00:00
[2024-03-02T13:21:50.570+0530] {processor.py:183} INFO - Processing /home/lucky/.local/lib/python3.10/site-packages/airflow/example_dags/example_branch_python_dop_operator_3.py took 0.160 seconds
[2024-03-02T13:22:51.676+0530] {processor.py:161} INFO - Started process (PID=8846) to work on /home/lucky/.local/lib/python3.10/site-packages/airflow/example_dags/example_branch_python_dop_operator_3.py
[2024-03-02T13:22:51.679+0530] {processor.py:830} INFO - Processing file /home/lucky/.local/lib/python3.10/site-packages/airflow/example_dags/example_branch_python_dop_operator_3.py for tasks to queue
[2024-03-02T13:22:51.682+0530] {logging_mixin.py:188} INFO - [2024-03-02T13:22:51.681+0530] {dagbag.py:538} INFO - Filling up the DagBag from /home/lucky/.local/lib/python3.10/site-packages/airflow/example_dags/example_branch_python_dop_operator_3.py
[2024-03-02T13:22:51.699+0530] {processor.py:840} INFO - DAG(s) 'example_branch_dop_operator_v3' retrieved from /home/lucky/.local/lib/python3.10/site-packages/airflow/example_dags/example_branch_python_dop_operator_3.py
[2024-03-02T13:22:51.729+0530] {logging_mixin.py:188} INFO - [2024-03-02T13:22:51.729+0530] {dag.py:3036} INFO - Sync 1 DAGs
[2024-03-02T13:22:51.790+0530] {logging_mixin.py:188} INFO - [2024-03-02T13:22:51.789+0530] {dag.py:3823} INFO - Setting next_dagrun for example_branch_dop_operator_v3 to 2024-03-02 07:51:00+00:00, run_after=2024-03-02 07:52:00+00:00
[2024-03-02T13:22:51.871+0530] {processor.py:183} INFO - Processing /home/lucky/.local/lib/python3.10/site-packages/airflow/example_dags/example_branch_python_dop_operator_3.py took 0.200 seconds
[2024-03-02T13:24:03.028+0530] {processor.py:161} INFO - Started process (PID=9774) to work on /home/lucky/.local/lib/python3.10/site-packages/airflow/example_dags/example_branch_python_dop_operator_3.py
[2024-03-02T13:24:03.032+0530] {processor.py:830} INFO - Processing file /home/lucky/.local/lib/python3.10/site-packages/airflow/example_dags/example_branch_python_dop_operator_3.py for tasks to queue
[2024-03-02T13:24:03.035+0530] {logging_mixin.py:188} INFO - [2024-03-02T13:24:03.034+0530] {dagbag.py:538} INFO - Filling up the DagBag from /home/lucky/.local/lib/python3.10/site-packages/airflow/example_dags/example_branch_python_dop_operator_3.py
[2024-03-02T13:24:03.064+0530] {processor.py:840} INFO - DAG(s) 'example_branch_dop_operator_v3' retrieved from /home/lucky/.local/lib/python3.10/site-packages/airflow/example_dags/example_branch_python_dop_operator_3.py
[2024-03-02T13:24:03.118+0530] {logging_mixin.py:188} INFO - [2024-03-02T13:24:03.117+0530] {dag.py:3036} INFO - Sync 1 DAGs
[2024-03-02T13:24:03.234+0530] {logging_mixin.py:188} INFO - [2024-03-02T13:24:03.232+0530] {dag.py:3823} INFO - Setting next_dagrun for example_branch_dop_operator_v3 to 2024-03-02 07:53:00+00:00, run_after=2024-03-02 07:54:00+00:00
[2024-03-02T13:24:03.354+0530] {processor.py:183} INFO - Processing /home/lucky/.local/lib/python3.10/site-packages/airflow/example_dags/example_branch_python_dop_operator_3.py took 0.334 seconds
[2024-03-02T13:25:07.442+0530] {processor.py:161} INFO - Started process (PID=10605) to work on /home/lucky/.local/lib/python3.10/site-packages/airflow/example_dags/example_branch_python_dop_operator_3.py
[2024-03-02T13:25:07.444+0530] {processor.py:830} INFO - Processing file /home/lucky/.local/lib/python3.10/site-packages/airflow/example_dags/example_branch_python_dop_operator_3.py for tasks to queue
[2024-03-02T13:25:07.445+0530] {logging_mixin.py:188} INFO - [2024-03-02T13:25:07.445+0530] {dagbag.py:538} INFO - Filling up the DagBag from /home/lucky/.local/lib/python3.10/site-packages/airflow/example_dags/example_branch_python_dop_operator_3.py
[2024-03-02T13:25:07.463+0530] {processor.py:840} INFO - DAG(s) 'example_branch_dop_operator_v3' retrieved from /home/lucky/.local/lib/python3.10/site-packages/airflow/example_dags/example_branch_python_dop_operator_3.py
[2024-03-02T13:25:07.492+0530] {logging_mixin.py:188} INFO - [2024-03-02T13:25:07.492+0530] {dag.py:3036} INFO - Sync 1 DAGs
[2024-03-02T13:25:07.553+0530] {logging_mixin.py:188} INFO - [2024-03-02T13:25:07.552+0530] {dag.py:3823} INFO - Setting next_dagrun for example_branch_dop_operator_v3 to 2024-03-02 07:54:00+00:00, run_after=2024-03-02 07:55:00+00:00
[2024-03-02T13:25:07.623+0530] {processor.py:183} INFO - Processing /home/lucky/.local/lib/python3.10/site-packages/airflow/example_dags/example_branch_python_dop_operator_3.py took 0.185 seconds
[2024-03-02T13:26:07.749+0530] {processor.py:161} INFO - Started process (PID=11266) to work on /home/lucky/.local/lib/python3.10/site-packages/airflow/example_dags/example_branch_python_dop_operator_3.py
[2024-03-02T13:26:07.763+0530] {processor.py:830} INFO - Processing file /home/lucky/.local/lib/python3.10/site-packages/airflow/example_dags/example_branch_python_dop_operator_3.py for tasks to queue
[2024-03-02T13:26:07.766+0530] {logging_mixin.py:188} INFO - [2024-03-02T13:26:07.765+0530] {dagbag.py:538} INFO - Filling up the DagBag from /home/lucky/.local/lib/python3.10/site-packages/airflow/example_dags/example_branch_python_dop_operator_3.py
[2024-03-02T13:26:07.784+0530] {processor.py:840} INFO - DAG(s) 'example_branch_dop_operator_v3' retrieved from /home/lucky/.local/lib/python3.10/site-packages/airflow/example_dags/example_branch_python_dop_operator_3.py
[2024-03-02T13:26:07.819+0530] {logging_mixin.py:188} INFO - [2024-03-02T13:26:07.818+0530] {dag.py:3036} INFO - Sync 1 DAGs
[2024-03-02T13:26:07.870+0530] {logging_mixin.py:188} INFO - [2024-03-02T13:26:07.869+0530] {dag.py:3823} INFO - Setting next_dagrun for example_branch_dop_operator_v3 to 2024-03-02 07:55:00+00:00, run_after=2024-03-02 07:56:00+00:00
[2024-03-02T13:26:07.928+0530] {processor.py:183} INFO - Processing /home/lucky/.local/lib/python3.10/site-packages/airflow/example_dags/example_branch_python_dop_operator_3.py took 0.184 seconds
[2024-03-02T13:27:08.021+0530] {processor.py:161} INFO - Started process (PID=12180) to work on /home/lucky/.local/lib/python3.10/site-packages/airflow/example_dags/example_branch_python_dop_operator_3.py
[2024-03-02T13:27:08.026+0530] {processor.py:830} INFO - Processing file /home/lucky/.local/lib/python3.10/site-packages/airflow/example_dags/example_branch_python_dop_operator_3.py for tasks to queue
[2024-03-02T13:27:08.028+0530] {logging_mixin.py:188} INFO - [2024-03-02T13:27:08.028+0530] {dagbag.py:538} INFO - Filling up the DagBag from /home/lucky/.local/lib/python3.10/site-packages/airflow/example_dags/example_branch_python_dop_operator_3.py
[2024-03-02T13:27:08.056+0530] {processor.py:840} INFO - DAG(s) 'example_branch_dop_operator_v3' retrieved from /home/lucky/.local/lib/python3.10/site-packages/airflow/example_dags/example_branch_python_dop_operator_3.py
[2024-03-02T13:27:08.087+0530] {logging_mixin.py:188} INFO - [2024-03-02T13:27:08.087+0530] {dag.py:3036} INFO - Sync 1 DAGs
[2024-03-02T13:27:08.135+0530] {logging_mixin.py:188} INFO - [2024-03-02T13:27:08.135+0530] {dag.py:3823} INFO - Setting next_dagrun for example_branch_dop_operator_v3 to 2024-03-02 07:56:00+00:00, run_after=2024-03-02 07:57:00+00:00
[2024-03-02T13:27:08.191+0530] {processor.py:183} INFO - Processing /home/lucky/.local/lib/python3.10/site-packages/airflow/example_dags/example_branch_python_dop_operator_3.py took 0.180 seconds
[2024-03-02T13:29:27.359+0530] {processor.py:161} INFO - Started process (PID=13690) to work on /home/lucky/.local/lib/python3.10/site-packages/airflow/example_dags/example_branch_python_dop_operator_3.py
[2024-03-02T13:29:27.372+0530] {processor.py:830} INFO - Processing file /home/lucky/.local/lib/python3.10/site-packages/airflow/example_dags/example_branch_python_dop_operator_3.py for tasks to queue
[2024-03-02T13:29:27.375+0530] {logging_mixin.py:188} INFO - [2024-03-02T13:29:27.374+0530] {dagbag.py:538} INFO - Filling up the DagBag from /home/lucky/.local/lib/python3.10/site-packages/airflow/example_dags/example_branch_python_dop_operator_3.py
[2024-03-02T13:29:27.392+0530] {processor.py:840} INFO - DAG(s) 'example_branch_dop_operator_v3' retrieved from /home/lucky/.local/lib/python3.10/site-packages/airflow/example_dags/example_branch_python_dop_operator_3.py
[2024-03-02T13:29:27.418+0530] {logging_mixin.py:188} INFO - [2024-03-02T13:29:27.418+0530] {dag.py:3036} INFO - Sync 1 DAGs
[2024-03-02T13:29:27.461+0530] {logging_mixin.py:188} INFO - [2024-03-02T13:29:27.460+0530] {dag.py:3823} INFO - Setting next_dagrun for example_branch_dop_operator_v3 to 2024-03-02 07:58:00+00:00, run_after=2024-03-02 07:59:00+00:00
[2024-03-02T13:29:27.511+0530] {processor.py:183} INFO - Processing /home/lucky/.local/lib/python3.10/site-packages/airflow/example_dags/example_branch_python_dop_operator_3.py took 0.157 seconds
[2024-03-02T13:35:00.728+0530] {processor.py:161} INFO - Started process (PID=17433) to work on /home/lucky/.local/lib/python3.10/site-packages/airflow/example_dags/example_branch_python_dop_operator_3.py
[2024-03-02T13:35:00.732+0530] {processor.py:830} INFO - Processing file /home/lucky/.local/lib/python3.10/site-packages/airflow/example_dags/example_branch_python_dop_operator_3.py for tasks to queue
[2024-03-02T13:35:00.736+0530] {logging_mixin.py:188} INFO - [2024-03-02T13:35:00.734+0530] {dagbag.py:538} INFO - Filling up the DagBag from /home/lucky/.local/lib/python3.10/site-packages/airflow/example_dags/example_branch_python_dop_operator_3.py
[2024-03-02T13:35:00.760+0530] {processor.py:840} INFO - DAG(s) 'example_branch_dop_operator_v3' retrieved from /home/lucky/.local/lib/python3.10/site-packages/airflow/example_dags/example_branch_python_dop_operator_3.py
[2024-03-02T13:35:00.809+0530] {logging_mixin.py:188} INFO - [2024-03-02T13:35:00.808+0530] {dag.py:3036} INFO - Sync 1 DAGs
[2024-03-02T13:35:00.884+0530] {logging_mixin.py:188} INFO - [2024-03-02T13:35:00.883+0530] {dag.py:3823} INFO - Setting next_dagrun for example_branch_dop_operator_v3 to 2024-03-02 08:04:00+00:00, run_after=2024-03-02 08:05:00+00:00
[2024-03-02T13:35:00.928+0530] {processor.py:183} INFO - Processing /home/lucky/.local/lib/python3.10/site-packages/airflow/example_dags/example_branch_python_dop_operator_3.py took 0.211 seconds
[2024-03-02T13:35:58.195+0530] {processor.py:161} INFO - Started process (PID=18056) to work on /home/lucky/.local/lib/python3.10/site-packages/airflow/example_dags/example_branch_python_dop_operator_3.py
[2024-03-02T13:35:58.199+0530] {processor.py:830} INFO - Processing file /home/lucky/.local/lib/python3.10/site-packages/airflow/example_dags/example_branch_python_dop_operator_3.py for tasks to queue
[2024-03-02T13:35:58.202+0530] {logging_mixin.py:188} INFO - [2024-03-02T13:35:58.201+0530] {dagbag.py:538} INFO - Filling up the DagBag from /home/lucky/.local/lib/python3.10/site-packages/airflow/example_dags/example_branch_python_dop_operator_3.py
[2024-03-02T13:35:58.243+0530] {processor.py:840} INFO - DAG(s) 'example_branch_dop_operator_v3' retrieved from /home/lucky/.local/lib/python3.10/site-packages/airflow/example_dags/example_branch_python_dop_operator_3.py
[2024-03-02T13:35:58.285+0530] {logging_mixin.py:188} INFO - [2024-03-02T13:35:58.284+0530] {dag.py:3036} INFO - Sync 1 DAGs
[2024-03-02T13:35:58.342+0530] {logging_mixin.py:188} INFO - [2024-03-02T13:35:58.341+0530] {dag.py:3823} INFO - Setting next_dagrun for example_branch_dop_operator_v3 to 2024-03-02 08:04:00+00:00, run_after=2024-03-02 08:05:00+00:00
[2024-03-02T13:35:58.412+0530] {processor.py:183} INFO - Processing /home/lucky/.local/lib/python3.10/site-packages/airflow/example_dags/example_branch_python_dop_operator_3.py took 0.226 seconds
[2024-03-02T13:37:57.760+0530] {processor.py:161} INFO - Started process (PID=19451) to work on /home/lucky/.local/lib/python3.10/site-packages/airflow/example_dags/example_branch_python_dop_operator_3.py
[2024-03-02T13:37:57.775+0530] {processor.py:830} INFO - Processing file /home/lucky/.local/lib/python3.10/site-packages/airflow/example_dags/example_branch_python_dop_operator_3.py for tasks to queue
[2024-03-02T13:37:57.778+0530] {logging_mixin.py:188} INFO - [2024-03-02T13:37:57.777+0530] {dagbag.py:538} INFO - Filling up the DagBag from /home/lucky/.local/lib/python3.10/site-packages/airflow/example_dags/example_branch_python_dop_operator_3.py
[2024-03-02T13:37:57.814+0530] {processor.py:840} INFO - DAG(s) 'example_branch_dop_operator_v3' retrieved from /home/lucky/.local/lib/python3.10/site-packages/airflow/example_dags/example_branch_python_dop_operator_3.py
[2024-03-02T13:37:57.858+0530] {logging_mixin.py:188} INFO - [2024-03-02T13:37:57.857+0530] {dag.py:3036} INFO - Sync 1 DAGs
[2024-03-02T13:37:57.919+0530] {logging_mixin.py:188} INFO - [2024-03-02T13:37:57.918+0530] {dag.py:3823} INFO - Setting next_dagrun for example_branch_dop_operator_v3 to 2024-03-02 08:06:00+00:00, run_after=2024-03-02 08:07:00+00:00
[2024-03-02T13:37:57.990+0530] {processor.py:183} INFO - Processing /home/lucky/.local/lib/python3.10/site-packages/airflow/example_dags/example_branch_python_dop_operator_3.py took 0.250 seconds
[2024-03-02T16:15:39.260+0530] {processor.py:161} INFO - Started process (PID=121282) to work on /home/lucky/.local/lib/python3.10/site-packages/airflow/example_dags/example_branch_python_dop_operator_3.py
[2024-03-02T16:15:39.266+0530] {processor.py:830} INFO - Processing file /home/lucky/.local/lib/python3.10/site-packages/airflow/example_dags/example_branch_python_dop_operator_3.py for tasks to queue
[2024-03-02T16:15:39.268+0530] {logging_mixin.py:188} INFO - [2024-03-02T16:15:39.267+0530] {dagbag.py:538} INFO - Filling up the DagBag from /home/lucky/.local/lib/python3.10/site-packages/airflow/example_dags/example_branch_python_dop_operator_3.py
[2024-03-02T16:15:39.292+0530] {processor.py:840} INFO - DAG(s) 'example_branch_dop_operator_v3' retrieved from /home/lucky/.local/lib/python3.10/site-packages/airflow/example_dags/example_branch_python_dop_operator_3.py
[2024-03-02T16:15:39.346+0530] {logging_mixin.py:188} INFO - [2024-03-02T16:15:39.345+0530] {dag.py:3036} INFO - Sync 1 DAGs
[2024-03-02T16:15:39.478+0530] {logging_mixin.py:188} INFO - [2024-03-02T16:15:39.477+0530] {dag.py:3823} INFO - Setting next_dagrun for example_branch_dop_operator_v3 to 2024-03-02 10:44:00+00:00, run_after=2024-03-02 10:45:00+00:00
[2024-03-02T16:15:39.527+0530] {processor.py:183} INFO - Processing /home/lucky/.local/lib/python3.10/site-packages/airflow/example_dags/example_branch_python_dop_operator_3.py took 0.275 seconds
[2024-03-02T16:16:35.164+0530] {processor.py:161} INFO - Started process (PID=122216) to work on /home/lucky/.local/lib/python3.10/site-packages/airflow/example_dags/example_branch_python_dop_operator_3.py
[2024-03-02T16:16:35.165+0530] {processor.py:830} INFO - Processing file /home/lucky/.local/lib/python3.10/site-packages/airflow/example_dags/example_branch_python_dop_operator_3.py for tasks to queue
[2024-03-02T16:16:35.167+0530] {logging_mixin.py:188} INFO - [2024-03-02T16:16:35.166+0530] {dagbag.py:538} INFO - Filling up the DagBag from /home/lucky/.local/lib/python3.10/site-packages/airflow/example_dags/example_branch_python_dop_operator_3.py
[2024-03-02T16:16:35.176+0530] {processor.py:840} INFO - DAG(s) 'example_branch_dop_operator_v3' retrieved from /home/lucky/.local/lib/python3.10/site-packages/airflow/example_dags/example_branch_python_dop_operator_3.py
[2024-03-02T16:16:35.191+0530] {logging_mixin.py:188} INFO - [2024-03-02T16:16:35.191+0530] {dag.py:3036} INFO - Sync 1 DAGs
[2024-03-02T16:16:35.215+0530] {logging_mixin.py:188} INFO - [2024-03-02T16:16:35.215+0530] {dag.py:3823} INFO - Setting next_dagrun for example_branch_dop_operator_v3 to 2024-03-02 10:45:00+00:00, run_after=2024-03-02 10:46:00+00:00
[2024-03-02T16:16:35.252+0530] {processor.py:183} INFO - Processing /home/lucky/.local/lib/python3.10/site-packages/airflow/example_dags/example_branch_python_dop_operator_3.py took 0.091 seconds
[2024-03-02T16:20:54.250+0530] {processor.py:161} INFO - Started process (PID=125702) to work on /home/lucky/.local/lib/python3.10/site-packages/airflow/example_dags/example_branch_python_dop_operator_3.py
[2024-03-02T16:20:54.252+0530] {processor.py:830} INFO - Processing file /home/lucky/.local/lib/python3.10/site-packages/airflow/example_dags/example_branch_python_dop_operator_3.py for tasks to queue
[2024-03-02T16:20:54.254+0530] {logging_mixin.py:188} INFO - [2024-03-02T16:20:54.253+0530] {dagbag.py:538} INFO - Filling up the DagBag from /home/lucky/.local/lib/python3.10/site-packages/airflow/example_dags/example_branch_python_dop_operator_3.py
[2024-03-02T16:20:54.271+0530] {processor.py:840} INFO - DAG(s) 'example_branch_dop_operator_v3' retrieved from /home/lucky/.local/lib/python3.10/site-packages/airflow/example_dags/example_branch_python_dop_operator_3.py
[2024-03-02T16:20:54.300+0530] {logging_mixin.py:188} INFO - [2024-03-02T16:20:54.300+0530] {dag.py:3036} INFO - Sync 1 DAGs
[2024-03-02T16:20:54.352+0530] {logging_mixin.py:188} INFO - [2024-03-02T16:20:54.352+0530] {dag.py:3823} INFO - Setting next_dagrun for example_branch_dop_operator_v3 to 2024-03-02 10:49:00+00:00, run_after=2024-03-02 10:50:00+00:00
[2024-03-02T16:20:54.401+0530] {processor.py:183} INFO - Processing /home/lucky/.local/lib/python3.10/site-packages/airflow/example_dags/example_branch_python_dop_operator_3.py took 0.157 seconds
[2024-03-02T16:21:48.170+0530] {processor.py:161} INFO - Started process (PID=126247) to work on /home/lucky/.local/lib/python3.10/site-packages/airflow/example_dags/example_branch_python_dop_operator_3.py
[2024-03-02T16:21:48.171+0530] {processor.py:830} INFO - Processing file /home/lucky/.local/lib/python3.10/site-packages/airflow/example_dags/example_branch_python_dop_operator_3.py for tasks to queue
[2024-03-02T16:21:48.173+0530] {logging_mixin.py:188} INFO - [2024-03-02T16:21:48.172+0530] {dagbag.py:538} INFO - Filling up the DagBag from /home/lucky/.local/lib/python3.10/site-packages/airflow/example_dags/example_branch_python_dop_operator_3.py
[2024-03-02T16:21:48.183+0530] {processor.py:840} INFO - DAG(s) 'example_branch_dop_operator_v3' retrieved from /home/lucky/.local/lib/python3.10/site-packages/airflow/example_dags/example_branch_python_dop_operator_3.py
[2024-03-02T16:21:48.199+0530] {logging_mixin.py:188} INFO - [2024-03-02T16:21:48.199+0530] {dag.py:3036} INFO - Sync 1 DAGs
[2024-03-02T16:21:48.225+0530] {logging_mixin.py:188} INFO - [2024-03-02T16:21:48.225+0530] {dag.py:3823} INFO - Setting next_dagrun for example_branch_dop_operator_v3 to 2024-03-02 10:50:00+00:00, run_after=2024-03-02 10:51:00+00:00
[2024-03-02T16:21:48.251+0530] {processor.py:183} INFO - Processing /home/lucky/.local/lib/python3.10/site-packages/airflow/example_dags/example_branch_python_dop_operator_3.py took 0.084 seconds
[2024-03-02T16:32:57.968+0530] {processor.py:161} INFO - Started process (PID=135063) to work on /home/lucky/.local/lib/python3.10/site-packages/airflow/example_dags/example_branch_python_dop_operator_3.py
[2024-03-02T16:32:57.970+0530] {processor.py:830} INFO - Processing file /home/lucky/.local/lib/python3.10/site-packages/airflow/example_dags/example_branch_python_dop_operator_3.py for tasks to queue
[2024-03-02T16:32:57.972+0530] {logging_mixin.py:188} INFO - [2024-03-02T16:32:57.971+0530] {dagbag.py:538} INFO - Filling up the DagBag from /home/lucky/.local/lib/python3.10/site-packages/airflow/example_dags/example_branch_python_dop_operator_3.py
[2024-03-02T16:32:57.987+0530] {processor.py:840} INFO - DAG(s) 'example_branch_dop_operator_v3' retrieved from /home/lucky/.local/lib/python3.10/site-packages/airflow/example_dags/example_branch_python_dop_operator_3.py
[2024-03-02T16:32:58.012+0530] {logging_mixin.py:188} INFO - [2024-03-02T16:32:58.011+0530] {dag.py:3036} INFO - Sync 1 DAGs
[2024-03-02T16:32:58.054+0530] {logging_mixin.py:188} INFO - [2024-03-02T16:32:58.054+0530] {dag.py:3823} INFO - Setting next_dagrun for example_branch_dop_operator_v3 to 2024-03-02 11:01:00+00:00, run_after=2024-03-02 11:02:00+00:00
[2024-03-02T16:32:58.092+0530] {processor.py:183} INFO - Processing /home/lucky/.local/lib/python3.10/site-packages/airflow/example_dags/example_branch_python_dop_operator_3.py took 0.128 seconds
[2024-03-02T16:33:48.719+0530] {processor.py:161} INFO - Started process (PID=135868) to work on /home/lucky/.local/lib/python3.10/site-packages/airflow/example_dags/example_branch_python_dop_operator_3.py
[2024-03-02T16:33:48.721+0530] {processor.py:830} INFO - Processing file /home/lucky/.local/lib/python3.10/site-packages/airflow/example_dags/example_branch_python_dop_operator_3.py for tasks to queue
[2024-03-02T16:33:48.722+0530] {logging_mixin.py:188} INFO - [2024-03-02T16:33:48.721+0530] {dagbag.py:538} INFO - Filling up the DagBag from /home/lucky/.local/lib/python3.10/site-packages/airflow/example_dags/example_branch_python_dop_operator_3.py
[2024-03-02T16:33:48.733+0530] {processor.py:840} INFO - DAG(s) 'example_branch_dop_operator_v3' retrieved from /home/lucky/.local/lib/python3.10/site-packages/airflow/example_dags/example_branch_python_dop_operator_3.py
[2024-03-02T16:33:48.754+0530] {logging_mixin.py:188} INFO - [2024-03-02T16:33:48.754+0530] {dag.py:3036} INFO - Sync 1 DAGs
[2024-03-02T16:33:48.803+0530] {logging_mixin.py:188} INFO - [2024-03-02T16:33:48.803+0530] {dag.py:3823} INFO - Setting next_dagrun for example_branch_dop_operator_v3 to 2024-03-02 11:02:00+00:00, run_after=2024-03-02 11:03:00+00:00
[2024-03-02T16:33:48.851+0530] {processor.py:183} INFO - Processing /home/lucky/.local/lib/python3.10/site-packages/airflow/example_dags/example_branch_python_dop_operator_3.py took 0.137 seconds
[2024-03-02T16:34:46.317+0530] {processor.py:161} INFO - Started process (PID=136522) to work on /home/lucky/.local/lib/python3.10/site-packages/airflow/example_dags/example_branch_python_dop_operator_3.py
[2024-03-02T16:34:46.321+0530] {processor.py:830} INFO - Processing file /home/lucky/.local/lib/python3.10/site-packages/airflow/example_dags/example_branch_python_dop_operator_3.py for tasks to queue
[2024-03-02T16:34:46.322+0530] {logging_mixin.py:188} INFO - [2024-03-02T16:34:46.322+0530] {dagbag.py:538} INFO - Filling up the DagBag from /home/lucky/.local/lib/python3.10/site-packages/airflow/example_dags/example_branch_python_dop_operator_3.py
[2024-03-02T16:34:46.330+0530] {processor.py:840} INFO - DAG(s) 'example_branch_dop_operator_v3' retrieved from /home/lucky/.local/lib/python3.10/site-packages/airflow/example_dags/example_branch_python_dop_operator_3.py
[2024-03-02T16:34:46.344+0530] {logging_mixin.py:188} INFO - [2024-03-02T16:34:46.344+0530] {dag.py:3036} INFO - Sync 1 DAGs
[2024-03-02T16:34:46.367+0530] {logging_mixin.py:188} INFO - [2024-03-02T16:34:46.367+0530] {dag.py:3823} INFO - Setting next_dagrun for example_branch_dop_operator_v3 to 2024-03-02 11:03:00+00:00, run_after=2024-03-02 11:04:00+00:00
[2024-03-02T16:34:46.390+0530] {processor.py:183} INFO - Processing /home/lucky/.local/lib/python3.10/site-packages/airflow/example_dags/example_branch_python_dop_operator_3.py took 0.075 seconds
[2024-03-02T16:35:46.375+0530] {processor.py:161} INFO - Started process (PID=137457) to work on /home/lucky/.local/lib/python3.10/site-packages/airflow/example_dags/example_branch_python_dop_operator_3.py
[2024-03-02T16:35:46.377+0530] {processor.py:830} INFO - Processing file /home/lucky/.local/lib/python3.10/site-packages/airflow/example_dags/example_branch_python_dop_operator_3.py for tasks to queue
[2024-03-02T16:35:46.378+0530] {logging_mixin.py:188} INFO - [2024-03-02T16:35:46.378+0530] {dagbag.py:538} INFO - Filling up the DagBag from /home/lucky/.local/lib/python3.10/site-packages/airflow/example_dags/example_branch_python_dop_operator_3.py
[2024-03-02T16:35:46.388+0530] {processor.py:840} INFO - DAG(s) 'example_branch_dop_operator_v3' retrieved from /home/lucky/.local/lib/python3.10/site-packages/airflow/example_dags/example_branch_python_dop_operator_3.py
[2024-03-02T16:35:46.404+0530] {logging_mixin.py:188} INFO - [2024-03-02T16:35:46.404+0530] {dag.py:3036} INFO - Sync 1 DAGs
[2024-03-02T16:35:46.429+0530] {logging_mixin.py:188} INFO - [2024-03-02T16:35:46.429+0530] {dag.py:3823} INFO - Setting next_dagrun for example_branch_dop_operator_v3 to 2024-03-02 11:04:00+00:00, run_after=2024-03-02 11:05:00+00:00
[2024-03-02T16:35:46.455+0530] {processor.py:183} INFO - Processing /home/lucky/.local/lib/python3.10/site-packages/airflow/example_dags/example_branch_python_dop_operator_3.py took 0.084 seconds
[2024-03-02T16:36:47.767+0530] {processor.py:161} INFO - Started process (PID=138248) to work on /home/lucky/.local/lib/python3.10/site-packages/airflow/example_dags/example_branch_python_dop_operator_3.py
[2024-03-02T16:36:47.769+0530] {processor.py:830} INFO - Processing file /home/lucky/.local/lib/python3.10/site-packages/airflow/example_dags/example_branch_python_dop_operator_3.py for tasks to queue
[2024-03-02T16:36:47.770+0530] {logging_mixin.py:188} INFO - [2024-03-02T16:36:47.770+0530] {dagbag.py:538} INFO - Filling up the DagBag from /home/lucky/.local/lib/python3.10/site-packages/airflow/example_dags/example_branch_python_dop_operator_3.py
[2024-03-02T16:36:47.781+0530] {processor.py:840} INFO - DAG(s) 'example_branch_dop_operator_v3' retrieved from /home/lucky/.local/lib/python3.10/site-packages/airflow/example_dags/example_branch_python_dop_operator_3.py
[2024-03-02T16:36:47.801+0530] {logging_mixin.py:188} INFO - [2024-03-02T16:36:47.800+0530] {dag.py:3036} INFO - Sync 1 DAGs
[2024-03-02T16:36:47.831+0530] {logging_mixin.py:188} INFO - [2024-03-02T16:36:47.830+0530] {dag.py:3823} INFO - Setting next_dagrun for example_branch_dop_operator_v3 to 2024-03-02 11:05:00+00:00, run_after=2024-03-02 11:06:00+00:00
[2024-03-02T16:36:47.861+0530] {processor.py:183} INFO - Processing /home/lucky/.local/lib/python3.10/site-packages/airflow/example_dags/example_branch_python_dop_operator_3.py took 0.097 seconds
