[2024-03-02T13:15:24.214+0530] {processor.py:161} INFO - Started process (PID=3520) to work on /home/lucky/.local/lib/python3.10/site-packages/airflow/example_dags/example_setup_teardown_taskflow.py
[2024-03-02T13:15:24.216+0530] {processor.py:830} INFO - Processing file /home/lucky/.local/lib/python3.10/site-packages/airflow/example_dags/example_setup_teardown_taskflow.py for tasks to queue
[2024-03-02T13:15:24.219+0530] {logging_mixin.py:188} INFO - [2024-03-02T13:15:24.218+0530] {dagbag.py:538} INFO - Filling up the DagBag from /home/lucky/.local/lib/python3.10/site-packages/airflow/example_dags/example_setup_teardown_taskflow.py
[2024-03-02T13:15:24.247+0530] {processor.py:840} INFO - DAG(s) 'example_setup_teardown_taskflow' retrieved from /home/lucky/.local/lib/python3.10/site-packages/airflow/example_dags/example_setup_teardown_taskflow.py
[2024-03-02T13:15:24.489+0530] {logging_mixin.py:188} INFO - [2024-03-02T13:15:24.488+0530] {dag.py:3036} INFO - Sync 1 DAGs
[2024-03-02T13:15:24.537+0530] {logging_mixin.py:188} INFO - [2024-03-02T13:15:24.536+0530] {dag.py:3823} INFO - Setting next_dagrun for example_setup_teardown_taskflow to 2024-03-01 00:00:00+00:00, run_after=2024-03-02 00:00:00+00:00
[2024-03-02T13:15:24.631+0530] {processor.py:183} INFO - Processing /home/lucky/.local/lib/python3.10/site-packages/airflow/example_dags/example_setup_teardown_taskflow.py took 0.425 seconds
[2024-03-02T13:16:31.179+0530] {processor.py:161} INFO - Started process (PID=4402) to work on /home/lucky/.local/lib/python3.10/site-packages/airflow/example_dags/example_setup_teardown_taskflow.py
[2024-03-02T13:16:31.183+0530] {processor.py:830} INFO - Processing file /home/lucky/.local/lib/python3.10/site-packages/airflow/example_dags/example_setup_teardown_taskflow.py for tasks to queue
[2024-03-02T13:16:31.185+0530] {logging_mixin.py:188} INFO - [2024-03-02T13:16:31.184+0530] {dagbag.py:538} INFO - Filling up the DagBag from /home/lucky/.local/lib/python3.10/site-packages/airflow/example_dags/example_setup_teardown_taskflow.py
[2024-03-02T13:16:31.213+0530] {processor.py:840} INFO - DAG(s) 'example_setup_teardown_taskflow' retrieved from /home/lucky/.local/lib/python3.10/site-packages/airflow/example_dags/example_setup_teardown_taskflow.py
[2024-03-02T13:16:31.262+0530] {logging_mixin.py:188} INFO - [2024-03-02T13:16:31.261+0530] {dag.py:3036} INFO - Sync 1 DAGs
[2024-03-02T13:16:31.338+0530] {logging_mixin.py:188} INFO - [2024-03-02T13:16:31.337+0530] {dag.py:3823} INFO - Setting next_dagrun for example_setup_teardown_taskflow to 2024-03-01 00:00:00+00:00, run_after=2024-03-02 00:00:00+00:00
[2024-03-02T13:16:31.421+0530] {processor.py:183} INFO - Processing /home/lucky/.local/lib/python3.10/site-packages/airflow/example_dags/example_setup_teardown_taskflow.py took 0.248 seconds
[2024-03-02T13:17:30.766+0530] {processor.py:161} INFO - Started process (PID=5305) to work on /home/lucky/.local/lib/python3.10/site-packages/airflow/example_dags/example_setup_teardown_taskflow.py
[2024-03-02T13:17:30.769+0530] {processor.py:830} INFO - Processing file /home/lucky/.local/lib/python3.10/site-packages/airflow/example_dags/example_setup_teardown_taskflow.py for tasks to queue
[2024-03-02T13:17:30.771+0530] {logging_mixin.py:188} INFO - [2024-03-02T13:17:30.770+0530] {dagbag.py:538} INFO - Filling up the DagBag from /home/lucky/.local/lib/python3.10/site-packages/airflow/example_dags/example_setup_teardown_taskflow.py
[2024-03-02T13:17:30.788+0530] {processor.py:840} INFO - DAG(s) 'example_setup_teardown_taskflow' retrieved from /home/lucky/.local/lib/python3.10/site-packages/airflow/example_dags/example_setup_teardown_taskflow.py
[2024-03-02T13:17:30.816+0530] {logging_mixin.py:188} INFO - [2024-03-02T13:17:30.815+0530] {dag.py:3036} INFO - Sync 1 DAGs
[2024-03-02T13:17:30.853+0530] {logging_mixin.py:188} INFO - [2024-03-02T13:17:30.852+0530] {dag.py:3823} INFO - Setting next_dagrun for example_setup_teardown_taskflow to 2024-03-01 00:00:00+00:00, run_after=2024-03-02 00:00:00+00:00
[2024-03-02T13:17:30.897+0530] {processor.py:183} INFO - Processing /home/lucky/.local/lib/python3.10/site-packages/airflow/example_dags/example_setup_teardown_taskflow.py took 0.135 seconds
[2024-03-02T13:18:29.326+0530] {processor.py:161} INFO - Started process (PID=5795) to work on /home/lucky/.local/lib/python3.10/site-packages/airflow/example_dags/example_setup_teardown_taskflow.py
[2024-03-02T13:18:29.343+0530] {processor.py:830} INFO - Processing file /home/lucky/.local/lib/python3.10/site-packages/airflow/example_dags/example_setup_teardown_taskflow.py for tasks to queue
[2024-03-02T13:18:29.345+0530] {logging_mixin.py:188} INFO - [2024-03-02T13:18:29.344+0530] {dagbag.py:538} INFO - Filling up the DagBag from /home/lucky/.local/lib/python3.10/site-packages/airflow/example_dags/example_setup_teardown_taskflow.py
[2024-03-02T13:18:29.371+0530] {processor.py:840} INFO - DAG(s) 'example_setup_teardown_taskflow' retrieved from /home/lucky/.local/lib/python3.10/site-packages/airflow/example_dags/example_setup_teardown_taskflow.py
[2024-03-02T13:18:29.417+0530] {logging_mixin.py:188} INFO - [2024-03-02T13:18:29.417+0530] {dag.py:3036} INFO - Sync 1 DAGs
[2024-03-02T13:18:29.513+0530] {logging_mixin.py:188} INFO - [2024-03-02T13:18:29.512+0530] {dag.py:3823} INFO - Setting next_dagrun for example_setup_teardown_taskflow to 2024-03-01 00:00:00+00:00, run_after=2024-03-02 00:00:00+00:00
[2024-03-02T13:18:29.602+0530] {processor.py:183} INFO - Processing /home/lucky/.local/lib/python3.10/site-packages/airflow/example_dags/example_setup_teardown_taskflow.py took 0.286 seconds
[2024-03-02T13:19:28.747+0530] {processor.py:161} INFO - Started process (PID=6656) to work on /home/lucky/.local/lib/python3.10/site-packages/airflow/example_dags/example_setup_teardown_taskflow.py
[2024-03-02T13:19:28.762+0530] {processor.py:830} INFO - Processing file /home/lucky/.local/lib/python3.10/site-packages/airflow/example_dags/example_setup_teardown_taskflow.py for tasks to queue
[2024-03-02T13:19:28.767+0530] {logging_mixin.py:188} INFO - [2024-03-02T13:19:28.765+0530] {dagbag.py:538} INFO - Filling up the DagBag from /home/lucky/.local/lib/python3.10/site-packages/airflow/example_dags/example_setup_teardown_taskflow.py
[2024-03-02T13:19:28.799+0530] {processor.py:840} INFO - DAG(s) 'example_setup_teardown_taskflow' retrieved from /home/lucky/.local/lib/python3.10/site-packages/airflow/example_dags/example_setup_teardown_taskflow.py
[2024-03-02T13:19:28.841+0530] {logging_mixin.py:188} INFO - [2024-03-02T13:19:28.840+0530] {dag.py:3036} INFO - Sync 1 DAGs
[2024-03-02T13:19:28.920+0530] {logging_mixin.py:188} INFO - [2024-03-02T13:19:28.919+0530] {dag.py:3823} INFO - Setting next_dagrun for example_setup_teardown_taskflow to 2024-03-01 00:00:00+00:00, run_after=2024-03-02 00:00:00+00:00
[2024-03-02T13:19:29.010+0530] {processor.py:183} INFO - Processing /home/lucky/.local/lib/python3.10/site-packages/airflow/example_dags/example_setup_teardown_taskflow.py took 0.274 seconds
[2024-03-02T13:20:25.313+0530] {processor.py:161} INFO - Started process (PID=7144) to work on /home/lucky/.local/lib/python3.10/site-packages/airflow/example_dags/example_setup_teardown_taskflow.py
[2024-03-02T13:20:25.316+0530] {processor.py:830} INFO - Processing file /home/lucky/.local/lib/python3.10/site-packages/airflow/example_dags/example_setup_teardown_taskflow.py for tasks to queue
[2024-03-02T13:20:25.318+0530] {logging_mixin.py:188} INFO - [2024-03-02T13:20:25.317+0530] {dagbag.py:538} INFO - Filling up the DagBag from /home/lucky/.local/lib/python3.10/site-packages/airflow/example_dags/example_setup_teardown_taskflow.py
[2024-03-02T13:20:25.337+0530] {processor.py:840} INFO - DAG(s) 'example_setup_teardown_taskflow' retrieved from /home/lucky/.local/lib/python3.10/site-packages/airflow/example_dags/example_setup_teardown_taskflow.py
[2024-03-02T13:20:25.366+0530] {logging_mixin.py:188} INFO - [2024-03-02T13:20:25.366+0530] {dag.py:3036} INFO - Sync 1 DAGs
[2024-03-02T13:20:25.409+0530] {logging_mixin.py:188} INFO - [2024-03-02T13:20:25.408+0530] {dag.py:3823} INFO - Setting next_dagrun for example_setup_teardown_taskflow to 2024-03-01 00:00:00+00:00, run_after=2024-03-02 00:00:00+00:00
[2024-03-02T13:20:25.466+0530] {processor.py:183} INFO - Processing /home/lucky/.local/lib/python3.10/site-packages/airflow/example_dags/example_setup_teardown_taskflow.py took 0.159 seconds
[2024-03-02T13:21:21.381+0530] {processor.py:161} INFO - Started process (PID=7967) to work on /home/lucky/.local/lib/python3.10/site-packages/airflow/example_dags/example_setup_teardown_taskflow.py
[2024-03-02T13:21:21.387+0530] {processor.py:830} INFO - Processing file /home/lucky/.local/lib/python3.10/site-packages/airflow/example_dags/example_setup_teardown_taskflow.py for tasks to queue
[2024-03-02T13:21:21.391+0530] {logging_mixin.py:188} INFO - [2024-03-02T13:21:21.389+0530] {dagbag.py:538} INFO - Filling up the DagBag from /home/lucky/.local/lib/python3.10/site-packages/airflow/example_dags/example_setup_teardown_taskflow.py
[2024-03-02T13:21:21.420+0530] {processor.py:840} INFO - DAG(s) 'example_setup_teardown_taskflow' retrieved from /home/lucky/.local/lib/python3.10/site-packages/airflow/example_dags/example_setup_teardown_taskflow.py
[2024-03-02T13:21:21.466+0530] {logging_mixin.py:188} INFO - [2024-03-02T13:21:21.465+0530] {dag.py:3036} INFO - Sync 1 DAGs
[2024-03-02T13:21:21.549+0530] {logging_mixin.py:188} INFO - [2024-03-02T13:21:21.547+0530] {dag.py:3823} INFO - Setting next_dagrun for example_setup_teardown_taskflow to 2024-03-01 00:00:00+00:00, run_after=2024-03-02 00:00:00+00:00
[2024-03-02T13:21:21.646+0530] {processor.py:183} INFO - Processing /home/lucky/.local/lib/python3.10/site-packages/airflow/example_dags/example_setup_teardown_taskflow.py took 0.271 seconds
[2024-03-02T13:22:22.924+0530] {processor.py:161} INFO - Started process (PID=8602) to work on /home/lucky/.local/lib/python3.10/site-packages/airflow/example_dags/example_setup_teardown_taskflow.py
[2024-03-02T13:22:22.927+0530] {processor.py:830} INFO - Processing file /home/lucky/.local/lib/python3.10/site-packages/airflow/example_dags/example_setup_teardown_taskflow.py for tasks to queue
[2024-03-02T13:22:22.929+0530] {logging_mixin.py:188} INFO - [2024-03-02T13:22:22.928+0530] {dagbag.py:538} INFO - Filling up the DagBag from /home/lucky/.local/lib/python3.10/site-packages/airflow/example_dags/example_setup_teardown_taskflow.py
[2024-03-02T13:22:22.951+0530] {processor.py:840} INFO - DAG(s) 'example_setup_teardown_taskflow' retrieved from /home/lucky/.local/lib/python3.10/site-packages/airflow/example_dags/example_setup_teardown_taskflow.py
[2024-03-02T13:22:23.003+0530] {logging_mixin.py:188} INFO - [2024-03-02T13:22:23.002+0530] {dag.py:3036} INFO - Sync 1 DAGs
[2024-03-02T13:22:23.049+0530] {logging_mixin.py:188} INFO - [2024-03-02T13:22:23.049+0530] {dag.py:3823} INFO - Setting next_dagrun for example_setup_teardown_taskflow to 2024-03-01 00:00:00+00:00, run_after=2024-03-02 00:00:00+00:00
[2024-03-02T13:22:23.121+0530] {processor.py:183} INFO - Processing /home/lucky/.local/lib/python3.10/site-packages/airflow/example_dags/example_setup_teardown_taskflow.py took 0.203 seconds
[2024-03-02T13:23:31.115+0530] {processor.py:161} INFO - Started process (PID=9507) to work on /home/lucky/.local/lib/python3.10/site-packages/airflow/example_dags/example_setup_teardown_taskflow.py
[2024-03-02T13:23:31.131+0530] {processor.py:830} INFO - Processing file /home/lucky/.local/lib/python3.10/site-packages/airflow/example_dags/example_setup_teardown_taskflow.py for tasks to queue
[2024-03-02T13:23:31.134+0530] {logging_mixin.py:188} INFO - [2024-03-02T13:23:31.133+0530] {dagbag.py:538} INFO - Filling up the DagBag from /home/lucky/.local/lib/python3.10/site-packages/airflow/example_dags/example_setup_teardown_taskflow.py
[2024-03-02T13:23:31.162+0530] {processor.py:840} INFO - DAG(s) 'example_setup_teardown_taskflow' retrieved from /home/lucky/.local/lib/python3.10/site-packages/airflow/example_dags/example_setup_teardown_taskflow.py
[2024-03-02T13:23:31.212+0530] {logging_mixin.py:188} INFO - [2024-03-02T13:23:31.211+0530] {dag.py:3036} INFO - Sync 1 DAGs
[2024-03-02T13:23:31.277+0530] {logging_mixin.py:188} INFO - [2024-03-02T13:23:31.276+0530] {dag.py:3823} INFO - Setting next_dagrun for example_setup_teardown_taskflow to 2024-03-01 00:00:00+00:00, run_after=2024-03-02 00:00:00+00:00
[2024-03-02T13:23:31.359+0530] {processor.py:183} INFO - Processing /home/lucky/.local/lib/python3.10/site-packages/airflow/example_dags/example_setup_teardown_taskflow.py took 0.255 seconds
[2024-03-02T13:24:32.493+0530] {processor.py:161} INFO - Started process (PID=10075) to work on /home/lucky/.local/lib/python3.10/site-packages/airflow/example_dags/example_setup_teardown_taskflow.py
[2024-03-02T13:24:32.496+0530] {processor.py:830} INFO - Processing file /home/lucky/.local/lib/python3.10/site-packages/airflow/example_dags/example_setup_teardown_taskflow.py for tasks to queue
[2024-03-02T13:24:32.498+0530] {logging_mixin.py:188} INFO - [2024-03-02T13:24:32.497+0530] {dagbag.py:538} INFO - Filling up the DagBag from /home/lucky/.local/lib/python3.10/site-packages/airflow/example_dags/example_setup_teardown_taskflow.py
[2024-03-02T13:24:32.527+0530] {processor.py:840} INFO - DAG(s) 'example_setup_teardown_taskflow' retrieved from /home/lucky/.local/lib/python3.10/site-packages/airflow/example_dags/example_setup_teardown_taskflow.py
[2024-03-02T13:24:32.567+0530] {logging_mixin.py:188} INFO - [2024-03-02T13:24:32.566+0530] {dag.py:3036} INFO - Sync 1 DAGs
[2024-03-02T13:24:32.641+0530] {logging_mixin.py:188} INFO - [2024-03-02T13:24:32.639+0530] {dag.py:3823} INFO - Setting next_dagrun for example_setup_teardown_taskflow to 2024-03-01 00:00:00+00:00, run_after=2024-03-02 00:00:00+00:00
[2024-03-02T13:24:32.731+0530] {processor.py:183} INFO - Processing /home/lucky/.local/lib/python3.10/site-packages/airflow/example_dags/example_setup_teardown_taskflow.py took 0.243 seconds
[2024-03-02T13:25:35.426+0530] {processor.py:161} INFO - Started process (PID=10974) to work on /home/lucky/.local/lib/python3.10/site-packages/airflow/example_dags/example_setup_teardown_taskflow.py
[2024-03-02T13:25:35.439+0530] {processor.py:830} INFO - Processing file /home/lucky/.local/lib/python3.10/site-packages/airflow/example_dags/example_setup_teardown_taskflow.py for tasks to queue
[2024-03-02T13:25:35.442+0530] {logging_mixin.py:188} INFO - [2024-03-02T13:25:35.441+0530] {dagbag.py:538} INFO - Filling up the DagBag from /home/lucky/.local/lib/python3.10/site-packages/airflow/example_dags/example_setup_teardown_taskflow.py
[2024-03-02T13:25:35.470+0530] {processor.py:840} INFO - DAG(s) 'example_setup_teardown_taskflow' retrieved from /home/lucky/.local/lib/python3.10/site-packages/airflow/example_dags/example_setup_teardown_taskflow.py
[2024-03-02T13:25:35.505+0530] {logging_mixin.py:188} INFO - [2024-03-02T13:25:35.504+0530] {dag.py:3036} INFO - Sync 1 DAGs
[2024-03-02T13:25:35.577+0530] {logging_mixin.py:188} INFO - [2024-03-02T13:25:35.576+0530] {dag.py:3823} INFO - Setting next_dagrun for example_setup_teardown_taskflow to 2024-03-01 00:00:00+00:00, run_after=2024-03-02 00:00:00+00:00
[2024-03-02T13:25:35.662+0530] {processor.py:183} INFO - Processing /home/lucky/.local/lib/python3.10/site-packages/airflow/example_dags/example_setup_teardown_taskflow.py took 0.241 seconds
[2024-03-02T13:26:38.401+0530] {processor.py:161} INFO - Started process (PID=11536) to work on /home/lucky/.local/lib/python3.10/site-packages/airflow/example_dags/example_setup_teardown_taskflow.py
[2024-03-02T13:26:38.404+0530] {processor.py:830} INFO - Processing file /home/lucky/.local/lib/python3.10/site-packages/airflow/example_dags/example_setup_teardown_taskflow.py for tasks to queue
[2024-03-02T13:26:38.406+0530] {logging_mixin.py:188} INFO - [2024-03-02T13:26:38.405+0530] {dagbag.py:538} INFO - Filling up the DagBag from /home/lucky/.local/lib/python3.10/site-packages/airflow/example_dags/example_setup_teardown_taskflow.py
[2024-03-02T13:26:38.444+0530] {processor.py:840} INFO - DAG(s) 'example_setup_teardown_taskflow' retrieved from /home/lucky/.local/lib/python3.10/site-packages/airflow/example_dags/example_setup_teardown_taskflow.py
[2024-03-02T13:26:38.481+0530] {logging_mixin.py:188} INFO - [2024-03-02T13:26:38.480+0530] {dag.py:3036} INFO - Sync 1 DAGs
[2024-03-02T13:26:38.543+0530] {logging_mixin.py:188} INFO - [2024-03-02T13:26:38.542+0530] {dag.py:3823} INFO - Setting next_dagrun for example_setup_teardown_taskflow to 2024-03-01 00:00:00+00:00, run_after=2024-03-02 00:00:00+00:00
[2024-03-02T13:26:38.595+0530] {processor.py:183} INFO - Processing /home/lucky/.local/lib/python3.10/site-packages/airflow/example_dags/example_setup_teardown_taskflow.py took 0.201 seconds
[2024-03-02T13:27:36.251+0530] {processor.py:161} INFO - Started process (PID=12433) to work on /home/lucky/.local/lib/python3.10/site-packages/airflow/example_dags/example_setup_teardown_taskflow.py
[2024-03-02T13:27:36.265+0530] {processor.py:830} INFO - Processing file /home/lucky/.local/lib/python3.10/site-packages/airflow/example_dags/example_setup_teardown_taskflow.py for tasks to queue
[2024-03-02T13:27:36.269+0530] {logging_mixin.py:188} INFO - [2024-03-02T13:27:36.267+0530] {dagbag.py:538} INFO - Filling up the DagBag from /home/lucky/.local/lib/python3.10/site-packages/airflow/example_dags/example_setup_teardown_taskflow.py
[2024-03-02T13:27:36.298+0530] {processor.py:840} INFO - DAG(s) 'example_setup_teardown_taskflow' retrieved from /home/lucky/.local/lib/python3.10/site-packages/airflow/example_dags/example_setup_teardown_taskflow.py
[2024-03-02T13:27:36.338+0530] {logging_mixin.py:188} INFO - [2024-03-02T13:27:36.337+0530] {dag.py:3036} INFO - Sync 1 DAGs
[2024-03-02T13:27:36.387+0530] {logging_mixin.py:188} INFO - [2024-03-02T13:27:36.386+0530] {dag.py:3823} INFO - Setting next_dagrun for example_setup_teardown_taskflow to 2024-03-01 00:00:00+00:00, run_after=2024-03-02 00:00:00+00:00
[2024-03-02T13:27:36.457+0530] {processor.py:183} INFO - Processing /home/lucky/.local/lib/python3.10/site-packages/airflow/example_dags/example_setup_teardown_taskflow.py took 0.215 seconds
[2024-03-02T13:29:02.394+0530] {processor.py:161} INFO - Started process (PID=13118) to work on /home/lucky/.local/lib/python3.10/site-packages/airflow/example_dags/example_setup_teardown_taskflow.py
[2024-03-02T13:29:02.397+0530] {processor.py:830} INFO - Processing file /home/lucky/.local/lib/python3.10/site-packages/airflow/example_dags/example_setup_teardown_taskflow.py for tasks to queue
[2024-03-02T13:29:02.399+0530] {logging_mixin.py:188} INFO - [2024-03-02T13:29:02.398+0530] {dagbag.py:538} INFO - Filling up the DagBag from /home/lucky/.local/lib/python3.10/site-packages/airflow/example_dags/example_setup_teardown_taskflow.py
[2024-03-02T13:29:02.422+0530] {processor.py:840} INFO - DAG(s) 'example_setup_teardown_taskflow' retrieved from /home/lucky/.local/lib/python3.10/site-packages/airflow/example_dags/example_setup_teardown_taskflow.py
[2024-03-02T13:29:02.468+0530] {logging_mixin.py:188} INFO - [2024-03-02T13:29:02.468+0530] {dag.py:3036} INFO - Sync 1 DAGs
[2024-03-02T13:29:02.518+0530] {logging_mixin.py:188} INFO - [2024-03-02T13:29:02.517+0530] {dag.py:3823} INFO - Setting next_dagrun for example_setup_teardown_taskflow to 2024-03-01 00:00:00+00:00, run_after=2024-03-02 00:00:00+00:00
[2024-03-02T13:29:02.580+0530] {processor.py:183} INFO - Processing /home/lucky/.local/lib/python3.10/site-packages/airflow/example_dags/example_setup_teardown_taskflow.py took 0.191 seconds
[2024-03-02T13:32:02.774+0530] {processor.py:161} INFO - Started process (PID=15305) to work on /home/lucky/.local/lib/python3.10/site-packages/airflow/example_dags/example_setup_teardown_taskflow.py
[2024-03-02T13:32:02.782+0530] {processor.py:830} INFO - Processing file /home/lucky/.local/lib/python3.10/site-packages/airflow/example_dags/example_setup_teardown_taskflow.py for tasks to queue
[2024-03-02T13:32:02.788+0530] {logging_mixin.py:188} INFO - [2024-03-02T13:32:02.785+0530] {dagbag.py:538} INFO - Filling up the DagBag from /home/lucky/.local/lib/python3.10/site-packages/airflow/example_dags/example_setup_teardown_taskflow.py
[2024-03-02T13:32:02.859+0530] {processor.py:840} INFO - DAG(s) 'example_setup_teardown_taskflow' retrieved from /home/lucky/.local/lib/python3.10/site-packages/airflow/example_dags/example_setup_teardown_taskflow.py
[2024-03-02T13:32:02.943+0530] {logging_mixin.py:188} INFO - [2024-03-02T13:32:02.942+0530] {dag.py:3036} INFO - Sync 1 DAGs
[2024-03-02T13:32:03.083+0530] {logging_mixin.py:188} INFO - [2024-03-02T13:32:03.082+0530] {dag.py:3823} INFO - Setting next_dagrun for example_setup_teardown_taskflow to 2024-03-01 00:00:00+00:00, run_after=2024-03-02 00:00:00+00:00
[2024-03-02T13:32:03.321+0530] {processor.py:183} INFO - Processing /home/lucky/.local/lib/python3.10/site-packages/airflow/example_dags/example_setup_teardown_taskflow.py took 0.567 seconds
[2024-03-02T13:34:35.351+0530] {processor.py:161} INFO - Started process (PID=16933) to work on /home/lucky/.local/lib/python3.10/site-packages/airflow/example_dags/example_setup_teardown_taskflow.py
[2024-03-02T13:34:35.366+0530] {processor.py:830} INFO - Processing file /home/lucky/.local/lib/python3.10/site-packages/airflow/example_dags/example_setup_teardown_taskflow.py for tasks to queue
[2024-03-02T13:34:35.370+0530] {logging_mixin.py:188} INFO - [2024-03-02T13:34:35.368+0530] {dagbag.py:538} INFO - Filling up the DagBag from /home/lucky/.local/lib/python3.10/site-packages/airflow/example_dags/example_setup_teardown_taskflow.py
[2024-03-02T13:34:35.403+0530] {processor.py:840} INFO - DAG(s) 'example_setup_teardown_taskflow' retrieved from /home/lucky/.local/lib/python3.10/site-packages/airflow/example_dags/example_setup_teardown_taskflow.py
[2024-03-02T13:34:35.474+0530] {logging_mixin.py:188} INFO - [2024-03-02T13:34:35.473+0530] {dag.py:3036} INFO - Sync 1 DAGs
[2024-03-02T13:34:35.586+0530] {logging_mixin.py:188} INFO - [2024-03-02T13:34:35.585+0530] {dag.py:3823} INFO - Setting next_dagrun for example_setup_teardown_taskflow to 2024-03-01 00:00:00+00:00, run_after=2024-03-02 00:00:00+00:00
[2024-03-02T13:34:35.680+0530] {processor.py:183} INFO - Processing /home/lucky/.local/lib/python3.10/site-packages/airflow/example_dags/example_setup_teardown_taskflow.py took 0.336 seconds
[2024-03-02T13:35:35.870+0530] {processor.py:161} INFO - Started process (PID=17885) to work on /home/lucky/.local/lib/python3.10/site-packages/airflow/example_dags/example_setup_teardown_taskflow.py
[2024-03-02T13:35:35.884+0530] {processor.py:830} INFO - Processing file /home/lucky/.local/lib/python3.10/site-packages/airflow/example_dags/example_setup_teardown_taskflow.py for tasks to queue
[2024-03-02T13:35:35.886+0530] {logging_mixin.py:188} INFO - [2024-03-02T13:35:35.885+0530] {dagbag.py:538} INFO - Filling up the DagBag from /home/lucky/.local/lib/python3.10/site-packages/airflow/example_dags/example_setup_teardown_taskflow.py
[2024-03-02T13:35:35.906+0530] {processor.py:840} INFO - DAG(s) 'example_setup_teardown_taskflow' retrieved from /home/lucky/.local/lib/python3.10/site-packages/airflow/example_dags/example_setup_teardown_taskflow.py
[2024-03-02T13:35:35.935+0530] {logging_mixin.py:188} INFO - [2024-03-02T13:35:35.934+0530] {dag.py:3036} INFO - Sync 1 DAGs
[2024-03-02T13:35:35.979+0530] {logging_mixin.py:188} INFO - [2024-03-02T13:35:35.978+0530] {dag.py:3823} INFO - Setting next_dagrun for example_setup_teardown_taskflow to 2024-03-01 00:00:00+00:00, run_after=2024-03-02 00:00:00+00:00
[2024-03-02T13:35:36.043+0530] {processor.py:183} INFO - Processing /home/lucky/.local/lib/python3.10/site-packages/airflow/example_dags/example_setup_teardown_taskflow.py took 0.180 seconds
[2024-03-02T13:37:32.935+0530] {processor.py:161} INFO - Started process (PID=19245) to work on /home/lucky/.local/lib/python3.10/site-packages/airflow/example_dags/example_setup_teardown_taskflow.py
[2024-03-02T13:37:32.948+0530] {processor.py:830} INFO - Processing file /home/lucky/.local/lib/python3.10/site-packages/airflow/example_dags/example_setup_teardown_taskflow.py for tasks to queue
[2024-03-02T13:37:32.951+0530] {logging_mixin.py:188} INFO - [2024-03-02T13:37:32.950+0530] {dagbag.py:538} INFO - Filling up the DagBag from /home/lucky/.local/lib/python3.10/site-packages/airflow/example_dags/example_setup_teardown_taskflow.py
[2024-03-02T13:37:32.968+0530] {processor.py:840} INFO - DAG(s) 'example_setup_teardown_taskflow' retrieved from /home/lucky/.local/lib/python3.10/site-packages/airflow/example_dags/example_setup_teardown_taskflow.py
[2024-03-02T13:37:33.003+0530] {logging_mixin.py:188} INFO - [2024-03-02T13:37:33.002+0530] {dag.py:3036} INFO - Sync 1 DAGs
[2024-03-02T13:37:33.050+0530] {logging_mixin.py:188} INFO - [2024-03-02T13:37:33.050+0530] {dag.py:3823} INFO - Setting next_dagrun for example_setup_teardown_taskflow to 2024-03-01 00:00:00+00:00, run_after=2024-03-02 00:00:00+00:00
[2024-03-02T13:37:33.112+0530] {processor.py:183} INFO - Processing /home/lucky/.local/lib/python3.10/site-packages/airflow/example_dags/example_setup_teardown_taskflow.py took 0.181 seconds
[2024-03-02T16:15:15.897+0530] {processor.py:161} INFO - Started process (PID=121055) to work on /home/lucky/.local/lib/python3.10/site-packages/airflow/example_dags/example_setup_teardown_taskflow.py
[2024-03-02T16:15:15.900+0530] {processor.py:830} INFO - Processing file /home/lucky/.local/lib/python3.10/site-packages/airflow/example_dags/example_setup_teardown_taskflow.py for tasks to queue
[2024-03-02T16:15:15.902+0530] {logging_mixin.py:188} INFO - [2024-03-02T16:15:15.901+0530] {dagbag.py:538} INFO - Filling up the DagBag from /home/lucky/.local/lib/python3.10/site-packages/airflow/example_dags/example_setup_teardown_taskflow.py
[2024-03-02T16:15:15.925+0530] {processor.py:840} INFO - DAG(s) 'example_setup_teardown_taskflow' retrieved from /home/lucky/.local/lib/python3.10/site-packages/airflow/example_dags/example_setup_teardown_taskflow.py
[2024-03-02T16:15:15.982+0530] {logging_mixin.py:188} INFO - [2024-03-02T16:15:15.981+0530] {dag.py:3036} INFO - Sync 1 DAGs
[2024-03-02T16:15:16.056+0530] {logging_mixin.py:188} INFO - [2024-03-02T16:15:16.056+0530] {dag.py:3823} INFO - Setting next_dagrun for example_setup_teardown_taskflow to 2024-03-01 00:00:00+00:00, run_after=2024-03-02 00:00:00+00:00
[2024-03-02T16:15:16.109+0530] {processor.py:183} INFO - Processing /home/lucky/.local/lib/python3.10/site-packages/airflow/example_dags/example_setup_teardown_taskflow.py took 0.217 seconds
[2024-03-02T16:16:14.271+0530] {processor.py:161} INFO - Started process (PID=121869) to work on /home/lucky/.local/lib/python3.10/site-packages/airflow/example_dags/example_setup_teardown_taskflow.py
[2024-03-02T16:16:14.273+0530] {processor.py:830} INFO - Processing file /home/lucky/.local/lib/python3.10/site-packages/airflow/example_dags/example_setup_teardown_taskflow.py for tasks to queue
[2024-03-02T16:16:14.274+0530] {logging_mixin.py:188} INFO - [2024-03-02T16:16:14.274+0530] {dagbag.py:538} INFO - Filling up the DagBag from /home/lucky/.local/lib/python3.10/site-packages/airflow/example_dags/example_setup_teardown_taskflow.py
[2024-03-02T16:16:14.285+0530] {processor.py:840} INFO - DAG(s) 'example_setup_teardown_taskflow' retrieved from /home/lucky/.local/lib/python3.10/site-packages/airflow/example_dags/example_setup_teardown_taskflow.py
[2024-03-02T16:16:14.303+0530] {logging_mixin.py:188} INFO - [2024-03-02T16:16:14.303+0530] {dag.py:3036} INFO - Sync 1 DAGs
[2024-03-02T16:16:14.326+0530] {logging_mixin.py:188} INFO - [2024-03-02T16:16:14.326+0530] {dag.py:3823} INFO - Setting next_dagrun for example_setup_teardown_taskflow to 2024-03-01 00:00:00+00:00, run_after=2024-03-02 00:00:00+00:00
[2024-03-02T16:16:14.353+0530] {processor.py:183} INFO - Processing /home/lucky/.local/lib/python3.10/site-packages/airflow/example_dags/example_setup_teardown_taskflow.py took 0.086 seconds
[2024-03-02T16:17:04.444+0530] {processor.py:161} INFO - Started process (PID=122482) to work on /home/lucky/.local/lib/python3.10/site-packages/airflow/example_dags/example_setup_teardown_taskflow.py
[2024-03-02T16:17:04.446+0530] {processor.py:830} INFO - Processing file /home/lucky/.local/lib/python3.10/site-packages/airflow/example_dags/example_setup_teardown_taskflow.py for tasks to queue
[2024-03-02T16:17:04.447+0530] {logging_mixin.py:188} INFO - [2024-03-02T16:17:04.446+0530] {dagbag.py:538} INFO - Filling up the DagBag from /home/lucky/.local/lib/python3.10/site-packages/airflow/example_dags/example_setup_teardown_taskflow.py
[2024-03-02T16:17:04.461+0530] {processor.py:840} INFO - DAG(s) 'example_setup_teardown_taskflow' retrieved from /home/lucky/.local/lib/python3.10/site-packages/airflow/example_dags/example_setup_teardown_taskflow.py
[2024-03-02T16:17:04.483+0530] {logging_mixin.py:188} INFO - [2024-03-02T16:17:04.482+0530] {dag.py:3036} INFO - Sync 1 DAGs
[2024-03-02T16:17:04.509+0530] {logging_mixin.py:188} INFO - [2024-03-02T16:17:04.508+0530] {dag.py:3823} INFO - Setting next_dagrun for example_setup_teardown_taskflow to 2024-03-01 00:00:00+00:00, run_after=2024-03-02 00:00:00+00:00
[2024-03-02T16:17:04.537+0530] {processor.py:183} INFO - Processing /home/lucky/.local/lib/python3.10/site-packages/airflow/example_dags/example_setup_teardown_taskflow.py took 0.096 seconds
[2024-03-02T16:20:34.507+0530] {processor.py:161} INFO - Started process (PID=125377) to work on /home/lucky/.local/lib/python3.10/site-packages/airflow/example_dags/example_setup_teardown_taskflow.py
[2024-03-02T16:20:34.509+0530] {processor.py:830} INFO - Processing file /home/lucky/.local/lib/python3.10/site-packages/airflow/example_dags/example_setup_teardown_taskflow.py for tasks to queue
[2024-03-02T16:20:34.510+0530] {logging_mixin.py:188} INFO - [2024-03-02T16:20:34.509+0530] {dagbag.py:538} INFO - Filling up the DagBag from /home/lucky/.local/lib/python3.10/site-packages/airflow/example_dags/example_setup_teardown_taskflow.py
[2024-03-02T16:20:34.521+0530] {processor.py:840} INFO - DAG(s) 'example_setup_teardown_taskflow' retrieved from /home/lucky/.local/lib/python3.10/site-packages/airflow/example_dags/example_setup_teardown_taskflow.py
[2024-03-02T16:20:34.540+0530] {logging_mixin.py:188} INFO - [2024-03-02T16:20:34.540+0530] {dag.py:3036} INFO - Sync 1 DAGs
[2024-03-02T16:20:34.561+0530] {logging_mixin.py:188} INFO - [2024-03-02T16:20:34.561+0530] {dag.py:3823} INFO - Setting next_dagrun for example_setup_teardown_taskflow to 2024-03-01 00:00:00+00:00, run_after=2024-03-02 00:00:00+00:00
[2024-03-02T16:20:34.587+0530] {processor.py:183} INFO - Processing /home/lucky/.local/lib/python3.10/site-packages/airflow/example_dags/example_setup_teardown_taskflow.py took 0.083 seconds
[2024-03-02T16:21:28.585+0530] {processor.py:161} INFO - Started process (PID=126002) to work on /home/lucky/.local/lib/python3.10/site-packages/airflow/example_dags/example_setup_teardown_taskflow.py
[2024-03-02T16:21:28.587+0530] {processor.py:830} INFO - Processing file /home/lucky/.local/lib/python3.10/site-packages/airflow/example_dags/example_setup_teardown_taskflow.py for tasks to queue
[2024-03-02T16:21:28.588+0530] {logging_mixin.py:188} INFO - [2024-03-02T16:21:28.587+0530] {dagbag.py:538} INFO - Filling up the DagBag from /home/lucky/.local/lib/python3.10/site-packages/airflow/example_dags/example_setup_teardown_taskflow.py
[2024-03-02T16:21:28.600+0530] {processor.py:840} INFO - DAG(s) 'example_setup_teardown_taskflow' retrieved from /home/lucky/.local/lib/python3.10/site-packages/airflow/example_dags/example_setup_teardown_taskflow.py
[2024-03-02T16:21:28.616+0530] {logging_mixin.py:188} INFO - [2024-03-02T16:21:28.616+0530] {dag.py:3036} INFO - Sync 1 DAGs
[2024-03-02T16:21:28.634+0530] {logging_mixin.py:188} INFO - [2024-03-02T16:21:28.634+0530] {dag.py:3823} INFO - Setting next_dagrun for example_setup_teardown_taskflow to 2024-03-01 00:00:00+00:00, run_after=2024-03-02 00:00:00+00:00
[2024-03-02T16:21:28.662+0530] {processor.py:183} INFO - Processing /home/lucky/.local/lib/python3.10/site-packages/airflow/example_dags/example_setup_teardown_taskflow.py took 0.081 seconds
[2024-03-02T16:22:14.140+0530] {processor.py:161} INFO - Started process (PID=126726) to work on /home/lucky/.local/lib/python3.10/site-packages/airflow/example_dags/example_setup_teardown_taskflow.py
[2024-03-02T16:22:14.141+0530] {processor.py:830} INFO - Processing file /home/lucky/.local/lib/python3.10/site-packages/airflow/example_dags/example_setup_teardown_taskflow.py for tasks to queue
[2024-03-02T16:22:14.142+0530] {logging_mixin.py:188} INFO - [2024-03-02T16:22:14.142+0530] {dagbag.py:538} INFO - Filling up the DagBag from /home/lucky/.local/lib/python3.10/site-packages/airflow/example_dags/example_setup_teardown_taskflow.py
[2024-03-02T16:22:14.155+0530] {processor.py:840} INFO - DAG(s) 'example_setup_teardown_taskflow' retrieved from /home/lucky/.local/lib/python3.10/site-packages/airflow/example_dags/example_setup_teardown_taskflow.py
[2024-03-02T16:22:14.175+0530] {logging_mixin.py:188} INFO - [2024-03-02T16:22:14.174+0530] {dag.py:3036} INFO - Sync 1 DAGs
[2024-03-02T16:22:14.198+0530] {logging_mixin.py:188} INFO - [2024-03-02T16:22:14.198+0530] {dag.py:3823} INFO - Setting next_dagrun for example_setup_teardown_taskflow to 2024-03-01 00:00:00+00:00, run_after=2024-03-02 00:00:00+00:00
[2024-03-02T16:22:14.230+0530] {processor.py:183} INFO - Processing /home/lucky/.local/lib/python3.10/site-packages/airflow/example_dags/example_setup_teardown_taskflow.py took 0.093 seconds
[2024-03-02T16:23:13.756+0530] {processor.py:161} INFO - Started process (PID=127370) to work on /home/lucky/.local/lib/python3.10/site-packages/airflow/example_dags/example_setup_teardown_taskflow.py
[2024-03-02T16:23:13.758+0530] {processor.py:830} INFO - Processing file /home/lucky/.local/lib/python3.10/site-packages/airflow/example_dags/example_setup_teardown_taskflow.py for tasks to queue
[2024-03-02T16:23:13.760+0530] {logging_mixin.py:188} INFO - [2024-03-02T16:23:13.759+0530] {dagbag.py:538} INFO - Filling up the DagBag from /home/lucky/.local/lib/python3.10/site-packages/airflow/example_dags/example_setup_teardown_taskflow.py
[2024-03-02T16:23:13.769+0530] {processor.py:840} INFO - DAG(s) 'example_setup_teardown_taskflow' retrieved from /home/lucky/.local/lib/python3.10/site-packages/airflow/example_dags/example_setup_teardown_taskflow.py
[2024-03-02T16:23:13.787+0530] {logging_mixin.py:188} INFO - [2024-03-02T16:23:13.787+0530] {dag.py:3036} INFO - Sync 1 DAGs
[2024-03-02T16:23:13.806+0530] {logging_mixin.py:188} INFO - [2024-03-02T16:23:13.806+0530] {dag.py:3823} INFO - Setting next_dagrun for example_setup_teardown_taskflow to 2024-03-01 00:00:00+00:00, run_after=2024-03-02 00:00:00+00:00
[2024-03-02T16:23:13.831+0530] {processor.py:183} INFO - Processing /home/lucky/.local/lib/python3.10/site-packages/airflow/example_dags/example_setup_teardown_taskflow.py took 0.077 seconds
[2024-03-02T16:32:38.114+0530] {processor.py:161} INFO - Started process (PID=134768) to work on /home/lucky/.local/lib/python3.10/site-packages/airflow/example_dags/example_setup_teardown_taskflow.py
[2024-03-02T16:32:38.127+0530] {processor.py:830} INFO - Processing file /home/lucky/.local/lib/python3.10/site-packages/airflow/example_dags/example_setup_teardown_taskflow.py for tasks to queue
[2024-03-02T16:32:38.128+0530] {logging_mixin.py:188} INFO - [2024-03-02T16:32:38.128+0530] {dagbag.py:538} INFO - Filling up the DagBag from /home/lucky/.local/lib/python3.10/site-packages/airflow/example_dags/example_setup_teardown_taskflow.py
[2024-03-02T16:32:38.140+0530] {processor.py:840} INFO - DAG(s) 'example_setup_teardown_taskflow' retrieved from /home/lucky/.local/lib/python3.10/site-packages/airflow/example_dags/example_setup_teardown_taskflow.py
[2024-03-02T16:32:38.164+0530] {logging_mixin.py:188} INFO - [2024-03-02T16:32:38.163+0530] {dag.py:3036} INFO - Sync 1 DAGs
[2024-03-02T16:32:38.199+0530] {logging_mixin.py:188} INFO - [2024-03-02T16:32:38.199+0530] {dag.py:3823} INFO - Setting next_dagrun for example_setup_teardown_taskflow to 2024-03-01 00:00:00+00:00, run_after=2024-03-02 00:00:00+00:00
[2024-03-02T16:32:38.236+0530] {processor.py:183} INFO - Processing /home/lucky/.local/lib/python3.10/site-packages/airflow/example_dags/example_setup_teardown_taskflow.py took 0.125 seconds
[2024-03-02T16:33:28.230+0530] {processor.py:161} INFO - Started process (PID=135475) to work on /home/lucky/.local/lib/python3.10/site-packages/airflow/example_dags/example_setup_teardown_taskflow.py
[2024-03-02T16:33:28.232+0530] {processor.py:830} INFO - Processing file /home/lucky/.local/lib/python3.10/site-packages/airflow/example_dags/example_setup_teardown_taskflow.py for tasks to queue
[2024-03-02T16:33:28.233+0530] {logging_mixin.py:188} INFO - [2024-03-02T16:33:28.233+0530] {dagbag.py:538} INFO - Filling up the DagBag from /home/lucky/.local/lib/python3.10/site-packages/airflow/example_dags/example_setup_teardown_taskflow.py
[2024-03-02T16:33:28.243+0530] {processor.py:840} INFO - DAG(s) 'example_setup_teardown_taskflow' retrieved from /home/lucky/.local/lib/python3.10/site-packages/airflow/example_dags/example_setup_teardown_taskflow.py
[2024-03-02T16:33:28.260+0530] {logging_mixin.py:188} INFO - [2024-03-02T16:33:28.260+0530] {dag.py:3036} INFO - Sync 1 DAGs
[2024-03-02T16:33:28.284+0530] {logging_mixin.py:188} INFO - [2024-03-02T16:33:28.284+0530] {dag.py:3823} INFO - Setting next_dagrun for example_setup_teardown_taskflow to 2024-03-01 00:00:00+00:00, run_after=2024-03-02 00:00:00+00:00
[2024-03-02T16:33:28.316+0530] {processor.py:183} INFO - Processing /home/lucky/.local/lib/python3.10/site-packages/airflow/example_dags/example_setup_teardown_taskflow.py took 0.089 seconds
[2024-03-02T16:34:19.569+0530] {processor.py:161} INFO - Started process (PID=136288) to work on /home/lucky/.local/lib/python3.10/site-packages/airflow/example_dags/example_setup_teardown_taskflow.py
[2024-03-02T16:34:19.571+0530] {processor.py:830} INFO - Processing file /home/lucky/.local/lib/python3.10/site-packages/airflow/example_dags/example_setup_teardown_taskflow.py for tasks to queue
[2024-03-02T16:34:19.572+0530] {logging_mixin.py:188} INFO - [2024-03-02T16:34:19.572+0530] {dagbag.py:538} INFO - Filling up the DagBag from /home/lucky/.local/lib/python3.10/site-packages/airflow/example_dags/example_setup_teardown_taskflow.py
[2024-03-02T16:34:19.584+0530] {processor.py:840} INFO - DAG(s) 'example_setup_teardown_taskflow' retrieved from /home/lucky/.local/lib/python3.10/site-packages/airflow/example_dags/example_setup_teardown_taskflow.py
[2024-03-02T16:34:19.601+0530] {logging_mixin.py:188} INFO - [2024-03-02T16:34:19.600+0530] {dag.py:3036} INFO - Sync 1 DAGs
[2024-03-02T16:34:19.622+0530] {logging_mixin.py:188} INFO - [2024-03-02T16:34:19.622+0530] {dag.py:3823} INFO - Setting next_dagrun for example_setup_teardown_taskflow to 2024-03-01 00:00:00+00:00, run_after=2024-03-02 00:00:00+00:00
[2024-03-02T16:34:19.646+0530] {processor.py:183} INFO - Processing /home/lucky/.local/lib/python3.10/site-packages/airflow/example_dags/example_setup_teardown_taskflow.py took 0.081 seconds
[2024-03-02T16:35:00.114+0530] {processor.py:161} INFO - Started process (PID=136844) to work on /home/lucky/.local/lib/python3.10/site-packages/airflow/example_dags/example_setup_teardown_taskflow.py
[2024-03-02T16:35:00.115+0530] {processor.py:830} INFO - Processing file /home/lucky/.local/lib/python3.10/site-packages/airflow/example_dags/example_setup_teardown_taskflow.py for tasks to queue
[2024-03-02T16:35:00.116+0530] {logging_mixin.py:188} INFO - [2024-03-02T16:35:00.115+0530] {dagbag.py:538} INFO - Filling up the DagBag from /home/lucky/.local/lib/python3.10/site-packages/airflow/example_dags/example_setup_teardown_taskflow.py
[2024-03-02T16:35:00.125+0530] {processor.py:840} INFO - DAG(s) 'example_setup_teardown_taskflow' retrieved from /home/lucky/.local/lib/python3.10/site-packages/airflow/example_dags/example_setup_teardown_taskflow.py
[2024-03-02T16:35:00.142+0530] {logging_mixin.py:188} INFO - [2024-03-02T16:35:00.142+0530] {dag.py:3036} INFO - Sync 1 DAGs
[2024-03-02T16:35:00.165+0530] {logging_mixin.py:188} INFO - [2024-03-02T16:35:00.165+0530] {dag.py:3823} INFO - Setting next_dagrun for example_setup_teardown_taskflow to 2024-03-01 00:00:00+00:00, run_after=2024-03-02 00:00:00+00:00
[2024-03-02T16:35:00.190+0530] {processor.py:183} INFO - Processing /home/lucky/.local/lib/python3.10/site-packages/airflow/example_dags/example_setup_teardown_taskflow.py took 0.079 seconds
[2024-03-02T16:35:39.941+0530] {processor.py:161} INFO - Started process (PID=137278) to work on /home/lucky/.local/lib/python3.10/site-packages/airflow/example_dags/example_setup_teardown_taskflow.py
[2024-03-02T16:35:39.943+0530] {processor.py:830} INFO - Processing file /home/lucky/.local/lib/python3.10/site-packages/airflow/example_dags/example_setup_teardown_taskflow.py for tasks to queue
[2024-03-02T16:35:39.945+0530] {logging_mixin.py:188} INFO - [2024-03-02T16:35:39.944+0530] {dagbag.py:538} INFO - Filling up the DagBag from /home/lucky/.local/lib/python3.10/site-packages/airflow/example_dags/example_setup_teardown_taskflow.py
[2024-03-02T16:35:39.968+0530] {processor.py:840} INFO - DAG(s) 'example_setup_teardown_taskflow' retrieved from /home/lucky/.local/lib/python3.10/site-packages/airflow/example_dags/example_setup_teardown_taskflow.py
[2024-03-02T16:35:40.008+0530] {logging_mixin.py:188} INFO - [2024-03-02T16:35:40.007+0530] {dag.py:3036} INFO - Sync 1 DAGs
[2024-03-02T16:35:40.065+0530] {logging_mixin.py:188} INFO - [2024-03-02T16:35:40.065+0530] {dag.py:3823} INFO - Setting next_dagrun for example_setup_teardown_taskflow to 2024-03-01 00:00:00+00:00, run_after=2024-03-02 00:00:00+00:00
[2024-03-02T16:35:40.113+0530] {processor.py:183} INFO - Processing /home/lucky/.local/lib/python3.10/site-packages/airflow/example_dags/example_setup_teardown_taskflow.py took 0.180 seconds
[2024-03-02T16:36:20.313+0530] {processor.py:161} INFO - Started process (PID=137760) to work on /home/lucky/.local/lib/python3.10/site-packages/airflow/example_dags/example_setup_teardown_taskflow.py
[2024-03-02T16:36:20.315+0530] {processor.py:830} INFO - Processing file /home/lucky/.local/lib/python3.10/site-packages/airflow/example_dags/example_setup_teardown_taskflow.py for tasks to queue
[2024-03-02T16:36:20.316+0530] {logging_mixin.py:188} INFO - [2024-03-02T16:36:20.315+0530] {dagbag.py:538} INFO - Filling up the DagBag from /home/lucky/.local/lib/python3.10/site-packages/airflow/example_dags/example_setup_teardown_taskflow.py
[2024-03-02T16:36:20.328+0530] {processor.py:840} INFO - DAG(s) 'example_setup_teardown_taskflow' retrieved from /home/lucky/.local/lib/python3.10/site-packages/airflow/example_dags/example_setup_teardown_taskflow.py
[2024-03-02T16:36:20.344+0530] {logging_mixin.py:188} INFO - [2024-03-02T16:36:20.344+0530] {dag.py:3036} INFO - Sync 1 DAGs
[2024-03-02T16:36:20.366+0530] {logging_mixin.py:188} INFO - [2024-03-02T16:36:20.365+0530] {dag.py:3823} INFO - Setting next_dagrun for example_setup_teardown_taskflow to 2024-03-01 00:00:00+00:00, run_after=2024-03-02 00:00:00+00:00
[2024-03-02T16:36:20.391+0530] {processor.py:183} INFO - Processing /home/lucky/.local/lib/python3.10/site-packages/airflow/example_dags/example_setup_teardown_taskflow.py took 0.081 seconds
[2024-03-02T16:37:01.658+0530] {processor.py:161} INFO - Started process (PID=138417) to work on /home/lucky/.local/lib/python3.10/site-packages/airflow/example_dags/example_setup_teardown_taskflow.py
[2024-03-02T16:37:01.660+0530] {processor.py:830} INFO - Processing file /home/lucky/.local/lib/python3.10/site-packages/airflow/example_dags/example_setup_teardown_taskflow.py for tasks to queue
[2024-03-02T16:37:01.661+0530] {logging_mixin.py:188} INFO - [2024-03-02T16:37:01.661+0530] {dagbag.py:538} INFO - Filling up the DagBag from /home/lucky/.local/lib/python3.10/site-packages/airflow/example_dags/example_setup_teardown_taskflow.py
[2024-03-02T16:37:01.672+0530] {processor.py:840} INFO - DAG(s) 'example_setup_teardown_taskflow' retrieved from /home/lucky/.local/lib/python3.10/site-packages/airflow/example_dags/example_setup_teardown_taskflow.py
[2024-03-02T16:37:01.691+0530] {logging_mixin.py:188} INFO - [2024-03-02T16:37:01.691+0530] {dag.py:3036} INFO - Sync 1 DAGs
[2024-03-02T16:37:01.712+0530] {logging_mixin.py:188} INFO - [2024-03-02T16:37:01.712+0530] {dag.py:3823} INFO - Setting next_dagrun for example_setup_teardown_taskflow to 2024-03-01 00:00:00+00:00, run_after=2024-03-02 00:00:00+00:00
[2024-03-02T16:37:01.738+0530] {processor.py:183} INFO - Processing /home/lucky/.local/lib/python3.10/site-packages/airflow/example_dags/example_setup_teardown_taskflow.py took 0.083 seconds
