[2024-03-02T13:16:09.601+0530] {processor.py:161} INFO - Started process (PID=4253) to work on /home/lucky/.local/lib/python3.10/site-packages/airflow/example_dags/example_dynamic_task_mapping.py
[2024-03-02T13:16:09.605+0530] {processor.py:830} INFO - Processing file /home/lucky/.local/lib/python3.10/site-packages/airflow/example_dags/example_dynamic_task_mapping.py for tasks to queue
[2024-03-02T13:16:09.608+0530] {logging_mixin.py:188} INFO - [2024-03-02T13:16:09.607+0530] {dagbag.py:538} INFO - Filling up the DagBag from /home/lucky/.local/lib/python3.10/site-packages/airflow/example_dags/example_dynamic_task_mapping.py
[2024-03-02T13:16:09.628+0530] {processor.py:840} INFO - DAG(s) 'example_dynamic_task_mapping' retrieved from /home/lucky/.local/lib/python3.10/site-packages/airflow/example_dags/example_dynamic_task_mapping.py
[2024-03-02T13:16:09.980+0530] {logging_mixin.py:188} INFO - [2024-03-02T13:16:09.979+0530] {dag.py:3036} INFO - Sync 1 DAGs
[2024-03-02T13:16:10.058+0530] {logging_mixin.py:188} INFO - [2024-03-02T13:16:10.057+0530] {dag.py:3823} INFO - Setting next_dagrun for example_dynamic_task_mapping to 2022-03-04 00:00:00+00:00, run_after=2022-03-05 00:00:00+00:00
[2024-03-02T13:16:10.130+0530] {processor.py:183} INFO - Processing /home/lucky/.local/lib/python3.10/site-packages/airflow/example_dags/example_dynamic_task_mapping.py took 0.543 seconds
[2024-03-02T13:17:15.895+0530] {processor.py:161} INFO - Started process (PID=4806) to work on /home/lucky/.local/lib/python3.10/site-packages/airflow/example_dags/example_dynamic_task_mapping.py
[2024-03-02T13:17:15.908+0530] {processor.py:830} INFO - Processing file /home/lucky/.local/lib/python3.10/site-packages/airflow/example_dags/example_dynamic_task_mapping.py for tasks to queue
[2024-03-02T13:17:15.912+0530] {logging_mixin.py:188} INFO - [2024-03-02T13:17:15.911+0530] {dagbag.py:538} INFO - Filling up the DagBag from /home/lucky/.local/lib/python3.10/site-packages/airflow/example_dags/example_dynamic_task_mapping.py
[2024-03-02T13:17:15.930+0530] {processor.py:840} INFO - DAG(s) 'example_dynamic_task_mapping' retrieved from /home/lucky/.local/lib/python3.10/site-packages/airflow/example_dags/example_dynamic_task_mapping.py
[2024-03-02T13:17:15.971+0530] {logging_mixin.py:188} INFO - [2024-03-02T13:17:15.970+0530] {dag.py:3036} INFO - Sync 1 DAGs
[2024-03-02T13:17:16.037+0530] {logging_mixin.py:188} INFO - [2024-03-02T13:17:16.036+0530] {dag.py:3823} INFO - Setting next_dagrun for example_dynamic_task_mapping to 2022-03-04 00:00:00+00:00, run_after=2022-03-05 00:00:00+00:00
[2024-03-02T13:17:16.112+0530] {processor.py:183} INFO - Processing /home/lucky/.local/lib/python3.10/site-packages/airflow/example_dags/example_dynamic_task_mapping.py took 0.223 seconds
[2024-03-02T13:18:13.515+0530] {processor.py:161} INFO - Started process (PID=5646) to work on /home/lucky/.local/lib/python3.10/site-packages/airflow/example_dags/example_dynamic_task_mapping.py
[2024-03-02T13:18:13.528+0530] {processor.py:830} INFO - Processing file /home/lucky/.local/lib/python3.10/site-packages/airflow/example_dags/example_dynamic_task_mapping.py for tasks to queue
[2024-03-02T13:18:13.530+0530] {logging_mixin.py:188} INFO - [2024-03-02T13:18:13.529+0530] {dagbag.py:538} INFO - Filling up the DagBag from /home/lucky/.local/lib/python3.10/site-packages/airflow/example_dags/example_dynamic_task_mapping.py
[2024-03-02T13:18:13.542+0530] {processor.py:840} INFO - DAG(s) 'example_dynamic_task_mapping' retrieved from /home/lucky/.local/lib/python3.10/site-packages/airflow/example_dags/example_dynamic_task_mapping.py
[2024-03-02T13:18:13.569+0530] {logging_mixin.py:188} INFO - [2024-03-02T13:18:13.569+0530] {dag.py:3036} INFO - Sync 1 DAGs
[2024-03-02T13:18:13.621+0530] {logging_mixin.py:188} INFO - [2024-03-02T13:18:13.620+0530] {dag.py:3823} INFO - Setting next_dagrun for example_dynamic_task_mapping to 2022-03-04 00:00:00+00:00, run_after=2022-03-05 00:00:00+00:00
[2024-03-02T13:18:13.676+0530] {processor.py:183} INFO - Processing /home/lucky/.local/lib/python3.10/site-packages/airflow/example_dags/example_dynamic_task_mapping.py took 0.165 seconds
[2024-03-02T13:19:13.023+0530] {processor.py:161} INFO - Started process (PID=6156) to work on /home/lucky/.local/lib/python3.10/site-packages/airflow/example_dags/example_dynamic_task_mapping.py
[2024-03-02T13:19:13.025+0530] {processor.py:830} INFO - Processing file /home/lucky/.local/lib/python3.10/site-packages/airflow/example_dags/example_dynamic_task_mapping.py for tasks to queue
[2024-03-02T13:19:13.028+0530] {logging_mixin.py:188} INFO - [2024-03-02T13:19:13.027+0530] {dagbag.py:538} INFO - Filling up the DagBag from /home/lucky/.local/lib/python3.10/site-packages/airflow/example_dags/example_dynamic_task_mapping.py
[2024-03-02T13:19:13.043+0530] {processor.py:840} INFO - DAG(s) 'example_dynamic_task_mapping' retrieved from /home/lucky/.local/lib/python3.10/site-packages/airflow/example_dags/example_dynamic_task_mapping.py
[2024-03-02T13:19:13.076+0530] {logging_mixin.py:188} INFO - [2024-03-02T13:19:13.075+0530] {dag.py:3036} INFO - Sync 1 DAGs
[2024-03-02T13:19:13.118+0530] {logging_mixin.py:188} INFO - [2024-03-02T13:19:13.117+0530] {dag.py:3823} INFO - Setting next_dagrun for example_dynamic_task_mapping to 2022-03-04 00:00:00+00:00, run_after=2022-03-05 00:00:00+00:00
[2024-03-02T13:19:13.197+0530] {processor.py:183} INFO - Processing /home/lucky/.local/lib/python3.10/site-packages/airflow/example_dags/example_dynamic_task_mapping.py took 0.180 seconds
[2024-03-02T13:20:11.792+0530] {processor.py:161} INFO - Started process (PID=6988) to work on /home/lucky/.local/lib/python3.10/site-packages/airflow/example_dags/example_dynamic_task_mapping.py
[2024-03-02T13:20:11.804+0530] {processor.py:830} INFO - Processing file /home/lucky/.local/lib/python3.10/site-packages/airflow/example_dags/example_dynamic_task_mapping.py for tasks to queue
[2024-03-02T13:20:11.806+0530] {logging_mixin.py:188} INFO - [2024-03-02T13:20:11.806+0530] {dagbag.py:538} INFO - Filling up the DagBag from /home/lucky/.local/lib/python3.10/site-packages/airflow/example_dags/example_dynamic_task_mapping.py
[2024-03-02T13:20:11.818+0530] {processor.py:840} INFO - DAG(s) 'example_dynamic_task_mapping' retrieved from /home/lucky/.local/lib/python3.10/site-packages/airflow/example_dags/example_dynamic_task_mapping.py
[2024-03-02T13:20:11.849+0530] {logging_mixin.py:188} INFO - [2024-03-02T13:20:11.848+0530] {dag.py:3036} INFO - Sync 1 DAGs
[2024-03-02T13:20:11.887+0530] {logging_mixin.py:188} INFO - [2024-03-02T13:20:11.886+0530] {dag.py:3823} INFO - Setting next_dagrun for example_dynamic_task_mapping to 2022-03-04 00:00:00+00:00, run_after=2022-03-05 00:00:00+00:00
[2024-03-02T13:20:11.932+0530] {processor.py:183} INFO - Processing /home/lucky/.local/lib/python3.10/site-packages/airflow/example_dags/example_dynamic_task_mapping.py took 0.144 seconds
[2024-03-02T13:21:37.663+0530] {processor.py:161} INFO - Started process (PID=8095) to work on /home/lucky/.local/lib/python3.10/site-packages/airflow/example_dags/example_dynamic_task_mapping.py
[2024-03-02T13:21:37.676+0530] {processor.py:830} INFO - Processing file /home/lucky/.local/lib/python3.10/site-packages/airflow/example_dags/example_dynamic_task_mapping.py for tasks to queue
[2024-03-02T13:21:37.679+0530] {logging_mixin.py:188} INFO - [2024-03-02T13:21:37.678+0530] {dagbag.py:538} INFO - Filling up the DagBag from /home/lucky/.local/lib/python3.10/site-packages/airflow/example_dags/example_dynamic_task_mapping.py
[2024-03-02T13:21:37.695+0530] {processor.py:840} INFO - DAG(s) 'example_dynamic_task_mapping' retrieved from /home/lucky/.local/lib/python3.10/site-packages/airflow/example_dags/example_dynamic_task_mapping.py
[2024-03-02T13:21:37.733+0530] {logging_mixin.py:188} INFO - [2024-03-02T13:21:37.732+0530] {dag.py:3036} INFO - Sync 1 DAGs
[2024-03-02T13:21:37.786+0530] {logging_mixin.py:188} INFO - [2024-03-02T13:21:37.786+0530] {dag.py:3823} INFO - Setting next_dagrun for example_dynamic_task_mapping to 2022-03-04 00:00:00+00:00, run_after=2022-03-05 00:00:00+00:00
[2024-03-02T13:21:37.875+0530] {processor.py:183} INFO - Processing /home/lucky/.local/lib/python3.10/site-packages/airflow/example_dags/example_dynamic_task_mapping.py took 0.219 seconds
[2024-03-02T13:22:39.233+0530] {processor.py:161} INFO - Started process (PID=8729) to work on /home/lucky/.local/lib/python3.10/site-packages/airflow/example_dags/example_dynamic_task_mapping.py
[2024-03-02T13:22:39.248+0530] {processor.py:830} INFO - Processing file /home/lucky/.local/lib/python3.10/site-packages/airflow/example_dags/example_dynamic_task_mapping.py for tasks to queue
[2024-03-02T13:22:39.250+0530] {logging_mixin.py:188} INFO - [2024-03-02T13:22:39.249+0530] {dagbag.py:538} INFO - Filling up the DagBag from /home/lucky/.local/lib/python3.10/site-packages/airflow/example_dags/example_dynamic_task_mapping.py
[2024-03-02T13:22:39.273+0530] {processor.py:840} INFO - DAG(s) 'example_dynamic_task_mapping' retrieved from /home/lucky/.local/lib/python3.10/site-packages/airflow/example_dags/example_dynamic_task_mapping.py
[2024-03-02T13:22:39.308+0530] {logging_mixin.py:188} INFO - [2024-03-02T13:22:39.307+0530] {dag.py:3036} INFO - Sync 1 DAGs
[2024-03-02T13:22:39.363+0530] {logging_mixin.py:188} INFO - [2024-03-02T13:22:39.363+0530] {dag.py:3823} INFO - Setting next_dagrun for example_dynamic_task_mapping to 2022-03-04 00:00:00+00:00, run_after=2022-03-05 00:00:00+00:00
[2024-03-02T13:22:39.443+0530] {processor.py:183} INFO - Processing /home/lucky/.local/lib/python3.10/site-packages/airflow/example_dags/example_dynamic_task_mapping.py took 0.216 seconds
[2024-03-02T13:23:49.390+0530] {processor.py:161} INFO - Started process (PID=9697) to work on /home/lucky/.local/lib/python3.10/site-packages/airflow/example_dags/example_dynamic_task_mapping.py
[2024-03-02T13:23:49.393+0530] {processor.py:830} INFO - Processing file /home/lucky/.local/lib/python3.10/site-packages/airflow/example_dags/example_dynamic_task_mapping.py for tasks to queue
[2024-03-02T13:23:49.395+0530] {logging_mixin.py:188} INFO - [2024-03-02T13:23:49.394+0530] {dagbag.py:538} INFO - Filling up the DagBag from /home/lucky/.local/lib/python3.10/site-packages/airflow/example_dags/example_dynamic_task_mapping.py
[2024-03-02T13:23:49.411+0530] {processor.py:840} INFO - DAG(s) 'example_dynamic_task_mapping' retrieved from /home/lucky/.local/lib/python3.10/site-packages/airflow/example_dags/example_dynamic_task_mapping.py
[2024-03-02T13:23:49.439+0530] {logging_mixin.py:188} INFO - [2024-03-02T13:23:49.438+0530] {dag.py:3036} INFO - Sync 1 DAGs
[2024-03-02T13:23:49.495+0530] {logging_mixin.py:188} INFO - [2024-03-02T13:23:49.494+0530] {dag.py:3823} INFO - Setting next_dagrun for example_dynamic_task_mapping to 2022-03-04 00:00:00+00:00, run_after=2022-03-05 00:00:00+00:00
[2024-03-02T13:23:49.564+0530] {processor.py:183} INFO - Processing /home/lucky/.local/lib/python3.10/site-packages/airflow/example_dags/example_dynamic_task_mapping.py took 0.178 seconds
[2024-03-02T13:24:51.900+0530] {processor.py:161} INFO - Started process (PID=10249) to work on /home/lucky/.local/lib/python3.10/site-packages/airflow/example_dags/example_dynamic_task_mapping.py
[2024-03-02T13:24:51.904+0530] {processor.py:830} INFO - Processing file /home/lucky/.local/lib/python3.10/site-packages/airflow/example_dags/example_dynamic_task_mapping.py for tasks to queue
[2024-03-02T13:24:51.907+0530] {logging_mixin.py:188} INFO - [2024-03-02T13:24:51.906+0530] {dagbag.py:538} INFO - Filling up the DagBag from /home/lucky/.local/lib/python3.10/site-packages/airflow/example_dags/example_dynamic_task_mapping.py
[2024-03-02T13:24:51.927+0530] {processor.py:840} INFO - DAG(s) 'example_dynamic_task_mapping' retrieved from /home/lucky/.local/lib/python3.10/site-packages/airflow/example_dags/example_dynamic_task_mapping.py
[2024-03-02T13:24:51.973+0530] {logging_mixin.py:188} INFO - [2024-03-02T13:24:51.973+0530] {dag.py:3036} INFO - Sync 1 DAGs
[2024-03-02T13:24:52.065+0530] {logging_mixin.py:188} INFO - [2024-03-02T13:24:52.064+0530] {dag.py:3823} INFO - Setting next_dagrun for example_dynamic_task_mapping to 2022-03-04 00:00:00+00:00, run_after=2022-03-05 00:00:00+00:00
[2024-03-02T13:24:52.153+0530] {processor.py:183} INFO - Processing /home/lucky/.local/lib/python3.10/site-packages/airflow/example_dags/example_dynamic_task_mapping.py took 0.260 seconds
[2024-03-02T13:25:54.717+0530] {processor.py:161} INFO - Started process (PID=11164) to work on /home/lucky/.local/lib/python3.10/site-packages/airflow/example_dags/example_dynamic_task_mapping.py
[2024-03-02T13:25:54.720+0530] {processor.py:830} INFO - Processing file /home/lucky/.local/lib/python3.10/site-packages/airflow/example_dags/example_dynamic_task_mapping.py for tasks to queue
[2024-03-02T13:25:54.722+0530] {logging_mixin.py:188} INFO - [2024-03-02T13:25:54.721+0530] {dagbag.py:538} INFO - Filling up the DagBag from /home/lucky/.local/lib/python3.10/site-packages/airflow/example_dags/example_dynamic_task_mapping.py
[2024-03-02T13:25:54.738+0530] {processor.py:840} INFO - DAG(s) 'example_dynamic_task_mapping' retrieved from /home/lucky/.local/lib/python3.10/site-packages/airflow/example_dags/example_dynamic_task_mapping.py
[2024-03-02T13:25:54.778+0530] {logging_mixin.py:188} INFO - [2024-03-02T13:25:54.777+0530] {dag.py:3036} INFO - Sync 1 DAGs
[2024-03-02T13:25:54.835+0530] {logging_mixin.py:188} INFO - [2024-03-02T13:25:54.834+0530] {dag.py:3823} INFO - Setting next_dagrun for example_dynamic_task_mapping to 2022-03-04 00:00:00+00:00, run_after=2022-03-05 00:00:00+00:00
[2024-03-02T13:25:54.905+0530] {processor.py:183} INFO - Processing /home/lucky/.local/lib/python3.10/site-packages/airflow/example_dags/example_dynamic_task_mapping.py took 0.192 seconds
[2024-03-02T13:26:54.794+0530] {processor.py:161} INFO - Started process (PID=11698) to work on /home/lucky/.local/lib/python3.10/site-packages/airflow/example_dags/example_dynamic_task_mapping.py
[2024-03-02T13:26:54.798+0530] {processor.py:830} INFO - Processing file /home/lucky/.local/lib/python3.10/site-packages/airflow/example_dags/example_dynamic_task_mapping.py for tasks to queue
[2024-03-02T13:26:54.803+0530] {logging_mixin.py:188} INFO - [2024-03-02T13:26:54.801+0530] {dagbag.py:538} INFO - Filling up the DagBag from /home/lucky/.local/lib/python3.10/site-packages/airflow/example_dags/example_dynamic_task_mapping.py
[2024-03-02T13:26:54.839+0530] {processor.py:840} INFO - DAG(s) 'example_dynamic_task_mapping' retrieved from /home/lucky/.local/lib/python3.10/site-packages/airflow/example_dags/example_dynamic_task_mapping.py
[2024-03-02T13:26:54.879+0530] {logging_mixin.py:188} INFO - [2024-03-02T13:26:54.878+0530] {dag.py:3036} INFO - Sync 1 DAGs
[2024-03-02T13:26:54.944+0530] {logging_mixin.py:188} INFO - [2024-03-02T13:26:54.943+0530] {dag.py:3823} INFO - Setting next_dagrun for example_dynamic_task_mapping to 2022-03-04 00:00:00+00:00, run_after=2022-03-05 00:00:00+00:00
[2024-03-02T13:26:55.018+0530] {processor.py:183} INFO - Processing /home/lucky/.local/lib/python3.10/site-packages/airflow/example_dags/example_dynamic_task_mapping.py took 0.232 seconds
[2024-03-02T13:35:17.547+0530] {processor.py:161} INFO - Started process (PID=17693) to work on /home/lucky/.local/lib/python3.10/site-packages/airflow/example_dags/example_dynamic_task_mapping.py
[2024-03-02T13:35:17.562+0530] {processor.py:830} INFO - Processing file /home/lucky/.local/lib/python3.10/site-packages/airflow/example_dags/example_dynamic_task_mapping.py for tasks to queue
[2024-03-02T13:35:17.564+0530] {logging_mixin.py:188} INFO - [2024-03-02T13:35:17.563+0530] {dagbag.py:538} INFO - Filling up the DagBag from /home/lucky/.local/lib/python3.10/site-packages/airflow/example_dags/example_dynamic_task_mapping.py
[2024-03-02T13:35:17.577+0530] {processor.py:840} INFO - DAG(s) 'example_dynamic_task_mapping' retrieved from /home/lucky/.local/lib/python3.10/site-packages/airflow/example_dags/example_dynamic_task_mapping.py
[2024-03-02T13:35:17.608+0530] {logging_mixin.py:188} INFO - [2024-03-02T13:35:17.607+0530] {dag.py:3036} INFO - Sync 1 DAGs
[2024-03-02T13:35:17.653+0530] {logging_mixin.py:188} INFO - [2024-03-02T13:35:17.653+0530] {dag.py:3823} INFO - Setting next_dagrun for example_dynamic_task_mapping to 2022-03-04 00:00:00+00:00, run_after=2022-03-05 00:00:00+00:00
[2024-03-02T13:35:17.715+0530] {processor.py:183} INFO - Processing /home/lucky/.local/lib/python3.10/site-packages/airflow/example_dags/example_dynamic_task_mapping.py took 0.179 seconds
[2024-03-02T13:38:15.072+0530] {processor.py:161} INFO - Started process (PID=19616) to work on /home/lucky/.local/lib/python3.10/site-packages/airflow/example_dags/example_dynamic_task_mapping.py
[2024-03-02T13:38:15.087+0530] {processor.py:830} INFO - Processing file /home/lucky/.local/lib/python3.10/site-packages/airflow/example_dags/example_dynamic_task_mapping.py for tasks to queue
[2024-03-02T13:38:15.090+0530] {logging_mixin.py:188} INFO - [2024-03-02T13:38:15.089+0530] {dagbag.py:538} INFO - Filling up the DagBag from /home/lucky/.local/lib/python3.10/site-packages/airflow/example_dags/example_dynamic_task_mapping.py
[2024-03-02T13:38:15.113+0530] {processor.py:840} INFO - DAG(s) 'example_dynamic_task_mapping' retrieved from /home/lucky/.local/lib/python3.10/site-packages/airflow/example_dags/example_dynamic_task_mapping.py
[2024-03-02T13:38:15.166+0530] {logging_mixin.py:188} INFO - [2024-03-02T13:38:15.165+0530] {dag.py:3036} INFO - Sync 1 DAGs
[2024-03-02T13:38:15.248+0530] {logging_mixin.py:188} INFO - [2024-03-02T13:38:15.248+0530] {dag.py:3823} INFO - Setting next_dagrun for example_dynamic_task_mapping to 2022-03-04 00:00:00+00:00, run_after=2022-03-05 00:00:00+00:00
[2024-03-02T13:38:15.329+0530] {processor.py:183} INFO - Processing /home/lucky/.local/lib/python3.10/site-packages/airflow/example_dags/example_dynamic_task_mapping.py took 0.265 seconds
[2024-03-02T16:15:57.380+0530] {processor.py:161} INFO - Started process (PID=121615) to work on /home/lucky/.local/lib/python3.10/site-packages/airflow/example_dags/example_dynamic_task_mapping.py
[2024-03-02T16:15:57.384+0530] {processor.py:830} INFO - Processing file /home/lucky/.local/lib/python3.10/site-packages/airflow/example_dags/example_dynamic_task_mapping.py for tasks to queue
[2024-03-02T16:15:57.386+0530] {logging_mixin.py:188} INFO - [2024-03-02T16:15:57.385+0530] {dagbag.py:538} INFO - Filling up the DagBag from /home/lucky/.local/lib/python3.10/site-packages/airflow/example_dags/example_dynamic_task_mapping.py
[2024-03-02T16:15:57.401+0530] {processor.py:840} INFO - DAG(s) 'example_dynamic_task_mapping' retrieved from /home/lucky/.local/lib/python3.10/site-packages/airflow/example_dags/example_dynamic_task_mapping.py
[2024-03-02T16:15:57.441+0530] {logging_mixin.py:188} INFO - [2024-03-02T16:15:57.440+0530] {dag.py:3036} INFO - Sync 1 DAGs
[2024-03-02T16:15:57.508+0530] {logging_mixin.py:188} INFO - [2024-03-02T16:15:57.507+0530] {dag.py:3823} INFO - Setting next_dagrun for example_dynamic_task_mapping to 2022-03-04 00:00:00+00:00, run_after=2022-03-05 00:00:00+00:00
[2024-03-02T16:15:57.565+0530] {processor.py:183} INFO - Processing /home/lucky/.local/lib/python3.10/site-packages/airflow/example_dags/example_dynamic_task_mapping.py took 0.191 seconds
[2024-03-02T16:21:10.589+0530] {processor.py:161} INFO - Started process (PID=125842) to work on /home/lucky/.local/lib/python3.10/site-packages/airflow/example_dags/example_dynamic_task_mapping.py
[2024-03-02T16:21:10.591+0530] {processor.py:830} INFO - Processing file /home/lucky/.local/lib/python3.10/site-packages/airflow/example_dags/example_dynamic_task_mapping.py for tasks to queue
[2024-03-02T16:21:10.592+0530] {logging_mixin.py:188} INFO - [2024-03-02T16:21:10.592+0530] {dagbag.py:538} INFO - Filling up the DagBag from /home/lucky/.local/lib/python3.10/site-packages/airflow/example_dags/example_dynamic_task_mapping.py
[2024-03-02T16:21:10.604+0530] {processor.py:840} INFO - DAG(s) 'example_dynamic_task_mapping' retrieved from /home/lucky/.local/lib/python3.10/site-packages/airflow/example_dags/example_dynamic_task_mapping.py
[2024-03-02T16:21:10.631+0530] {logging_mixin.py:188} INFO - [2024-03-02T16:21:10.630+0530] {dag.py:3036} INFO - Sync 1 DAGs
[2024-03-02T16:21:10.690+0530] {logging_mixin.py:188} INFO - [2024-03-02T16:21:10.689+0530] {dag.py:3823} INFO - Setting next_dagrun for example_dynamic_task_mapping to 2022-03-04 00:00:00+00:00, run_after=2022-03-05 00:00:00+00:00
[2024-03-02T16:21:10.725+0530] {processor.py:183} INFO - Processing /home/lucky/.local/lib/python3.10/site-packages/airflow/example_dags/example_dynamic_task_mapping.py took 0.141 seconds
[2024-03-02T16:22:19.070+0530] {processor.py:161} INFO - Started process (PID=126743) to work on /home/lucky/.local/lib/python3.10/site-packages/airflow/example_dags/example_dynamic_task_mapping.py
[2024-03-02T16:22:19.072+0530] {processor.py:830} INFO - Processing file /home/lucky/.local/lib/python3.10/site-packages/airflow/example_dags/example_dynamic_task_mapping.py for tasks to queue
[2024-03-02T16:22:19.074+0530] {logging_mixin.py:188} INFO - [2024-03-02T16:22:19.073+0530] {dagbag.py:538} INFO - Filling up the DagBag from /home/lucky/.local/lib/python3.10/site-packages/airflow/example_dags/example_dynamic_task_mapping.py
[2024-03-02T16:22:19.080+0530] {processor.py:840} INFO - DAG(s) 'example_dynamic_task_mapping' retrieved from /home/lucky/.local/lib/python3.10/site-packages/airflow/example_dags/example_dynamic_task_mapping.py
[2024-03-02T16:22:19.094+0530] {logging_mixin.py:188} INFO - [2024-03-02T16:22:19.094+0530] {dag.py:3036} INFO - Sync 1 DAGs
[2024-03-02T16:22:19.119+0530] {logging_mixin.py:188} INFO - [2024-03-02T16:22:19.119+0530] {dag.py:3823} INFO - Setting next_dagrun for example_dynamic_task_mapping to 2022-03-04 00:00:00+00:00, run_after=2022-03-05 00:00:00+00:00
[2024-03-02T16:22:19.148+0530] {processor.py:183} INFO - Processing /home/lucky/.local/lib/python3.10/site-packages/airflow/example_dags/example_dynamic_task_mapping.py took 0.081 seconds
[2024-03-02T16:33:12.631+0530] {processor.py:161} INFO - Started process (PID=135217) to work on /home/lucky/.local/lib/python3.10/site-packages/airflow/example_dags/example_dynamic_task_mapping.py
[2024-03-02T16:33:12.633+0530] {processor.py:830} INFO - Processing file /home/lucky/.local/lib/python3.10/site-packages/airflow/example_dags/example_dynamic_task_mapping.py for tasks to queue
[2024-03-02T16:33:12.635+0530] {logging_mixin.py:188} INFO - [2024-03-02T16:33:12.634+0530] {dagbag.py:538} INFO - Filling up the DagBag from /home/lucky/.local/lib/python3.10/site-packages/airflow/example_dags/example_dynamic_task_mapping.py
[2024-03-02T16:33:12.645+0530] {processor.py:840} INFO - DAG(s) 'example_dynamic_task_mapping' retrieved from /home/lucky/.local/lib/python3.10/site-packages/airflow/example_dags/example_dynamic_task_mapping.py
[2024-03-02T16:33:12.665+0530] {logging_mixin.py:188} INFO - [2024-03-02T16:33:12.665+0530] {dag.py:3036} INFO - Sync 1 DAGs
[2024-03-02T16:33:12.694+0530] {logging_mixin.py:188} INFO - [2024-03-02T16:33:12.693+0530] {dag.py:3823} INFO - Setting next_dagrun for example_dynamic_task_mapping to 2022-03-04 00:00:00+00:00, run_after=2022-03-05 00:00:00+00:00
[2024-03-02T16:33:12.719+0530] {processor.py:183} INFO - Processing /home/lucky/.local/lib/python3.10/site-packages/airflow/example_dags/example_dynamic_task_mapping.py took 0.092 seconds
[2024-03-02T16:34:15.148+0530] {processor.py:161} INFO - Started process (PID=136228) to work on /home/lucky/.local/lib/python3.10/site-packages/airflow/example_dags/example_dynamic_task_mapping.py
[2024-03-02T16:34:15.149+0530] {processor.py:830} INFO - Processing file /home/lucky/.local/lib/python3.10/site-packages/airflow/example_dags/example_dynamic_task_mapping.py for tasks to queue
[2024-03-02T16:34:15.150+0530] {logging_mixin.py:188} INFO - [2024-03-02T16:34:15.150+0530] {dagbag.py:538} INFO - Filling up the DagBag from /home/lucky/.local/lib/python3.10/site-packages/airflow/example_dags/example_dynamic_task_mapping.py
[2024-03-02T16:34:15.157+0530] {processor.py:840} INFO - DAG(s) 'example_dynamic_task_mapping' retrieved from /home/lucky/.local/lib/python3.10/site-packages/airflow/example_dags/example_dynamic_task_mapping.py
[2024-03-02T16:34:15.170+0530] {logging_mixin.py:188} INFO - [2024-03-02T16:34:15.170+0530] {dag.py:3036} INFO - Sync 1 DAGs
[2024-03-02T16:34:15.192+0530] {logging_mixin.py:188} INFO - [2024-03-02T16:34:15.191+0530] {dag.py:3823} INFO - Setting next_dagrun for example_dynamic_task_mapping to 2022-03-04 00:00:00+00:00, run_after=2022-03-05 00:00:00+00:00
[2024-03-02T16:34:15.215+0530] {processor.py:183} INFO - Processing /home/lucky/.local/lib/python3.10/site-packages/airflow/example_dags/example_dynamic_task_mapping.py took 0.070 seconds
[2024-03-02T16:35:12.580+0530] {processor.py:161} INFO - Started process (PID=137030) to work on /home/lucky/.local/lib/python3.10/site-packages/airflow/example_dags/example_dynamic_task_mapping.py
[2024-03-02T16:35:12.582+0530] {processor.py:830} INFO - Processing file /home/lucky/.local/lib/python3.10/site-packages/airflow/example_dags/example_dynamic_task_mapping.py for tasks to queue
[2024-03-02T16:35:12.584+0530] {logging_mixin.py:188} INFO - [2024-03-02T16:35:12.583+0530] {dagbag.py:538} INFO - Filling up the DagBag from /home/lucky/.local/lib/python3.10/site-packages/airflow/example_dags/example_dynamic_task_mapping.py
[2024-03-02T16:35:12.593+0530] {processor.py:840} INFO - DAG(s) 'example_dynamic_task_mapping' retrieved from /home/lucky/.local/lib/python3.10/site-packages/airflow/example_dags/example_dynamic_task_mapping.py
[2024-03-02T16:35:12.610+0530] {logging_mixin.py:188} INFO - [2024-03-02T16:35:12.609+0530] {dag.py:3036} INFO - Sync 1 DAGs
[2024-03-02T16:35:12.632+0530] {logging_mixin.py:188} INFO - [2024-03-02T16:35:12.632+0530] {dag.py:3823} INFO - Setting next_dagrun for example_dynamic_task_mapping to 2022-03-04 00:00:00+00:00, run_after=2022-03-05 00:00:00+00:00
[2024-03-02T16:35:12.658+0530] {processor.py:183} INFO - Processing /home/lucky/.local/lib/python3.10/site-packages/airflow/example_dags/example_dynamic_task_mapping.py took 0.082 seconds
[2024-03-02T16:36:13.617+0530] {processor.py:161} INFO - Started process (PID=137706) to work on /home/lucky/.local/lib/python3.10/site-packages/airflow/example_dags/example_dynamic_task_mapping.py
[2024-03-02T16:36:13.618+0530] {processor.py:830} INFO - Processing file /home/lucky/.local/lib/python3.10/site-packages/airflow/example_dags/example_dynamic_task_mapping.py for tasks to queue
[2024-03-02T16:36:13.619+0530] {logging_mixin.py:188} INFO - [2024-03-02T16:36:13.619+0530] {dagbag.py:538} INFO - Filling up the DagBag from /home/lucky/.local/lib/python3.10/site-packages/airflow/example_dags/example_dynamic_task_mapping.py
[2024-03-02T16:36:13.626+0530] {processor.py:840} INFO - DAG(s) 'example_dynamic_task_mapping' retrieved from /home/lucky/.local/lib/python3.10/site-packages/airflow/example_dags/example_dynamic_task_mapping.py
[2024-03-02T16:36:13.640+0530] {logging_mixin.py:188} INFO - [2024-03-02T16:36:13.640+0530] {dag.py:3036} INFO - Sync 1 DAGs
[2024-03-02T16:36:13.661+0530] {logging_mixin.py:188} INFO - [2024-03-02T16:36:13.660+0530] {dag.py:3823} INFO - Setting next_dagrun for example_dynamic_task_mapping to 2022-03-04 00:00:00+00:00, run_after=2022-03-05 00:00:00+00:00
[2024-03-02T16:36:13.683+0530] {processor.py:183} INFO - Processing /home/lucky/.local/lib/python3.10/site-packages/airflow/example_dags/example_dynamic_task_mapping.py took 0.070 seconds
[2024-03-02T16:37:16.095+0530] {processor.py:161} INFO - Started process (PID=138643) to work on /home/lucky/.local/lib/python3.10/site-packages/airflow/example_dags/example_dynamic_task_mapping.py
[2024-03-02T16:37:16.099+0530] {processor.py:830} INFO - Processing file /home/lucky/.local/lib/python3.10/site-packages/airflow/example_dags/example_dynamic_task_mapping.py for tasks to queue
[2024-03-02T16:37:16.102+0530] {logging_mixin.py:188} INFO - [2024-03-02T16:37:16.101+0530] {dagbag.py:538} INFO - Filling up the DagBag from /home/lucky/.local/lib/python3.10/site-packages/airflow/example_dags/example_dynamic_task_mapping.py
[2024-03-02T16:37:16.127+0530] {processor.py:840} INFO - DAG(s) 'example_dynamic_task_mapping' retrieved from /home/lucky/.local/lib/python3.10/site-packages/airflow/example_dags/example_dynamic_task_mapping.py
[2024-03-02T16:37:16.189+0530] {logging_mixin.py:188} INFO - [2024-03-02T16:37:16.187+0530] {dag.py:3036} INFO - Sync 1 DAGs
[2024-03-02T16:37:16.296+0530] {logging_mixin.py:188} INFO - [2024-03-02T16:37:16.296+0530] {dag.py:3823} INFO - Setting next_dagrun for example_dynamic_task_mapping to 2022-03-04 00:00:00+00:00, run_after=2022-03-05 00:00:00+00:00
[2024-03-02T16:37:16.412+0530] {processor.py:183} INFO - Processing /home/lucky/.local/lib/python3.10/site-packages/airflow/example_dags/example_dynamic_task_mapping.py took 0.326 seconds
