[2024-03-02T13:15:36.505+0530] {processor.py:161} INFO - Started process (PID=3996) to work on /home/lucky/.local/lib/python3.10/site-packages/airflow/example_dags/example_external_task_marker_dag.py
[2024-03-02T13:15:36.507+0530] {processor.py:830} INFO - Processing file /home/lucky/.local/lib/python3.10/site-packages/airflow/example_dags/example_external_task_marker_dag.py for tasks to queue
[2024-03-02T13:15:36.509+0530] {logging_mixin.py:188} INFO - [2024-03-02T13:15:36.508+0530] {dagbag.py:538} INFO - Filling up the DagBag from /home/lucky/.local/lib/python3.10/site-packages/airflow/example_dags/example_external_task_marker_dag.py
[2024-03-02T13:15:36.521+0530] {processor.py:840} INFO - DAG(s) 'example_external_task_marker_child', 'example_external_task_marker_parent' retrieved from /home/lucky/.local/lib/python3.10/site-packages/airflow/example_dags/example_external_task_marker_dag.py
[2024-03-02T13:15:36.772+0530] {logging_mixin.py:188} INFO - [2024-03-02T13:15:36.771+0530] {dag.py:3036} INFO - Sync 2 DAGs
[2024-03-02T13:15:36.810+0530] {logging_mixin.py:188} INFO - [2024-03-02T13:15:36.808+0530] {dag.py:3823} INFO - Setting next_dagrun for example_external_task_marker_child to None, run_after=None
[2024-03-02T13:15:36.823+0530] {logging_mixin.py:188} INFO - [2024-03-02T13:15:36.822+0530] {dag.py:3823} INFO - Setting next_dagrun for example_external_task_marker_parent to None, run_after=None
[2024-03-02T13:15:36.926+0530] {processor.py:183} INFO - Processing /home/lucky/.local/lib/python3.10/site-packages/airflow/example_dags/example_external_task_marker_dag.py took 0.425 seconds
[2024-03-02T13:16:41.981+0530] {processor.py:161} INFO - Started process (PID=4521) to work on /home/lucky/.local/lib/python3.10/site-packages/airflow/example_dags/example_external_task_marker_dag.py
[2024-03-02T13:16:41.984+0530] {processor.py:830} INFO - Processing file /home/lucky/.local/lib/python3.10/site-packages/airflow/example_dags/example_external_task_marker_dag.py for tasks to queue
[2024-03-02T13:16:41.986+0530] {logging_mixin.py:188} INFO - [2024-03-02T13:16:41.985+0530] {dagbag.py:538} INFO - Filling up the DagBag from /home/lucky/.local/lib/python3.10/site-packages/airflow/example_dags/example_external_task_marker_dag.py
[2024-03-02T13:16:41.998+0530] {processor.py:840} INFO - DAG(s) 'example_external_task_marker_child', 'example_external_task_marker_parent' retrieved from /home/lucky/.local/lib/python3.10/site-packages/airflow/example_dags/example_external_task_marker_dag.py
[2024-03-02T13:16:42.049+0530] {logging_mixin.py:188} INFO - [2024-03-02T13:16:42.048+0530] {dag.py:3036} INFO - Sync 2 DAGs
[2024-03-02T13:16:42.097+0530] {logging_mixin.py:188} INFO - [2024-03-02T13:16:42.096+0530] {dag.py:3823} INFO - Setting next_dagrun for example_external_task_marker_child to None, run_after=None
[2024-03-02T13:16:42.111+0530] {logging_mixin.py:188} INFO - [2024-03-02T13:16:42.109+0530] {dag.py:3823} INFO - Setting next_dagrun for example_external_task_marker_parent to None, run_after=None
[2024-03-02T13:16:42.193+0530] {processor.py:183} INFO - Processing /home/lucky/.local/lib/python3.10/site-packages/airflow/example_dags/example_external_task_marker_dag.py took 0.217 seconds
[2024-03-02T13:17:41.486+0530] {processor.py:161} INFO - Started process (PID=5388) to work on /home/lucky/.local/lib/python3.10/site-packages/airflow/example_dags/example_external_task_marker_dag.py
[2024-03-02T13:17:41.489+0530] {processor.py:830} INFO - Processing file /home/lucky/.local/lib/python3.10/site-packages/airflow/example_dags/example_external_task_marker_dag.py for tasks to queue
[2024-03-02T13:17:41.492+0530] {logging_mixin.py:188} INFO - [2024-03-02T13:17:41.491+0530] {dagbag.py:538} INFO - Filling up the DagBag from /home/lucky/.local/lib/python3.10/site-packages/airflow/example_dags/example_external_task_marker_dag.py
[2024-03-02T13:17:41.502+0530] {processor.py:840} INFO - DAG(s) 'example_external_task_marker_parent', 'example_external_task_marker_child' retrieved from /home/lucky/.local/lib/python3.10/site-packages/airflow/example_dags/example_external_task_marker_dag.py
[2024-03-02T13:17:41.536+0530] {logging_mixin.py:188} INFO - [2024-03-02T13:17:41.536+0530] {dag.py:3036} INFO - Sync 2 DAGs
[2024-03-02T13:17:41.558+0530] {logging_mixin.py:188} INFO - [2024-03-02T13:17:41.557+0530] {dag.py:3823} INFO - Setting next_dagrun for example_external_task_marker_child to None, run_after=None
[2024-03-02T13:17:41.565+0530] {logging_mixin.py:188} INFO - [2024-03-02T13:17:41.564+0530] {dag.py:3823} INFO - Setting next_dagrun for example_external_task_marker_parent to None, run_after=None
[2024-03-02T13:17:41.610+0530] {processor.py:183} INFO - Processing /home/lucky/.local/lib/python3.10/site-packages/airflow/example_dags/example_external_task_marker_dag.py took 0.129 seconds
[2024-03-02T13:18:41.871+0530] {processor.py:161} INFO - Started process (PID=5897) to work on /home/lucky/.local/lib/python3.10/site-packages/airflow/example_dags/example_external_task_marker_dag.py
[2024-03-02T13:18:41.875+0530] {processor.py:830} INFO - Processing file /home/lucky/.local/lib/python3.10/site-packages/airflow/example_dags/example_external_task_marker_dag.py for tasks to queue
[2024-03-02T13:18:41.878+0530] {logging_mixin.py:188} INFO - [2024-03-02T13:18:41.877+0530] {dagbag.py:538} INFO - Filling up the DagBag from /home/lucky/.local/lib/python3.10/site-packages/airflow/example_dags/example_external_task_marker_dag.py
[2024-03-02T13:18:41.892+0530] {processor.py:840} INFO - DAG(s) 'example_external_task_marker_parent', 'example_external_task_marker_child' retrieved from /home/lucky/.local/lib/python3.10/site-packages/airflow/example_dags/example_external_task_marker_dag.py
[2024-03-02T13:18:41.951+0530] {logging_mixin.py:188} INFO - [2024-03-02T13:18:41.949+0530] {dag.py:3036} INFO - Sync 2 DAGs
[2024-03-02T13:18:41.986+0530] {logging_mixin.py:188} INFO - [2024-03-02T13:18:41.985+0530] {dag.py:3823} INFO - Setting next_dagrun for example_external_task_marker_child to None, run_after=None
[2024-03-02T13:18:41.995+0530] {logging_mixin.py:188} INFO - [2024-03-02T13:18:41.994+0530] {dag.py:3823} INFO - Setting next_dagrun for example_external_task_marker_parent to None, run_after=None
[2024-03-02T13:18:42.064+0530] {processor.py:183} INFO - Processing /home/lucky/.local/lib/python3.10/site-packages/airflow/example_dags/example_external_task_marker_dag.py took 0.203 seconds
[2024-03-02T13:19:39.443+0530] {processor.py:161} INFO - Started process (PID=6728) to work on /home/lucky/.local/lib/python3.10/site-packages/airflow/example_dags/example_external_task_marker_dag.py
[2024-03-02T13:19:39.462+0530] {processor.py:830} INFO - Processing file /home/lucky/.local/lib/python3.10/site-packages/airflow/example_dags/example_external_task_marker_dag.py for tasks to queue
[2024-03-02T13:19:39.467+0530] {logging_mixin.py:188} INFO - [2024-03-02T13:19:39.465+0530] {dagbag.py:538} INFO - Filling up the DagBag from /home/lucky/.local/lib/python3.10/site-packages/airflow/example_dags/example_external_task_marker_dag.py
[2024-03-02T13:19:39.508+0530] {processor.py:840} INFO - DAG(s) 'example_external_task_marker_child', 'example_external_task_marker_parent' retrieved from /home/lucky/.local/lib/python3.10/site-packages/airflow/example_dags/example_external_task_marker_dag.py
[2024-03-02T13:19:39.652+0530] {logging_mixin.py:188} INFO - [2024-03-02T13:19:39.651+0530] {dag.py:3036} INFO - Sync 2 DAGs
[2024-03-02T13:19:39.702+0530] {logging_mixin.py:188} INFO - [2024-03-02T13:19:39.701+0530] {dag.py:3823} INFO - Setting next_dagrun for example_external_task_marker_child to None, run_after=None
[2024-03-02T13:19:39.714+0530] {logging_mixin.py:188} INFO - [2024-03-02T13:19:39.713+0530] {dag.py:3823} INFO - Setting next_dagrun for example_external_task_marker_parent to None, run_after=None
[2024-03-02T13:19:39.801+0530] {processor.py:183} INFO - Processing /home/lucky/.local/lib/python3.10/site-packages/airflow/example_dags/example_external_task_marker_dag.py took 0.385 seconds
[2024-03-02T13:20:37.329+0530] {processor.py:161} INFO - Started process (PID=7218) to work on /home/lucky/.local/lib/python3.10/site-packages/airflow/example_dags/example_external_task_marker_dag.py
[2024-03-02T13:20:37.332+0530] {processor.py:830} INFO - Processing file /home/lucky/.local/lib/python3.10/site-packages/airflow/example_dags/example_external_task_marker_dag.py for tasks to queue
[2024-03-02T13:20:37.334+0530] {logging_mixin.py:188} INFO - [2024-03-02T13:20:37.333+0530] {dagbag.py:538} INFO - Filling up the DagBag from /home/lucky/.local/lib/python3.10/site-packages/airflow/example_dags/example_external_task_marker_dag.py
[2024-03-02T13:20:37.348+0530] {processor.py:840} INFO - DAG(s) 'example_external_task_marker_child', 'example_external_task_marker_parent' retrieved from /home/lucky/.local/lib/python3.10/site-packages/airflow/example_dags/example_external_task_marker_dag.py
[2024-03-02T13:20:37.397+0530] {logging_mixin.py:188} INFO - [2024-03-02T13:20:37.397+0530] {dag.py:3036} INFO - Sync 2 DAGs
[2024-03-02T13:20:37.425+0530] {logging_mixin.py:188} INFO - [2024-03-02T13:20:37.424+0530] {dag.py:3823} INFO - Setting next_dagrun for example_external_task_marker_child to None, run_after=None
[2024-03-02T13:20:37.433+0530] {logging_mixin.py:188} INFO - [2024-03-02T13:20:37.432+0530] {dag.py:3823} INFO - Setting next_dagrun for example_external_task_marker_parent to None, run_after=None
[2024-03-02T13:20:37.493+0530] {processor.py:183} INFO - Processing /home/lucky/.local/lib/python3.10/site-packages/airflow/example_dags/example_external_task_marker_dag.py took 0.169 seconds
[2024-03-02T13:21:33.724+0530] {processor.py:161} INFO - Started process (PID=8034) to work on /home/lucky/.local/lib/python3.10/site-packages/airflow/example_dags/example_external_task_marker_dag.py
[2024-03-02T13:21:33.737+0530] {processor.py:830} INFO - Processing file /home/lucky/.local/lib/python3.10/site-packages/airflow/example_dags/example_external_task_marker_dag.py for tasks to queue
[2024-03-02T13:21:33.739+0530] {logging_mixin.py:188} INFO - [2024-03-02T13:21:33.738+0530] {dagbag.py:538} INFO - Filling up the DagBag from /home/lucky/.local/lib/python3.10/site-packages/airflow/example_dags/example_external_task_marker_dag.py
[2024-03-02T13:21:33.753+0530] {processor.py:840} INFO - DAG(s) 'example_external_task_marker_child', 'example_external_task_marker_parent' retrieved from /home/lucky/.local/lib/python3.10/site-packages/airflow/example_dags/example_external_task_marker_dag.py
[2024-03-02T13:21:33.793+0530] {logging_mixin.py:188} INFO - [2024-03-02T13:21:33.792+0530] {dag.py:3036} INFO - Sync 2 DAGs
[2024-03-02T13:21:33.817+0530] {logging_mixin.py:188} INFO - [2024-03-02T13:21:33.816+0530] {dag.py:3823} INFO - Setting next_dagrun for example_external_task_marker_child to None, run_after=None
[2024-03-02T13:21:33.825+0530] {logging_mixin.py:188} INFO - [2024-03-02T13:21:33.824+0530] {dag.py:3823} INFO - Setting next_dagrun for example_external_task_marker_parent to None, run_after=None
[2024-03-02T13:21:33.881+0530] {processor.py:183} INFO - Processing /home/lucky/.local/lib/python3.10/site-packages/airflow/example_dags/example_external_task_marker_dag.py took 0.162 seconds
[2024-03-02T13:22:34.179+0530] {processor.py:161} INFO - Started process (PID=8683) to work on /home/lucky/.local/lib/python3.10/site-packages/airflow/example_dags/example_external_task_marker_dag.py
[2024-03-02T13:22:34.192+0530] {processor.py:830} INFO - Processing file /home/lucky/.local/lib/python3.10/site-packages/airflow/example_dags/example_external_task_marker_dag.py for tasks to queue
[2024-03-02T13:22:34.194+0530] {logging_mixin.py:188} INFO - [2024-03-02T13:22:34.193+0530] {dagbag.py:538} INFO - Filling up the DagBag from /home/lucky/.local/lib/python3.10/site-packages/airflow/example_dags/example_external_task_marker_dag.py
[2024-03-02T13:22:34.211+0530] {processor.py:840} INFO - DAG(s) 'example_external_task_marker_parent', 'example_external_task_marker_child' retrieved from /home/lucky/.local/lib/python3.10/site-packages/airflow/example_dags/example_external_task_marker_dag.py
[2024-03-02T13:22:34.264+0530] {logging_mixin.py:188} INFO - [2024-03-02T13:22:34.263+0530] {dag.py:3036} INFO - Sync 2 DAGs
[2024-03-02T13:22:34.289+0530] {logging_mixin.py:188} INFO - [2024-03-02T13:22:34.288+0530] {dag.py:3823} INFO - Setting next_dagrun for example_external_task_marker_child to None, run_after=None
[2024-03-02T13:22:34.297+0530] {logging_mixin.py:188} INFO - [2024-03-02T13:22:34.297+0530] {dag.py:3823} INFO - Setting next_dagrun for example_external_task_marker_parent to None, run_after=None
[2024-03-02T13:22:34.364+0530] {processor.py:183} INFO - Processing /home/lucky/.local/lib/python3.10/site-packages/airflow/example_dags/example_external_task_marker_dag.py took 0.191 seconds
[2024-03-02T13:23:43.896+0530] {processor.py:161} INFO - Started process (PID=9665) to work on /home/lucky/.local/lib/python3.10/site-packages/airflow/example_dags/example_external_task_marker_dag.py
[2024-03-02T13:23:43.905+0530] {processor.py:830} INFO - Processing file /home/lucky/.local/lib/python3.10/site-packages/airflow/example_dags/example_external_task_marker_dag.py for tasks to queue
[2024-03-02T13:23:43.909+0530] {logging_mixin.py:188} INFO - [2024-03-02T13:23:43.908+0530] {dagbag.py:538} INFO - Filling up the DagBag from /home/lucky/.local/lib/python3.10/site-packages/airflow/example_dags/example_external_task_marker_dag.py
[2024-03-02T13:23:43.961+0530] {processor.py:840} INFO - DAG(s) 'example_external_task_marker_parent', 'example_external_task_marker_child' retrieved from /home/lucky/.local/lib/python3.10/site-packages/airflow/example_dags/example_external_task_marker_dag.py
[2024-03-02T13:23:44.063+0530] {logging_mixin.py:188} INFO - [2024-03-02T13:23:44.062+0530] {dag.py:3036} INFO - Sync 2 DAGs
[2024-03-02T13:23:44.133+0530] {logging_mixin.py:188} INFO - [2024-03-02T13:23:44.132+0530] {dag.py:3823} INFO - Setting next_dagrun for example_external_task_marker_child to None, run_after=None
[2024-03-02T13:23:44.150+0530] {logging_mixin.py:188} INFO - [2024-03-02T13:23:44.149+0530] {dag.py:3823} INFO - Setting next_dagrun for example_external_task_marker_parent to None, run_after=None
[2024-03-02T13:23:44.254+0530] {processor.py:183} INFO - Processing /home/lucky/.local/lib/python3.10/site-packages/airflow/example_dags/example_external_task_marker_dag.py took 0.373 seconds
[2024-03-02T13:24:45.018+0530] {processor.py:161} INFO - Started process (PID=10193) to work on /home/lucky/.local/lib/python3.10/site-packages/airflow/example_dags/example_external_task_marker_dag.py
[2024-03-02T13:24:45.032+0530] {processor.py:830} INFO - Processing file /home/lucky/.local/lib/python3.10/site-packages/airflow/example_dags/example_external_task_marker_dag.py for tasks to queue
[2024-03-02T13:24:45.034+0530] {logging_mixin.py:188} INFO - [2024-03-02T13:24:45.033+0530] {dagbag.py:538} INFO - Filling up the DagBag from /home/lucky/.local/lib/python3.10/site-packages/airflow/example_dags/example_external_task_marker_dag.py
[2024-03-02T13:24:45.046+0530] {processor.py:840} INFO - DAG(s) 'example_external_task_marker_parent', 'example_external_task_marker_child' retrieved from /home/lucky/.local/lib/python3.10/site-packages/airflow/example_dags/example_external_task_marker_dag.py
[2024-03-02T13:24:45.083+0530] {logging_mixin.py:188} INFO - [2024-03-02T13:24:45.083+0530] {dag.py:3036} INFO - Sync 2 DAGs
[2024-03-02T13:24:45.102+0530] {logging_mixin.py:188} INFO - [2024-03-02T13:24:45.102+0530] {dag.py:3823} INFO - Setting next_dagrun for example_external_task_marker_child to None, run_after=None
[2024-03-02T13:24:45.109+0530] {logging_mixin.py:188} INFO - [2024-03-02T13:24:45.108+0530] {dag.py:3823} INFO - Setting next_dagrun for example_external_task_marker_parent to None, run_after=None
[2024-03-02T13:24:45.149+0530] {processor.py:183} INFO - Processing /home/lucky/.local/lib/python3.10/site-packages/airflow/example_dags/example_external_task_marker_dag.py took 0.136 seconds
[2024-03-02T13:25:48.370+0530] {processor.py:161} INFO - Started process (PID=11139) to work on /home/lucky/.local/lib/python3.10/site-packages/airflow/example_dags/example_external_task_marker_dag.py
[2024-03-02T13:25:48.373+0530] {processor.py:830} INFO - Processing file /home/lucky/.local/lib/python3.10/site-packages/airflow/example_dags/example_external_task_marker_dag.py for tasks to queue
[2024-03-02T13:25:48.375+0530] {logging_mixin.py:188} INFO - [2024-03-02T13:25:48.374+0530] {dagbag.py:538} INFO - Filling up the DagBag from /home/lucky/.local/lib/python3.10/site-packages/airflow/example_dags/example_external_task_marker_dag.py
[2024-03-02T13:25:48.385+0530] {processor.py:840} INFO - DAG(s) 'example_external_task_marker_child', 'example_external_task_marker_parent' retrieved from /home/lucky/.local/lib/python3.10/site-packages/airflow/example_dags/example_external_task_marker_dag.py
[2024-03-02T13:25:48.420+0530] {logging_mixin.py:188} INFO - [2024-03-02T13:25:48.420+0530] {dag.py:3036} INFO - Sync 2 DAGs
[2024-03-02T13:25:48.448+0530] {logging_mixin.py:188} INFO - [2024-03-02T13:25:48.447+0530] {dag.py:3823} INFO - Setting next_dagrun for example_external_task_marker_child to None, run_after=None
[2024-03-02T13:25:48.463+0530] {logging_mixin.py:188} INFO - [2024-03-02T13:25:48.462+0530] {dag.py:3823} INFO - Setting next_dagrun for example_external_task_marker_parent to None, run_after=None
[2024-03-02T13:25:48.545+0530] {processor.py:183} INFO - Processing /home/lucky/.local/lib/python3.10/site-packages/airflow/example_dags/example_external_task_marker_dag.py took 0.179 seconds
[2024-03-02T13:26:48.832+0530] {processor.py:161} INFO - Started process (PID=11675) to work on /home/lucky/.local/lib/python3.10/site-packages/airflow/example_dags/example_external_task_marker_dag.py
[2024-03-02T13:26:48.846+0530] {processor.py:830} INFO - Processing file /home/lucky/.local/lib/python3.10/site-packages/airflow/example_dags/example_external_task_marker_dag.py for tasks to queue
[2024-03-02T13:26:48.848+0530] {logging_mixin.py:188} INFO - [2024-03-02T13:26:48.847+0530] {dagbag.py:538} INFO - Filling up the DagBag from /home/lucky/.local/lib/python3.10/site-packages/airflow/example_dags/example_external_task_marker_dag.py
[2024-03-02T13:26:48.860+0530] {processor.py:840} INFO - DAG(s) 'example_external_task_marker_parent', 'example_external_task_marker_child' retrieved from /home/lucky/.local/lib/python3.10/site-packages/airflow/example_dags/example_external_task_marker_dag.py
[2024-03-02T13:26:48.898+0530] {logging_mixin.py:188} INFO - [2024-03-02T13:26:48.897+0530] {dag.py:3036} INFO - Sync 2 DAGs
[2024-03-02T13:26:48.924+0530] {logging_mixin.py:188} INFO - [2024-03-02T13:26:48.923+0530] {dag.py:3823} INFO - Setting next_dagrun for example_external_task_marker_child to None, run_after=None
[2024-03-02T13:26:48.931+0530] {logging_mixin.py:188} INFO - [2024-03-02T13:26:48.931+0530] {dag.py:3823} INFO - Setting next_dagrun for example_external_task_marker_parent to None, run_after=None
[2024-03-02T13:26:49.000+0530] {processor.py:183} INFO - Processing /home/lucky/.local/lib/python3.10/site-packages/airflow/example_dags/example_external_task_marker_dag.py took 0.177 seconds
[2024-03-02T13:27:48.580+0530] {processor.py:161} INFO - Started process (PID=12507) to work on /home/lucky/.local/lib/python3.10/site-packages/airflow/example_dags/example_external_task_marker_dag.py
[2024-03-02T13:27:48.583+0530] {processor.py:830} INFO - Processing file /home/lucky/.local/lib/python3.10/site-packages/airflow/example_dags/example_external_task_marker_dag.py for tasks to queue
[2024-03-02T13:27:48.584+0530] {logging_mixin.py:188} INFO - [2024-03-02T13:27:48.584+0530] {dagbag.py:538} INFO - Filling up the DagBag from /home/lucky/.local/lib/python3.10/site-packages/airflow/example_dags/example_external_task_marker_dag.py
[2024-03-02T13:27:48.597+0530] {processor.py:840} INFO - DAG(s) 'example_external_task_marker_child', 'example_external_task_marker_parent' retrieved from /home/lucky/.local/lib/python3.10/site-packages/airflow/example_dags/example_external_task_marker_dag.py
[2024-03-02T13:27:48.634+0530] {logging_mixin.py:188} INFO - [2024-03-02T13:27:48.633+0530] {dag.py:3036} INFO - Sync 2 DAGs
[2024-03-02T13:27:48.657+0530] {logging_mixin.py:188} INFO - [2024-03-02T13:27:48.656+0530] {dag.py:3823} INFO - Setting next_dagrun for example_external_task_marker_child to None, run_after=None
[2024-03-02T13:27:48.664+0530] {logging_mixin.py:188} INFO - [2024-03-02T13:27:48.663+0530] {dag.py:3823} INFO - Setting next_dagrun for example_external_task_marker_parent to None, run_after=None
[2024-03-02T13:27:48.708+0530] {processor.py:183} INFO - Processing /home/lucky/.local/lib/python3.10/site-packages/airflow/example_dags/example_external_task_marker_dag.py took 0.133 seconds
[2024-03-02T13:29:15.327+0530] {processor.py:161} INFO - Started process (PID=13622) to work on /home/lucky/.local/lib/python3.10/site-packages/airflow/example_dags/example_external_task_marker_dag.py
[2024-03-02T13:29:15.341+0530] {processor.py:830} INFO - Processing file /home/lucky/.local/lib/python3.10/site-packages/airflow/example_dags/example_external_task_marker_dag.py for tasks to queue
[2024-03-02T13:29:15.345+0530] {logging_mixin.py:188} INFO - [2024-03-02T13:29:15.344+0530] {dagbag.py:538} INFO - Filling up the DagBag from /home/lucky/.local/lib/python3.10/site-packages/airflow/example_dags/example_external_task_marker_dag.py
[2024-03-02T13:29:15.369+0530] {processor.py:840} INFO - DAG(s) 'example_external_task_marker_parent', 'example_external_task_marker_child' retrieved from /home/lucky/.local/lib/python3.10/site-packages/airflow/example_dags/example_external_task_marker_dag.py
[2024-03-02T13:29:15.444+0530] {logging_mixin.py:188} INFO - [2024-03-02T13:29:15.443+0530] {dag.py:3036} INFO - Sync 2 DAGs
[2024-03-02T13:29:15.477+0530] {logging_mixin.py:188} INFO - [2024-03-02T13:29:15.477+0530] {dag.py:3823} INFO - Setting next_dagrun for example_external_task_marker_child to None, run_after=None
[2024-03-02T13:29:15.486+0530] {logging_mixin.py:188} INFO - [2024-03-02T13:29:15.486+0530] {dag.py:3823} INFO - Setting next_dagrun for example_external_task_marker_parent to None, run_after=None
[2024-03-02T13:29:15.548+0530] {processor.py:183} INFO - Processing /home/lucky/.local/lib/python3.10/site-packages/airflow/example_dags/example_external_task_marker_dag.py took 0.236 seconds
[2024-03-02T13:32:14.084+0530] {processor.py:161} INFO - Started process (PID=15438) to work on /home/lucky/.local/lib/python3.10/site-packages/airflow/example_dags/example_external_task_marker_dag.py
[2024-03-02T13:32:14.088+0530] {processor.py:830} INFO - Processing file /home/lucky/.local/lib/python3.10/site-packages/airflow/example_dags/example_external_task_marker_dag.py for tasks to queue
[2024-03-02T13:32:14.090+0530] {logging_mixin.py:188} INFO - [2024-03-02T13:32:14.089+0530] {dagbag.py:538} INFO - Filling up the DagBag from /home/lucky/.local/lib/python3.10/site-packages/airflow/example_dags/example_external_task_marker_dag.py
[2024-03-02T13:32:14.102+0530] {processor.py:840} INFO - DAG(s) 'example_external_task_marker_child', 'example_external_task_marker_parent' retrieved from /home/lucky/.local/lib/python3.10/site-packages/airflow/example_dags/example_external_task_marker_dag.py
[2024-03-02T13:32:14.155+0530] {logging_mixin.py:188} INFO - [2024-03-02T13:32:14.155+0530] {dag.py:3036} INFO - Sync 2 DAGs
[2024-03-02T13:32:14.187+0530] {logging_mixin.py:188} INFO - [2024-03-02T13:32:14.186+0530] {dag.py:3823} INFO - Setting next_dagrun for example_external_task_marker_child to None, run_after=None
[2024-03-02T13:32:14.203+0530] {logging_mixin.py:188} INFO - [2024-03-02T13:32:14.202+0530] {dag.py:3823} INFO - Setting next_dagrun for example_external_task_marker_parent to None, run_after=None
[2024-03-02T13:32:14.278+0530] {processor.py:183} INFO - Processing /home/lucky/.local/lib/python3.10/site-packages/airflow/example_dags/example_external_task_marker_dag.py took 0.201 seconds
[2024-03-02T13:34:48.582+0530] {processor.py:161} INFO - Started process (PID=17061) to work on /home/lucky/.local/lib/python3.10/site-packages/airflow/example_dags/example_external_task_marker_dag.py
[2024-03-02T13:34:48.585+0530] {processor.py:830} INFO - Processing file /home/lucky/.local/lib/python3.10/site-packages/airflow/example_dags/example_external_task_marker_dag.py for tasks to queue
[2024-03-02T13:34:48.586+0530] {logging_mixin.py:188} INFO - [2024-03-02T13:34:48.586+0530] {dagbag.py:538} INFO - Filling up the DagBag from /home/lucky/.local/lib/python3.10/site-packages/airflow/example_dags/example_external_task_marker_dag.py
[2024-03-02T13:34:48.601+0530] {processor.py:840} INFO - DAG(s) 'example_external_task_marker_parent', 'example_external_task_marker_child' retrieved from /home/lucky/.local/lib/python3.10/site-packages/airflow/example_dags/example_external_task_marker_dag.py
[2024-03-02T13:34:48.648+0530] {logging_mixin.py:188} INFO - [2024-03-02T13:34:48.647+0530] {dag.py:3036} INFO - Sync 2 DAGs
[2024-03-02T13:34:48.671+0530] {logging_mixin.py:188} INFO - [2024-03-02T13:34:48.670+0530] {dag.py:3823} INFO - Setting next_dagrun for example_external_task_marker_child to None, run_after=None
[2024-03-02T13:34:48.686+0530] {logging_mixin.py:188} INFO - [2024-03-02T13:34:48.686+0530] {dag.py:3823} INFO - Setting next_dagrun for example_external_task_marker_parent to None, run_after=None
[2024-03-02T13:34:48.732+0530] {processor.py:183} INFO - Processing /home/lucky/.local/lib/python3.10/site-packages/airflow/example_dags/example_external_task_marker_dag.py took 0.155 seconds
[2024-03-02T13:35:47.509+0530] {processor.py:161} INFO - Started process (PID=17975) to work on /home/lucky/.local/lib/python3.10/site-packages/airflow/example_dags/example_external_task_marker_dag.py
[2024-03-02T13:35:47.523+0530] {processor.py:830} INFO - Processing file /home/lucky/.local/lib/python3.10/site-packages/airflow/example_dags/example_external_task_marker_dag.py for tasks to queue
[2024-03-02T13:35:47.526+0530] {logging_mixin.py:188} INFO - [2024-03-02T13:35:47.525+0530] {dagbag.py:538} INFO - Filling up the DagBag from /home/lucky/.local/lib/python3.10/site-packages/airflow/example_dags/example_external_task_marker_dag.py
[2024-03-02T13:35:47.539+0530] {processor.py:840} INFO - DAG(s) 'example_external_task_marker_parent', 'example_external_task_marker_child' retrieved from /home/lucky/.local/lib/python3.10/site-packages/airflow/example_dags/example_external_task_marker_dag.py
[2024-03-02T13:35:47.592+0530] {logging_mixin.py:188} INFO - [2024-03-02T13:35:47.591+0530] {dag.py:3036} INFO - Sync 2 DAGs
[2024-03-02T13:35:47.625+0530] {logging_mixin.py:188} INFO - [2024-03-02T13:35:47.624+0530] {dag.py:3823} INFO - Setting next_dagrun for example_external_task_marker_child to None, run_after=None
[2024-03-02T13:35:47.633+0530] {logging_mixin.py:188} INFO - [2024-03-02T13:35:47.632+0530] {dag.py:3823} INFO - Setting next_dagrun for example_external_task_marker_parent to None, run_after=None
[2024-03-02T13:35:47.700+0530] {processor.py:183} INFO - Processing /home/lucky/.local/lib/python3.10/site-packages/airflow/example_dags/example_external_task_marker_dag.py took 0.196 seconds
[2024-03-02T13:37:45.789+0530] {processor.py:161} INFO - Started process (PID=19334) to work on /home/lucky/.local/lib/python3.10/site-packages/airflow/example_dags/example_external_task_marker_dag.py
[2024-03-02T13:37:45.803+0530] {processor.py:830} INFO - Processing file /home/lucky/.local/lib/python3.10/site-packages/airflow/example_dags/example_external_task_marker_dag.py for tasks to queue
[2024-03-02T13:37:45.805+0530] {logging_mixin.py:188} INFO - [2024-03-02T13:37:45.804+0530] {dagbag.py:538} INFO - Filling up the DagBag from /home/lucky/.local/lib/python3.10/site-packages/airflow/example_dags/example_external_task_marker_dag.py
[2024-03-02T13:37:45.821+0530] {processor.py:840} INFO - DAG(s) 'example_external_task_marker_child', 'example_external_task_marker_parent' retrieved from /home/lucky/.local/lib/python3.10/site-packages/airflow/example_dags/example_external_task_marker_dag.py
[2024-03-02T13:37:45.882+0530] {logging_mixin.py:188} INFO - [2024-03-02T13:37:45.881+0530] {dag.py:3036} INFO - Sync 2 DAGs
[2024-03-02T13:37:45.917+0530] {logging_mixin.py:188} INFO - [2024-03-02T13:37:45.916+0530] {dag.py:3823} INFO - Setting next_dagrun for example_external_task_marker_child to None, run_after=None
[2024-03-02T13:37:45.925+0530] {logging_mixin.py:188} INFO - [2024-03-02T13:37:45.924+0530] {dag.py:3823} INFO - Setting next_dagrun for example_external_task_marker_parent to None, run_after=None
[2024-03-02T13:37:45.988+0530] {processor.py:183} INFO - Processing /home/lucky/.local/lib/python3.10/site-packages/airflow/example_dags/example_external_task_marker_dag.py took 0.204 seconds
[2024-03-02T16:15:27.691+0530] {processor.py:161} INFO - Started process (PID=121196) to work on /home/lucky/.local/lib/python3.10/site-packages/airflow/example_dags/example_external_task_marker_dag.py
[2024-03-02T16:15:27.696+0530] {processor.py:830} INFO - Processing file /home/lucky/.local/lib/python3.10/site-packages/airflow/example_dags/example_external_task_marker_dag.py for tasks to queue
[2024-03-02T16:15:27.698+0530] {logging_mixin.py:188} INFO - [2024-03-02T16:15:27.697+0530] {dagbag.py:538} INFO - Filling up the DagBag from /home/lucky/.local/lib/python3.10/site-packages/airflow/example_dags/example_external_task_marker_dag.py
[2024-03-02T16:15:27.804+0530] {processor.py:840} INFO - DAG(s) 'example_external_task_marker_child', 'example_external_task_marker_parent' retrieved from /home/lucky/.local/lib/python3.10/site-packages/airflow/example_dags/example_external_task_marker_dag.py
[2024-03-02T16:15:27.885+0530] {logging_mixin.py:188} INFO - [2024-03-02T16:15:27.884+0530] {dag.py:3036} INFO - Sync 2 DAGs
[2024-03-02T16:15:27.909+0530] {logging_mixin.py:188} INFO - [2024-03-02T16:15:27.909+0530] {dag.py:3823} INFO - Setting next_dagrun for example_external_task_marker_child to None, run_after=None
[2024-03-02T16:15:27.915+0530] {logging_mixin.py:188} INFO - [2024-03-02T16:15:27.915+0530] {dag.py:3823} INFO - Setting next_dagrun for example_external_task_marker_parent to None, run_after=None
[2024-03-02T16:15:27.949+0530] {processor.py:183} INFO - Processing /home/lucky/.local/lib/python3.10/site-packages/airflow/example_dags/example_external_task_marker_dag.py took 0.268 seconds
[2024-03-02T16:16:24.708+0530] {processor.py:161} INFO - Started process (PID=121959) to work on /home/lucky/.local/lib/python3.10/site-packages/airflow/example_dags/example_external_task_marker_dag.py
[2024-03-02T16:16:24.711+0530] {processor.py:830} INFO - Processing file /home/lucky/.local/lib/python3.10/site-packages/airflow/example_dags/example_external_task_marker_dag.py for tasks to queue
[2024-03-02T16:16:24.719+0530] {logging_mixin.py:188} INFO - [2024-03-02T16:16:24.718+0530] {dagbag.py:538} INFO - Filling up the DagBag from /home/lucky/.local/lib/python3.10/site-packages/airflow/example_dags/example_external_task_marker_dag.py
[2024-03-02T16:16:24.745+0530] {processor.py:840} INFO - DAG(s) 'example_external_task_marker_child', 'example_external_task_marker_parent' retrieved from /home/lucky/.local/lib/python3.10/site-packages/airflow/example_dags/example_external_task_marker_dag.py
[2024-03-02T16:16:24.791+0530] {logging_mixin.py:188} INFO - [2024-03-02T16:16:24.790+0530] {dag.py:3036} INFO - Sync 2 DAGs
[2024-03-02T16:16:24.829+0530] {logging_mixin.py:188} INFO - [2024-03-02T16:16:24.828+0530] {dag.py:3823} INFO - Setting next_dagrun for example_external_task_marker_child to None, run_after=None
[2024-03-02T16:16:24.837+0530] {logging_mixin.py:188} INFO - [2024-03-02T16:16:24.837+0530] {dag.py:3823} INFO - Setting next_dagrun for example_external_task_marker_parent to None, run_after=None
[2024-03-02T16:16:24.888+0530] {processor.py:183} INFO - Processing /home/lucky/.local/lib/python3.10/site-packages/airflow/example_dags/example_external_task_marker_dag.py took 0.186 seconds
[2024-03-02T16:20:45.105+0530] {processor.py:161} INFO - Started process (PID=125465) to work on /home/lucky/.local/lib/python3.10/site-packages/airflow/example_dags/example_external_task_marker_dag.py
[2024-03-02T16:20:45.108+0530] {processor.py:830} INFO - Processing file /home/lucky/.local/lib/python3.10/site-packages/airflow/example_dags/example_external_task_marker_dag.py for tasks to queue
[2024-03-02T16:20:45.109+0530] {logging_mixin.py:188} INFO - [2024-03-02T16:20:45.109+0530] {dagbag.py:538} INFO - Filling up the DagBag from /home/lucky/.local/lib/python3.10/site-packages/airflow/example_dags/example_external_task_marker_dag.py
[2024-03-02T16:20:45.160+0530] {processor.py:840} INFO - DAG(s) 'example_external_task_marker_child', 'example_external_task_marker_parent' retrieved from /home/lucky/.local/lib/python3.10/site-packages/airflow/example_dags/example_external_task_marker_dag.py
[2024-03-02T16:20:45.346+0530] {logging_mixin.py:188} INFO - [2024-03-02T16:20:45.345+0530] {dag.py:3036} INFO - Sync 2 DAGs
[2024-03-02T16:20:45.399+0530] {logging_mixin.py:188} INFO - [2024-03-02T16:20:45.399+0530] {dag.py:3823} INFO - Setting next_dagrun for example_external_task_marker_child to None, run_after=None
[2024-03-02T16:20:45.420+0530] {logging_mixin.py:188} INFO - [2024-03-02T16:20:45.419+0530] {dag.py:3823} INFO - Setting next_dagrun for example_external_task_marker_parent to None, run_after=None
[2024-03-02T16:20:45.469+0530] {processor.py:183} INFO - Processing /home/lucky/.local/lib/python3.10/site-packages/airflow/example_dags/example_external_task_marker_dag.py took 0.372 seconds
[2024-03-02T16:21:38.993+0530] {processor.py:161} INFO - Started process (PID=126069) to work on /home/lucky/.local/lib/python3.10/site-packages/airflow/example_dags/example_external_task_marker_dag.py
[2024-03-02T16:21:38.995+0530] {processor.py:830} INFO - Processing file /home/lucky/.local/lib/python3.10/site-packages/airflow/example_dags/example_external_task_marker_dag.py for tasks to queue
[2024-03-02T16:21:38.996+0530] {logging_mixin.py:188} INFO - [2024-03-02T16:21:38.995+0530] {dagbag.py:538} INFO - Filling up the DagBag from /home/lucky/.local/lib/python3.10/site-packages/airflow/example_dags/example_external_task_marker_dag.py
[2024-03-02T16:21:39.002+0530] {processor.py:840} INFO - DAG(s) 'example_external_task_marker_parent', 'example_external_task_marker_child' retrieved from /home/lucky/.local/lib/python3.10/site-packages/airflow/example_dags/example_external_task_marker_dag.py
[2024-03-02T16:21:39.022+0530] {logging_mixin.py:188} INFO - [2024-03-02T16:21:39.022+0530] {dag.py:3036} INFO - Sync 2 DAGs
[2024-03-02T16:21:39.034+0530] {logging_mixin.py:188} INFO - [2024-03-02T16:21:39.033+0530] {dag.py:3823} INFO - Setting next_dagrun for example_external_task_marker_child to None, run_after=None
[2024-03-02T16:21:39.037+0530] {logging_mixin.py:188} INFO - [2024-03-02T16:21:39.037+0530] {dag.py:3823} INFO - Setting next_dagrun for example_external_task_marker_parent to None, run_after=None
[2024-03-02T16:21:39.059+0530] {processor.py:183} INFO - Processing /home/lucky/.local/lib/python3.10/site-packages/airflow/example_dags/example_external_task_marker_dag.py took 0.069 seconds
[2024-03-02T16:22:29.305+0530] {processor.py:161} INFO - Started process (PID=127001) to work on /home/lucky/.local/lib/python3.10/site-packages/airflow/example_dags/example_external_task_marker_dag.py
[2024-03-02T16:22:29.307+0530] {processor.py:830} INFO - Processing file /home/lucky/.local/lib/python3.10/site-packages/airflow/example_dags/example_external_task_marker_dag.py for tasks to queue
[2024-03-02T16:22:29.308+0530] {logging_mixin.py:188} INFO - [2024-03-02T16:22:29.308+0530] {dagbag.py:538} INFO - Filling up the DagBag from /home/lucky/.local/lib/python3.10/site-packages/airflow/example_dags/example_external_task_marker_dag.py
[2024-03-02T16:22:29.316+0530] {processor.py:840} INFO - DAG(s) 'example_external_task_marker_child', 'example_external_task_marker_parent' retrieved from /home/lucky/.local/lib/python3.10/site-packages/airflow/example_dags/example_external_task_marker_dag.py
[2024-03-02T16:22:29.340+0530] {logging_mixin.py:188} INFO - [2024-03-02T16:22:29.340+0530] {dag.py:3036} INFO - Sync 2 DAGs
[2024-03-02T16:22:29.355+0530] {logging_mixin.py:188} INFO - [2024-03-02T16:22:29.355+0530] {dag.py:3823} INFO - Setting next_dagrun for example_external_task_marker_child to None, run_after=None
[2024-03-02T16:22:29.360+0530] {logging_mixin.py:188} INFO - [2024-03-02T16:22:29.360+0530] {dag.py:3823} INFO - Setting next_dagrun for example_external_task_marker_parent to None, run_after=None
[2024-03-02T16:22:29.390+0530] {processor.py:183} INFO - Processing /home/lucky/.local/lib/python3.10/site-packages/airflow/example_dags/example_external_task_marker_dag.py took 0.090 seconds
[2024-03-02T16:23:24.100+0530] {processor.py:161} INFO - Started process (PID=127550) to work on /home/lucky/.local/lib/python3.10/site-packages/airflow/example_dags/example_external_task_marker_dag.py
[2024-03-02T16:23:24.102+0530] {processor.py:830} INFO - Processing file /home/lucky/.local/lib/python3.10/site-packages/airflow/example_dags/example_external_task_marker_dag.py for tasks to queue
[2024-03-02T16:23:24.104+0530] {logging_mixin.py:188} INFO - [2024-03-02T16:23:24.103+0530] {dagbag.py:538} INFO - Filling up the DagBag from /home/lucky/.local/lib/python3.10/site-packages/airflow/example_dags/example_external_task_marker_dag.py
[2024-03-02T16:23:24.115+0530] {processor.py:840} INFO - DAG(s) 'example_external_task_marker_child', 'example_external_task_marker_parent' retrieved from /home/lucky/.local/lib/python3.10/site-packages/airflow/example_dags/example_external_task_marker_dag.py
[2024-03-02T16:23:24.143+0530] {logging_mixin.py:188} INFO - [2024-03-02T16:23:24.143+0530] {dag.py:3036} INFO - Sync 2 DAGs
[2024-03-02T16:23:24.163+0530] {logging_mixin.py:188} INFO - [2024-03-02T16:23:24.163+0530] {dag.py:3823} INFO - Setting next_dagrun for example_external_task_marker_child to None, run_after=None
[2024-03-02T16:23:24.171+0530] {logging_mixin.py:188} INFO - [2024-03-02T16:23:24.170+0530] {dag.py:3823} INFO - Setting next_dagrun for example_external_task_marker_parent to None, run_after=None
[2024-03-02T16:23:24.202+0530] {processor.py:183} INFO - Processing /home/lucky/.local/lib/python3.10/site-packages/airflow/example_dags/example_external_task_marker_dag.py took 0.112 seconds
[2024-03-02T16:32:48.704+0530] {processor.py:161} INFO - Started process (PID=135011) to work on /home/lucky/.local/lib/python3.10/site-packages/airflow/example_dags/example_external_task_marker_dag.py
[2024-03-02T16:32:48.705+0530] {processor.py:830} INFO - Processing file /home/lucky/.local/lib/python3.10/site-packages/airflow/example_dags/example_external_task_marker_dag.py for tasks to queue
[2024-03-02T16:32:48.706+0530] {logging_mixin.py:188} INFO - [2024-03-02T16:32:48.706+0530] {dagbag.py:538} INFO - Filling up the DagBag from /home/lucky/.local/lib/python3.10/site-packages/airflow/example_dags/example_external_task_marker_dag.py
[2024-03-02T16:32:48.712+0530] {processor.py:840} INFO - DAG(s) 'example_external_task_marker_parent', 'example_external_task_marker_child' retrieved from /home/lucky/.local/lib/python3.10/site-packages/airflow/example_dags/example_external_task_marker_dag.py
[2024-03-02T16:32:48.731+0530] {logging_mixin.py:188} INFO - [2024-03-02T16:32:48.730+0530] {dag.py:3036} INFO - Sync 2 DAGs
[2024-03-02T16:32:48.742+0530] {logging_mixin.py:188} INFO - [2024-03-02T16:32:48.741+0530] {dag.py:3823} INFO - Setting next_dagrun for example_external_task_marker_child to None, run_after=None
[2024-03-02T16:32:48.745+0530] {logging_mixin.py:188} INFO - [2024-03-02T16:32:48.745+0530] {dag.py:3823} INFO - Setting next_dagrun for example_external_task_marker_parent to None, run_after=None
[2024-03-02T16:32:48.769+0530] {processor.py:183} INFO - Processing /home/lucky/.local/lib/python3.10/site-packages/airflow/example_dags/example_external_task_marker_dag.py took 0.069 seconds
[2024-03-02T16:33:38.549+0530] {processor.py:161} INFO - Started process (PID=135784) to work on /home/lucky/.local/lib/python3.10/site-packages/airflow/example_dags/example_external_task_marker_dag.py
[2024-03-02T16:33:38.551+0530] {processor.py:830} INFO - Processing file /home/lucky/.local/lib/python3.10/site-packages/airflow/example_dags/example_external_task_marker_dag.py for tasks to queue
[2024-03-02T16:33:38.552+0530] {logging_mixin.py:188} INFO - [2024-03-02T16:33:38.551+0530] {dagbag.py:538} INFO - Filling up the DagBag from /home/lucky/.local/lib/python3.10/site-packages/airflow/example_dags/example_external_task_marker_dag.py
[2024-03-02T16:33:38.559+0530] {processor.py:840} INFO - DAG(s) 'example_external_task_marker_parent', 'example_external_task_marker_child' retrieved from /home/lucky/.local/lib/python3.10/site-packages/airflow/example_dags/example_external_task_marker_dag.py
[2024-03-02T16:33:38.577+0530] {logging_mixin.py:188} INFO - [2024-03-02T16:33:38.576+0530] {dag.py:3036} INFO - Sync 2 DAGs
[2024-03-02T16:33:38.591+0530] {logging_mixin.py:188} INFO - [2024-03-02T16:33:38.591+0530] {dag.py:3823} INFO - Setting next_dagrun for example_external_task_marker_child to None, run_after=None
[2024-03-02T16:33:38.595+0530] {logging_mixin.py:188} INFO - [2024-03-02T16:33:38.595+0530] {dag.py:3823} INFO - Setting next_dagrun for example_external_task_marker_parent to None, run_after=None
[2024-03-02T16:33:38.620+0530] {processor.py:183} INFO - Processing /home/lucky/.local/lib/python3.10/site-packages/airflow/example_dags/example_external_task_marker_dag.py took 0.075 seconds
[2024-03-02T16:34:27.932+0530] {processor.py:161} INFO - Started process (PID=136341) to work on /home/lucky/.local/lib/python3.10/site-packages/airflow/example_dags/example_external_task_marker_dag.py
[2024-03-02T16:34:27.934+0530] {processor.py:830} INFO - Processing file /home/lucky/.local/lib/python3.10/site-packages/airflow/example_dags/example_external_task_marker_dag.py for tasks to queue
[2024-03-02T16:34:27.935+0530] {logging_mixin.py:188} INFO - [2024-03-02T16:34:27.934+0530] {dagbag.py:538} INFO - Filling up the DagBag from /home/lucky/.local/lib/python3.10/site-packages/airflow/example_dags/example_external_task_marker_dag.py
[2024-03-02T16:34:27.941+0530] {processor.py:840} INFO - DAG(s) 'example_external_task_marker_parent', 'example_external_task_marker_child' retrieved from /home/lucky/.local/lib/python3.10/site-packages/airflow/example_dags/example_external_task_marker_dag.py
[2024-03-02T16:34:27.961+0530] {logging_mixin.py:188} INFO - [2024-03-02T16:34:27.961+0530] {dag.py:3036} INFO - Sync 2 DAGs
[2024-03-02T16:34:27.973+0530] {logging_mixin.py:188} INFO - [2024-03-02T16:34:27.973+0530] {dag.py:3823} INFO - Setting next_dagrun for example_external_task_marker_child to None, run_after=None
[2024-03-02T16:34:27.977+0530] {logging_mixin.py:188} INFO - [2024-03-02T16:34:27.977+0530] {dag.py:3823} INFO - Setting next_dagrun for example_external_task_marker_parent to None, run_after=None
[2024-03-02T16:34:28.000+0530] {processor.py:183} INFO - Processing /home/lucky/.local/lib/python3.10/site-packages/airflow/example_dags/example_external_task_marker_dag.py took 0.071 seconds
[2024-03-02T16:35:26.551+0530] {processor.py:161} INFO - Started process (PID=137147) to work on /home/lucky/.local/lib/python3.10/site-packages/airflow/example_dags/example_external_task_marker_dag.py
[2024-03-02T16:35:26.553+0530] {processor.py:830} INFO - Processing file /home/lucky/.local/lib/python3.10/site-packages/airflow/example_dags/example_external_task_marker_dag.py for tasks to queue
[2024-03-02T16:35:26.554+0530] {logging_mixin.py:188} INFO - [2024-03-02T16:35:26.553+0530] {dagbag.py:538} INFO - Filling up the DagBag from /home/lucky/.local/lib/python3.10/site-packages/airflow/example_dags/example_external_task_marker_dag.py
[2024-03-02T16:35:26.560+0530] {processor.py:840} INFO - DAG(s) 'example_external_task_marker_child', 'example_external_task_marker_parent' retrieved from /home/lucky/.local/lib/python3.10/site-packages/airflow/example_dags/example_external_task_marker_dag.py
[2024-03-02T16:35:26.583+0530] {logging_mixin.py:188} INFO - [2024-03-02T16:35:26.583+0530] {dag.py:3036} INFO - Sync 2 DAGs
[2024-03-02T16:35:26.605+0530] {logging_mixin.py:188} INFO - [2024-03-02T16:35:26.604+0530] {dag.py:3823} INFO - Setting next_dagrun for example_external_task_marker_child to None, run_after=None
[2024-03-02T16:35:26.610+0530] {logging_mixin.py:188} INFO - [2024-03-02T16:35:26.609+0530] {dag.py:3823} INFO - Setting next_dagrun for example_external_task_marker_parent to None, run_after=None
[2024-03-02T16:35:26.636+0530] {processor.py:183} INFO - Processing /home/lucky/.local/lib/python3.10/site-packages/airflow/example_dags/example_external_task_marker_dag.py took 0.090 seconds
[2024-03-02T16:36:26.741+0530] {processor.py:161} INFO - Started process (PID=138001) to work on /home/lucky/.local/lib/python3.10/site-packages/airflow/example_dags/example_external_task_marker_dag.py
[2024-03-02T16:36:26.742+0530] {processor.py:830} INFO - Processing file /home/lucky/.local/lib/python3.10/site-packages/airflow/example_dags/example_external_task_marker_dag.py for tasks to queue
[2024-03-02T16:36:26.744+0530] {logging_mixin.py:188} INFO - [2024-03-02T16:36:26.743+0530] {dagbag.py:538} INFO - Filling up the DagBag from /home/lucky/.local/lib/python3.10/site-packages/airflow/example_dags/example_external_task_marker_dag.py
[2024-03-02T16:36:26.751+0530] {processor.py:840} INFO - DAG(s) 'example_external_task_marker_parent', 'example_external_task_marker_child' retrieved from /home/lucky/.local/lib/python3.10/site-packages/airflow/example_dags/example_external_task_marker_dag.py
[2024-03-02T16:36:26.773+0530] {logging_mixin.py:188} INFO - [2024-03-02T16:36:26.773+0530] {dag.py:3036} INFO - Sync 2 DAGs
[2024-03-02T16:36:26.788+0530] {logging_mixin.py:188} INFO - [2024-03-02T16:36:26.788+0530] {dag.py:3823} INFO - Setting next_dagrun for example_external_task_marker_child to None, run_after=None
[2024-03-02T16:36:26.793+0530] {logging_mixin.py:188} INFO - [2024-03-02T16:36:26.792+0530] {dag.py:3823} INFO - Setting next_dagrun for example_external_task_marker_parent to None, run_after=None
[2024-03-02T16:36:26.819+0530] {processor.py:183} INFO - Processing /home/lucky/.local/lib/python3.10/site-packages/airflow/example_dags/example_external_task_marker_dag.py took 0.082 seconds
[2024-03-02T16:37:30.870+0530] {processor.py:161} INFO - Started process (PID=138797) to work on /home/lucky/.local/lib/python3.10/site-packages/airflow/example_dags/example_external_task_marker_dag.py
[2024-03-02T16:37:30.872+0530] {processor.py:830} INFO - Processing file /home/lucky/.local/lib/python3.10/site-packages/airflow/example_dags/example_external_task_marker_dag.py for tasks to queue
[2024-03-02T16:37:30.873+0530] {logging_mixin.py:188} INFO - [2024-03-02T16:37:30.872+0530] {dagbag.py:538} INFO - Filling up the DagBag from /home/lucky/.local/lib/python3.10/site-packages/airflow/example_dags/example_external_task_marker_dag.py
[2024-03-02T16:37:30.880+0530] {processor.py:840} INFO - DAG(s) 'example_external_task_marker_parent', 'example_external_task_marker_child' retrieved from /home/lucky/.local/lib/python3.10/site-packages/airflow/example_dags/example_external_task_marker_dag.py
[2024-03-02T16:37:30.902+0530] {logging_mixin.py:188} INFO - [2024-03-02T16:37:30.902+0530] {dag.py:3036} INFO - Sync 2 DAGs
[2024-03-02T16:37:30.917+0530] {logging_mixin.py:188} INFO - [2024-03-02T16:37:30.917+0530] {dag.py:3823} INFO - Setting next_dagrun for example_external_task_marker_child to None, run_after=None
[2024-03-02T16:37:30.922+0530] {logging_mixin.py:188} INFO - [2024-03-02T16:37:30.922+0530] {dag.py:3823} INFO - Setting next_dagrun for example_external_task_marker_parent to None, run_after=None
[2024-03-02T16:37:30.951+0530] {processor.py:183} INFO - Processing /home/lucky/.local/lib/python3.10/site-packages/airflow/example_dags/example_external_task_marker_dag.py took 0.085 seconds
