[2024-03-02T13:15:04.232+0530] {processor.py:161} INFO - Started process (PID=3314) to work on /home/lucky/.local/lib/python3.10/site-packages/airflow/example_dags/example_trigger_controller_dag.py
[2024-03-02T13:15:04.234+0530] {processor.py:830} INFO - Processing file /home/lucky/.local/lib/python3.10/site-packages/airflow/example_dags/example_trigger_controller_dag.py for tasks to queue
[2024-03-02T13:15:04.236+0530] {logging_mixin.py:188} INFO - [2024-03-02T13:15:04.235+0530] {dagbag.py:538} INFO - Filling up the DagBag from /home/lucky/.local/lib/python3.10/site-packages/airflow/example_dags/example_trigger_controller_dag.py
[2024-03-02T13:15:04.271+0530] {processor.py:840} INFO - DAG(s) 'example_trigger_controller_dag' retrieved from /home/lucky/.local/lib/python3.10/site-packages/airflow/example_dags/example_trigger_controller_dag.py
[2024-03-02T13:15:04.300+0530] {logging_mixin.py:188} INFO - [2024-03-02T13:15:04.300+0530] {dag.py:3036} INFO - Sync 1 DAGs
[2024-03-02T13:15:04.468+0530] {logging_mixin.py:188} INFO - [2024-03-02T13:15:04.467+0530] {dag.py:3823} INFO - Setting next_dagrun for example_trigger_controller_dag to 2021-01-01 00:00:00+00:00, run_after=2021-01-01 00:00:00+00:00
[2024-03-02T13:15:05.220+0530] {processor.py:183} INFO - Processing /home/lucky/.local/lib/python3.10/site-packages/airflow/example_dags/example_trigger_controller_dag.py took 0.998 seconds
[2024-03-02T13:16:13.111+0530] {processor.py:161} INFO - Started process (PID=4283) to work on /home/lucky/.local/lib/python3.10/site-packages/airflow/example_dags/example_trigger_controller_dag.py
[2024-03-02T13:16:13.118+0530] {processor.py:830} INFO - Processing file /home/lucky/.local/lib/python3.10/site-packages/airflow/example_dags/example_trigger_controller_dag.py for tasks to queue
[2024-03-02T13:16:13.128+0530] {logging_mixin.py:188} INFO - [2024-03-02T13:16:13.126+0530] {dagbag.py:538} INFO - Filling up the DagBag from /home/lucky/.local/lib/python3.10/site-packages/airflow/example_dags/example_trigger_controller_dag.py
[2024-03-02T13:16:13.156+0530] {processor.py:840} INFO - DAG(s) 'example_trigger_controller_dag' retrieved from /home/lucky/.local/lib/python3.10/site-packages/airflow/example_dags/example_trigger_controller_dag.py
[2024-03-02T13:16:13.573+0530] {logging_mixin.py:188} INFO - [2024-03-02T13:16:13.572+0530] {dag.py:3036} INFO - Sync 1 DAGs
[2024-03-02T13:16:13.648+0530] {logging_mixin.py:188} INFO - [2024-03-02T13:16:13.647+0530] {dag.py:3823} INFO - Setting next_dagrun for example_trigger_controller_dag to 2021-01-01 00:00:00+00:00, run_after=2021-01-01 00:00:00+00:00
[2024-03-02T13:16:13.748+0530] {processor.py:183} INFO - Processing /home/lucky/.local/lib/python3.10/site-packages/airflow/example_dags/example_trigger_controller_dag.py took 0.669 seconds
[2024-03-02T13:16:47.692+0530] {processor.py:161} INFO - Started process (PID=4574) to work on /home/lucky/.local/lib/python3.10/site-packages/airflow/example_dags/example_trigger_controller_dag.py
[2024-03-02T13:16:47.695+0530] {processor.py:830} INFO - Processing file /home/lucky/.local/lib/python3.10/site-packages/airflow/example_dags/example_trigger_controller_dag.py for tasks to queue
[2024-03-02T13:16:47.698+0530] {logging_mixin.py:188} INFO - [2024-03-02T13:16:47.697+0530] {dagbag.py:538} INFO - Filling up the DagBag from /home/lucky/.local/lib/python3.10/site-packages/airflow/example_dags/example_trigger_controller_dag.py
[2024-03-02T13:16:47.714+0530] {processor.py:840} INFO - DAG(s) 'example_trigger_controller_dag' retrieved from /home/lucky/.local/lib/python3.10/site-packages/airflow/example_dags/example_trigger_controller_dag.py
[2024-03-02T13:16:47.759+0530] {logging_mixin.py:188} INFO - [2024-03-02T13:16:47.757+0530] {dag.py:3036} INFO - Sync 1 DAGs
[2024-03-02T13:16:47.818+0530] {logging_mixin.py:188} INFO - [2024-03-02T13:16:47.817+0530] {dag.py:3823} INFO - Setting next_dagrun for example_trigger_controller_dag to 2021-01-01 00:00:00+00:00, run_after=2021-01-01 00:00:00+00:00
[2024-03-02T13:16:47.891+0530] {processor.py:183} INFO - Processing /home/lucky/.local/lib/python3.10/site-packages/airflow/example_dags/example_trigger_controller_dag.py took 0.208 seconds
[2024-03-02T13:17:18.819+0530] {processor.py:161} INFO - Started process (PID=4814) to work on /home/lucky/.local/lib/python3.10/site-packages/airflow/example_dags/example_trigger_controller_dag.py
[2024-03-02T13:17:18.822+0530] {processor.py:830} INFO - Processing file /home/lucky/.local/lib/python3.10/site-packages/airflow/example_dags/example_trigger_controller_dag.py for tasks to queue
[2024-03-02T13:17:18.828+0530] {logging_mixin.py:188} INFO - [2024-03-02T13:17:18.827+0530] {dagbag.py:538} INFO - Filling up the DagBag from /home/lucky/.local/lib/python3.10/site-packages/airflow/example_dags/example_trigger_controller_dag.py
[2024-03-02T13:17:18.847+0530] {processor.py:840} INFO - DAG(s) 'example_trigger_controller_dag' retrieved from /home/lucky/.local/lib/python3.10/site-packages/airflow/example_dags/example_trigger_controller_dag.py
[2024-03-02T13:17:18.889+0530] {logging_mixin.py:188} INFO - [2024-03-02T13:17:18.888+0530] {dag.py:3036} INFO - Sync 1 DAGs
[2024-03-02T13:17:18.960+0530] {logging_mixin.py:188} INFO - [2024-03-02T13:17:18.959+0530] {dag.py:3823} INFO - Setting next_dagrun for example_trigger_controller_dag to 2021-01-01 00:00:00+00:00, run_after=2021-01-01 00:00:00+00:00
[2024-03-02T13:17:19.034+0530] {processor.py:183} INFO - Processing /home/lucky/.local/lib/python3.10/site-packages/airflow/example_dags/example_trigger_controller_dag.py took 0.224 seconds
[2024-03-02T13:18:16.079+0530] {processor.py:161} INFO - Started process (PID=5672) to work on /home/lucky/.local/lib/python3.10/site-packages/airflow/example_dags/example_trigger_controller_dag.py
[2024-03-02T13:18:16.093+0530] {processor.py:830} INFO - Processing file /home/lucky/.local/lib/python3.10/site-packages/airflow/example_dags/example_trigger_controller_dag.py for tasks to queue
[2024-03-02T13:18:16.095+0530] {logging_mixin.py:188} INFO - [2024-03-02T13:18:16.094+0530] {dagbag.py:538} INFO - Filling up the DagBag from /home/lucky/.local/lib/python3.10/site-packages/airflow/example_dags/example_trigger_controller_dag.py
[2024-03-02T13:18:16.104+0530] {processor.py:840} INFO - DAG(s) 'example_trigger_controller_dag' retrieved from /home/lucky/.local/lib/python3.10/site-packages/airflow/example_dags/example_trigger_controller_dag.py
[2024-03-02T13:18:16.133+0530] {logging_mixin.py:188} INFO - [2024-03-02T13:18:16.132+0530] {dag.py:3036} INFO - Sync 1 DAGs
[2024-03-02T13:18:16.171+0530] {logging_mixin.py:188} INFO - [2024-03-02T13:18:16.170+0530] {dag.py:3823} INFO - Setting next_dagrun for example_trigger_controller_dag to 2021-01-01 00:00:00+00:00, run_after=2021-01-01 00:00:00+00:00
[2024-03-02T13:18:16.219+0530] {processor.py:183} INFO - Processing /home/lucky/.local/lib/python3.10/site-packages/airflow/example_dags/example_trigger_controller_dag.py took 0.144 seconds
[2024-03-02T13:18:47.293+0530] {processor.py:161} INFO - Started process (PID=5930) to work on /home/lucky/.local/lib/python3.10/site-packages/airflow/example_dags/example_trigger_controller_dag.py
[2024-03-02T13:18:47.306+0530] {processor.py:830} INFO - Processing file /home/lucky/.local/lib/python3.10/site-packages/airflow/example_dags/example_trigger_controller_dag.py for tasks to queue
[2024-03-02T13:18:47.309+0530] {logging_mixin.py:188} INFO - [2024-03-02T13:18:47.308+0530] {dagbag.py:538} INFO - Filling up the DagBag from /home/lucky/.local/lib/python3.10/site-packages/airflow/example_dags/example_trigger_controller_dag.py
[2024-03-02T13:18:47.318+0530] {processor.py:840} INFO - DAG(s) 'example_trigger_controller_dag' retrieved from /home/lucky/.local/lib/python3.10/site-packages/airflow/example_dags/example_trigger_controller_dag.py
[2024-03-02T13:18:47.347+0530] {logging_mixin.py:188} INFO - [2024-03-02T13:18:47.347+0530] {dag.py:3036} INFO - Sync 1 DAGs
[2024-03-02T13:18:47.385+0530] {logging_mixin.py:188} INFO - [2024-03-02T13:18:47.384+0530] {dag.py:3823} INFO - Setting next_dagrun for example_trigger_controller_dag to 2021-01-01 00:00:00+00:00, run_after=2021-01-01 00:00:00+00:00
[2024-03-02T13:18:47.440+0530] {processor.py:183} INFO - Processing /home/lucky/.local/lib/python3.10/site-packages/airflow/example_dags/example_trigger_controller_dag.py took 0.151 seconds
[2024-03-02T13:19:43.448+0530] {processor.py:161} INFO - Started process (PID=6754) to work on /home/lucky/.local/lib/python3.10/site-packages/airflow/example_dags/example_trigger_controller_dag.py
[2024-03-02T13:19:43.452+0530] {processor.py:830} INFO - Processing file /home/lucky/.local/lib/python3.10/site-packages/airflow/example_dags/example_trigger_controller_dag.py for tasks to queue
[2024-03-02T13:19:43.455+0530] {logging_mixin.py:188} INFO - [2024-03-02T13:19:43.454+0530] {dagbag.py:538} INFO - Filling up the DagBag from /home/lucky/.local/lib/python3.10/site-packages/airflow/example_dags/example_trigger_controller_dag.py
[2024-03-02T13:19:43.465+0530] {processor.py:840} INFO - DAG(s) 'example_trigger_controller_dag' retrieved from /home/lucky/.local/lib/python3.10/site-packages/airflow/example_dags/example_trigger_controller_dag.py
[2024-03-02T13:19:43.494+0530] {logging_mixin.py:188} INFO - [2024-03-02T13:19:43.493+0530] {dag.py:3036} INFO - Sync 1 DAGs
[2024-03-02T13:19:43.549+0530] {logging_mixin.py:188} INFO - [2024-03-02T13:19:43.548+0530] {dag.py:3823} INFO - Setting next_dagrun for example_trigger_controller_dag to 2021-01-01 00:00:00+00:00, run_after=2021-01-01 00:00:00+00:00
[2024-03-02T13:19:43.638+0530] {processor.py:183} INFO - Processing /home/lucky/.local/lib/python3.10/site-packages/airflow/example_dags/example_trigger_controller_dag.py took 0.198 seconds
[2024-03-02T13:20:41.998+0530] {processor.py:161} INFO - Started process (PID=7246) to work on /home/lucky/.local/lib/python3.10/site-packages/airflow/example_dags/example_trigger_controller_dag.py
[2024-03-02T13:20:42.011+0530] {processor.py:830} INFO - Processing file /home/lucky/.local/lib/python3.10/site-packages/airflow/example_dags/example_trigger_controller_dag.py for tasks to queue
[2024-03-02T13:20:42.012+0530] {logging_mixin.py:188} INFO - [2024-03-02T13:20:42.012+0530] {dagbag.py:538} INFO - Filling up the DagBag from /home/lucky/.local/lib/python3.10/site-packages/airflow/example_dags/example_trigger_controller_dag.py
[2024-03-02T13:20:42.021+0530] {processor.py:840} INFO - DAG(s) 'example_trigger_controller_dag' retrieved from /home/lucky/.local/lib/python3.10/site-packages/airflow/example_dags/example_trigger_controller_dag.py
[2024-03-02T13:20:42.048+0530] {logging_mixin.py:188} INFO - [2024-03-02T13:20:42.047+0530] {dag.py:3036} INFO - Sync 1 DAGs
[2024-03-02T13:20:42.086+0530] {logging_mixin.py:188} INFO - [2024-03-02T13:20:42.085+0530] {dag.py:3823} INFO - Setting next_dagrun for example_trigger_controller_dag to 2021-01-01 00:00:00+00:00, run_after=2021-01-01 00:00:00+00:00
[2024-03-02T13:20:42.138+0530] {processor.py:183} INFO - Processing /home/lucky/.local/lib/python3.10/site-packages/airflow/example_dags/example_trigger_controller_dag.py took 0.145 seconds
[2024-03-02T13:21:39.181+0530] {processor.py:161} INFO - Started process (PID=8133) to work on /home/lucky/.local/lib/python3.10/site-packages/airflow/example_dags/example_trigger_controller_dag.py
[2024-03-02T13:21:39.185+0530] {processor.py:830} INFO - Processing file /home/lucky/.local/lib/python3.10/site-packages/airflow/example_dags/example_trigger_controller_dag.py for tasks to queue
[2024-03-02T13:21:39.189+0530] {logging_mixin.py:188} INFO - [2024-03-02T13:21:39.187+0530] {dagbag.py:538} INFO - Filling up the DagBag from /home/lucky/.local/lib/python3.10/site-packages/airflow/example_dags/example_trigger_controller_dag.py
[2024-03-02T13:21:39.207+0530] {processor.py:840} INFO - DAG(s) 'example_trigger_controller_dag' retrieved from /home/lucky/.local/lib/python3.10/site-packages/airflow/example_dags/example_trigger_controller_dag.py
[2024-03-02T13:21:39.282+0530] {logging_mixin.py:188} INFO - [2024-03-02T13:21:39.282+0530] {dag.py:3036} INFO - Sync 1 DAGs
[2024-03-02T13:21:39.375+0530] {logging_mixin.py:188} INFO - [2024-03-02T13:21:39.374+0530] {dag.py:3823} INFO - Setting next_dagrun for example_trigger_controller_dag to 2021-01-01 00:00:00+00:00, run_after=2021-01-01 00:00:00+00:00
[2024-03-02T13:21:39.454+0530] {processor.py:183} INFO - Processing /home/lucky/.local/lib/python3.10/site-packages/airflow/example_dags/example_trigger_controller_dag.py took 0.280 seconds
[2024-03-02T13:22:10.479+0530] {processor.py:161} INFO - Started process (PID=8472) to work on /home/lucky/.local/lib/python3.10/site-packages/airflow/example_dags/example_trigger_controller_dag.py
[2024-03-02T13:22:10.488+0530] {processor.py:830} INFO - Processing file /home/lucky/.local/lib/python3.10/site-packages/airflow/example_dags/example_trigger_controller_dag.py for tasks to queue
[2024-03-02T13:22:10.492+0530] {logging_mixin.py:188} INFO - [2024-03-02T13:22:10.491+0530] {dagbag.py:538} INFO - Filling up the DagBag from /home/lucky/.local/lib/python3.10/site-packages/airflow/example_dags/example_trigger_controller_dag.py
[2024-03-02T13:22:10.509+0530] {processor.py:840} INFO - DAG(s) 'example_trigger_controller_dag' retrieved from /home/lucky/.local/lib/python3.10/site-packages/airflow/example_dags/example_trigger_controller_dag.py
[2024-03-02T13:22:10.576+0530] {logging_mixin.py:188} INFO - [2024-03-02T13:22:10.575+0530] {dag.py:3036} INFO - Sync 1 DAGs
[2024-03-02T13:22:10.679+0530] {logging_mixin.py:188} INFO - [2024-03-02T13:22:10.678+0530] {dag.py:3823} INFO - Setting next_dagrun for example_trigger_controller_dag to 2021-01-01 00:00:00+00:00, run_after=2021-01-01 00:00:00+00:00
[2024-03-02T13:22:10.801+0530] {processor.py:183} INFO - Processing /home/lucky/.local/lib/python3.10/site-packages/airflow/example_dags/example_trigger_controller_dag.py took 0.330 seconds
[2024-03-02T13:23:13.635+0530] {processor.py:161} INFO - Started process (PID=9407) to work on /home/lucky/.local/lib/python3.10/site-packages/airflow/example_dags/example_trigger_controller_dag.py
[2024-03-02T13:23:13.648+0530] {processor.py:830} INFO - Processing file /home/lucky/.local/lib/python3.10/site-packages/airflow/example_dags/example_trigger_controller_dag.py for tasks to queue
[2024-03-02T13:23:13.651+0530] {logging_mixin.py:188} INFO - [2024-03-02T13:23:13.650+0530] {dagbag.py:538} INFO - Filling up the DagBag from /home/lucky/.local/lib/python3.10/site-packages/airflow/example_dags/example_trigger_controller_dag.py
[2024-03-02T13:23:13.662+0530] {processor.py:840} INFO - DAG(s) 'example_trigger_controller_dag' retrieved from /home/lucky/.local/lib/python3.10/site-packages/airflow/example_dags/example_trigger_controller_dag.py
[2024-03-02T13:23:13.713+0530] {logging_mixin.py:188} INFO - [2024-03-02T13:23:13.712+0530] {dag.py:3036} INFO - Sync 1 DAGs
[2024-03-02T13:23:13.877+0530] {logging_mixin.py:188} INFO - [2024-03-02T13:23:13.876+0530] {dag.py:3823} INFO - Setting next_dagrun for example_trigger_controller_dag to 2021-01-01 00:00:00+00:00, run_after=2021-01-01 00:00:00+00:00
[2024-03-02T13:23:13.996+0530] {processor.py:183} INFO - Processing /home/lucky/.local/lib/python3.10/site-packages/airflow/example_dags/example_trigger_controller_dag.py took 0.366 seconds
[2024-03-02T13:23:50.719+0530] {processor.py:161} INFO - Started process (PID=9703) to work on /home/lucky/.local/lib/python3.10/site-packages/airflow/example_dags/example_trigger_controller_dag.py
[2024-03-02T13:23:50.727+0530] {processor.py:830} INFO - Processing file /home/lucky/.local/lib/python3.10/site-packages/airflow/example_dags/example_trigger_controller_dag.py for tasks to queue
[2024-03-02T13:23:50.732+0530] {logging_mixin.py:188} INFO - [2024-03-02T13:23:50.730+0530] {dagbag.py:538} INFO - Filling up the DagBag from /home/lucky/.local/lib/python3.10/site-packages/airflow/example_dags/example_trigger_controller_dag.py
[2024-03-02T13:23:50.752+0530] {processor.py:840} INFO - DAG(s) 'example_trigger_controller_dag' retrieved from /home/lucky/.local/lib/python3.10/site-packages/airflow/example_dags/example_trigger_controller_dag.py
[2024-03-02T13:23:50.803+0530] {logging_mixin.py:188} INFO - [2024-03-02T13:23:50.802+0530] {dag.py:3036} INFO - Sync 1 DAGs
[2024-03-02T13:23:50.922+0530] {logging_mixin.py:188} INFO - [2024-03-02T13:23:50.921+0530] {dag.py:3823} INFO - Setting next_dagrun for example_trigger_controller_dag to 2021-01-01 00:00:00+00:00, run_after=2021-01-01 00:00:00+00:00
[2024-03-02T13:23:51.047+0530] {processor.py:183} INFO - Processing /home/lucky/.local/lib/python3.10/site-packages/airflow/example_dags/example_trigger_controller_dag.py took 0.337 seconds
[2024-03-02T13:24:21.771+0530] {processor.py:161} INFO - Started process (PID=10007) to work on /home/lucky/.local/lib/python3.10/site-packages/airflow/example_dags/example_trigger_controller_dag.py
[2024-03-02T13:24:21.785+0530] {processor.py:830} INFO - Processing file /home/lucky/.local/lib/python3.10/site-packages/airflow/example_dags/example_trigger_controller_dag.py for tasks to queue
[2024-03-02T13:24:21.789+0530] {logging_mixin.py:188} INFO - [2024-03-02T13:24:21.787+0530] {dagbag.py:538} INFO - Filling up the DagBag from /home/lucky/.local/lib/python3.10/site-packages/airflow/example_dags/example_trigger_controller_dag.py
[2024-03-02T13:24:21.803+0530] {processor.py:840} INFO - DAG(s) 'example_trigger_controller_dag' retrieved from /home/lucky/.local/lib/python3.10/site-packages/airflow/example_dags/example_trigger_controller_dag.py
[2024-03-02T13:24:21.847+0530] {logging_mixin.py:188} INFO - [2024-03-02T13:24:21.846+0530] {dag.py:3036} INFO - Sync 1 DAGs
[2024-03-02T13:24:21.909+0530] {logging_mixin.py:188} INFO - [2024-03-02T13:24:21.909+0530] {dag.py:3823} INFO - Setting next_dagrun for example_trigger_controller_dag to 2021-01-01 00:00:00+00:00, run_after=2021-01-01 00:00:00+00:00
[2024-03-02T13:24:21.977+0530] {processor.py:183} INFO - Processing /home/lucky/.local/lib/python3.10/site-packages/airflow/example_dags/example_trigger_controller_dag.py took 0.214 seconds
[2024-03-02T13:24:53.302+0530] {processor.py:161} INFO - Started process (PID=10258) to work on /home/lucky/.local/lib/python3.10/site-packages/airflow/example_dags/example_trigger_controller_dag.py
[2024-03-02T13:24:53.317+0530] {processor.py:830} INFO - Processing file /home/lucky/.local/lib/python3.10/site-packages/airflow/example_dags/example_trigger_controller_dag.py for tasks to queue
[2024-03-02T13:24:53.321+0530] {logging_mixin.py:188} INFO - [2024-03-02T13:24:53.319+0530] {dagbag.py:538} INFO - Filling up the DagBag from /home/lucky/.local/lib/python3.10/site-packages/airflow/example_dags/example_trigger_controller_dag.py
[2024-03-02T13:24:53.349+0530] {processor.py:840} INFO - DAG(s) 'example_trigger_controller_dag' retrieved from /home/lucky/.local/lib/python3.10/site-packages/airflow/example_dags/example_trigger_controller_dag.py
[2024-03-02T13:24:53.424+0530] {logging_mixin.py:188} INFO - [2024-03-02T13:24:53.422+0530] {dag.py:3036} INFO - Sync 1 DAGs
[2024-03-02T13:24:53.535+0530] {logging_mixin.py:188} INFO - [2024-03-02T13:24:53.534+0530] {dag.py:3823} INFO - Setting next_dagrun for example_trigger_controller_dag to 2021-01-01 00:00:00+00:00, run_after=2021-01-01 00:00:00+00:00
[2024-03-02T13:24:53.659+0530] {processor.py:183} INFO - Processing /home/lucky/.local/lib/python3.10/site-packages/airflow/example_dags/example_trigger_controller_dag.py took 0.367 seconds
[2024-03-02T13:25:24.745+0530] {processor.py:161} INFO - Started process (PID=10905) to work on /home/lucky/.local/lib/python3.10/site-packages/airflow/example_dags/example_trigger_controller_dag.py
[2024-03-02T13:25:24.759+0530] {processor.py:830} INFO - Processing file /home/lucky/.local/lib/python3.10/site-packages/airflow/example_dags/example_trigger_controller_dag.py for tasks to queue
[2024-03-02T13:25:24.761+0530] {logging_mixin.py:188} INFO - [2024-03-02T13:25:24.760+0530] {dagbag.py:538} INFO - Filling up the DagBag from /home/lucky/.local/lib/python3.10/site-packages/airflow/example_dags/example_trigger_controller_dag.py
[2024-03-02T13:25:24.770+0530] {processor.py:840} INFO - DAG(s) 'example_trigger_controller_dag' retrieved from /home/lucky/.local/lib/python3.10/site-packages/airflow/example_dags/example_trigger_controller_dag.py
[2024-03-02T13:25:24.797+0530] {logging_mixin.py:188} INFO - [2024-03-02T13:25:24.797+0530] {dag.py:3036} INFO - Sync 1 DAGs
[2024-03-02T13:25:24.838+0530] {logging_mixin.py:188} INFO - [2024-03-02T13:25:24.838+0530] {dag.py:3823} INFO - Setting next_dagrun for example_trigger_controller_dag to 2021-01-01 00:00:00+00:00, run_after=2021-01-01 00:00:00+00:00
[2024-03-02T13:25:24.885+0530] {processor.py:183} INFO - Processing /home/lucky/.local/lib/python3.10/site-packages/airflow/example_dags/example_trigger_controller_dag.py took 0.146 seconds
[2024-03-02T13:25:56.002+0530] {processor.py:161} INFO - Started process (PID=11165) to work on /home/lucky/.local/lib/python3.10/site-packages/airflow/example_dags/example_trigger_controller_dag.py
[2024-03-02T13:25:56.016+0530] {processor.py:830} INFO - Processing file /home/lucky/.local/lib/python3.10/site-packages/airflow/example_dags/example_trigger_controller_dag.py for tasks to queue
[2024-03-02T13:25:56.018+0530] {logging_mixin.py:188} INFO - [2024-03-02T13:25:56.017+0530] {dagbag.py:538} INFO - Filling up the DagBag from /home/lucky/.local/lib/python3.10/site-packages/airflow/example_dags/example_trigger_controller_dag.py
[2024-03-02T13:25:56.028+0530] {processor.py:840} INFO - DAG(s) 'example_trigger_controller_dag' retrieved from /home/lucky/.local/lib/python3.10/site-packages/airflow/example_dags/example_trigger_controller_dag.py
[2024-03-02T13:25:56.063+0530] {logging_mixin.py:188} INFO - [2024-03-02T13:25:56.062+0530] {dag.py:3036} INFO - Sync 1 DAGs
[2024-03-02T13:25:56.130+0530] {logging_mixin.py:188} INFO - [2024-03-02T13:25:56.129+0530] {dag.py:3823} INFO - Setting next_dagrun for example_trigger_controller_dag to 2021-01-01 00:00:00+00:00, run_after=2021-01-01 00:00:00+00:00
[2024-03-02T13:25:56.205+0530] {processor.py:183} INFO - Processing /home/lucky/.local/lib/python3.10/site-packages/airflow/example_dags/example_trigger_controller_dag.py took 0.208 seconds
[2024-03-02T13:26:27.198+0530] {processor.py:161} INFO - Started process (PID=11420) to work on /home/lucky/.local/lib/python3.10/site-packages/airflow/example_dags/example_trigger_controller_dag.py
[2024-03-02T13:26:27.203+0530] {processor.py:830} INFO - Processing file /home/lucky/.local/lib/python3.10/site-packages/airflow/example_dags/example_trigger_controller_dag.py for tasks to queue
[2024-03-02T13:26:27.206+0530] {logging_mixin.py:188} INFO - [2024-03-02T13:26:27.205+0530] {dagbag.py:538} INFO - Filling up the DagBag from /home/lucky/.local/lib/python3.10/site-packages/airflow/example_dags/example_trigger_controller_dag.py
[2024-03-02T13:26:27.222+0530] {processor.py:840} INFO - DAG(s) 'example_trigger_controller_dag' retrieved from /home/lucky/.local/lib/python3.10/site-packages/airflow/example_dags/example_trigger_controller_dag.py
[2024-03-02T13:26:27.276+0530] {logging_mixin.py:188} INFO - [2024-03-02T13:26:27.274+0530] {dag.py:3036} INFO - Sync 1 DAGs
[2024-03-02T13:26:27.346+0530] {logging_mixin.py:188} INFO - [2024-03-02T13:26:27.345+0530] {dag.py:3823} INFO - Setting next_dagrun for example_trigger_controller_dag to 2021-01-01 00:00:00+00:00, run_after=2021-01-01 00:00:00+00:00
[2024-03-02T13:26:27.436+0530] {processor.py:183} INFO - Processing /home/lucky/.local/lib/python3.10/site-packages/airflow/example_dags/example_trigger_controller_dag.py took 0.251 seconds
[2024-03-02T13:27:25.233+0530] {processor.py:161} INFO - Started process (PID=12303) to work on /home/lucky/.local/lib/python3.10/site-packages/airflow/example_dags/example_trigger_controller_dag.py
[2024-03-02T13:27:25.236+0530] {processor.py:830} INFO - Processing file /home/lucky/.local/lib/python3.10/site-packages/airflow/example_dags/example_trigger_controller_dag.py for tasks to queue
[2024-03-02T13:27:25.239+0530] {logging_mixin.py:188} INFO - [2024-03-02T13:27:25.238+0530] {dagbag.py:538} INFO - Filling up the DagBag from /home/lucky/.local/lib/python3.10/site-packages/airflow/example_dags/example_trigger_controller_dag.py
[2024-03-02T13:27:25.250+0530] {processor.py:840} INFO - DAG(s) 'example_trigger_controller_dag' retrieved from /home/lucky/.local/lib/python3.10/site-packages/airflow/example_dags/example_trigger_controller_dag.py
[2024-03-02T13:27:25.288+0530] {logging_mixin.py:188} INFO - [2024-03-02T13:27:25.288+0530] {dag.py:3036} INFO - Sync 1 DAGs
[2024-03-02T13:27:25.351+0530] {logging_mixin.py:188} INFO - [2024-03-02T13:27:25.350+0530] {dag.py:3823} INFO - Setting next_dagrun for example_trigger_controller_dag to 2021-01-01 00:00:00+00:00, run_after=2021-01-01 00:00:00+00:00
[2024-03-02T13:27:25.510+0530] {processor.py:183} INFO - Processing /home/lucky/.local/lib/python3.10/site-packages/airflow/example_dags/example_trigger_controller_dag.py took 0.286 seconds
[2024-03-02T13:28:40.029+0530] {processor.py:161} INFO - Started process (PID=12929) to work on /home/lucky/.local/lib/python3.10/site-packages/airflow/example_dags/example_trigger_controller_dag.py
[2024-03-02T13:28:40.031+0530] {processor.py:830} INFO - Processing file /home/lucky/.local/lib/python3.10/site-packages/airflow/example_dags/example_trigger_controller_dag.py for tasks to queue
[2024-03-02T13:28:40.032+0530] {logging_mixin.py:188} INFO - [2024-03-02T13:28:40.032+0530] {dagbag.py:538} INFO - Filling up the DagBag from /home/lucky/.local/lib/python3.10/site-packages/airflow/example_dags/example_trigger_controller_dag.py
[2024-03-02T13:28:40.042+0530] {processor.py:840} INFO - DAG(s) 'example_trigger_controller_dag' retrieved from /home/lucky/.local/lib/python3.10/site-packages/airflow/example_dags/example_trigger_controller_dag.py
[2024-03-02T13:28:40.074+0530] {logging_mixin.py:188} INFO - [2024-03-02T13:28:40.073+0530] {dag.py:3036} INFO - Sync 1 DAGs
[2024-03-02T13:28:40.240+0530] {logging_mixin.py:188} INFO - [2024-03-02T13:28:40.240+0530] {dag.py:3823} INFO - Setting next_dagrun for example_trigger_controller_dag to 2021-01-01 00:00:00+00:00, run_after=2021-01-01 00:00:00+00:00
[2024-03-02T13:28:40.276+0530] {processor.py:183} INFO - Processing /home/lucky/.local/lib/python3.10/site-packages/airflow/example_dags/example_trigger_controller_dag.py took 0.252 seconds
[2024-03-02T13:31:41.797+0530] {processor.py:161} INFO - Started process (PID=15184) to work on /home/lucky/.local/lib/python3.10/site-packages/airflow/example_dags/example_trigger_controller_dag.py
[2024-03-02T13:31:41.832+0530] {processor.py:830} INFO - Processing file /home/lucky/.local/lib/python3.10/site-packages/airflow/example_dags/example_trigger_controller_dag.py for tasks to queue
[2024-03-02T13:31:41.844+0530] {logging_mixin.py:188} INFO - [2024-03-02T13:31:41.840+0530] {dagbag.py:538} INFO - Filling up the DagBag from /home/lucky/.local/lib/python3.10/site-packages/airflow/example_dags/example_trigger_controller_dag.py
[2024-03-02T13:31:41.928+0530] {processor.py:840} INFO - DAG(s) 'example_trigger_controller_dag' retrieved from /home/lucky/.local/lib/python3.10/site-packages/airflow/example_dags/example_trigger_controller_dag.py
[2024-03-02T13:31:42.148+0530] {logging_mixin.py:188} INFO - [2024-03-02T13:31:42.147+0530] {dag.py:3036} INFO - Sync 1 DAGs
[2024-03-02T13:31:43.170+0530] {logging_mixin.py:188} INFO - [2024-03-02T13:31:43.169+0530] {dag.py:3823} INFO - Setting next_dagrun for example_trigger_controller_dag to 2021-01-01 00:00:00+00:00, run_after=2021-01-01 00:00:00+00:00
[2024-03-02T13:31:43.222+0530] {processor.py:183} INFO - Processing /home/lucky/.local/lib/python3.10/site-packages/airflow/example_dags/example_trigger_controller_dag.py took 1.523 seconds
[2024-03-02T13:34:16.444+0530] {processor.py:161} INFO - Started process (PID=16806) to work on /home/lucky/.local/lib/python3.10/site-packages/airflow/example_dags/example_trigger_controller_dag.py
[2024-03-02T13:34:16.457+0530] {processor.py:830} INFO - Processing file /home/lucky/.local/lib/python3.10/site-packages/airflow/example_dags/example_trigger_controller_dag.py for tasks to queue
[2024-03-02T13:34:16.459+0530] {logging_mixin.py:188} INFO - [2024-03-02T13:34:16.458+0530] {dagbag.py:538} INFO - Filling up the DagBag from /home/lucky/.local/lib/python3.10/site-packages/airflow/example_dags/example_trigger_controller_dag.py
[2024-03-02T13:34:16.472+0530] {processor.py:840} INFO - DAG(s) 'example_trigger_controller_dag' retrieved from /home/lucky/.local/lib/python3.10/site-packages/airflow/example_dags/example_trigger_controller_dag.py
[2024-03-02T13:34:16.502+0530] {logging_mixin.py:188} INFO - [2024-03-02T13:34:16.501+0530] {dag.py:3036} INFO - Sync 1 DAGs
[2024-03-02T13:34:16.792+0530] {logging_mixin.py:188} INFO - [2024-03-02T13:34:16.791+0530] {dag.py:3823} INFO - Setting next_dagrun for example_trigger_controller_dag to 2021-01-01 00:00:00+00:00, run_after=2021-01-01 00:00:00+00:00
[2024-03-02T13:34:16.842+0530] {processor.py:183} INFO - Processing /home/lucky/.local/lib/python3.10/site-packages/airflow/example_dags/example_trigger_controller_dag.py took 0.403 seconds
[2024-03-02T13:35:18.743+0530] {processor.py:161} INFO - Started process (PID=17701) to work on /home/lucky/.local/lib/python3.10/site-packages/airflow/example_dags/example_trigger_controller_dag.py
[2024-03-02T13:35:18.755+0530] {processor.py:830} INFO - Processing file /home/lucky/.local/lib/python3.10/site-packages/airflow/example_dags/example_trigger_controller_dag.py for tasks to queue
[2024-03-02T13:35:18.759+0530] {logging_mixin.py:188} INFO - [2024-03-02T13:35:18.757+0530] {dagbag.py:538} INFO - Filling up the DagBag from /home/lucky/.local/lib/python3.10/site-packages/airflow/example_dags/example_trigger_controller_dag.py
[2024-03-02T13:35:18.781+0530] {processor.py:840} INFO - DAG(s) 'example_trigger_controller_dag' retrieved from /home/lucky/.local/lib/python3.10/site-packages/airflow/example_dags/example_trigger_controller_dag.py
[2024-03-02T13:35:18.836+0530] {logging_mixin.py:188} INFO - [2024-03-02T13:35:18.835+0530] {dag.py:3036} INFO - Sync 1 DAGs
[2024-03-02T13:35:18.947+0530] {logging_mixin.py:188} INFO - [2024-03-02T13:35:18.946+0530] {dag.py:3823} INFO - Setting next_dagrun for example_trigger_controller_dag to 2021-01-01 00:00:00+00:00, run_after=2021-01-01 00:00:00+00:00
[2024-03-02T13:35:19.047+0530] {processor.py:183} INFO - Processing /home/lucky/.local/lib/python3.10/site-packages/airflow/example_dags/example_trigger_controller_dag.py took 0.312 seconds
[2024-03-02T13:36:12.097+0530] {processor.py:161} INFO - Started process (PID=18207) to work on /home/lucky/.local/lib/python3.10/site-packages/airflow/example_dags/example_trigger_controller_dag.py
[2024-03-02T13:36:12.101+0530] {processor.py:830} INFO - Processing file /home/lucky/.local/lib/python3.10/site-packages/airflow/example_dags/example_trigger_controller_dag.py for tasks to queue
[2024-03-02T13:36:12.104+0530] {logging_mixin.py:188} INFO - [2024-03-02T13:36:12.103+0530] {dagbag.py:538} INFO - Filling up the DagBag from /home/lucky/.local/lib/python3.10/site-packages/airflow/example_dags/example_trigger_controller_dag.py
[2024-03-02T13:36:12.128+0530] {processor.py:840} INFO - DAG(s) 'example_trigger_controller_dag' retrieved from /home/lucky/.local/lib/python3.10/site-packages/airflow/example_dags/example_trigger_controller_dag.py
[2024-03-02T13:36:12.185+0530] {logging_mixin.py:188} INFO - [2024-03-02T13:36:12.184+0530] {dag.py:3036} INFO - Sync 1 DAGs
[2024-03-02T13:36:12.551+0530] {logging_mixin.py:188} INFO - [2024-03-02T13:36:12.550+0530] {dag.py:3823} INFO - Setting next_dagrun for example_trigger_controller_dag to 2021-01-01 00:00:00+00:00, run_after=2021-01-01 00:00:00+00:00
[2024-03-02T13:36:12.632+0530] {processor.py:183} INFO - Processing /home/lucky/.local/lib/python3.10/site-packages/airflow/example_dags/example_trigger_controller_dag.py took 0.543 seconds
[2024-03-02T13:36:15.912+0530] {processor.py:161} INFO - Started process (PID=18219) to work on /home/lucky/.local/lib/python3.10/site-packages/airflow/example_dags/example_trigger_controller_dag.py
[2024-03-02T13:36:15.915+0530] {processor.py:830} INFO - Processing file /home/lucky/.local/lib/python3.10/site-packages/airflow/example_dags/example_trigger_controller_dag.py for tasks to queue
[2024-03-02T13:36:15.917+0530] {logging_mixin.py:188} INFO - [2024-03-02T13:36:15.916+0530] {dagbag.py:538} INFO - Filling up the DagBag from /home/lucky/.local/lib/python3.10/site-packages/airflow/example_dags/example_trigger_controller_dag.py
[2024-03-02T13:36:15.928+0530] {processor.py:840} INFO - DAG(s) 'example_trigger_controller_dag' retrieved from /home/lucky/.local/lib/python3.10/site-packages/airflow/example_dags/example_trigger_controller_dag.py
[2024-03-02T13:36:15.968+0530] {logging_mixin.py:188} INFO - [2024-03-02T13:36:15.967+0530] {dag.py:3036} INFO - Sync 1 DAGs
[2024-03-02T13:36:16.030+0530] {logging_mixin.py:188} INFO - [2024-03-02T13:36:16.029+0530] {dag.py:3823} INFO - Setting next_dagrun for example_trigger_controller_dag to 2021-01-01 00:00:00+00:00, run_after=2021-01-01 00:00:00+00:00
[2024-03-02T13:36:16.098+0530] {processor.py:183} INFO - Processing /home/lucky/.local/lib/python3.10/site-packages/airflow/example_dags/example_trigger_controller_dag.py took 0.193 seconds
[2024-03-02T13:37:13.806+0530] {processor.py:161} INFO - Started process (PID=19076) to work on /home/lucky/.local/lib/python3.10/site-packages/airflow/example_dags/example_trigger_controller_dag.py
[2024-03-02T13:37:13.809+0530] {processor.py:830} INFO - Processing file /home/lucky/.local/lib/python3.10/site-packages/airflow/example_dags/example_trigger_controller_dag.py for tasks to queue
[2024-03-02T13:37:13.811+0530] {logging_mixin.py:188} INFO - [2024-03-02T13:37:13.810+0530] {dagbag.py:538} INFO - Filling up the DagBag from /home/lucky/.local/lib/python3.10/site-packages/airflow/example_dags/example_trigger_controller_dag.py
[2024-03-02T13:37:13.824+0530] {processor.py:840} INFO - DAG(s) 'example_trigger_controller_dag' retrieved from /home/lucky/.local/lib/python3.10/site-packages/airflow/example_dags/example_trigger_controller_dag.py
[2024-03-02T13:37:13.857+0530] {logging_mixin.py:188} INFO - [2024-03-02T13:37:13.856+0530] {dag.py:3036} INFO - Sync 1 DAGs
[2024-03-02T13:37:14.088+0530] {logging_mixin.py:188} INFO - [2024-03-02T13:37:14.087+0530] {dag.py:3823} INFO - Setting next_dagrun for example_trigger_controller_dag to 2021-01-01 00:00:00+00:00, run_after=2021-01-01 00:00:00+00:00
[2024-03-02T13:37:14.149+0530] {processor.py:183} INFO - Processing /home/lucky/.local/lib/python3.10/site-packages/airflow/example_dags/example_trigger_controller_dag.py took 0.348 seconds
[2024-03-02T13:38:17.122+0530] {processor.py:161} INFO - Started process (PID=19620) to work on /home/lucky/.local/lib/python3.10/site-packages/airflow/example_dags/example_trigger_controller_dag.py
[2024-03-02T13:38:17.135+0530] {processor.py:830} INFO - Processing file /home/lucky/.local/lib/python3.10/site-packages/airflow/example_dags/example_trigger_controller_dag.py for tasks to queue
[2024-03-02T13:38:17.139+0530] {logging_mixin.py:188} INFO - [2024-03-02T13:38:17.137+0530] {dagbag.py:538} INFO - Filling up the DagBag from /home/lucky/.local/lib/python3.10/site-packages/airflow/example_dags/example_trigger_controller_dag.py
[2024-03-02T13:38:17.153+0530] {processor.py:840} INFO - DAG(s) 'example_trigger_controller_dag' retrieved from /home/lucky/.local/lib/python3.10/site-packages/airflow/example_dags/example_trigger_controller_dag.py
[2024-03-02T13:38:17.201+0530] {logging_mixin.py:188} INFO - [2024-03-02T13:38:17.199+0530] {dag.py:3036} INFO - Sync 1 DAGs
[2024-03-02T13:38:17.247+0530] {logging_mixin.py:188} INFO - [2024-03-02T13:38:17.246+0530] {dag.py:3823} INFO - Setting next_dagrun for example_trigger_controller_dag to 2021-01-01 00:00:00+00:00, run_after=2021-01-01 00:00:00+00:00
[2024-03-02T13:38:17.319+0530] {processor.py:183} INFO - Processing /home/lucky/.local/lib/python3.10/site-packages/airflow/example_dags/example_trigger_controller_dag.py took 0.202 seconds
[2024-03-02T16:12:12.227+0530] {processor.py:161} INFO - Started process (PID=118779) to work on /home/lucky/.local/lib/python3.10/site-packages/airflow/example_dags/example_trigger_controller_dag.py
[2024-03-02T16:12:12.229+0530] {processor.py:830} INFO - Processing file /home/lucky/.local/lib/python3.10/site-packages/airflow/example_dags/example_trigger_controller_dag.py for tasks to queue
[2024-03-02T16:12:12.231+0530] {logging_mixin.py:188} INFO - [2024-03-02T16:12:12.230+0530] {dagbag.py:538} INFO - Filling up the DagBag from /home/lucky/.local/lib/python3.10/site-packages/airflow/example_dags/example_trigger_controller_dag.py
[2024-03-02T16:12:12.252+0530] {processor.py:840} INFO - DAG(s) 'example_trigger_controller_dag' retrieved from /home/lucky/.local/lib/python3.10/site-packages/airflow/example_dags/example_trigger_controller_dag.py
[2024-03-02T16:12:12.282+0530] {logging_mixin.py:188} INFO - [2024-03-02T16:12:12.282+0530] {dag.py:3036} INFO - Sync 1 DAGs
[2024-03-02T16:12:12.319+0530] {logging_mixin.py:188} INFO - [2024-03-02T16:12:12.314+0530] {dag.py:3823} INFO - Setting next_dagrun for example_trigger_controller_dag to 2021-01-01 00:00:00+00:00, run_after=2021-01-01 00:00:00+00:00
[2024-03-02T16:12:12.348+0530] {processor.py:183} INFO - Processing /home/lucky/.local/lib/python3.10/site-packages/airflow/example_dags/example_trigger_controller_dag.py took 0.125 seconds
[2024-03-02T16:13:35.117+0530] {processor.py:161} INFO - Started process (PID=119845) to work on /home/lucky/.local/lib/python3.10/site-packages/airflow/example_dags/example_trigger_controller_dag.py
[2024-03-02T16:13:35.119+0530] {processor.py:830} INFO - Processing file /home/lucky/.local/lib/python3.10/site-packages/airflow/example_dags/example_trigger_controller_dag.py for tasks to queue
[2024-03-02T16:13:35.121+0530] {logging_mixin.py:188} INFO - [2024-03-02T16:13:35.120+0530] {dagbag.py:538} INFO - Filling up the DagBag from /home/lucky/.local/lib/python3.10/site-packages/airflow/example_dags/example_trigger_controller_dag.py
[2024-03-02T16:13:35.134+0530] {processor.py:840} INFO - DAG(s) 'example_trigger_controller_dag' retrieved from /home/lucky/.local/lib/python3.10/site-packages/airflow/example_dags/example_trigger_controller_dag.py
[2024-03-02T16:13:35.187+0530] {logging_mixin.py:188} INFO - [2024-03-02T16:13:35.187+0530] {dag.py:3036} INFO - Sync 1 DAGs
[2024-03-02T16:13:35.236+0530] {logging_mixin.py:188} INFO - [2024-03-02T16:13:35.236+0530] {dag.py:3823} INFO - Setting next_dagrun for example_trigger_controller_dag to 2021-01-01 00:00:00+00:00, run_after=2021-01-01 00:00:00+00:00
[2024-03-02T16:13:35.278+0530] {processor.py:183} INFO - Processing /home/lucky/.local/lib/python3.10/site-packages/airflow/example_dags/example_trigger_controller_dag.py took 0.165 seconds
[2024-03-02T16:15:01.805+0530] {processor.py:161} INFO - Started process (PID=120957) to work on /home/lucky/.local/lib/python3.10/site-packages/airflow/example_dags/example_trigger_controller_dag.py
[2024-03-02T16:15:01.807+0530] {processor.py:830} INFO - Processing file /home/lucky/.local/lib/python3.10/site-packages/airflow/example_dags/example_trigger_controller_dag.py for tasks to queue
[2024-03-02T16:15:01.809+0530] {logging_mixin.py:188} INFO - [2024-03-02T16:15:01.808+0530] {dagbag.py:538} INFO - Filling up the DagBag from /home/lucky/.local/lib/python3.10/site-packages/airflow/example_dags/example_trigger_controller_dag.py
[2024-03-02T16:15:01.823+0530] {processor.py:840} INFO - DAG(s) 'example_trigger_controller_dag' retrieved from /home/lucky/.local/lib/python3.10/site-packages/airflow/example_dags/example_trigger_controller_dag.py
[2024-03-02T16:15:01.855+0530] {logging_mixin.py:188} INFO - [2024-03-02T16:15:01.855+0530] {dag.py:3036} INFO - Sync 1 DAGs
[2024-03-02T16:15:01.885+0530] {logging_mixin.py:188} INFO - [2024-03-02T16:15:01.884+0530] {dag.py:3823} INFO - Setting next_dagrun for example_trigger_controller_dag to 2021-01-01 00:00:00+00:00, run_after=2021-01-01 00:00:00+00:00
[2024-03-02T16:15:01.917+0530] {processor.py:183} INFO - Processing /home/lucky/.local/lib/python3.10/site-packages/airflow/example_dags/example_trigger_controller_dag.py took 0.116 seconds
[2024-03-02T16:16:00.615+0530] {processor.py:161} INFO - Started process (PID=121786) to work on /home/lucky/.local/lib/python3.10/site-packages/airflow/example_dags/example_trigger_controller_dag.py
[2024-03-02T16:16:00.621+0530] {processor.py:830} INFO - Processing file /home/lucky/.local/lib/python3.10/site-packages/airflow/example_dags/example_trigger_controller_dag.py for tasks to queue
[2024-03-02T16:16:00.622+0530] {logging_mixin.py:188} INFO - [2024-03-02T16:16:00.622+0530] {dagbag.py:538} INFO - Filling up the DagBag from /home/lucky/.local/lib/python3.10/site-packages/airflow/example_dags/example_trigger_controller_dag.py
[2024-03-02T16:16:00.628+0530] {processor.py:840} INFO - DAG(s) 'example_trigger_controller_dag' retrieved from /home/lucky/.local/lib/python3.10/site-packages/airflow/example_dags/example_trigger_controller_dag.py
[2024-03-02T16:16:00.649+0530] {logging_mixin.py:188} INFO - [2024-03-02T16:16:00.648+0530] {dag.py:3036} INFO - Sync 1 DAGs
[2024-03-02T16:16:00.683+0530] {logging_mixin.py:188} INFO - [2024-03-02T16:16:00.683+0530] {dag.py:3823} INFO - Setting next_dagrun for example_trigger_controller_dag to 2021-01-01 00:00:00+00:00, run_after=2021-01-01 00:00:00+00:00
[2024-03-02T16:16:00.715+0530] {processor.py:183} INFO - Processing /home/lucky/.local/lib/python3.10/site-packages/airflow/example_dags/example_trigger_controller_dag.py took 0.104 seconds
[2024-03-02T16:16:50.997+0530] {processor.py:161} INFO - Started process (PID=122333) to work on /home/lucky/.local/lib/python3.10/site-packages/airflow/example_dags/example_trigger_controller_dag.py
[2024-03-02T16:16:50.999+0530] {processor.py:830} INFO - Processing file /home/lucky/.local/lib/python3.10/site-packages/airflow/example_dags/example_trigger_controller_dag.py for tasks to queue
[2024-03-02T16:16:51.002+0530] {logging_mixin.py:188} INFO - [2024-03-02T16:16:51.001+0530] {dagbag.py:538} INFO - Filling up the DagBag from /home/lucky/.local/lib/python3.10/site-packages/airflow/example_dags/example_trigger_controller_dag.py
[2024-03-02T16:16:51.011+0530] {processor.py:840} INFO - DAG(s) 'example_trigger_controller_dag' retrieved from /home/lucky/.local/lib/python3.10/site-packages/airflow/example_dags/example_trigger_controller_dag.py
[2024-03-02T16:16:51.034+0530] {logging_mixin.py:188} INFO - [2024-03-02T16:16:51.033+0530] {dag.py:3036} INFO - Sync 1 DAGs
[2024-03-02T16:16:51.064+0530] {logging_mixin.py:188} INFO - [2024-03-02T16:16:51.063+0530] {dag.py:3823} INFO - Setting next_dagrun for example_trigger_controller_dag to 2021-01-01 00:00:00+00:00, run_after=2021-01-01 00:00:00+00:00
[2024-03-02T16:16:51.096+0530] {processor.py:183} INFO - Processing /home/lucky/.local/lib/python3.10/site-packages/airflow/example_dags/example_trigger_controller_dag.py took 0.103 seconds
[2024-03-02T16:18:10.347+0530] {processor.py:161} INFO - Started process (PID=123440) to work on /home/lucky/.local/lib/python3.10/site-packages/airflow/example_dags/example_trigger_controller_dag.py
[2024-03-02T16:18:10.348+0530] {processor.py:830} INFO - Processing file /home/lucky/.local/lib/python3.10/site-packages/airflow/example_dags/example_trigger_controller_dag.py for tasks to queue
[2024-03-02T16:18:10.349+0530] {logging_mixin.py:188} INFO - [2024-03-02T16:18:10.349+0530] {dagbag.py:538} INFO - Filling up the DagBag from /home/lucky/.local/lib/python3.10/site-packages/airflow/example_dags/example_trigger_controller_dag.py
[2024-03-02T16:18:10.357+0530] {processor.py:840} INFO - DAG(s) 'example_trigger_controller_dag' retrieved from /home/lucky/.local/lib/python3.10/site-packages/airflow/example_dags/example_trigger_controller_dag.py
[2024-03-02T16:18:10.379+0530] {logging_mixin.py:188} INFO - [2024-03-02T16:18:10.378+0530] {dag.py:3036} INFO - Sync 1 DAGs
[2024-03-02T16:18:10.400+0530] {logging_mixin.py:188} INFO - [2024-03-02T16:18:10.399+0530] {dag.py:3823} INFO - Setting next_dagrun for example_trigger_controller_dag to 2021-01-01 00:00:00+00:00, run_after=2021-01-01 00:00:00+00:00
[2024-03-02T16:18:10.425+0530] {processor.py:183} INFO - Processing /home/lucky/.local/lib/python3.10/site-packages/airflow/example_dags/example_trigger_controller_dag.py took 0.081 seconds
[2024-03-02T16:20:20.862+0530] {processor.py:161} INFO - Started process (PID=125276) to work on /home/lucky/.local/lib/python3.10/site-packages/airflow/example_dags/example_trigger_controller_dag.py
[2024-03-02T16:20:20.864+0530] {processor.py:830} INFO - Processing file /home/lucky/.local/lib/python3.10/site-packages/airflow/example_dags/example_trigger_controller_dag.py for tasks to queue
[2024-03-02T16:20:20.865+0530] {logging_mixin.py:188} INFO - [2024-03-02T16:20:20.865+0530] {dagbag.py:538} INFO - Filling up the DagBag from /home/lucky/.local/lib/python3.10/site-packages/airflow/example_dags/example_trigger_controller_dag.py
[2024-03-02T16:20:20.884+0530] {processor.py:840} INFO - DAG(s) 'example_trigger_controller_dag' retrieved from /home/lucky/.local/lib/python3.10/site-packages/airflow/example_dags/example_trigger_controller_dag.py
[2024-03-02T16:20:20.914+0530] {logging_mixin.py:188} INFO - [2024-03-02T16:20:20.913+0530] {dag.py:3036} INFO - Sync 1 DAGs
[2024-03-02T16:20:20.961+0530] {logging_mixin.py:188} INFO - [2024-03-02T16:20:20.960+0530] {dag.py:3823} INFO - Setting next_dagrun for example_trigger_controller_dag to 2021-01-01 00:00:00+00:00, run_after=2021-01-01 00:00:00+00:00
[2024-03-02T16:20:21.011+0530] {processor.py:183} INFO - Processing /home/lucky/.local/lib/python3.10/site-packages/airflow/example_dags/example_trigger_controller_dag.py took 0.154 seconds
[2024-03-02T16:21:14.274+0530] {processor.py:161} INFO - Started process (PID=125849) to work on /home/lucky/.local/lib/python3.10/site-packages/airflow/example_dags/example_trigger_controller_dag.py
[2024-03-02T16:21:14.276+0530] {processor.py:830} INFO - Processing file /home/lucky/.local/lib/python3.10/site-packages/airflow/example_dags/example_trigger_controller_dag.py for tasks to queue
[2024-03-02T16:21:14.278+0530] {logging_mixin.py:188} INFO - [2024-03-02T16:21:14.277+0530] {dagbag.py:538} INFO - Filling up the DagBag from /home/lucky/.local/lib/python3.10/site-packages/airflow/example_dags/example_trigger_controller_dag.py
[2024-03-02T16:21:14.285+0530] {processor.py:840} INFO - DAG(s) 'example_trigger_controller_dag' retrieved from /home/lucky/.local/lib/python3.10/site-packages/airflow/example_dags/example_trigger_controller_dag.py
[2024-03-02T16:21:14.301+0530] {logging_mixin.py:188} INFO - [2024-03-02T16:21:14.300+0530] {dag.py:3036} INFO - Sync 1 DAGs
[2024-03-02T16:21:14.319+0530] {logging_mixin.py:188} INFO - [2024-03-02T16:21:14.319+0530] {dag.py:3823} INFO - Setting next_dagrun for example_trigger_controller_dag to 2021-01-01 00:00:00+00:00, run_after=2021-01-01 00:00:00+00:00
[2024-03-02T16:21:14.343+0530] {processor.py:183} INFO - Processing /home/lucky/.local/lib/python3.10/site-packages/airflow/example_dags/example_trigger_controller_dag.py took 0.072 seconds
[2024-03-02T16:22:00.872+0530] {processor.py:161} INFO - Started process (PID=126628) to work on /home/lucky/.local/lib/python3.10/site-packages/airflow/example_dags/example_trigger_controller_dag.py
[2024-03-02T16:22:00.873+0530] {processor.py:830} INFO - Processing file /home/lucky/.local/lib/python3.10/site-packages/airflow/example_dags/example_trigger_controller_dag.py for tasks to queue
[2024-03-02T16:22:00.874+0530] {logging_mixin.py:188} INFO - [2024-03-02T16:22:00.874+0530] {dagbag.py:538} INFO - Filling up the DagBag from /home/lucky/.local/lib/python3.10/site-packages/airflow/example_dags/example_trigger_controller_dag.py
[2024-03-02T16:22:00.880+0530] {processor.py:840} INFO - DAG(s) 'example_trigger_controller_dag' retrieved from /home/lucky/.local/lib/python3.10/site-packages/airflow/example_dags/example_trigger_controller_dag.py
[2024-03-02T16:22:00.897+0530] {logging_mixin.py:188} INFO - [2024-03-02T16:22:00.896+0530] {dag.py:3036} INFO - Sync 1 DAGs
[2024-03-02T16:22:00.917+0530] {logging_mixin.py:188} INFO - [2024-03-02T16:22:00.917+0530] {dag.py:3823} INFO - Setting next_dagrun for example_trigger_controller_dag to 2021-01-01 00:00:00+00:00, run_after=2021-01-01 00:00:00+00:00
[2024-03-02T16:22:00.945+0530] {processor.py:183} INFO - Processing /home/lucky/.local/lib/python3.10/site-packages/airflow/example_dags/example_trigger_controller_dag.py took 0.077 seconds
[2024-03-02T16:22:59.428+0530] {processor.py:161} INFO - Started process (PID=127251) to work on /home/lucky/.local/lib/python3.10/site-packages/airflow/example_dags/example_trigger_controller_dag.py
[2024-03-02T16:22:59.430+0530] {processor.py:830} INFO - Processing file /home/lucky/.local/lib/python3.10/site-packages/airflow/example_dags/example_trigger_controller_dag.py for tasks to queue
[2024-03-02T16:22:59.432+0530] {logging_mixin.py:188} INFO - [2024-03-02T16:22:59.431+0530] {dagbag.py:538} INFO - Filling up the DagBag from /home/lucky/.local/lib/python3.10/site-packages/airflow/example_dags/example_trigger_controller_dag.py
[2024-03-02T16:22:59.471+0530] {processor.py:840} INFO - DAG(s) 'example_trigger_controller_dag' retrieved from /home/lucky/.local/lib/python3.10/site-packages/airflow/example_dags/example_trigger_controller_dag.py
[2024-03-02T16:22:59.507+0530] {logging_mixin.py:188} INFO - [2024-03-02T16:22:59.507+0530] {dag.py:3036} INFO - Sync 1 DAGs
[2024-03-02T16:22:59.564+0530] {logging_mixin.py:188} INFO - [2024-03-02T16:22:59.563+0530] {dag.py:3823} INFO - Setting next_dagrun for example_trigger_controller_dag to 2021-01-01 00:00:00+00:00, run_after=2021-01-01 00:00:00+00:00
[2024-03-02T16:22:59.603+0530] {processor.py:183} INFO - Processing /home/lucky/.local/lib/python3.10/site-packages/airflow/example_dags/example_trigger_controller_dag.py took 0.179 seconds
[2024-03-02T16:24:04.071+0530] {processor.py:161} INFO - Started process (PID=128255) to work on /home/lucky/.local/lib/python3.10/site-packages/airflow/example_dags/example_trigger_controller_dag.py
[2024-03-02T16:24:04.072+0530] {processor.py:830} INFO - Processing file /home/lucky/.local/lib/python3.10/site-packages/airflow/example_dags/example_trigger_controller_dag.py for tasks to queue
[2024-03-02T16:24:04.073+0530] {logging_mixin.py:188} INFO - [2024-03-02T16:24:04.072+0530] {dagbag.py:538} INFO - Filling up the DagBag from /home/lucky/.local/lib/python3.10/site-packages/airflow/example_dags/example_trigger_controller_dag.py
[2024-03-02T16:24:04.079+0530] {processor.py:840} INFO - DAG(s) 'example_trigger_controller_dag' retrieved from /home/lucky/.local/lib/python3.10/site-packages/airflow/example_dags/example_trigger_controller_dag.py
[2024-03-02T16:24:04.095+0530] {logging_mixin.py:188} INFO - [2024-03-02T16:24:04.095+0530] {dag.py:3036} INFO - Sync 1 DAGs
[2024-03-02T16:24:04.112+0530] {logging_mixin.py:188} INFO - [2024-03-02T16:24:04.111+0530] {dag.py:3823} INFO - Setting next_dagrun for example_trigger_controller_dag to 2021-01-01 00:00:00+00:00, run_after=2021-01-01 00:00:00+00:00
[2024-03-02T16:24:04.135+0530] {processor.py:183} INFO - Processing /home/lucky/.local/lib/python3.10/site-packages/airflow/example_dags/example_trigger_controller_dag.py took 0.067 seconds
[2024-03-02T16:25:01.309+0530] {processor.py:161} INFO - Started process (PID=128972) to work on /home/lucky/.local/lib/python3.10/site-packages/airflow/example_dags/example_trigger_controller_dag.py
[2024-03-02T16:25:01.310+0530] {processor.py:830} INFO - Processing file /home/lucky/.local/lib/python3.10/site-packages/airflow/example_dags/example_trigger_controller_dag.py for tasks to queue
[2024-03-02T16:25:01.311+0530] {logging_mixin.py:188} INFO - [2024-03-02T16:25:01.311+0530] {dagbag.py:538} INFO - Filling up the DagBag from /home/lucky/.local/lib/python3.10/site-packages/airflow/example_dags/example_trigger_controller_dag.py
[2024-03-02T16:25:01.322+0530] {processor.py:840} INFO - DAG(s) 'example_trigger_controller_dag' retrieved from /home/lucky/.local/lib/python3.10/site-packages/airflow/example_dags/example_trigger_controller_dag.py
[2024-03-02T16:25:01.357+0530] {logging_mixin.py:188} INFO - [2024-03-02T16:25:01.357+0530] {dag.py:3036} INFO - Sync 1 DAGs
[2024-03-02T16:25:01.381+0530] {logging_mixin.py:188} INFO - [2024-03-02T16:25:01.381+0530] {dag.py:3823} INFO - Setting next_dagrun for example_trigger_controller_dag to 2021-01-01 00:00:00+00:00, run_after=2021-01-01 00:00:00+00:00
[2024-03-02T16:25:01.407+0530] {processor.py:183} INFO - Processing /home/lucky/.local/lib/python3.10/site-packages/airflow/example_dags/example_trigger_controller_dag.py took 0.101 seconds
[2024-03-02T16:32:21.770+0530] {processor.py:161} INFO - Started process (PID=134626) to work on /home/lucky/.local/lib/python3.10/site-packages/airflow/example_dags/example_trigger_controller_dag.py
[2024-03-02T16:32:23.516+0530] {processor.py:830} INFO - Processing file /home/lucky/.local/lib/python3.10/site-packages/airflow/example_dags/example_trigger_controller_dag.py for tasks to queue
[2024-03-02T16:32:23.543+0530] {logging_mixin.py:188} INFO - [2024-03-02T16:32:23.540+0530] {dagbag.py:538} INFO - Filling up the DagBag from /home/lucky/.local/lib/python3.10/site-packages/airflow/example_dags/example_trigger_controller_dag.py
[2024-03-02T16:32:23.757+0530] {processor.py:840} INFO - DAG(s) 'example_trigger_controller_dag' retrieved from /home/lucky/.local/lib/python3.10/site-packages/airflow/example_dags/example_trigger_controller_dag.py
[2024-03-02T16:32:24.067+0530] {logging_mixin.py:188} INFO - [2024-03-02T16:32:24.067+0530] {dag.py:3036} INFO - Sync 1 DAGs
[2024-03-02T16:32:24.229+0530] {logging_mixin.py:188} INFO - [2024-03-02T16:32:24.226+0530] {dag.py:3823} INFO - Setting next_dagrun for example_trigger_controller_dag to 2021-01-01 00:00:00+00:00, run_after=2021-01-01 00:00:00+00:00
[2024-03-02T16:32:24.342+0530] {processor.py:183} INFO - Processing /home/lucky/.local/lib/python3.10/site-packages/airflow/example_dags/example_trigger_controller_dag.py took 3.168 seconds
[2024-03-02T16:33:16.106+0530] {processor.py:161} INFO - Started process (PID=135230) to work on /home/lucky/.local/lib/python3.10/site-packages/airflow/example_dags/example_trigger_controller_dag.py
[2024-03-02T16:33:16.108+0530] {processor.py:830} INFO - Processing file /home/lucky/.local/lib/python3.10/site-packages/airflow/example_dags/example_trigger_controller_dag.py for tasks to queue
[2024-03-02T16:33:16.109+0530] {logging_mixin.py:188} INFO - [2024-03-02T16:33:16.108+0530] {dagbag.py:538} INFO - Filling up the DagBag from /home/lucky/.local/lib/python3.10/site-packages/airflow/example_dags/example_trigger_controller_dag.py
[2024-03-02T16:33:16.115+0530] {processor.py:840} INFO - DAG(s) 'example_trigger_controller_dag' retrieved from /home/lucky/.local/lib/python3.10/site-packages/airflow/example_dags/example_trigger_controller_dag.py
[2024-03-02T16:33:16.134+0530] {logging_mixin.py:188} INFO - [2024-03-02T16:33:16.134+0530] {dag.py:3036} INFO - Sync 1 DAGs
[2024-03-02T16:33:16.160+0530] {logging_mixin.py:188} INFO - [2024-03-02T16:33:16.159+0530] {dag.py:3823} INFO - Setting next_dagrun for example_trigger_controller_dag to 2021-01-01 00:00:00+00:00, run_after=2021-01-01 00:00:00+00:00
[2024-03-02T16:33:16.192+0530] {processor.py:183} INFO - Processing /home/lucky/.local/lib/python3.10/site-packages/airflow/example_dags/example_trigger_controller_dag.py took 0.090 seconds
[2024-03-02T16:33:57.780+0530] {processor.py:161} INFO - Started process (PID=135953) to work on /home/lucky/.local/lib/python3.10/site-packages/airflow/example_dags/example_trigger_controller_dag.py
[2024-03-02T16:33:57.782+0530] {processor.py:830} INFO - Processing file /home/lucky/.local/lib/python3.10/site-packages/airflow/example_dags/example_trigger_controller_dag.py for tasks to queue
[2024-03-02T16:33:57.783+0530] {logging_mixin.py:188} INFO - [2024-03-02T16:33:57.783+0530] {dagbag.py:538} INFO - Filling up the DagBag from /home/lucky/.local/lib/python3.10/site-packages/airflow/example_dags/example_trigger_controller_dag.py
[2024-03-02T16:33:57.788+0530] {processor.py:840} INFO - DAG(s) 'example_trigger_controller_dag' retrieved from /home/lucky/.local/lib/python3.10/site-packages/airflow/example_dags/example_trigger_controller_dag.py
[2024-03-02T16:33:57.804+0530] {logging_mixin.py:188} INFO - [2024-03-02T16:33:57.804+0530] {dag.py:3036} INFO - Sync 1 DAGs
[2024-03-02T16:33:57.827+0530] {logging_mixin.py:188} INFO - [2024-03-02T16:33:57.827+0530] {dag.py:3823} INFO - Setting next_dagrun for example_trigger_controller_dag to 2021-01-01 00:00:00+00:00, run_after=2021-01-01 00:00:00+00:00
[2024-03-02T16:33:57.882+0530] {processor.py:183} INFO - Processing /home/lucky/.local/lib/python3.10/site-packages/airflow/example_dags/example_trigger_controller_dag.py took 0.106 seconds
[2024-03-02T16:34:36.262+0530] {processor.py:161} INFO - Started process (PID=136439) to work on /home/lucky/.local/lib/python3.10/site-packages/airflow/example_dags/example_trigger_controller_dag.py
[2024-03-02T16:34:36.267+0530] {processor.py:830} INFO - Processing file /home/lucky/.local/lib/python3.10/site-packages/airflow/example_dags/example_trigger_controller_dag.py for tasks to queue
[2024-03-02T16:34:36.268+0530] {logging_mixin.py:188} INFO - [2024-03-02T16:34:36.268+0530] {dagbag.py:538} INFO - Filling up the DagBag from /home/lucky/.local/lib/python3.10/site-packages/airflow/example_dags/example_trigger_controller_dag.py
[2024-03-02T16:34:36.275+0530] {processor.py:840} INFO - DAG(s) 'example_trigger_controller_dag' retrieved from /home/lucky/.local/lib/python3.10/site-packages/airflow/example_dags/example_trigger_controller_dag.py
[2024-03-02T16:34:36.299+0530] {logging_mixin.py:188} INFO - [2024-03-02T16:34:36.298+0530] {dag.py:3036} INFO - Sync 1 DAGs
[2024-03-02T16:34:36.337+0530] {logging_mixin.py:188} INFO - [2024-03-02T16:34:36.336+0530] {dag.py:3823} INFO - Setting next_dagrun for example_trigger_controller_dag to 2021-01-01 00:00:00+00:00, run_after=2021-01-01 00:00:00+00:00
[2024-03-02T16:34:36.370+0530] {processor.py:183} INFO - Processing /home/lucky/.local/lib/python3.10/site-packages/airflow/example_dags/example_trigger_controller_dag.py took 0.116 seconds
[2024-03-02T16:35:16.073+0530] {processor.py:161} INFO - Started process (PID=137058) to work on /home/lucky/.local/lib/python3.10/site-packages/airflow/example_dags/example_trigger_controller_dag.py
[2024-03-02T16:35:16.080+0530] {processor.py:830} INFO - Processing file /home/lucky/.local/lib/python3.10/site-packages/airflow/example_dags/example_trigger_controller_dag.py for tasks to queue
[2024-03-02T16:35:16.082+0530] {logging_mixin.py:188} INFO - [2024-03-02T16:35:16.081+0530] {dagbag.py:538} INFO - Filling up the DagBag from /home/lucky/.local/lib/python3.10/site-packages/airflow/example_dags/example_trigger_controller_dag.py
[2024-03-02T16:35:16.090+0530] {processor.py:840} INFO - DAG(s) 'example_trigger_controller_dag' retrieved from /home/lucky/.local/lib/python3.10/site-packages/airflow/example_dags/example_trigger_controller_dag.py
[2024-03-02T16:35:16.123+0530] {logging_mixin.py:188} INFO - [2024-03-02T16:35:16.122+0530] {dag.py:3036} INFO - Sync 1 DAGs
[2024-03-02T16:35:16.175+0530] {logging_mixin.py:188} INFO - [2024-03-02T16:35:16.173+0530] {dag.py:3823} INFO - Setting next_dagrun for example_trigger_controller_dag to 2021-01-01 00:00:00+00:00, run_after=2021-01-01 00:00:00+00:00
[2024-03-02T16:35:16.235+0530] {processor.py:183} INFO - Processing /home/lucky/.local/lib/python3.10/site-packages/airflow/example_dags/example_trigger_controller_dag.py took 0.171 seconds
[2024-03-02T16:35:55.551+0530] {processor.py:161} INFO - Started process (PID=137521) to work on /home/lucky/.local/lib/python3.10/site-packages/airflow/example_dags/example_trigger_controller_dag.py
[2024-03-02T16:35:55.553+0530] {processor.py:830} INFO - Processing file /home/lucky/.local/lib/python3.10/site-packages/airflow/example_dags/example_trigger_controller_dag.py for tasks to queue
[2024-03-02T16:35:55.554+0530] {logging_mixin.py:188} INFO - [2024-03-02T16:35:55.553+0530] {dagbag.py:538} INFO - Filling up the DagBag from /home/lucky/.local/lib/python3.10/site-packages/airflow/example_dags/example_trigger_controller_dag.py
[2024-03-02T16:35:55.560+0530] {processor.py:840} INFO - DAG(s) 'example_trigger_controller_dag' retrieved from /home/lucky/.local/lib/python3.10/site-packages/airflow/example_dags/example_trigger_controller_dag.py
[2024-03-02T16:35:55.577+0530] {logging_mixin.py:188} INFO - [2024-03-02T16:35:55.576+0530] {dag.py:3036} INFO - Sync 1 DAGs
[2024-03-02T16:35:55.600+0530] {logging_mixin.py:188} INFO - [2024-03-02T16:35:55.599+0530] {dag.py:3823} INFO - Setting next_dagrun for example_trigger_controller_dag to 2021-01-01 00:00:00+00:00, run_after=2021-01-01 00:00:00+00:00
[2024-03-02T16:35:55.625+0530] {processor.py:183} INFO - Processing /home/lucky/.local/lib/python3.10/site-packages/airflow/example_dags/example_trigger_controller_dag.py took 0.078 seconds
[2024-03-02T16:36:35.904+0530] {processor.py:161} INFO - Started process (PID=138156) to work on /home/lucky/.local/lib/python3.10/site-packages/airflow/example_dags/example_trigger_controller_dag.py
[2024-03-02T16:36:35.906+0530] {processor.py:830} INFO - Processing file /home/lucky/.local/lib/python3.10/site-packages/airflow/example_dags/example_trigger_controller_dag.py for tasks to queue
[2024-03-02T16:36:35.908+0530] {logging_mixin.py:188} INFO - [2024-03-02T16:36:35.907+0530] {dagbag.py:538} INFO - Filling up the DagBag from /home/lucky/.local/lib/python3.10/site-packages/airflow/example_dags/example_trigger_controller_dag.py
[2024-03-02T16:36:35.915+0530] {processor.py:840} INFO - DAG(s) 'example_trigger_controller_dag' retrieved from /home/lucky/.local/lib/python3.10/site-packages/airflow/example_dags/example_trigger_controller_dag.py
[2024-03-02T16:36:35.940+0530] {logging_mixin.py:188} INFO - [2024-03-02T16:36:35.940+0530] {dag.py:3036} INFO - Sync 1 DAGs
[2024-03-02T16:36:35.979+0530] {logging_mixin.py:188} INFO - [2024-03-02T16:36:35.979+0530] {dag.py:3823} INFO - Setting next_dagrun for example_trigger_controller_dag to 2021-01-01 00:00:00+00:00, run_after=2021-01-01 00:00:00+00:00
[2024-03-02T16:36:36.019+0530] {processor.py:183} INFO - Processing /home/lucky/.local/lib/python3.10/site-packages/airflow/example_dags/example_trigger_controller_dag.py took 0.119 seconds
[2024-03-02T16:37:19.659+0530] {processor.py:161} INFO - Started process (PID=138671) to work on /home/lucky/.local/lib/python3.10/site-packages/airflow/example_dags/example_trigger_controller_dag.py
[2024-03-02T16:37:19.661+0530] {processor.py:830} INFO - Processing file /home/lucky/.local/lib/python3.10/site-packages/airflow/example_dags/example_trigger_controller_dag.py for tasks to queue
[2024-03-02T16:37:19.663+0530] {logging_mixin.py:188} INFO - [2024-03-02T16:37:19.662+0530] {dagbag.py:538} INFO - Filling up the DagBag from /home/lucky/.local/lib/python3.10/site-packages/airflow/example_dags/example_trigger_controller_dag.py
[2024-03-02T16:37:19.675+0530] {processor.py:840} INFO - DAG(s) 'example_trigger_controller_dag' retrieved from /home/lucky/.local/lib/python3.10/site-packages/airflow/example_dags/example_trigger_controller_dag.py
[2024-03-02T16:37:19.705+0530] {logging_mixin.py:188} INFO - [2024-03-02T16:37:19.705+0530] {dag.py:3036} INFO - Sync 1 DAGs
[2024-03-02T16:37:19.743+0530] {logging_mixin.py:188} INFO - [2024-03-02T16:37:19.743+0530] {dag.py:3823} INFO - Setting next_dagrun for example_trigger_controller_dag to 2021-01-01 00:00:00+00:00, run_after=2021-01-01 00:00:00+00:00
[2024-03-02T16:37:19.794+0530] {processor.py:183} INFO - Processing /home/lucky/.local/lib/python3.10/site-packages/airflow/example_dags/example_trigger_controller_dag.py took 0.140 seconds
