[2024-03-02T13:15:34.860+0530] {processor.py:161} INFO - Started process (PID=3838) to work on /home/lucky/.local/lib/python3.10/site-packages/airflow/example_dags/example_branch_operator_decorator.py
[2024-03-02T13:15:34.864+0530] {processor.py:830} INFO - Processing file /home/lucky/.local/lib/python3.10/site-packages/airflow/example_dags/example_branch_operator_decorator.py for tasks to queue
[2024-03-02T13:15:34.877+0530] {logging_mixin.py:188} INFO - [2024-03-02T13:15:34.874+0530] {dagbag.py:538} INFO - Filling up the DagBag from /home/lucky/.local/lib/python3.10/site-packages/airflow/example_dags/example_branch_operator_decorator.py
[2024-03-02T13:15:35.504+0530] {logging_mixin.py:188} INFO - [2024-03-02T13:15:35.499+0530] {dagbag.py:348} ERROR - Failed to import: /home/lucky/.local/lib/python3.10/site-packages/airflow/example_dags/example_branch_operator_decorator.py
Traceback (most recent call last):
  File "/home/lucky/.local/lib/python3.10/site-packages/airflow/models/dagbag.py", line 344, in parse
    loader.exec_module(new_module)
  File "<frozen importlib._bootstrap_external>", line 883, in exec_module
  File "<frozen importlib._bootstrap>", line 241, in _call_with_frames_removed
  File "/home/lucky/.local/lib/python3.10/site-packages/airflow/example_dags/example_branch_operator_decorator.py", line 125, in <module>
    random_choice_venv = branching_virtualenv(choices=options)
  File "/home/lucky/.local/lib/python3.10/site-packages/airflow/decorators/base.py", line 366, in __call__
    op = self.operator_class(
  File "/home/lucky/.local/lib/python3.10/site-packages/airflow/models/baseoperator.py", line 437, in apply_defaults
    result = func(self, **kwargs, default_args=default_args)
  File "/home/lucky/.local/lib/python3.10/site-packages/airflow/models/baseoperator.py", line 437, in apply_defaults
    result = func(self, **kwargs, default_args=default_args)
  File "/home/lucky/.local/lib/python3.10/site-packages/airflow/decorators/python.py", line 52, in __init__
    super().__init__(
  File "/home/lucky/.local/lib/python3.10/site-packages/airflow/models/baseoperator.py", line 437, in apply_defaults
    result = func(self, **kwargs, default_args=default_args)
  File "/home/lucky/.local/lib/python3.10/site-packages/airflow/decorators/base.py", line 233, in __init__
    super().__init__(task_id=task_id, **kwargs_to_upstream, **kwargs)
  File "/home/lucky/.local/lib/python3.10/site-packages/airflow/models/baseoperator.py", line 437, in apply_defaults
    result = func(self, **kwargs, default_args=default_args)
  File "/home/lucky/.local/lib/python3.10/site-packages/airflow/models/baseoperator.py", line 437, in apply_defaults
    result = func(self, **kwargs, default_args=default_args)
  File "/home/lucky/.local/lib/python3.10/site-packages/airflow/operators/python.py", line 584, in __init__
    raise AirflowException("PythonVirtualenvOperator requires virtualenv, please install it.")
airflow.exceptions.AirflowException: PythonVirtualenvOperator requires virtualenv, please install it.
[2024-03-02T13:15:35.505+0530] {processor.py:842} WARNING - No viable dags retrieved from /home/lucky/.local/lib/python3.10/site-packages/airflow/example_dags/example_branch_operator_decorator.py
[2024-03-02T13:15:35.550+0530] {processor.py:183} INFO - Processing /home/lucky/.local/lib/python3.10/site-packages/airflow/example_dags/example_branch_operator_decorator.py took 0.704 seconds
[2024-03-02T13:16:41.126+0530] {processor.py:161} INFO - Started process (PID=4520) to work on /home/lucky/.local/lib/python3.10/site-packages/airflow/example_dags/example_branch_operator_decorator.py
[2024-03-02T13:16:41.139+0530] {processor.py:830} INFO - Processing file /home/lucky/.local/lib/python3.10/site-packages/airflow/example_dags/example_branch_operator_decorator.py for tasks to queue
[2024-03-02T13:16:41.141+0530] {logging_mixin.py:188} INFO - [2024-03-02T13:16:41.140+0530] {dagbag.py:538} INFO - Filling up the DagBag from /home/lucky/.local/lib/python3.10/site-packages/airflow/example_dags/example_branch_operator_decorator.py
[2024-03-02T13:16:41.401+0530] {logging_mixin.py:188} INFO - [2024-03-02T13:16:41.399+0530] {dagbag.py:348} ERROR - Failed to import: /home/lucky/.local/lib/python3.10/site-packages/airflow/example_dags/example_branch_operator_decorator.py
Traceback (most recent call last):
  File "/home/lucky/.local/lib/python3.10/site-packages/airflow/models/dagbag.py", line 344, in parse
    loader.exec_module(new_module)
  File "<frozen importlib._bootstrap_external>", line 883, in exec_module
  File "<frozen importlib._bootstrap>", line 241, in _call_with_frames_removed
  File "/home/lucky/.local/lib/python3.10/site-packages/airflow/example_dags/example_branch_operator_decorator.py", line 125, in <module>
    random_choice_venv = branching_virtualenv(choices=options)
  File "/home/lucky/.local/lib/python3.10/site-packages/airflow/decorators/base.py", line 366, in __call__
    op = self.operator_class(
  File "/home/lucky/.local/lib/python3.10/site-packages/airflow/models/baseoperator.py", line 437, in apply_defaults
    result = func(self, **kwargs, default_args=default_args)
  File "/home/lucky/.local/lib/python3.10/site-packages/airflow/models/baseoperator.py", line 437, in apply_defaults
    result = func(self, **kwargs, default_args=default_args)
  File "/home/lucky/.local/lib/python3.10/site-packages/airflow/decorators/python.py", line 52, in __init__
    super().__init__(
  File "/home/lucky/.local/lib/python3.10/site-packages/airflow/models/baseoperator.py", line 437, in apply_defaults
    result = func(self, **kwargs, default_args=default_args)
  File "/home/lucky/.local/lib/python3.10/site-packages/airflow/decorators/base.py", line 233, in __init__
    super().__init__(task_id=task_id, **kwargs_to_upstream, **kwargs)
  File "/home/lucky/.local/lib/python3.10/site-packages/airflow/models/baseoperator.py", line 437, in apply_defaults
    result = func(self, **kwargs, default_args=default_args)
  File "/home/lucky/.local/lib/python3.10/site-packages/airflow/models/baseoperator.py", line 437, in apply_defaults
    result = func(self, **kwargs, default_args=default_args)
  File "/home/lucky/.local/lib/python3.10/site-packages/airflow/operators/python.py", line 584, in __init__
    raise AirflowException("PythonVirtualenvOperator requires virtualenv, please install it.")
airflow.exceptions.AirflowException: PythonVirtualenvOperator requires virtualenv, please install it.
[2024-03-02T13:16:41.402+0530] {processor.py:842} WARNING - No viable dags retrieved from /home/lucky/.local/lib/python3.10/site-packages/airflow/example_dags/example_branch_operator_decorator.py
[2024-03-02T13:16:41.444+0530] {processor.py:183} INFO - Processing /home/lucky/.local/lib/python3.10/site-packages/airflow/example_dags/example_branch_operator_decorator.py took 0.323 seconds
[2024-03-02T13:17:40.969+0530] {processor.py:161} INFO - Started process (PID=5368) to work on /home/lucky/.local/lib/python3.10/site-packages/airflow/example_dags/example_branch_operator_decorator.py
[2024-03-02T13:17:40.982+0530] {processor.py:830} INFO - Processing file /home/lucky/.local/lib/python3.10/site-packages/airflow/example_dags/example_branch_operator_decorator.py for tasks to queue
[2024-03-02T13:17:40.984+0530] {logging_mixin.py:188} INFO - [2024-03-02T13:17:40.983+0530] {dagbag.py:538} INFO - Filling up the DagBag from /home/lucky/.local/lib/python3.10/site-packages/airflow/example_dags/example_branch_operator_decorator.py
[2024-03-02T13:17:41.288+0530] {logging_mixin.py:188} INFO - [2024-03-02T13:17:41.286+0530] {dagbag.py:348} ERROR - Failed to import: /home/lucky/.local/lib/python3.10/site-packages/airflow/example_dags/example_branch_operator_decorator.py
Traceback (most recent call last):
  File "/home/lucky/.local/lib/python3.10/site-packages/airflow/models/dagbag.py", line 344, in parse
    loader.exec_module(new_module)
  File "<frozen importlib._bootstrap_external>", line 883, in exec_module
  File "<frozen importlib._bootstrap>", line 241, in _call_with_frames_removed
  File "/home/lucky/.local/lib/python3.10/site-packages/airflow/example_dags/example_branch_operator_decorator.py", line 125, in <module>
    random_choice_venv = branching_virtualenv(choices=options)
  File "/home/lucky/.local/lib/python3.10/site-packages/airflow/decorators/base.py", line 366, in __call__
    op = self.operator_class(
  File "/home/lucky/.local/lib/python3.10/site-packages/airflow/models/baseoperator.py", line 437, in apply_defaults
    result = func(self, **kwargs, default_args=default_args)
  File "/home/lucky/.local/lib/python3.10/site-packages/airflow/models/baseoperator.py", line 437, in apply_defaults
    result = func(self, **kwargs, default_args=default_args)
  File "/home/lucky/.local/lib/python3.10/site-packages/airflow/decorators/python.py", line 52, in __init__
    super().__init__(
  File "/home/lucky/.local/lib/python3.10/site-packages/airflow/models/baseoperator.py", line 437, in apply_defaults
    result = func(self, **kwargs, default_args=default_args)
  File "/home/lucky/.local/lib/python3.10/site-packages/airflow/decorators/base.py", line 233, in __init__
    super().__init__(task_id=task_id, **kwargs_to_upstream, **kwargs)
  File "/home/lucky/.local/lib/python3.10/site-packages/airflow/models/baseoperator.py", line 437, in apply_defaults
    result = func(self, **kwargs, default_args=default_args)
  File "/home/lucky/.local/lib/python3.10/site-packages/airflow/models/baseoperator.py", line 437, in apply_defaults
    result = func(self, **kwargs, default_args=default_args)
  File "/home/lucky/.local/lib/python3.10/site-packages/airflow/operators/python.py", line 584, in __init__
    raise AirflowException("PythonVirtualenvOperator requires virtualenv, please install it.")
airflow.exceptions.AirflowException: PythonVirtualenvOperator requires virtualenv, please install it.
[2024-03-02T13:17:41.289+0530] {processor.py:842} WARNING - No viable dags retrieved from /home/lucky/.local/lib/python3.10/site-packages/airflow/example_dags/example_branch_operator_decorator.py
[2024-03-02T13:17:41.323+0530] {processor.py:183} INFO - Processing /home/lucky/.local/lib/python3.10/site-packages/airflow/example_dags/example_branch_operator_decorator.py took 0.358 seconds
[2024-03-02T13:18:40.229+0530] {processor.py:161} INFO - Started process (PID=5878) to work on /home/lucky/.local/lib/python3.10/site-packages/airflow/example_dags/example_branch_operator_decorator.py
[2024-03-02T13:18:40.232+0530] {processor.py:830} INFO - Processing file /home/lucky/.local/lib/python3.10/site-packages/airflow/example_dags/example_branch_operator_decorator.py for tasks to queue
[2024-03-02T13:18:40.234+0530] {logging_mixin.py:188} INFO - [2024-03-02T13:18:40.233+0530] {dagbag.py:538} INFO - Filling up the DagBag from /home/lucky/.local/lib/python3.10/site-packages/airflow/example_dags/example_branch_operator_decorator.py
[2024-03-02T13:18:40.609+0530] {logging_mixin.py:188} INFO - [2024-03-02T13:18:40.606+0530] {dagbag.py:348} ERROR - Failed to import: /home/lucky/.local/lib/python3.10/site-packages/airflow/example_dags/example_branch_operator_decorator.py
Traceback (most recent call last):
  File "/home/lucky/.local/lib/python3.10/site-packages/airflow/models/dagbag.py", line 344, in parse
    loader.exec_module(new_module)
  File "<frozen importlib._bootstrap_external>", line 883, in exec_module
  File "<frozen importlib._bootstrap>", line 241, in _call_with_frames_removed
  File "/home/lucky/.local/lib/python3.10/site-packages/airflow/example_dags/example_branch_operator_decorator.py", line 125, in <module>
    random_choice_venv = branching_virtualenv(choices=options)
  File "/home/lucky/.local/lib/python3.10/site-packages/airflow/decorators/base.py", line 366, in __call__
    op = self.operator_class(
  File "/home/lucky/.local/lib/python3.10/site-packages/airflow/models/baseoperator.py", line 437, in apply_defaults
    result = func(self, **kwargs, default_args=default_args)
  File "/home/lucky/.local/lib/python3.10/site-packages/airflow/models/baseoperator.py", line 437, in apply_defaults
    result = func(self, **kwargs, default_args=default_args)
  File "/home/lucky/.local/lib/python3.10/site-packages/airflow/decorators/python.py", line 52, in __init__
    super().__init__(
  File "/home/lucky/.local/lib/python3.10/site-packages/airflow/models/baseoperator.py", line 437, in apply_defaults
    result = func(self, **kwargs, default_args=default_args)
  File "/home/lucky/.local/lib/python3.10/site-packages/airflow/decorators/base.py", line 233, in __init__
    super().__init__(task_id=task_id, **kwargs_to_upstream, **kwargs)
  File "/home/lucky/.local/lib/python3.10/site-packages/airflow/models/baseoperator.py", line 437, in apply_defaults
    result = func(self, **kwargs, default_args=default_args)
  File "/home/lucky/.local/lib/python3.10/site-packages/airflow/models/baseoperator.py", line 437, in apply_defaults
    result = func(self, **kwargs, default_args=default_args)
  File "/home/lucky/.local/lib/python3.10/site-packages/airflow/operators/python.py", line 584, in __init__
    raise AirflowException("PythonVirtualenvOperator requires virtualenv, please install it.")
airflow.exceptions.AirflowException: PythonVirtualenvOperator requires virtualenv, please install it.
[2024-03-02T13:18:40.611+0530] {processor.py:842} WARNING - No viable dags retrieved from /home/lucky/.local/lib/python3.10/site-packages/airflow/example_dags/example_branch_operator_decorator.py
[2024-03-02T13:18:40.671+0530] {processor.py:183} INFO - Processing /home/lucky/.local/lib/python3.10/site-packages/airflow/example_dags/example_branch_operator_decorator.py took 0.450 seconds
[2024-03-02T13:19:38.729+0530] {processor.py:161} INFO - Started process (PID=6725) to work on /home/lucky/.local/lib/python3.10/site-packages/airflow/example_dags/example_branch_operator_decorator.py
[2024-03-02T13:19:38.731+0530] {processor.py:830} INFO - Processing file /home/lucky/.local/lib/python3.10/site-packages/airflow/example_dags/example_branch_operator_decorator.py for tasks to queue
[2024-03-02T13:19:38.735+0530] {logging_mixin.py:188} INFO - [2024-03-02T13:19:38.733+0530] {dagbag.py:538} INFO - Filling up the DagBag from /home/lucky/.local/lib/python3.10/site-packages/airflow/example_dags/example_branch_operator_decorator.py
[2024-03-02T13:19:39.112+0530] {logging_mixin.py:188} INFO - [2024-03-02T13:19:39.108+0530] {dagbag.py:348} ERROR - Failed to import: /home/lucky/.local/lib/python3.10/site-packages/airflow/example_dags/example_branch_operator_decorator.py
Traceback (most recent call last):
  File "/home/lucky/.local/lib/python3.10/site-packages/airflow/models/dagbag.py", line 344, in parse
    loader.exec_module(new_module)
  File "<frozen importlib._bootstrap_external>", line 883, in exec_module
  File "<frozen importlib._bootstrap>", line 241, in _call_with_frames_removed
  File "/home/lucky/.local/lib/python3.10/site-packages/airflow/example_dags/example_branch_operator_decorator.py", line 125, in <module>
    random_choice_venv = branching_virtualenv(choices=options)
  File "/home/lucky/.local/lib/python3.10/site-packages/airflow/decorators/base.py", line 366, in __call__
    op = self.operator_class(
  File "/home/lucky/.local/lib/python3.10/site-packages/airflow/models/baseoperator.py", line 437, in apply_defaults
    result = func(self, **kwargs, default_args=default_args)
  File "/home/lucky/.local/lib/python3.10/site-packages/airflow/models/baseoperator.py", line 437, in apply_defaults
    result = func(self, **kwargs, default_args=default_args)
  File "/home/lucky/.local/lib/python3.10/site-packages/airflow/decorators/python.py", line 52, in __init__
    super().__init__(
  File "/home/lucky/.local/lib/python3.10/site-packages/airflow/models/baseoperator.py", line 437, in apply_defaults
    result = func(self, **kwargs, default_args=default_args)
  File "/home/lucky/.local/lib/python3.10/site-packages/airflow/decorators/base.py", line 233, in __init__
    super().__init__(task_id=task_id, **kwargs_to_upstream, **kwargs)
  File "/home/lucky/.local/lib/python3.10/site-packages/airflow/models/baseoperator.py", line 437, in apply_defaults
    result = func(self, **kwargs, default_args=default_args)
  File "/home/lucky/.local/lib/python3.10/site-packages/airflow/models/baseoperator.py", line 437, in apply_defaults
    result = func(self, **kwargs, default_args=default_args)
  File "/home/lucky/.local/lib/python3.10/site-packages/airflow/operators/python.py", line 584, in __init__
    raise AirflowException("PythonVirtualenvOperator requires virtualenv, please install it.")
airflow.exceptions.AirflowException: PythonVirtualenvOperator requires virtualenv, please install it.
[2024-03-02T13:19:39.113+0530] {processor.py:842} WARNING - No viable dags retrieved from /home/lucky/.local/lib/python3.10/site-packages/airflow/example_dags/example_branch_operator_decorator.py
[2024-03-02T13:19:39.181+0530] {processor.py:183} INFO - Processing /home/lucky/.local/lib/python3.10/site-packages/airflow/example_dags/example_branch_operator_decorator.py took 0.461 seconds
[2024-03-02T13:20:35.949+0530] {processor.py:161} INFO - Started process (PID=7212) to work on /home/lucky/.local/lib/python3.10/site-packages/airflow/example_dags/example_branch_operator_decorator.py
[2024-03-02T13:20:35.952+0530] {processor.py:830} INFO - Processing file /home/lucky/.local/lib/python3.10/site-packages/airflow/example_dags/example_branch_operator_decorator.py for tasks to queue
[2024-03-02T13:20:35.954+0530] {logging_mixin.py:188} INFO - [2024-03-02T13:20:35.953+0530] {dagbag.py:538} INFO - Filling up the DagBag from /home/lucky/.local/lib/python3.10/site-packages/airflow/example_dags/example_branch_operator_decorator.py
[2024-03-02T13:20:36.180+0530] {logging_mixin.py:188} INFO - [2024-03-02T13:20:36.177+0530] {dagbag.py:348} ERROR - Failed to import: /home/lucky/.local/lib/python3.10/site-packages/airflow/example_dags/example_branch_operator_decorator.py
Traceback (most recent call last):
  File "/home/lucky/.local/lib/python3.10/site-packages/airflow/models/dagbag.py", line 344, in parse
    loader.exec_module(new_module)
  File "<frozen importlib._bootstrap_external>", line 883, in exec_module
  File "<frozen importlib._bootstrap>", line 241, in _call_with_frames_removed
  File "/home/lucky/.local/lib/python3.10/site-packages/airflow/example_dags/example_branch_operator_decorator.py", line 125, in <module>
    random_choice_venv = branching_virtualenv(choices=options)
  File "/home/lucky/.local/lib/python3.10/site-packages/airflow/decorators/base.py", line 366, in __call__
    op = self.operator_class(
  File "/home/lucky/.local/lib/python3.10/site-packages/airflow/models/baseoperator.py", line 437, in apply_defaults
    result = func(self, **kwargs, default_args=default_args)
  File "/home/lucky/.local/lib/python3.10/site-packages/airflow/models/baseoperator.py", line 437, in apply_defaults
    result = func(self, **kwargs, default_args=default_args)
  File "/home/lucky/.local/lib/python3.10/site-packages/airflow/decorators/python.py", line 52, in __init__
    super().__init__(
  File "/home/lucky/.local/lib/python3.10/site-packages/airflow/models/baseoperator.py", line 437, in apply_defaults
    result = func(self, **kwargs, default_args=default_args)
  File "/home/lucky/.local/lib/python3.10/site-packages/airflow/decorators/base.py", line 233, in __init__
    super().__init__(task_id=task_id, **kwargs_to_upstream, **kwargs)
  File "/home/lucky/.local/lib/python3.10/site-packages/airflow/models/baseoperator.py", line 437, in apply_defaults
    result = func(self, **kwargs, default_args=default_args)
  File "/home/lucky/.local/lib/python3.10/site-packages/airflow/models/baseoperator.py", line 437, in apply_defaults
    result = func(self, **kwargs, default_args=default_args)
  File "/home/lucky/.local/lib/python3.10/site-packages/airflow/operators/python.py", line 584, in __init__
    raise AirflowException("PythonVirtualenvOperator requires virtualenv, please install it.")
airflow.exceptions.AirflowException: PythonVirtualenvOperator requires virtualenv, please install it.
[2024-03-02T13:20:36.181+0530] {processor.py:842} WARNING - No viable dags retrieved from /home/lucky/.local/lib/python3.10/site-packages/airflow/example_dags/example_branch_operator_decorator.py
[2024-03-02T13:20:36.228+0530] {processor.py:183} INFO - Processing /home/lucky/.local/lib/python3.10/site-packages/airflow/example_dags/example_branch_operator_decorator.py took 0.284 seconds
[2024-03-02T13:21:32.226+0530] {processor.py:161} INFO - Started process (PID=8031) to work on /home/lucky/.local/lib/python3.10/site-packages/airflow/example_dags/example_branch_operator_decorator.py
[2024-03-02T13:21:32.239+0530] {processor.py:830} INFO - Processing file /home/lucky/.local/lib/python3.10/site-packages/airflow/example_dags/example_branch_operator_decorator.py for tasks to queue
[2024-03-02T13:21:32.241+0530] {logging_mixin.py:188} INFO - [2024-03-02T13:21:32.240+0530] {dagbag.py:538} INFO - Filling up the DagBag from /home/lucky/.local/lib/python3.10/site-packages/airflow/example_dags/example_branch_operator_decorator.py
[2024-03-02T13:21:32.562+0530] {logging_mixin.py:188} INFO - [2024-03-02T13:21:32.559+0530] {dagbag.py:348} ERROR - Failed to import: /home/lucky/.local/lib/python3.10/site-packages/airflow/example_dags/example_branch_operator_decorator.py
Traceback (most recent call last):
  File "/home/lucky/.local/lib/python3.10/site-packages/airflow/models/dagbag.py", line 344, in parse
    loader.exec_module(new_module)
  File "<frozen importlib._bootstrap_external>", line 883, in exec_module
  File "<frozen importlib._bootstrap>", line 241, in _call_with_frames_removed
  File "/home/lucky/.local/lib/python3.10/site-packages/airflow/example_dags/example_branch_operator_decorator.py", line 125, in <module>
    random_choice_venv = branching_virtualenv(choices=options)
  File "/home/lucky/.local/lib/python3.10/site-packages/airflow/decorators/base.py", line 366, in __call__
    op = self.operator_class(
  File "/home/lucky/.local/lib/python3.10/site-packages/airflow/models/baseoperator.py", line 437, in apply_defaults
    result = func(self, **kwargs, default_args=default_args)
  File "/home/lucky/.local/lib/python3.10/site-packages/airflow/models/baseoperator.py", line 437, in apply_defaults
    result = func(self, **kwargs, default_args=default_args)
  File "/home/lucky/.local/lib/python3.10/site-packages/airflow/decorators/python.py", line 52, in __init__
    super().__init__(
  File "/home/lucky/.local/lib/python3.10/site-packages/airflow/models/baseoperator.py", line 437, in apply_defaults
    result = func(self, **kwargs, default_args=default_args)
  File "/home/lucky/.local/lib/python3.10/site-packages/airflow/decorators/base.py", line 233, in __init__
    super().__init__(task_id=task_id, **kwargs_to_upstream, **kwargs)
  File "/home/lucky/.local/lib/python3.10/site-packages/airflow/models/baseoperator.py", line 437, in apply_defaults
    result = func(self, **kwargs, default_args=default_args)
  File "/home/lucky/.local/lib/python3.10/site-packages/airflow/models/baseoperator.py", line 437, in apply_defaults
    result = func(self, **kwargs, default_args=default_args)
  File "/home/lucky/.local/lib/python3.10/site-packages/airflow/operators/python.py", line 584, in __init__
    raise AirflowException("PythonVirtualenvOperator requires virtualenv, please install it.")
airflow.exceptions.AirflowException: PythonVirtualenvOperator requires virtualenv, please install it.
[2024-03-02T13:21:32.563+0530] {processor.py:842} WARNING - No viable dags retrieved from /home/lucky/.local/lib/python3.10/site-packages/airflow/example_dags/example_branch_operator_decorator.py
[2024-03-02T13:21:32.609+0530] {processor.py:183} INFO - Processing /home/lucky/.local/lib/python3.10/site-packages/airflow/example_dags/example_branch_operator_decorator.py took 0.392 seconds
[2024-03-02T13:22:32.538+0530] {processor.py:161} INFO - Started process (PID=8673) to work on /home/lucky/.local/lib/python3.10/site-packages/airflow/example_dags/example_branch_operator_decorator.py
[2024-03-02T13:22:32.541+0530] {processor.py:830} INFO - Processing file /home/lucky/.local/lib/python3.10/site-packages/airflow/example_dags/example_branch_operator_decorator.py for tasks to queue
[2024-03-02T13:22:32.543+0530] {logging_mixin.py:188} INFO - [2024-03-02T13:22:32.542+0530] {dagbag.py:538} INFO - Filling up the DagBag from /home/lucky/.local/lib/python3.10/site-packages/airflow/example_dags/example_branch_operator_decorator.py
[2024-03-02T13:22:32.916+0530] {logging_mixin.py:188} INFO - [2024-03-02T13:22:32.913+0530] {dagbag.py:348} ERROR - Failed to import: /home/lucky/.local/lib/python3.10/site-packages/airflow/example_dags/example_branch_operator_decorator.py
Traceback (most recent call last):
  File "/home/lucky/.local/lib/python3.10/site-packages/airflow/models/dagbag.py", line 344, in parse
    loader.exec_module(new_module)
  File "<frozen importlib._bootstrap_external>", line 883, in exec_module
  File "<frozen importlib._bootstrap>", line 241, in _call_with_frames_removed
  File "/home/lucky/.local/lib/python3.10/site-packages/airflow/example_dags/example_branch_operator_decorator.py", line 125, in <module>
    random_choice_venv = branching_virtualenv(choices=options)
  File "/home/lucky/.local/lib/python3.10/site-packages/airflow/decorators/base.py", line 366, in __call__
    op = self.operator_class(
  File "/home/lucky/.local/lib/python3.10/site-packages/airflow/models/baseoperator.py", line 437, in apply_defaults
    result = func(self, **kwargs, default_args=default_args)
  File "/home/lucky/.local/lib/python3.10/site-packages/airflow/models/baseoperator.py", line 437, in apply_defaults
    result = func(self, **kwargs, default_args=default_args)
  File "/home/lucky/.local/lib/python3.10/site-packages/airflow/decorators/python.py", line 52, in __init__
    super().__init__(
  File "/home/lucky/.local/lib/python3.10/site-packages/airflow/models/baseoperator.py", line 437, in apply_defaults
    result = func(self, **kwargs, default_args=default_args)
  File "/home/lucky/.local/lib/python3.10/site-packages/airflow/decorators/base.py", line 233, in __init__
    super().__init__(task_id=task_id, **kwargs_to_upstream, **kwargs)
  File "/home/lucky/.local/lib/python3.10/site-packages/airflow/models/baseoperator.py", line 437, in apply_defaults
    result = func(self, **kwargs, default_args=default_args)
  File "/home/lucky/.local/lib/python3.10/site-packages/airflow/models/baseoperator.py", line 437, in apply_defaults
    result = func(self, **kwargs, default_args=default_args)
  File "/home/lucky/.local/lib/python3.10/site-packages/airflow/operators/python.py", line 584, in __init__
    raise AirflowException("PythonVirtualenvOperator requires virtualenv, please install it.")
airflow.exceptions.AirflowException: PythonVirtualenvOperator requires virtualenv, please install it.
[2024-03-02T13:22:32.916+0530] {processor.py:842} WARNING - No viable dags retrieved from /home/lucky/.local/lib/python3.10/site-packages/airflow/example_dags/example_branch_operator_decorator.py
[2024-03-02T13:22:32.952+0530] {processor.py:183} INFO - Processing /home/lucky/.local/lib/python3.10/site-packages/airflow/example_dags/example_branch_operator_decorator.py took 0.418 seconds
[2024-03-02T13:23:42.266+0530] {processor.py:161} INFO - Started process (PID=9644) to work on /home/lucky/.local/lib/python3.10/site-packages/airflow/example_dags/example_branch_operator_decorator.py
[2024-03-02T13:23:42.281+0530] {processor.py:830} INFO - Processing file /home/lucky/.local/lib/python3.10/site-packages/airflow/example_dags/example_branch_operator_decorator.py for tasks to queue
[2024-03-02T13:23:42.283+0530] {logging_mixin.py:188} INFO - [2024-03-02T13:23:42.282+0530] {dagbag.py:538} INFO - Filling up the DagBag from /home/lucky/.local/lib/python3.10/site-packages/airflow/example_dags/example_branch_operator_decorator.py
[2024-03-02T13:23:42.758+0530] {logging_mixin.py:188} INFO - [2024-03-02T13:23:42.754+0530] {dagbag.py:348} ERROR - Failed to import: /home/lucky/.local/lib/python3.10/site-packages/airflow/example_dags/example_branch_operator_decorator.py
Traceback (most recent call last):
  File "/home/lucky/.local/lib/python3.10/site-packages/airflow/models/dagbag.py", line 344, in parse
    loader.exec_module(new_module)
  File "<frozen importlib._bootstrap_external>", line 883, in exec_module
  File "<frozen importlib._bootstrap>", line 241, in _call_with_frames_removed
  File "/home/lucky/.local/lib/python3.10/site-packages/airflow/example_dags/example_branch_operator_decorator.py", line 125, in <module>
    random_choice_venv = branching_virtualenv(choices=options)
  File "/home/lucky/.local/lib/python3.10/site-packages/airflow/decorators/base.py", line 366, in __call__
    op = self.operator_class(
  File "/home/lucky/.local/lib/python3.10/site-packages/airflow/models/baseoperator.py", line 437, in apply_defaults
    result = func(self, **kwargs, default_args=default_args)
  File "/home/lucky/.local/lib/python3.10/site-packages/airflow/models/baseoperator.py", line 437, in apply_defaults
    result = func(self, **kwargs, default_args=default_args)
  File "/home/lucky/.local/lib/python3.10/site-packages/airflow/decorators/python.py", line 52, in __init__
    super().__init__(
  File "/home/lucky/.local/lib/python3.10/site-packages/airflow/models/baseoperator.py", line 437, in apply_defaults
    result = func(self, **kwargs, default_args=default_args)
  File "/home/lucky/.local/lib/python3.10/site-packages/airflow/decorators/base.py", line 233, in __init__
    super().__init__(task_id=task_id, **kwargs_to_upstream, **kwargs)
  File "/home/lucky/.local/lib/python3.10/site-packages/airflow/models/baseoperator.py", line 437, in apply_defaults
    result = func(self, **kwargs, default_args=default_args)
  File "/home/lucky/.local/lib/python3.10/site-packages/airflow/models/baseoperator.py", line 437, in apply_defaults
    result = func(self, **kwargs, default_args=default_args)
  File "/home/lucky/.local/lib/python3.10/site-packages/airflow/operators/python.py", line 584, in __init__
    raise AirflowException("PythonVirtualenvOperator requires virtualenv, please install it.")
airflow.exceptions.AirflowException: PythonVirtualenvOperator requires virtualenv, please install it.
[2024-03-02T13:23:42.760+0530] {processor.py:842} WARNING - No viable dags retrieved from /home/lucky/.local/lib/python3.10/site-packages/airflow/example_dags/example_branch_operator_decorator.py
[2024-03-02T13:23:42.813+0530] {processor.py:183} INFO - Processing /home/lucky/.local/lib/python3.10/site-packages/airflow/example_dags/example_branch_operator_decorator.py took 0.554 seconds
[2024-03-02T13:24:43.319+0530] {processor.py:161} INFO - Started process (PID=10190) to work on /home/lucky/.local/lib/python3.10/site-packages/airflow/example_dags/example_branch_operator_decorator.py
[2024-03-02T13:24:43.323+0530] {processor.py:830} INFO - Processing file /home/lucky/.local/lib/python3.10/site-packages/airflow/example_dags/example_branch_operator_decorator.py for tasks to queue
[2024-03-02T13:24:43.327+0530] {logging_mixin.py:188} INFO - [2024-03-02T13:24:43.325+0530] {dagbag.py:538} INFO - Filling up the DagBag from /home/lucky/.local/lib/python3.10/site-packages/airflow/example_dags/example_branch_operator_decorator.py
[2024-03-02T13:24:43.401+0530] {processor.py:840} INFO - DAG(s) 'example_branch_python_operator_decorator' retrieved from /home/lucky/.local/lib/python3.10/site-packages/airflow/example_dags/example_branch_operator_decorator.py
[2024-03-02T13:24:43.705+0530] {logging_mixin.py:188} INFO - [2024-03-02T13:24:43.704+0530] {override.py:1769} INFO - Created Permission View: can edit on DAG:example_branch_python_operator_decorator
[2024-03-02T13:24:43.734+0530] {logging_mixin.py:188} INFO - [2024-03-02T13:24:43.733+0530] {override.py:1769} INFO - Created Permission View: can delete on DAG:example_branch_python_operator_decorator
[2024-03-02T13:24:43.758+0530] {logging_mixin.py:188} INFO - [2024-03-02T13:24:43.756+0530] {override.py:1769} INFO - Created Permission View: can read on DAG:example_branch_python_operator_decorator
[2024-03-02T13:24:43.759+0530] {logging_mixin.py:188} INFO - [2024-03-02T13:24:43.759+0530] {dag.py:3036} INFO - Sync 1 DAGs
[2024-03-02T13:24:43.783+0530] {logging_mixin.py:188} INFO - [2024-03-02T13:24:43.782+0530] {dag.py:3058} INFO - Creating ORM DAG for example_branch_python_operator_decorator
[2024-03-02T13:24:43.808+0530] {logging_mixin.py:188} INFO - [2024-03-02T13:24:43.807+0530] {dag.py:3823} INFO - Setting next_dagrun for example_branch_python_operator_decorator to 2024-03-01 00:00:00+00:00, run_after=2024-03-02 00:00:00+00:00
[2024-03-02T13:24:43.865+0530] {processor.py:183} INFO - Processing /home/lucky/.local/lib/python3.10/site-packages/airflow/example_dags/example_branch_operator_decorator.py took 0.552 seconds
[2024-03-02T13:25:46.963+0530] {processor.py:161} INFO - Started process (PID=11122) to work on /home/lucky/.local/lib/python3.10/site-packages/airflow/example_dags/example_branch_operator_decorator.py
[2024-03-02T13:25:46.966+0530] {processor.py:830} INFO - Processing file /home/lucky/.local/lib/python3.10/site-packages/airflow/example_dags/example_branch_operator_decorator.py for tasks to queue
[2024-03-02T13:25:46.969+0530] {logging_mixin.py:188} INFO - [2024-03-02T13:25:46.968+0530] {dagbag.py:538} INFO - Filling up the DagBag from /home/lucky/.local/lib/python3.10/site-packages/airflow/example_dags/example_branch_operator_decorator.py
[2024-03-02T13:25:47.030+0530] {processor.py:840} INFO - DAG(s) 'example_branch_python_operator_decorator' retrieved from /home/lucky/.local/lib/python3.10/site-packages/airflow/example_dags/example_branch_operator_decorator.py
[2024-03-02T13:25:47.075+0530] {logging_mixin.py:188} INFO - [2024-03-02T13:25:47.075+0530] {dag.py:3036} INFO - Sync 1 DAGs
[2024-03-02T13:25:47.135+0530] {logging_mixin.py:188} INFO - [2024-03-02T13:25:47.134+0530] {dag.py:3823} INFO - Setting next_dagrun for example_branch_python_operator_decorator to 2024-03-01 00:00:00+00:00, run_after=2024-03-02 00:00:00+00:00
[2024-03-02T13:25:47.204+0530] {processor.py:183} INFO - Processing /home/lucky/.local/lib/python3.10/site-packages/airflow/example_dags/example_branch_operator_decorator.py took 0.248 seconds
[2024-03-02T13:26:48.186+0530] {processor.py:161} INFO - Started process (PID=11641) to work on /home/lucky/.local/lib/python3.10/site-packages/airflow/example_dags/example_branch_operator_decorator.py
[2024-03-02T13:26:48.201+0530] {processor.py:830} INFO - Processing file /home/lucky/.local/lib/python3.10/site-packages/airflow/example_dags/example_branch_operator_decorator.py for tasks to queue
[2024-03-02T13:26:48.204+0530] {logging_mixin.py:188} INFO - [2024-03-02T13:26:48.203+0530] {dagbag.py:538} INFO - Filling up the DagBag from /home/lucky/.local/lib/python3.10/site-packages/airflow/example_dags/example_branch_operator_decorator.py
[2024-03-02T13:26:48.268+0530] {processor.py:840} INFO - DAG(s) 'example_branch_python_operator_decorator' retrieved from /home/lucky/.local/lib/python3.10/site-packages/airflow/example_dags/example_branch_operator_decorator.py
[2024-03-02T13:26:48.319+0530] {logging_mixin.py:188} INFO - [2024-03-02T13:26:48.319+0530] {dag.py:3036} INFO - Sync 1 DAGs
[2024-03-02T13:26:48.406+0530] {logging_mixin.py:188} INFO - [2024-03-02T13:26:48.406+0530] {dag.py:3823} INFO - Setting next_dagrun for example_branch_python_operator_decorator to 2024-03-01 00:00:00+00:00, run_after=2024-03-02 00:00:00+00:00
[2024-03-02T13:26:48.529+0530] {processor.py:183} INFO - Processing /home/lucky/.local/lib/python3.10/site-packages/airflow/example_dags/example_branch_operator_decorator.py took 0.350 seconds
[2024-03-02T13:27:47.183+0530] {processor.py:161} INFO - Started process (PID=12503) to work on /home/lucky/.local/lib/python3.10/site-packages/airflow/example_dags/example_branch_operator_decorator.py
[2024-03-02T13:27:47.196+0530] {processor.py:830} INFO - Processing file /home/lucky/.local/lib/python3.10/site-packages/airflow/example_dags/example_branch_operator_decorator.py for tasks to queue
[2024-03-02T13:27:47.198+0530] {logging_mixin.py:188} INFO - [2024-03-02T13:27:47.197+0530] {dagbag.py:538} INFO - Filling up the DagBag from /home/lucky/.local/lib/python3.10/site-packages/airflow/example_dags/example_branch_operator_decorator.py
[2024-03-02T13:27:47.262+0530] {processor.py:840} INFO - DAG(s) 'example_branch_python_operator_decorator' retrieved from /home/lucky/.local/lib/python3.10/site-packages/airflow/example_dags/example_branch_operator_decorator.py
[2024-03-02T13:27:47.324+0530] {logging_mixin.py:188} INFO - [2024-03-02T13:27:47.324+0530] {dag.py:3036} INFO - Sync 1 DAGs
[2024-03-02T13:27:47.379+0530] {logging_mixin.py:188} INFO - [2024-03-02T13:27:47.379+0530] {dag.py:3823} INFO - Setting next_dagrun for example_branch_python_operator_decorator to 2024-03-01 00:00:00+00:00, run_after=2024-03-02 00:00:00+00:00
[2024-03-02T13:27:47.443+0530] {processor.py:183} INFO - Processing /home/lucky/.local/lib/python3.10/site-packages/airflow/example_dags/example_branch_operator_decorator.py took 0.265 seconds
[2024-03-02T13:29:13.524+0530] {processor.py:161} INFO - Started process (PID=13530) to work on /home/lucky/.local/lib/python3.10/site-packages/airflow/example_dags/example_branch_operator_decorator.py
[2024-03-02T13:29:13.530+0530] {processor.py:830} INFO - Processing file /home/lucky/.local/lib/python3.10/site-packages/airflow/example_dags/example_branch_operator_decorator.py for tasks to queue
[2024-03-02T13:29:13.535+0530] {logging_mixin.py:188} INFO - [2024-03-02T13:29:13.534+0530] {dagbag.py:538} INFO - Filling up the DagBag from /home/lucky/.local/lib/python3.10/site-packages/airflow/example_dags/example_branch_operator_decorator.py
[2024-03-02T13:29:13.677+0530] {processor.py:840} INFO - DAG(s) 'example_branch_python_operator_decorator' retrieved from /home/lucky/.local/lib/python3.10/site-packages/airflow/example_dags/example_branch_operator_decorator.py
[2024-03-02T13:29:13.960+0530] {logging_mixin.py:188} INFO - [2024-03-02T13:29:13.960+0530] {dag.py:3036} INFO - Sync 1 DAGs
[2024-03-02T13:29:14.029+0530] {logging_mixin.py:188} INFO - [2024-03-02T13:29:14.028+0530] {dag.py:3823} INFO - Setting next_dagrun for example_branch_python_operator_decorator to 2024-03-01 00:00:00+00:00, run_after=2024-03-02 00:00:00+00:00
[2024-03-02T13:29:14.133+0530] {processor.py:183} INFO - Processing /home/lucky/.local/lib/python3.10/site-packages/airflow/example_dags/example_branch_operator_decorator.py took 0.622 seconds
[2024-03-02T13:32:13.262+0530] {processor.py:161} INFO - Started process (PID=15421) to work on /home/lucky/.local/lib/python3.10/site-packages/airflow/example_dags/example_branch_operator_decorator.py
[2024-03-02T13:32:13.275+0530] {processor.py:830} INFO - Processing file /home/lucky/.local/lib/python3.10/site-packages/airflow/example_dags/example_branch_operator_decorator.py for tasks to queue
[2024-03-02T13:32:13.278+0530] {logging_mixin.py:188} INFO - [2024-03-02T13:32:13.277+0530] {dagbag.py:538} INFO - Filling up the DagBag from /home/lucky/.local/lib/python3.10/site-packages/airflow/example_dags/example_branch_operator_decorator.py
[2024-03-02T13:32:13.336+0530] {processor.py:840} INFO - DAG(s) 'example_branch_python_operator_decorator' retrieved from /home/lucky/.local/lib/python3.10/site-packages/airflow/example_dags/example_branch_operator_decorator.py
[2024-03-02T13:32:13.618+0530] {logging_mixin.py:188} INFO - [2024-03-02T13:32:13.617+0530] {dag.py:3036} INFO - Sync 1 DAGs
[2024-03-02T13:32:13.670+0530] {logging_mixin.py:188} INFO - [2024-03-02T13:32:13.669+0530] {dag.py:3823} INFO - Setting next_dagrun for example_branch_python_operator_decorator to 2024-03-01 00:00:00+00:00, run_after=2024-03-02 00:00:00+00:00
[2024-03-02T13:32:13.752+0530] {processor.py:183} INFO - Processing /home/lucky/.local/lib/python3.10/site-packages/airflow/example_dags/example_branch_operator_decorator.py took 0.497 seconds
[2024-03-02T13:34:46.738+0530] {processor.py:161} INFO - Started process (PID=17059) to work on /home/lucky/.local/lib/python3.10/site-packages/airflow/example_dags/example_branch_operator_decorator.py
[2024-03-02T13:34:46.754+0530] {processor.py:830} INFO - Processing file /home/lucky/.local/lib/python3.10/site-packages/airflow/example_dags/example_branch_operator_decorator.py for tasks to queue
[2024-03-02T13:34:46.758+0530] {logging_mixin.py:188} INFO - [2024-03-02T13:34:46.756+0530] {dagbag.py:538} INFO - Filling up the DagBag from /home/lucky/.local/lib/python3.10/site-packages/airflow/example_dags/example_branch_operator_decorator.py
[2024-03-02T13:34:46.878+0530] {processor.py:840} INFO - DAG(s) 'example_branch_python_operator_decorator' retrieved from /home/lucky/.local/lib/python3.10/site-packages/airflow/example_dags/example_branch_operator_decorator.py
[2024-03-02T13:34:47.210+0530] {logging_mixin.py:188} INFO - [2024-03-02T13:34:47.208+0530] {dag.py:3036} INFO - Sync 1 DAGs
[2024-03-02T13:34:47.277+0530] {logging_mixin.py:188} INFO - [2024-03-02T13:34:47.275+0530] {dag.py:3823} INFO - Setting next_dagrun for example_branch_python_operator_decorator to 2024-03-01 00:00:00+00:00, run_after=2024-03-02 00:00:00+00:00
[2024-03-02T13:34:47.374+0530] {processor.py:183} INFO - Processing /home/lucky/.local/lib/python3.10/site-packages/airflow/example_dags/example_branch_operator_decorator.py took 0.649 seconds
[2024-03-02T13:35:46.138+0530] {processor.py:161} INFO - Started process (PID=17955) to work on /home/lucky/.local/lib/python3.10/site-packages/airflow/example_dags/example_branch_operator_decorator.py
[2024-03-02T13:35:46.151+0530] {processor.py:830} INFO - Processing file /home/lucky/.local/lib/python3.10/site-packages/airflow/example_dags/example_branch_operator_decorator.py for tasks to queue
[2024-03-02T13:35:46.154+0530] {logging_mixin.py:188} INFO - [2024-03-02T13:35:46.153+0530] {dagbag.py:538} INFO - Filling up the DagBag from /home/lucky/.local/lib/python3.10/site-packages/airflow/example_dags/example_branch_operator_decorator.py
[2024-03-02T13:35:46.225+0530] {processor.py:840} INFO - DAG(s) 'example_branch_python_operator_decorator' retrieved from /home/lucky/.local/lib/python3.10/site-packages/airflow/example_dags/example_branch_operator_decorator.py
[2024-03-02T13:35:46.273+0530] {logging_mixin.py:188} INFO - [2024-03-02T13:35:46.272+0530] {dag.py:3036} INFO - Sync 1 DAGs
[2024-03-02T13:35:46.316+0530] {logging_mixin.py:188} INFO - [2024-03-02T13:35:46.315+0530] {dag.py:3823} INFO - Setting next_dagrun for example_branch_python_operator_decorator to 2024-03-01 00:00:00+00:00, run_after=2024-03-02 00:00:00+00:00
[2024-03-02T13:35:46.371+0530] {processor.py:183} INFO - Processing /home/lucky/.local/lib/python3.10/site-packages/airflow/example_dags/example_branch_operator_decorator.py took 0.239 seconds
[2024-03-02T13:37:44.096+0530] {processor.py:161} INFO - Started process (PID=19328) to work on /home/lucky/.local/lib/python3.10/site-packages/airflow/example_dags/example_branch_operator_decorator.py
[2024-03-02T13:37:44.110+0530] {processor.py:830} INFO - Processing file /home/lucky/.local/lib/python3.10/site-packages/airflow/example_dags/example_branch_operator_decorator.py for tasks to queue
[2024-03-02T13:37:44.113+0530] {logging_mixin.py:188} INFO - [2024-03-02T13:37:44.112+0530] {dagbag.py:538} INFO - Filling up the DagBag from /home/lucky/.local/lib/python3.10/site-packages/airflow/example_dags/example_branch_operator_decorator.py
[2024-03-02T13:37:44.185+0530] {processor.py:840} INFO - DAG(s) 'example_branch_python_operator_decorator' retrieved from /home/lucky/.local/lib/python3.10/site-packages/airflow/example_dags/example_branch_operator_decorator.py
[2024-03-02T13:37:44.518+0530] {logging_mixin.py:188} INFO - [2024-03-02T13:37:44.517+0530] {dag.py:3036} INFO - Sync 1 DAGs
[2024-03-02T13:37:44.570+0530] {logging_mixin.py:188} INFO - [2024-03-02T13:37:44.569+0530] {dag.py:3823} INFO - Setting next_dagrun for example_branch_python_operator_decorator to 2024-03-01 00:00:00+00:00, run_after=2024-03-02 00:00:00+00:00
[2024-03-02T13:37:44.646+0530] {processor.py:183} INFO - Processing /home/lucky/.local/lib/python3.10/site-packages/airflow/example_dags/example_branch_operator_decorator.py took 0.557 seconds
[2024-03-02T16:15:25.887+0530] {processor.py:161} INFO - Started process (PID=121163) to work on /home/lucky/.local/lib/python3.10/site-packages/airflow/example_dags/example_branch_operator_decorator.py
[2024-03-02T16:15:25.890+0530] {processor.py:830} INFO - Processing file /home/lucky/.local/lib/python3.10/site-packages/airflow/example_dags/example_branch_operator_decorator.py for tasks to queue
[2024-03-02T16:15:25.892+0530] {logging_mixin.py:188} INFO - [2024-03-02T16:15:25.891+0530] {dagbag.py:538} INFO - Filling up the DagBag from /home/lucky/.local/lib/python3.10/site-packages/airflow/example_dags/example_branch_operator_decorator.py
[2024-03-02T16:15:25.939+0530] {processor.py:840} INFO - DAG(s) 'example_branch_python_operator_decorator' retrieved from /home/lucky/.local/lib/python3.10/site-packages/airflow/example_dags/example_branch_operator_decorator.py
[2024-03-02T16:15:26.145+0530] {logging_mixin.py:188} INFO - [2024-03-02T16:15:26.144+0530] {dag.py:3036} INFO - Sync 1 DAGs
[2024-03-02T16:15:26.227+0530] {logging_mixin.py:188} INFO - [2024-03-02T16:15:26.224+0530] {dag.py:3823} INFO - Setting next_dagrun for example_branch_python_operator_decorator to 2024-03-01 00:00:00+00:00, run_after=2024-03-02 00:00:00+00:00
[2024-03-02T16:15:26.418+0530] {processor.py:183} INFO - Processing /home/lucky/.local/lib/python3.10/site-packages/airflow/example_dags/example_branch_operator_decorator.py took 0.538 seconds
[2024-03-02T16:16:23.428+0530] {processor.py:161} INFO - Started process (PID=121953) to work on /home/lucky/.local/lib/python3.10/site-packages/airflow/example_dags/example_branch_operator_decorator.py
[2024-03-02T16:16:23.430+0530] {processor.py:830} INFO - Processing file /home/lucky/.local/lib/python3.10/site-packages/airflow/example_dags/example_branch_operator_decorator.py for tasks to queue
[2024-03-02T16:16:23.433+0530] {logging_mixin.py:188} INFO - [2024-03-02T16:16:23.432+0530] {dagbag.py:538} INFO - Filling up the DagBag from /home/lucky/.local/lib/python3.10/site-packages/airflow/example_dags/example_branch_operator_decorator.py
[2024-03-02T16:16:23.486+0530] {processor.py:840} INFO - DAG(s) 'example_branch_python_operator_decorator' retrieved from /home/lucky/.local/lib/python3.10/site-packages/airflow/example_dags/example_branch_operator_decorator.py
[2024-03-02T16:16:23.521+0530] {logging_mixin.py:188} INFO - [2024-03-02T16:16:23.520+0530] {dag.py:3036} INFO - Sync 1 DAGs
[2024-03-02T16:16:23.559+0530] {logging_mixin.py:188} INFO - [2024-03-02T16:16:23.559+0530] {dag.py:3823} INFO - Setting next_dagrun for example_branch_python_operator_decorator to 2024-03-01 00:00:00+00:00, run_after=2024-03-02 00:00:00+00:00
[2024-03-02T16:16:23.600+0530] {processor.py:183} INFO - Processing /home/lucky/.local/lib/python3.10/site-packages/airflow/example_dags/example_branch_operator_decorator.py took 0.176 seconds
[2024-03-02T16:20:42.243+0530] {processor.py:161} INFO - Started process (PID=125461) to work on /home/lucky/.local/lib/python3.10/site-packages/airflow/example_dags/example_branch_operator_decorator.py
[2024-03-02T16:20:42.245+0530] {processor.py:830} INFO - Processing file /home/lucky/.local/lib/python3.10/site-packages/airflow/example_dags/example_branch_operator_decorator.py for tasks to queue
[2024-03-02T16:20:42.246+0530] {logging_mixin.py:188} INFO - [2024-03-02T16:20:42.245+0530] {dagbag.py:538} INFO - Filling up the DagBag from /home/lucky/.local/lib/python3.10/site-packages/airflow/example_dags/example_branch_operator_decorator.py
[2024-03-02T16:20:42.276+0530] {processor.py:840} INFO - DAG(s) 'example_branch_python_operator_decorator' retrieved from /home/lucky/.local/lib/python3.10/site-packages/airflow/example_dags/example_branch_operator_decorator.py
[2024-03-02T16:20:42.684+0530] {logging_mixin.py:188} INFO - [2024-03-02T16:20:42.684+0530] {dag.py:3036} INFO - Sync 1 DAGs
[2024-03-02T16:20:42.812+0530] {logging_mixin.py:188} INFO - [2024-03-02T16:20:42.812+0530] {dag.py:3823} INFO - Setting next_dagrun for example_branch_python_operator_decorator to 2024-03-01 00:00:00+00:00, run_after=2024-03-02 00:00:00+00:00
[2024-03-02T16:20:44.484+0530] {processor.py:183} INFO - Processing /home/lucky/.local/lib/python3.10/site-packages/airflow/example_dags/example_branch_operator_decorator.py took 2.244 seconds
[2024-03-02T16:21:37.739+0530] {processor.py:161} INFO - Started process (PID=126068) to work on /home/lucky/.local/lib/python3.10/site-packages/airflow/example_dags/example_branch_operator_decorator.py
[2024-03-02T16:21:37.741+0530] {processor.py:830} INFO - Processing file /home/lucky/.local/lib/python3.10/site-packages/airflow/example_dags/example_branch_operator_decorator.py for tasks to queue
[2024-03-02T16:21:37.743+0530] {logging_mixin.py:188} INFO - [2024-03-02T16:21:37.742+0530] {dagbag.py:538} INFO - Filling up the DagBag from /home/lucky/.local/lib/python3.10/site-packages/airflow/example_dags/example_branch_operator_decorator.py
[2024-03-02T16:21:37.766+0530] {processor.py:840} INFO - DAG(s) 'example_branch_python_operator_decorator' retrieved from /home/lucky/.local/lib/python3.10/site-packages/airflow/example_dags/example_branch_operator_decorator.py
[2024-03-02T16:21:37.788+0530] {logging_mixin.py:188} INFO - [2024-03-02T16:21:37.787+0530] {dag.py:3036} INFO - Sync 1 DAGs
[2024-03-02T16:21:37.812+0530] {logging_mixin.py:188} INFO - [2024-03-02T16:21:37.812+0530] {dag.py:3823} INFO - Setting next_dagrun for example_branch_python_operator_decorator to 2024-03-01 00:00:00+00:00, run_after=2024-03-02 00:00:00+00:00
[2024-03-02T16:21:37.835+0530] {processor.py:183} INFO - Processing /home/lucky/.local/lib/python3.10/site-packages/airflow/example_dags/example_branch_operator_decorator.py took 0.099 seconds
[2024-03-02T16:22:28.037+0530] {processor.py:161} INFO - Started process (PID=126915) to work on /home/lucky/.local/lib/python3.10/site-packages/airflow/example_dags/example_branch_operator_decorator.py
[2024-03-02T16:22:28.039+0530] {processor.py:830} INFO - Processing file /home/lucky/.local/lib/python3.10/site-packages/airflow/example_dags/example_branch_operator_decorator.py for tasks to queue
[2024-03-02T16:22:28.042+0530] {logging_mixin.py:188} INFO - [2024-03-02T16:22:28.041+0530] {dagbag.py:538} INFO - Filling up the DagBag from /home/lucky/.local/lib/python3.10/site-packages/airflow/example_dags/example_branch_operator_decorator.py
[2024-03-02T16:22:28.097+0530] {processor.py:840} INFO - DAG(s) 'example_branch_python_operator_decorator' retrieved from /home/lucky/.local/lib/python3.10/site-packages/airflow/example_dags/example_branch_operator_decorator.py
[2024-03-02T16:22:28.147+0530] {logging_mixin.py:188} INFO - [2024-03-02T16:22:28.147+0530] {dag.py:3036} INFO - Sync 1 DAGs
[2024-03-02T16:22:28.192+0530] {logging_mixin.py:188} INFO - [2024-03-02T16:22:28.191+0530] {dag.py:3823} INFO - Setting next_dagrun for example_branch_python_operator_decorator to 2024-03-01 00:00:00+00:00, run_after=2024-03-02 00:00:00+00:00
[2024-03-02T16:22:28.229+0530] {processor.py:183} INFO - Processing /home/lucky/.local/lib/python3.10/site-packages/airflow/example_dags/example_branch_operator_decorator.py took 0.196 seconds
[2024-03-02T16:23:23.579+0530] {processor.py:161} INFO - Started process (PID=127549) to work on /home/lucky/.local/lib/python3.10/site-packages/airflow/example_dags/example_branch_operator_decorator.py
[2024-03-02T16:23:23.582+0530] {processor.py:830} INFO - Processing file /home/lucky/.local/lib/python3.10/site-packages/airflow/example_dags/example_branch_operator_decorator.py for tasks to queue
[2024-03-02T16:23:23.584+0530] {logging_mixin.py:188} INFO - [2024-03-02T16:23:23.583+0530] {dagbag.py:538} INFO - Filling up the DagBag from /home/lucky/.local/lib/python3.10/site-packages/airflow/example_dags/example_branch_operator_decorator.py
[2024-03-02T16:23:23.641+0530] {processor.py:840} INFO - DAG(s) 'example_branch_python_operator_decorator' retrieved from /home/lucky/.local/lib/python3.10/site-packages/airflow/example_dags/example_branch_operator_decorator.py
[2024-03-02T16:23:23.838+0530] {logging_mixin.py:188} INFO - [2024-03-02T16:23:23.838+0530] {dag.py:3036} INFO - Sync 1 DAGs
[2024-03-02T16:23:23.877+0530] {logging_mixin.py:188} INFO - [2024-03-02T16:23:23.876+0530] {dag.py:3823} INFO - Setting next_dagrun for example_branch_python_operator_decorator to 2024-03-01 00:00:00+00:00, run_after=2024-03-02 00:00:00+00:00
[2024-03-02T16:23:23.909+0530] {processor.py:183} INFO - Processing /home/lucky/.local/lib/python3.10/site-packages/airflow/example_dags/example_branch_operator_decorator.py took 0.341 seconds
[2024-03-02T16:32:47.355+0530] {processor.py:161} INFO - Started process (PID=134989) to work on /home/lucky/.local/lib/python3.10/site-packages/airflow/example_dags/example_branch_operator_decorator.py
[2024-03-02T16:32:47.357+0530] {processor.py:830} INFO - Processing file /home/lucky/.local/lib/python3.10/site-packages/airflow/example_dags/example_branch_operator_decorator.py for tasks to queue
[2024-03-02T16:32:47.358+0530] {logging_mixin.py:188} INFO - [2024-03-02T16:32:47.357+0530] {dagbag.py:538} INFO - Filling up the DagBag from /home/lucky/.local/lib/python3.10/site-packages/airflow/example_dags/example_branch_operator_decorator.py
[2024-03-02T16:32:47.382+0530] {processor.py:840} INFO - DAG(s) 'example_branch_python_operator_decorator' retrieved from /home/lucky/.local/lib/python3.10/site-packages/airflow/example_dags/example_branch_operator_decorator.py
[2024-03-02T16:32:47.514+0530] {logging_mixin.py:188} INFO - [2024-03-02T16:32:47.513+0530] {dag.py:3036} INFO - Sync 1 DAGs
[2024-03-02T16:32:47.538+0530] {logging_mixin.py:188} INFO - [2024-03-02T16:32:47.538+0530] {dag.py:3823} INFO - Setting next_dagrun for example_branch_python_operator_decorator to 2024-03-01 00:00:00+00:00, run_after=2024-03-02 00:00:00+00:00
[2024-03-02T16:32:47.565+0530] {processor.py:183} INFO - Processing /home/lucky/.local/lib/python3.10/site-packages/airflow/example_dags/example_branch_operator_decorator.py took 0.213 seconds
[2024-03-02T16:33:37.839+0530] {processor.py:161} INFO - Started process (PID=135782) to work on /home/lucky/.local/lib/python3.10/site-packages/airflow/example_dags/example_branch_operator_decorator.py
[2024-03-02T16:33:37.841+0530] {processor.py:830} INFO - Processing file /home/lucky/.local/lib/python3.10/site-packages/airflow/example_dags/example_branch_operator_decorator.py for tasks to queue
[2024-03-02T16:33:37.842+0530] {logging_mixin.py:188} INFO - [2024-03-02T16:33:37.842+0530] {dagbag.py:538} INFO - Filling up the DagBag from /home/lucky/.local/lib/python3.10/site-packages/airflow/example_dags/example_branch_operator_decorator.py
[2024-03-02T16:33:37.867+0530] {processor.py:840} INFO - DAG(s) 'example_branch_python_operator_decorator' retrieved from /home/lucky/.local/lib/python3.10/site-packages/airflow/example_dags/example_branch_operator_decorator.py
[2024-03-02T16:33:37.891+0530] {logging_mixin.py:188} INFO - [2024-03-02T16:33:37.890+0530] {dag.py:3036} INFO - Sync 1 DAGs
[2024-03-02T16:33:37.916+0530] {logging_mixin.py:188} INFO - [2024-03-02T16:33:37.916+0530] {dag.py:3823} INFO - Setting next_dagrun for example_branch_python_operator_decorator to 2024-03-01 00:00:00+00:00, run_after=2024-03-02 00:00:00+00:00
[2024-03-02T16:33:37.942+0530] {processor.py:183} INFO - Processing /home/lucky/.local/lib/python3.10/site-packages/airflow/example_dags/example_branch_operator_decorator.py took 0.105 seconds
[2024-03-02T16:34:26.660+0530] {processor.py:161} INFO - Started process (PID=136321) to work on /home/lucky/.local/lib/python3.10/site-packages/airflow/example_dags/example_branch_operator_decorator.py
[2024-03-02T16:34:26.662+0530] {processor.py:830} INFO - Processing file /home/lucky/.local/lib/python3.10/site-packages/airflow/example_dags/example_branch_operator_decorator.py for tasks to queue
[2024-03-02T16:34:26.664+0530] {logging_mixin.py:188} INFO - [2024-03-02T16:34:26.663+0530] {dagbag.py:538} INFO - Filling up the DagBag from /home/lucky/.local/lib/python3.10/site-packages/airflow/example_dags/example_branch_operator_decorator.py
[2024-03-02T16:34:26.695+0530] {processor.py:840} INFO - DAG(s) 'example_branch_python_operator_decorator' retrieved from /home/lucky/.local/lib/python3.10/site-packages/airflow/example_dags/example_branch_operator_decorator.py
[2024-03-02T16:34:26.738+0530] {logging_mixin.py:188} INFO - [2024-03-02T16:34:26.737+0530] {dag.py:3036} INFO - Sync 1 DAGs
[2024-03-02T16:34:26.789+0530] {logging_mixin.py:188} INFO - [2024-03-02T16:34:26.789+0530] {dag.py:3823} INFO - Setting next_dagrun for example_branch_python_operator_decorator to 2024-03-01 00:00:00+00:00, run_after=2024-03-02 00:00:00+00:00
[2024-03-02T16:34:26.825+0530] {processor.py:183} INFO - Processing /home/lucky/.local/lib/python3.10/site-packages/airflow/example_dags/example_branch_operator_decorator.py took 0.168 seconds
[2024-03-02T16:35:25.293+0530] {processor.py:161} INFO - Started process (PID=137125) to work on /home/lucky/.local/lib/python3.10/site-packages/airflow/example_dags/example_branch_operator_decorator.py
[2024-03-02T16:35:25.295+0530] {processor.py:830} INFO - Processing file /home/lucky/.local/lib/python3.10/site-packages/airflow/example_dags/example_branch_operator_decorator.py for tasks to queue
[2024-03-02T16:35:25.296+0530] {logging_mixin.py:188} INFO - [2024-03-02T16:35:25.295+0530] {dagbag.py:538} INFO - Filling up the DagBag from /home/lucky/.local/lib/python3.10/site-packages/airflow/example_dags/example_branch_operator_decorator.py
[2024-03-02T16:35:25.317+0530] {processor.py:840} INFO - DAG(s) 'example_branch_python_operator_decorator' retrieved from /home/lucky/.local/lib/python3.10/site-packages/airflow/example_dags/example_branch_operator_decorator.py
[2024-03-02T16:35:25.342+0530] {logging_mixin.py:188} INFO - [2024-03-02T16:35:25.341+0530] {dag.py:3036} INFO - Sync 1 DAGs
[2024-03-02T16:35:25.370+0530] {logging_mixin.py:188} INFO - [2024-03-02T16:35:25.369+0530] {dag.py:3823} INFO - Setting next_dagrun for example_branch_python_operator_decorator to 2024-03-01 00:00:00+00:00, run_after=2024-03-02 00:00:00+00:00
[2024-03-02T16:35:25.402+0530] {processor.py:183} INFO - Processing /home/lucky/.local/lib/python3.10/site-packages/airflow/example_dags/example_branch_operator_decorator.py took 0.112 seconds
[2024-03-02T16:36:25.480+0530] {processor.py:161} INFO - Started process (PID=137958) to work on /home/lucky/.local/lib/python3.10/site-packages/airflow/example_dags/example_branch_operator_decorator.py
[2024-03-02T16:36:25.482+0530] {processor.py:830} INFO - Processing file /home/lucky/.local/lib/python3.10/site-packages/airflow/example_dags/example_branch_operator_decorator.py for tasks to queue
[2024-03-02T16:36:25.485+0530] {logging_mixin.py:188} INFO - [2024-03-02T16:36:25.484+0530] {dagbag.py:538} INFO - Filling up the DagBag from /home/lucky/.local/lib/python3.10/site-packages/airflow/example_dags/example_branch_operator_decorator.py
[2024-03-02T16:36:25.524+0530] {processor.py:840} INFO - DAG(s) 'example_branch_python_operator_decorator' retrieved from /home/lucky/.local/lib/python3.10/site-packages/airflow/example_dags/example_branch_operator_decorator.py
[2024-03-02T16:36:25.567+0530] {logging_mixin.py:188} INFO - [2024-03-02T16:36:25.567+0530] {dag.py:3036} INFO - Sync 1 DAGs
[2024-03-02T16:36:25.602+0530] {logging_mixin.py:188} INFO - [2024-03-02T16:36:25.601+0530] {dag.py:3823} INFO - Setting next_dagrun for example_branch_python_operator_decorator to 2024-03-01 00:00:00+00:00, run_after=2024-03-02 00:00:00+00:00
[2024-03-02T16:36:25.632+0530] {processor.py:183} INFO - Processing /home/lucky/.local/lib/python3.10/site-packages/airflow/example_dags/example_branch_operator_decorator.py took 0.157 seconds
[2024-03-02T16:37:08.084+0530] {processor.py:161} INFO - Started process (PID=138444) to work on /home/lucky/.local/lib/python3.10/site-packages/airflow/example_dags/example_branch_operator_decorator.py
[2024-03-02T16:37:08.096+0530] {processor.py:830} INFO - Processing file /home/lucky/.local/lib/python3.10/site-packages/airflow/example_dags/example_branch_operator_decorator.py for tasks to queue
[2024-03-02T16:37:08.098+0530] {logging_mixin.py:188} INFO - [2024-03-02T16:37:08.097+0530] {dagbag.py:538} INFO - Filling up the DagBag from /home/lucky/.local/lib/python3.10/site-packages/airflow/example_dags/example_branch_operator_decorator.py
[2024-03-02T16:37:08.145+0530] {processor.py:840} INFO - DAG(s) 'example_branch_python_operator_decorator' retrieved from /home/lucky/.local/lib/python3.10/site-packages/airflow/example_dags/example_branch_operator_decorator.py
[2024-03-02T16:37:08.175+0530] {logging_mixin.py:188} INFO - [2024-03-02T16:37:08.175+0530] {dag.py:3036} INFO - Sync 1 DAGs
[2024-03-02T16:37:08.220+0530] {logging_mixin.py:188} INFO - [2024-03-02T16:37:08.220+0530] {dag.py:3823} INFO - Setting next_dagrun for example_branch_python_operator_decorator to 2024-03-01 00:00:00+00:00, run_after=2024-03-02 00:00:00+00:00
[2024-03-02T16:37:08.269+0530] {processor.py:183} INFO - Processing /home/lucky/.local/lib/python3.10/site-packages/airflow/example_dags/example_branch_operator_decorator.py took 0.189 seconds
