[2024-03-02T13:16:03.913+0530] {processor.py:161} INFO - Started process (PID=4201) to work on /home/lucky/.local/lib/python3.10/site-packages/airflow/example_dags/example_sensor_decorator.py
[2024-03-02T13:16:03.915+0530] {processor.py:830} INFO - Processing file /home/lucky/.local/lib/python3.10/site-packages/airflow/example_dags/example_sensor_decorator.py for tasks to queue
[2024-03-02T13:16:03.921+0530] {logging_mixin.py:188} INFO - [2024-03-02T13:16:03.919+0530] {dagbag.py:538} INFO - Filling up the DagBag from /home/lucky/.local/lib/python3.10/site-packages/airflow/example_dags/example_sensor_decorator.py
[2024-03-02T13:16:03.935+0530] {processor.py:840} INFO - DAG(s) 'example_sensor_decorator' retrieved from /home/lucky/.local/lib/python3.10/site-packages/airflow/example_dags/example_sensor_decorator.py
[2024-03-02T13:16:04.227+0530] {logging_mixin.py:188} INFO - [2024-03-02T13:16:04.227+0530] {dag.py:3036} INFO - Sync 1 DAGs
[2024-03-02T13:16:04.263+0530] {logging_mixin.py:188} INFO - [2024-03-02T13:16:04.262+0530] {dag.py:3823} INFO - Setting next_dagrun for example_sensor_decorator to None, run_after=None
[2024-03-02T13:16:04.335+0530] {processor.py:183} INFO - Processing /home/lucky/.local/lib/python3.10/site-packages/airflow/example_dags/example_sensor_decorator.py took 0.428 seconds
[2024-03-02T13:17:10.455+0530] {processor.py:161} INFO - Started process (PID=4758) to work on /home/lucky/.local/lib/python3.10/site-packages/airflow/example_dags/example_sensor_decorator.py
[2024-03-02T13:17:10.468+0530] {processor.py:830} INFO - Processing file /home/lucky/.local/lib/python3.10/site-packages/airflow/example_dags/example_sensor_decorator.py for tasks to queue
[2024-03-02T13:17:10.473+0530] {logging_mixin.py:188} INFO - [2024-03-02T13:17:10.472+0530] {dagbag.py:538} INFO - Filling up the DagBag from /home/lucky/.local/lib/python3.10/site-packages/airflow/example_dags/example_sensor_decorator.py
[2024-03-02T13:17:10.494+0530] {processor.py:840} INFO - DAG(s) 'example_sensor_decorator' retrieved from /home/lucky/.local/lib/python3.10/site-packages/airflow/example_dags/example_sensor_decorator.py
[2024-03-02T13:17:10.551+0530] {logging_mixin.py:188} INFO - [2024-03-02T13:17:10.550+0530] {dag.py:3036} INFO - Sync 1 DAGs
[2024-03-02T13:17:10.607+0530] {logging_mixin.py:188} INFO - [2024-03-02T13:17:10.607+0530] {dag.py:3823} INFO - Setting next_dagrun for example_sensor_decorator to None, run_after=None
[2024-03-02T13:17:10.715+0530] {processor.py:183} INFO - Processing /home/lucky/.local/lib/python3.10/site-packages/airflow/example_dags/example_sensor_decorator.py took 0.268 seconds
[2024-03-02T13:18:08.210+0530] {processor.py:161} INFO - Started process (PID=5614) to work on /home/lucky/.local/lib/python3.10/site-packages/airflow/example_dags/example_sensor_decorator.py
[2024-03-02T13:18:08.222+0530] {processor.py:830} INFO - Processing file /home/lucky/.local/lib/python3.10/site-packages/airflow/example_dags/example_sensor_decorator.py for tasks to queue
[2024-03-02T13:18:08.224+0530] {logging_mixin.py:188} INFO - [2024-03-02T13:18:08.224+0530] {dagbag.py:538} INFO - Filling up the DagBag from /home/lucky/.local/lib/python3.10/site-packages/airflow/example_dags/example_sensor_decorator.py
[2024-03-02T13:18:08.235+0530] {processor.py:840} INFO - DAG(s) 'example_sensor_decorator' retrieved from /home/lucky/.local/lib/python3.10/site-packages/airflow/example_dags/example_sensor_decorator.py
[2024-03-02T13:18:08.260+0530] {logging_mixin.py:188} INFO - [2024-03-02T13:18:08.259+0530] {dag.py:3036} INFO - Sync 1 DAGs
[2024-03-02T13:18:08.280+0530] {logging_mixin.py:188} INFO - [2024-03-02T13:18:08.279+0530] {dag.py:3823} INFO - Setting next_dagrun for example_sensor_decorator to None, run_after=None
[2024-03-02T13:18:08.325+0530] {processor.py:183} INFO - Processing /home/lucky/.local/lib/python3.10/site-packages/airflow/example_dags/example_sensor_decorator.py took 0.119 seconds
[2024-03-02T13:19:08.316+0530] {processor.py:161} INFO - Started process (PID=6105) to work on /home/lucky/.local/lib/python3.10/site-packages/airflow/example_dags/example_sensor_decorator.py
[2024-03-02T13:19:08.329+0530] {processor.py:830} INFO - Processing file /home/lucky/.local/lib/python3.10/site-packages/airflow/example_dags/example_sensor_decorator.py for tasks to queue
[2024-03-02T13:19:08.332+0530] {logging_mixin.py:188} INFO - [2024-03-02T13:19:08.330+0530] {dagbag.py:538} INFO - Filling up the DagBag from /home/lucky/.local/lib/python3.10/site-packages/airflow/example_dags/example_sensor_decorator.py
[2024-03-02T13:19:08.345+0530] {processor.py:840} INFO - DAG(s) 'example_sensor_decorator' retrieved from /home/lucky/.local/lib/python3.10/site-packages/airflow/example_dags/example_sensor_decorator.py
[2024-03-02T13:19:08.379+0530] {logging_mixin.py:188} INFO - [2024-03-02T13:19:08.378+0530] {dag.py:3036} INFO - Sync 1 DAGs
[2024-03-02T13:19:08.408+0530] {logging_mixin.py:188} INFO - [2024-03-02T13:19:08.407+0530] {dag.py:3823} INFO - Setting next_dagrun for example_sensor_decorator to None, run_after=None
[2024-03-02T13:19:08.469+0530] {processor.py:183} INFO - Processing /home/lucky/.local/lib/python3.10/site-packages/airflow/example_dags/example_sensor_decorator.py took 0.158 seconds
[2024-03-02T13:20:07.817+0530] {processor.py:161} INFO - Started process (PID=6974) to work on /home/lucky/.local/lib/python3.10/site-packages/airflow/example_dags/example_sensor_decorator.py
[2024-03-02T13:20:07.822+0530] {processor.py:830} INFO - Processing file /home/lucky/.local/lib/python3.10/site-packages/airflow/example_dags/example_sensor_decorator.py for tasks to queue
[2024-03-02T13:20:07.827+0530] {logging_mixin.py:188} INFO - [2024-03-02T13:20:07.825+0530] {dagbag.py:538} INFO - Filling up the DagBag from /home/lucky/.local/lib/python3.10/site-packages/airflow/example_dags/example_sensor_decorator.py
[2024-03-02T13:20:07.858+0530] {processor.py:840} INFO - DAG(s) 'example_sensor_decorator' retrieved from /home/lucky/.local/lib/python3.10/site-packages/airflow/example_dags/example_sensor_decorator.py
[2024-03-02T13:20:07.935+0530] {logging_mixin.py:188} INFO - [2024-03-02T13:20:07.933+0530] {dag.py:3036} INFO - Sync 1 DAGs
[2024-03-02T13:20:08.005+0530] {logging_mixin.py:188} INFO - [2024-03-02T13:20:08.003+0530] {dag.py:3823} INFO - Setting next_dagrun for example_sensor_decorator to None, run_after=None
[2024-03-02T13:20:08.086+0530] {processor.py:183} INFO - Processing /home/lucky/.local/lib/python3.10/site-packages/airflow/example_dags/example_sensor_decorator.py took 0.279 seconds
[2024-03-02T13:21:05.282+0530] {processor.py:161} INFO - Started process (PID=7604) to work on /home/lucky/.local/lib/python3.10/site-packages/airflow/example_dags/example_sensor_decorator.py
[2024-03-02T13:21:05.285+0530] {processor.py:830} INFO - Processing file /home/lucky/.local/lib/python3.10/site-packages/airflow/example_dags/example_sensor_decorator.py for tasks to queue
[2024-03-02T13:21:05.288+0530] {logging_mixin.py:188} INFO - [2024-03-02T13:21:05.287+0530] {dagbag.py:538} INFO - Filling up the DagBag from /home/lucky/.local/lib/python3.10/site-packages/airflow/example_dags/example_sensor_decorator.py
[2024-03-02T13:21:05.311+0530] {processor.py:840} INFO - DAG(s) 'example_sensor_decorator' retrieved from /home/lucky/.local/lib/python3.10/site-packages/airflow/example_dags/example_sensor_decorator.py
[2024-03-02T13:21:05.368+0530] {logging_mixin.py:188} INFO - [2024-03-02T13:21:05.366+0530] {dag.py:3036} INFO - Sync 1 DAGs
[2024-03-02T13:21:05.426+0530] {logging_mixin.py:188} INFO - [2024-03-02T13:21:05.425+0530] {dag.py:3823} INFO - Setting next_dagrun for example_sensor_decorator to None, run_after=None
[2024-03-02T13:21:05.523+0530] {processor.py:183} INFO - Processing /home/lucky/.local/lib/python3.10/site-packages/airflow/example_dags/example_sensor_decorator.py took 0.249 seconds
[2024-03-02T13:22:04.663+0530] {processor.py:161} INFO - Started process (PID=8392) to work on /home/lucky/.local/lib/python3.10/site-packages/airflow/example_dags/example_sensor_decorator.py
[2024-03-02T13:22:04.668+0530] {processor.py:830} INFO - Processing file /home/lucky/.local/lib/python3.10/site-packages/airflow/example_dags/example_sensor_decorator.py for tasks to queue
[2024-03-02T13:22:04.672+0530] {logging_mixin.py:188} INFO - [2024-03-02T13:22:04.671+0530] {dagbag.py:538} INFO - Filling up the DagBag from /home/lucky/.local/lib/python3.10/site-packages/airflow/example_dags/example_sensor_decorator.py
[2024-03-02T13:22:04.689+0530] {processor.py:840} INFO - DAG(s) 'example_sensor_decorator' retrieved from /home/lucky/.local/lib/python3.10/site-packages/airflow/example_dags/example_sensor_decorator.py
[2024-03-02T13:22:04.715+0530] {logging_mixin.py:188} INFO - [2024-03-02T13:22:04.715+0530] {dag.py:3036} INFO - Sync 1 DAGs
[2024-03-02T13:22:04.736+0530] {logging_mixin.py:188} INFO - [2024-03-02T13:22:04.735+0530] {dag.py:3823} INFO - Setting next_dagrun for example_sensor_decorator to None, run_after=None
[2024-03-02T13:22:04.784+0530] {processor.py:183} INFO - Processing /home/lucky/.local/lib/python3.10/site-packages/airflow/example_dags/example_sensor_decorator.py took 0.130 seconds
[2024-03-02T13:23:08.241+0530] {processor.py:161} INFO - Started process (PID=9378) to work on /home/lucky/.local/lib/python3.10/site-packages/airflow/example_dags/example_sensor_decorator.py
[2024-03-02T13:23:08.255+0530] {processor.py:830} INFO - Processing file /home/lucky/.local/lib/python3.10/site-packages/airflow/example_dags/example_sensor_decorator.py for tasks to queue
[2024-03-02T13:23:08.257+0530] {logging_mixin.py:188} INFO - [2024-03-02T13:23:08.256+0530] {dagbag.py:538} INFO - Filling up the DagBag from /home/lucky/.local/lib/python3.10/site-packages/airflow/example_dags/example_sensor_decorator.py
[2024-03-02T13:23:08.271+0530] {processor.py:840} INFO - DAG(s) 'example_sensor_decorator' retrieved from /home/lucky/.local/lib/python3.10/site-packages/airflow/example_dags/example_sensor_decorator.py
[2024-03-02T13:23:08.313+0530] {logging_mixin.py:188} INFO - [2024-03-02T13:23:08.312+0530] {dag.py:3036} INFO - Sync 1 DAGs
[2024-03-02T13:23:08.346+0530] {logging_mixin.py:188} INFO - [2024-03-02T13:23:08.346+0530] {dag.py:3823} INFO - Setting next_dagrun for example_sensor_decorator to None, run_after=None
[2024-03-02T13:23:08.426+0530] {processor.py:183} INFO - Processing /home/lucky/.local/lib/python3.10/site-packages/airflow/example_dags/example_sensor_decorator.py took 0.192 seconds
[2024-03-02T13:24:16.566+0530] {processor.py:161} INFO - Started process (PID=9971) to work on /home/lucky/.local/lib/python3.10/site-packages/airflow/example_dags/example_sensor_decorator.py
[2024-03-02T13:24:16.571+0530] {processor.py:830} INFO - Processing file /home/lucky/.local/lib/python3.10/site-packages/airflow/example_dags/example_sensor_decorator.py for tasks to queue
[2024-03-02T13:24:16.577+0530] {logging_mixin.py:188} INFO - [2024-03-02T13:24:16.575+0530] {dagbag.py:538} INFO - Filling up the DagBag from /home/lucky/.local/lib/python3.10/site-packages/airflow/example_dags/example_sensor_decorator.py
[2024-03-02T13:24:16.598+0530] {processor.py:840} INFO - DAG(s) 'example_sensor_decorator' retrieved from /home/lucky/.local/lib/python3.10/site-packages/airflow/example_dags/example_sensor_decorator.py
[2024-03-02T13:24:16.648+0530] {logging_mixin.py:188} INFO - [2024-03-02T13:24:16.646+0530] {dag.py:3036} INFO - Sync 1 DAGs
[2024-03-02T13:24:16.691+0530] {logging_mixin.py:188} INFO - [2024-03-02T13:24:16.690+0530] {dag.py:3823} INFO - Setting next_dagrun for example_sensor_decorator to None, run_after=None
[2024-03-02T13:24:16.770+0530] {processor.py:183} INFO - Processing /home/lucky/.local/lib/python3.10/site-packages/airflow/example_dags/example_sensor_decorator.py took 0.213 seconds
[2024-03-02T13:25:19.953+0530] {processor.py:161} INFO - Started process (PID=10889) to work on /home/lucky/.local/lib/python3.10/site-packages/airflow/example_dags/example_sensor_decorator.py
[2024-03-02T13:25:19.957+0530] {processor.py:830} INFO - Processing file /home/lucky/.local/lib/python3.10/site-packages/airflow/example_dags/example_sensor_decorator.py for tasks to queue
[2024-03-02T13:25:19.959+0530] {logging_mixin.py:188} INFO - [2024-03-02T13:25:19.958+0530] {dagbag.py:538} INFO - Filling up the DagBag from /home/lucky/.local/lib/python3.10/site-packages/airflow/example_dags/example_sensor_decorator.py
[2024-03-02T13:25:19.974+0530] {processor.py:840} INFO - DAG(s) 'example_sensor_decorator' retrieved from /home/lucky/.local/lib/python3.10/site-packages/airflow/example_dags/example_sensor_decorator.py
[2024-03-02T13:25:20.009+0530] {logging_mixin.py:188} INFO - [2024-03-02T13:25:20.008+0530] {dag.py:3036} INFO - Sync 1 DAGs
[2024-03-02T13:25:20.045+0530] {logging_mixin.py:188} INFO - [2024-03-02T13:25:20.044+0530] {dag.py:3823} INFO - Setting next_dagrun for example_sensor_decorator to None, run_after=None
[2024-03-02T13:25:20.134+0530] {processor.py:183} INFO - Processing /home/lucky/.local/lib/python3.10/site-packages/airflow/example_dags/example_sensor_decorator.py took 0.187 seconds
[2024-03-02T13:26:21.459+0530] {processor.py:161} INFO - Started process (PID=11403) to work on /home/lucky/.local/lib/python3.10/site-packages/airflow/example_dags/example_sensor_decorator.py
[2024-03-02T13:26:21.472+0530] {processor.py:830} INFO - Processing file /home/lucky/.local/lib/python3.10/site-packages/airflow/example_dags/example_sensor_decorator.py for tasks to queue
[2024-03-02T13:26:21.475+0530] {logging_mixin.py:188} INFO - [2024-03-02T13:26:21.474+0530] {dagbag.py:538} INFO - Filling up the DagBag from /home/lucky/.local/lib/python3.10/site-packages/airflow/example_dags/example_sensor_decorator.py
[2024-03-02T13:26:21.499+0530] {processor.py:840} INFO - DAG(s) 'example_sensor_decorator' retrieved from /home/lucky/.local/lib/python3.10/site-packages/airflow/example_dags/example_sensor_decorator.py
[2024-03-02T13:26:21.538+0530] {logging_mixin.py:188} INFO - [2024-03-02T13:26:21.537+0530] {dag.py:3036} INFO - Sync 1 DAGs
[2024-03-02T13:26:21.569+0530] {logging_mixin.py:188} INFO - [2024-03-02T13:26:21.569+0530] {dag.py:3823} INFO - Setting next_dagrun for example_sensor_decorator to None, run_after=None
[2024-03-02T13:26:21.645+0530] {processor.py:183} INFO - Processing /home/lucky/.local/lib/python3.10/site-packages/airflow/example_dags/example_sensor_decorator.py took 0.191 seconds
[2024-03-02T13:27:19.462+0530] {processor.py:161} INFO - Started process (PID=12286) to work on /home/lucky/.local/lib/python3.10/site-packages/airflow/example_dags/example_sensor_decorator.py
[2024-03-02T13:27:19.466+0530] {processor.py:830} INFO - Processing file /home/lucky/.local/lib/python3.10/site-packages/airflow/example_dags/example_sensor_decorator.py for tasks to queue
[2024-03-02T13:27:19.468+0530] {logging_mixin.py:188} INFO - [2024-03-02T13:27:19.467+0530] {dagbag.py:538} INFO - Filling up the DagBag from /home/lucky/.local/lib/python3.10/site-packages/airflow/example_dags/example_sensor_decorator.py
[2024-03-02T13:27:19.491+0530] {processor.py:840} INFO - DAG(s) 'example_sensor_decorator' retrieved from /home/lucky/.local/lib/python3.10/site-packages/airflow/example_dags/example_sensor_decorator.py
[2024-03-02T13:27:19.570+0530] {logging_mixin.py:188} INFO - [2024-03-02T13:27:19.569+0530] {dag.py:3036} INFO - Sync 1 DAGs
[2024-03-02T13:27:19.635+0530] {logging_mixin.py:188} INFO - [2024-03-02T13:27:19.634+0530] {dag.py:3823} INFO - Setting next_dagrun for example_sensor_decorator to None, run_after=None
[2024-03-02T13:27:19.836+0530] {processor.py:183} INFO - Processing /home/lucky/.local/lib/python3.10/site-packages/airflow/example_dags/example_sensor_decorator.py took 0.383 seconds
[2024-03-02T13:29:39.496+0530] {processor.py:161} INFO - Started process (PID=13790) to work on /home/lucky/.local/lib/python3.10/site-packages/airflow/example_dags/example_sensor_decorator.py
[2024-03-02T13:29:39.504+0530] {processor.py:830} INFO - Processing file /home/lucky/.local/lib/python3.10/site-packages/airflow/example_dags/example_sensor_decorator.py for tasks to queue
[2024-03-02T13:29:39.508+0530] {logging_mixin.py:188} INFO - [2024-03-02T13:29:39.506+0530] {dagbag.py:538} INFO - Filling up the DagBag from /home/lucky/.local/lib/python3.10/site-packages/airflow/example_dags/example_sensor_decorator.py
[2024-03-02T13:29:39.562+0530] {processor.py:840} INFO - DAG(s) 'example_sensor_decorator' retrieved from /home/lucky/.local/lib/python3.10/site-packages/airflow/example_dags/example_sensor_decorator.py
[2024-03-02T13:29:39.673+0530] {logging_mixin.py:188} INFO - [2024-03-02T13:29:39.673+0530] {dag.py:3036} INFO - Sync 1 DAGs
[2024-03-02T13:29:39.722+0530] {logging_mixin.py:188} INFO - [2024-03-02T13:29:39.721+0530] {dag.py:3823} INFO - Setting next_dagrun for example_sensor_decorator to None, run_after=None
[2024-03-02T13:29:39.817+0530] {processor.py:183} INFO - Processing /home/lucky/.local/lib/python3.10/site-packages/airflow/example_dags/example_sensor_decorator.py took 0.335 seconds
[2024-03-02T13:35:12.088+0530] {processor.py:161} INFO - Started process (PID=17661) to work on /home/lucky/.local/lib/python3.10/site-packages/airflow/example_dags/example_sensor_decorator.py
[2024-03-02T13:35:12.091+0530] {processor.py:830} INFO - Processing file /home/lucky/.local/lib/python3.10/site-packages/airflow/example_dags/example_sensor_decorator.py for tasks to queue
[2024-03-02T13:35:12.094+0530] {logging_mixin.py:188} INFO - [2024-03-02T13:35:12.093+0530] {dagbag.py:538} INFO - Filling up the DagBag from /home/lucky/.local/lib/python3.10/site-packages/airflow/example_dags/example_sensor_decorator.py
[2024-03-02T13:35:12.107+0530] {processor.py:840} INFO - DAG(s) 'example_sensor_decorator' retrieved from /home/lucky/.local/lib/python3.10/site-packages/airflow/example_dags/example_sensor_decorator.py
[2024-03-02T13:35:12.141+0530] {logging_mixin.py:188} INFO - [2024-03-02T13:35:12.140+0530] {dag.py:3036} INFO - Sync 1 DAGs
[2024-03-02T13:35:12.165+0530] {logging_mixin.py:188} INFO - [2024-03-02T13:35:12.165+0530] {dag.py:3823} INFO - Setting next_dagrun for example_sensor_decorator to None, run_after=None
[2024-03-02T13:35:12.218+0530] {processor.py:183} INFO - Processing /home/lucky/.local/lib/python3.10/site-packages/airflow/example_dags/example_sensor_decorator.py took 0.135 seconds
[2024-03-02T13:36:10.359+0530] {processor.py:161} INFO - Started process (PID=18184) to work on /home/lucky/.local/lib/python3.10/site-packages/airflow/example_dags/example_sensor_decorator.py
[2024-03-02T13:36:10.375+0530] {processor.py:830} INFO - Processing file /home/lucky/.local/lib/python3.10/site-packages/airflow/example_dags/example_sensor_decorator.py for tasks to queue
[2024-03-02T13:36:10.378+0530] {logging_mixin.py:188} INFO - [2024-03-02T13:36:10.377+0530] {dagbag.py:538} INFO - Filling up the DagBag from /home/lucky/.local/lib/python3.10/site-packages/airflow/example_dags/example_sensor_decorator.py
[2024-03-02T13:36:10.398+0530] {processor.py:840} INFO - DAG(s) 'example_sensor_decorator' retrieved from /home/lucky/.local/lib/python3.10/site-packages/airflow/example_dags/example_sensor_decorator.py
[2024-03-02T13:36:10.439+0530] {logging_mixin.py:188} INFO - [2024-03-02T13:36:10.438+0530] {dag.py:3036} INFO - Sync 1 DAGs
[2024-03-02T13:36:10.483+0530] {logging_mixin.py:188} INFO - [2024-03-02T13:36:10.483+0530] {dag.py:3823} INFO - Setting next_dagrun for example_sensor_decorator to None, run_after=None
[2024-03-02T13:36:10.571+0530] {processor.py:183} INFO - Processing /home/lucky/.local/lib/python3.10/site-packages/airflow/example_dags/example_sensor_decorator.py took 0.220 seconds
[2024-03-02T13:38:09.897+0530] {processor.py:161} INFO - Started process (PID=19581) to work on /home/lucky/.local/lib/python3.10/site-packages/airflow/example_dags/example_sensor_decorator.py
[2024-03-02T13:38:09.922+0530] {processor.py:830} INFO - Processing file /home/lucky/.local/lib/python3.10/site-packages/airflow/example_dags/example_sensor_decorator.py for tasks to queue
[2024-03-02T13:38:09.924+0530] {logging_mixin.py:188} INFO - [2024-03-02T13:38:09.924+0530] {dagbag.py:538} INFO - Filling up the DagBag from /home/lucky/.local/lib/python3.10/site-packages/airflow/example_dags/example_sensor_decorator.py
[2024-03-02T13:38:09.937+0530] {processor.py:840} INFO - DAG(s) 'example_sensor_decorator' retrieved from /home/lucky/.local/lib/python3.10/site-packages/airflow/example_dags/example_sensor_decorator.py
[2024-03-02T13:38:09.969+0530] {logging_mixin.py:188} INFO - [2024-03-02T13:38:09.968+0530] {dag.py:3036} INFO - Sync 1 DAGs
[2024-03-02T13:38:10.001+0530] {logging_mixin.py:188} INFO - [2024-03-02T13:38:10.000+0530] {dag.py:3823} INFO - Setting next_dagrun for example_sensor_decorator to None, run_after=None
[2024-03-02T13:38:10.055+0530] {processor.py:183} INFO - Processing /home/lucky/.local/lib/python3.10/site-packages/airflow/example_dags/example_sensor_decorator.py took 0.171 seconds
[2024-03-02T16:15:52.092+0530] {processor.py:161} INFO - Started process (PID=121468) to work on /home/lucky/.local/lib/python3.10/site-packages/airflow/example_dags/example_sensor_decorator.py
[2024-03-02T16:15:52.096+0530] {processor.py:830} INFO - Processing file /home/lucky/.local/lib/python3.10/site-packages/airflow/example_dags/example_sensor_decorator.py for tasks to queue
[2024-03-02T16:15:52.097+0530] {logging_mixin.py:188} INFO - [2024-03-02T16:15:52.097+0530] {dagbag.py:538} INFO - Filling up the DagBag from /home/lucky/.local/lib/python3.10/site-packages/airflow/example_dags/example_sensor_decorator.py
[2024-03-02T16:15:52.109+0530] {processor.py:840} INFO - DAG(s) 'example_sensor_decorator' retrieved from /home/lucky/.local/lib/python3.10/site-packages/airflow/example_dags/example_sensor_decorator.py
[2024-03-02T16:15:52.137+0530] {logging_mixin.py:188} INFO - [2024-03-02T16:15:52.136+0530] {dag.py:3036} INFO - Sync 1 DAGs
[2024-03-02T16:15:52.158+0530] {logging_mixin.py:188} INFO - [2024-03-02T16:15:52.158+0530] {dag.py:3823} INFO - Setting next_dagrun for example_sensor_decorator to None, run_after=None
[2024-03-02T16:15:52.190+0530] {processor.py:183} INFO - Processing /home/lucky/.local/lib/python3.10/site-packages/airflow/example_dags/example_sensor_decorator.py took 0.102 seconds
[2024-03-02T16:16:45.837+0530] {processor.py:161} INFO - Started process (PID=122282) to work on /home/lucky/.local/lib/python3.10/site-packages/airflow/example_dags/example_sensor_decorator.py
[2024-03-02T16:16:45.839+0530] {processor.py:830} INFO - Processing file /home/lucky/.local/lib/python3.10/site-packages/airflow/example_dags/example_sensor_decorator.py for tasks to queue
[2024-03-02T16:16:45.840+0530] {logging_mixin.py:188} INFO - [2024-03-02T16:16:45.839+0530] {dagbag.py:538} INFO - Filling up the DagBag from /home/lucky/.local/lib/python3.10/site-packages/airflow/example_dags/example_sensor_decorator.py
[2024-03-02T16:16:45.847+0530] {processor.py:840} INFO - DAG(s) 'example_sensor_decorator' retrieved from /home/lucky/.local/lib/python3.10/site-packages/airflow/example_dags/example_sensor_decorator.py
[2024-03-02T16:16:45.861+0530] {logging_mixin.py:188} INFO - [2024-03-02T16:16:45.860+0530] {dag.py:3036} INFO - Sync 1 DAGs
[2024-03-02T16:16:45.871+0530] {logging_mixin.py:188} INFO - [2024-03-02T16:16:45.870+0530] {dag.py:3823} INFO - Setting next_dagrun for example_sensor_decorator to None, run_after=None
[2024-03-02T16:16:45.894+0530] {processor.py:183} INFO - Processing /home/lucky/.local/lib/python3.10/site-packages/airflow/example_dags/example_sensor_decorator.py took 0.060 seconds
[2024-03-02T16:21:06.751+0530] {processor.py:161} INFO - Started process (PID=125790) to work on /home/lucky/.local/lib/python3.10/site-packages/airflow/example_dags/example_sensor_decorator.py
[2024-03-02T16:21:06.753+0530] {processor.py:830} INFO - Processing file /home/lucky/.local/lib/python3.10/site-packages/airflow/example_dags/example_sensor_decorator.py for tasks to queue
[2024-03-02T16:21:06.755+0530] {logging_mixin.py:188} INFO - [2024-03-02T16:21:06.754+0530] {dagbag.py:538} INFO - Filling up the DagBag from /home/lucky/.local/lib/python3.10/site-packages/airflow/example_dags/example_sensor_decorator.py
[2024-03-02T16:21:06.764+0530] {processor.py:840} INFO - DAG(s) 'example_sensor_decorator' retrieved from /home/lucky/.local/lib/python3.10/site-packages/airflow/example_dags/example_sensor_decorator.py
[2024-03-02T16:21:06.786+0530] {logging_mixin.py:188} INFO - [2024-03-02T16:21:06.785+0530] {dag.py:3036} INFO - Sync 1 DAGs
[2024-03-02T16:21:06.802+0530] {logging_mixin.py:188} INFO - [2024-03-02T16:21:06.801+0530] {dag.py:3823} INFO - Setting next_dagrun for example_sensor_decorator to None, run_after=None
[2024-03-02T16:21:06.840+0530] {processor.py:183} INFO - Processing /home/lucky/.local/lib/python3.10/site-packages/airflow/example_dags/example_sensor_decorator.py took 0.093 seconds
[2024-03-02T16:21:58.564+0530] {processor.py:161} INFO - Started process (PID=126589) to work on /home/lucky/.local/lib/python3.10/site-packages/airflow/example_dags/example_sensor_decorator.py
[2024-03-02T16:21:58.566+0530] {processor.py:830} INFO - Processing file /home/lucky/.local/lib/python3.10/site-packages/airflow/example_dags/example_sensor_decorator.py for tasks to queue
[2024-03-02T16:21:58.567+0530] {logging_mixin.py:188} INFO - [2024-03-02T16:21:58.566+0530] {dagbag.py:538} INFO - Filling up the DagBag from /home/lucky/.local/lib/python3.10/site-packages/airflow/example_dags/example_sensor_decorator.py
[2024-03-02T16:21:58.575+0530] {processor.py:840} INFO - DAG(s) 'example_sensor_decorator' retrieved from /home/lucky/.local/lib/python3.10/site-packages/airflow/example_dags/example_sensor_decorator.py
[2024-03-02T16:21:58.594+0530] {logging_mixin.py:188} INFO - [2024-03-02T16:21:58.594+0530] {dag.py:3036} INFO - Sync 1 DAGs
[2024-03-02T16:21:58.608+0530] {logging_mixin.py:188} INFO - [2024-03-02T16:21:58.608+0530] {dag.py:3823} INFO - Setting next_dagrun for example_sensor_decorator to None, run_after=None
[2024-03-02T16:21:58.638+0530] {processor.py:183} INFO - Processing /home/lucky/.local/lib/python3.10/site-packages/airflow/example_dags/example_sensor_decorator.py took 0.078 seconds
[2024-03-02T16:33:08.627+0530] {processor.py:161} INFO - Started process (PID=135201) to work on /home/lucky/.local/lib/python3.10/site-packages/airflow/example_dags/example_sensor_decorator.py
[2024-03-02T16:33:08.629+0530] {processor.py:830} INFO - Processing file /home/lucky/.local/lib/python3.10/site-packages/airflow/example_dags/example_sensor_decorator.py for tasks to queue
[2024-03-02T16:33:08.630+0530] {logging_mixin.py:188} INFO - [2024-03-02T16:33:08.630+0530] {dagbag.py:538} INFO - Filling up the DagBag from /home/lucky/.local/lib/python3.10/site-packages/airflow/example_dags/example_sensor_decorator.py
[2024-03-02T16:33:08.638+0530] {processor.py:840} INFO - DAG(s) 'example_sensor_decorator' retrieved from /home/lucky/.local/lib/python3.10/site-packages/airflow/example_dags/example_sensor_decorator.py
[2024-03-02T16:33:08.656+0530] {logging_mixin.py:188} INFO - [2024-03-02T16:33:08.655+0530] {dag.py:3036} INFO - Sync 1 DAGs
[2024-03-02T16:33:08.669+0530] {logging_mixin.py:188} INFO - [2024-03-02T16:33:08.669+0530] {dag.py:3823} INFO - Setting next_dagrun for example_sensor_decorator to None, run_after=None
[2024-03-02T16:33:08.704+0530] {processor.py:183} INFO - Processing /home/lucky/.local/lib/python3.10/site-packages/airflow/example_dags/example_sensor_decorator.py took 0.080 seconds
[2024-03-02T16:34:11.302+0530] {processor.py:161} INFO - Started process (PID=136088) to work on /home/lucky/.local/lib/python3.10/site-packages/airflow/example_dags/example_sensor_decorator.py
[2024-03-02T16:34:11.303+0530] {processor.py:830} INFO - Processing file /home/lucky/.local/lib/python3.10/site-packages/airflow/example_dags/example_sensor_decorator.py for tasks to queue
[2024-03-02T16:34:11.304+0530] {logging_mixin.py:188} INFO - [2024-03-02T16:34:11.304+0530] {dagbag.py:538} INFO - Filling up the DagBag from /home/lucky/.local/lib/python3.10/site-packages/airflow/example_dags/example_sensor_decorator.py
[2024-03-02T16:34:11.311+0530] {processor.py:840} INFO - DAG(s) 'example_sensor_decorator' retrieved from /home/lucky/.local/lib/python3.10/site-packages/airflow/example_dags/example_sensor_decorator.py
[2024-03-02T16:34:11.329+0530] {logging_mixin.py:188} INFO - [2024-03-02T16:34:11.329+0530] {dag.py:3036} INFO - Sync 1 DAGs
[2024-03-02T16:34:11.343+0530] {logging_mixin.py:188} INFO - [2024-03-02T16:34:11.343+0530] {dag.py:3823} INFO - Setting next_dagrun for example_sensor_decorator to None, run_after=None
[2024-03-02T16:34:11.373+0530] {processor.py:183} INFO - Processing /home/lucky/.local/lib/python3.10/site-packages/airflow/example_dags/example_sensor_decorator.py took 0.074 seconds
[2024-03-02T16:35:08.580+0530] {processor.py:161} INFO - Started process (PID=136997) to work on /home/lucky/.local/lib/python3.10/site-packages/airflow/example_dags/example_sensor_decorator.py
[2024-03-02T16:35:08.582+0530] {processor.py:830} INFO - Processing file /home/lucky/.local/lib/python3.10/site-packages/airflow/example_dags/example_sensor_decorator.py for tasks to queue
[2024-03-02T16:35:08.583+0530] {logging_mixin.py:188} INFO - [2024-03-02T16:35:08.582+0530] {dagbag.py:538} INFO - Filling up the DagBag from /home/lucky/.local/lib/python3.10/site-packages/airflow/example_dags/example_sensor_decorator.py
[2024-03-02T16:35:08.589+0530] {processor.py:840} INFO - DAG(s) 'example_sensor_decorator' retrieved from /home/lucky/.local/lib/python3.10/site-packages/airflow/example_dags/example_sensor_decorator.py
[2024-03-02T16:35:08.604+0530] {logging_mixin.py:188} INFO - [2024-03-02T16:35:08.604+0530] {dag.py:3036} INFO - Sync 1 DAGs
[2024-03-02T16:35:08.615+0530] {logging_mixin.py:188} INFO - [2024-03-02T16:35:08.614+0530] {dag.py:3823} INFO - Setting next_dagrun for example_sensor_decorator to None, run_after=None
[2024-03-02T16:35:08.638+0530] {processor.py:183} INFO - Processing /home/lucky/.local/lib/python3.10/site-packages/airflow/example_dags/example_sensor_decorator.py took 0.061 seconds
[2024-03-02T16:36:09.899+0530] {processor.py:161} INFO - Started process (PID=137675) to work on /home/lucky/.local/lib/python3.10/site-packages/airflow/example_dags/example_sensor_decorator.py
[2024-03-02T16:36:09.901+0530] {processor.py:830} INFO - Processing file /home/lucky/.local/lib/python3.10/site-packages/airflow/example_dags/example_sensor_decorator.py for tasks to queue
[2024-03-02T16:36:09.904+0530] {logging_mixin.py:188} INFO - [2024-03-02T16:36:09.903+0530] {dagbag.py:538} INFO - Filling up the DagBag from /home/lucky/.local/lib/python3.10/site-packages/airflow/example_dags/example_sensor_decorator.py
[2024-03-02T16:36:09.911+0530] {processor.py:840} INFO - DAG(s) 'example_sensor_decorator' retrieved from /home/lucky/.local/lib/python3.10/site-packages/airflow/example_dags/example_sensor_decorator.py
[2024-03-02T16:36:09.929+0530] {logging_mixin.py:188} INFO - [2024-03-02T16:36:09.929+0530] {dag.py:3036} INFO - Sync 1 DAGs
[2024-03-02T16:36:09.943+0530] {logging_mixin.py:188} INFO - [2024-03-02T16:36:09.943+0530] {dag.py:3823} INFO - Setting next_dagrun for example_sensor_decorator to None, run_after=None
[2024-03-02T16:36:09.975+0530] {processor.py:183} INFO - Processing /home/lucky/.local/lib/python3.10/site-packages/airflow/example_dags/example_sensor_decorator.py took 0.080 seconds
[2024-03-02T16:37:11.862+0530] {processor.py:161} INFO - Started process (PID=138544) to work on /home/lucky/.local/lib/python3.10/site-packages/airflow/example_dags/example_sensor_decorator.py
[2024-03-02T16:37:11.864+0530] {processor.py:830} INFO - Processing file /home/lucky/.local/lib/python3.10/site-packages/airflow/example_dags/example_sensor_decorator.py for tasks to queue
[2024-03-02T16:37:11.866+0530] {logging_mixin.py:188} INFO - [2024-03-02T16:37:11.865+0530] {dagbag.py:538} INFO - Filling up the DagBag from /home/lucky/.local/lib/python3.10/site-packages/airflow/example_dags/example_sensor_decorator.py
[2024-03-02T16:37:11.878+0530] {processor.py:840} INFO - DAG(s) 'example_sensor_decorator' retrieved from /home/lucky/.local/lib/python3.10/site-packages/airflow/example_dags/example_sensor_decorator.py
[2024-03-02T16:37:11.902+0530] {logging_mixin.py:188} INFO - [2024-03-02T16:37:11.902+0530] {dag.py:3036} INFO - Sync 1 DAGs
[2024-03-02T16:37:11.930+0530] {logging_mixin.py:188} INFO - [2024-03-02T16:37:11.929+0530] {dag.py:3823} INFO - Setting next_dagrun for example_sensor_decorator to None, run_after=None
[2024-03-02T16:37:11.991+0530] {processor.py:183} INFO - Processing /home/lucky/.local/lib/python3.10/site-packages/airflow/example_dags/example_sensor_decorator.py took 0.134 seconds
