[2024-03-02T13:15:20.458+0530] {processor.py:161} INFO - Started process (PID=3475) to work on /home/lucky/.local/lib/python3.10/site-packages/airflow/example_dags/tutorial_objectstorage.py
[2024-03-02T13:15:20.460+0530] {processor.py:830} INFO - Processing file /home/lucky/.local/lib/python3.10/site-packages/airflow/example_dags/tutorial_objectstorage.py for tasks to queue
[2024-03-02T13:15:20.462+0530] {logging_mixin.py:188} INFO - [2024-03-02T13:15:20.461+0530] {dagbag.py:538} INFO - Filling up the DagBag from /home/lucky/.local/lib/python3.10/site-packages/airflow/example_dags/tutorial_objectstorage.py
[2024-03-02T13:15:20.475+0530] {processor.py:840} INFO - DAG(s) 'tutorial_objectstorage' retrieved from /home/lucky/.local/lib/python3.10/site-packages/airflow/example_dags/tutorial_objectstorage.py
[2024-03-02T13:15:20.716+0530] {logging_mixin.py:188} INFO - [2024-03-02T13:15:20.715+0530] {dag.py:3036} INFO - Sync 1 DAGs
[2024-03-02T13:15:20.747+0530] {logging_mixin.py:188} INFO - [2024-03-02T13:15:20.746+0530] {dag.py:3823} INFO - Setting next_dagrun for tutorial_objectstorage to None, run_after=None
[2024-03-02T13:15:20.809+0530] {processor.py:183} INFO - Processing /home/lucky/.local/lib/python3.10/site-packages/airflow/example_dags/tutorial_objectstorage.py took 0.356 seconds
[2024-03-02T13:16:27.178+0530] {processor.py:161} INFO - Started process (PID=4371) to work on /home/lucky/.local/lib/python3.10/site-packages/airflow/example_dags/tutorial_objectstorage.py
[2024-03-02T13:16:27.192+0530] {processor.py:830} INFO - Processing file /home/lucky/.local/lib/python3.10/site-packages/airflow/example_dags/tutorial_objectstorage.py for tasks to queue
[2024-03-02T13:16:27.194+0530] {logging_mixin.py:188} INFO - [2024-03-02T13:16:27.193+0530] {dagbag.py:538} INFO - Filling up the DagBag from /home/lucky/.local/lib/python3.10/site-packages/airflow/example_dags/tutorial_objectstorage.py
[2024-03-02T13:16:27.207+0530] {processor.py:840} INFO - DAG(s) 'tutorial_objectstorage' retrieved from /home/lucky/.local/lib/python3.10/site-packages/airflow/example_dags/tutorial_objectstorage.py
[2024-03-02T13:16:27.237+0530] {logging_mixin.py:188} INFO - [2024-03-02T13:16:27.236+0530] {dag.py:3036} INFO - Sync 1 DAGs
[2024-03-02T13:16:27.264+0530] {logging_mixin.py:188} INFO - [2024-03-02T13:16:27.263+0530] {dag.py:3823} INFO - Setting next_dagrun for tutorial_objectstorage to None, run_after=None
[2024-03-02T13:16:27.315+0530] {processor.py:183} INFO - Processing /home/lucky/.local/lib/python3.10/site-packages/airflow/example_dags/tutorial_objectstorage.py took 0.143 seconds
[2024-03-02T13:17:26.857+0530] {processor.py:161} INFO - Started process (PID=5205) to work on /home/lucky/.local/lib/python3.10/site-packages/airflow/example_dags/tutorial_objectstorage.py
[2024-03-02T13:17:26.859+0530] {processor.py:830} INFO - Processing file /home/lucky/.local/lib/python3.10/site-packages/airflow/example_dags/tutorial_objectstorage.py for tasks to queue
[2024-03-02T13:17:26.861+0530] {logging_mixin.py:188} INFO - [2024-03-02T13:17:26.860+0530] {dagbag.py:538} INFO - Filling up the DagBag from /home/lucky/.local/lib/python3.10/site-packages/airflow/example_dags/tutorial_objectstorage.py
[2024-03-02T13:17:26.873+0530] {processor.py:840} INFO - DAG(s) 'tutorial_objectstorage' retrieved from /home/lucky/.local/lib/python3.10/site-packages/airflow/example_dags/tutorial_objectstorage.py
[2024-03-02T13:17:26.905+0530] {logging_mixin.py:188} INFO - [2024-03-02T13:17:26.904+0530] {dag.py:3036} INFO - Sync 1 DAGs
[2024-03-02T13:17:26.932+0530] {logging_mixin.py:188} INFO - [2024-03-02T13:17:26.932+0530] {dag.py:3823} INFO - Setting next_dagrun for tutorial_objectstorage to None, run_after=None
[2024-03-02T13:17:26.988+0530] {processor.py:183} INFO - Processing /home/lucky/.local/lib/python3.10/site-packages/airflow/example_dags/tutorial_objectstorage.py took 0.137 seconds
[2024-03-02T13:18:25.345+0530] {processor.py:161} INFO - Started process (PID=5717) to work on /home/lucky/.local/lib/python3.10/site-packages/airflow/example_dags/tutorial_objectstorage.py
[2024-03-02T13:18:25.358+0530] {processor.py:830} INFO - Processing file /home/lucky/.local/lib/python3.10/site-packages/airflow/example_dags/tutorial_objectstorage.py for tasks to queue
[2024-03-02T13:18:25.360+0530] {logging_mixin.py:188} INFO - [2024-03-02T13:18:25.359+0530] {dagbag.py:538} INFO - Filling up the DagBag from /home/lucky/.local/lib/python3.10/site-packages/airflow/example_dags/tutorial_objectstorage.py
[2024-03-02T13:18:25.377+0530] {processor.py:840} INFO - DAG(s) 'tutorial_objectstorage' retrieved from /home/lucky/.local/lib/python3.10/site-packages/airflow/example_dags/tutorial_objectstorage.py
[2024-03-02T13:18:25.422+0530] {logging_mixin.py:188} INFO - [2024-03-02T13:18:25.421+0530] {dag.py:3036} INFO - Sync 1 DAGs
[2024-03-02T13:18:25.474+0530] {logging_mixin.py:188} INFO - [2024-03-02T13:18:25.473+0530] {dag.py:3823} INFO - Setting next_dagrun for tutorial_objectstorage to None, run_after=None
[2024-03-02T13:18:25.560+0530] {processor.py:183} INFO - Processing /home/lucky/.local/lib/python3.10/site-packages/airflow/example_dags/tutorial_objectstorage.py took 0.219 seconds
[2024-03-02T13:19:24.723+0530] {processor.py:161} INFO - Started process (PID=6630) to work on /home/lucky/.local/lib/python3.10/site-packages/airflow/example_dags/tutorial_objectstorage.py
[2024-03-02T13:19:24.736+0530] {processor.py:830} INFO - Processing file /home/lucky/.local/lib/python3.10/site-packages/airflow/example_dags/tutorial_objectstorage.py for tasks to queue
[2024-03-02T13:19:24.738+0530] {logging_mixin.py:188} INFO - [2024-03-02T13:19:24.737+0530] {dagbag.py:538} INFO - Filling up the DagBag from /home/lucky/.local/lib/python3.10/site-packages/airflow/example_dags/tutorial_objectstorage.py
[2024-03-02T13:19:24.754+0530] {processor.py:840} INFO - DAG(s) 'tutorial_objectstorage' retrieved from /home/lucky/.local/lib/python3.10/site-packages/airflow/example_dags/tutorial_objectstorage.py
[2024-03-02T13:19:24.781+0530] {logging_mixin.py:188} INFO - [2024-03-02T13:19:24.780+0530] {dag.py:3036} INFO - Sync 1 DAGs
[2024-03-02T13:19:24.808+0530] {logging_mixin.py:188} INFO - [2024-03-02T13:19:24.807+0530] {dag.py:3823} INFO - Setting next_dagrun for tutorial_objectstorage to None, run_after=None
[2024-03-02T13:19:24.866+0530] {processor.py:183} INFO - Processing /home/lucky/.local/lib/python3.10/site-packages/airflow/example_dags/tutorial_objectstorage.py took 0.148 seconds
[2024-03-02T13:20:21.326+0530] {processor.py:161} INFO - Started process (PID=7101) to work on /home/lucky/.local/lib/python3.10/site-packages/airflow/example_dags/tutorial_objectstorage.py
[2024-03-02T13:20:21.339+0530] {processor.py:830} INFO - Processing file /home/lucky/.local/lib/python3.10/site-packages/airflow/example_dags/tutorial_objectstorage.py for tasks to queue
[2024-03-02T13:20:21.341+0530] {logging_mixin.py:188} INFO - [2024-03-02T13:20:21.340+0530] {dagbag.py:538} INFO - Filling up the DagBag from /home/lucky/.local/lib/python3.10/site-packages/airflow/example_dags/tutorial_objectstorage.py
[2024-03-02T13:20:21.355+0530] {processor.py:840} INFO - DAG(s) 'tutorial_objectstorage' retrieved from /home/lucky/.local/lib/python3.10/site-packages/airflow/example_dags/tutorial_objectstorage.py
[2024-03-02T13:20:21.391+0530] {logging_mixin.py:188} INFO - [2024-03-02T13:20:21.390+0530] {dag.py:3036} INFO - Sync 1 DAGs
[2024-03-02T13:20:21.419+0530] {logging_mixin.py:188} INFO - [2024-03-02T13:20:21.418+0530] {dag.py:3823} INFO - Setting next_dagrun for tutorial_objectstorage to None, run_after=None
[2024-03-02T13:20:21.475+0530] {processor.py:183} INFO - Processing /home/lucky/.local/lib/python3.10/site-packages/airflow/example_dags/tutorial_objectstorage.py took 0.153 seconds
[2024-03-02T13:21:18.445+0530] {processor.py:161} INFO - Started process (PID=7941) to work on /home/lucky/.local/lib/python3.10/site-packages/airflow/example_dags/tutorial_objectstorage.py
[2024-03-02T13:21:18.459+0530] {processor.py:830} INFO - Processing file /home/lucky/.local/lib/python3.10/site-packages/airflow/example_dags/tutorial_objectstorage.py for tasks to queue
[2024-03-02T13:21:18.462+0530] {logging_mixin.py:188} INFO - [2024-03-02T13:21:18.461+0530] {dagbag.py:538} INFO - Filling up the DagBag from /home/lucky/.local/lib/python3.10/site-packages/airflow/example_dags/tutorial_objectstorage.py
[2024-03-02T13:21:18.477+0530] {processor.py:840} INFO - DAG(s) 'tutorial_objectstorage' retrieved from /home/lucky/.local/lib/python3.10/site-packages/airflow/example_dags/tutorial_objectstorage.py
[2024-03-02T13:21:18.522+0530] {logging_mixin.py:188} INFO - [2024-03-02T13:21:18.521+0530] {dag.py:3036} INFO - Sync 1 DAGs
[2024-03-02T13:21:18.550+0530] {logging_mixin.py:188} INFO - [2024-03-02T13:21:18.549+0530] {dag.py:3823} INFO - Setting next_dagrun for tutorial_objectstorage to None, run_after=None
[2024-03-02T13:21:18.623+0530] {processor.py:183} INFO - Processing /home/lucky/.local/lib/python3.10/site-packages/airflow/example_dags/tutorial_objectstorage.py took 0.186 seconds
[2024-03-02T13:22:19.473+0530] {processor.py:161} INFO - Started process (PID=8574) to work on /home/lucky/.local/lib/python3.10/site-packages/airflow/example_dags/tutorial_objectstorage.py
[2024-03-02T13:22:19.477+0530] {processor.py:830} INFO - Processing file /home/lucky/.local/lib/python3.10/site-packages/airflow/example_dags/tutorial_objectstorage.py for tasks to queue
[2024-03-02T13:22:19.480+0530] {logging_mixin.py:188} INFO - [2024-03-02T13:22:19.479+0530] {dagbag.py:538} INFO - Filling up the DagBag from /home/lucky/.local/lib/python3.10/site-packages/airflow/example_dags/tutorial_objectstorage.py
[2024-03-02T13:22:19.502+0530] {processor.py:840} INFO - DAG(s) 'tutorial_objectstorage' retrieved from /home/lucky/.local/lib/python3.10/site-packages/airflow/example_dags/tutorial_objectstorage.py
[2024-03-02T13:22:19.557+0530] {logging_mixin.py:188} INFO - [2024-03-02T13:22:19.556+0530] {dag.py:3036} INFO - Sync 1 DAGs
[2024-03-02T13:22:19.599+0530] {logging_mixin.py:188} INFO - [2024-03-02T13:22:19.599+0530] {dag.py:3823} INFO - Setting next_dagrun for tutorial_objectstorage to None, run_after=None
[2024-03-02T13:22:19.657+0530] {processor.py:183} INFO - Processing /home/lucky/.local/lib/python3.10/site-packages/airflow/example_dags/tutorial_objectstorage.py took 0.191 seconds
[2024-03-02T13:23:27.342+0530] {processor.py:161} INFO - Started process (PID=9497) to work on /home/lucky/.local/lib/python3.10/site-packages/airflow/example_dags/tutorial_objectstorage.py
[2024-03-02T13:23:27.347+0530] {processor.py:830} INFO - Processing file /home/lucky/.local/lib/python3.10/site-packages/airflow/example_dags/tutorial_objectstorage.py for tasks to queue
[2024-03-02T13:23:27.350+0530] {logging_mixin.py:188} INFO - [2024-03-02T13:23:27.348+0530] {dagbag.py:538} INFO - Filling up the DagBag from /home/lucky/.local/lib/python3.10/site-packages/airflow/example_dags/tutorial_objectstorage.py
[2024-03-02T13:23:27.368+0530] {processor.py:840} INFO - DAG(s) 'tutorial_objectstorage' retrieved from /home/lucky/.local/lib/python3.10/site-packages/airflow/example_dags/tutorial_objectstorage.py
[2024-03-02T13:23:27.404+0530] {logging_mixin.py:188} INFO - [2024-03-02T13:23:27.403+0530] {dag.py:3036} INFO - Sync 1 DAGs
[2024-03-02T13:23:27.437+0530] {logging_mixin.py:188} INFO - [2024-03-02T13:23:27.436+0530] {dag.py:3823} INFO - Setting next_dagrun for tutorial_objectstorage to None, run_after=None
[2024-03-02T13:23:27.512+0530] {processor.py:183} INFO - Processing /home/lucky/.local/lib/python3.10/site-packages/airflow/example_dags/tutorial_objectstorage.py took 0.176 seconds
[2024-03-02T13:24:28.501+0530] {processor.py:161} INFO - Started process (PID=10062) to work on /home/lucky/.local/lib/python3.10/site-packages/airflow/example_dags/tutorial_objectstorage.py
[2024-03-02T13:24:28.514+0530] {processor.py:830} INFO - Processing file /home/lucky/.local/lib/python3.10/site-packages/airflow/example_dags/tutorial_objectstorage.py for tasks to queue
[2024-03-02T13:24:28.516+0530] {logging_mixin.py:188} INFO - [2024-03-02T13:24:28.516+0530] {dagbag.py:538} INFO - Filling up the DagBag from /home/lucky/.local/lib/python3.10/site-packages/airflow/example_dags/tutorial_objectstorage.py
[2024-03-02T13:24:28.532+0530] {processor.py:840} INFO - DAG(s) 'tutorial_objectstorage' retrieved from /home/lucky/.local/lib/python3.10/site-packages/airflow/example_dags/tutorial_objectstorage.py
[2024-03-02T13:24:28.561+0530] {logging_mixin.py:188} INFO - [2024-03-02T13:24:28.561+0530] {dag.py:3036} INFO - Sync 1 DAGs
[2024-03-02T13:24:28.587+0530] {logging_mixin.py:188} INFO - [2024-03-02T13:24:28.587+0530] {dag.py:3823} INFO - Setting next_dagrun for tutorial_objectstorage to None, run_after=None
[2024-03-02T13:24:28.651+0530] {processor.py:183} INFO - Processing /home/lucky/.local/lib/python3.10/site-packages/airflow/example_dags/tutorial_objectstorage.py took 0.156 seconds
[2024-03-02T13:25:31.514+0530] {processor.py:161} INFO - Started process (PID=10957) to work on /home/lucky/.local/lib/python3.10/site-packages/airflow/example_dags/tutorial_objectstorage.py
[2024-03-02T13:25:31.528+0530] {processor.py:830} INFO - Processing file /home/lucky/.local/lib/python3.10/site-packages/airflow/example_dags/tutorial_objectstorage.py for tasks to queue
[2024-03-02T13:25:31.530+0530] {logging_mixin.py:188} INFO - [2024-03-02T13:25:31.529+0530] {dagbag.py:538} INFO - Filling up the DagBag from /home/lucky/.local/lib/python3.10/site-packages/airflow/example_dags/tutorial_objectstorage.py
[2024-03-02T13:25:31.545+0530] {processor.py:840} INFO - DAG(s) 'tutorial_objectstorage' retrieved from /home/lucky/.local/lib/python3.10/site-packages/airflow/example_dags/tutorial_objectstorage.py
[2024-03-02T13:25:31.572+0530] {logging_mixin.py:188} INFO - [2024-03-02T13:25:31.572+0530] {dag.py:3036} INFO - Sync 1 DAGs
[2024-03-02T13:25:31.596+0530] {logging_mixin.py:188} INFO - [2024-03-02T13:25:31.595+0530] {dag.py:3823} INFO - Setting next_dagrun for tutorial_objectstorage to None, run_after=None
[2024-03-02T13:25:31.649+0530] {processor.py:183} INFO - Processing /home/lucky/.local/lib/python3.10/site-packages/airflow/example_dags/tutorial_objectstorage.py took 0.142 seconds
[2024-03-02T13:26:35.657+0530] {processor.py:161} INFO - Started process (PID=11480) to work on /home/lucky/.local/lib/python3.10/site-packages/airflow/example_dags/tutorial_objectstorage.py
[2024-03-02T13:26:35.661+0530] {processor.py:830} INFO - Processing file /home/lucky/.local/lib/python3.10/site-packages/airflow/example_dags/tutorial_objectstorage.py for tasks to queue
[2024-03-02T13:26:35.663+0530] {logging_mixin.py:188} INFO - [2024-03-02T13:26:35.662+0530] {dagbag.py:538} INFO - Filling up the DagBag from /home/lucky/.local/lib/python3.10/site-packages/airflow/example_dags/tutorial_objectstorage.py
[2024-03-02T13:26:35.680+0530] {processor.py:840} INFO - DAG(s) 'tutorial_objectstorage' retrieved from /home/lucky/.local/lib/python3.10/site-packages/airflow/example_dags/tutorial_objectstorage.py
[2024-03-02T13:26:35.713+0530] {logging_mixin.py:188} INFO - [2024-03-02T13:26:35.712+0530] {dag.py:3036} INFO - Sync 1 DAGs
[2024-03-02T13:26:35.738+0530] {logging_mixin.py:188} INFO - [2024-03-02T13:26:35.738+0530] {dag.py:3823} INFO - Setting next_dagrun for tutorial_objectstorage to None, run_after=None
[2024-03-02T13:26:35.785+0530] {processor.py:183} INFO - Processing /home/lucky/.local/lib/python3.10/site-packages/airflow/example_dags/tutorial_objectstorage.py took 0.139 seconds
[2024-03-02T13:27:32.254+0530] {processor.py:161} INFO - Started process (PID=12357) to work on /home/lucky/.local/lib/python3.10/site-packages/airflow/example_dags/tutorial_objectstorage.py
[2024-03-02T13:27:32.257+0530] {processor.py:830} INFO - Processing file /home/lucky/.local/lib/python3.10/site-packages/airflow/example_dags/tutorial_objectstorage.py for tasks to queue
[2024-03-02T13:27:32.261+0530] {logging_mixin.py:188} INFO - [2024-03-02T13:27:32.260+0530] {dagbag.py:538} INFO - Filling up the DagBag from /home/lucky/.local/lib/python3.10/site-packages/airflow/example_dags/tutorial_objectstorage.py
[2024-03-02T13:27:32.285+0530] {processor.py:840} INFO - DAG(s) 'tutorial_objectstorage' retrieved from /home/lucky/.local/lib/python3.10/site-packages/airflow/example_dags/tutorial_objectstorage.py
[2024-03-02T13:27:32.330+0530] {logging_mixin.py:188} INFO - [2024-03-02T13:27:32.329+0530] {dag.py:3036} INFO - Sync 1 DAGs
[2024-03-02T13:27:32.365+0530] {logging_mixin.py:188} INFO - [2024-03-02T13:27:32.363+0530] {dag.py:3823} INFO - Setting next_dagrun for tutorial_objectstorage to None, run_after=None
[2024-03-02T13:27:32.432+0530] {processor.py:183} INFO - Processing /home/lucky/.local/lib/python3.10/site-packages/airflow/example_dags/tutorial_objectstorage.py took 0.187 seconds
[2024-03-02T13:28:57.751+0530] {processor.py:161} INFO - Started process (PID=13076) to work on /home/lucky/.local/lib/python3.10/site-packages/airflow/example_dags/tutorial_objectstorage.py
[2024-03-02T13:28:57.756+0530] {processor.py:830} INFO - Processing file /home/lucky/.local/lib/python3.10/site-packages/airflow/example_dags/tutorial_objectstorage.py for tasks to queue
[2024-03-02T13:28:57.758+0530] {logging_mixin.py:188} INFO - [2024-03-02T13:28:57.757+0530] {dagbag.py:538} INFO - Filling up the DagBag from /home/lucky/.local/lib/python3.10/site-packages/airflow/example_dags/tutorial_objectstorage.py
[2024-03-02T13:28:57.780+0530] {processor.py:840} INFO - DAG(s) 'tutorial_objectstorage' retrieved from /home/lucky/.local/lib/python3.10/site-packages/airflow/example_dags/tutorial_objectstorage.py
[2024-03-02T13:28:57.844+0530] {logging_mixin.py:188} INFO - [2024-03-02T13:28:57.843+0530] {dag.py:3036} INFO - Sync 1 DAGs
[2024-03-02T13:28:57.890+0530] {logging_mixin.py:188} INFO - [2024-03-02T13:28:57.889+0530] {dag.py:3823} INFO - Setting next_dagrun for tutorial_objectstorage to None, run_after=None
[2024-03-02T13:28:57.957+0530] {processor.py:183} INFO - Processing /home/lucky/.local/lib/python3.10/site-packages/airflow/example_dags/tutorial_objectstorage.py took 0.220 seconds
[2024-03-02T13:31:59.110+0530] {processor.py:161} INFO - Started process (PID=15295) to work on /home/lucky/.local/lib/python3.10/site-packages/airflow/example_dags/tutorial_objectstorage.py
[2024-03-02T13:31:59.113+0530] {processor.py:830} INFO - Processing file /home/lucky/.local/lib/python3.10/site-packages/airflow/example_dags/tutorial_objectstorage.py for tasks to queue
[2024-03-02T13:31:59.115+0530] {logging_mixin.py:188} INFO - [2024-03-02T13:31:59.114+0530] {dagbag.py:538} INFO - Filling up the DagBag from /home/lucky/.local/lib/python3.10/site-packages/airflow/example_dags/tutorial_objectstorage.py
[2024-03-02T13:31:59.133+0530] {processor.py:840} INFO - DAG(s) 'tutorial_objectstorage' retrieved from /home/lucky/.local/lib/python3.10/site-packages/airflow/example_dags/tutorial_objectstorage.py
[2024-03-02T13:31:59.182+0530] {logging_mixin.py:188} INFO - [2024-03-02T13:31:59.181+0530] {dag.py:3036} INFO - Sync 1 DAGs
[2024-03-02T13:31:59.234+0530] {logging_mixin.py:188} INFO - [2024-03-02T13:31:59.233+0530] {dag.py:3823} INFO - Setting next_dagrun for tutorial_objectstorage to None, run_after=None
[2024-03-02T13:31:59.301+0530] {processor.py:183} INFO - Processing /home/lucky/.local/lib/python3.10/site-packages/airflow/example_dags/tutorial_objectstorage.py took 0.201 seconds
[2024-03-02T13:34:31.417+0530] {processor.py:161} INFO - Started process (PID=16917) to work on /home/lucky/.local/lib/python3.10/site-packages/airflow/example_dags/tutorial_objectstorage.py
[2024-03-02T13:34:31.430+0530] {processor.py:830} INFO - Processing file /home/lucky/.local/lib/python3.10/site-packages/airflow/example_dags/tutorial_objectstorage.py for tasks to queue
[2024-03-02T13:34:31.432+0530] {logging_mixin.py:188} INFO - [2024-03-02T13:34:31.431+0530] {dagbag.py:538} INFO - Filling up the DagBag from /home/lucky/.local/lib/python3.10/site-packages/airflow/example_dags/tutorial_objectstorage.py
[2024-03-02T13:34:31.448+0530] {processor.py:840} INFO - DAG(s) 'tutorial_objectstorage' retrieved from /home/lucky/.local/lib/python3.10/site-packages/airflow/example_dags/tutorial_objectstorage.py
[2024-03-02T13:34:31.478+0530] {logging_mixin.py:188} INFO - [2024-03-02T13:34:31.477+0530] {dag.py:3036} INFO - Sync 1 DAGs
[2024-03-02T13:34:31.503+0530] {logging_mixin.py:188} INFO - [2024-03-02T13:34:31.502+0530] {dag.py:3823} INFO - Setting next_dagrun for tutorial_objectstorage to None, run_after=None
[2024-03-02T13:34:31.561+0530] {processor.py:183} INFO - Processing /home/lucky/.local/lib/python3.10/site-packages/airflow/example_dags/tutorial_objectstorage.py took 0.149 seconds
[2024-03-02T13:35:31.948+0530] {processor.py:161} INFO - Started process (PID=17836) to work on /home/lucky/.local/lib/python3.10/site-packages/airflow/example_dags/tutorial_objectstorage.py
[2024-03-02T13:35:31.953+0530] {processor.py:830} INFO - Processing file /home/lucky/.local/lib/python3.10/site-packages/airflow/example_dags/tutorial_objectstorage.py for tasks to queue
[2024-03-02T13:35:31.958+0530] {logging_mixin.py:188} INFO - [2024-03-02T13:35:31.956+0530] {dagbag.py:538} INFO - Filling up the DagBag from /home/lucky/.local/lib/python3.10/site-packages/airflow/example_dags/tutorial_objectstorage.py
[2024-03-02T13:35:31.988+0530] {processor.py:840} INFO - DAG(s) 'tutorial_objectstorage' retrieved from /home/lucky/.local/lib/python3.10/site-packages/airflow/example_dags/tutorial_objectstorage.py
[2024-03-02T13:35:32.058+0530] {logging_mixin.py:188} INFO - [2024-03-02T13:35:32.057+0530] {dag.py:3036} INFO - Sync 1 DAGs
[2024-03-02T13:35:32.146+0530] {logging_mixin.py:188} INFO - [2024-03-02T13:35:32.145+0530] {dag.py:3823} INFO - Setting next_dagrun for tutorial_objectstorage to None, run_after=None
[2024-03-02T13:35:32.268+0530] {processor.py:183} INFO - Processing /home/lucky/.local/lib/python3.10/site-packages/airflow/example_dags/tutorial_objectstorage.py took 0.330 seconds
[2024-03-02T13:36:26.751+0530] {processor.py:161} INFO - Started process (PID=18292) to work on /home/lucky/.local/lib/python3.10/site-packages/airflow/example_dags/tutorial_objectstorage.py
[2024-03-02T13:36:26.755+0530] {processor.py:830} INFO - Processing file /home/lucky/.local/lib/python3.10/site-packages/airflow/example_dags/tutorial_objectstorage.py for tasks to queue
[2024-03-02T13:36:26.759+0530] {logging_mixin.py:188} INFO - [2024-03-02T13:36:26.757+0530] {dagbag.py:538} INFO - Filling up the DagBag from /home/lucky/.local/lib/python3.10/site-packages/airflow/example_dags/tutorial_objectstorage.py
[2024-03-02T13:36:26.781+0530] {processor.py:840} INFO - DAG(s) 'tutorial_objectstorage' retrieved from /home/lucky/.local/lib/python3.10/site-packages/airflow/example_dags/tutorial_objectstorage.py
[2024-03-02T13:36:26.825+0530] {logging_mixin.py:188} INFO - [2024-03-02T13:36:26.825+0530] {dag.py:3036} INFO - Sync 1 DAGs
[2024-03-02T13:36:26.854+0530] {logging_mixin.py:188} INFO - [2024-03-02T13:36:26.853+0530] {dag.py:3823} INFO - Setting next_dagrun for tutorial_objectstorage to None, run_after=None
[2024-03-02T13:36:26.914+0530] {processor.py:183} INFO - Processing /home/lucky/.local/lib/python3.10/site-packages/airflow/example_dags/tutorial_objectstorage.py took 0.174 seconds
[2024-03-02T13:37:28.810+0530] {processor.py:161} INFO - Started process (PID=19232) to work on /home/lucky/.local/lib/python3.10/site-packages/airflow/example_dags/tutorial_objectstorage.py
[2024-03-02T13:37:28.823+0530] {processor.py:830} INFO - Processing file /home/lucky/.local/lib/python3.10/site-packages/airflow/example_dags/tutorial_objectstorage.py for tasks to queue
[2024-03-02T13:37:28.824+0530] {logging_mixin.py:188} INFO - [2024-03-02T13:37:28.824+0530] {dagbag.py:538} INFO - Filling up the DagBag from /home/lucky/.local/lib/python3.10/site-packages/airflow/example_dags/tutorial_objectstorage.py
[2024-03-02T13:37:28.837+0530] {processor.py:840} INFO - DAG(s) 'tutorial_objectstorage' retrieved from /home/lucky/.local/lib/python3.10/site-packages/airflow/example_dags/tutorial_objectstorage.py
[2024-03-02T13:37:28.869+0530] {logging_mixin.py:188} INFO - [2024-03-02T13:37:28.869+0530] {dag.py:3036} INFO - Sync 1 DAGs
[2024-03-02T13:37:28.902+0530] {logging_mixin.py:188} INFO - [2024-03-02T13:37:28.901+0530] {dag.py:3823} INFO - Setting next_dagrun for tutorial_objectstorage to None, run_after=None
[2024-03-02T13:37:28.947+0530] {processor.py:183} INFO - Processing /home/lucky/.local/lib/python3.10/site-packages/airflow/example_dags/tutorial_objectstorage.py took 0.142 seconds
[2024-03-02T16:15:13.144+0530] {processor.py:161} INFO - Started process (PID=121030) to work on /home/lucky/.local/lib/python3.10/site-packages/airflow/example_dags/tutorial_objectstorage.py
[2024-03-02T16:15:13.146+0530] {processor.py:830} INFO - Processing file /home/lucky/.local/lib/python3.10/site-packages/airflow/example_dags/tutorial_objectstorage.py for tasks to queue
[2024-03-02T16:15:13.148+0530] {logging_mixin.py:188} INFO - [2024-03-02T16:15:13.147+0530] {dagbag.py:538} INFO - Filling up the DagBag from /home/lucky/.local/lib/python3.10/site-packages/airflow/example_dags/tutorial_objectstorage.py
[2024-03-02T16:15:13.157+0530] {processor.py:840} INFO - DAG(s) 'tutorial_objectstorage' retrieved from /home/lucky/.local/lib/python3.10/site-packages/airflow/example_dags/tutorial_objectstorage.py
[2024-03-02T16:15:13.180+0530] {logging_mixin.py:188} INFO - [2024-03-02T16:15:13.180+0530] {dag.py:3036} INFO - Sync 1 DAGs
[2024-03-02T16:15:13.195+0530] {logging_mixin.py:188} INFO - [2024-03-02T16:15:13.194+0530] {dag.py:3823} INFO - Setting next_dagrun for tutorial_objectstorage to None, run_after=None
[2024-03-02T16:15:13.226+0530] {processor.py:183} INFO - Processing /home/lucky/.local/lib/python3.10/site-packages/airflow/example_dags/tutorial_objectstorage.py took 0.086 seconds
[2024-03-02T16:16:11.557+0530] {processor.py:161} INFO - Started process (PID=121859) to work on /home/lucky/.local/lib/python3.10/site-packages/airflow/example_dags/tutorial_objectstorage.py
[2024-03-02T16:16:11.558+0530] {processor.py:830} INFO - Processing file /home/lucky/.local/lib/python3.10/site-packages/airflow/example_dags/tutorial_objectstorage.py for tasks to queue
[2024-03-02T16:16:11.560+0530] {logging_mixin.py:188} INFO - [2024-03-02T16:16:11.559+0530] {dagbag.py:538} INFO - Filling up the DagBag from /home/lucky/.local/lib/python3.10/site-packages/airflow/example_dags/tutorial_objectstorage.py
[2024-03-02T16:16:11.571+0530] {processor.py:840} INFO - DAG(s) 'tutorial_objectstorage' retrieved from /home/lucky/.local/lib/python3.10/site-packages/airflow/example_dags/tutorial_objectstorage.py
[2024-03-02T16:16:11.590+0530] {logging_mixin.py:188} INFO - [2024-03-02T16:16:11.589+0530] {dag.py:3036} INFO - Sync 1 DAGs
[2024-03-02T16:16:11.605+0530] {logging_mixin.py:188} INFO - [2024-03-02T16:16:11.605+0530] {dag.py:3823} INFO - Setting next_dagrun for tutorial_objectstorage to None, run_after=None
[2024-03-02T16:16:11.632+0530] {processor.py:183} INFO - Processing /home/lucky/.local/lib/python3.10/site-packages/airflow/example_dags/tutorial_objectstorage.py took 0.078 seconds
[2024-03-02T16:17:00.867+0530] {processor.py:161} INFO - Started process (PID=122449) to work on /home/lucky/.local/lib/python3.10/site-packages/airflow/example_dags/tutorial_objectstorage.py
[2024-03-02T16:17:00.869+0530] {processor.py:830} INFO - Processing file /home/lucky/.local/lib/python3.10/site-packages/airflow/example_dags/tutorial_objectstorage.py for tasks to queue
[2024-03-02T16:17:00.870+0530] {logging_mixin.py:188} INFO - [2024-03-02T16:17:00.870+0530] {dagbag.py:538} INFO - Filling up the DagBag from /home/lucky/.local/lib/python3.10/site-packages/airflow/example_dags/tutorial_objectstorage.py
[2024-03-02T16:17:00.880+0530] {processor.py:840} INFO - DAG(s) 'tutorial_objectstorage' retrieved from /home/lucky/.local/lib/python3.10/site-packages/airflow/example_dags/tutorial_objectstorage.py
[2024-03-02T16:17:00.901+0530] {logging_mixin.py:188} INFO - [2024-03-02T16:17:00.900+0530] {dag.py:3036} INFO - Sync 1 DAGs
[2024-03-02T16:17:00.917+0530] {logging_mixin.py:188} INFO - [2024-03-02T16:17:00.916+0530] {dag.py:3823} INFO - Setting next_dagrun for tutorial_objectstorage to None, run_after=None
[2024-03-02T16:17:00.946+0530] {processor.py:183} INFO - Processing /home/lucky/.local/lib/python3.10/site-packages/airflow/example_dags/tutorial_objectstorage.py took 0.081 seconds
[2024-03-02T16:18:20.410+0530] {processor.py:161} INFO - Started process (PID=123515) to work on /home/lucky/.local/lib/python3.10/site-packages/airflow/example_dags/tutorial_objectstorage.py
[2024-03-02T16:18:20.412+0530] {processor.py:830} INFO - Processing file /home/lucky/.local/lib/python3.10/site-packages/airflow/example_dags/tutorial_objectstorage.py for tasks to queue
[2024-03-02T16:18:20.413+0530] {logging_mixin.py:188} INFO - [2024-03-02T16:18:20.412+0530] {dagbag.py:538} INFO - Filling up the DagBag from /home/lucky/.local/lib/python3.10/site-packages/airflow/example_dags/tutorial_objectstorage.py
[2024-03-02T16:18:20.422+0530] {processor.py:840} INFO - DAG(s) 'tutorial_objectstorage' retrieved from /home/lucky/.local/lib/python3.10/site-packages/airflow/example_dags/tutorial_objectstorage.py
[2024-03-02T16:18:20.445+0530] {logging_mixin.py:188} INFO - [2024-03-02T16:18:20.445+0530] {dag.py:3036} INFO - Sync 1 DAGs
[2024-03-02T16:18:20.456+0530] {logging_mixin.py:188} INFO - [2024-03-02T16:18:20.456+0530] {dag.py:3823} INFO - Setting next_dagrun for tutorial_objectstorage to None, run_after=None
[2024-03-02T16:18:20.481+0530] {processor.py:183} INFO - Processing /home/lucky/.local/lib/python3.10/site-packages/airflow/example_dags/tutorial_objectstorage.py took 0.075 seconds
[2024-03-02T16:20:31.989+0530] {processor.py:161} INFO - Started process (PID=125365) to work on /home/lucky/.local/lib/python3.10/site-packages/airflow/example_dags/tutorial_objectstorage.py
[2024-03-02T16:20:31.991+0530] {processor.py:830} INFO - Processing file /home/lucky/.local/lib/python3.10/site-packages/airflow/example_dags/tutorial_objectstorage.py for tasks to queue
[2024-03-02T16:20:31.992+0530] {logging_mixin.py:188} INFO - [2024-03-02T16:20:31.992+0530] {dagbag.py:538} INFO - Filling up the DagBag from /home/lucky/.local/lib/python3.10/site-packages/airflow/example_dags/tutorial_objectstorage.py
[2024-03-02T16:20:32.002+0530] {processor.py:840} INFO - DAG(s) 'tutorial_objectstorage' retrieved from /home/lucky/.local/lib/python3.10/site-packages/airflow/example_dags/tutorial_objectstorage.py
[2024-03-02T16:20:32.028+0530] {logging_mixin.py:188} INFO - [2024-03-02T16:20:32.027+0530] {dag.py:3036} INFO - Sync 1 DAGs
[2024-03-02T16:20:32.043+0530] {logging_mixin.py:188} INFO - [2024-03-02T16:20:32.043+0530] {dag.py:3823} INFO - Setting next_dagrun for tutorial_objectstorage to None, run_after=None
[2024-03-02T16:20:32.073+0530] {processor.py:183} INFO - Processing /home/lucky/.local/lib/python3.10/site-packages/airflow/example_dags/tutorial_objectstorage.py took 0.086 seconds
[2024-03-02T16:21:25.721+0530] {processor.py:161} INFO - Started process (PID=125993) to work on /home/lucky/.local/lib/python3.10/site-packages/airflow/example_dags/tutorial_objectstorage.py
[2024-03-02T16:21:25.723+0530] {processor.py:830} INFO - Processing file /home/lucky/.local/lib/python3.10/site-packages/airflow/example_dags/tutorial_objectstorage.py for tasks to queue
[2024-03-02T16:21:25.724+0530] {logging_mixin.py:188} INFO - [2024-03-02T16:21:25.724+0530] {dagbag.py:538} INFO - Filling up the DagBag from /home/lucky/.local/lib/python3.10/site-packages/airflow/example_dags/tutorial_objectstorage.py
[2024-03-02T16:21:25.736+0530] {processor.py:840} INFO - DAG(s) 'tutorial_objectstorage' retrieved from /home/lucky/.local/lib/python3.10/site-packages/airflow/example_dags/tutorial_objectstorage.py
[2024-03-02T16:21:25.759+0530] {logging_mixin.py:188} INFO - [2024-03-02T16:21:25.759+0530] {dag.py:3036} INFO - Sync 1 DAGs
[2024-03-02T16:21:25.774+0530] {logging_mixin.py:188} INFO - [2024-03-02T16:21:25.774+0530] {dag.py:3823} INFO - Setting next_dagrun for tutorial_objectstorage to None, run_after=None
[2024-03-02T16:21:25.813+0530] {processor.py:183} INFO - Processing /home/lucky/.local/lib/python3.10/site-packages/airflow/example_dags/tutorial_objectstorage.py took 0.098 seconds
[2024-03-02T16:22:11.402+0530] {processor.py:161} INFO - Started process (PID=126699) to work on /home/lucky/.local/lib/python3.10/site-packages/airflow/example_dags/tutorial_objectstorage.py
[2024-03-02T16:22:11.406+0530] {processor.py:830} INFO - Processing file /home/lucky/.local/lib/python3.10/site-packages/airflow/example_dags/tutorial_objectstorage.py for tasks to queue
[2024-03-02T16:22:11.407+0530] {logging_mixin.py:188} INFO - [2024-03-02T16:22:11.407+0530] {dagbag.py:538} INFO - Filling up the DagBag from /home/lucky/.local/lib/python3.10/site-packages/airflow/example_dags/tutorial_objectstorage.py
[2024-03-02T16:22:11.423+0530] {processor.py:840} INFO - DAG(s) 'tutorial_objectstorage' retrieved from /home/lucky/.local/lib/python3.10/site-packages/airflow/example_dags/tutorial_objectstorage.py
[2024-03-02T16:22:11.454+0530] {logging_mixin.py:188} INFO - [2024-03-02T16:22:11.453+0530] {dag.py:3036} INFO - Sync 1 DAGs
[2024-03-02T16:22:11.482+0530] {logging_mixin.py:188} INFO - [2024-03-02T16:22:11.482+0530] {dag.py:3823} INFO - Setting next_dagrun for tutorial_objectstorage to None, run_after=None
[2024-03-02T16:22:11.536+0530] {processor.py:183} INFO - Processing /home/lucky/.local/lib/python3.10/site-packages/airflow/example_dags/tutorial_objectstorage.py took 0.140 seconds
[2024-03-02T16:23:11.104+0530] {processor.py:161} INFO - Started process (PID=127327) to work on /home/lucky/.local/lib/python3.10/site-packages/airflow/example_dags/tutorial_objectstorage.py
[2024-03-02T16:23:11.106+0530] {processor.py:830} INFO - Processing file /home/lucky/.local/lib/python3.10/site-packages/airflow/example_dags/tutorial_objectstorage.py for tasks to queue
[2024-03-02T16:23:11.107+0530] {logging_mixin.py:188} INFO - [2024-03-02T16:23:11.106+0530] {dagbag.py:538} INFO - Filling up the DagBag from /home/lucky/.local/lib/python3.10/site-packages/airflow/example_dags/tutorial_objectstorage.py
[2024-03-02T16:23:11.115+0530] {processor.py:840} INFO - DAG(s) 'tutorial_objectstorage' retrieved from /home/lucky/.local/lib/python3.10/site-packages/airflow/example_dags/tutorial_objectstorage.py
[2024-03-02T16:23:11.137+0530] {logging_mixin.py:188} INFO - [2024-03-02T16:23:11.137+0530] {dag.py:3036} INFO - Sync 1 DAGs
[2024-03-02T16:23:11.151+0530] {logging_mixin.py:188} INFO - [2024-03-02T16:23:11.151+0530] {dag.py:3823} INFO - Setting next_dagrun for tutorial_objectstorage to None, run_after=None
[2024-03-02T16:23:11.179+0530] {processor.py:183} INFO - Processing /home/lucky/.local/lib/python3.10/site-packages/airflow/example_dags/tutorial_objectstorage.py took 0.078 seconds
[2024-03-02T16:32:34.696+0530] {processor.py:161} INFO - Started process (PID=134741) to work on /home/lucky/.local/lib/python3.10/site-packages/airflow/example_dags/tutorial_objectstorage.py
[2024-03-02T16:32:34.698+0530] {processor.py:830} INFO - Processing file /home/lucky/.local/lib/python3.10/site-packages/airflow/example_dags/tutorial_objectstorage.py for tasks to queue
[2024-03-02T16:32:34.699+0530] {logging_mixin.py:188} INFO - [2024-03-02T16:32:34.699+0530] {dagbag.py:538} INFO - Filling up the DagBag from /home/lucky/.local/lib/python3.10/site-packages/airflow/example_dags/tutorial_objectstorage.py
[2024-03-02T16:32:34.709+0530] {processor.py:840} INFO - DAG(s) 'tutorial_objectstorage' retrieved from /home/lucky/.local/lib/python3.10/site-packages/airflow/example_dags/tutorial_objectstorage.py
[2024-03-02T16:32:34.733+0530] {logging_mixin.py:188} INFO - [2024-03-02T16:32:34.732+0530] {dag.py:3036} INFO - Sync 1 DAGs
[2024-03-02T16:32:34.753+0530] {logging_mixin.py:188} INFO - [2024-03-02T16:32:34.752+0530] {dag.py:3823} INFO - Setting next_dagrun for tutorial_objectstorage to None, run_after=None
[2024-03-02T16:32:34.790+0530] {processor.py:183} INFO - Processing /home/lucky/.local/lib/python3.10/site-packages/airflow/example_dags/tutorial_objectstorage.py took 0.098 seconds
[2024-03-02T16:33:25.515+0530] {processor.py:161} INFO - Started process (PID=135341) to work on /home/lucky/.local/lib/python3.10/site-packages/airflow/example_dags/tutorial_objectstorage.py
[2024-03-02T16:33:25.517+0530] {processor.py:830} INFO - Processing file /home/lucky/.local/lib/python3.10/site-packages/airflow/example_dags/tutorial_objectstorage.py for tasks to queue
[2024-03-02T16:33:25.519+0530] {logging_mixin.py:188} INFO - [2024-03-02T16:33:25.518+0530] {dagbag.py:538} INFO - Filling up the DagBag from /home/lucky/.local/lib/python3.10/site-packages/airflow/example_dags/tutorial_objectstorage.py
[2024-03-02T16:33:25.531+0530] {processor.py:840} INFO - DAG(s) 'tutorial_objectstorage' retrieved from /home/lucky/.local/lib/python3.10/site-packages/airflow/example_dags/tutorial_objectstorage.py
[2024-03-02T16:33:25.557+0530] {logging_mixin.py:188} INFO - [2024-03-02T16:33:25.556+0530] {dag.py:3036} INFO - Sync 1 DAGs
[2024-03-02T16:33:25.574+0530] {logging_mixin.py:188} INFO - [2024-03-02T16:33:25.574+0530] {dag.py:3823} INFO - Setting next_dagrun for tutorial_objectstorage to None, run_after=None
[2024-03-02T16:33:25.604+0530] {processor.py:183} INFO - Processing /home/lucky/.local/lib/python3.10/site-packages/airflow/example_dags/tutorial_objectstorage.py took 0.093 seconds
[2024-03-02T16:34:08.335+0530] {processor.py:161} INFO - Started process (PID=136063) to work on /home/lucky/.local/lib/python3.10/site-packages/airflow/example_dags/tutorial_objectstorage.py
[2024-03-02T16:34:08.337+0530] {processor.py:830} INFO - Processing file /home/lucky/.local/lib/python3.10/site-packages/airflow/example_dags/tutorial_objectstorage.py for tasks to queue
[2024-03-02T16:34:08.338+0530] {logging_mixin.py:188} INFO - [2024-03-02T16:34:08.338+0530] {dagbag.py:538} INFO - Filling up the DagBag from /home/lucky/.local/lib/python3.10/site-packages/airflow/example_dags/tutorial_objectstorage.py
[2024-03-02T16:34:08.347+0530] {processor.py:840} INFO - DAG(s) 'tutorial_objectstorage' retrieved from /home/lucky/.local/lib/python3.10/site-packages/airflow/example_dags/tutorial_objectstorage.py
[2024-03-02T16:34:08.365+0530] {logging_mixin.py:188} INFO - [2024-03-02T16:34:08.365+0530] {dag.py:3036} INFO - Sync 1 DAGs
[2024-03-02T16:34:08.380+0530] {logging_mixin.py:188} INFO - [2024-03-02T16:34:08.380+0530] {dag.py:3823} INFO - Setting next_dagrun for tutorial_objectstorage to None, run_after=None
[2024-03-02T16:34:08.420+0530] {processor.py:183} INFO - Processing /home/lucky/.local/lib/python3.10/site-packages/airflow/example_dags/tutorial_objectstorage.py took 0.090 seconds
[2024-03-02T16:34:56.655+0530] {processor.py:161} INFO - Started process (PID=136702) to work on /home/lucky/.local/lib/python3.10/site-packages/airflow/example_dags/tutorial_objectstorage.py
[2024-03-02T16:34:56.656+0530] {processor.py:830} INFO - Processing file /home/lucky/.local/lib/python3.10/site-packages/airflow/example_dags/tutorial_objectstorage.py for tasks to queue
[2024-03-02T16:34:56.657+0530] {logging_mixin.py:188} INFO - [2024-03-02T16:34:56.657+0530] {dagbag.py:538} INFO - Filling up the DagBag from /home/lucky/.local/lib/python3.10/site-packages/airflow/example_dags/tutorial_objectstorage.py
[2024-03-02T16:34:56.667+0530] {processor.py:840} INFO - DAG(s) 'tutorial_objectstorage' retrieved from /home/lucky/.local/lib/python3.10/site-packages/airflow/example_dags/tutorial_objectstorage.py
[2024-03-02T16:34:56.688+0530] {logging_mixin.py:188} INFO - [2024-03-02T16:34:56.688+0530] {dag.py:3036} INFO - Sync 1 DAGs
[2024-03-02T16:34:56.702+0530] {logging_mixin.py:188} INFO - [2024-03-02T16:34:56.702+0530] {dag.py:3823} INFO - Setting next_dagrun for tutorial_objectstorage to None, run_after=None
[2024-03-02T16:34:56.732+0530] {processor.py:183} INFO - Processing /home/lucky/.local/lib/python3.10/site-packages/airflow/example_dags/tutorial_objectstorage.py took 0.081 seconds
[2024-03-02T16:35:36.980+0530] {processor.py:161} INFO - Started process (PID=137251) to work on /home/lucky/.local/lib/python3.10/site-packages/airflow/example_dags/tutorial_objectstorage.py
[2024-03-02T16:35:36.982+0530] {processor.py:830} INFO - Processing file /home/lucky/.local/lib/python3.10/site-packages/airflow/example_dags/tutorial_objectstorage.py for tasks to queue
[2024-03-02T16:35:36.983+0530] {logging_mixin.py:188} INFO - [2024-03-02T16:35:36.982+0530] {dagbag.py:538} INFO - Filling up the DagBag from /home/lucky/.local/lib/python3.10/site-packages/airflow/example_dags/tutorial_objectstorage.py
[2024-03-02T16:35:36.989+0530] {processor.py:840} INFO - DAG(s) 'tutorial_objectstorage' retrieved from /home/lucky/.local/lib/python3.10/site-packages/airflow/example_dags/tutorial_objectstorage.py
[2024-03-02T16:35:37.006+0530] {logging_mixin.py:188} INFO - [2024-03-02T16:35:37.005+0530] {dag.py:3036} INFO - Sync 1 DAGs
[2024-03-02T16:35:37.028+0530] {logging_mixin.py:188} INFO - [2024-03-02T16:35:37.027+0530] {dag.py:3823} INFO - Setting next_dagrun for tutorial_objectstorage to None, run_after=None
[2024-03-02T16:35:37.059+0530] {processor.py:183} INFO - Processing /home/lucky/.local/lib/python3.10/site-packages/airflow/example_dags/tutorial_objectstorage.py took 0.083 seconds
[2024-03-02T16:36:17.587+0530] {processor.py:161} INFO - Started process (PID=137737) to work on /home/lucky/.local/lib/python3.10/site-packages/airflow/example_dags/tutorial_objectstorage.py
[2024-03-02T16:36:17.600+0530] {processor.py:830} INFO - Processing file /home/lucky/.local/lib/python3.10/site-packages/airflow/example_dags/tutorial_objectstorage.py for tasks to queue
[2024-03-02T16:36:17.601+0530] {logging_mixin.py:188} INFO - [2024-03-02T16:36:17.601+0530] {dagbag.py:538} INFO - Filling up the DagBag from /home/lucky/.local/lib/python3.10/site-packages/airflow/example_dags/tutorial_objectstorage.py
[2024-03-02T16:36:17.611+0530] {processor.py:840} INFO - DAG(s) 'tutorial_objectstorage' retrieved from /home/lucky/.local/lib/python3.10/site-packages/airflow/example_dags/tutorial_objectstorage.py
[2024-03-02T16:36:17.630+0530] {logging_mixin.py:188} INFO - [2024-03-02T16:36:17.629+0530] {dag.py:3036} INFO - Sync 1 DAGs
[2024-03-02T16:36:17.648+0530] {logging_mixin.py:188} INFO - [2024-03-02T16:36:17.648+0530] {dag.py:3823} INFO - Setting next_dagrun for tutorial_objectstorage to None, run_after=None
[2024-03-02T16:36:17.678+0530] {processor.py:183} INFO - Processing /home/lucky/.local/lib/python3.10/site-packages/airflow/example_dags/tutorial_objectstorage.py took 0.096 seconds
[2024-03-02T16:36:58.212+0530] {processor.py:161} INFO - Started process (PID=138387) to work on /home/lucky/.local/lib/python3.10/site-packages/airflow/example_dags/tutorial_objectstorage.py
[2024-03-02T16:36:58.213+0530] {processor.py:830} INFO - Processing file /home/lucky/.local/lib/python3.10/site-packages/airflow/example_dags/tutorial_objectstorage.py for tasks to queue
[2024-03-02T16:36:58.215+0530] {logging_mixin.py:188} INFO - [2024-03-02T16:36:58.214+0530] {dagbag.py:538} INFO - Filling up the DagBag from /home/lucky/.local/lib/python3.10/site-packages/airflow/example_dags/tutorial_objectstorage.py
[2024-03-02T16:36:58.222+0530] {processor.py:840} INFO - DAG(s) 'tutorial_objectstorage' retrieved from /home/lucky/.local/lib/python3.10/site-packages/airflow/example_dags/tutorial_objectstorage.py
[2024-03-02T16:36:58.237+0530] {logging_mixin.py:188} INFO - [2024-03-02T16:36:58.237+0530] {dag.py:3036} INFO - Sync 1 DAGs
[2024-03-02T16:36:58.250+0530] {logging_mixin.py:188} INFO - [2024-03-02T16:36:58.249+0530] {dag.py:3823} INFO - Setting next_dagrun for tutorial_objectstorage to None, run_after=None
[2024-03-02T16:36:58.281+0530] {processor.py:183} INFO - Processing /home/lucky/.local/lib/python3.10/site-packages/airflow/example_dags/tutorial_objectstorage.py took 0.072 seconds
