[2024-03-02T13:15:32.514+0530] {processor.py:161} INFO - Started process (PID=3810) to work on /home/lucky/.local/lib/python3.10/site-packages/airflow/example_dags/plugins/listener_plugin.py
[2024-03-02T13:15:32.516+0530] {processor.py:830} INFO - Processing file /home/lucky/.local/lib/python3.10/site-packages/airflow/example_dags/plugins/listener_plugin.py for tasks to queue
[2024-03-02T13:15:32.518+0530] {logging_mixin.py:188} INFO - [2024-03-02T13:15:32.518+0530] {dagbag.py:538} INFO - Filling up the DagBag from /home/lucky/.local/lib/python3.10/site-packages/airflow/example_dags/plugins/listener_plugin.py
[2024-03-02T13:15:32.524+0530] {processor.py:842} WARNING - No viable dags retrieved from /home/lucky/.local/lib/python3.10/site-packages/airflow/example_dags/plugins/listener_plugin.py
[2024-03-02T13:15:32.547+0530] {processor.py:183} INFO - Processing /home/lucky/.local/lib/python3.10/site-packages/airflow/example_dags/plugins/listener_plugin.py took 0.038 seconds
[2024-03-02T13:16:37.477+0530] {processor.py:161} INFO - Started process (PID=4489) to work on /home/lucky/.local/lib/python3.10/site-packages/airflow/example_dags/plugins/listener_plugin.py
[2024-03-02T13:16:37.490+0530] {processor.py:830} INFO - Processing file /home/lucky/.local/lib/python3.10/site-packages/airflow/example_dags/plugins/listener_plugin.py for tasks to queue
[2024-03-02T13:16:37.492+0530] {logging_mixin.py:188} INFO - [2024-03-02T13:16:37.492+0530] {dagbag.py:538} INFO - Filling up the DagBag from /home/lucky/.local/lib/python3.10/site-packages/airflow/example_dags/plugins/listener_plugin.py
[2024-03-02T13:16:37.497+0530] {processor.py:842} WARNING - No viable dags retrieved from /home/lucky/.local/lib/python3.10/site-packages/airflow/example_dags/plugins/listener_plugin.py
[2024-03-02T13:16:37.519+0530] {processor.py:183} INFO - Processing /home/lucky/.local/lib/python3.10/site-packages/airflow/example_dags/plugins/listener_plugin.py took 0.049 seconds
[2024-03-02T13:17:38.237+0530] {processor.py:161} INFO - Started process (PID=5360) to work on /home/lucky/.local/lib/python3.10/site-packages/airflow/example_dags/plugins/listener_plugin.py
[2024-03-02T13:17:38.249+0530] {processor.py:830} INFO - Processing file /home/lucky/.local/lib/python3.10/site-packages/airflow/example_dags/plugins/listener_plugin.py for tasks to queue
[2024-03-02T13:17:38.252+0530] {logging_mixin.py:188} INFO - [2024-03-02T13:17:38.251+0530] {dagbag.py:538} INFO - Filling up the DagBag from /home/lucky/.local/lib/python3.10/site-packages/airflow/example_dags/plugins/listener_plugin.py
[2024-03-02T13:17:38.257+0530] {processor.py:842} WARNING - No viable dags retrieved from /home/lucky/.local/lib/python3.10/site-packages/airflow/example_dags/plugins/listener_plugin.py
[2024-03-02T13:17:38.280+0530] {processor.py:183} INFO - Processing /home/lucky/.local/lib/python3.10/site-packages/airflow/example_dags/plugins/listener_plugin.py took 0.050 seconds
[2024-03-02T13:18:37.453+0530] {processor.py:161} INFO - Started process (PID=5869) to work on /home/lucky/.local/lib/python3.10/site-packages/airflow/example_dags/plugins/listener_plugin.py
[2024-03-02T13:18:37.468+0530] {processor.py:830} INFO - Processing file /home/lucky/.local/lib/python3.10/site-packages/airflow/example_dags/plugins/listener_plugin.py for tasks to queue
[2024-03-02T13:18:37.470+0530] {logging_mixin.py:188} INFO - [2024-03-02T13:18:37.469+0530] {dagbag.py:538} INFO - Filling up the DagBag from /home/lucky/.local/lib/python3.10/site-packages/airflow/example_dags/plugins/listener_plugin.py
[2024-03-02T13:18:37.477+0530] {processor.py:842} WARNING - No viable dags retrieved from /home/lucky/.local/lib/python3.10/site-packages/airflow/example_dags/plugins/listener_plugin.py
[2024-03-02T13:18:37.506+0530] {processor.py:183} INFO - Processing /home/lucky/.local/lib/python3.10/site-packages/airflow/example_dags/plugins/listener_plugin.py took 0.062 seconds
[2024-03-02T13:19:35.445+0530] {processor.py:161} INFO - Started process (PID=6699) to work on /home/lucky/.local/lib/python3.10/site-packages/airflow/example_dags/plugins/listener_plugin.py
[2024-03-02T13:19:35.463+0530] {processor.py:830} INFO - Processing file /home/lucky/.local/lib/python3.10/site-packages/airflow/example_dags/plugins/listener_plugin.py for tasks to queue
[2024-03-02T13:19:35.466+0530] {logging_mixin.py:188} INFO - [2024-03-02T13:19:35.465+0530] {dagbag.py:538} INFO - Filling up the DagBag from /home/lucky/.local/lib/python3.10/site-packages/airflow/example_dags/plugins/listener_plugin.py
[2024-03-02T13:19:35.471+0530] {processor.py:842} WARNING - No viable dags retrieved from /home/lucky/.local/lib/python3.10/site-packages/airflow/example_dags/plugins/listener_plugin.py
[2024-03-02T13:19:35.489+0530] {processor.py:183} INFO - Processing /home/lucky/.local/lib/python3.10/site-packages/airflow/example_dags/plugins/listener_plugin.py took 0.072 seconds
[2024-03-02T13:20:32.573+0530] {processor.py:161} INFO - Started process (PID=7187) to work on /home/lucky/.local/lib/python3.10/site-packages/airflow/example_dags/plugins/listener_plugin.py
[2024-03-02T13:20:32.586+0530] {processor.py:830} INFO - Processing file /home/lucky/.local/lib/python3.10/site-packages/airflow/example_dags/plugins/listener_plugin.py for tasks to queue
[2024-03-02T13:20:32.589+0530] {logging_mixin.py:188} INFO - [2024-03-02T13:20:32.587+0530] {dagbag.py:538} INFO - Filling up the DagBag from /home/lucky/.local/lib/python3.10/site-packages/airflow/example_dags/plugins/listener_plugin.py
[2024-03-02T13:20:32.596+0530] {processor.py:842} WARNING - No viable dags retrieved from /home/lucky/.local/lib/python3.10/site-packages/airflow/example_dags/plugins/listener_plugin.py
[2024-03-02T13:20:32.630+0530] {processor.py:183} INFO - Processing /home/lucky/.local/lib/python3.10/site-packages/airflow/example_dags/plugins/listener_plugin.py took 0.063 seconds
[2024-03-02T13:21:28.700+0530] {processor.py:161} INFO - Started process (PID=8005) to work on /home/lucky/.local/lib/python3.10/site-packages/airflow/example_dags/plugins/listener_plugin.py
[2024-03-02T13:21:28.705+0530] {processor.py:830} INFO - Processing file /home/lucky/.local/lib/python3.10/site-packages/airflow/example_dags/plugins/listener_plugin.py for tasks to queue
[2024-03-02T13:21:28.712+0530] {logging_mixin.py:188} INFO - [2024-03-02T13:21:28.709+0530] {dagbag.py:538} INFO - Filling up the DagBag from /home/lucky/.local/lib/python3.10/site-packages/airflow/example_dags/plugins/listener_plugin.py
[2024-03-02T13:21:28.725+0530] {processor.py:842} WARNING - No viable dags retrieved from /home/lucky/.local/lib/python3.10/site-packages/airflow/example_dags/plugins/listener_plugin.py
[2024-03-02T13:21:28.783+0530] {processor.py:183} INFO - Processing /home/lucky/.local/lib/python3.10/site-packages/airflow/example_dags/plugins/listener_plugin.py took 0.100 seconds
[2024-03-02T13:22:29.817+0530] {processor.py:161} INFO - Started process (PID=8641) to work on /home/lucky/.local/lib/python3.10/site-packages/airflow/example_dags/plugins/listener_plugin.py
[2024-03-02T13:22:29.830+0530] {processor.py:830} INFO - Processing file /home/lucky/.local/lib/python3.10/site-packages/airflow/example_dags/plugins/listener_plugin.py for tasks to queue
[2024-03-02T13:22:29.833+0530] {logging_mixin.py:188} INFO - [2024-03-02T13:22:29.832+0530] {dagbag.py:538} INFO - Filling up the DagBag from /home/lucky/.local/lib/python3.10/site-packages/airflow/example_dags/plugins/listener_plugin.py
[2024-03-02T13:22:29.839+0530] {processor.py:842} WARNING - No viable dags retrieved from /home/lucky/.local/lib/python3.10/site-packages/airflow/example_dags/plugins/listener_plugin.py
[2024-03-02T13:22:29.865+0530] {processor.py:183} INFO - Processing /home/lucky/.local/lib/python3.10/site-packages/airflow/example_dags/plugins/listener_plugin.py took 0.058 seconds
[2024-03-02T13:23:38.606+0530] {processor.py:161} INFO - Started process (PID=9633) to work on /home/lucky/.local/lib/python3.10/site-packages/airflow/example_dags/plugins/listener_plugin.py
[2024-03-02T13:23:38.620+0530] {processor.py:830} INFO - Processing file /home/lucky/.local/lib/python3.10/site-packages/airflow/example_dags/plugins/listener_plugin.py for tasks to queue
[2024-03-02T13:23:38.624+0530] {logging_mixin.py:188} INFO - [2024-03-02T13:23:38.622+0530] {dagbag.py:538} INFO - Filling up the DagBag from /home/lucky/.local/lib/python3.10/site-packages/airflow/example_dags/plugins/listener_plugin.py
[2024-03-02T13:23:38.633+0530] {processor.py:842} WARNING - No viable dags retrieved from /home/lucky/.local/lib/python3.10/site-packages/airflow/example_dags/plugins/listener_plugin.py
[2024-03-02T13:23:38.662+0530] {processor.py:183} INFO - Processing /home/lucky/.local/lib/python3.10/site-packages/airflow/example_dags/plugins/listener_plugin.py took 0.065 seconds
[2024-03-02T13:24:40.483+0530] {processor.py:161} INFO - Started process (PID=10166) to work on /home/lucky/.local/lib/python3.10/site-packages/airflow/example_dags/plugins/listener_plugin.py
[2024-03-02T13:24:40.497+0530] {processor.py:830} INFO - Processing file /home/lucky/.local/lib/python3.10/site-packages/airflow/example_dags/plugins/listener_plugin.py for tasks to queue
[2024-03-02T13:24:40.499+0530] {logging_mixin.py:188} INFO - [2024-03-02T13:24:40.498+0530] {dagbag.py:538} INFO - Filling up the DagBag from /home/lucky/.local/lib/python3.10/site-packages/airflow/example_dags/plugins/listener_plugin.py
[2024-03-02T13:24:40.506+0530] {processor.py:842} WARNING - No viable dags retrieved from /home/lucky/.local/lib/python3.10/site-packages/airflow/example_dags/plugins/listener_plugin.py
[2024-03-02T13:24:40.532+0530] {processor.py:183} INFO - Processing /home/lucky/.local/lib/python3.10/site-packages/airflow/example_dags/plugins/listener_plugin.py took 0.057 seconds
[2024-03-02T13:25:43.351+0530] {processor.py:161} INFO - Started process (PID=11092) to work on /home/lucky/.local/lib/python3.10/site-packages/airflow/example_dags/plugins/listener_plugin.py
[2024-03-02T13:25:43.355+0530] {processor.py:830} INFO - Processing file /home/lucky/.local/lib/python3.10/site-packages/airflow/example_dags/plugins/listener_plugin.py for tasks to queue
[2024-03-02T13:25:43.356+0530] {logging_mixin.py:188} INFO - [2024-03-02T13:25:43.356+0530] {dagbag.py:538} INFO - Filling up the DagBag from /home/lucky/.local/lib/python3.10/site-packages/airflow/example_dags/plugins/listener_plugin.py
[2024-03-02T13:25:43.362+0530] {processor.py:842} WARNING - No viable dags retrieved from /home/lucky/.local/lib/python3.10/site-packages/airflow/example_dags/plugins/listener_plugin.py
[2024-03-02T13:25:43.391+0530] {processor.py:183} INFO - Processing /home/lucky/.local/lib/python3.10/site-packages/airflow/example_dags/plugins/listener_plugin.py took 0.057 seconds
[2024-03-02T13:26:45.497+0530] {processor.py:161} INFO - Started process (PID=11632) to work on /home/lucky/.local/lib/python3.10/site-packages/airflow/example_dags/plugins/listener_plugin.py
[2024-03-02T13:26:45.499+0530] {processor.py:830} INFO - Processing file /home/lucky/.local/lib/python3.10/site-packages/airflow/example_dags/plugins/listener_plugin.py for tasks to queue
[2024-03-02T13:26:45.503+0530] {logging_mixin.py:188} INFO - [2024-03-02T13:26:45.501+0530] {dagbag.py:538} INFO - Filling up the DagBag from /home/lucky/.local/lib/python3.10/site-packages/airflow/example_dags/plugins/listener_plugin.py
[2024-03-02T13:26:45.510+0530] {processor.py:842} WARNING - No viable dags retrieved from /home/lucky/.local/lib/python3.10/site-packages/airflow/example_dags/plugins/listener_plugin.py
[2024-03-02T13:26:45.540+0530] {processor.py:183} INFO - Processing /home/lucky/.local/lib/python3.10/site-packages/airflow/example_dags/plugins/listener_plugin.py took 0.051 seconds
[2024-03-02T13:27:44.398+0530] {processor.py:161} INFO - Started process (PID=12495) to work on /home/lucky/.local/lib/python3.10/site-packages/airflow/example_dags/plugins/listener_plugin.py
[2024-03-02T13:27:44.411+0530] {processor.py:830} INFO - Processing file /home/lucky/.local/lib/python3.10/site-packages/airflow/example_dags/plugins/listener_plugin.py for tasks to queue
[2024-03-02T13:27:44.414+0530] {logging_mixin.py:188} INFO - [2024-03-02T13:27:44.413+0530] {dagbag.py:538} INFO - Filling up the DagBag from /home/lucky/.local/lib/python3.10/site-packages/airflow/example_dags/plugins/listener_plugin.py
[2024-03-02T13:27:44.421+0530] {processor.py:842} WARNING - No viable dags retrieved from /home/lucky/.local/lib/python3.10/site-packages/airflow/example_dags/plugins/listener_plugin.py
[2024-03-02T13:27:44.449+0530] {processor.py:183} INFO - Processing /home/lucky/.local/lib/python3.10/site-packages/airflow/example_dags/plugins/listener_plugin.py took 0.060 seconds
[2024-03-02T13:29:10.930+0530] {processor.py:161} INFO - Started process (PID=13405) to work on /home/lucky/.local/lib/python3.10/site-packages/airflow/example_dags/plugins/listener_plugin.py
[2024-03-02T13:29:10.935+0530] {processor.py:830} INFO - Processing file /home/lucky/.local/lib/python3.10/site-packages/airflow/example_dags/plugins/listener_plugin.py for tasks to queue
[2024-03-02T13:29:10.946+0530] {logging_mixin.py:188} INFO - [2024-03-02T13:29:10.943+0530] {dagbag.py:538} INFO - Filling up the DagBag from /home/lucky/.local/lib/python3.10/site-packages/airflow/example_dags/plugins/listener_plugin.py
[2024-03-02T13:29:10.964+0530] {processor.py:842} WARNING - No viable dags retrieved from /home/lucky/.local/lib/python3.10/site-packages/airflow/example_dags/plugins/listener_plugin.py
[2024-03-02T13:29:11.014+0530] {processor.py:183} INFO - Processing /home/lucky/.local/lib/python3.10/site-packages/airflow/example_dags/plugins/listener_plugin.py took 0.101 seconds
[2024-03-02T13:32:11.242+0530] {processor.py:161} INFO - Started process (PID=15411) to work on /home/lucky/.local/lib/python3.10/site-packages/airflow/example_dags/plugins/listener_plugin.py
[2024-03-02T13:32:11.245+0530] {processor.py:830} INFO - Processing file /home/lucky/.local/lib/python3.10/site-packages/airflow/example_dags/plugins/listener_plugin.py for tasks to queue
[2024-03-02T13:32:11.247+0530] {logging_mixin.py:188} INFO - [2024-03-02T13:32:11.247+0530] {dagbag.py:538} INFO - Filling up the DagBag from /home/lucky/.local/lib/python3.10/site-packages/airflow/example_dags/plugins/listener_plugin.py
[2024-03-02T13:32:11.252+0530] {processor.py:842} WARNING - No viable dags retrieved from /home/lucky/.local/lib/python3.10/site-packages/airflow/example_dags/plugins/listener_plugin.py
[2024-03-02T13:32:11.272+0530] {processor.py:183} INFO - Processing /home/lucky/.local/lib/python3.10/site-packages/airflow/example_dags/plugins/listener_plugin.py took 0.034 seconds
[2024-03-02T13:34:43.424+0530] {processor.py:161} INFO - Started process (PID=17032) to work on /home/lucky/.local/lib/python3.10/site-packages/airflow/example_dags/plugins/listener_plugin.py
[2024-03-02T13:34:43.427+0530] {processor.py:830} INFO - Processing file /home/lucky/.local/lib/python3.10/site-packages/airflow/example_dags/plugins/listener_plugin.py for tasks to queue
[2024-03-02T13:34:43.429+0530] {logging_mixin.py:188} INFO - [2024-03-02T13:34:43.428+0530] {dagbag.py:538} INFO - Filling up the DagBag from /home/lucky/.local/lib/python3.10/site-packages/airflow/example_dags/plugins/listener_plugin.py
[2024-03-02T13:34:43.435+0530] {processor.py:842} WARNING - No viable dags retrieved from /home/lucky/.local/lib/python3.10/site-packages/airflow/example_dags/plugins/listener_plugin.py
[2024-03-02T13:34:43.458+0530] {processor.py:183} INFO - Processing /home/lucky/.local/lib/python3.10/site-packages/airflow/example_dags/plugins/listener_plugin.py took 0.040 seconds
[2024-03-02T13:35:42.545+0530] {processor.py:161} INFO - Started process (PID=17943) to work on /home/lucky/.local/lib/python3.10/site-packages/airflow/example_dags/plugins/listener_plugin.py
[2024-03-02T13:35:42.548+0530] {processor.py:830} INFO - Processing file /home/lucky/.local/lib/python3.10/site-packages/airflow/example_dags/plugins/listener_plugin.py for tasks to queue
[2024-03-02T13:35:42.550+0530] {logging_mixin.py:188} INFO - [2024-03-02T13:35:42.549+0530] {dagbag.py:538} INFO - Filling up the DagBag from /home/lucky/.local/lib/python3.10/site-packages/airflow/example_dags/plugins/listener_plugin.py
[2024-03-02T13:35:42.555+0530] {processor.py:842} WARNING - No viable dags retrieved from /home/lucky/.local/lib/python3.10/site-packages/airflow/example_dags/plugins/listener_plugin.py
[2024-03-02T13:35:42.577+0530] {processor.py:183} INFO - Processing /home/lucky/.local/lib/python3.10/site-packages/airflow/example_dags/plugins/listener_plugin.py took 0.037 seconds
[2024-03-02T13:37:40.569+0530] {processor.py:161} INFO - Started process (PID=19301) to work on /home/lucky/.local/lib/python3.10/site-packages/airflow/example_dags/plugins/listener_plugin.py
[2024-03-02T13:37:40.582+0530] {processor.py:830} INFO - Processing file /home/lucky/.local/lib/python3.10/site-packages/airflow/example_dags/plugins/listener_plugin.py for tasks to queue
[2024-03-02T13:37:40.583+0530] {logging_mixin.py:188} INFO - [2024-03-02T13:37:40.583+0530] {dagbag.py:538} INFO - Filling up the DagBag from /home/lucky/.local/lib/python3.10/site-packages/airflow/example_dags/plugins/listener_plugin.py
[2024-03-02T13:37:40.587+0530] {processor.py:842} WARNING - No viable dags retrieved from /home/lucky/.local/lib/python3.10/site-packages/airflow/example_dags/plugins/listener_plugin.py
[2024-03-02T13:37:40.606+0530] {processor.py:183} INFO - Processing /home/lucky/.local/lib/python3.10/site-packages/airflow/example_dags/plugins/listener_plugin.py took 0.041 seconds
[2024-03-02T16:15:22.413+0530] {processor.py:161} INFO - Started process (PID=121095) to work on /home/lucky/.local/lib/python3.10/site-packages/airflow/example_dags/plugins/listener_plugin.py
[2024-03-02T16:15:22.415+0530] {processor.py:830} INFO - Processing file /home/lucky/.local/lib/python3.10/site-packages/airflow/example_dags/plugins/listener_plugin.py for tasks to queue
[2024-03-02T16:15:22.416+0530] {logging_mixin.py:188} INFO - [2024-03-02T16:15:22.416+0530] {dagbag.py:538} INFO - Filling up the DagBag from /home/lucky/.local/lib/python3.10/site-packages/airflow/example_dags/plugins/listener_plugin.py
[2024-03-02T16:15:22.419+0530] {processor.py:842} WARNING - No viable dags retrieved from /home/lucky/.local/lib/python3.10/site-packages/airflow/example_dags/plugins/listener_plugin.py
[2024-03-02T16:15:22.433+0530] {processor.py:183} INFO - Processing /home/lucky/.local/lib/python3.10/site-packages/airflow/example_dags/plugins/listener_plugin.py took 0.024 seconds
[2024-03-02T16:16:20.598+0530] {processor.py:161} INFO - Started process (PID=121942) to work on /home/lucky/.local/lib/python3.10/site-packages/airflow/example_dags/plugins/listener_plugin.py
[2024-03-02T16:16:20.600+0530] {processor.py:830} INFO - Processing file /home/lucky/.local/lib/python3.10/site-packages/airflow/example_dags/plugins/listener_plugin.py for tasks to queue
[2024-03-02T16:16:20.601+0530] {logging_mixin.py:188} INFO - [2024-03-02T16:16:20.601+0530] {dagbag.py:538} INFO - Filling up the DagBag from /home/lucky/.local/lib/python3.10/site-packages/airflow/example_dags/plugins/listener_plugin.py
[2024-03-02T16:16:20.605+0530] {processor.py:842} WARNING - No viable dags retrieved from /home/lucky/.local/lib/python3.10/site-packages/airflow/example_dags/plugins/listener_plugin.py
[2024-03-02T16:16:20.633+0530] {processor.py:183} INFO - Processing /home/lucky/.local/lib/python3.10/site-packages/airflow/example_dags/plugins/listener_plugin.py took 0.042 seconds
[2024-03-02T16:20:39.777+0530] {processor.py:161} INFO - Started process (PID=125429) to work on /home/lucky/.local/lib/python3.10/site-packages/airflow/example_dags/plugins/listener_plugin.py
[2024-03-02T16:20:39.779+0530] {processor.py:830} INFO - Processing file /home/lucky/.local/lib/python3.10/site-packages/airflow/example_dags/plugins/listener_plugin.py for tasks to queue
[2024-03-02T16:20:39.780+0530] {logging_mixin.py:188} INFO - [2024-03-02T16:20:39.779+0530] {dagbag.py:538} INFO - Filling up the DagBag from /home/lucky/.local/lib/python3.10/site-packages/airflow/example_dags/plugins/listener_plugin.py
[2024-03-02T16:20:39.782+0530] {processor.py:842} WARNING - No viable dags retrieved from /home/lucky/.local/lib/python3.10/site-packages/airflow/example_dags/plugins/listener_plugin.py
[2024-03-02T16:20:39.794+0530] {processor.py:183} INFO - Processing /home/lucky/.local/lib/python3.10/site-packages/airflow/example_dags/plugins/listener_plugin.py took 0.020 seconds
[2024-03-02T16:21:34.914+0530] {processor.py:161} INFO - Started process (PID=126057) to work on /home/lucky/.local/lib/python3.10/site-packages/airflow/example_dags/plugins/listener_plugin.py
[2024-03-02T16:21:34.916+0530] {processor.py:830} INFO - Processing file /home/lucky/.local/lib/python3.10/site-packages/airflow/example_dags/plugins/listener_plugin.py for tasks to queue
[2024-03-02T16:21:34.918+0530] {logging_mixin.py:188} INFO - [2024-03-02T16:21:34.917+0530] {dagbag.py:538} INFO - Filling up the DagBag from /home/lucky/.local/lib/python3.10/site-packages/airflow/example_dags/plugins/listener_plugin.py
[2024-03-02T16:21:34.924+0530] {processor.py:842} WARNING - No viable dags retrieved from /home/lucky/.local/lib/python3.10/site-packages/airflow/example_dags/plugins/listener_plugin.py
[2024-03-02T16:21:34.940+0530] {processor.py:183} INFO - Processing /home/lucky/.local/lib/python3.10/site-packages/airflow/example_dags/plugins/listener_plugin.py took 0.032 seconds
[2024-03-02T16:22:24.561+0530] {processor.py:161} INFO - Started process (PID=126828) to work on /home/lucky/.local/lib/python3.10/site-packages/airflow/example_dags/plugins/listener_plugin.py
[2024-03-02T16:22:24.563+0530] {processor.py:830} INFO - Processing file /home/lucky/.local/lib/python3.10/site-packages/airflow/example_dags/plugins/listener_plugin.py for tasks to queue
[2024-03-02T16:22:24.564+0530] {logging_mixin.py:188} INFO - [2024-03-02T16:22:24.563+0530] {dagbag.py:538} INFO - Filling up the DagBag from /home/lucky/.local/lib/python3.10/site-packages/airflow/example_dags/plugins/listener_plugin.py
[2024-03-02T16:22:24.567+0530] {processor.py:842} WARNING - No viable dags retrieved from /home/lucky/.local/lib/python3.10/site-packages/airflow/example_dags/plugins/listener_plugin.py
[2024-03-02T16:22:24.579+0530] {processor.py:183} INFO - Processing /home/lucky/.local/lib/python3.10/site-packages/airflow/example_dags/plugins/listener_plugin.py took 0.021 seconds
[2024-03-02T16:23:20.089+0530] {processor.py:161} INFO - Started process (PID=127502) to work on /home/lucky/.local/lib/python3.10/site-packages/airflow/example_dags/plugins/listener_plugin.py
[2024-03-02T16:23:20.091+0530] {processor.py:830} INFO - Processing file /home/lucky/.local/lib/python3.10/site-packages/airflow/example_dags/plugins/listener_plugin.py for tasks to queue
[2024-03-02T16:23:20.092+0530] {logging_mixin.py:188} INFO - [2024-03-02T16:23:20.091+0530] {dagbag.py:538} INFO - Filling up the DagBag from /home/lucky/.local/lib/python3.10/site-packages/airflow/example_dags/plugins/listener_plugin.py
[2024-03-02T16:23:20.094+0530] {processor.py:842} WARNING - No viable dags retrieved from /home/lucky/.local/lib/python3.10/site-packages/airflow/example_dags/plugins/listener_plugin.py
[2024-03-02T16:23:20.108+0530] {processor.py:183} INFO - Processing /home/lucky/.local/lib/python3.10/site-packages/airflow/example_dags/plugins/listener_plugin.py took 0.023 seconds
[2024-03-02T16:32:44.494+0530] {processor.py:161} INFO - Started process (PID=134825) to work on /home/lucky/.local/lib/python3.10/site-packages/airflow/example_dags/plugins/listener_plugin.py
[2024-03-02T16:32:44.496+0530] {processor.py:830} INFO - Processing file /home/lucky/.local/lib/python3.10/site-packages/airflow/example_dags/plugins/listener_plugin.py for tasks to queue
[2024-03-02T16:32:44.497+0530] {logging_mixin.py:188} INFO - [2024-03-02T16:32:44.497+0530] {dagbag.py:538} INFO - Filling up the DagBag from /home/lucky/.local/lib/python3.10/site-packages/airflow/example_dags/plugins/listener_plugin.py
[2024-03-02T16:32:44.501+0530] {processor.py:842} WARNING - No viable dags retrieved from /home/lucky/.local/lib/python3.10/site-packages/airflow/example_dags/plugins/listener_plugin.py
[2024-03-02T16:32:44.517+0530] {processor.py:183} INFO - Processing /home/lucky/.local/lib/python3.10/site-packages/airflow/example_dags/plugins/listener_plugin.py took 0.026 seconds
[2024-03-02T16:33:34.553+0530] {processor.py:161} INFO - Started process (PID=135666) to work on /home/lucky/.local/lib/python3.10/site-packages/airflow/example_dags/plugins/listener_plugin.py
[2024-03-02T16:33:34.554+0530] {processor.py:830} INFO - Processing file /home/lucky/.local/lib/python3.10/site-packages/airflow/example_dags/plugins/listener_plugin.py for tasks to queue
[2024-03-02T16:33:34.556+0530] {logging_mixin.py:188} INFO - [2024-03-02T16:33:34.555+0530] {dagbag.py:538} INFO - Filling up the DagBag from /home/lucky/.local/lib/python3.10/site-packages/airflow/example_dags/plugins/listener_plugin.py
[2024-03-02T16:33:34.559+0530] {processor.py:842} WARNING - No viable dags retrieved from /home/lucky/.local/lib/python3.10/site-packages/airflow/example_dags/plugins/listener_plugin.py
[2024-03-02T16:33:34.572+0530] {processor.py:183} INFO - Processing /home/lucky/.local/lib/python3.10/site-packages/airflow/example_dags/plugins/listener_plugin.py took 0.024 seconds
[2024-03-02T16:34:23.950+0530] {processor.py:161} INFO - Started process (PID=136308) to work on /home/lucky/.local/lib/python3.10/site-packages/airflow/example_dags/plugins/listener_plugin.py
[2024-03-02T16:34:23.952+0530] {processor.py:830} INFO - Processing file /home/lucky/.local/lib/python3.10/site-packages/airflow/example_dags/plugins/listener_plugin.py for tasks to queue
[2024-03-02T16:34:23.953+0530] {logging_mixin.py:188} INFO - [2024-03-02T16:34:23.952+0530] {dagbag.py:538} INFO - Filling up the DagBag from /home/lucky/.local/lib/python3.10/site-packages/airflow/example_dags/plugins/listener_plugin.py
[2024-03-02T16:34:23.956+0530] {processor.py:842} WARNING - No viable dags retrieved from /home/lucky/.local/lib/python3.10/site-packages/airflow/example_dags/plugins/listener_plugin.py
[2024-03-02T16:34:23.966+0530] {processor.py:183} INFO - Processing /home/lucky/.local/lib/python3.10/site-packages/airflow/example_dags/plugins/listener_plugin.py took 0.019 seconds
[2024-03-02T16:35:05.981+0530] {processor.py:161} INFO - Started process (PID=136969) to work on /home/lucky/.local/lib/python3.10/site-packages/airflow/example_dags/plugins/listener_plugin.py
[2024-03-02T16:35:05.984+0530] {processor.py:830} INFO - Processing file /home/lucky/.local/lib/python3.10/site-packages/airflow/example_dags/plugins/listener_plugin.py for tasks to queue
[2024-03-02T16:35:05.987+0530] {logging_mixin.py:188} INFO - [2024-03-02T16:35:05.986+0530] {dagbag.py:538} INFO - Filling up the DagBag from /home/lucky/.local/lib/python3.10/site-packages/airflow/example_dags/plugins/listener_plugin.py
[2024-03-02T16:35:05.990+0530] {processor.py:842} WARNING - No viable dags retrieved from /home/lucky/.local/lib/python3.10/site-packages/airflow/example_dags/plugins/listener_plugin.py
[2024-03-02T16:35:06.007+0530] {processor.py:183} INFO - Processing /home/lucky/.local/lib/python3.10/site-packages/airflow/example_dags/plugins/listener_plugin.py took 0.031 seconds
[2024-03-02T16:36:04.804+0530] {processor.py:161} INFO - Started process (PID=137639) to work on /home/lucky/.local/lib/python3.10/site-packages/airflow/example_dags/plugins/listener_plugin.py
[2024-03-02T16:36:04.805+0530] {processor.py:830} INFO - Processing file /home/lucky/.local/lib/python3.10/site-packages/airflow/example_dags/plugins/listener_plugin.py for tasks to queue
[2024-03-02T16:36:04.806+0530] {logging_mixin.py:188} INFO - [2024-03-02T16:36:04.806+0530] {dagbag.py:538} INFO - Filling up the DagBag from /home/lucky/.local/lib/python3.10/site-packages/airflow/example_dags/plugins/listener_plugin.py
[2024-03-02T16:36:04.809+0530] {processor.py:842} WARNING - No viable dags retrieved from /home/lucky/.local/lib/python3.10/site-packages/airflow/example_dags/plugins/listener_plugin.py
[2024-03-02T16:36:04.825+0530] {processor.py:183} INFO - Processing /home/lucky/.local/lib/python3.10/site-packages/airflow/example_dags/plugins/listener_plugin.py took 0.025 seconds
[2024-03-02T16:36:45.674+0530] {processor.py:161} INFO - Started process (PID=138241) to work on /home/lucky/.local/lib/python3.10/site-packages/airflow/example_dags/plugins/listener_plugin.py
[2024-03-02T16:36:45.676+0530] {processor.py:830} INFO - Processing file /home/lucky/.local/lib/python3.10/site-packages/airflow/example_dags/plugins/listener_plugin.py for tasks to queue
[2024-03-02T16:36:45.678+0530] {logging_mixin.py:188} INFO - [2024-03-02T16:36:45.677+0530] {dagbag.py:538} INFO - Filling up the DagBag from /home/lucky/.local/lib/python3.10/site-packages/airflow/example_dags/plugins/listener_plugin.py
[2024-03-02T16:36:45.681+0530] {processor.py:842} WARNING - No viable dags retrieved from /home/lucky/.local/lib/python3.10/site-packages/airflow/example_dags/plugins/listener_plugin.py
[2024-03-02T16:36:45.697+0530] {processor.py:183} INFO - Processing /home/lucky/.local/lib/python3.10/site-packages/airflow/example_dags/plugins/listener_plugin.py took 0.026 seconds
[2024-03-02T16:37:29.716+0530] {processor.py:161} INFO - Started process (PID=138793) to work on /home/lucky/.local/lib/python3.10/site-packages/airflow/example_dags/plugins/listener_plugin.py
[2024-03-02T16:37:29.718+0530] {processor.py:830} INFO - Processing file /home/lucky/.local/lib/python3.10/site-packages/airflow/example_dags/plugins/listener_plugin.py for tasks to queue
[2024-03-02T16:37:29.720+0530] {logging_mixin.py:188} INFO - [2024-03-02T16:37:29.719+0530] {dagbag.py:538} INFO - Filling up the DagBag from /home/lucky/.local/lib/python3.10/site-packages/airflow/example_dags/plugins/listener_plugin.py
[2024-03-02T16:37:29.723+0530] {processor.py:842} WARNING - No viable dags retrieved from /home/lucky/.local/lib/python3.10/site-packages/airflow/example_dags/plugins/listener_plugin.py
[2024-03-02T16:37:29.738+0530] {processor.py:183} INFO - Processing /home/lucky/.local/lib/python3.10/site-packages/airflow/example_dags/plugins/listener_plugin.py took 0.025 seconds
