[2024-04-01T21:42:05.333+0530] {processor.py:161} INFO - Started process (PID=17670) to work on /home/lucky/.local/lib/python3.10/site-packages/airflow/example_dags/plugins/workday.py
[2024-04-01T21:42:05.334+0530] {processor.py:830} INFO - Processing file /home/lucky/.local/lib/python3.10/site-packages/airflow/example_dags/plugins/workday.py for tasks to queue
[2024-04-01T21:42:05.336+0530] {logging_mixin.py:188} INFO - [2024-04-01T21:42:05.336+0530] {dagbag.py:538} INFO - Filling up the DagBag from /home/lucky/.local/lib/python3.10/site-packages/airflow/example_dags/plugins/workday.py
[2024-04-01T21:42:06.639+0530] {processor.py:842} WARNING - No viable dags retrieved from /home/lucky/.local/lib/python3.10/site-packages/airflow/example_dags/plugins/workday.py
[2024-04-01T21:42:06.653+0530] {processor.py:183} INFO - Processing /home/lucky/.local/lib/python3.10/site-packages/airflow/example_dags/plugins/workday.py took 1.334 seconds
[2024-04-01T21:43:17.105+0530] {processor.py:161} INFO - Started process (PID=18579) to work on /home/lucky/.local/lib/python3.10/site-packages/airflow/example_dags/plugins/workday.py
[2024-04-01T21:43:17.107+0530] {processor.py:830} INFO - Processing file /home/lucky/.local/lib/python3.10/site-packages/airflow/example_dags/plugins/workday.py for tasks to queue
[2024-04-01T21:43:17.109+0530] {logging_mixin.py:188} INFO - [2024-04-01T21:43:17.109+0530] {dagbag.py:538} INFO - Filling up the DagBag from /home/lucky/.local/lib/python3.10/site-packages/airflow/example_dags/plugins/workday.py
[2024-04-01T21:43:18.964+0530] {processor.py:842} WARNING - No viable dags retrieved from /home/lucky/.local/lib/python3.10/site-packages/airflow/example_dags/plugins/workday.py
[2024-04-01T21:43:19.015+0530] {processor.py:183} INFO - Processing /home/lucky/.local/lib/python3.10/site-packages/airflow/example_dags/plugins/workday.py took 1.916 seconds
[2024-04-01T21:44:36.431+0530] {processor.py:161} INFO - Started process (PID=19858) to work on /home/lucky/.local/lib/python3.10/site-packages/airflow/example_dags/plugins/workday.py
[2024-04-01T21:44:36.434+0530] {processor.py:830} INFO - Processing file /home/lucky/.local/lib/python3.10/site-packages/airflow/example_dags/plugins/workday.py for tasks to queue
[2024-04-01T21:44:36.436+0530] {logging_mixin.py:188} INFO - [2024-04-01T21:44:36.435+0530] {dagbag.py:538} INFO - Filling up the DagBag from /home/lucky/.local/lib/python3.10/site-packages/airflow/example_dags/plugins/workday.py
[2024-04-01T21:44:37.231+0530] {processor.py:842} WARNING - No viable dags retrieved from /home/lucky/.local/lib/python3.10/site-packages/airflow/example_dags/plugins/workday.py
[2024-04-01T21:44:37.243+0530] {processor.py:183} INFO - Processing /home/lucky/.local/lib/python3.10/site-packages/airflow/example_dags/plugins/workday.py took 0.819 seconds
[2024-04-01T21:45:36.299+0530] {processor.py:161} INFO - Started process (PID=20791) to work on /home/lucky/.local/lib/python3.10/site-packages/airflow/example_dags/plugins/workday.py
[2024-04-01T21:45:36.300+0530] {processor.py:830} INFO - Processing file /home/lucky/.local/lib/python3.10/site-packages/airflow/example_dags/plugins/workday.py for tasks to queue
[2024-04-01T21:45:36.302+0530] {logging_mixin.py:188} INFO - [2024-04-01T21:45:36.301+0530] {dagbag.py:538} INFO - Filling up the DagBag from /home/lucky/.local/lib/python3.10/site-packages/airflow/example_dags/plugins/workday.py
[2024-04-01T21:45:37.613+0530] {processor.py:842} WARNING - No viable dags retrieved from /home/lucky/.local/lib/python3.10/site-packages/airflow/example_dags/plugins/workday.py
[2024-04-01T21:45:37.628+0530] {processor.py:183} INFO - Processing /home/lucky/.local/lib/python3.10/site-packages/airflow/example_dags/plugins/workday.py took 1.333 seconds
[2024-04-01T21:59:30.335+0530] {processor.py:161} INFO - Started process (PID=32897) to work on /home/lucky/.local/lib/python3.10/site-packages/airflow/example_dags/plugins/workday.py
[2024-04-01T21:59:30.337+0530] {processor.py:830} INFO - Processing file /home/lucky/.local/lib/python3.10/site-packages/airflow/example_dags/plugins/workday.py for tasks to queue
[2024-04-01T21:59:30.338+0530] {logging_mixin.py:188} INFO - [2024-04-01T21:59:30.337+0530] {dagbag.py:538} INFO - Filling up the DagBag from /home/lucky/.local/lib/python3.10/site-packages/airflow/example_dags/plugins/workday.py
[2024-04-01T21:59:30.966+0530] {processor.py:842} WARNING - No viable dags retrieved from /home/lucky/.local/lib/python3.10/site-packages/airflow/example_dags/plugins/workday.py
[2024-04-01T21:59:30.988+0530] {processor.py:183} INFO - Processing /home/lucky/.local/lib/python3.10/site-packages/airflow/example_dags/plugins/workday.py took 0.658 seconds
[2024-04-01T22:00:33.156+0530] {processor.py:161} INFO - Started process (PID=33944) to work on /home/lucky/.local/lib/python3.10/site-packages/airflow/example_dags/plugins/workday.py
[2024-04-01T22:00:33.158+0530] {processor.py:830} INFO - Processing file /home/lucky/.local/lib/python3.10/site-packages/airflow/example_dags/plugins/workday.py for tasks to queue
[2024-04-01T22:00:33.159+0530] {logging_mixin.py:188} INFO - [2024-04-01T22:00:33.159+0530] {dagbag.py:538} INFO - Filling up the DagBag from /home/lucky/.local/lib/python3.10/site-packages/airflow/example_dags/plugins/workday.py
[2024-04-01T22:00:34.033+0530] {processor.py:842} WARNING - No viable dags retrieved from /home/lucky/.local/lib/python3.10/site-packages/airflow/example_dags/plugins/workday.py
[2024-04-01T22:00:34.045+0530] {processor.py:183} INFO - Processing /home/lucky/.local/lib/python3.10/site-packages/airflow/example_dags/plugins/workday.py took 0.892 seconds
[2024-04-01T22:01:33.114+0530] {processor.py:161} INFO - Started process (PID=34705) to work on /home/lucky/.local/lib/python3.10/site-packages/airflow/example_dags/plugins/workday.py
[2024-04-01T22:01:33.119+0530] {processor.py:830} INFO - Processing file /home/lucky/.local/lib/python3.10/site-packages/airflow/example_dags/plugins/workday.py for tasks to queue
[2024-04-01T22:01:33.123+0530] {logging_mixin.py:188} INFO - [2024-04-01T22:01:33.121+0530] {dagbag.py:538} INFO - Filling up the DagBag from /home/lucky/.local/lib/python3.10/site-packages/airflow/example_dags/plugins/workday.py
[2024-04-01T22:01:34.120+0530] {processor.py:842} WARNING - No viable dags retrieved from /home/lucky/.local/lib/python3.10/site-packages/airflow/example_dags/plugins/workday.py
[2024-04-01T22:01:34.132+0530] {processor.py:183} INFO - Processing /home/lucky/.local/lib/python3.10/site-packages/airflow/example_dags/plugins/workday.py took 1.022 seconds
[2024-04-01T22:02:40.798+0530] {processor.py:161} INFO - Started process (PID=35812) to work on /home/lucky/.local/lib/python3.10/site-packages/airflow/example_dags/plugins/workday.py
[2024-04-01T22:02:40.800+0530] {processor.py:830} INFO - Processing file /home/lucky/.local/lib/python3.10/site-packages/airflow/example_dags/plugins/workday.py for tasks to queue
[2024-04-01T22:02:40.801+0530] {logging_mixin.py:188} INFO - [2024-04-01T22:02:40.800+0530] {dagbag.py:538} INFO - Filling up the DagBag from /home/lucky/.local/lib/python3.10/site-packages/airflow/example_dags/plugins/workday.py
[2024-04-01T22:02:41.621+0530] {processor.py:842} WARNING - No viable dags retrieved from /home/lucky/.local/lib/python3.10/site-packages/airflow/example_dags/plugins/workday.py
[2024-04-01T22:02:41.632+0530] {processor.py:183} INFO - Processing /home/lucky/.local/lib/python3.10/site-packages/airflow/example_dags/plugins/workday.py took 0.838 seconds
[2024-04-01T22:03:48.583+0530] {processor.py:161} INFO - Started process (PID=36926) to work on /home/lucky/.local/lib/python3.10/site-packages/airflow/example_dags/plugins/workday.py
[2024-04-01T22:03:48.616+0530] {processor.py:830} INFO - Processing file /home/lucky/.local/lib/python3.10/site-packages/airflow/example_dags/plugins/workday.py for tasks to queue
[2024-04-01T22:03:48.654+0530] {logging_mixin.py:188} INFO - [2024-04-01T22:03:48.623+0530] {dagbag.py:538} INFO - Filling up the DagBag from /home/lucky/.local/lib/python3.10/site-packages/airflow/example_dags/plugins/workday.py
[2024-04-01T22:03:51.102+0530] {processor.py:842} WARNING - No viable dags retrieved from /home/lucky/.local/lib/python3.10/site-packages/airflow/example_dags/plugins/workday.py
[2024-04-01T22:03:51.116+0530] {processor.py:183} INFO - Processing /home/lucky/.local/lib/python3.10/site-packages/airflow/example_dags/plugins/workday.py took 2.616 seconds
[2024-04-01T22:04:57.456+0530] {processor.py:161} INFO - Started process (PID=37735) to work on /home/lucky/.local/lib/python3.10/site-packages/airflow/example_dags/plugins/workday.py
[2024-04-01T22:04:57.457+0530] {processor.py:830} INFO - Processing file /home/lucky/.local/lib/python3.10/site-packages/airflow/example_dags/plugins/workday.py for tasks to queue
[2024-04-01T22:04:57.459+0530] {logging_mixin.py:188} INFO - [2024-04-01T22:04:57.458+0530] {dagbag.py:538} INFO - Filling up the DagBag from /home/lucky/.local/lib/python3.10/site-packages/airflow/example_dags/plugins/workday.py
[2024-04-01T22:04:58.326+0530] {processor.py:842} WARNING - No viable dags retrieved from /home/lucky/.local/lib/python3.10/site-packages/airflow/example_dags/plugins/workday.py
[2024-04-01T22:04:58.338+0530] {processor.py:183} INFO - Processing /home/lucky/.local/lib/python3.10/site-packages/airflow/example_dags/plugins/workday.py took 0.886 seconds
[2024-04-01T22:06:06.917+0530] {processor.py:161} INFO - Started process (PID=38852) to work on /home/lucky/.local/lib/python3.10/site-packages/airflow/example_dags/plugins/workday.py
[2024-04-01T22:06:06.920+0530] {processor.py:830} INFO - Processing file /home/lucky/.local/lib/python3.10/site-packages/airflow/example_dags/plugins/workday.py for tasks to queue
[2024-04-01T22:06:06.922+0530] {logging_mixin.py:188} INFO - [2024-04-01T22:06:06.921+0530] {dagbag.py:538} INFO - Filling up the DagBag from /home/lucky/.local/lib/python3.10/site-packages/airflow/example_dags/plugins/workday.py
[2024-04-01T22:06:07.801+0530] {processor.py:842} WARNING - No viable dags retrieved from /home/lucky/.local/lib/python3.10/site-packages/airflow/example_dags/plugins/workday.py
[2024-04-01T22:06:07.814+0530] {processor.py:183} INFO - Processing /home/lucky/.local/lib/python3.10/site-packages/airflow/example_dags/plugins/workday.py took 0.903 seconds
[2024-04-01T22:07:28.164+0530] {processor.py:161} INFO - Started process (PID=40104) to work on /home/lucky/.local/lib/python3.10/site-packages/airflow/example_dags/plugins/workday.py
[2024-04-01T22:07:28.166+0530] {processor.py:830} INFO - Processing file /home/lucky/.local/lib/python3.10/site-packages/airflow/example_dags/plugins/workday.py for tasks to queue
[2024-04-01T22:07:28.169+0530] {logging_mixin.py:188} INFO - [2024-04-01T22:07:28.168+0530] {dagbag.py:538} INFO - Filling up the DagBag from /home/lucky/.local/lib/python3.10/site-packages/airflow/example_dags/plugins/workday.py
[2024-04-01T22:07:29.699+0530] {processor.py:842} WARNING - No viable dags retrieved from /home/lucky/.local/lib/python3.10/site-packages/airflow/example_dags/plugins/workday.py
[2024-04-01T22:07:29.732+0530] {processor.py:183} INFO - Processing /home/lucky/.local/lib/python3.10/site-packages/airflow/example_dags/plugins/workday.py took 1.575 seconds
[2024-04-01T22:08:32.735+0530] {processor.py:161} INFO - Started process (PID=40853) to work on /home/lucky/.local/lib/python3.10/site-packages/airflow/example_dags/plugins/workday.py
[2024-04-01T22:08:32.748+0530] {processor.py:830} INFO - Processing file /home/lucky/.local/lib/python3.10/site-packages/airflow/example_dags/plugins/workday.py for tasks to queue
[2024-04-01T22:08:32.750+0530] {logging_mixin.py:188} INFO - [2024-04-01T22:08:32.749+0530] {dagbag.py:538} INFO - Filling up the DagBag from /home/lucky/.local/lib/python3.10/site-packages/airflow/example_dags/plugins/workday.py
[2024-04-01T22:08:34.510+0530] {processor.py:842} WARNING - No viable dags retrieved from /home/lucky/.local/lib/python3.10/site-packages/airflow/example_dags/plugins/workday.py
[2024-04-01T22:08:34.542+0530] {processor.py:183} INFO - Processing /home/lucky/.local/lib/python3.10/site-packages/airflow/example_dags/plugins/workday.py took 1.812 seconds
[2024-04-01T22:10:02.492+0530] {processor.py:161} INFO - Started process (PID=42147) to work on /home/lucky/.local/lib/python3.10/site-packages/airflow/example_dags/plugins/workday.py
[2024-04-01T22:10:02.495+0530] {processor.py:830} INFO - Processing file /home/lucky/.local/lib/python3.10/site-packages/airflow/example_dags/plugins/workday.py for tasks to queue
[2024-04-01T22:10:02.497+0530] {logging_mixin.py:188} INFO - [2024-04-01T22:10:02.496+0530] {dagbag.py:538} INFO - Filling up the DagBag from /home/lucky/.local/lib/python3.10/site-packages/airflow/example_dags/plugins/workday.py
[2024-04-01T22:10:05.321+0530] {processor.py:842} WARNING - No viable dags retrieved from /home/lucky/.local/lib/python3.10/site-packages/airflow/example_dags/plugins/workday.py
[2024-04-01T22:10:05.359+0530] {processor.py:183} INFO - Processing /home/lucky/.local/lib/python3.10/site-packages/airflow/example_dags/plugins/workday.py took 2.883 seconds
[2024-04-01T22:11:26.461+0530] {processor.py:161} INFO - Started process (PID=43425) to work on /home/lucky/.local/lib/python3.10/site-packages/airflow/example_dags/plugins/workday.py
[2024-04-01T22:11:26.463+0530] {processor.py:830} INFO - Processing file /home/lucky/.local/lib/python3.10/site-packages/airflow/example_dags/plugins/workday.py for tasks to queue
[2024-04-01T22:11:26.466+0530] {logging_mixin.py:188} INFO - [2024-04-01T22:11:26.465+0530] {dagbag.py:538} INFO - Filling up the DagBag from /home/lucky/.local/lib/python3.10/site-packages/airflow/example_dags/plugins/workday.py
[2024-04-01T22:11:27.844+0530] {processor.py:842} WARNING - No viable dags retrieved from /home/lucky/.local/lib/python3.10/site-packages/airflow/example_dags/plugins/workday.py
[2024-04-01T22:11:27.865+0530] {processor.py:183} INFO - Processing /home/lucky/.local/lib/python3.10/site-packages/airflow/example_dags/plugins/workday.py took 1.408 seconds
[2024-04-01T22:12:43.341+0530] {processor.py:161} INFO - Started process (PID=44275) to work on /home/lucky/.local/lib/python3.10/site-packages/airflow/example_dags/plugins/workday.py
[2024-04-01T22:12:43.342+0530] {processor.py:830} INFO - Processing file /home/lucky/.local/lib/python3.10/site-packages/airflow/example_dags/plugins/workday.py for tasks to queue
[2024-04-01T22:12:43.344+0530] {logging_mixin.py:188} INFO - [2024-04-01T22:12:43.343+0530] {dagbag.py:538} INFO - Filling up the DagBag from /home/lucky/.local/lib/python3.10/site-packages/airflow/example_dags/plugins/workday.py
[2024-04-01T22:12:44.636+0530] {processor.py:842} WARNING - No viable dags retrieved from /home/lucky/.local/lib/python3.10/site-packages/airflow/example_dags/plugins/workday.py
[2024-04-01T22:12:44.655+0530] {processor.py:183} INFO - Processing /home/lucky/.local/lib/python3.10/site-packages/airflow/example_dags/plugins/workday.py took 1.319 seconds
[2024-04-01T22:13:58.336+0530] {processor.py:161} INFO - Started process (PID=45454) to work on /home/lucky/.local/lib/python3.10/site-packages/airflow/example_dags/plugins/workday.py
[2024-04-01T22:13:58.341+0530] {processor.py:830} INFO - Processing file /home/lucky/.local/lib/python3.10/site-packages/airflow/example_dags/plugins/workday.py for tasks to queue
[2024-04-01T22:13:58.344+0530] {logging_mixin.py:188} INFO - [2024-04-01T22:13:58.343+0530] {dagbag.py:538} INFO - Filling up the DagBag from /home/lucky/.local/lib/python3.10/site-packages/airflow/example_dags/plugins/workday.py
[2024-04-01T22:13:59.218+0530] {processor.py:842} WARNING - No viable dags retrieved from /home/lucky/.local/lib/python3.10/site-packages/airflow/example_dags/plugins/workday.py
[2024-04-01T22:13:59.227+0530] {processor.py:183} INFO - Processing /home/lucky/.local/lib/python3.10/site-packages/airflow/example_dags/plugins/workday.py took 0.894 seconds
[2024-04-01T22:15:01.013+0530] {processor.py:161} INFO - Started process (PID=46524) to work on /home/lucky/.local/lib/python3.10/site-packages/airflow/example_dags/plugins/workday.py
[2024-04-01T22:15:01.016+0530] {processor.py:830} INFO - Processing file /home/lucky/.local/lib/python3.10/site-packages/airflow/example_dags/plugins/workday.py for tasks to queue
[2024-04-01T22:15:01.017+0530] {logging_mixin.py:188} INFO - [2024-04-01T22:15:01.016+0530] {dagbag.py:538} INFO - Filling up the DagBag from /home/lucky/.local/lib/python3.10/site-packages/airflow/example_dags/plugins/workday.py
[2024-04-01T22:15:01.650+0530] {processor.py:842} WARNING - No viable dags retrieved from /home/lucky/.local/lib/python3.10/site-packages/airflow/example_dags/plugins/workday.py
[2024-04-01T22:15:01.660+0530] {processor.py:183} INFO - Processing /home/lucky/.local/lib/python3.10/site-packages/airflow/example_dags/plugins/workday.py took 0.651 seconds
[2024-04-01T22:15:55.653+0530] {processor.py:161} INFO - Started process (PID=47221) to work on /home/lucky/.local/lib/python3.10/site-packages/airflow/example_dags/plugins/workday.py
[2024-04-01T22:15:55.655+0530] {processor.py:830} INFO - Processing file /home/lucky/.local/lib/python3.10/site-packages/airflow/example_dags/plugins/workday.py for tasks to queue
[2024-04-01T22:15:55.656+0530] {logging_mixin.py:188} INFO - [2024-04-01T22:15:55.655+0530] {dagbag.py:538} INFO - Filling up the DagBag from /home/lucky/.local/lib/python3.10/site-packages/airflow/example_dags/plugins/workday.py
[2024-04-01T22:15:56.211+0530] {processor.py:842} WARNING - No viable dags retrieved from /home/lucky/.local/lib/python3.10/site-packages/airflow/example_dags/plugins/workday.py
[2024-04-01T22:15:56.218+0530] {processor.py:183} INFO - Processing /home/lucky/.local/lib/python3.10/site-packages/airflow/example_dags/plugins/workday.py took 0.568 seconds
[2024-04-01T22:16:46.879+0530] {processor.py:161} INFO - Started process (PID=48174) to work on /home/lucky/.local/lib/python3.10/site-packages/airflow/example_dags/plugins/workday.py
[2024-04-01T22:16:46.881+0530] {processor.py:830} INFO - Processing file /home/lucky/.local/lib/python3.10/site-packages/airflow/example_dags/plugins/workday.py for tasks to queue
[2024-04-01T22:16:46.882+0530] {logging_mixin.py:188} INFO - [2024-04-01T22:16:46.882+0530] {dagbag.py:538} INFO - Filling up the DagBag from /home/lucky/.local/lib/python3.10/site-packages/airflow/example_dags/plugins/workday.py
[2024-04-01T22:16:47.457+0530] {processor.py:842} WARNING - No viable dags retrieved from /home/lucky/.local/lib/python3.10/site-packages/airflow/example_dags/plugins/workday.py
[2024-04-01T22:16:47.464+0530] {processor.py:183} INFO - Processing /home/lucky/.local/lib/python3.10/site-packages/airflow/example_dags/plugins/workday.py took 0.587 seconds
[2024-04-01T22:17:40.654+0530] {processor.py:161} INFO - Started process (PID=48893) to work on /home/lucky/.local/lib/python3.10/site-packages/airflow/example_dags/plugins/workday.py
[2024-04-01T22:17:40.656+0530] {processor.py:830} INFO - Processing file /home/lucky/.local/lib/python3.10/site-packages/airflow/example_dags/plugins/workday.py for tasks to queue
[2024-04-01T22:17:40.657+0530] {logging_mixin.py:188} INFO - [2024-04-01T22:17:40.657+0530] {dagbag.py:538} INFO - Filling up the DagBag from /home/lucky/.local/lib/python3.10/site-packages/airflow/example_dags/plugins/workday.py
[2024-04-01T22:17:41.702+0530] {processor.py:842} WARNING - No viable dags retrieved from /home/lucky/.local/lib/python3.10/site-packages/airflow/example_dags/plugins/workday.py
[2024-04-01T22:17:41.722+0530] {processor.py:183} INFO - Processing /home/lucky/.local/lib/python3.10/site-packages/airflow/example_dags/plugins/workday.py took 1.073 seconds
[2024-04-01T22:18:33.542+0530] {processor.py:161} INFO - Started process (PID=49731) to work on /home/lucky/.local/lib/python3.10/site-packages/airflow/example_dags/plugins/workday.py
[2024-04-01T22:18:33.544+0530] {processor.py:830} INFO - Processing file /home/lucky/.local/lib/python3.10/site-packages/airflow/example_dags/plugins/workday.py for tasks to queue
[2024-04-01T22:18:33.545+0530] {logging_mixin.py:188} INFO - [2024-04-01T22:18:33.544+0530] {dagbag.py:538} INFO - Filling up the DagBag from /home/lucky/.local/lib/python3.10/site-packages/airflow/example_dags/plugins/workday.py
[2024-04-01T22:18:34.266+0530] {processor.py:842} WARNING - No viable dags retrieved from /home/lucky/.local/lib/python3.10/site-packages/airflow/example_dags/plugins/workday.py
[2024-04-01T22:18:34.277+0530] {processor.py:183} INFO - Processing /home/lucky/.local/lib/python3.10/site-packages/airflow/example_dags/plugins/workday.py took 0.738 seconds
[2024-04-01T22:19:25.617+0530] {processor.py:161} INFO - Started process (PID=50687) to work on /home/lucky/.local/lib/python3.10/site-packages/airflow/example_dags/plugins/workday.py
[2024-04-01T22:19:25.619+0530] {processor.py:830} INFO - Processing file /home/lucky/.local/lib/python3.10/site-packages/airflow/example_dags/plugins/workday.py for tasks to queue
[2024-04-01T22:19:25.620+0530] {logging_mixin.py:188} INFO - [2024-04-01T22:19:25.620+0530] {dagbag.py:538} INFO - Filling up the DagBag from /home/lucky/.local/lib/python3.10/site-packages/airflow/example_dags/plugins/workday.py
[2024-04-01T22:19:26.209+0530] {processor.py:842} WARNING - No viable dags retrieved from /home/lucky/.local/lib/python3.10/site-packages/airflow/example_dags/plugins/workday.py
[2024-04-01T22:19:26.216+0530] {processor.py:183} INFO - Processing /home/lucky/.local/lib/python3.10/site-packages/airflow/example_dags/plugins/workday.py took 0.604 seconds
[2024-04-01T22:25:14.091+0530] {processor.py:161} INFO - Started process (PID=55889) to work on /home/lucky/.local/lib/python3.10/site-packages/airflow/example_dags/plugins/workday.py
[2024-04-01T22:25:14.093+0530] {processor.py:830} INFO - Processing file /home/lucky/.local/lib/python3.10/site-packages/airflow/example_dags/plugins/workday.py for tasks to queue
[2024-04-01T22:25:14.094+0530] {logging_mixin.py:188} INFO - [2024-04-01T22:25:14.094+0530] {dagbag.py:538} INFO - Filling up the DagBag from /home/lucky/.local/lib/python3.10/site-packages/airflow/example_dags/plugins/workday.py
[2024-04-01T22:25:14.708+0530] {processor.py:842} WARNING - No viable dags retrieved from /home/lucky/.local/lib/python3.10/site-packages/airflow/example_dags/plugins/workday.py
[2024-04-01T22:25:14.716+0530] {processor.py:183} INFO - Processing /home/lucky/.local/lib/python3.10/site-packages/airflow/example_dags/plugins/workday.py took 0.627 seconds
[2024-04-01T22:27:19.039+0530] {processor.py:161} INFO - Started process (PID=57690) to work on /home/lucky/.local/lib/python3.10/site-packages/airflow/example_dags/plugins/workday.py
[2024-04-01T22:27:19.041+0530] {processor.py:830} INFO - Processing file /home/lucky/.local/lib/python3.10/site-packages/airflow/example_dags/plugins/workday.py for tasks to queue
[2024-04-01T22:27:19.042+0530] {logging_mixin.py:188} INFO - [2024-04-01T22:27:19.041+0530] {dagbag.py:538} INFO - Filling up the DagBag from /home/lucky/.local/lib/python3.10/site-packages/airflow/example_dags/plugins/workday.py
[2024-04-01T22:27:19.658+0530] {processor.py:842} WARNING - No viable dags retrieved from /home/lucky/.local/lib/python3.10/site-packages/airflow/example_dags/plugins/workday.py
[2024-04-01T22:27:19.666+0530] {processor.py:183} INFO - Processing /home/lucky/.local/lib/python3.10/site-packages/airflow/example_dags/plugins/workday.py took 0.629 seconds
[2024-04-01T22:28:14.776+0530] {processor.py:161} INFO - Started process (PID=58733) to work on /home/lucky/.local/lib/python3.10/site-packages/airflow/example_dags/plugins/workday.py
[2024-04-01T22:28:14.778+0530] {processor.py:830} INFO - Processing file /home/lucky/.local/lib/python3.10/site-packages/airflow/example_dags/plugins/workday.py for tasks to queue
[2024-04-01T22:28:14.779+0530] {logging_mixin.py:188} INFO - [2024-04-01T22:28:14.779+0530] {dagbag.py:538} INFO - Filling up the DagBag from /home/lucky/.local/lib/python3.10/site-packages/airflow/example_dags/plugins/workday.py
[2024-04-01T22:28:15.428+0530] {processor.py:842} WARNING - No viable dags retrieved from /home/lucky/.local/lib/python3.10/site-packages/airflow/example_dags/plugins/workday.py
[2024-04-01T22:28:15.442+0530] {processor.py:183} INFO - Processing /home/lucky/.local/lib/python3.10/site-packages/airflow/example_dags/plugins/workday.py took 0.670 seconds
[2024-04-01T22:29:10.520+0530] {processor.py:161} INFO - Started process (PID=59805) to work on /home/lucky/.local/lib/python3.10/site-packages/airflow/example_dags/plugins/workday.py
[2024-04-01T22:29:10.522+0530] {processor.py:830} INFO - Processing file /home/lucky/.local/lib/python3.10/site-packages/airflow/example_dags/plugins/workday.py for tasks to queue
[2024-04-01T22:29:10.525+0530] {logging_mixin.py:188} INFO - [2024-04-01T22:29:10.524+0530] {dagbag.py:538} INFO - Filling up the DagBag from /home/lucky/.local/lib/python3.10/site-packages/airflow/example_dags/plugins/workday.py
[2024-04-01T22:29:11.411+0530] {processor.py:842} WARNING - No viable dags retrieved from /home/lucky/.local/lib/python3.10/site-packages/airflow/example_dags/plugins/workday.py
[2024-04-01T22:29:11.422+0530] {processor.py:183} INFO - Processing /home/lucky/.local/lib/python3.10/site-packages/airflow/example_dags/plugins/workday.py took 0.907 seconds
[2024-04-01T22:30:04.929+0530] {processor.py:161} INFO - Started process (PID=60519) to work on /home/lucky/.local/lib/python3.10/site-packages/airflow/example_dags/plugins/workday.py
[2024-04-01T22:30:04.931+0530] {processor.py:830} INFO - Processing file /home/lucky/.local/lib/python3.10/site-packages/airflow/example_dags/plugins/workday.py for tasks to queue
[2024-04-01T22:30:04.932+0530] {logging_mixin.py:188} INFO - [2024-04-01T22:30:04.931+0530] {dagbag.py:538} INFO - Filling up the DagBag from /home/lucky/.local/lib/python3.10/site-packages/airflow/example_dags/plugins/workday.py
[2024-04-01T22:30:05.719+0530] {processor.py:842} WARNING - No viable dags retrieved from /home/lucky/.local/lib/python3.10/site-packages/airflow/example_dags/plugins/workday.py
[2024-04-01T22:30:05.732+0530] {processor.py:183} INFO - Processing /home/lucky/.local/lib/python3.10/site-packages/airflow/example_dags/plugins/workday.py took 0.807 seconds
[2024-04-01T22:30:52.045+0530] {processor.py:161} INFO - Started process (PID=61337) to work on /home/lucky/.local/lib/python3.10/site-packages/airflow/example_dags/plugins/workday.py
[2024-04-01T22:30:52.047+0530] {processor.py:830} INFO - Processing file /home/lucky/.local/lib/python3.10/site-packages/airflow/example_dags/plugins/workday.py for tasks to queue
[2024-04-01T22:30:52.048+0530] {logging_mixin.py:188} INFO - [2024-04-01T22:30:52.047+0530] {dagbag.py:538} INFO - Filling up the DagBag from /home/lucky/.local/lib/python3.10/site-packages/airflow/example_dags/plugins/workday.py
[2024-04-01T22:30:52.906+0530] {processor.py:842} WARNING - No viable dags retrieved from /home/lucky/.local/lib/python3.10/site-packages/airflow/example_dags/plugins/workday.py
[2024-04-01T22:30:52.915+0530] {processor.py:183} INFO - Processing /home/lucky/.local/lib/python3.10/site-packages/airflow/example_dags/plugins/workday.py took 0.875 seconds
[2024-04-01T22:31:40.331+0530] {processor.py:161} INFO - Started process (PID=61948) to work on /home/lucky/.local/lib/python3.10/site-packages/airflow/example_dags/plugins/workday.py
[2024-04-01T22:31:40.333+0530] {processor.py:830} INFO - Processing file /home/lucky/.local/lib/python3.10/site-packages/airflow/example_dags/plugins/workday.py for tasks to queue
[2024-04-01T22:31:40.334+0530] {logging_mixin.py:188} INFO - [2024-04-01T22:31:40.333+0530] {dagbag.py:538} INFO - Filling up the DagBag from /home/lucky/.local/lib/python3.10/site-packages/airflow/example_dags/plugins/workday.py
[2024-04-01T22:31:40.924+0530] {processor.py:842} WARNING - No viable dags retrieved from /home/lucky/.local/lib/python3.10/site-packages/airflow/example_dags/plugins/workday.py
[2024-04-01T22:31:40.930+0530] {processor.py:183} INFO - Processing /home/lucky/.local/lib/python3.10/site-packages/airflow/example_dags/plugins/workday.py took 0.602 seconds
[2024-04-01T22:32:39.048+0530] {processor.py:161} INFO - Started process (PID=62992) to work on /home/lucky/.local/lib/python3.10/site-packages/airflow/example_dags/plugins/workday.py
[2024-04-01T22:32:39.050+0530] {processor.py:830} INFO - Processing file /home/lucky/.local/lib/python3.10/site-packages/airflow/example_dags/plugins/workday.py for tasks to queue
[2024-04-01T22:32:39.052+0530] {logging_mixin.py:188} INFO - [2024-04-01T22:32:39.051+0530] {dagbag.py:538} INFO - Filling up the DagBag from /home/lucky/.local/lib/python3.10/site-packages/airflow/example_dags/plugins/workday.py
[2024-04-01T22:32:39.592+0530] {processor.py:842} WARNING - No viable dags retrieved from /home/lucky/.local/lib/python3.10/site-packages/airflow/example_dags/plugins/workday.py
[2024-04-01T22:32:39.601+0530] {processor.py:183} INFO - Processing /home/lucky/.local/lib/python3.10/site-packages/airflow/example_dags/plugins/workday.py took 0.557 seconds
[2024-04-01T23:06:21.584+0530] {processor.py:161} INFO - Started process (PID=5820) to work on /home/lucky/.local/lib/python3.10/site-packages/airflow/example_dags/plugins/workday.py
[2024-04-01T23:06:21.586+0530] {processor.py:830} INFO - Processing file /home/lucky/.local/lib/python3.10/site-packages/airflow/example_dags/plugins/workday.py for tasks to queue
[2024-04-01T23:06:21.587+0530] {logging_mixin.py:188} INFO - [2024-04-01T23:06:21.586+0530] {dagbag.py:538} INFO - Filling up the DagBag from /home/lucky/.local/lib/python3.10/site-packages/airflow/example_dags/plugins/workday.py
[2024-04-01T23:06:22.203+0530] {processor.py:842} WARNING - No viable dags retrieved from /home/lucky/.local/lib/python3.10/site-packages/airflow/example_dags/plugins/workday.py
[2024-04-01T23:06:22.210+0530] {processor.py:183} INFO - Processing /home/lucky/.local/lib/python3.10/site-packages/airflow/example_dags/plugins/workday.py took 0.629 seconds
[2024-04-01T23:07:17.467+0530] {processor.py:161} INFO - Started process (PID=6811) to work on /home/lucky/.local/lib/python3.10/site-packages/airflow/example_dags/plugins/workday.py
[2024-04-01T23:07:17.469+0530] {processor.py:830} INFO - Processing file /home/lucky/.local/lib/python3.10/site-packages/airflow/example_dags/plugins/workday.py for tasks to queue
[2024-04-01T23:07:17.471+0530] {logging_mixin.py:188} INFO - [2024-04-01T23:07:17.470+0530] {dagbag.py:538} INFO - Filling up the DagBag from /home/lucky/.local/lib/python3.10/site-packages/airflow/example_dags/plugins/workday.py
[2024-04-01T23:07:18.485+0530] {processor.py:842} WARNING - No viable dags retrieved from /home/lucky/.local/lib/python3.10/site-packages/airflow/example_dags/plugins/workday.py
[2024-04-01T23:07:18.494+0530] {processor.py:183} INFO - Processing /home/lucky/.local/lib/python3.10/site-packages/airflow/example_dags/plugins/workday.py took 1.034 seconds
[2024-04-01T23:11:12.439+0530] {processor.py:161} INFO - Started process (PID=10146) to work on /home/lucky/.local/lib/python3.10/site-packages/airflow/example_dags/plugins/workday.py
[2024-04-01T23:11:12.442+0530] {processor.py:830} INFO - Processing file /home/lucky/.local/lib/python3.10/site-packages/airflow/example_dags/plugins/workday.py for tasks to queue
[2024-04-01T23:11:12.444+0530] {logging_mixin.py:188} INFO - [2024-04-01T23:11:12.444+0530] {dagbag.py:538} INFO - Filling up the DagBag from /home/lucky/.local/lib/python3.10/site-packages/airflow/example_dags/plugins/workday.py
[2024-04-01T23:11:13.886+0530] {processor.py:842} WARNING - No viable dags retrieved from /home/lucky/.local/lib/python3.10/site-packages/airflow/example_dags/plugins/workday.py
[2024-04-01T23:11:13.900+0530] {processor.py:183} INFO - Processing /home/lucky/.local/lib/python3.10/site-packages/airflow/example_dags/plugins/workday.py took 1.476 seconds
[2024-04-01T23:12:16.213+0530] {processor.py:161} INFO - Started process (PID=11130) to work on /home/lucky/.local/lib/python3.10/site-packages/airflow/example_dags/plugins/workday.py
[2024-04-01T23:12:16.215+0530] {processor.py:830} INFO - Processing file /home/lucky/.local/lib/python3.10/site-packages/airflow/example_dags/plugins/workday.py for tasks to queue
[2024-04-01T23:12:16.219+0530] {logging_mixin.py:188} INFO - [2024-04-01T23:12:16.217+0530] {dagbag.py:538} INFO - Filling up the DagBag from /home/lucky/.local/lib/python3.10/site-packages/airflow/example_dags/plugins/workday.py
[2024-04-01T23:12:17.114+0530] {processor.py:842} WARNING - No viable dags retrieved from /home/lucky/.local/lib/python3.10/site-packages/airflow/example_dags/plugins/workday.py
[2024-04-01T23:12:17.127+0530] {processor.py:183} INFO - Processing /home/lucky/.local/lib/python3.10/site-packages/airflow/example_dags/plugins/workday.py took 0.917 seconds
[2024-04-01T23:13:17.309+0530] {processor.py:161} INFO - Started process (PID=12134) to work on /home/lucky/.local/lib/python3.10/site-packages/airflow/example_dags/plugins/workday.py
[2024-04-01T23:13:17.310+0530] {processor.py:830} INFO - Processing file /home/lucky/.local/lib/python3.10/site-packages/airflow/example_dags/plugins/workday.py for tasks to queue
[2024-04-01T23:13:17.312+0530] {logging_mixin.py:188} INFO - [2024-04-01T23:13:17.311+0530] {dagbag.py:538} INFO - Filling up the DagBag from /home/lucky/.local/lib/python3.10/site-packages/airflow/example_dags/plugins/workday.py
[2024-04-01T23:13:17.899+0530] {processor.py:842} WARNING - No viable dags retrieved from /home/lucky/.local/lib/python3.10/site-packages/airflow/example_dags/plugins/workday.py
[2024-04-01T23:13:17.907+0530] {processor.py:183} INFO - Processing /home/lucky/.local/lib/python3.10/site-packages/airflow/example_dags/plugins/workday.py took 0.601 seconds
[2024-04-01T23:14:14.606+0530] {processor.py:161} INFO - Started process (PID=12809) to work on /home/lucky/.local/lib/python3.10/site-packages/airflow/example_dags/plugins/workday.py
[2024-04-01T23:14:14.608+0530] {processor.py:830} INFO - Processing file /home/lucky/.local/lib/python3.10/site-packages/airflow/example_dags/plugins/workday.py for tasks to queue
[2024-04-01T23:14:14.609+0530] {logging_mixin.py:188} INFO - [2024-04-01T23:14:14.608+0530] {dagbag.py:538} INFO - Filling up the DagBag from /home/lucky/.local/lib/python3.10/site-packages/airflow/example_dags/plugins/workday.py
[2024-04-01T23:14:15.330+0530] {processor.py:842} WARNING - No viable dags retrieved from /home/lucky/.local/lib/python3.10/site-packages/airflow/example_dags/plugins/workday.py
[2024-04-01T23:14:15.338+0530] {processor.py:183} INFO - Processing /home/lucky/.local/lib/python3.10/site-packages/airflow/example_dags/plugins/workday.py took 0.735 seconds
[2024-04-01T23:15:11.560+0530] {processor.py:161} INFO - Started process (PID=13777) to work on /home/lucky/.local/lib/python3.10/site-packages/airflow/example_dags/plugins/workday.py
[2024-04-01T23:15:11.562+0530] {processor.py:830} INFO - Processing file /home/lucky/.local/lib/python3.10/site-packages/airflow/example_dags/plugins/workday.py for tasks to queue
[2024-04-01T23:15:11.563+0530] {logging_mixin.py:188} INFO - [2024-04-01T23:15:11.562+0530] {dagbag.py:538} INFO - Filling up the DagBag from /home/lucky/.local/lib/python3.10/site-packages/airflow/example_dags/plugins/workday.py
[2024-04-01T23:15:12.173+0530] {processor.py:842} WARNING - No viable dags retrieved from /home/lucky/.local/lib/python3.10/site-packages/airflow/example_dags/plugins/workday.py
[2024-04-01T23:15:12.180+0530] {processor.py:183} INFO - Processing /home/lucky/.local/lib/python3.10/site-packages/airflow/example_dags/plugins/workday.py took 0.622 seconds
[2024-04-01T23:16:02.315+0530] {processor.py:161} INFO - Started process (PID=14676) to work on /home/lucky/.local/lib/python3.10/site-packages/airflow/example_dags/plugins/workday.py
[2024-04-01T23:16:02.317+0530] {processor.py:830} INFO - Processing file /home/lucky/.local/lib/python3.10/site-packages/airflow/example_dags/plugins/workday.py for tasks to queue
[2024-04-01T23:16:02.319+0530] {logging_mixin.py:188} INFO - [2024-04-01T23:16:02.318+0530] {dagbag.py:538} INFO - Filling up the DagBag from /home/lucky/.local/lib/python3.10/site-packages/airflow/example_dags/plugins/workday.py
[2024-04-01T23:16:03.042+0530] {processor.py:842} WARNING - No viable dags retrieved from /home/lucky/.local/lib/python3.10/site-packages/airflow/example_dags/plugins/workday.py
[2024-04-01T23:16:03.054+0530] {processor.py:183} INFO - Processing /home/lucky/.local/lib/python3.10/site-packages/airflow/example_dags/plugins/workday.py took 0.744 seconds
