[2024-02-23T15:52:16.080+0530] {processor.py:161} INFO - Started process (PID=1002) to work on /home/lucky/.local/lib/python3.10/site-packages/airflow/example_dags/example_branch_day_of_week_operator.py
[2024-02-23T15:52:16.082+0530] {processor.py:830} INFO - Processing file /home/lucky/.local/lib/python3.10/site-packages/airflow/example_dags/example_branch_day_of_week_operator.py for tasks to queue
[2024-02-23T15:52:16.085+0530] {logging_mixin.py:188} INFO - [2024-02-23T15:52:16.084+0530] {dagbag.py:538} INFO - Filling up the DagBag from /home/lucky/.local/lib/python3.10/site-packages/airflow/example_dags/example_branch_day_of_week_operator.py
[2024-02-23T15:52:16.113+0530] {processor.py:840} INFO - DAG(s) 'example_weekday_branch_operator' retrieved from /home/lucky/.local/lib/python3.10/site-packages/airflow/example_dags/example_branch_day_of_week_operator.py
[2024-02-23T15:52:16.297+0530] {logging_mixin.py:188} INFO - [2024-02-23T15:52:16.296+0530] {override.py:1769} INFO - Created Permission View: can delete on DAG:example_weekday_branch_operator
[2024-02-23T15:52:16.317+0530] {logging_mixin.py:188} INFO - [2024-02-23T15:52:16.316+0530] {override.py:1769} INFO - Created Permission View: can edit on DAG:example_weekday_branch_operator
[2024-02-23T15:52:16.332+0530] {logging_mixin.py:188} INFO - [2024-02-23T15:52:16.331+0530] {override.py:1769} INFO - Created Permission View: can read on DAG:example_weekday_branch_operator
[2024-02-23T15:52:16.333+0530] {logging_mixin.py:188} INFO - [2024-02-23T15:52:16.332+0530] {dag.py:3036} INFO - Sync 1 DAGs
[2024-02-23T15:52:16.353+0530] {logging_mixin.py:188} INFO - [2024-02-23T15:52:16.353+0530] {dag.py:3058} INFO - Creating ORM DAG for example_weekday_branch_operator
[2024-02-23T15:52:16.383+0530] {logging_mixin.py:188} INFO - [2024-02-23T15:52:16.383+0530] {dag.py:3823} INFO - Setting next_dagrun for example_weekday_branch_operator to 2024-02-22 00:00:00+00:00, run_after=2024-02-23 00:00:00+00:00
[2024-02-23T15:52:16.438+0530] {processor.py:183} INFO - Processing /home/lucky/.local/lib/python3.10/site-packages/airflow/example_dags/example_branch_day_of_week_operator.py took 0.367 seconds
[2024-02-23T15:53:15.870+0530] {processor.py:161} INFO - Started process (PID=1056) to work on /home/lucky/.local/lib/python3.10/site-packages/airflow/example_dags/example_branch_day_of_week_operator.py
[2024-02-23T15:53:15.884+0530] {processor.py:830} INFO - Processing file /home/lucky/.local/lib/python3.10/site-packages/airflow/example_dags/example_branch_day_of_week_operator.py for tasks to queue
[2024-02-23T15:53:15.887+0530] {logging_mixin.py:188} INFO - [2024-02-23T15:53:15.885+0530] {dagbag.py:538} INFO - Filling up the DagBag from /home/lucky/.local/lib/python3.10/site-packages/airflow/example_dags/example_branch_day_of_week_operator.py
[2024-02-23T15:53:15.926+0530] {processor.py:840} INFO - DAG(s) 'example_weekday_branch_operator' retrieved from /home/lucky/.local/lib/python3.10/site-packages/airflow/example_dags/example_branch_day_of_week_operator.py
[2024-02-23T15:53:16.032+0530] {logging_mixin.py:188} INFO - [2024-02-23T15:53:16.031+0530] {dag.py:3036} INFO - Sync 1 DAGs
[2024-02-23T15:53:16.100+0530] {logging_mixin.py:188} INFO - [2024-02-23T15:53:16.099+0530] {dag.py:3823} INFO - Setting next_dagrun for example_weekday_branch_operator to 2024-02-22 00:00:00+00:00, run_after=2024-02-23 00:00:00+00:00
[2024-02-23T15:53:16.166+0530] {processor.py:183} INFO - Processing /home/lucky/.local/lib/python3.10/site-packages/airflow/example_dags/example_branch_day_of_week_operator.py took 0.301 seconds
[2024-02-23T15:54:15.094+0530] {processor.py:161} INFO - Started process (PID=1115) to work on /home/lucky/.local/lib/python3.10/site-packages/airflow/example_dags/example_branch_day_of_week_operator.py
[2024-02-23T15:54:15.096+0530] {processor.py:830} INFO - Processing file /home/lucky/.local/lib/python3.10/site-packages/airflow/example_dags/example_branch_day_of_week_operator.py for tasks to queue
[2024-02-23T15:54:15.098+0530] {logging_mixin.py:188} INFO - [2024-02-23T15:54:15.097+0530] {dagbag.py:538} INFO - Filling up the DagBag from /home/lucky/.local/lib/python3.10/site-packages/airflow/example_dags/example_branch_day_of_week_operator.py
[2024-02-23T15:54:15.114+0530] {processor.py:840} INFO - DAG(s) 'example_weekday_branch_operator' retrieved from /home/lucky/.local/lib/python3.10/site-packages/airflow/example_dags/example_branch_day_of_week_operator.py
[2024-02-23T15:54:15.140+0530] {logging_mixin.py:188} INFO - [2024-02-23T15:54:15.139+0530] {dag.py:3036} INFO - Sync 1 DAGs
[2024-02-23T15:54:15.174+0530] {logging_mixin.py:188} INFO - [2024-02-23T15:54:15.173+0530] {dag.py:3823} INFO - Setting next_dagrun for example_weekday_branch_operator to 2024-02-22 00:00:00+00:00, run_after=2024-02-23 00:00:00+00:00
[2024-02-23T15:54:15.213+0530] {processor.py:183} INFO - Processing /home/lucky/.local/lib/python3.10/site-packages/airflow/example_dags/example_branch_day_of_week_operator.py took 0.126 seconds
[2024-02-23T15:55:32.152+0530] {processor.py:161} INFO - Started process (PID=1187) to work on /home/lucky/.local/lib/python3.10/site-packages/airflow/example_dags/example_branch_day_of_week_operator.py
[2024-02-23T15:55:32.155+0530] {processor.py:830} INFO - Processing file /home/lucky/.local/lib/python3.10/site-packages/airflow/example_dags/example_branch_day_of_week_operator.py for tasks to queue
[2024-02-23T15:55:32.157+0530] {logging_mixin.py:188} INFO - [2024-02-23T15:55:32.156+0530] {dagbag.py:538} INFO - Filling up the DagBag from /home/lucky/.local/lib/python3.10/site-packages/airflow/example_dags/example_branch_day_of_week_operator.py
[2024-02-23T15:55:32.174+0530] {processor.py:840} INFO - DAG(s) 'example_weekday_branch_operator' retrieved from /home/lucky/.local/lib/python3.10/site-packages/airflow/example_dags/example_branch_day_of_week_operator.py
[2024-02-23T15:55:32.213+0530] {logging_mixin.py:188} INFO - [2024-02-23T15:55:32.212+0530] {dag.py:3036} INFO - Sync 1 DAGs
[2024-02-23T15:55:32.266+0530] {logging_mixin.py:188} INFO - [2024-02-23T15:55:32.265+0530] {dag.py:3823} INFO - Setting next_dagrun for example_weekday_branch_operator to 2024-02-22 00:00:00+00:00, run_after=2024-02-23 00:00:00+00:00
[2024-02-23T15:55:32.326+0530] {processor.py:183} INFO - Processing /home/lucky/.local/lib/python3.10/site-packages/airflow/example_dags/example_branch_day_of_week_operator.py took 0.181 seconds
[2024-02-23T15:56:54.051+0530] {processor.py:161} INFO - Started process (PID=1257) to work on /home/lucky/.local/lib/python3.10/site-packages/airflow/example_dags/example_branch_day_of_week_operator.py
[2024-02-23T15:56:54.054+0530] {processor.py:830} INFO - Processing file /home/lucky/.local/lib/python3.10/site-packages/airflow/example_dags/example_branch_day_of_week_operator.py for tasks to queue
[2024-02-23T15:56:54.056+0530] {logging_mixin.py:188} INFO - [2024-02-23T15:56:54.056+0530] {dagbag.py:538} INFO - Filling up the DagBag from /home/lucky/.local/lib/python3.10/site-packages/airflow/example_dags/example_branch_day_of_week_operator.py
[2024-02-23T15:56:54.070+0530] {processor.py:840} INFO - DAG(s) 'example_weekday_branch_operator' retrieved from /home/lucky/.local/lib/python3.10/site-packages/airflow/example_dags/example_branch_day_of_week_operator.py
[2024-02-23T15:56:54.107+0530] {logging_mixin.py:188} INFO - [2024-02-23T15:56:54.107+0530] {dag.py:3036} INFO - Sync 1 DAGs
[2024-02-23T15:56:54.146+0530] {logging_mixin.py:188} INFO - [2024-02-23T15:56:54.146+0530] {dag.py:3823} INFO - Setting next_dagrun for example_weekday_branch_operator to 2024-02-22 00:00:00+00:00, run_after=2024-02-23 00:00:00+00:00
[2024-02-23T15:56:54.190+0530] {processor.py:183} INFO - Processing /home/lucky/.local/lib/python3.10/site-packages/airflow/example_dags/example_branch_day_of_week_operator.py took 0.145 seconds
[2024-02-23T15:58:19.507+0530] {processor.py:161} INFO - Started process (PID=1331) to work on /home/lucky/.local/lib/python3.10/site-packages/airflow/example_dags/example_branch_day_of_week_operator.py
[2024-02-23T15:58:19.522+0530] {processor.py:830} INFO - Processing file /home/lucky/.local/lib/python3.10/site-packages/airflow/example_dags/example_branch_day_of_week_operator.py for tasks to queue
[2024-02-23T15:58:19.526+0530] {logging_mixin.py:188} INFO - [2024-02-23T15:58:19.524+0530] {dagbag.py:538} INFO - Filling up the DagBag from /home/lucky/.local/lib/python3.10/site-packages/airflow/example_dags/example_branch_day_of_week_operator.py
[2024-02-23T15:58:19.555+0530] {processor.py:840} INFO - DAG(s) 'example_weekday_branch_operator' retrieved from /home/lucky/.local/lib/python3.10/site-packages/airflow/example_dags/example_branch_day_of_week_operator.py
[2024-02-23T15:58:19.626+0530] {logging_mixin.py:188} INFO - [2024-02-23T15:58:19.625+0530] {dag.py:3036} INFO - Sync 1 DAGs
[2024-02-23T15:58:19.674+0530] {logging_mixin.py:188} INFO - [2024-02-23T15:58:19.674+0530] {dag.py:3823} INFO - Setting next_dagrun for example_weekday_branch_operator to 2024-02-22 00:00:00+00:00, run_after=2024-02-23 00:00:00+00:00
[2024-02-23T15:58:19.734+0530] {processor.py:183} INFO - Processing /home/lucky/.local/lib/python3.10/site-packages/airflow/example_dags/example_branch_day_of_week_operator.py took 0.236 seconds
[2024-02-23T15:59:38.909+0530] {processor.py:161} INFO - Started process (PID=1402) to work on /home/lucky/.local/lib/python3.10/site-packages/airflow/example_dags/example_branch_day_of_week_operator.py
[2024-02-23T15:59:38.922+0530] {processor.py:830} INFO - Processing file /home/lucky/.local/lib/python3.10/site-packages/airflow/example_dags/example_branch_day_of_week_operator.py for tasks to queue
[2024-02-23T15:59:38.924+0530] {logging_mixin.py:188} INFO - [2024-02-23T15:59:38.924+0530] {dagbag.py:538} INFO - Filling up the DagBag from /home/lucky/.local/lib/python3.10/site-packages/airflow/example_dags/example_branch_day_of_week_operator.py
[2024-02-23T15:59:38.941+0530] {processor.py:840} INFO - DAG(s) 'example_weekday_branch_operator' retrieved from /home/lucky/.local/lib/python3.10/site-packages/airflow/example_dags/example_branch_day_of_week_operator.py
[2024-02-23T15:59:38.976+0530] {logging_mixin.py:188} INFO - [2024-02-23T15:59:38.976+0530] {dag.py:3036} INFO - Sync 1 DAGs
[2024-02-23T15:59:39.025+0530] {logging_mixin.py:188} INFO - [2024-02-23T15:59:39.025+0530] {dag.py:3823} INFO - Setting next_dagrun for example_weekday_branch_operator to 2024-02-22 00:00:00+00:00, run_after=2024-02-23 00:00:00+00:00
[2024-02-23T15:59:39.073+0530] {processor.py:183} INFO - Processing /home/lucky/.local/lib/python3.10/site-packages/airflow/example_dags/example_branch_day_of_week_operator.py took 0.170 seconds
[2024-02-23T16:00:54.431+0530] {processor.py:161} INFO - Started process (PID=1472) to work on /home/lucky/.local/lib/python3.10/site-packages/airflow/example_dags/example_branch_day_of_week_operator.py
[2024-02-23T16:00:54.444+0530] {processor.py:830} INFO - Processing file /home/lucky/.local/lib/python3.10/site-packages/airflow/example_dags/example_branch_day_of_week_operator.py for tasks to queue
[2024-02-23T16:00:54.447+0530] {logging_mixin.py:188} INFO - [2024-02-23T16:00:54.446+0530] {dagbag.py:538} INFO - Filling up the DagBag from /home/lucky/.local/lib/python3.10/site-packages/airflow/example_dags/example_branch_day_of_week_operator.py
[2024-02-23T16:00:54.464+0530] {processor.py:840} INFO - DAG(s) 'example_weekday_branch_operator' retrieved from /home/lucky/.local/lib/python3.10/site-packages/airflow/example_dags/example_branch_day_of_week_operator.py
[2024-02-23T16:00:54.498+0530] {logging_mixin.py:188} INFO - [2024-02-23T16:00:54.497+0530] {dag.py:3036} INFO - Sync 1 DAGs
[2024-02-23T16:00:54.534+0530] {logging_mixin.py:188} INFO - [2024-02-23T16:00:54.534+0530] {dag.py:3823} INFO - Setting next_dagrun for example_weekday_branch_operator to 2024-02-22 00:00:00+00:00, run_after=2024-02-23 00:00:00+00:00
[2024-02-23T16:00:54.573+0530] {processor.py:183} INFO - Processing /home/lucky/.local/lib/python3.10/site-packages/airflow/example_dags/example_branch_day_of_week_operator.py took 0.148 seconds
[2024-02-23T16:02:14.986+0530] {processor.py:161} INFO - Started process (PID=1543) to work on /home/lucky/.local/lib/python3.10/site-packages/airflow/example_dags/example_branch_day_of_week_operator.py
[2024-02-23T16:02:14.999+0530] {processor.py:830} INFO - Processing file /home/lucky/.local/lib/python3.10/site-packages/airflow/example_dags/example_branch_day_of_week_operator.py for tasks to queue
[2024-02-23T16:02:15.002+0530] {logging_mixin.py:188} INFO - [2024-02-23T16:02:15.001+0530] {dagbag.py:538} INFO - Filling up the DagBag from /home/lucky/.local/lib/python3.10/site-packages/airflow/example_dags/example_branch_day_of_week_operator.py
[2024-02-23T16:02:15.022+0530] {processor.py:840} INFO - DAG(s) 'example_weekday_branch_operator' retrieved from /home/lucky/.local/lib/python3.10/site-packages/airflow/example_dags/example_branch_day_of_week_operator.py
[2024-02-23T16:02:15.054+0530] {logging_mixin.py:188} INFO - [2024-02-23T16:02:15.053+0530] {dag.py:3036} INFO - Sync 1 DAGs
[2024-02-23T16:02:15.087+0530] {logging_mixin.py:188} INFO - [2024-02-23T16:02:15.086+0530] {dag.py:3823} INFO - Setting next_dagrun for example_weekday_branch_operator to 2024-02-22 00:00:00+00:00, run_after=2024-02-23 00:00:00+00:00
[2024-02-23T16:02:15.123+0530] {processor.py:183} INFO - Processing /home/lucky/.local/lib/python3.10/site-packages/airflow/example_dags/example_branch_day_of_week_operator.py took 0.143 seconds
[2024-02-23T16:03:34.071+0530] {processor.py:161} INFO - Started process (PID=1617) to work on /home/lucky/.local/lib/python3.10/site-packages/airflow/example_dags/example_branch_day_of_week_operator.py
[2024-02-23T16:03:34.073+0530] {processor.py:830} INFO - Processing file /home/lucky/.local/lib/python3.10/site-packages/airflow/example_dags/example_branch_day_of_week_operator.py for tasks to queue
[2024-02-23T16:03:34.075+0530] {logging_mixin.py:188} INFO - [2024-02-23T16:03:34.074+0530] {dagbag.py:538} INFO - Filling up the DagBag from /home/lucky/.local/lib/python3.10/site-packages/airflow/example_dags/example_branch_day_of_week_operator.py
[2024-02-23T16:03:34.086+0530] {processor.py:840} INFO - DAG(s) 'example_weekday_branch_operator' retrieved from /home/lucky/.local/lib/python3.10/site-packages/airflow/example_dags/example_branch_day_of_week_operator.py
[2024-02-23T16:03:34.112+0530] {logging_mixin.py:188} INFO - [2024-02-23T16:03:34.111+0530] {dag.py:3036} INFO - Sync 1 DAGs
[2024-02-23T16:03:34.144+0530] {logging_mixin.py:188} INFO - [2024-02-23T16:03:34.143+0530] {dag.py:3823} INFO - Setting next_dagrun for example_weekday_branch_operator to 2024-02-22 00:00:00+00:00, run_after=2024-02-23 00:00:00+00:00
[2024-02-23T16:03:34.181+0530] {processor.py:183} INFO - Processing /home/lucky/.local/lib/python3.10/site-packages/airflow/example_dags/example_branch_day_of_week_operator.py took 0.115 seconds
[2024-02-23T16:04:52.117+0530] {processor.py:161} INFO - Started process (PID=1690) to work on /home/lucky/.local/lib/python3.10/site-packages/airflow/example_dags/example_branch_day_of_week_operator.py
[2024-02-23T16:04:52.130+0530] {processor.py:830} INFO - Processing file /home/lucky/.local/lib/python3.10/site-packages/airflow/example_dags/example_branch_day_of_week_operator.py for tasks to queue
[2024-02-23T16:04:52.133+0530] {logging_mixin.py:188} INFO - [2024-02-23T16:04:52.132+0530] {dagbag.py:538} INFO - Filling up the DagBag from /home/lucky/.local/lib/python3.10/site-packages/airflow/example_dags/example_branch_day_of_week_operator.py
[2024-02-23T16:04:52.146+0530] {processor.py:840} INFO - DAG(s) 'example_weekday_branch_operator' retrieved from /home/lucky/.local/lib/python3.10/site-packages/airflow/example_dags/example_branch_day_of_week_operator.py
[2024-02-23T16:04:52.172+0530] {logging_mixin.py:188} INFO - [2024-02-23T16:04:52.171+0530] {dag.py:3036} INFO - Sync 1 DAGs
[2024-02-23T16:04:52.205+0530] {logging_mixin.py:188} INFO - [2024-02-23T16:04:52.205+0530] {dag.py:3823} INFO - Setting next_dagrun for example_weekday_branch_operator to 2024-02-22 00:00:00+00:00, run_after=2024-02-23 00:00:00+00:00
[2024-02-23T16:04:52.246+0530] {processor.py:183} INFO - Processing /home/lucky/.local/lib/python3.10/site-packages/airflow/example_dags/example_branch_day_of_week_operator.py took 0.135 seconds
[2024-02-23T16:06:12.172+0530] {processor.py:161} INFO - Started process (PID=1788) to work on /home/lucky/.local/lib/python3.10/site-packages/airflow/example_dags/example_branch_day_of_week_operator.py
[2024-02-23T16:06:12.185+0530] {processor.py:830} INFO - Processing file /home/lucky/.local/lib/python3.10/site-packages/airflow/example_dags/example_branch_day_of_week_operator.py for tasks to queue
[2024-02-23T16:06:12.187+0530] {logging_mixin.py:188} INFO - [2024-02-23T16:06:12.186+0530] {dagbag.py:538} INFO - Filling up the DagBag from /home/lucky/.local/lib/python3.10/site-packages/airflow/example_dags/example_branch_day_of_week_operator.py
[2024-02-23T16:06:12.199+0530] {processor.py:840} INFO - DAG(s) 'example_weekday_branch_operator' retrieved from /home/lucky/.local/lib/python3.10/site-packages/airflow/example_dags/example_branch_day_of_week_operator.py
[2024-02-23T16:06:12.225+0530] {logging_mixin.py:188} INFO - [2024-02-23T16:06:12.224+0530] {dag.py:3036} INFO - Sync 1 DAGs
[2024-02-23T16:06:12.256+0530] {logging_mixin.py:188} INFO - [2024-02-23T16:06:12.256+0530] {dag.py:3823} INFO - Setting next_dagrun for example_weekday_branch_operator to 2024-02-22 00:00:00+00:00, run_after=2024-02-23 00:00:00+00:00
[2024-02-23T16:06:12.292+0530] {processor.py:183} INFO - Processing /home/lucky/.local/lib/python3.10/site-packages/airflow/example_dags/example_branch_day_of_week_operator.py took 0.125 seconds
[2024-02-23T16:07:33.664+0530] {processor.py:161} INFO - Started process (PID=1859) to work on /home/lucky/.local/lib/python3.10/site-packages/airflow/example_dags/example_branch_day_of_week_operator.py
[2024-02-23T16:07:33.678+0530] {processor.py:830} INFO - Processing file /home/lucky/.local/lib/python3.10/site-packages/airflow/example_dags/example_branch_day_of_week_operator.py for tasks to queue
[2024-02-23T16:07:33.680+0530] {logging_mixin.py:188} INFO - [2024-02-23T16:07:33.679+0530] {dagbag.py:538} INFO - Filling up the DagBag from /home/lucky/.local/lib/python3.10/site-packages/airflow/example_dags/example_branch_day_of_week_operator.py
[2024-02-23T16:07:33.695+0530] {processor.py:840} INFO - DAG(s) 'example_weekday_branch_operator' retrieved from /home/lucky/.local/lib/python3.10/site-packages/airflow/example_dags/example_branch_day_of_week_operator.py
[2024-02-23T16:07:33.729+0530] {logging_mixin.py:188} INFO - [2024-02-23T16:07:33.729+0530] {dag.py:3036} INFO - Sync 1 DAGs
[2024-02-23T16:07:33.767+0530] {logging_mixin.py:188} INFO - [2024-02-23T16:07:33.766+0530] {dag.py:3823} INFO - Setting next_dagrun for example_weekday_branch_operator to 2024-02-22 00:00:00+00:00, run_after=2024-02-23 00:00:00+00:00
[2024-02-23T16:07:33.805+0530] {processor.py:183} INFO - Processing /home/lucky/.local/lib/python3.10/site-packages/airflow/example_dags/example_branch_day_of_week_operator.py took 0.146 seconds
[2024-02-23T16:09:39.133+0530] {processor.py:161} INFO - Started process (PID=1942) to work on /home/lucky/.local/lib/python3.10/site-packages/airflow/example_dags/example_branch_day_of_week_operator.py
[2024-02-23T16:09:39.136+0530] {processor.py:830} INFO - Processing file /home/lucky/.local/lib/python3.10/site-packages/airflow/example_dags/example_branch_day_of_week_operator.py for tasks to queue
[2024-02-23T16:09:39.139+0530] {logging_mixin.py:188} INFO - [2024-02-23T16:09:39.138+0530] {dagbag.py:538} INFO - Filling up the DagBag from /home/lucky/.local/lib/python3.10/site-packages/airflow/example_dags/example_branch_day_of_week_operator.py
[2024-02-23T16:09:39.157+0530] {processor.py:840} INFO - DAG(s) 'example_weekday_branch_operator' retrieved from /home/lucky/.local/lib/python3.10/site-packages/airflow/example_dags/example_branch_day_of_week_operator.py
[2024-02-23T16:09:39.205+0530] {logging_mixin.py:188} INFO - [2024-02-23T16:09:39.204+0530] {dag.py:3036} INFO - Sync 1 DAGs
[2024-02-23T16:09:39.269+0530] {logging_mixin.py:188} INFO - [2024-02-23T16:09:39.268+0530] {dag.py:3823} INFO - Setting next_dagrun for example_weekday_branch_operator to 2024-02-22 00:00:00+00:00, run_after=2024-02-23 00:00:00+00:00
[2024-02-23T16:09:39.343+0530] {processor.py:183} INFO - Processing /home/lucky/.local/lib/python3.10/site-packages/airflow/example_dags/example_branch_day_of_week_operator.py took 0.217 seconds
[2024-02-23T16:10:47.655+0530] {processor.py:161} INFO - Started process (PID=2006) to work on /home/lucky/.local/lib/python3.10/site-packages/airflow/example_dags/example_branch_day_of_week_operator.py
[2024-02-23T16:10:47.660+0530] {processor.py:830} INFO - Processing file /home/lucky/.local/lib/python3.10/site-packages/airflow/example_dags/example_branch_day_of_week_operator.py for tasks to queue
[2024-02-23T16:10:47.664+0530] {logging_mixin.py:188} INFO - [2024-02-23T16:10:47.663+0530] {dagbag.py:538} INFO - Filling up the DagBag from /home/lucky/.local/lib/python3.10/site-packages/airflow/example_dags/example_branch_day_of_week_operator.py
[2024-02-23T16:10:47.683+0530] {processor.py:840} INFO - DAG(s) 'example_weekday_branch_operator' retrieved from /home/lucky/.local/lib/python3.10/site-packages/airflow/example_dags/example_branch_day_of_week_operator.py
[2024-02-23T16:10:47.733+0530] {logging_mixin.py:188} INFO - [2024-02-23T16:10:47.732+0530] {dag.py:3036} INFO - Sync 1 DAGs
[2024-02-23T16:10:47.776+0530] {logging_mixin.py:188} INFO - [2024-02-23T16:10:47.775+0530] {dag.py:3823} INFO - Setting next_dagrun for example_weekday_branch_operator to 2024-02-22 00:00:00+00:00, run_after=2024-02-23 00:00:00+00:00
[2024-02-23T16:10:47.876+0530] {processor.py:183} INFO - Processing /home/lucky/.local/lib/python3.10/site-packages/airflow/example_dags/example_branch_day_of_week_operator.py took 0.231 seconds
[2024-02-23T16:12:04.278+0530] {processor.py:161} INFO - Started process (PID=2078) to work on /home/lucky/.local/lib/python3.10/site-packages/airflow/example_dags/example_branch_day_of_week_operator.py
[2024-02-23T16:12:04.281+0530] {processor.py:830} INFO - Processing file /home/lucky/.local/lib/python3.10/site-packages/airflow/example_dags/example_branch_day_of_week_operator.py for tasks to queue
[2024-02-23T16:12:04.283+0530] {logging_mixin.py:188} INFO - [2024-02-23T16:12:04.282+0530] {dagbag.py:538} INFO - Filling up the DagBag from /home/lucky/.local/lib/python3.10/site-packages/airflow/example_dags/example_branch_day_of_week_operator.py
[2024-02-23T16:12:04.299+0530] {processor.py:840} INFO - DAG(s) 'example_weekday_branch_operator' retrieved from /home/lucky/.local/lib/python3.10/site-packages/airflow/example_dags/example_branch_day_of_week_operator.py
[2024-02-23T16:12:04.332+0530] {logging_mixin.py:188} INFO - [2024-02-23T16:12:04.332+0530] {dag.py:3036} INFO - Sync 1 DAGs
[2024-02-23T16:12:04.369+0530] {logging_mixin.py:188} INFO - [2024-02-23T16:12:04.368+0530] {dag.py:3823} INFO - Setting next_dagrun for example_weekday_branch_operator to 2024-02-22 00:00:00+00:00, run_after=2024-02-23 00:00:00+00:00
[2024-02-23T16:12:04.407+0530] {processor.py:183} INFO - Processing /home/lucky/.local/lib/python3.10/site-packages/airflow/example_dags/example_branch_day_of_week_operator.py took 0.134 seconds
[2024-02-23T16:13:23.059+0530] {processor.py:161} INFO - Started process (PID=2147) to work on /home/lucky/.local/lib/python3.10/site-packages/airflow/example_dags/example_branch_day_of_week_operator.py
[2024-02-23T16:13:23.061+0530] {processor.py:830} INFO - Processing file /home/lucky/.local/lib/python3.10/site-packages/airflow/example_dags/example_branch_day_of_week_operator.py for tasks to queue
[2024-02-23T16:13:23.063+0530] {logging_mixin.py:188} INFO - [2024-02-23T16:13:23.062+0530] {dagbag.py:538} INFO - Filling up the DagBag from /home/lucky/.local/lib/python3.10/site-packages/airflow/example_dags/example_branch_day_of_week_operator.py
[2024-02-23T16:13:23.076+0530] {processor.py:840} INFO - DAG(s) 'example_weekday_branch_operator' retrieved from /home/lucky/.local/lib/python3.10/site-packages/airflow/example_dags/example_branch_day_of_week_operator.py
[2024-02-23T16:13:23.112+0530] {logging_mixin.py:188} INFO - [2024-02-23T16:13:23.111+0530] {dag.py:3036} INFO - Sync 1 DAGs
[2024-02-23T16:13:23.158+0530] {logging_mixin.py:188} INFO - [2024-02-23T16:13:23.158+0530] {dag.py:3823} INFO - Setting next_dagrun for example_weekday_branch_operator to 2024-02-22 00:00:00+00:00, run_after=2024-02-23 00:00:00+00:00
[2024-02-23T16:13:23.205+0530] {processor.py:183} INFO - Processing /home/lucky/.local/lib/python3.10/site-packages/airflow/example_dags/example_branch_day_of_week_operator.py took 0.151 seconds
[2024-02-23T16:14:21.498+0530] {processor.py:161} INFO - Started process (PID=2199) to work on /home/lucky/.local/lib/python3.10/site-packages/airflow/example_dags/example_branch_day_of_week_operator.py
[2024-02-23T16:14:21.511+0530] {processor.py:830} INFO - Processing file /home/lucky/.local/lib/python3.10/site-packages/airflow/example_dags/example_branch_day_of_week_operator.py for tasks to queue
[2024-02-23T16:14:21.514+0530] {logging_mixin.py:188} INFO - [2024-02-23T16:14:21.513+0530] {dagbag.py:538} INFO - Filling up the DagBag from /home/lucky/.local/lib/python3.10/site-packages/airflow/example_dags/example_branch_day_of_week_operator.py
[2024-02-23T16:14:21.530+0530] {processor.py:840} INFO - DAG(s) 'example_weekday_branch_operator' retrieved from /home/lucky/.local/lib/python3.10/site-packages/airflow/example_dags/example_branch_day_of_week_operator.py
[2024-02-23T16:14:21.560+0530] {logging_mixin.py:188} INFO - [2024-02-23T16:14:21.559+0530] {dag.py:3036} INFO - Sync 1 DAGs
[2024-02-23T16:14:21.595+0530] {logging_mixin.py:188} INFO - [2024-02-23T16:14:21.595+0530] {dag.py:3823} INFO - Setting next_dagrun for example_weekday_branch_operator to 2024-02-22 00:00:00+00:00, run_after=2024-02-23 00:00:00+00:00
[2024-02-23T16:14:21.636+0530] {processor.py:183} INFO - Processing /home/lucky/.local/lib/python3.10/site-packages/airflow/example_dags/example_branch_day_of_week_operator.py took 0.143 seconds
[2024-02-23T16:15:37.318+0530] {processor.py:161} INFO - Started process (PID=2270) to work on /home/lucky/.local/lib/python3.10/site-packages/airflow/example_dags/example_branch_day_of_week_operator.py
[2024-02-23T16:15:37.321+0530] {processor.py:830} INFO - Processing file /home/lucky/.local/lib/python3.10/site-packages/airflow/example_dags/example_branch_day_of_week_operator.py for tasks to queue
[2024-02-23T16:15:37.323+0530] {logging_mixin.py:188} INFO - [2024-02-23T16:15:37.322+0530] {dagbag.py:538} INFO - Filling up the DagBag from /home/lucky/.local/lib/python3.10/site-packages/airflow/example_dags/example_branch_day_of_week_operator.py
[2024-02-23T16:15:37.347+0530] {processor.py:840} INFO - DAG(s) 'example_weekday_branch_operator' retrieved from /home/lucky/.local/lib/python3.10/site-packages/airflow/example_dags/example_branch_day_of_week_operator.py
[2024-02-23T16:15:37.389+0530] {logging_mixin.py:188} INFO - [2024-02-23T16:15:37.388+0530] {dag.py:3036} INFO - Sync 1 DAGs
[2024-02-23T16:15:37.442+0530] {logging_mixin.py:188} INFO - [2024-02-23T16:15:37.442+0530] {dag.py:3823} INFO - Setting next_dagrun for example_weekday_branch_operator to 2024-02-22 00:00:00+00:00, run_after=2024-02-23 00:00:00+00:00
[2024-02-23T16:15:37.512+0530] {processor.py:183} INFO - Processing /home/lucky/.local/lib/python3.10/site-packages/airflow/example_dags/example_branch_day_of_week_operator.py took 0.200 seconds
[2024-02-23T16:16:37.447+0530] {processor.py:161} INFO - Started process (PID=2322) to work on /home/lucky/.local/lib/python3.10/site-packages/airflow/example_dags/example_branch_day_of_week_operator.py
[2024-02-23T16:16:37.462+0530] {processor.py:830} INFO - Processing file /home/lucky/.local/lib/python3.10/site-packages/airflow/example_dags/example_branch_day_of_week_operator.py for tasks to queue
[2024-02-23T16:16:37.465+0530] {logging_mixin.py:188} INFO - [2024-02-23T16:16:37.464+0530] {dagbag.py:538} INFO - Filling up the DagBag from /home/lucky/.local/lib/python3.10/site-packages/airflow/example_dags/example_branch_day_of_week_operator.py
[2024-02-23T16:16:37.491+0530] {processor.py:840} INFO - DAG(s) 'example_weekday_branch_operator' retrieved from /home/lucky/.local/lib/python3.10/site-packages/airflow/example_dags/example_branch_day_of_week_operator.py
[2024-02-23T16:16:37.555+0530] {logging_mixin.py:188} INFO - [2024-02-23T16:16:37.554+0530] {dag.py:3036} INFO - Sync 1 DAGs
[2024-02-23T16:16:37.615+0530] {logging_mixin.py:188} INFO - [2024-02-23T16:16:37.614+0530] {dag.py:3823} INFO - Setting next_dagrun for example_weekday_branch_operator to 2024-02-22 00:00:00+00:00, run_after=2024-02-23 00:00:00+00:00
[2024-02-23T16:16:37.665+0530] {processor.py:183} INFO - Processing /home/lucky/.local/lib/python3.10/site-packages/airflow/example_dags/example_branch_day_of_week_operator.py took 0.228 seconds
[2024-02-23T16:17:54.902+0530] {processor.py:161} INFO - Started process (PID=2395) to work on /home/lucky/.local/lib/python3.10/site-packages/airflow/example_dags/example_branch_day_of_week_operator.py
[2024-02-23T16:17:54.915+0530] {processor.py:830} INFO - Processing file /home/lucky/.local/lib/python3.10/site-packages/airflow/example_dags/example_branch_day_of_week_operator.py for tasks to queue
[2024-02-23T16:17:54.919+0530] {logging_mixin.py:188} INFO - [2024-02-23T16:17:54.917+0530] {dagbag.py:538} INFO - Filling up the DagBag from /home/lucky/.local/lib/python3.10/site-packages/airflow/example_dags/example_branch_day_of_week_operator.py
[2024-02-23T16:17:54.939+0530] {processor.py:840} INFO - DAG(s) 'example_weekday_branch_operator' retrieved from /home/lucky/.local/lib/python3.10/site-packages/airflow/example_dags/example_branch_day_of_week_operator.py
[2024-02-23T16:17:54.979+0530] {logging_mixin.py:188} INFO - [2024-02-23T16:17:54.978+0530] {dag.py:3036} INFO - Sync 1 DAGs
[2024-02-23T16:17:55.022+0530] {logging_mixin.py:188} INFO - [2024-02-23T16:17:55.022+0530] {dag.py:3823} INFO - Setting next_dagrun for example_weekday_branch_operator to 2024-02-22 00:00:00+00:00, run_after=2024-02-23 00:00:00+00:00
[2024-02-23T16:17:55.074+0530] {processor.py:183} INFO - Processing /home/lucky/.local/lib/python3.10/site-packages/airflow/example_dags/example_branch_day_of_week_operator.py took 0.190 seconds
[2024-02-23T16:19:16.768+0530] {processor.py:161} INFO - Started process (PID=2467) to work on /home/lucky/.local/lib/python3.10/site-packages/airflow/example_dags/example_branch_day_of_week_operator.py
[2024-02-23T16:19:16.783+0530] {processor.py:830} INFO - Processing file /home/lucky/.local/lib/python3.10/site-packages/airflow/example_dags/example_branch_day_of_week_operator.py for tasks to queue
[2024-02-23T16:19:16.786+0530] {logging_mixin.py:188} INFO - [2024-02-23T16:19:16.785+0530] {dagbag.py:538} INFO - Filling up the DagBag from /home/lucky/.local/lib/python3.10/site-packages/airflow/example_dags/example_branch_day_of_week_operator.py
[2024-02-23T16:19:16.800+0530] {processor.py:840} INFO - DAG(s) 'example_weekday_branch_operator' retrieved from /home/lucky/.local/lib/python3.10/site-packages/airflow/example_dags/example_branch_day_of_week_operator.py
[2024-02-23T16:19:16.830+0530] {logging_mixin.py:188} INFO - [2024-02-23T16:19:16.829+0530] {dag.py:3036} INFO - Sync 1 DAGs
[2024-02-23T16:19:16.873+0530] {logging_mixin.py:188} INFO - [2024-02-23T16:19:16.872+0530] {dag.py:3823} INFO - Setting next_dagrun for example_weekday_branch_operator to 2024-02-22 00:00:00+00:00, run_after=2024-02-23 00:00:00+00:00
[2024-02-23T16:19:16.915+0530] {processor.py:183} INFO - Processing /home/lucky/.local/lib/python3.10/site-packages/airflow/example_dags/example_branch_day_of_week_operator.py took 0.157 seconds
[2024-02-23T16:20:40.904+0530] {processor.py:161} INFO - Started process (PID=2550) to work on /home/lucky/.local/lib/python3.10/site-packages/airflow/example_dags/example_branch_day_of_week_operator.py
[2024-02-23T16:20:40.906+0530] {processor.py:830} INFO - Processing file /home/lucky/.local/lib/python3.10/site-packages/airflow/example_dags/example_branch_day_of_week_operator.py for tasks to queue
[2024-02-23T16:20:40.906+0530] {logging_mixin.py:188} INFO - [2024-02-23T16:20:40.906+0530] {dagbag.py:538} INFO - Filling up the DagBag from /home/lucky/.local/lib/python3.10/site-packages/airflow/example_dags/example_branch_day_of_week_operator.py
[2024-02-23T16:20:40.913+0530] {processor.py:840} INFO - DAG(s) 'example_weekday_branch_operator' retrieved from /home/lucky/.local/lib/python3.10/site-packages/airflow/example_dags/example_branch_day_of_week_operator.py
[2024-02-23T16:20:40.927+0530] {logging_mixin.py:188} INFO - [2024-02-23T16:20:40.927+0530] {dag.py:3036} INFO - Sync 1 DAGs
[2024-02-23T16:20:40.948+0530] {logging_mixin.py:188} INFO - [2024-02-23T16:20:40.948+0530] {dag.py:3823} INFO - Setting next_dagrun for example_weekday_branch_operator to 2024-02-22 00:00:00+00:00, run_after=2024-02-23 00:00:00+00:00
[2024-02-23T16:20:40.970+0530] {processor.py:183} INFO - Processing /home/lucky/.local/lib/python3.10/site-packages/airflow/example_dags/example_branch_day_of_week_operator.py took 0.069 seconds
[2024-02-23T16:21:39.087+0530] {processor.py:161} INFO - Started process (PID=2617) to work on /home/lucky/.local/lib/python3.10/site-packages/airflow/example_dags/example_branch_day_of_week_operator.py
[2024-02-23T16:21:39.088+0530] {processor.py:830} INFO - Processing file /home/lucky/.local/lib/python3.10/site-packages/airflow/example_dags/example_branch_day_of_week_operator.py for tasks to queue
[2024-02-23T16:21:39.089+0530] {logging_mixin.py:188} INFO - [2024-02-23T16:21:39.089+0530] {dagbag.py:538} INFO - Filling up the DagBag from /home/lucky/.local/lib/python3.10/site-packages/airflow/example_dags/example_branch_day_of_week_operator.py
[2024-02-23T16:21:39.096+0530] {processor.py:840} INFO - DAG(s) 'example_weekday_branch_operator' retrieved from /home/lucky/.local/lib/python3.10/site-packages/airflow/example_dags/example_branch_day_of_week_operator.py
[2024-02-23T16:21:39.110+0530] {logging_mixin.py:188} INFO - [2024-02-23T16:21:39.110+0530] {dag.py:3036} INFO - Sync 1 DAGs
[2024-02-23T16:21:39.129+0530] {logging_mixin.py:188} INFO - [2024-02-23T16:21:39.128+0530] {dag.py:3823} INFO - Setting next_dagrun for example_weekday_branch_operator to 2024-02-22 00:00:00+00:00, run_after=2024-02-23 00:00:00+00:00
[2024-02-23T16:21:39.150+0530] {processor.py:183} INFO - Processing /home/lucky/.local/lib/python3.10/site-packages/airflow/example_dags/example_branch_day_of_week_operator.py took 0.066 seconds
[2024-02-23T16:22:33.104+0530] {processor.py:161} INFO - Started process (PID=2678) to work on /home/lucky/.local/lib/python3.10/site-packages/airflow/example_dags/example_branch_day_of_week_operator.py
[2024-02-23T16:22:33.106+0530] {processor.py:830} INFO - Processing file /home/lucky/.local/lib/python3.10/site-packages/airflow/example_dags/example_branch_day_of_week_operator.py for tasks to queue
[2024-02-23T16:22:33.107+0530] {logging_mixin.py:188} INFO - [2024-02-23T16:22:33.106+0530] {dagbag.py:538} INFO - Filling up the DagBag from /home/lucky/.local/lib/python3.10/site-packages/airflow/example_dags/example_branch_day_of_week_operator.py
[2024-02-23T16:22:33.115+0530] {processor.py:840} INFO - DAG(s) 'example_weekday_branch_operator' retrieved from /home/lucky/.local/lib/python3.10/site-packages/airflow/example_dags/example_branch_day_of_week_operator.py
[2024-02-23T16:22:33.129+0530] {logging_mixin.py:188} INFO - [2024-02-23T16:22:33.129+0530] {dag.py:3036} INFO - Sync 1 DAGs
[2024-02-23T16:22:33.148+0530] {logging_mixin.py:188} INFO - [2024-02-23T16:22:33.147+0530] {dag.py:3823} INFO - Setting next_dagrun for example_weekday_branch_operator to 2024-02-22 00:00:00+00:00, run_after=2024-02-23 00:00:00+00:00
[2024-02-23T16:22:33.170+0530] {processor.py:183} INFO - Processing /home/lucky/.local/lib/python3.10/site-packages/airflow/example_dags/example_branch_day_of_week_operator.py took 0.069 seconds
[2024-02-23T16:23:22.328+0530] {processor.py:161} INFO - Started process (PID=2735) to work on /home/lucky/.local/lib/python3.10/site-packages/airflow/example_dags/example_branch_day_of_week_operator.py
[2024-02-23T16:23:22.330+0530] {processor.py:830} INFO - Processing file /home/lucky/.local/lib/python3.10/site-packages/airflow/example_dags/example_branch_day_of_week_operator.py for tasks to queue
[2024-02-23T16:23:22.331+0530] {logging_mixin.py:188} INFO - [2024-02-23T16:23:22.330+0530] {dagbag.py:538} INFO - Filling up the DagBag from /home/lucky/.local/lib/python3.10/site-packages/airflow/example_dags/example_branch_day_of_week_operator.py
[2024-02-23T16:23:22.338+0530] {processor.py:840} INFO - DAG(s) 'example_weekday_branch_operator' retrieved from /home/lucky/.local/lib/python3.10/site-packages/airflow/example_dags/example_branch_day_of_week_operator.py
[2024-02-23T16:23:22.353+0530] {logging_mixin.py:188} INFO - [2024-02-23T16:23:22.353+0530] {dag.py:3036} INFO - Sync 1 DAGs
[2024-02-23T16:23:22.372+0530] {logging_mixin.py:188} INFO - [2024-02-23T16:23:22.372+0530] {dag.py:3823} INFO - Setting next_dagrun for example_weekday_branch_operator to 2024-02-22 00:00:00+00:00, run_after=2024-02-23 00:00:00+00:00
[2024-02-23T16:23:22.396+0530] {processor.py:183} INFO - Processing /home/lucky/.local/lib/python3.10/site-packages/airflow/example_dags/example_branch_day_of_week_operator.py took 0.071 seconds
[2024-02-23T16:24:12.102+0530] {processor.py:161} INFO - Started process (PID=2793) to work on /home/lucky/.local/lib/python3.10/site-packages/airflow/example_dags/example_branch_day_of_week_operator.py
[2024-02-23T16:24:12.103+0530] {processor.py:830} INFO - Processing file /home/lucky/.local/lib/python3.10/site-packages/airflow/example_dags/example_branch_day_of_week_operator.py for tasks to queue
[2024-02-23T16:24:12.104+0530] {logging_mixin.py:188} INFO - [2024-02-23T16:24:12.104+0530] {dagbag.py:538} INFO - Filling up the DagBag from /home/lucky/.local/lib/python3.10/site-packages/airflow/example_dags/example_branch_day_of_week_operator.py
[2024-02-23T16:24:12.112+0530] {processor.py:840} INFO - DAG(s) 'example_weekday_branch_operator' retrieved from /home/lucky/.local/lib/python3.10/site-packages/airflow/example_dags/example_branch_day_of_week_operator.py
[2024-02-23T16:24:12.127+0530] {logging_mixin.py:188} INFO - [2024-02-23T16:24:12.127+0530] {dag.py:3036} INFO - Sync 1 DAGs
[2024-02-23T16:24:12.146+0530] {logging_mixin.py:188} INFO - [2024-02-23T16:24:12.145+0530] {dag.py:3823} INFO - Setting next_dagrun for example_weekday_branch_operator to 2024-02-22 00:00:00+00:00, run_after=2024-02-23 00:00:00+00:00
[2024-02-23T16:24:12.167+0530] {processor.py:183} INFO - Processing /home/lucky/.local/lib/python3.10/site-packages/airflow/example_dags/example_branch_day_of_week_operator.py took 0.068 seconds
[2024-02-23T16:25:06.915+0530] {processor.py:161} INFO - Started process (PID=2857) to work on /home/lucky/.local/lib/python3.10/site-packages/airflow/example_dags/example_branch_day_of_week_operator.py
[2024-02-23T16:25:06.927+0530] {processor.py:830} INFO - Processing file /home/lucky/.local/lib/python3.10/site-packages/airflow/example_dags/example_branch_day_of_week_operator.py for tasks to queue
[2024-02-23T16:25:06.928+0530] {logging_mixin.py:188} INFO - [2024-02-23T16:25:06.928+0530] {dagbag.py:538} INFO - Filling up the DagBag from /home/lucky/.local/lib/python3.10/site-packages/airflow/example_dags/example_branch_day_of_week_operator.py
[2024-02-23T16:25:06.935+0530] {processor.py:840} INFO - DAG(s) 'example_weekday_branch_operator' retrieved from /home/lucky/.local/lib/python3.10/site-packages/airflow/example_dags/example_branch_day_of_week_operator.py
[2024-02-23T16:25:06.951+0530] {logging_mixin.py:188} INFO - [2024-02-23T16:25:06.950+0530] {dag.py:3036} INFO - Sync 1 DAGs
[2024-02-23T16:25:06.969+0530] {logging_mixin.py:188} INFO - [2024-02-23T16:25:06.969+0530] {dag.py:3823} INFO - Setting next_dagrun for example_weekday_branch_operator to 2024-02-22 00:00:00+00:00, run_after=2024-02-23 00:00:00+00:00
[2024-02-23T16:25:06.992+0530] {processor.py:183} INFO - Processing /home/lucky/.local/lib/python3.10/site-packages/airflow/example_dags/example_branch_day_of_week_operator.py took 0.080 seconds
[2024-02-23T16:25:57.332+0530] {processor.py:161} INFO - Started process (PID=2913) to work on /home/lucky/.local/lib/python3.10/site-packages/airflow/example_dags/example_branch_day_of_week_operator.py
[2024-02-23T16:25:57.335+0530] {processor.py:830} INFO - Processing file /home/lucky/.local/lib/python3.10/site-packages/airflow/example_dags/example_branch_day_of_week_operator.py for tasks to queue
[2024-02-23T16:25:57.336+0530] {logging_mixin.py:188} INFO - [2024-02-23T16:25:57.336+0530] {dagbag.py:538} INFO - Filling up the DagBag from /home/lucky/.local/lib/python3.10/site-packages/airflow/example_dags/example_branch_day_of_week_operator.py
[2024-02-23T16:25:57.364+0530] {processor.py:840} INFO - DAG(s) 'example_weekday_branch_operator' retrieved from /home/lucky/.local/lib/python3.10/site-packages/airflow/example_dags/example_branch_day_of_week_operator.py
[2024-02-23T16:25:57.391+0530] {logging_mixin.py:188} INFO - [2024-02-23T16:25:57.391+0530] {dag.py:3036} INFO - Sync 1 DAGs
[2024-02-23T16:25:57.440+0530] {logging_mixin.py:188} INFO - [2024-02-23T16:25:57.439+0530] {dag.py:3823} INFO - Setting next_dagrun for example_weekday_branch_operator to 2024-02-22 00:00:00+00:00, run_after=2024-02-23 00:00:00+00:00
[2024-02-23T16:25:57.471+0530] {processor.py:183} INFO - Processing /home/lucky/.local/lib/python3.10/site-packages/airflow/example_dags/example_branch_day_of_week_operator.py took 0.143 seconds
[2024-02-23T16:26:50.273+0530] {processor.py:161} INFO - Started process (PID=2972) to work on /home/lucky/.local/lib/python3.10/site-packages/airflow/example_dags/example_branch_day_of_week_operator.py
[2024-02-23T16:26:50.275+0530] {processor.py:830} INFO - Processing file /home/lucky/.local/lib/python3.10/site-packages/airflow/example_dags/example_branch_day_of_week_operator.py for tasks to queue
[2024-02-23T16:26:50.276+0530] {logging_mixin.py:188} INFO - [2024-02-23T16:26:50.275+0530] {dagbag.py:538} INFO - Filling up the DagBag from /home/lucky/.local/lib/python3.10/site-packages/airflow/example_dags/example_branch_day_of_week_operator.py
[2024-02-23T16:26:50.282+0530] {processor.py:840} INFO - DAG(s) 'example_weekday_branch_operator' retrieved from /home/lucky/.local/lib/python3.10/site-packages/airflow/example_dags/example_branch_day_of_week_operator.py
[2024-02-23T16:26:50.297+0530] {logging_mixin.py:188} INFO - [2024-02-23T16:26:50.296+0530] {dag.py:3036} INFO - Sync 1 DAGs
[2024-02-23T16:26:50.315+0530] {logging_mixin.py:188} INFO - [2024-02-23T16:26:50.315+0530] {dag.py:3823} INFO - Setting next_dagrun for example_weekday_branch_operator to 2024-02-22 00:00:00+00:00, run_after=2024-02-23 00:00:00+00:00
[2024-02-23T16:26:50.339+0530] {processor.py:183} INFO - Processing /home/lucky/.local/lib/python3.10/site-packages/airflow/example_dags/example_branch_day_of_week_operator.py took 0.069 seconds
[2024-02-23T16:27:43.233+0530] {processor.py:161} INFO - Started process (PID=3031) to work on /home/lucky/.local/lib/python3.10/site-packages/airflow/example_dags/example_branch_day_of_week_operator.py
[2024-02-23T16:27:43.234+0530] {processor.py:830} INFO - Processing file /home/lucky/.local/lib/python3.10/site-packages/airflow/example_dags/example_branch_day_of_week_operator.py for tasks to queue
[2024-02-23T16:27:43.235+0530] {logging_mixin.py:188} INFO - [2024-02-23T16:27:43.235+0530] {dagbag.py:538} INFO - Filling up the DagBag from /home/lucky/.local/lib/python3.10/site-packages/airflow/example_dags/example_branch_day_of_week_operator.py
[2024-02-23T16:27:43.243+0530] {processor.py:840} INFO - DAG(s) 'example_weekday_branch_operator' retrieved from /home/lucky/.local/lib/python3.10/site-packages/airflow/example_dags/example_branch_day_of_week_operator.py
[2024-02-23T16:27:43.257+0530] {logging_mixin.py:188} INFO - [2024-02-23T16:27:43.257+0530] {dag.py:3036} INFO - Sync 1 DAGs
[2024-02-23T16:27:43.276+0530] {logging_mixin.py:188} INFO - [2024-02-23T16:27:43.276+0530] {dag.py:3823} INFO - Setting next_dagrun for example_weekday_branch_operator to 2024-02-22 00:00:00+00:00, run_after=2024-02-23 00:00:00+00:00
[2024-02-23T16:27:43.296+0530] {processor.py:183} INFO - Processing /home/lucky/.local/lib/python3.10/site-packages/airflow/example_dags/example_branch_day_of_week_operator.py took 0.066 seconds
[2024-02-23T16:28:39.072+0530] {processor.py:161} INFO - Started process (PID=3094) to work on /home/lucky/.local/lib/python3.10/site-packages/airflow/example_dags/example_branch_day_of_week_operator.py
[2024-02-23T16:28:39.074+0530] {processor.py:830} INFO - Processing file /home/lucky/.local/lib/python3.10/site-packages/airflow/example_dags/example_branch_day_of_week_operator.py for tasks to queue
[2024-02-23T16:28:39.075+0530] {logging_mixin.py:188} INFO - [2024-02-23T16:28:39.074+0530] {dagbag.py:538} INFO - Filling up the DagBag from /home/lucky/.local/lib/python3.10/site-packages/airflow/example_dags/example_branch_day_of_week_operator.py
[2024-02-23T16:28:39.082+0530] {processor.py:840} INFO - DAG(s) 'example_weekday_branch_operator' retrieved from /home/lucky/.local/lib/python3.10/site-packages/airflow/example_dags/example_branch_day_of_week_operator.py
[2024-02-23T16:28:39.097+0530] {logging_mixin.py:188} INFO - [2024-02-23T16:28:39.097+0530] {dag.py:3036} INFO - Sync 1 DAGs
[2024-02-23T16:28:39.116+0530] {logging_mixin.py:188} INFO - [2024-02-23T16:28:39.115+0530] {dag.py:3823} INFO - Setting next_dagrun for example_weekday_branch_operator to 2024-02-22 00:00:00+00:00, run_after=2024-02-23 00:00:00+00:00
[2024-02-23T16:28:39.137+0530] {processor.py:183} INFO - Processing /home/lucky/.local/lib/python3.10/site-packages/airflow/example_dags/example_branch_day_of_week_operator.py took 0.067 seconds
[2024-02-23T16:29:29.631+0530] {processor.py:161} INFO - Started process (PID=3151) to work on /home/lucky/.local/lib/python3.10/site-packages/airflow/example_dags/example_branch_day_of_week_operator.py
[2024-02-23T16:29:29.643+0530] {processor.py:830} INFO - Processing file /home/lucky/.local/lib/python3.10/site-packages/airflow/example_dags/example_branch_day_of_week_operator.py for tasks to queue
[2024-02-23T16:29:29.644+0530] {logging_mixin.py:188} INFO - [2024-02-23T16:29:29.644+0530] {dagbag.py:538} INFO - Filling up the DagBag from /home/lucky/.local/lib/python3.10/site-packages/airflow/example_dags/example_branch_day_of_week_operator.py
[2024-02-23T16:29:29.652+0530] {processor.py:840} INFO - DAG(s) 'example_weekday_branch_operator' retrieved from /home/lucky/.local/lib/python3.10/site-packages/airflow/example_dags/example_branch_day_of_week_operator.py
[2024-02-23T16:29:29.666+0530] {logging_mixin.py:188} INFO - [2024-02-23T16:29:29.666+0530] {dag.py:3036} INFO - Sync 1 DAGs
[2024-02-23T16:29:29.684+0530] {logging_mixin.py:188} INFO - [2024-02-23T16:29:29.684+0530] {dag.py:3823} INFO - Setting next_dagrun for example_weekday_branch_operator to 2024-02-22 00:00:00+00:00, run_after=2024-02-23 00:00:00+00:00
[2024-02-23T16:29:29.706+0530] {processor.py:183} INFO - Processing /home/lucky/.local/lib/python3.10/site-packages/airflow/example_dags/example_branch_day_of_week_operator.py took 0.077 seconds
[2024-02-23T16:30:30.434+0530] {processor.py:161} INFO - Started process (PID=3221) to work on /home/lucky/.local/lib/python3.10/site-packages/airflow/example_dags/example_branch_day_of_week_operator.py
[2024-02-23T16:30:30.436+0530] {processor.py:830} INFO - Processing file /home/lucky/.local/lib/python3.10/site-packages/airflow/example_dags/example_branch_day_of_week_operator.py for tasks to queue
[2024-02-23T16:30:30.438+0530] {logging_mixin.py:188} INFO - [2024-02-23T16:30:30.437+0530] {dagbag.py:538} INFO - Filling up the DagBag from /home/lucky/.local/lib/python3.10/site-packages/airflow/example_dags/example_branch_day_of_week_operator.py
[2024-02-23T16:30:30.446+0530] {processor.py:840} INFO - DAG(s) 'example_weekday_branch_operator' retrieved from /home/lucky/.local/lib/python3.10/site-packages/airflow/example_dags/example_branch_day_of_week_operator.py
[2024-02-23T16:30:30.473+0530] {logging_mixin.py:188} INFO - [2024-02-23T16:30:30.473+0530] {dag.py:3036} INFO - Sync 1 DAGs
[2024-02-23T16:30:30.514+0530] {logging_mixin.py:188} INFO - [2024-02-23T16:30:30.514+0530] {dag.py:3823} INFO - Setting next_dagrun for example_weekday_branch_operator to 2024-02-22 00:00:00+00:00, run_after=2024-02-23 00:00:00+00:00
[2024-02-23T16:30:30.537+0530] {processor.py:183} INFO - Processing /home/lucky/.local/lib/python3.10/site-packages/airflow/example_dags/example_branch_day_of_week_operator.py took 0.115 seconds
[2024-02-23T16:31:28.822+0530] {processor.py:161} INFO - Started process (PID=3282) to work on /home/lucky/.local/lib/python3.10/site-packages/airflow/example_dags/example_branch_day_of_week_operator.py
[2024-02-23T16:31:28.834+0530] {processor.py:830} INFO - Processing file /home/lucky/.local/lib/python3.10/site-packages/airflow/example_dags/example_branch_day_of_week_operator.py for tasks to queue
[2024-02-23T16:31:28.835+0530] {logging_mixin.py:188} INFO - [2024-02-23T16:31:28.834+0530] {dagbag.py:538} INFO - Filling up the DagBag from /home/lucky/.local/lib/python3.10/site-packages/airflow/example_dags/example_branch_day_of_week_operator.py
[2024-02-23T16:31:28.842+0530] {processor.py:840} INFO - DAG(s) 'example_weekday_branch_operator' retrieved from /home/lucky/.local/lib/python3.10/site-packages/airflow/example_dags/example_branch_day_of_week_operator.py
[2024-02-23T16:31:28.856+0530] {logging_mixin.py:188} INFO - [2024-02-23T16:31:28.856+0530] {dag.py:3036} INFO - Sync 1 DAGs
[2024-02-23T16:31:28.875+0530] {logging_mixin.py:188} INFO - [2024-02-23T16:31:28.874+0530] {dag.py:3823} INFO - Setting next_dagrun for example_weekday_branch_operator to 2024-02-22 00:00:00+00:00, run_after=2024-02-23 00:00:00+00:00
[2024-02-23T16:31:28.896+0530] {processor.py:183} INFO - Processing /home/lucky/.local/lib/python3.10/site-packages/airflow/example_dags/example_branch_day_of_week_operator.py took 0.078 seconds
[2024-02-23T16:32:25.442+0530] {processor.py:161} INFO - Started process (PID=3342) to work on /home/lucky/.local/lib/python3.10/site-packages/airflow/example_dags/example_branch_day_of_week_operator.py
[2024-02-23T16:32:25.444+0530] {processor.py:830} INFO - Processing file /home/lucky/.local/lib/python3.10/site-packages/airflow/example_dags/example_branch_day_of_week_operator.py for tasks to queue
[2024-02-23T16:32:25.445+0530] {logging_mixin.py:188} INFO - [2024-02-23T16:32:25.444+0530] {dagbag.py:538} INFO - Filling up the DagBag from /home/lucky/.local/lib/python3.10/site-packages/airflow/example_dags/example_branch_day_of_week_operator.py
[2024-02-23T16:32:25.452+0530] {processor.py:840} INFO - DAG(s) 'example_weekday_branch_operator' retrieved from /home/lucky/.local/lib/python3.10/site-packages/airflow/example_dags/example_branch_day_of_week_operator.py
[2024-02-23T16:32:25.467+0530] {logging_mixin.py:188} INFO - [2024-02-23T16:32:25.466+0530] {dag.py:3036} INFO - Sync 1 DAGs
[2024-02-23T16:32:25.485+0530] {logging_mixin.py:188} INFO - [2024-02-23T16:32:25.485+0530] {dag.py:3823} INFO - Setting next_dagrun for example_weekday_branch_operator to 2024-02-22 00:00:00+00:00, run_after=2024-02-23 00:00:00+00:00
[2024-02-23T16:32:25.508+0530] {processor.py:183} INFO - Processing /home/lucky/.local/lib/python3.10/site-packages/airflow/example_dags/example_branch_day_of_week_operator.py took 0.069 seconds
[2024-02-23T16:33:20.930+0530] {processor.py:161} INFO - Started process (PID=3405) to work on /home/lucky/.local/lib/python3.10/site-packages/airflow/example_dags/example_branch_day_of_week_operator.py
[2024-02-23T16:33:20.932+0530] {processor.py:830} INFO - Processing file /home/lucky/.local/lib/python3.10/site-packages/airflow/example_dags/example_branch_day_of_week_operator.py for tasks to queue
[2024-02-23T16:33:20.933+0530] {logging_mixin.py:188} INFO - [2024-02-23T16:33:20.933+0530] {dagbag.py:538} INFO - Filling up the DagBag from /home/lucky/.local/lib/python3.10/site-packages/airflow/example_dags/example_branch_day_of_week_operator.py
[2024-02-23T16:33:20.941+0530] {processor.py:840} INFO - DAG(s) 'example_weekday_branch_operator' retrieved from /home/lucky/.local/lib/python3.10/site-packages/airflow/example_dags/example_branch_day_of_week_operator.py
[2024-02-23T16:33:20.955+0530] {logging_mixin.py:188} INFO - [2024-02-23T16:33:20.955+0530] {dag.py:3036} INFO - Sync 1 DAGs
[2024-02-23T16:33:20.973+0530] {logging_mixin.py:188} INFO - [2024-02-23T16:33:20.973+0530] {dag.py:3823} INFO - Setting next_dagrun for example_weekday_branch_operator to 2024-02-22 00:00:00+00:00, run_after=2024-02-23 00:00:00+00:00
[2024-02-23T16:33:20.995+0530] {processor.py:183} INFO - Processing /home/lucky/.local/lib/python3.10/site-packages/airflow/example_dags/example_branch_day_of_week_operator.py took 0.068 seconds
[2024-02-23T16:34:18.118+0530] {processor.py:161} INFO - Started process (PID=3465) to work on /home/lucky/.local/lib/python3.10/site-packages/airflow/example_dags/example_branch_day_of_week_operator.py
[2024-02-23T16:34:18.121+0530] {processor.py:830} INFO - Processing file /home/lucky/.local/lib/python3.10/site-packages/airflow/example_dags/example_branch_day_of_week_operator.py for tasks to queue
[2024-02-23T16:34:18.122+0530] {logging_mixin.py:188} INFO - [2024-02-23T16:34:18.122+0530] {dagbag.py:538} INFO - Filling up the DagBag from /home/lucky/.local/lib/python3.10/site-packages/airflow/example_dags/example_branch_day_of_week_operator.py
[2024-02-23T16:34:18.129+0530] {processor.py:840} INFO - DAG(s) 'example_weekday_branch_operator' retrieved from /home/lucky/.local/lib/python3.10/site-packages/airflow/example_dags/example_branch_day_of_week_operator.py
[2024-02-23T16:34:18.144+0530] {logging_mixin.py:188} INFO - [2024-02-23T16:34:18.143+0530] {dag.py:3036} INFO - Sync 1 DAGs
[2024-02-23T16:34:18.163+0530] {logging_mixin.py:188} INFO - [2024-02-23T16:34:18.162+0530] {dag.py:3823} INFO - Setting next_dagrun for example_weekday_branch_operator to 2024-02-22 00:00:00+00:00, run_after=2024-02-23 00:00:00+00:00
[2024-02-23T16:34:18.183+0530] {processor.py:183} INFO - Processing /home/lucky/.local/lib/python3.10/site-packages/airflow/example_dags/example_branch_day_of_week_operator.py took 0.068 seconds
[2024-02-23T16:35:09.240+0530] {processor.py:161} INFO - Started process (PID=3525) to work on /home/lucky/.local/lib/python3.10/site-packages/airflow/example_dags/example_branch_day_of_week_operator.py
[2024-02-23T16:35:09.242+0530] {processor.py:830} INFO - Processing file /home/lucky/.local/lib/python3.10/site-packages/airflow/example_dags/example_branch_day_of_week_operator.py for tasks to queue
[2024-02-23T16:35:09.243+0530] {logging_mixin.py:188} INFO - [2024-02-23T16:35:09.243+0530] {dagbag.py:538} INFO - Filling up the DagBag from /home/lucky/.local/lib/python3.10/site-packages/airflow/example_dags/example_branch_day_of_week_operator.py
[2024-02-23T16:35:09.250+0530] {processor.py:840} INFO - DAG(s) 'example_weekday_branch_operator' retrieved from /home/lucky/.local/lib/python3.10/site-packages/airflow/example_dags/example_branch_day_of_week_operator.py
[2024-02-23T16:35:09.264+0530] {logging_mixin.py:188} INFO - [2024-02-23T16:35:09.264+0530] {dag.py:3036} INFO - Sync 1 DAGs
[2024-02-23T16:35:09.285+0530] {logging_mixin.py:188} INFO - [2024-02-23T16:35:09.285+0530] {dag.py:3823} INFO - Setting next_dagrun for example_weekday_branch_operator to 2024-02-22 00:00:00+00:00, run_after=2024-02-23 00:00:00+00:00
[2024-02-23T16:35:09.307+0530] {processor.py:183} INFO - Processing /home/lucky/.local/lib/python3.10/site-packages/airflow/example_dags/example_branch_day_of_week_operator.py took 0.073 seconds
[2024-02-23T16:36:03.281+0530] {processor.py:161} INFO - Started process (PID=3584) to work on /home/lucky/.local/lib/python3.10/site-packages/airflow/example_dags/example_branch_day_of_week_operator.py
[2024-02-23T16:36:03.293+0530] {processor.py:830} INFO - Processing file /home/lucky/.local/lib/python3.10/site-packages/airflow/example_dags/example_branch_day_of_week_operator.py for tasks to queue
[2024-02-23T16:36:03.294+0530] {logging_mixin.py:188} INFO - [2024-02-23T16:36:03.294+0530] {dagbag.py:538} INFO - Filling up the DagBag from /home/lucky/.local/lib/python3.10/site-packages/airflow/example_dags/example_branch_day_of_week_operator.py
[2024-02-23T16:36:03.301+0530] {processor.py:840} INFO - DAG(s) 'example_weekday_branch_operator' retrieved from /home/lucky/.local/lib/python3.10/site-packages/airflow/example_dags/example_branch_day_of_week_operator.py
[2024-02-23T16:36:03.316+0530] {logging_mixin.py:188} INFO - [2024-02-23T16:36:03.315+0530] {dag.py:3036} INFO - Sync 1 DAGs
[2024-02-23T16:36:03.336+0530] {logging_mixin.py:188} INFO - [2024-02-23T16:36:03.336+0530] {dag.py:3823} INFO - Setting next_dagrun for example_weekday_branch_operator to 2024-02-22 00:00:00+00:00, run_after=2024-02-23 00:00:00+00:00
[2024-02-23T16:36:03.358+0530] {processor.py:183} INFO - Processing /home/lucky/.local/lib/python3.10/site-packages/airflow/example_dags/example_branch_day_of_week_operator.py took 0.079 seconds
[2024-02-23T16:36:58.759+0530] {processor.py:161} INFO - Started process (PID=3644) to work on /home/lucky/.local/lib/python3.10/site-packages/airflow/example_dags/example_branch_day_of_week_operator.py
[2024-02-23T16:36:58.771+0530] {processor.py:830} INFO - Processing file /home/lucky/.local/lib/python3.10/site-packages/airflow/example_dags/example_branch_day_of_week_operator.py for tasks to queue
[2024-02-23T16:36:58.772+0530] {logging_mixin.py:188} INFO - [2024-02-23T16:36:58.772+0530] {dagbag.py:538} INFO - Filling up the DagBag from /home/lucky/.local/lib/python3.10/site-packages/airflow/example_dags/example_branch_day_of_week_operator.py
[2024-02-23T16:36:58.779+0530] {processor.py:840} INFO - DAG(s) 'example_weekday_branch_operator' retrieved from /home/lucky/.local/lib/python3.10/site-packages/airflow/example_dags/example_branch_day_of_week_operator.py
[2024-02-23T16:36:58.793+0530] {logging_mixin.py:188} INFO - [2024-02-23T16:36:58.793+0530] {dag.py:3036} INFO - Sync 1 DAGs
[2024-02-23T16:36:58.813+0530] {logging_mixin.py:188} INFO - [2024-02-23T16:36:58.812+0530] {dag.py:3823} INFO - Setting next_dagrun for example_weekday_branch_operator to 2024-02-22 00:00:00+00:00, run_after=2024-02-23 00:00:00+00:00
[2024-02-23T16:36:58.835+0530] {processor.py:183} INFO - Processing /home/lucky/.local/lib/python3.10/site-packages/airflow/example_dags/example_branch_day_of_week_operator.py took 0.079 seconds
[2024-02-23T16:37:51.140+0530] {processor.py:161} INFO - Started process (PID=3701) to work on /home/lucky/.local/lib/python3.10/site-packages/airflow/example_dags/example_branch_day_of_week_operator.py
[2024-02-23T16:37:51.141+0530] {processor.py:830} INFO - Processing file /home/lucky/.local/lib/python3.10/site-packages/airflow/example_dags/example_branch_day_of_week_operator.py for tasks to queue
[2024-02-23T16:37:51.142+0530] {logging_mixin.py:188} INFO - [2024-02-23T16:37:51.142+0530] {dagbag.py:538} INFO - Filling up the DagBag from /home/lucky/.local/lib/python3.10/site-packages/airflow/example_dags/example_branch_day_of_week_operator.py
[2024-02-23T16:37:51.149+0530] {processor.py:840} INFO - DAG(s) 'example_weekday_branch_operator' retrieved from /home/lucky/.local/lib/python3.10/site-packages/airflow/example_dags/example_branch_day_of_week_operator.py
[2024-02-23T16:37:51.163+0530] {logging_mixin.py:188} INFO - [2024-02-23T16:37:51.163+0530] {dag.py:3036} INFO - Sync 1 DAGs
[2024-02-23T16:37:51.182+0530] {logging_mixin.py:188} INFO - [2024-02-23T16:37:51.181+0530] {dag.py:3823} INFO - Setting next_dagrun for example_weekday_branch_operator to 2024-02-22 00:00:00+00:00, run_after=2024-02-23 00:00:00+00:00
[2024-02-23T16:37:51.204+0530] {processor.py:183} INFO - Processing /home/lucky/.local/lib/python3.10/site-packages/airflow/example_dags/example_branch_day_of_week_operator.py took 0.067 seconds
[2024-02-23T16:38:44.138+0530] {processor.py:161} INFO - Started process (PID=3757) to work on /home/lucky/.local/lib/python3.10/site-packages/airflow/example_dags/example_branch_day_of_week_operator.py
[2024-02-23T16:38:44.150+0530] {processor.py:830} INFO - Processing file /home/lucky/.local/lib/python3.10/site-packages/airflow/example_dags/example_branch_day_of_week_operator.py for tasks to queue
[2024-02-23T16:38:44.151+0530] {logging_mixin.py:188} INFO - [2024-02-23T16:38:44.151+0530] {dagbag.py:538} INFO - Filling up the DagBag from /home/lucky/.local/lib/python3.10/site-packages/airflow/example_dags/example_branch_day_of_week_operator.py
[2024-02-23T16:38:44.157+0530] {processor.py:840} INFO - DAG(s) 'example_weekday_branch_operator' retrieved from /home/lucky/.local/lib/python3.10/site-packages/airflow/example_dags/example_branch_day_of_week_operator.py
[2024-02-23T16:38:44.172+0530] {logging_mixin.py:188} INFO - [2024-02-23T16:38:44.171+0530] {dag.py:3036} INFO - Sync 1 DAGs
[2024-02-23T16:38:44.190+0530] {logging_mixin.py:188} INFO - [2024-02-23T16:38:44.190+0530] {dag.py:3823} INFO - Setting next_dagrun for example_weekday_branch_operator to 2024-02-22 00:00:00+00:00, run_after=2024-02-23 00:00:00+00:00
[2024-02-23T16:38:44.210+0530] {processor.py:183} INFO - Processing /home/lucky/.local/lib/python3.10/site-packages/airflow/example_dags/example_branch_day_of_week_operator.py took 0.075 seconds
[2024-02-23T16:39:40.236+0530] {processor.py:161} INFO - Started process (PID=3817) to work on /home/lucky/.local/lib/python3.10/site-packages/airflow/example_dags/example_branch_day_of_week_operator.py
[2024-02-23T16:39:40.248+0530] {processor.py:830} INFO - Processing file /home/lucky/.local/lib/python3.10/site-packages/airflow/example_dags/example_branch_day_of_week_operator.py for tasks to queue
[2024-02-23T16:39:40.249+0530] {logging_mixin.py:188} INFO - [2024-02-23T16:39:40.249+0530] {dagbag.py:538} INFO - Filling up the DagBag from /home/lucky/.local/lib/python3.10/site-packages/airflow/example_dags/example_branch_day_of_week_operator.py
[2024-02-23T16:39:40.256+0530] {processor.py:840} INFO - DAG(s) 'example_weekday_branch_operator' retrieved from /home/lucky/.local/lib/python3.10/site-packages/airflow/example_dags/example_branch_day_of_week_operator.py
[2024-02-23T16:39:40.270+0530] {logging_mixin.py:188} INFO - [2024-02-23T16:39:40.270+0530] {dag.py:3036} INFO - Sync 1 DAGs
[2024-02-23T16:39:40.290+0530] {logging_mixin.py:188} INFO - [2024-02-23T16:39:40.289+0530] {dag.py:3823} INFO - Setting next_dagrun for example_weekday_branch_operator to 2024-02-22 00:00:00+00:00, run_after=2024-02-23 00:00:00+00:00
[2024-02-23T16:39:40.310+0530] {processor.py:183} INFO - Processing /home/lucky/.local/lib/python3.10/site-packages/airflow/example_dags/example_branch_day_of_week_operator.py took 0.077 seconds
[2024-02-23T16:40:28.984+0530] {processor.py:161} INFO - Started process (PID=3870) to work on /home/lucky/.local/lib/python3.10/site-packages/airflow/example_dags/example_branch_day_of_week_operator.py
[2024-02-23T16:40:28.995+0530] {processor.py:830} INFO - Processing file /home/lucky/.local/lib/python3.10/site-packages/airflow/example_dags/example_branch_day_of_week_operator.py for tasks to queue
[2024-02-23T16:40:28.997+0530] {logging_mixin.py:188} INFO - [2024-02-23T16:40:28.996+0530] {dagbag.py:538} INFO - Filling up the DagBag from /home/lucky/.local/lib/python3.10/site-packages/airflow/example_dags/example_branch_day_of_week_operator.py
[2024-02-23T16:40:29.007+0530] {processor.py:840} INFO - DAG(s) 'example_weekday_branch_operator' retrieved from /home/lucky/.local/lib/python3.10/site-packages/airflow/example_dags/example_branch_day_of_week_operator.py
[2024-02-23T16:40:29.021+0530] {logging_mixin.py:188} INFO - [2024-02-23T16:40:29.021+0530] {dag.py:3036} INFO - Sync 1 DAGs
[2024-02-23T16:40:29.040+0530] {logging_mixin.py:188} INFO - [2024-02-23T16:40:29.039+0530] {dag.py:3823} INFO - Setting next_dagrun for example_weekday_branch_operator to 2024-02-22 00:00:00+00:00, run_after=2024-02-23 00:00:00+00:00
[2024-02-23T16:40:29.062+0530] {processor.py:183} INFO - Processing /home/lucky/.local/lib/python3.10/site-packages/airflow/example_dags/example_branch_day_of_week_operator.py took 0.081 seconds
[2024-02-23T16:41:24.286+0530] {processor.py:161} INFO - Started process (PID=3930) to work on /home/lucky/.local/lib/python3.10/site-packages/airflow/example_dags/example_branch_day_of_week_operator.py
[2024-02-23T16:41:24.289+0530] {processor.py:830} INFO - Processing file /home/lucky/.local/lib/python3.10/site-packages/airflow/example_dags/example_branch_day_of_week_operator.py for tasks to queue
[2024-02-23T16:41:24.291+0530] {logging_mixin.py:188} INFO - [2024-02-23T16:41:24.290+0530] {dagbag.py:538} INFO - Filling up the DagBag from /home/lucky/.local/lib/python3.10/site-packages/airflow/example_dags/example_branch_day_of_week_operator.py
[2024-02-23T16:41:24.302+0530] {processor.py:840} INFO - DAG(s) 'example_weekday_branch_operator' retrieved from /home/lucky/.local/lib/python3.10/site-packages/airflow/example_dags/example_branch_day_of_week_operator.py
[2024-02-23T16:41:24.323+0530] {logging_mixin.py:188} INFO - [2024-02-23T16:41:24.323+0530] {dag.py:3036} INFO - Sync 1 DAGs
[2024-02-23T16:41:24.355+0530] {logging_mixin.py:188} INFO - [2024-02-23T16:41:24.355+0530] {dag.py:3823} INFO - Setting next_dagrun for example_weekday_branch_operator to 2024-02-22 00:00:00+00:00, run_after=2024-02-23 00:00:00+00:00
[2024-02-23T16:41:24.387+0530] {processor.py:183} INFO - Processing /home/lucky/.local/lib/python3.10/site-packages/airflow/example_dags/example_branch_day_of_week_operator.py took 0.109 seconds
[2024-02-23T16:42:19.821+0530] {processor.py:161} INFO - Started process (PID=3987) to work on /home/lucky/.local/lib/python3.10/site-packages/airflow/example_dags/example_branch_day_of_week_operator.py
[2024-02-23T16:42:19.822+0530] {processor.py:830} INFO - Processing file /home/lucky/.local/lib/python3.10/site-packages/airflow/example_dags/example_branch_day_of_week_operator.py for tasks to queue
[2024-02-23T16:42:19.823+0530] {logging_mixin.py:188} INFO - [2024-02-23T16:42:19.823+0530] {dagbag.py:538} INFO - Filling up the DagBag from /home/lucky/.local/lib/python3.10/site-packages/airflow/example_dags/example_branch_day_of_week_operator.py
[2024-02-23T16:42:19.831+0530] {processor.py:840} INFO - DAG(s) 'example_weekday_branch_operator' retrieved from /home/lucky/.local/lib/python3.10/site-packages/airflow/example_dags/example_branch_day_of_week_operator.py
[2024-02-23T16:42:19.848+0530] {logging_mixin.py:188} INFO - [2024-02-23T16:42:19.848+0530] {dag.py:3036} INFO - Sync 1 DAGs
[2024-02-23T16:42:19.879+0530] {logging_mixin.py:188} INFO - [2024-02-23T16:42:19.878+0530] {dag.py:3823} INFO - Setting next_dagrun for example_weekday_branch_operator to 2024-02-22 00:00:00+00:00, run_after=2024-02-23 00:00:00+00:00
[2024-02-23T16:42:19.906+0530] {processor.py:183} INFO - Processing /home/lucky/.local/lib/python3.10/site-packages/airflow/example_dags/example_branch_day_of_week_operator.py took 0.088 seconds
[2024-02-23T16:43:18.301+0530] {processor.py:161} INFO - Started process (PID=4053) to work on /home/lucky/.local/lib/python3.10/site-packages/airflow/example_dags/example_branch_day_of_week_operator.py
[2024-02-23T16:43:18.303+0530] {processor.py:830} INFO - Processing file /home/lucky/.local/lib/python3.10/site-packages/airflow/example_dags/example_branch_day_of_week_operator.py for tasks to queue
[2024-02-23T16:43:18.303+0530] {logging_mixin.py:188} INFO - [2024-02-23T16:43:18.303+0530] {dagbag.py:538} INFO - Filling up the DagBag from /home/lucky/.local/lib/python3.10/site-packages/airflow/example_dags/example_branch_day_of_week_operator.py
[2024-02-23T16:43:18.311+0530] {processor.py:840} INFO - DAG(s) 'example_weekday_branch_operator' retrieved from /home/lucky/.local/lib/python3.10/site-packages/airflow/example_dags/example_branch_day_of_week_operator.py
[2024-02-23T16:43:18.328+0530] {logging_mixin.py:188} INFO - [2024-02-23T16:43:18.328+0530] {dag.py:3036} INFO - Sync 1 DAGs
[2024-02-23T16:43:18.353+0530] {logging_mixin.py:188} INFO - [2024-02-23T16:43:18.352+0530] {dag.py:3823} INFO - Setting next_dagrun for example_weekday_branch_operator to 2024-02-22 00:00:00+00:00, run_after=2024-02-23 00:00:00+00:00
[2024-02-23T16:43:18.373+0530] {processor.py:183} INFO - Processing /home/lucky/.local/lib/python3.10/site-packages/airflow/example_dags/example_branch_day_of_week_operator.py took 0.075 seconds
[2024-02-23T16:44:11.933+0530] {processor.py:161} INFO - Started process (PID=4111) to work on /home/lucky/.local/lib/python3.10/site-packages/airflow/example_dags/example_branch_day_of_week_operator.py
[2024-02-23T16:44:11.935+0530] {processor.py:830} INFO - Processing file /home/lucky/.local/lib/python3.10/site-packages/airflow/example_dags/example_branch_day_of_week_operator.py for tasks to queue
[2024-02-23T16:44:11.936+0530] {logging_mixin.py:188} INFO - [2024-02-23T16:44:11.936+0530] {dagbag.py:538} INFO - Filling up the DagBag from /home/lucky/.local/lib/python3.10/site-packages/airflow/example_dags/example_branch_day_of_week_operator.py
[2024-02-23T16:44:11.944+0530] {processor.py:840} INFO - DAG(s) 'example_weekday_branch_operator' retrieved from /home/lucky/.local/lib/python3.10/site-packages/airflow/example_dags/example_branch_day_of_week_operator.py
[2024-02-23T16:44:11.959+0530] {logging_mixin.py:188} INFO - [2024-02-23T16:44:11.959+0530] {dag.py:3036} INFO - Sync 1 DAGs
[2024-02-23T16:44:11.978+0530] {logging_mixin.py:188} INFO - [2024-02-23T16:44:11.978+0530] {dag.py:3823} INFO - Setting next_dagrun for example_weekday_branch_operator to 2024-02-22 00:00:00+00:00, run_after=2024-02-23 00:00:00+00:00
[2024-02-23T16:44:11.999+0530] {processor.py:183} INFO - Processing /home/lucky/.local/lib/python3.10/site-packages/airflow/example_dags/example_branch_day_of_week_operator.py took 0.068 seconds
[2024-02-23T16:45:07.462+0530] {processor.py:161} INFO - Started process (PID=4175) to work on /home/lucky/.local/lib/python3.10/site-packages/airflow/example_dags/example_branch_day_of_week_operator.py
[2024-02-23T16:45:07.464+0530] {processor.py:830} INFO - Processing file /home/lucky/.local/lib/python3.10/site-packages/airflow/example_dags/example_branch_day_of_week_operator.py for tasks to queue
[2024-02-23T16:45:07.465+0530] {logging_mixin.py:188} INFO - [2024-02-23T16:45:07.464+0530] {dagbag.py:538} INFO - Filling up the DagBag from /home/lucky/.local/lib/python3.10/site-packages/airflow/example_dags/example_branch_day_of_week_operator.py
[2024-02-23T16:45:07.471+0530] {processor.py:840} INFO - DAG(s) 'example_weekday_branch_operator' retrieved from /home/lucky/.local/lib/python3.10/site-packages/airflow/example_dags/example_branch_day_of_week_operator.py
[2024-02-23T16:45:07.486+0530] {logging_mixin.py:188} INFO - [2024-02-23T16:45:07.485+0530] {dag.py:3036} INFO - Sync 1 DAGs
[2024-02-23T16:45:07.504+0530] {logging_mixin.py:188} INFO - [2024-02-23T16:45:07.504+0530] {dag.py:3823} INFO - Setting next_dagrun for example_weekday_branch_operator to 2024-02-22 00:00:00+00:00, run_after=2024-02-23 00:00:00+00:00
[2024-02-23T16:45:07.525+0530] {processor.py:183} INFO - Processing /home/lucky/.local/lib/python3.10/site-packages/airflow/example_dags/example_branch_day_of_week_operator.py took 0.066 seconds
[2024-02-23T16:45:58.816+0530] {processor.py:161} INFO - Started process (PID=4230) to work on /home/lucky/.local/lib/python3.10/site-packages/airflow/example_dags/example_branch_day_of_week_operator.py
[2024-02-23T16:45:58.818+0530] {processor.py:830} INFO - Processing file /home/lucky/.local/lib/python3.10/site-packages/airflow/example_dags/example_branch_day_of_week_operator.py for tasks to queue
[2024-02-23T16:45:58.818+0530] {logging_mixin.py:188} INFO - [2024-02-23T16:45:58.818+0530] {dagbag.py:538} INFO - Filling up the DagBag from /home/lucky/.local/lib/python3.10/site-packages/airflow/example_dags/example_branch_day_of_week_operator.py
[2024-02-23T16:45:58.825+0530] {processor.py:840} INFO - DAG(s) 'example_weekday_branch_operator' retrieved from /home/lucky/.local/lib/python3.10/site-packages/airflow/example_dags/example_branch_day_of_week_operator.py
[2024-02-23T16:45:58.840+0530] {logging_mixin.py:188} INFO - [2024-02-23T16:45:58.840+0530] {dag.py:3036} INFO - Sync 1 DAGs
[2024-02-23T16:45:58.860+0530] {logging_mixin.py:188} INFO - [2024-02-23T16:45:58.860+0530] {dag.py:3823} INFO - Setting next_dagrun for example_weekday_branch_operator to 2024-02-22 00:00:00+00:00, run_after=2024-02-23 00:00:00+00:00
[2024-02-23T16:45:58.883+0530] {processor.py:183} INFO - Processing /home/lucky/.local/lib/python3.10/site-packages/airflow/example_dags/example_branch_day_of_week_operator.py took 0.069 seconds
[2024-02-23T16:46:52.191+0530] {processor.py:161} INFO - Started process (PID=4287) to work on /home/lucky/.local/lib/python3.10/site-packages/airflow/example_dags/example_branch_day_of_week_operator.py
[2024-02-23T16:46:52.192+0530] {processor.py:830} INFO - Processing file /home/lucky/.local/lib/python3.10/site-packages/airflow/example_dags/example_branch_day_of_week_operator.py for tasks to queue
[2024-02-23T16:46:52.193+0530] {logging_mixin.py:188} INFO - [2024-02-23T16:46:52.193+0530] {dagbag.py:538} INFO - Filling up the DagBag from /home/lucky/.local/lib/python3.10/site-packages/airflow/example_dags/example_branch_day_of_week_operator.py
[2024-02-23T16:46:52.200+0530] {processor.py:840} INFO - DAG(s) 'example_weekday_branch_operator' retrieved from /home/lucky/.local/lib/python3.10/site-packages/airflow/example_dags/example_branch_day_of_week_operator.py
[2024-02-23T16:46:52.214+0530] {logging_mixin.py:188} INFO - [2024-02-23T16:46:52.214+0530] {dag.py:3036} INFO - Sync 1 DAGs
[2024-02-23T16:46:52.233+0530] {logging_mixin.py:188} INFO - [2024-02-23T16:46:52.233+0530] {dag.py:3823} INFO - Setting next_dagrun for example_weekday_branch_operator to 2024-02-22 00:00:00+00:00, run_after=2024-02-23 00:00:00+00:00
[2024-02-23T16:46:52.254+0530] {processor.py:183} INFO - Processing /home/lucky/.local/lib/python3.10/site-packages/airflow/example_dags/example_branch_day_of_week_operator.py took 0.066 seconds
[2024-02-23T16:47:46.080+0530] {processor.py:161} INFO - Started process (PID=4342) to work on /home/lucky/.local/lib/python3.10/site-packages/airflow/example_dags/example_branch_day_of_week_operator.py
[2024-02-23T16:47:46.092+0530] {processor.py:830} INFO - Processing file /home/lucky/.local/lib/python3.10/site-packages/airflow/example_dags/example_branch_day_of_week_operator.py for tasks to queue
[2024-02-23T16:47:46.093+0530] {logging_mixin.py:188} INFO - [2024-02-23T16:47:46.093+0530] {dagbag.py:538} INFO - Filling up the DagBag from /home/lucky/.local/lib/python3.10/site-packages/airflow/example_dags/example_branch_day_of_week_operator.py
[2024-02-23T16:47:46.100+0530] {processor.py:840} INFO - DAG(s) 'example_weekday_branch_operator' retrieved from /home/lucky/.local/lib/python3.10/site-packages/airflow/example_dags/example_branch_day_of_week_operator.py
[2024-02-23T16:47:46.114+0530] {logging_mixin.py:188} INFO - [2024-02-23T16:47:46.114+0530] {dag.py:3036} INFO - Sync 1 DAGs
[2024-02-23T16:47:46.133+0530] {logging_mixin.py:188} INFO - [2024-02-23T16:47:46.132+0530] {dag.py:3823} INFO - Setting next_dagrun for example_weekday_branch_operator to 2024-02-22 00:00:00+00:00, run_after=2024-02-23 00:00:00+00:00
[2024-02-23T16:47:46.154+0530] {processor.py:183} INFO - Processing /home/lucky/.local/lib/python3.10/site-packages/airflow/example_dags/example_branch_day_of_week_operator.py took 0.077 seconds
[2024-02-23T16:48:43.345+0530] {processor.py:161} INFO - Started process (PID=4401) to work on /home/lucky/.local/lib/python3.10/site-packages/airflow/example_dags/example_branch_day_of_week_operator.py
[2024-02-23T16:48:43.358+0530] {processor.py:830} INFO - Processing file /home/lucky/.local/lib/python3.10/site-packages/airflow/example_dags/example_branch_day_of_week_operator.py for tasks to queue
[2024-02-23T16:48:43.359+0530] {logging_mixin.py:188} INFO - [2024-02-23T16:48:43.359+0530] {dagbag.py:538} INFO - Filling up the DagBag from /home/lucky/.local/lib/python3.10/site-packages/airflow/example_dags/example_branch_day_of_week_operator.py
[2024-02-23T16:48:43.366+0530] {processor.py:840} INFO - DAG(s) 'example_weekday_branch_operator' retrieved from /home/lucky/.local/lib/python3.10/site-packages/airflow/example_dags/example_branch_day_of_week_operator.py
[2024-02-23T16:48:43.383+0530] {logging_mixin.py:188} INFO - [2024-02-23T16:48:43.383+0530] {dag.py:3036} INFO - Sync 1 DAGs
[2024-02-23T16:48:43.404+0530] {logging_mixin.py:188} INFO - [2024-02-23T16:48:43.403+0530] {dag.py:3823} INFO - Setting next_dagrun for example_weekday_branch_operator to 2024-02-22 00:00:00+00:00, run_after=2024-02-23 00:00:00+00:00
[2024-02-23T16:48:43.427+0530] {processor.py:183} INFO - Processing /home/lucky/.local/lib/python3.10/site-packages/airflow/example_dags/example_branch_day_of_week_operator.py took 0.085 seconds
[2024-02-23T16:49:34.447+0530] {processor.py:161} INFO - Started process (PID=4457) to work on /home/lucky/.local/lib/python3.10/site-packages/airflow/example_dags/example_branch_day_of_week_operator.py
[2024-02-23T16:49:34.448+0530] {processor.py:830} INFO - Processing file /home/lucky/.local/lib/python3.10/site-packages/airflow/example_dags/example_branch_day_of_week_operator.py for tasks to queue
[2024-02-23T16:49:34.449+0530] {logging_mixin.py:188} INFO - [2024-02-23T16:49:34.449+0530] {dagbag.py:538} INFO - Filling up the DagBag from /home/lucky/.local/lib/python3.10/site-packages/airflow/example_dags/example_branch_day_of_week_operator.py
[2024-02-23T16:49:34.456+0530] {processor.py:840} INFO - DAG(s) 'example_weekday_branch_operator' retrieved from /home/lucky/.local/lib/python3.10/site-packages/airflow/example_dags/example_branch_day_of_week_operator.py
[2024-02-23T16:49:34.471+0530] {logging_mixin.py:188} INFO - [2024-02-23T16:49:34.471+0530] {dag.py:3036} INFO - Sync 1 DAGs
[2024-02-23T16:49:34.491+0530] {logging_mixin.py:188} INFO - [2024-02-23T16:49:34.491+0530] {dag.py:3823} INFO - Setting next_dagrun for example_weekday_branch_operator to 2024-02-22 00:00:00+00:00, run_after=2024-02-23 00:00:00+00:00
[2024-02-23T16:49:34.513+0530] {processor.py:183} INFO - Processing /home/lucky/.local/lib/python3.10/site-packages/airflow/example_dags/example_branch_day_of_week_operator.py took 0.069 seconds
[2024-02-23T16:50:30.484+0530] {processor.py:161} INFO - Started process (PID=4514) to work on /home/lucky/.local/lib/python3.10/site-packages/airflow/example_dags/example_branch_day_of_week_operator.py
[2024-02-23T16:50:30.486+0530] {processor.py:830} INFO - Processing file /home/lucky/.local/lib/python3.10/site-packages/airflow/example_dags/example_branch_day_of_week_operator.py for tasks to queue
[2024-02-23T16:50:30.487+0530] {logging_mixin.py:188} INFO - [2024-02-23T16:50:30.486+0530] {dagbag.py:538} INFO - Filling up the DagBag from /home/lucky/.local/lib/python3.10/site-packages/airflow/example_dags/example_branch_day_of_week_operator.py
[2024-02-23T16:50:30.496+0530] {processor.py:840} INFO - DAG(s) 'example_weekday_branch_operator' retrieved from /home/lucky/.local/lib/python3.10/site-packages/airflow/example_dags/example_branch_day_of_week_operator.py
[2024-02-23T16:50:30.515+0530] {logging_mixin.py:188} INFO - [2024-02-23T16:50:30.515+0530] {dag.py:3036} INFO - Sync 1 DAGs
[2024-02-23T16:50:30.537+0530] {logging_mixin.py:188} INFO - [2024-02-23T16:50:30.536+0530] {dag.py:3823} INFO - Setting next_dagrun for example_weekday_branch_operator to 2024-02-22 00:00:00+00:00, run_after=2024-02-23 00:00:00+00:00
[2024-02-23T16:50:30.561+0530] {processor.py:183} INFO - Processing /home/lucky/.local/lib/python3.10/site-packages/airflow/example_dags/example_branch_day_of_week_operator.py took 0.083 seconds
[2024-02-23T16:51:26.171+0530] {processor.py:161} INFO - Started process (PID=4572) to work on /home/lucky/.local/lib/python3.10/site-packages/airflow/example_dags/example_branch_day_of_week_operator.py
[2024-02-23T16:51:26.173+0530] {processor.py:830} INFO - Processing file /home/lucky/.local/lib/python3.10/site-packages/airflow/example_dags/example_branch_day_of_week_operator.py for tasks to queue
[2024-02-23T16:51:26.174+0530] {logging_mixin.py:188} INFO - [2024-02-23T16:51:26.174+0530] {dagbag.py:538} INFO - Filling up the DagBag from /home/lucky/.local/lib/python3.10/site-packages/airflow/example_dags/example_branch_day_of_week_operator.py
[2024-02-23T16:51:26.181+0530] {processor.py:840} INFO - DAG(s) 'example_weekday_branch_operator' retrieved from /home/lucky/.local/lib/python3.10/site-packages/airflow/example_dags/example_branch_day_of_week_operator.py
[2024-02-23T16:51:26.200+0530] {logging_mixin.py:188} INFO - [2024-02-23T16:51:26.200+0530] {dag.py:3036} INFO - Sync 1 DAGs
[2024-02-23T16:51:26.224+0530] {logging_mixin.py:188} INFO - [2024-02-23T16:51:26.224+0530] {dag.py:3823} INFO - Setting next_dagrun for example_weekday_branch_operator to 2024-02-22 00:00:00+00:00, run_after=2024-02-23 00:00:00+00:00
[2024-02-23T16:51:26.247+0530] {processor.py:183} INFO - Processing /home/lucky/.local/lib/python3.10/site-packages/airflow/example_dags/example_branch_day_of_week_operator.py took 0.079 seconds
[2024-02-23T16:52:26.492+0530] {processor.py:161} INFO - Started process (PID=4630) to work on /home/lucky/.local/lib/python3.10/site-packages/airflow/example_dags/example_branch_day_of_week_operator.py
[2024-02-23T16:52:26.494+0530] {processor.py:830} INFO - Processing file /home/lucky/.local/lib/python3.10/site-packages/airflow/example_dags/example_branch_day_of_week_operator.py for tasks to queue
[2024-02-23T16:52:26.495+0530] {logging_mixin.py:188} INFO - [2024-02-23T16:52:26.494+0530] {dagbag.py:538} INFO - Filling up the DagBag from /home/lucky/.local/lib/python3.10/site-packages/airflow/example_dags/example_branch_day_of_week_operator.py
[2024-02-23T16:52:26.502+0530] {processor.py:840} INFO - DAG(s) 'example_weekday_branch_operator' retrieved from /home/lucky/.local/lib/python3.10/site-packages/airflow/example_dags/example_branch_day_of_week_operator.py
[2024-02-23T16:52:26.516+0530] {logging_mixin.py:188} INFO - [2024-02-23T16:52:26.516+0530] {dag.py:3036} INFO - Sync 1 DAGs
[2024-02-23T16:52:26.535+0530] {logging_mixin.py:188} INFO - [2024-02-23T16:52:26.535+0530] {dag.py:3823} INFO - Setting next_dagrun for example_weekday_branch_operator to 2024-02-22 00:00:00+00:00, run_after=2024-02-23 00:00:00+00:00
[2024-02-23T16:52:26.556+0530] {processor.py:183} INFO - Processing /home/lucky/.local/lib/python3.10/site-packages/airflow/example_dags/example_branch_day_of_week_operator.py took 0.066 seconds
[2024-02-23T16:53:23.662+0530] {processor.py:161} INFO - Started process (PID=4690) to work on /home/lucky/.local/lib/python3.10/site-packages/airflow/example_dags/example_branch_day_of_week_operator.py
[2024-02-23T16:53:23.663+0530] {processor.py:830} INFO - Processing file /home/lucky/.local/lib/python3.10/site-packages/airflow/example_dags/example_branch_day_of_week_operator.py for tasks to queue
[2024-02-23T16:53:23.664+0530] {logging_mixin.py:188} INFO - [2024-02-23T16:53:23.664+0530] {dagbag.py:538} INFO - Filling up the DagBag from /home/lucky/.local/lib/python3.10/site-packages/airflow/example_dags/example_branch_day_of_week_operator.py
[2024-02-23T16:53:23.670+0530] {processor.py:840} INFO - DAG(s) 'example_weekday_branch_operator' retrieved from /home/lucky/.local/lib/python3.10/site-packages/airflow/example_dags/example_branch_day_of_week_operator.py
[2024-02-23T16:53:23.685+0530] {logging_mixin.py:188} INFO - [2024-02-23T16:53:23.684+0530] {dag.py:3036} INFO - Sync 1 DAGs
[2024-02-23T16:53:23.703+0530] {logging_mixin.py:188} INFO - [2024-02-23T16:53:23.703+0530] {dag.py:3823} INFO - Setting next_dagrun for example_weekday_branch_operator to 2024-02-22 00:00:00+00:00, run_after=2024-02-23 00:00:00+00:00
[2024-02-23T16:53:23.725+0530] {processor.py:183} INFO - Processing /home/lucky/.local/lib/python3.10/site-packages/airflow/example_dags/example_branch_day_of_week_operator.py took 0.066 seconds
[2024-02-23T16:54:18.586+0530] {processor.py:161} INFO - Started process (PID=4747) to work on /home/lucky/.local/lib/python3.10/site-packages/airflow/example_dags/example_branch_day_of_week_operator.py
[2024-02-23T16:54:18.588+0530] {processor.py:830} INFO - Processing file /home/lucky/.local/lib/python3.10/site-packages/airflow/example_dags/example_branch_day_of_week_operator.py for tasks to queue
[2024-02-23T16:54:18.589+0530] {logging_mixin.py:188} INFO - [2024-02-23T16:54:18.588+0530] {dagbag.py:538} INFO - Filling up the DagBag from /home/lucky/.local/lib/python3.10/site-packages/airflow/example_dags/example_branch_day_of_week_operator.py
[2024-02-23T16:54:18.597+0530] {processor.py:840} INFO - DAG(s) 'example_weekday_branch_operator' retrieved from /home/lucky/.local/lib/python3.10/site-packages/airflow/example_dags/example_branch_day_of_week_operator.py
[2024-02-23T16:54:18.614+0530] {logging_mixin.py:188} INFO - [2024-02-23T16:54:18.613+0530] {dag.py:3036} INFO - Sync 1 DAGs
[2024-02-23T16:54:18.636+0530] {logging_mixin.py:188} INFO - [2024-02-23T16:54:18.636+0530] {dag.py:3823} INFO - Setting next_dagrun for example_weekday_branch_operator to 2024-02-22 00:00:00+00:00, run_after=2024-02-23 00:00:00+00:00
[2024-02-23T16:54:18.658+0530] {processor.py:183} INFO - Processing /home/lucky/.local/lib/python3.10/site-packages/airflow/example_dags/example_branch_day_of_week_operator.py took 0.075 seconds
[2024-02-23T16:55:13.319+0530] {processor.py:161} INFO - Started process (PID=4809) to work on /home/lucky/.local/lib/python3.10/site-packages/airflow/example_dags/example_branch_day_of_week_operator.py
[2024-02-23T16:55:13.330+0530] {processor.py:830} INFO - Processing file /home/lucky/.local/lib/python3.10/site-packages/airflow/example_dags/example_branch_day_of_week_operator.py for tasks to queue
[2024-02-23T16:55:13.331+0530] {logging_mixin.py:188} INFO - [2024-02-23T16:55:13.331+0530] {dagbag.py:538} INFO - Filling up the DagBag from /home/lucky/.local/lib/python3.10/site-packages/airflow/example_dags/example_branch_day_of_week_operator.py
[2024-02-23T16:55:13.337+0530] {processor.py:840} INFO - DAG(s) 'example_weekday_branch_operator' retrieved from /home/lucky/.local/lib/python3.10/site-packages/airflow/example_dags/example_branch_day_of_week_operator.py
[2024-02-23T16:55:13.352+0530] {logging_mixin.py:188} INFO - [2024-02-23T16:55:13.351+0530] {dag.py:3036} INFO - Sync 1 DAGs
[2024-02-23T16:55:13.370+0530] {logging_mixin.py:188} INFO - [2024-02-23T16:55:13.369+0530] {dag.py:3823} INFO - Setting next_dagrun for example_weekday_branch_operator to 2024-02-22 00:00:00+00:00, run_after=2024-02-23 00:00:00+00:00
[2024-02-23T16:55:13.391+0530] {processor.py:183} INFO - Processing /home/lucky/.local/lib/python3.10/site-packages/airflow/example_dags/example_branch_day_of_week_operator.py took 0.076 seconds
[2024-02-23T16:56:09.599+0530] {processor.py:161} INFO - Started process (PID=4865) to work on /home/lucky/.local/lib/python3.10/site-packages/airflow/example_dags/example_branch_day_of_week_operator.py
[2024-02-23T16:56:09.600+0530] {processor.py:830} INFO - Processing file /home/lucky/.local/lib/python3.10/site-packages/airflow/example_dags/example_branch_day_of_week_operator.py for tasks to queue
[2024-02-23T16:56:09.601+0530] {logging_mixin.py:188} INFO - [2024-02-23T16:56:09.601+0530] {dagbag.py:538} INFO - Filling up the DagBag from /home/lucky/.local/lib/python3.10/site-packages/airflow/example_dags/example_branch_day_of_week_operator.py
[2024-02-23T16:56:09.609+0530] {processor.py:840} INFO - DAG(s) 'example_weekday_branch_operator' retrieved from /home/lucky/.local/lib/python3.10/site-packages/airflow/example_dags/example_branch_day_of_week_operator.py
[2024-02-23T16:56:09.624+0530] {logging_mixin.py:188} INFO - [2024-02-23T16:56:09.623+0530] {dag.py:3036} INFO - Sync 1 DAGs
[2024-02-23T16:56:09.643+0530] {logging_mixin.py:188} INFO - [2024-02-23T16:56:09.642+0530] {dag.py:3823} INFO - Setting next_dagrun for example_weekday_branch_operator to 2024-02-22 00:00:00+00:00, run_after=2024-02-23 00:00:00+00:00
[2024-02-23T16:56:09.663+0530] {processor.py:183} INFO - Processing /home/lucky/.local/lib/python3.10/site-packages/airflow/example_dags/example_branch_day_of_week_operator.py took 0.067 seconds
[2024-02-23T16:57:09.268+0530] {processor.py:161} INFO - Started process (PID=4923) to work on /home/lucky/.local/lib/python3.10/site-packages/airflow/example_dags/example_branch_day_of_week_operator.py
[2024-02-23T16:57:09.269+0530] {processor.py:830} INFO - Processing file /home/lucky/.local/lib/python3.10/site-packages/airflow/example_dags/example_branch_day_of_week_operator.py for tasks to queue
[2024-02-23T16:57:09.271+0530] {logging_mixin.py:188} INFO - [2024-02-23T16:57:09.271+0530] {dagbag.py:538} INFO - Filling up the DagBag from /home/lucky/.local/lib/python3.10/site-packages/airflow/example_dags/example_branch_day_of_week_operator.py
[2024-02-23T16:57:09.281+0530] {processor.py:840} INFO - DAG(s) 'example_weekday_branch_operator' retrieved from /home/lucky/.local/lib/python3.10/site-packages/airflow/example_dags/example_branch_day_of_week_operator.py
[2024-02-23T16:57:09.298+0530] {logging_mixin.py:188} INFO - [2024-02-23T16:57:09.298+0530] {dag.py:3036} INFO - Sync 1 DAGs
[2024-02-23T16:57:09.322+0530] {logging_mixin.py:188} INFO - [2024-02-23T16:57:09.322+0530] {dag.py:3823} INFO - Setting next_dagrun for example_weekday_branch_operator to 2024-02-22 00:00:00+00:00, run_after=2024-02-23 00:00:00+00:00
[2024-02-23T16:57:09.361+0530] {processor.py:183} INFO - Processing /home/lucky/.local/lib/python3.10/site-packages/airflow/example_dags/example_branch_day_of_week_operator.py took 0.097 seconds
[2024-02-23T16:58:08.515+0530] {processor.py:161} INFO - Started process (PID=4985) to work on /home/lucky/.local/lib/python3.10/site-packages/airflow/example_dags/example_branch_day_of_week_operator.py
[2024-02-23T16:58:08.517+0530] {processor.py:830} INFO - Processing file /home/lucky/.local/lib/python3.10/site-packages/airflow/example_dags/example_branch_day_of_week_operator.py for tasks to queue
[2024-02-23T16:58:08.518+0530] {logging_mixin.py:188} INFO - [2024-02-23T16:58:08.518+0530] {dagbag.py:538} INFO - Filling up the DagBag from /home/lucky/.local/lib/python3.10/site-packages/airflow/example_dags/example_branch_day_of_week_operator.py
[2024-02-23T16:58:08.526+0530] {processor.py:840} INFO - DAG(s) 'example_weekday_branch_operator' retrieved from /home/lucky/.local/lib/python3.10/site-packages/airflow/example_dags/example_branch_day_of_week_operator.py
[2024-02-23T16:58:08.541+0530] {logging_mixin.py:188} INFO - [2024-02-23T16:58:08.540+0530] {dag.py:3036} INFO - Sync 1 DAGs
[2024-02-23T16:58:08.561+0530] {logging_mixin.py:188} INFO - [2024-02-23T16:58:08.561+0530] {dag.py:3823} INFO - Setting next_dagrun for example_weekday_branch_operator to 2024-02-22 00:00:00+00:00, run_after=2024-02-23 00:00:00+00:00
[2024-02-23T16:58:08.583+0530] {processor.py:183} INFO - Processing /home/lucky/.local/lib/python3.10/site-packages/airflow/example_dags/example_branch_day_of_week_operator.py took 0.071 seconds
[2024-02-23T16:59:00.941+0530] {processor.py:161} INFO - Started process (PID=5040) to work on /home/lucky/.local/lib/python3.10/site-packages/airflow/example_dags/example_branch_day_of_week_operator.py
[2024-02-23T16:59:00.943+0530] {processor.py:830} INFO - Processing file /home/lucky/.local/lib/python3.10/site-packages/airflow/example_dags/example_branch_day_of_week_operator.py for tasks to queue
[2024-02-23T16:59:00.944+0530] {logging_mixin.py:188} INFO - [2024-02-23T16:59:00.943+0530] {dagbag.py:538} INFO - Filling up the DagBag from /home/lucky/.local/lib/python3.10/site-packages/airflow/example_dags/example_branch_day_of_week_operator.py
[2024-02-23T16:59:00.950+0530] {processor.py:840} INFO - DAG(s) 'example_weekday_branch_operator' retrieved from /home/lucky/.local/lib/python3.10/site-packages/airflow/example_dags/example_branch_day_of_week_operator.py
[2024-02-23T16:59:00.964+0530] {logging_mixin.py:188} INFO - [2024-02-23T16:59:00.964+0530] {dag.py:3036} INFO - Sync 1 DAGs
[2024-02-23T16:59:00.983+0530] {logging_mixin.py:188} INFO - [2024-02-23T16:59:00.983+0530] {dag.py:3823} INFO - Setting next_dagrun for example_weekday_branch_operator to 2024-02-22 00:00:00+00:00, run_after=2024-02-23 00:00:00+00:00
[2024-02-23T16:59:01.007+0530] {processor.py:183} INFO - Processing /home/lucky/.local/lib/python3.10/site-packages/airflow/example_dags/example_branch_day_of_week_operator.py took 0.068 seconds
[2024-02-23T16:59:55.940+0530] {processor.py:161} INFO - Started process (PID=5095) to work on /home/lucky/.local/lib/python3.10/site-packages/airflow/example_dags/example_branch_day_of_week_operator.py
[2024-02-23T16:59:55.941+0530] {processor.py:830} INFO - Processing file /home/lucky/.local/lib/python3.10/site-packages/airflow/example_dags/example_branch_day_of_week_operator.py for tasks to queue
[2024-02-23T16:59:55.942+0530] {logging_mixin.py:188} INFO - [2024-02-23T16:59:55.942+0530] {dagbag.py:538} INFO - Filling up the DagBag from /home/lucky/.local/lib/python3.10/site-packages/airflow/example_dags/example_branch_day_of_week_operator.py
[2024-02-23T16:59:55.950+0530] {processor.py:840} INFO - DAG(s) 'example_weekday_branch_operator' retrieved from /home/lucky/.local/lib/python3.10/site-packages/airflow/example_dags/example_branch_day_of_week_operator.py
[2024-02-23T16:59:55.964+0530] {logging_mixin.py:188} INFO - [2024-02-23T16:59:55.964+0530] {dag.py:3036} INFO - Sync 1 DAGs
[2024-02-23T16:59:55.984+0530] {logging_mixin.py:188} INFO - [2024-02-23T16:59:55.984+0530] {dag.py:3823} INFO - Setting next_dagrun for example_weekday_branch_operator to 2024-02-22 00:00:00+00:00, run_after=2024-02-23 00:00:00+00:00
[2024-02-23T16:59:56.009+0530] {processor.py:183} INFO - Processing /home/lucky/.local/lib/python3.10/site-packages/airflow/example_dags/example_branch_day_of_week_operator.py took 0.071 seconds
