[2024-04-01T21:42:02.984+0530] {processor.py:161} INFO - Started process (PID=17522) to work on /home/lucky/.local/lib/python3.10/site-packages/airflow/example_dags/subdags/subdag.py
[2024-04-01T21:42:02.986+0530] {processor.py:830} INFO - Processing file /home/lucky/.local/lib/python3.10/site-packages/airflow/example_dags/subdags/subdag.py for tasks to queue
[2024-04-01T21:42:02.988+0530] {logging_mixin.py:188} INFO - [2024-04-01T21:42:02.987+0530] {dagbag.py:538} INFO - Filling up the DagBag from /home/lucky/.local/lib/python3.10/site-packages/airflow/example_dags/subdags/subdag.py
[2024-04-01T21:42:02.991+0530] {processor.py:842} WARNING - No viable dags retrieved from /home/lucky/.local/lib/python3.10/site-packages/airflow/example_dags/subdags/subdag.py
[2024-04-01T21:42:03.033+0530] {processor.py:183} INFO - Processing /home/lucky/.local/lib/python3.10/site-packages/airflow/example_dags/subdags/subdag.py took 0.064 seconds
[2024-04-01T21:43:14.755+0530] {processor.py:161} INFO - Started process (PID=18534) to work on /home/lucky/.local/lib/python3.10/site-packages/airflow/example_dags/subdags/subdag.py
[2024-04-01T21:43:14.758+0530] {processor.py:830} INFO - Processing file /home/lucky/.local/lib/python3.10/site-packages/airflow/example_dags/subdags/subdag.py for tasks to queue
[2024-04-01T21:43:14.761+0530] {logging_mixin.py:188} INFO - [2024-04-01T21:43:14.760+0530] {dagbag.py:538} INFO - Filling up the DagBag from /home/lucky/.local/lib/python3.10/site-packages/airflow/example_dags/subdags/subdag.py
[2024-04-01T21:43:14.770+0530] {processor.py:842} WARNING - No viable dags retrieved from /home/lucky/.local/lib/python3.10/site-packages/airflow/example_dags/subdags/subdag.py
[2024-04-01T21:43:14.811+0530] {processor.py:183} INFO - Processing /home/lucky/.local/lib/python3.10/site-packages/airflow/example_dags/subdags/subdag.py took 0.068 seconds
[2024-04-01T21:44:34.096+0530] {processor.py:161} INFO - Started process (PID=19842) to work on /home/lucky/.local/lib/python3.10/site-packages/airflow/example_dags/subdags/subdag.py
[2024-04-01T21:44:34.098+0530] {processor.py:830} INFO - Processing file /home/lucky/.local/lib/python3.10/site-packages/airflow/example_dags/subdags/subdag.py for tasks to queue
[2024-04-01T21:44:34.100+0530] {logging_mixin.py:188} INFO - [2024-04-01T21:44:34.099+0530] {dagbag.py:538} INFO - Filling up the DagBag from /home/lucky/.local/lib/python3.10/site-packages/airflow/example_dags/subdags/subdag.py
[2024-04-01T21:44:34.103+0530] {processor.py:842} WARNING - No viable dags retrieved from /home/lucky/.local/lib/python3.10/site-packages/airflow/example_dags/subdags/subdag.py
[2024-04-01T21:44:34.126+0530] {processor.py:183} INFO - Processing /home/lucky/.local/lib/python3.10/site-packages/airflow/example_dags/subdags/subdag.py took 0.036 seconds
[2024-04-01T21:45:34.225+0530] {processor.py:161} INFO - Started process (PID=20699) to work on /home/lucky/.local/lib/python3.10/site-packages/airflow/example_dags/subdags/subdag.py
[2024-04-01T21:45:34.227+0530] {processor.py:830} INFO - Processing file /home/lucky/.local/lib/python3.10/site-packages/airflow/example_dags/subdags/subdag.py for tasks to queue
[2024-04-01T21:45:34.229+0530] {logging_mixin.py:188} INFO - [2024-04-01T21:45:34.228+0530] {dagbag.py:538} INFO - Filling up the DagBag from /home/lucky/.local/lib/python3.10/site-packages/airflow/example_dags/subdags/subdag.py
[2024-04-01T21:45:34.232+0530] {processor.py:842} WARNING - No viable dags retrieved from /home/lucky/.local/lib/python3.10/site-packages/airflow/example_dags/subdags/subdag.py
[2024-04-01T21:45:34.251+0530] {processor.py:183} INFO - Processing /home/lucky/.local/lib/python3.10/site-packages/airflow/example_dags/subdags/subdag.py took 0.029 seconds
[2024-04-01T21:59:28.019+0530] {processor.py:161} INFO - Started process (PID=32864) to work on /home/lucky/.local/lib/python3.10/site-packages/airflow/example_dags/subdags/subdag.py
[2024-04-01T21:59:28.020+0530] {processor.py:830} INFO - Processing file /home/lucky/.local/lib/python3.10/site-packages/airflow/example_dags/subdags/subdag.py for tasks to queue
[2024-04-01T21:59:28.022+0530] {logging_mixin.py:188} INFO - [2024-04-01T21:59:28.021+0530] {dagbag.py:538} INFO - Filling up the DagBag from /home/lucky/.local/lib/python3.10/site-packages/airflow/example_dags/subdags/subdag.py
[2024-04-01T21:59:28.024+0530] {processor.py:842} WARNING - No viable dags retrieved from /home/lucky/.local/lib/python3.10/site-packages/airflow/example_dags/subdags/subdag.py
[2024-04-01T21:59:28.037+0530] {processor.py:183} INFO - Processing /home/lucky/.local/lib/python3.10/site-packages/airflow/example_dags/subdags/subdag.py took 0.022 seconds
[2024-04-01T22:00:31.529+0530] {processor.py:161} INFO - Started process (PID=33932) to work on /home/lucky/.local/lib/python3.10/site-packages/airflow/example_dags/subdags/subdag.py
[2024-04-01T22:00:31.531+0530] {processor.py:830} INFO - Processing file /home/lucky/.local/lib/python3.10/site-packages/airflow/example_dags/subdags/subdag.py for tasks to queue
[2024-04-01T22:00:31.532+0530] {logging_mixin.py:188} INFO - [2024-04-01T22:00:31.532+0530] {dagbag.py:538} INFO - Filling up the DagBag from /home/lucky/.local/lib/python3.10/site-packages/airflow/example_dags/subdags/subdag.py
[2024-04-01T22:00:31.535+0530] {processor.py:842} WARNING - No viable dags retrieved from /home/lucky/.local/lib/python3.10/site-packages/airflow/example_dags/subdags/subdag.py
[2024-04-01T22:00:31.547+0530] {processor.py:183} INFO - Processing /home/lucky/.local/lib/python3.10/site-packages/airflow/example_dags/subdags/subdag.py took 0.021 seconds
[2024-04-01T22:01:26.505+0530] {processor.py:161} INFO - Started process (PID=34640) to work on /home/lucky/.local/lib/python3.10/site-packages/airflow/example_dags/subdags/subdag.py
[2024-04-01T22:01:26.507+0530] {processor.py:830} INFO - Processing file /home/lucky/.local/lib/python3.10/site-packages/airflow/example_dags/subdags/subdag.py for tasks to queue
[2024-04-01T22:01:26.509+0530] {logging_mixin.py:188} INFO - [2024-04-01T22:01:26.508+0530] {dagbag.py:538} INFO - Filling up the DagBag from /home/lucky/.local/lib/python3.10/site-packages/airflow/example_dags/subdags/subdag.py
[2024-04-01T22:01:26.512+0530] {processor.py:842} WARNING - No viable dags retrieved from /home/lucky/.local/lib/python3.10/site-packages/airflow/example_dags/subdags/subdag.py
[2024-04-01T22:01:26.536+0530] {processor.py:183} INFO - Processing /home/lucky/.local/lib/python3.10/site-packages/airflow/example_dags/subdags/subdag.py took 0.036 seconds
[2024-04-01T22:02:25.798+0530] {processor.py:161} INFO - Started process (PID=35650) to work on /home/lucky/.local/lib/python3.10/site-packages/airflow/example_dags/subdags/subdag.py
[2024-04-01T22:02:25.800+0530] {processor.py:830} INFO - Processing file /home/lucky/.local/lib/python3.10/site-packages/airflow/example_dags/subdags/subdag.py for tasks to queue
[2024-04-01T22:02:25.801+0530] {logging_mixin.py:188} INFO - [2024-04-01T22:02:25.800+0530] {dagbag.py:538} INFO - Filling up the DagBag from /home/lucky/.local/lib/python3.10/site-packages/airflow/example_dags/subdags/subdag.py
[2024-04-01T22:02:25.803+0530] {processor.py:842} WARNING - No viable dags retrieved from /home/lucky/.local/lib/python3.10/site-packages/airflow/example_dags/subdags/subdag.py
[2024-04-01T22:02:25.816+0530] {processor.py:183} INFO - Processing /home/lucky/.local/lib/python3.10/site-packages/airflow/example_dags/subdags/subdag.py took 0.020 seconds
[2024-04-01T22:03:28.101+0530] {processor.py:161} INFO - Started process (PID=36390) to work on /home/lucky/.local/lib/python3.10/site-packages/airflow/example_dags/subdags/subdag.py
[2024-04-01T22:03:28.111+0530] {processor.py:830} INFO - Processing file /home/lucky/.local/lib/python3.10/site-packages/airflow/example_dags/subdags/subdag.py for tasks to queue
[2024-04-01T22:03:28.114+0530] {logging_mixin.py:188} INFO - [2024-04-01T22:03:28.113+0530] {dagbag.py:538} INFO - Filling up the DagBag from /home/lucky/.local/lib/python3.10/site-packages/airflow/example_dags/subdags/subdag.py
[2024-04-01T22:03:28.122+0530] {processor.py:842} WARNING - No viable dags retrieved from /home/lucky/.local/lib/python3.10/site-packages/airflow/example_dags/subdags/subdag.py
[2024-04-01T22:03:28.164+0530] {processor.py:183} INFO - Processing /home/lucky/.local/lib/python3.10/site-packages/airflow/example_dags/subdags/subdag.py took 0.077 seconds
[2024-04-01T22:04:42.281+0530] {processor.py:161} INFO - Started process (PID=37566) to work on /home/lucky/.local/lib/python3.10/site-packages/airflow/example_dags/subdags/subdag.py
[2024-04-01T22:04:42.284+0530] {processor.py:830} INFO - Processing file /home/lucky/.local/lib/python3.10/site-packages/airflow/example_dags/subdags/subdag.py for tasks to queue
[2024-04-01T22:04:42.286+0530] {logging_mixin.py:188} INFO - [2024-04-01T22:04:42.285+0530] {dagbag.py:538} INFO - Filling up the DagBag from /home/lucky/.local/lib/python3.10/site-packages/airflow/example_dags/subdags/subdag.py
[2024-04-01T22:04:42.290+0530] {processor.py:842} WARNING - No viable dags retrieved from /home/lucky/.local/lib/python3.10/site-packages/airflow/example_dags/subdags/subdag.py
[2024-04-01T22:04:42.310+0530] {processor.py:183} INFO - Processing /home/lucky/.local/lib/python3.10/site-packages/airflow/example_dags/subdags/subdag.py took 0.040 seconds
[2024-04-01T22:05:49.184+0530] {processor.py:161} INFO - Started process (PID=38658) to work on /home/lucky/.local/lib/python3.10/site-packages/airflow/example_dags/subdags/subdag.py
[2024-04-01T22:05:49.186+0530] {processor.py:830} INFO - Processing file /home/lucky/.local/lib/python3.10/site-packages/airflow/example_dags/subdags/subdag.py for tasks to queue
[2024-04-01T22:05:49.188+0530] {logging_mixin.py:188} INFO - [2024-04-01T22:05:49.187+0530] {dagbag.py:538} INFO - Filling up the DagBag from /home/lucky/.local/lib/python3.10/site-packages/airflow/example_dags/subdags/subdag.py
[2024-04-01T22:05:49.194+0530] {processor.py:842} WARNING - No viable dags retrieved from /home/lucky/.local/lib/python3.10/site-packages/airflow/example_dags/subdags/subdag.py
[2024-04-01T22:05:49.212+0530] {processor.py:183} INFO - Processing /home/lucky/.local/lib/python3.10/site-packages/airflow/example_dags/subdags/subdag.py took 0.032 seconds
[2024-04-01T22:07:05.348+0530] {processor.py:161} INFO - Started process (PID=39787) to work on /home/lucky/.local/lib/python3.10/site-packages/airflow/example_dags/subdags/subdag.py
[2024-04-01T22:07:05.349+0530] {processor.py:830} INFO - Processing file /home/lucky/.local/lib/python3.10/site-packages/airflow/example_dags/subdags/subdag.py for tasks to queue
[2024-04-01T22:07:05.351+0530] {logging_mixin.py:188} INFO - [2024-04-01T22:07:05.350+0530] {dagbag.py:538} INFO - Filling up the DagBag from /home/lucky/.local/lib/python3.10/site-packages/airflow/example_dags/subdags/subdag.py
[2024-04-01T22:07:05.353+0530] {processor.py:842} WARNING - No viable dags retrieved from /home/lucky/.local/lib/python3.10/site-packages/airflow/example_dags/subdags/subdag.py
[2024-04-01T22:07:05.368+0530] {processor.py:183} INFO - Processing /home/lucky/.local/lib/python3.10/site-packages/airflow/example_dags/subdags/subdag.py took 0.024 seconds
[2024-04-01T22:08:30.549+0530] {processor.py:161} INFO - Started process (PID=40839) to work on /home/lucky/.local/lib/python3.10/site-packages/airflow/example_dags/subdags/subdag.py
[2024-04-01T22:08:30.561+0530] {processor.py:830} INFO - Processing file /home/lucky/.local/lib/python3.10/site-packages/airflow/example_dags/subdags/subdag.py for tasks to queue
[2024-04-01T22:08:30.563+0530] {logging_mixin.py:188} INFO - [2024-04-01T22:08:30.562+0530] {dagbag.py:538} INFO - Filling up the DagBag from /home/lucky/.local/lib/python3.10/site-packages/airflow/example_dags/subdags/subdag.py
[2024-04-01T22:08:30.566+0530] {processor.py:842} WARNING - No viable dags retrieved from /home/lucky/.local/lib/python3.10/site-packages/airflow/example_dags/subdags/subdag.py
[2024-04-01T22:08:30.610+0530] {processor.py:183} INFO - Processing /home/lucky/.local/lib/python3.10/site-packages/airflow/example_dags/subdags/subdag.py took 0.065 seconds
[2024-04-01T22:09:59.876+0530] {processor.py:161} INFO - Started process (PID=42113) to work on /home/lucky/.local/lib/python3.10/site-packages/airflow/example_dags/subdags/subdag.py
[2024-04-01T22:09:59.888+0530] {processor.py:830} INFO - Processing file /home/lucky/.local/lib/python3.10/site-packages/airflow/example_dags/subdags/subdag.py for tasks to queue
[2024-04-01T22:09:59.890+0530] {logging_mixin.py:188} INFO - [2024-04-01T22:09:59.889+0530] {dagbag.py:538} INFO - Filling up the DagBag from /home/lucky/.local/lib/python3.10/site-packages/airflow/example_dags/subdags/subdag.py
[2024-04-01T22:09:59.902+0530] {processor.py:842} WARNING - No viable dags retrieved from /home/lucky/.local/lib/python3.10/site-packages/airflow/example_dags/subdags/subdag.py
[2024-04-01T22:09:59.929+0530] {processor.py:183} INFO - Processing /home/lucky/.local/lib/python3.10/site-packages/airflow/example_dags/subdags/subdag.py took 0.058 seconds
[2024-04-01T22:11:24.149+0530] {processor.py:161} INFO - Started process (PID=43378) to work on /home/lucky/.local/lib/python3.10/site-packages/airflow/example_dags/subdags/subdag.py
[2024-04-01T22:11:24.151+0530] {processor.py:830} INFO - Processing file /home/lucky/.local/lib/python3.10/site-packages/airflow/example_dags/subdags/subdag.py for tasks to queue
[2024-04-01T22:11:24.153+0530] {logging_mixin.py:188} INFO - [2024-04-01T22:11:24.152+0530] {dagbag.py:538} INFO - Filling up the DagBag from /home/lucky/.local/lib/python3.10/site-packages/airflow/example_dags/subdags/subdag.py
[2024-04-01T22:11:24.157+0530] {processor.py:842} WARNING - No viable dags retrieved from /home/lucky/.local/lib/python3.10/site-packages/airflow/example_dags/subdags/subdag.py
[2024-04-01T22:11:24.172+0530] {processor.py:183} INFO - Processing /home/lucky/.local/lib/python3.10/site-packages/airflow/example_dags/subdags/subdag.py took 0.029 seconds
[2024-04-01T22:12:41.461+0530] {processor.py:161} INFO - Started process (PID=44257) to work on /home/lucky/.local/lib/python3.10/site-packages/airflow/example_dags/subdags/subdag.py
[2024-04-01T22:12:41.463+0530] {processor.py:830} INFO - Processing file /home/lucky/.local/lib/python3.10/site-packages/airflow/example_dags/subdags/subdag.py for tasks to queue
[2024-04-01T22:12:41.464+0530] {logging_mixin.py:188} INFO - [2024-04-01T22:12:41.464+0530] {dagbag.py:538} INFO - Filling up the DagBag from /home/lucky/.local/lib/python3.10/site-packages/airflow/example_dags/subdags/subdag.py
[2024-04-01T22:12:41.466+0530] {processor.py:842} WARNING - No viable dags retrieved from /home/lucky/.local/lib/python3.10/site-packages/airflow/example_dags/subdags/subdag.py
[2024-04-01T22:12:41.480+0530] {processor.py:183} INFO - Processing /home/lucky/.local/lib/python3.10/site-packages/airflow/example_dags/subdags/subdag.py took 0.022 seconds
[2024-04-01T22:13:56.636+0530] {processor.py:161} INFO - Started process (PID=45443) to work on /home/lucky/.local/lib/python3.10/site-packages/airflow/example_dags/subdags/subdag.py
[2024-04-01T22:13:56.639+0530] {processor.py:830} INFO - Processing file /home/lucky/.local/lib/python3.10/site-packages/airflow/example_dags/subdags/subdag.py for tasks to queue
[2024-04-01T22:13:56.640+0530] {logging_mixin.py:188} INFO - [2024-04-01T22:13:56.640+0530] {dagbag.py:538} INFO - Filling up the DagBag from /home/lucky/.local/lib/python3.10/site-packages/airflow/example_dags/subdags/subdag.py
[2024-04-01T22:13:56.644+0530] {processor.py:842} WARNING - No viable dags retrieved from /home/lucky/.local/lib/python3.10/site-packages/airflow/example_dags/subdags/subdag.py
[2024-04-01T22:13:56.665+0530] {processor.py:183} INFO - Processing /home/lucky/.local/lib/python3.10/site-packages/airflow/example_dags/subdags/subdag.py took 0.033 seconds
[2024-04-01T22:14:58.710+0530] {processor.py:161} INFO - Started process (PID=46492) to work on /home/lucky/.local/lib/python3.10/site-packages/airflow/example_dags/subdags/subdag.py
[2024-04-01T22:14:58.712+0530] {processor.py:830} INFO - Processing file /home/lucky/.local/lib/python3.10/site-packages/airflow/example_dags/subdags/subdag.py for tasks to queue
[2024-04-01T22:14:58.714+0530] {logging_mixin.py:188} INFO - [2024-04-01T22:14:58.713+0530] {dagbag.py:538} INFO - Filling up the DagBag from /home/lucky/.local/lib/python3.10/site-packages/airflow/example_dags/subdags/subdag.py
[2024-04-01T22:14:58.716+0530] {processor.py:842} WARNING - No viable dags retrieved from /home/lucky/.local/lib/python3.10/site-packages/airflow/example_dags/subdags/subdag.py
[2024-04-01T22:14:58.733+0530] {processor.py:183} INFO - Processing /home/lucky/.local/lib/python3.10/site-packages/airflow/example_dags/subdags/subdag.py took 0.027 seconds
[2024-04-01T22:15:54.958+0530] {processor.py:161} INFO - Started process (PID=47217) to work on /home/lucky/.local/lib/python3.10/site-packages/airflow/example_dags/subdags/subdag.py
[2024-04-01T22:15:54.960+0530] {processor.py:830} INFO - Processing file /home/lucky/.local/lib/python3.10/site-packages/airflow/example_dags/subdags/subdag.py for tasks to queue
[2024-04-01T22:15:54.962+0530] {logging_mixin.py:188} INFO - [2024-04-01T22:15:54.961+0530] {dagbag.py:538} INFO - Filling up the DagBag from /home/lucky/.local/lib/python3.10/site-packages/airflow/example_dags/subdags/subdag.py
[2024-04-01T22:15:54.964+0530] {processor.py:842} WARNING - No viable dags retrieved from /home/lucky/.local/lib/python3.10/site-packages/airflow/example_dags/subdags/subdag.py
[2024-04-01T22:15:54.979+0530] {processor.py:183} INFO - Processing /home/lucky/.local/lib/python3.10/site-packages/airflow/example_dags/subdags/subdag.py took 0.024 seconds
[2024-04-01T22:16:44.577+0530] {processor.py:161} INFO - Started process (PID=48155) to work on /home/lucky/.local/lib/python3.10/site-packages/airflow/example_dags/subdags/subdag.py
[2024-04-01T22:16:44.579+0530] {processor.py:830} INFO - Processing file /home/lucky/.local/lib/python3.10/site-packages/airflow/example_dags/subdags/subdag.py for tasks to queue
[2024-04-01T22:16:44.580+0530] {logging_mixin.py:188} INFO - [2024-04-01T22:16:44.580+0530] {dagbag.py:538} INFO - Filling up the DagBag from /home/lucky/.local/lib/python3.10/site-packages/airflow/example_dags/subdags/subdag.py
[2024-04-01T22:16:44.582+0530] {processor.py:842} WARNING - No viable dags retrieved from /home/lucky/.local/lib/python3.10/site-packages/airflow/example_dags/subdags/subdag.py
[2024-04-01T22:16:44.593+0530] {processor.py:183} INFO - Processing /home/lucky/.local/lib/python3.10/site-packages/airflow/example_dags/subdags/subdag.py took 0.019 seconds
[2024-04-01T22:17:38.367+0530] {processor.py:161} INFO - Started process (PID=48877) to work on /home/lucky/.local/lib/python3.10/site-packages/airflow/example_dags/subdags/subdag.py
[2024-04-01T22:17:38.368+0530] {processor.py:830} INFO - Processing file /home/lucky/.local/lib/python3.10/site-packages/airflow/example_dags/subdags/subdag.py for tasks to queue
[2024-04-01T22:17:38.370+0530] {logging_mixin.py:188} INFO - [2024-04-01T22:17:38.369+0530] {dagbag.py:538} INFO - Filling up the DagBag from /home/lucky/.local/lib/python3.10/site-packages/airflow/example_dags/subdags/subdag.py
[2024-04-01T22:17:38.372+0530] {processor.py:842} WARNING - No viable dags retrieved from /home/lucky/.local/lib/python3.10/site-packages/airflow/example_dags/subdags/subdag.py
[2024-04-01T22:17:38.382+0530] {processor.py:183} INFO - Processing /home/lucky/.local/lib/python3.10/site-packages/airflow/example_dags/subdags/subdag.py took 0.018 seconds
[2024-04-01T22:18:31.241+0530] {processor.py:161} INFO - Started process (PID=49697) to work on /home/lucky/.local/lib/python3.10/site-packages/airflow/example_dags/subdags/subdag.py
[2024-04-01T22:18:31.242+0530] {processor.py:830} INFO - Processing file /home/lucky/.local/lib/python3.10/site-packages/airflow/example_dags/subdags/subdag.py for tasks to queue
[2024-04-01T22:18:31.243+0530] {logging_mixin.py:188} INFO - [2024-04-01T22:18:31.242+0530] {dagbag.py:538} INFO - Filling up the DagBag from /home/lucky/.local/lib/python3.10/site-packages/airflow/example_dags/subdags/subdag.py
[2024-04-01T22:18:31.245+0530] {processor.py:842} WARNING - No viable dags retrieved from /home/lucky/.local/lib/python3.10/site-packages/airflow/example_dags/subdags/subdag.py
[2024-04-01T22:18:31.256+0530] {processor.py:183} INFO - Processing /home/lucky/.local/lib/python3.10/site-packages/airflow/example_dags/subdags/subdag.py took 0.020 seconds
[2024-04-01T22:19:23.306+0530] {processor.py:161} INFO - Started process (PID=50654) to work on /home/lucky/.local/lib/python3.10/site-packages/airflow/example_dags/subdags/subdag.py
[2024-04-01T22:19:23.308+0530] {processor.py:830} INFO - Processing file /home/lucky/.local/lib/python3.10/site-packages/airflow/example_dags/subdags/subdag.py for tasks to queue
[2024-04-01T22:19:23.310+0530] {logging_mixin.py:188} INFO - [2024-04-01T22:19:23.310+0530] {dagbag.py:538} INFO - Filling up the DagBag from /home/lucky/.local/lib/python3.10/site-packages/airflow/example_dags/subdags/subdag.py
[2024-04-01T22:19:23.314+0530] {processor.py:842} WARNING - No viable dags retrieved from /home/lucky/.local/lib/python3.10/site-packages/airflow/example_dags/subdags/subdag.py
[2024-04-01T22:19:23.332+0530] {processor.py:183} INFO - Processing /home/lucky/.local/lib/python3.10/site-packages/airflow/example_dags/subdags/subdag.py took 0.030 seconds
[2024-04-01T22:25:12.712+0530] {processor.py:161} INFO - Started process (PID=55878) to work on /home/lucky/.local/lib/python3.10/site-packages/airflow/example_dags/subdags/subdag.py
[2024-04-01T22:25:12.715+0530] {processor.py:830} INFO - Processing file /home/lucky/.local/lib/python3.10/site-packages/airflow/example_dags/subdags/subdag.py for tasks to queue
[2024-04-01T22:25:12.716+0530] {logging_mixin.py:188} INFO - [2024-04-01T22:25:12.716+0530] {dagbag.py:538} INFO - Filling up the DagBag from /home/lucky/.local/lib/python3.10/site-packages/airflow/example_dags/subdags/subdag.py
[2024-04-01T22:25:12.719+0530] {processor.py:842} WARNING - No viable dags retrieved from /home/lucky/.local/lib/python3.10/site-packages/airflow/example_dags/subdags/subdag.py
[2024-04-01T22:25:12.735+0530] {processor.py:183} INFO - Processing /home/lucky/.local/lib/python3.10/site-packages/airflow/example_dags/subdags/subdag.py took 0.026 seconds
[2024-04-01T22:27:16.737+0530] {processor.py:161} INFO - Started process (PID=57671) to work on /home/lucky/.local/lib/python3.10/site-packages/airflow/example_dags/subdags/subdag.py
[2024-04-01T22:27:16.738+0530] {processor.py:830} INFO - Processing file /home/lucky/.local/lib/python3.10/site-packages/airflow/example_dags/subdags/subdag.py for tasks to queue
[2024-04-01T22:27:16.739+0530] {logging_mixin.py:188} INFO - [2024-04-01T22:27:16.739+0530] {dagbag.py:538} INFO - Filling up the DagBag from /home/lucky/.local/lib/python3.10/site-packages/airflow/example_dags/subdags/subdag.py
[2024-04-01T22:27:16.741+0530] {processor.py:842} WARNING - No viable dags retrieved from /home/lucky/.local/lib/python3.10/site-packages/airflow/example_dags/subdags/subdag.py
[2024-04-01T22:27:16.750+0530] {processor.py:183} INFO - Processing /home/lucky/.local/lib/python3.10/site-packages/airflow/example_dags/subdags/subdag.py took 0.016 seconds
[2024-04-01T22:28:12.460+0530] {processor.py:161} INFO - Started process (PID=58714) to work on /home/lucky/.local/lib/python3.10/site-packages/airflow/example_dags/subdags/subdag.py
[2024-04-01T22:28:12.461+0530] {processor.py:830} INFO - Processing file /home/lucky/.local/lib/python3.10/site-packages/airflow/example_dags/subdags/subdag.py for tasks to queue
[2024-04-01T22:28:12.462+0530] {logging_mixin.py:188} INFO - [2024-04-01T22:28:12.462+0530] {dagbag.py:538} INFO - Filling up the DagBag from /home/lucky/.local/lib/python3.10/site-packages/airflow/example_dags/subdags/subdag.py
[2024-04-01T22:28:12.464+0530] {processor.py:842} WARNING - No viable dags retrieved from /home/lucky/.local/lib/python3.10/site-packages/airflow/example_dags/subdags/subdag.py
[2024-04-01T22:28:12.473+0530] {processor.py:183} INFO - Processing /home/lucky/.local/lib/python3.10/site-packages/airflow/example_dags/subdags/subdag.py took 0.017 seconds
[2024-04-01T22:29:04.788+0530] {processor.py:161} INFO - Started process (PID=59746) to work on /home/lucky/.local/lib/python3.10/site-packages/airflow/example_dags/subdags/subdag.py
[2024-04-01T22:29:04.790+0530] {processor.py:830} INFO - Processing file /home/lucky/.local/lib/python3.10/site-packages/airflow/example_dags/subdags/subdag.py for tasks to queue
[2024-04-01T22:29:04.791+0530] {logging_mixin.py:188} INFO - [2024-04-01T22:29:04.790+0530] {dagbag.py:538} INFO - Filling up the DagBag from /home/lucky/.local/lib/python3.10/site-packages/airflow/example_dags/subdags/subdag.py
[2024-04-01T22:29:04.794+0530] {processor.py:842} WARNING - No viable dags retrieved from /home/lucky/.local/lib/python3.10/site-packages/airflow/example_dags/subdags/subdag.py
[2024-04-01T22:29:04.807+0530] {processor.py:183} INFO - Processing /home/lucky/.local/lib/python3.10/site-packages/airflow/example_dags/subdags/subdag.py took 0.022 seconds
[2024-04-01T22:29:56.480+0530] {processor.py:161} INFO - Started process (PID=60368) to work on /home/lucky/.local/lib/python3.10/site-packages/airflow/example_dags/subdags/subdag.py
[2024-04-01T22:29:56.481+0530] {processor.py:830} INFO - Processing file /home/lucky/.local/lib/python3.10/site-packages/airflow/example_dags/subdags/subdag.py for tasks to queue
[2024-04-01T22:29:56.482+0530] {logging_mixin.py:188} INFO - [2024-04-01T22:29:56.482+0530] {dagbag.py:538} INFO - Filling up the DagBag from /home/lucky/.local/lib/python3.10/site-packages/airflow/example_dags/subdags/subdag.py
[2024-04-01T22:29:56.484+0530] {processor.py:842} WARNING - No viable dags retrieved from /home/lucky/.local/lib/python3.10/site-packages/airflow/example_dags/subdags/subdag.py
[2024-04-01T22:29:56.493+0530] {processor.py:183} INFO - Processing /home/lucky/.local/lib/python3.10/site-packages/airflow/example_dags/subdags/subdag.py took 0.016 seconds
[2024-04-01T22:30:46.888+0530] {processor.py:161} INFO - Started process (PID=61283) to work on /home/lucky/.local/lib/python3.10/site-packages/airflow/example_dags/subdags/subdag.py
[2024-04-01T22:30:46.892+0530] {processor.py:830} INFO - Processing file /home/lucky/.local/lib/python3.10/site-packages/airflow/example_dags/subdags/subdag.py for tasks to queue
[2024-04-01T22:30:46.893+0530] {logging_mixin.py:188} INFO - [2024-04-01T22:30:46.892+0530] {dagbag.py:538} INFO - Filling up the DagBag from /home/lucky/.local/lib/python3.10/site-packages/airflow/example_dags/subdags/subdag.py
[2024-04-01T22:30:46.895+0530] {processor.py:842} WARNING - No viable dags retrieved from /home/lucky/.local/lib/python3.10/site-packages/airflow/example_dags/subdags/subdag.py
[2024-04-01T22:30:46.908+0530] {processor.py:183} INFO - Processing /home/lucky/.local/lib/python3.10/site-packages/airflow/example_dags/subdags/subdag.py took 0.022 seconds
[2024-04-01T22:31:38.030+0530] {processor.py:161} INFO - Started process (PID=61934) to work on /home/lucky/.local/lib/python3.10/site-packages/airflow/example_dags/subdags/subdag.py
[2024-04-01T22:31:38.031+0530] {processor.py:830} INFO - Processing file /home/lucky/.local/lib/python3.10/site-packages/airflow/example_dags/subdags/subdag.py for tasks to queue
[2024-04-01T22:31:38.032+0530] {logging_mixin.py:188} INFO - [2024-04-01T22:31:38.032+0530] {dagbag.py:538} INFO - Filling up the DagBag from /home/lucky/.local/lib/python3.10/site-packages/airflow/example_dags/subdags/subdag.py
[2024-04-01T22:31:38.034+0530] {processor.py:842} WARNING - No viable dags retrieved from /home/lucky/.local/lib/python3.10/site-packages/airflow/example_dags/subdags/subdag.py
[2024-04-01T22:31:38.045+0530] {processor.py:183} INFO - Processing /home/lucky/.local/lib/python3.10/site-packages/airflow/example_dags/subdags/subdag.py took 0.019 seconds
[2024-04-01T22:32:37.450+0530] {processor.py:161} INFO - Started process (PID=62964) to work on /home/lucky/.local/lib/python3.10/site-packages/airflow/example_dags/subdags/subdag.py
[2024-04-01T22:32:37.452+0530] {processor.py:830} INFO - Processing file /home/lucky/.local/lib/python3.10/site-packages/airflow/example_dags/subdags/subdag.py for tasks to queue
[2024-04-01T22:32:37.453+0530] {logging_mixin.py:188} INFO - [2024-04-01T22:32:37.453+0530] {dagbag.py:538} INFO - Filling up the DagBag from /home/lucky/.local/lib/python3.10/site-packages/airflow/example_dags/subdags/subdag.py
[2024-04-01T22:32:37.455+0530] {processor.py:842} WARNING - No viable dags retrieved from /home/lucky/.local/lib/python3.10/site-packages/airflow/example_dags/subdags/subdag.py
[2024-04-01T22:32:37.468+0530] {processor.py:183} INFO - Processing /home/lucky/.local/lib/python3.10/site-packages/airflow/example_dags/subdags/subdag.py took 0.021 seconds
[2024-04-01T23:06:19.276+0530] {processor.py:161} INFO - Started process (PID=5784) to work on /home/lucky/.local/lib/python3.10/site-packages/airflow/example_dags/subdags/subdag.py
[2024-04-01T23:06:19.278+0530] {processor.py:830} INFO - Processing file /home/lucky/.local/lib/python3.10/site-packages/airflow/example_dags/subdags/subdag.py for tasks to queue
[2024-04-01T23:06:19.279+0530] {logging_mixin.py:188} INFO - [2024-04-01T23:06:19.279+0530] {dagbag.py:538} INFO - Filling up the DagBag from /home/lucky/.local/lib/python3.10/site-packages/airflow/example_dags/subdags/subdag.py
[2024-04-01T23:06:19.281+0530] {processor.py:842} WARNING - No viable dags retrieved from /home/lucky/.local/lib/python3.10/site-packages/airflow/example_dags/subdags/subdag.py
[2024-04-01T23:06:19.294+0530] {processor.py:183} INFO - Processing /home/lucky/.local/lib/python3.10/site-packages/airflow/example_dags/subdags/subdag.py took 0.021 seconds
[2024-04-01T23:07:15.309+0530] {processor.py:161} INFO - Started process (PID=6795) to work on /home/lucky/.local/lib/python3.10/site-packages/airflow/example_dags/subdags/subdag.py
[2024-04-01T23:07:15.311+0530] {processor.py:830} INFO - Processing file /home/lucky/.local/lib/python3.10/site-packages/airflow/example_dags/subdags/subdag.py for tasks to queue
[2024-04-01T23:07:15.313+0530] {logging_mixin.py:188} INFO - [2024-04-01T23:07:15.312+0530] {dagbag.py:538} INFO - Filling up the DagBag from /home/lucky/.local/lib/python3.10/site-packages/airflow/example_dags/subdags/subdag.py
[2024-04-01T23:07:15.317+0530] {processor.py:842} WARNING - No viable dags retrieved from /home/lucky/.local/lib/python3.10/site-packages/airflow/example_dags/subdags/subdag.py
[2024-04-01T23:07:15.334+0530] {processor.py:183} INFO - Processing /home/lucky/.local/lib/python3.10/site-packages/airflow/example_dags/subdags/subdag.py took 0.029 seconds
[2024-04-01T23:11:10.062+0530] {processor.py:161} INFO - Started process (PID=10098) to work on /home/lucky/.local/lib/python3.10/site-packages/airflow/example_dags/subdags/subdag.py
[2024-04-01T23:11:10.064+0530] {processor.py:830} INFO - Processing file /home/lucky/.local/lib/python3.10/site-packages/airflow/example_dags/subdags/subdag.py for tasks to queue
[2024-04-01T23:11:10.066+0530] {logging_mixin.py:188} INFO - [2024-04-01T23:11:10.065+0530] {dagbag.py:538} INFO - Filling up the DagBag from /home/lucky/.local/lib/python3.10/site-packages/airflow/example_dags/subdags/subdag.py
[2024-04-01T23:11:10.070+0530] {processor.py:842} WARNING - No viable dags retrieved from /home/lucky/.local/lib/python3.10/site-packages/airflow/example_dags/subdags/subdag.py
[2024-04-01T23:11:10.086+0530] {processor.py:183} INFO - Processing /home/lucky/.local/lib/python3.10/site-packages/airflow/example_dags/subdags/subdag.py took 0.029 seconds
[2024-04-01T23:12:13.922+0530] {processor.py:161} INFO - Started process (PID=11081) to work on /home/lucky/.local/lib/python3.10/site-packages/airflow/example_dags/subdags/subdag.py
[2024-04-01T23:12:13.924+0530] {processor.py:830} INFO - Processing file /home/lucky/.local/lib/python3.10/site-packages/airflow/example_dags/subdags/subdag.py for tasks to queue
[2024-04-01T23:12:13.926+0530] {logging_mixin.py:188} INFO - [2024-04-01T23:12:13.925+0530] {dagbag.py:538} INFO - Filling up the DagBag from /home/lucky/.local/lib/python3.10/site-packages/airflow/example_dags/subdags/subdag.py
[2024-04-01T23:12:13.929+0530] {processor.py:842} WARNING - No viable dags retrieved from /home/lucky/.local/lib/python3.10/site-packages/airflow/example_dags/subdags/subdag.py
[2024-04-01T23:12:13.944+0530] {processor.py:183} INFO - Processing /home/lucky/.local/lib/python3.10/site-packages/airflow/example_dags/subdags/subdag.py took 0.028 seconds
[2024-04-01T23:13:14.951+0530] {processor.py:161} INFO - Started process (PID=12100) to work on /home/lucky/.local/lib/python3.10/site-packages/airflow/example_dags/subdags/subdag.py
[2024-04-01T23:13:14.953+0530] {processor.py:830} INFO - Processing file /home/lucky/.local/lib/python3.10/site-packages/airflow/example_dags/subdags/subdag.py for tasks to queue
[2024-04-01T23:13:14.954+0530] {logging_mixin.py:188} INFO - [2024-04-01T23:13:14.953+0530] {dagbag.py:538} INFO - Filling up the DagBag from /home/lucky/.local/lib/python3.10/site-packages/airflow/example_dags/subdags/subdag.py
[2024-04-01T23:13:14.956+0530] {processor.py:842} WARNING - No viable dags retrieved from /home/lucky/.local/lib/python3.10/site-packages/airflow/example_dags/subdags/subdag.py
[2024-04-01T23:13:14.971+0530] {processor.py:183} INFO - Processing /home/lucky/.local/lib/python3.10/site-packages/airflow/example_dags/subdags/subdag.py took 0.023 seconds
[2024-04-01T23:14:13.115+0530] {processor.py:161} INFO - Started process (PID=12800) to work on /home/lucky/.local/lib/python3.10/site-packages/airflow/example_dags/subdags/subdag.py
[2024-04-01T23:14:13.120+0530] {processor.py:830} INFO - Processing file /home/lucky/.local/lib/python3.10/site-packages/airflow/example_dags/subdags/subdag.py for tasks to queue
[2024-04-01T23:14:13.122+0530] {logging_mixin.py:188} INFO - [2024-04-01T23:14:13.121+0530] {dagbag.py:538} INFO - Filling up the DagBag from /home/lucky/.local/lib/python3.10/site-packages/airflow/example_dags/subdags/subdag.py
[2024-04-01T23:14:13.125+0530] {processor.py:842} WARNING - No viable dags retrieved from /home/lucky/.local/lib/python3.10/site-packages/airflow/example_dags/subdags/subdag.py
[2024-04-01T23:14:13.148+0530] {processor.py:183} INFO - Processing /home/lucky/.local/lib/python3.10/site-packages/airflow/example_dags/subdags/subdag.py took 0.036 seconds
[2024-04-01T23:15:09.843+0530] {processor.py:161} INFO - Started process (PID=13766) to work on /home/lucky/.local/lib/python3.10/site-packages/airflow/example_dags/subdags/subdag.py
[2024-04-01T23:15:09.845+0530] {processor.py:830} INFO - Processing file /home/lucky/.local/lib/python3.10/site-packages/airflow/example_dags/subdags/subdag.py for tasks to queue
[2024-04-01T23:15:09.846+0530] {logging_mixin.py:188} INFO - [2024-04-01T23:15:09.845+0530] {dagbag.py:538} INFO - Filling up the DagBag from /home/lucky/.local/lib/python3.10/site-packages/airflow/example_dags/subdags/subdag.py
[2024-04-01T23:15:09.849+0530] {processor.py:842} WARNING - No viable dags retrieved from /home/lucky/.local/lib/python3.10/site-packages/airflow/example_dags/subdags/subdag.py
[2024-04-01T23:15:09.861+0530] {processor.py:183} INFO - Processing /home/lucky/.local/lib/python3.10/site-packages/airflow/example_dags/subdags/subdag.py took 0.021 seconds
[2024-04-01T23:15:59.989+0530] {processor.py:161} INFO - Started process (PID=14658) to work on /home/lucky/.local/lib/python3.10/site-packages/airflow/example_dags/subdags/subdag.py
[2024-04-01T23:15:59.990+0530] {processor.py:830} INFO - Processing file /home/lucky/.local/lib/python3.10/site-packages/airflow/example_dags/subdags/subdag.py for tasks to queue
[2024-04-01T23:15:59.991+0530] {logging_mixin.py:188} INFO - [2024-04-01T23:15:59.991+0530] {dagbag.py:538} INFO - Filling up the DagBag from /home/lucky/.local/lib/python3.10/site-packages/airflow/example_dags/subdags/subdag.py
[2024-04-01T23:15:59.993+0530] {processor.py:842} WARNING - No viable dags retrieved from /home/lucky/.local/lib/python3.10/site-packages/airflow/example_dags/subdags/subdag.py
[2024-04-01T23:16:00.007+0530] {processor.py:183} INFO - Processing /home/lucky/.local/lib/python3.10/site-packages/airflow/example_dags/subdags/subdag.py took 0.021 seconds
[2024-04-01T23:16:55.106+0530] {processor.py:161} INFO - Started process (PID=15316) to work on /home/lucky/.local/lib/python3.10/site-packages/airflow/example_dags/subdags/subdag.py
[2024-04-01T23:16:55.108+0530] {processor.py:830} INFO - Processing file /home/lucky/.local/lib/python3.10/site-packages/airflow/example_dags/subdags/subdag.py for tasks to queue
[2024-04-01T23:16:55.109+0530] {logging_mixin.py:188} INFO - [2024-04-01T23:16:55.109+0530] {dagbag.py:538} INFO - Filling up the DagBag from /home/lucky/.local/lib/python3.10/site-packages/airflow/example_dags/subdags/subdag.py
[2024-04-01T23:16:55.112+0530] {processor.py:842} WARNING - No viable dags retrieved from /home/lucky/.local/lib/python3.10/site-packages/airflow/example_dags/subdags/subdag.py
[2024-04-01T23:16:55.122+0530] {processor.py:183} INFO - Processing /home/lucky/.local/lib/python3.10/site-packages/airflow/example_dags/subdags/subdag.py took 0.021 seconds
