[2024-03-02T13:15:31.310+0530] {processor.py:161} INFO - Started process (PID=3610) to work on /home/lucky/.local/lib/python3.10/site-packages/airflow/example_dags/subdags/subdag.py
[2024-03-02T13:15:31.312+0530] {processor.py:830} INFO - Processing file /home/lucky/.local/lib/python3.10/site-packages/airflow/example_dags/subdags/subdag.py for tasks to queue
[2024-03-02T13:15:31.314+0530] {logging_mixin.py:188} INFO - [2024-03-02T13:15:31.314+0530] {dagbag.py:538} INFO - Filling up the DagBag from /home/lucky/.local/lib/python3.10/site-packages/airflow/example_dags/subdags/subdag.py
[2024-03-02T13:15:31.320+0530] {processor.py:842} WARNING - No viable dags retrieved from /home/lucky/.local/lib/python3.10/site-packages/airflow/example_dags/subdags/subdag.py
[2024-03-02T13:15:31.340+0530] {processor.py:183} INFO - Processing /home/lucky/.local/lib/python3.10/site-packages/airflow/example_dags/subdags/subdag.py took 0.036 seconds
[2024-03-02T13:16:36.655+0530] {processor.py:161} INFO - Started process (PID=4481) to work on /home/lucky/.local/lib/python3.10/site-packages/airflow/example_dags/subdags/subdag.py
[2024-03-02T13:16:36.662+0530] {processor.py:830} INFO - Processing file /home/lucky/.local/lib/python3.10/site-packages/airflow/example_dags/subdags/subdag.py for tasks to queue
[2024-03-02T13:16:36.667+0530] {logging_mixin.py:188} INFO - [2024-03-02T13:16:36.665+0530] {dagbag.py:538} INFO - Filling up the DagBag from /home/lucky/.local/lib/python3.10/site-packages/airflow/example_dags/subdags/subdag.py
[2024-03-02T13:16:36.680+0530] {processor.py:842} WARNING - No viable dags retrieved from /home/lucky/.local/lib/python3.10/site-packages/airflow/example_dags/subdags/subdag.py
[2024-03-02T13:16:36.753+0530] {processor.py:183} INFO - Processing /home/lucky/.local/lib/python3.10/site-packages/airflow/example_dags/subdags/subdag.py took 0.117 seconds
[2024-03-02T13:17:37.053+0530] {processor.py:161} INFO - Started process (PID=5356) to work on /home/lucky/.local/lib/python3.10/site-packages/airflow/example_dags/subdags/subdag.py
[2024-03-02T13:17:37.066+0530] {processor.py:830} INFO - Processing file /home/lucky/.local/lib/python3.10/site-packages/airflow/example_dags/subdags/subdag.py for tasks to queue
[2024-03-02T13:17:37.069+0530] {logging_mixin.py:188} INFO - [2024-03-02T13:17:37.068+0530] {dagbag.py:538} INFO - Filling up the DagBag from /home/lucky/.local/lib/python3.10/site-packages/airflow/example_dags/subdags/subdag.py
[2024-03-02T13:17:37.075+0530] {processor.py:842} WARNING - No viable dags retrieved from /home/lucky/.local/lib/python3.10/site-packages/airflow/example_dags/subdags/subdag.py
[2024-03-02T13:17:37.100+0530] {processor.py:183} INFO - Processing /home/lucky/.local/lib/python3.10/site-packages/airflow/example_dags/subdags/subdag.py took 0.052 seconds
[2024-03-02T13:18:36.267+0530] {processor.py:161} INFO - Started process (PID=5865) to work on /home/lucky/.local/lib/python3.10/site-packages/airflow/example_dags/subdags/subdag.py
[2024-03-02T13:18:36.270+0530] {processor.py:830} INFO - Processing file /home/lucky/.local/lib/python3.10/site-packages/airflow/example_dags/subdags/subdag.py for tasks to queue
[2024-03-02T13:18:36.272+0530] {logging_mixin.py:188} INFO - [2024-03-02T13:18:36.271+0530] {dagbag.py:538} INFO - Filling up the DagBag from /home/lucky/.local/lib/python3.10/site-packages/airflow/example_dags/subdags/subdag.py
[2024-03-02T13:18:36.275+0530] {processor.py:842} WARNING - No viable dags retrieved from /home/lucky/.local/lib/python3.10/site-packages/airflow/example_dags/subdags/subdag.py
[2024-03-02T13:18:36.300+0530] {processor.py:183} INFO - Processing /home/lucky/.local/lib/python3.10/site-packages/airflow/example_dags/subdags/subdag.py took 0.058 seconds
[2024-03-02T13:19:34.163+0530] {processor.py:161} INFO - Started process (PID=6694) to work on /home/lucky/.local/lib/python3.10/site-packages/airflow/example_dags/subdags/subdag.py
[2024-03-02T13:19:34.177+0530] {processor.py:830} INFO - Processing file /home/lucky/.local/lib/python3.10/site-packages/airflow/example_dags/subdags/subdag.py for tasks to queue
[2024-03-02T13:19:34.181+0530] {logging_mixin.py:188} INFO - [2024-03-02T13:19:34.179+0530] {dagbag.py:538} INFO - Filling up the DagBag from /home/lucky/.local/lib/python3.10/site-packages/airflow/example_dags/subdags/subdag.py
[2024-03-02T13:19:34.187+0530] {processor.py:842} WARNING - No viable dags retrieved from /home/lucky/.local/lib/python3.10/site-packages/airflow/example_dags/subdags/subdag.py
[2024-03-02T13:19:34.219+0530] {processor.py:183} INFO - Processing /home/lucky/.local/lib/python3.10/site-packages/airflow/example_dags/subdags/subdag.py took 0.064 seconds
[2024-03-02T13:20:31.377+0530] {processor.py:161} INFO - Started process (PID=7182) to work on /home/lucky/.local/lib/python3.10/site-packages/airflow/example_dags/subdags/subdag.py
[2024-03-02T13:20:31.390+0530] {processor.py:830} INFO - Processing file /home/lucky/.local/lib/python3.10/site-packages/airflow/example_dags/subdags/subdag.py for tasks to queue
[2024-03-02T13:20:31.392+0530] {logging_mixin.py:188} INFO - [2024-03-02T13:20:31.392+0530] {dagbag.py:538} INFO - Filling up the DagBag from /home/lucky/.local/lib/python3.10/site-packages/airflow/example_dags/subdags/subdag.py
[2024-03-02T13:20:31.396+0530] {processor.py:842} WARNING - No viable dags retrieved from /home/lucky/.local/lib/python3.10/site-packages/airflow/example_dags/subdags/subdag.py
[2024-03-02T13:20:31.417+0530] {processor.py:183} INFO - Processing /home/lucky/.local/lib/python3.10/site-packages/airflow/example_dags/subdags/subdag.py took 0.047 seconds
[2024-03-02T13:21:27.440+0530] {processor.py:161} INFO - Started process (PID=8000) to work on /home/lucky/.local/lib/python3.10/site-packages/airflow/example_dags/subdags/subdag.py
[2024-03-02T13:21:27.454+0530] {processor.py:830} INFO - Processing file /home/lucky/.local/lib/python3.10/site-packages/airflow/example_dags/subdags/subdag.py for tasks to queue
[2024-03-02T13:21:27.457+0530] {logging_mixin.py:188} INFO - [2024-03-02T13:21:27.456+0530] {dagbag.py:538} INFO - Filling up the DagBag from /home/lucky/.local/lib/python3.10/site-packages/airflow/example_dags/subdags/subdag.py
[2024-03-02T13:21:27.466+0530] {processor.py:842} WARNING - No viable dags retrieved from /home/lucky/.local/lib/python3.10/site-packages/airflow/example_dags/subdags/subdag.py
[2024-03-02T13:21:27.494+0530] {processor.py:183} INFO - Processing /home/lucky/.local/lib/python3.10/site-packages/airflow/example_dags/subdags/subdag.py took 0.061 seconds
[2024-03-02T13:22:29.236+0530] {processor.py:161} INFO - Started process (PID=8640) to work on /home/lucky/.local/lib/python3.10/site-packages/airflow/example_dags/subdags/subdag.py
[2024-03-02T13:22:29.250+0530] {processor.py:830} INFO - Processing file /home/lucky/.local/lib/python3.10/site-packages/airflow/example_dags/subdags/subdag.py for tasks to queue
[2024-03-02T13:22:29.252+0530] {logging_mixin.py:188} INFO - [2024-03-02T13:22:29.251+0530] {dagbag.py:538} INFO - Filling up the DagBag from /home/lucky/.local/lib/python3.10/site-packages/airflow/example_dags/subdags/subdag.py
[2024-03-02T13:22:29.256+0530] {processor.py:842} WARNING - No viable dags retrieved from /home/lucky/.local/lib/python3.10/site-packages/airflow/example_dags/subdags/subdag.py
[2024-03-02T13:22:29.276+0530] {processor.py:183} INFO - Processing /home/lucky/.local/lib/python3.10/site-packages/airflow/example_dags/subdags/subdag.py took 0.045 seconds
[2024-03-02T13:23:37.399+0530] {processor.py:161} INFO - Started process (PID=9596) to work on /home/lucky/.local/lib/python3.10/site-packages/airflow/example_dags/subdags/subdag.py
[2024-03-02T13:23:37.413+0530] {processor.py:830} INFO - Processing file /home/lucky/.local/lib/python3.10/site-packages/airflow/example_dags/subdags/subdag.py for tasks to queue
[2024-03-02T13:23:37.417+0530] {logging_mixin.py:188} INFO - [2024-03-02T13:23:37.415+0530] {dagbag.py:538} INFO - Filling up the DagBag from /home/lucky/.local/lib/python3.10/site-packages/airflow/example_dags/subdags/subdag.py
[2024-03-02T13:23:37.424+0530] {processor.py:842} WARNING - No viable dags retrieved from /home/lucky/.local/lib/python3.10/site-packages/airflow/example_dags/subdags/subdag.py
[2024-03-02T13:23:37.460+0530] {processor.py:183} INFO - Processing /home/lucky/.local/lib/python3.10/site-packages/airflow/example_dags/subdags/subdag.py took 0.068 seconds
[2024-03-02T13:24:39.306+0530] {processor.py:161} INFO - Started process (PID=10159) to work on /home/lucky/.local/lib/python3.10/site-packages/airflow/example_dags/subdags/subdag.py
[2024-03-02T13:24:39.320+0530] {processor.py:830} INFO - Processing file /home/lucky/.local/lib/python3.10/site-packages/airflow/example_dags/subdags/subdag.py for tasks to queue
[2024-03-02T13:24:39.322+0530] {logging_mixin.py:188} INFO - [2024-03-02T13:24:39.321+0530] {dagbag.py:538} INFO - Filling up the DagBag from /home/lucky/.local/lib/python3.10/site-packages/airflow/example_dags/subdags/subdag.py
[2024-03-02T13:24:39.327+0530] {processor.py:842} WARNING - No viable dags retrieved from /home/lucky/.local/lib/python3.10/site-packages/airflow/example_dags/subdags/subdag.py
[2024-03-02T13:24:39.349+0530] {processor.py:183} INFO - Processing /home/lucky/.local/lib/python3.10/site-packages/airflow/example_dags/subdags/subdag.py took 0.049 seconds
[2024-03-02T13:25:42.160+0530] {processor.py:161} INFO - Started process (PID=11089) to work on /home/lucky/.local/lib/python3.10/site-packages/airflow/example_dags/subdags/subdag.py
[2024-03-02T13:25:42.163+0530] {processor.py:830} INFO - Processing file /home/lucky/.local/lib/python3.10/site-packages/airflow/example_dags/subdags/subdag.py for tasks to queue
[2024-03-02T13:25:42.165+0530] {logging_mixin.py:188} INFO - [2024-03-02T13:25:42.164+0530] {dagbag.py:538} INFO - Filling up the DagBag from /home/lucky/.local/lib/python3.10/site-packages/airflow/example_dags/subdags/subdag.py
[2024-03-02T13:25:42.169+0530] {processor.py:842} WARNING - No viable dags retrieved from /home/lucky/.local/lib/python3.10/site-packages/airflow/example_dags/subdags/subdag.py
[2024-03-02T13:25:42.192+0530] {processor.py:183} INFO - Processing /home/lucky/.local/lib/python3.10/site-packages/airflow/example_dags/subdags/subdag.py took 0.037 seconds
[2024-03-02T13:26:44.307+0530] {processor.py:161} INFO - Started process (PID=11627) to work on /home/lucky/.local/lib/python3.10/site-packages/airflow/example_dags/subdags/subdag.py
[2024-03-02T13:26:44.311+0530] {processor.py:830} INFO - Processing file /home/lucky/.local/lib/python3.10/site-packages/airflow/example_dags/subdags/subdag.py for tasks to queue
[2024-03-02T13:26:44.316+0530] {logging_mixin.py:188} INFO - [2024-03-02T13:26:44.314+0530] {dagbag.py:538} INFO - Filling up the DagBag from /home/lucky/.local/lib/python3.10/site-packages/airflow/example_dags/subdags/subdag.py
[2024-03-02T13:26:44.323+0530] {processor.py:842} WARNING - No viable dags retrieved from /home/lucky/.local/lib/python3.10/site-packages/airflow/example_dags/subdags/subdag.py
[2024-03-02T13:26:44.353+0530] {processor.py:183} INFO - Processing /home/lucky/.local/lib/python3.10/site-packages/airflow/example_dags/subdags/subdag.py took 0.054 seconds
[2024-03-02T13:27:43.218+0530] {processor.py:161} INFO - Started process (PID=12489) to work on /home/lucky/.local/lib/python3.10/site-packages/airflow/example_dags/subdags/subdag.py
[2024-03-02T13:27:43.221+0530] {processor.py:830} INFO - Processing file /home/lucky/.local/lib/python3.10/site-packages/airflow/example_dags/subdags/subdag.py for tasks to queue
[2024-03-02T13:27:43.223+0530] {logging_mixin.py:188} INFO - [2024-03-02T13:27:43.222+0530] {dagbag.py:538} INFO - Filling up the DagBag from /home/lucky/.local/lib/python3.10/site-packages/airflow/example_dags/subdags/subdag.py
[2024-03-02T13:27:43.230+0530] {processor.py:842} WARNING - No viable dags retrieved from /home/lucky/.local/lib/python3.10/site-packages/airflow/example_dags/subdags/subdag.py
[2024-03-02T13:27:43.255+0530] {processor.py:183} INFO - Processing /home/lucky/.local/lib/python3.10/site-packages/airflow/example_dags/subdags/subdag.py took 0.052 seconds
[2024-03-02T13:29:09.631+0530] {processor.py:161} INFO - Started process (PID=13402) to work on /home/lucky/.local/lib/python3.10/site-packages/airflow/example_dags/subdags/subdag.py
[2024-03-02T13:29:09.635+0530] {processor.py:830} INFO - Processing file /home/lucky/.local/lib/python3.10/site-packages/airflow/example_dags/subdags/subdag.py for tasks to queue
[2024-03-02T13:29:09.638+0530] {logging_mixin.py:188} INFO - [2024-03-02T13:29:09.637+0530] {dagbag.py:538} INFO - Filling up the DagBag from /home/lucky/.local/lib/python3.10/site-packages/airflow/example_dags/subdags/subdag.py
[2024-03-02T13:29:09.646+0530] {processor.py:842} WARNING - No viable dags retrieved from /home/lucky/.local/lib/python3.10/site-packages/airflow/example_dags/subdags/subdag.py
[2024-03-02T13:29:09.674+0530] {processor.py:183} INFO - Processing /home/lucky/.local/lib/python3.10/site-packages/airflow/example_dags/subdags/subdag.py took 0.054 seconds
[2024-03-02T13:32:10.074+0530] {processor.py:161} INFO - Started process (PID=15408) to work on /home/lucky/.local/lib/python3.10/site-packages/airflow/example_dags/subdags/subdag.py
[2024-03-02T13:32:10.087+0530] {processor.py:830} INFO - Processing file /home/lucky/.local/lib/python3.10/site-packages/airflow/example_dags/subdags/subdag.py for tasks to queue
[2024-03-02T13:32:10.089+0530] {logging_mixin.py:188} INFO - [2024-03-02T13:32:10.088+0530] {dagbag.py:538} INFO - Filling up the DagBag from /home/lucky/.local/lib/python3.10/site-packages/airflow/example_dags/subdags/subdag.py
[2024-03-02T13:32:10.093+0530] {processor.py:842} WARNING - No viable dags retrieved from /home/lucky/.local/lib/python3.10/site-packages/airflow/example_dags/subdags/subdag.py
[2024-03-02T13:32:10.110+0530] {processor.py:183} INFO - Processing /home/lucky/.local/lib/python3.10/site-packages/airflow/example_dags/subdags/subdag.py took 0.041 seconds
[2024-03-02T13:34:42.325+0530] {processor.py:161} INFO - Started process (PID=17029) to work on /home/lucky/.local/lib/python3.10/site-packages/airflow/example_dags/subdags/subdag.py
[2024-03-02T13:34:42.340+0530] {processor.py:830} INFO - Processing file /home/lucky/.local/lib/python3.10/site-packages/airflow/example_dags/subdags/subdag.py for tasks to queue
[2024-03-02T13:34:42.342+0530] {logging_mixin.py:188} INFO - [2024-03-02T13:34:42.341+0530] {dagbag.py:538} INFO - Filling up the DagBag from /home/lucky/.local/lib/python3.10/site-packages/airflow/example_dags/subdags/subdag.py
[2024-03-02T13:34:42.348+0530] {processor.py:842} WARNING - No viable dags retrieved from /home/lucky/.local/lib/python3.10/site-packages/airflow/example_dags/subdags/subdag.py
[2024-03-02T13:34:42.377+0530] {processor.py:183} INFO - Processing /home/lucky/.local/lib/python3.10/site-packages/airflow/example_dags/subdags/subdag.py took 0.061 seconds
[2024-03-02T13:35:42.274+0530] {processor.py:161} INFO - Started process (PID=17941) to work on /home/lucky/.local/lib/python3.10/site-packages/airflow/example_dags/subdags/subdag.py
[2024-03-02T13:35:42.287+0530] {processor.py:830} INFO - Processing file /home/lucky/.local/lib/python3.10/site-packages/airflow/example_dags/subdags/subdag.py for tasks to queue
[2024-03-02T13:35:42.289+0530] {logging_mixin.py:188} INFO - [2024-03-02T13:35:42.289+0530] {dagbag.py:538} INFO - Filling up the DagBag from /home/lucky/.local/lib/python3.10/site-packages/airflow/example_dags/subdags/subdag.py
[2024-03-02T13:35:42.294+0530] {processor.py:842} WARNING - No viable dags retrieved from /home/lucky/.local/lib/python3.10/site-packages/airflow/example_dags/subdags/subdag.py
[2024-03-02T13:35:42.314+0530] {processor.py:183} INFO - Processing /home/lucky/.local/lib/python3.10/site-packages/airflow/example_dags/subdags/subdag.py took 0.044 seconds
[2024-03-02T13:37:39.405+0530] {processor.py:161} INFO - Started process (PID=19296) to work on /home/lucky/.local/lib/python3.10/site-packages/airflow/example_dags/subdags/subdag.py
[2024-03-02T13:37:39.418+0530] {processor.py:830} INFO - Processing file /home/lucky/.local/lib/python3.10/site-packages/airflow/example_dags/subdags/subdag.py for tasks to queue
[2024-03-02T13:37:39.421+0530] {logging_mixin.py:188} INFO - [2024-03-02T13:37:39.420+0530] {dagbag.py:538} INFO - Filling up the DagBag from /home/lucky/.local/lib/python3.10/site-packages/airflow/example_dags/subdags/subdag.py
[2024-03-02T13:37:39.425+0530] {processor.py:842} WARNING - No viable dags retrieved from /home/lucky/.local/lib/python3.10/site-packages/airflow/example_dags/subdags/subdag.py
[2024-03-02T13:37:39.447+0530] {processor.py:183} INFO - Processing /home/lucky/.local/lib/python3.10/site-packages/airflow/example_dags/subdags/subdag.py took 0.048 seconds
[2024-03-02T16:15:21.251+0530] {processor.py:161} INFO - Started process (PID=121090) to work on /home/lucky/.local/lib/python3.10/site-packages/airflow/example_dags/subdags/subdag.py
[2024-03-02T16:15:21.253+0530] {processor.py:830} INFO - Processing file /home/lucky/.local/lib/python3.10/site-packages/airflow/example_dags/subdags/subdag.py for tasks to queue
[2024-03-02T16:15:21.255+0530] {logging_mixin.py:188} INFO - [2024-03-02T16:15:21.254+0530] {dagbag.py:538} INFO - Filling up the DagBag from /home/lucky/.local/lib/python3.10/site-packages/airflow/example_dags/subdags/subdag.py
[2024-03-02T16:15:21.258+0530] {processor.py:842} WARNING - No viable dags retrieved from /home/lucky/.local/lib/python3.10/site-packages/airflow/example_dags/subdags/subdag.py
[2024-03-02T16:15:21.270+0530] {processor.py:183} INFO - Processing /home/lucky/.local/lib/python3.10/site-packages/airflow/example_dags/subdags/subdag.py took 0.021 seconds
[2024-03-02T16:16:19.427+0530] {processor.py:161} INFO - Started process (PID=121921) to work on /home/lucky/.local/lib/python3.10/site-packages/airflow/example_dags/subdags/subdag.py
[2024-03-02T16:16:19.429+0530] {processor.py:830} INFO - Processing file /home/lucky/.local/lib/python3.10/site-packages/airflow/example_dags/subdags/subdag.py for tasks to queue
[2024-03-02T16:16:19.431+0530] {logging_mixin.py:188} INFO - [2024-03-02T16:16:19.430+0530] {dagbag.py:538} INFO - Filling up the DagBag from /home/lucky/.local/lib/python3.10/site-packages/airflow/example_dags/subdags/subdag.py
[2024-03-02T16:16:19.433+0530] {processor.py:842} WARNING - No viable dags retrieved from /home/lucky/.local/lib/python3.10/site-packages/airflow/example_dags/subdags/subdag.py
[2024-03-02T16:16:19.447+0530] {processor.py:183} INFO - Processing /home/lucky/.local/lib/python3.10/site-packages/airflow/example_dags/subdags/subdag.py took 0.023 seconds
[2024-03-02T16:20:39.495+0530] {processor.py:161} INFO - Started process (PID=125412) to work on /home/lucky/.local/lib/python3.10/site-packages/airflow/example_dags/subdags/subdag.py
[2024-03-02T16:20:39.497+0530] {processor.py:830} INFO - Processing file /home/lucky/.local/lib/python3.10/site-packages/airflow/example_dags/subdags/subdag.py for tasks to queue
[2024-03-02T16:20:39.497+0530] {logging_mixin.py:188} INFO - [2024-03-02T16:20:39.497+0530] {dagbag.py:538} INFO - Filling up the DagBag from /home/lucky/.local/lib/python3.10/site-packages/airflow/example_dags/subdags/subdag.py
[2024-03-02T16:20:39.499+0530] {processor.py:842} WARNING - No viable dags retrieved from /home/lucky/.local/lib/python3.10/site-packages/airflow/example_dags/subdags/subdag.py
[2024-03-02T16:20:39.511+0530] {processor.py:183} INFO - Processing /home/lucky/.local/lib/python3.10/site-packages/airflow/example_dags/subdags/subdag.py took 0.018 seconds
[2024-03-02T16:21:33.748+0530] {processor.py:161} INFO - Started process (PID=126052) to work on /home/lucky/.local/lib/python3.10/site-packages/airflow/example_dags/subdags/subdag.py
[2024-03-02T16:21:33.750+0530] {processor.py:830} INFO - Processing file /home/lucky/.local/lib/python3.10/site-packages/airflow/example_dags/subdags/subdag.py for tasks to queue
[2024-03-02T16:21:33.752+0530] {logging_mixin.py:188} INFO - [2024-03-02T16:21:33.751+0530] {dagbag.py:538} INFO - Filling up the DagBag from /home/lucky/.local/lib/python3.10/site-packages/airflow/example_dags/subdags/subdag.py
[2024-03-02T16:21:33.756+0530] {processor.py:842} WARNING - No viable dags retrieved from /home/lucky/.local/lib/python3.10/site-packages/airflow/example_dags/subdags/subdag.py
[2024-03-02T16:21:33.779+0530] {processor.py:183} INFO - Processing /home/lucky/.local/lib/python3.10/site-packages/airflow/example_dags/subdags/subdag.py took 0.038 seconds
[2024-03-02T16:22:23.668+0530] {processor.py:161} INFO - Started process (PID=126812) to work on /home/lucky/.local/lib/python3.10/site-packages/airflow/example_dags/subdags/subdag.py
[2024-03-02T16:22:23.682+0530] {processor.py:830} INFO - Processing file /home/lucky/.local/lib/python3.10/site-packages/airflow/example_dags/subdags/subdag.py for tasks to queue
[2024-03-02T16:22:23.684+0530] {logging_mixin.py:188} INFO - [2024-03-02T16:22:23.683+0530] {dagbag.py:538} INFO - Filling up the DagBag from /home/lucky/.local/lib/python3.10/site-packages/airflow/example_dags/subdags/subdag.py
[2024-03-02T16:22:23.687+0530] {processor.py:842} WARNING - No viable dags retrieved from /home/lucky/.local/lib/python3.10/site-packages/airflow/example_dags/subdags/subdag.py
[2024-03-02T16:22:23.702+0530] {processor.py:183} INFO - Processing /home/lucky/.local/lib/python3.10/site-packages/airflow/example_dags/subdags/subdag.py took 0.037 seconds
[2024-03-02T16:23:18.917+0530] {processor.py:161} INFO - Started process (PID=127499) to work on /home/lucky/.local/lib/python3.10/site-packages/airflow/example_dags/subdags/subdag.py
[2024-03-02T16:23:18.919+0530] {processor.py:830} INFO - Processing file /home/lucky/.local/lib/python3.10/site-packages/airflow/example_dags/subdags/subdag.py for tasks to queue
[2024-03-02T16:23:18.921+0530] {logging_mixin.py:188} INFO - [2024-03-02T16:23:18.920+0530] {dagbag.py:538} INFO - Filling up the DagBag from /home/lucky/.local/lib/python3.10/site-packages/airflow/example_dags/subdags/subdag.py
[2024-03-02T16:23:18.926+0530] {processor.py:842} WARNING - No viable dags retrieved from /home/lucky/.local/lib/python3.10/site-packages/airflow/example_dags/subdags/subdag.py
[2024-03-02T16:23:18.942+0530] {processor.py:183} INFO - Processing /home/lucky/.local/lib/python3.10/site-packages/airflow/example_dags/subdags/subdag.py took 0.029 seconds
[2024-03-02T16:32:43.349+0530] {processor.py:161} INFO - Started process (PID=134819) to work on /home/lucky/.local/lib/python3.10/site-packages/airflow/example_dags/subdags/subdag.py
[2024-03-02T16:32:43.351+0530] {processor.py:830} INFO - Processing file /home/lucky/.local/lib/python3.10/site-packages/airflow/example_dags/subdags/subdag.py for tasks to queue
[2024-03-02T16:32:43.352+0530] {logging_mixin.py:188} INFO - [2024-03-02T16:32:43.352+0530] {dagbag.py:538} INFO - Filling up the DagBag from /home/lucky/.local/lib/python3.10/site-packages/airflow/example_dags/subdags/subdag.py
[2024-03-02T16:32:43.355+0530] {processor.py:842} WARNING - No viable dags retrieved from /home/lucky/.local/lib/python3.10/site-packages/airflow/example_dags/subdags/subdag.py
[2024-03-02T16:32:43.368+0530] {processor.py:183} INFO - Processing /home/lucky/.local/lib/python3.10/site-packages/airflow/example_dags/subdags/subdag.py took 0.023 seconds
[2024-03-02T16:33:33.394+0530] {processor.py:161} INFO - Started process (PID=135639) to work on /home/lucky/.local/lib/python3.10/site-packages/airflow/example_dags/subdags/subdag.py
[2024-03-02T16:33:33.396+0530] {processor.py:830} INFO - Processing file /home/lucky/.local/lib/python3.10/site-packages/airflow/example_dags/subdags/subdag.py for tasks to queue
[2024-03-02T16:33:33.398+0530] {logging_mixin.py:188} INFO - [2024-03-02T16:33:33.397+0530] {dagbag.py:538} INFO - Filling up the DagBag from /home/lucky/.local/lib/python3.10/site-packages/airflow/example_dags/subdags/subdag.py
[2024-03-02T16:33:33.402+0530] {processor.py:842} WARNING - No viable dags retrieved from /home/lucky/.local/lib/python3.10/site-packages/airflow/example_dags/subdags/subdag.py
[2024-03-02T16:33:33.420+0530] {processor.py:183} INFO - Processing /home/lucky/.local/lib/python3.10/site-packages/airflow/example_dags/subdags/subdag.py took 0.031 seconds
[2024-03-02T16:34:22.806+0530] {processor.py:161} INFO - Started process (PID=136306) to work on /home/lucky/.local/lib/python3.10/site-packages/airflow/example_dags/subdags/subdag.py
[2024-03-02T16:34:22.808+0530] {processor.py:830} INFO - Processing file /home/lucky/.local/lib/python3.10/site-packages/airflow/example_dags/subdags/subdag.py for tasks to queue
[2024-03-02T16:34:22.809+0530] {logging_mixin.py:188} INFO - [2024-03-02T16:34:22.809+0530] {dagbag.py:538} INFO - Filling up the DagBag from /home/lucky/.local/lib/python3.10/site-packages/airflow/example_dags/subdags/subdag.py
[2024-03-02T16:34:22.811+0530] {processor.py:842} WARNING - No viable dags retrieved from /home/lucky/.local/lib/python3.10/site-packages/airflow/example_dags/subdags/subdag.py
[2024-03-02T16:34:22.822+0530] {processor.py:183} INFO - Processing /home/lucky/.local/lib/python3.10/site-packages/airflow/example_dags/subdags/subdag.py took 0.018 seconds
[2024-03-02T16:35:04.826+0530] {processor.py:161} INFO - Started process (PID=136964) to work on /home/lucky/.local/lib/python3.10/site-packages/airflow/example_dags/subdags/subdag.py
[2024-03-02T16:35:04.833+0530] {processor.py:830} INFO - Processing file /home/lucky/.local/lib/python3.10/site-packages/airflow/example_dags/subdags/subdag.py for tasks to queue
[2024-03-02T16:35:04.834+0530] {logging_mixin.py:188} INFO - [2024-03-02T16:35:04.833+0530] {dagbag.py:538} INFO - Filling up the DagBag from /home/lucky/.local/lib/python3.10/site-packages/airflow/example_dags/subdags/subdag.py
[2024-03-02T16:35:04.837+0530] {processor.py:842} WARNING - No viable dags retrieved from /home/lucky/.local/lib/python3.10/site-packages/airflow/example_dags/subdags/subdag.py
[2024-03-02T16:35:04.851+0530] {processor.py:183} INFO - Processing /home/lucky/.local/lib/python3.10/site-packages/airflow/example_dags/subdags/subdag.py took 0.029 seconds
[2024-03-02T16:36:04.624+0530] {processor.py:161} INFO - Started process (PID=137638) to work on /home/lucky/.local/lib/python3.10/site-packages/airflow/example_dags/subdags/subdag.py
[2024-03-02T16:36:04.627+0530] {processor.py:830} INFO - Processing file /home/lucky/.local/lib/python3.10/site-packages/airflow/example_dags/subdags/subdag.py for tasks to queue
[2024-03-02T16:36:04.628+0530] {logging_mixin.py:188} INFO - [2024-03-02T16:36:04.628+0530] {dagbag.py:538} INFO - Filling up the DagBag from /home/lucky/.local/lib/python3.10/site-packages/airflow/example_dags/subdags/subdag.py
[2024-03-02T16:36:04.631+0530] {processor.py:842} WARNING - No viable dags retrieved from /home/lucky/.local/lib/python3.10/site-packages/airflow/example_dags/subdags/subdag.py
[2024-03-02T16:36:04.648+0530] {processor.py:183} INFO - Processing /home/lucky/.local/lib/python3.10/site-packages/airflow/example_dags/subdags/subdag.py took 0.028 seconds
[2024-03-02T16:36:44.521+0530] {processor.py:161} INFO - Started process (PID=138237) to work on /home/lucky/.local/lib/python3.10/site-packages/airflow/example_dags/subdags/subdag.py
[2024-03-02T16:36:44.522+0530] {processor.py:830} INFO - Processing file /home/lucky/.local/lib/python3.10/site-packages/airflow/example_dags/subdags/subdag.py for tasks to queue
[2024-03-02T16:36:44.525+0530] {logging_mixin.py:188} INFO - [2024-03-02T16:36:44.524+0530] {dagbag.py:538} INFO - Filling up the DagBag from /home/lucky/.local/lib/python3.10/site-packages/airflow/example_dags/subdags/subdag.py
[2024-03-02T16:36:44.528+0530] {processor.py:842} WARNING - No viable dags retrieved from /home/lucky/.local/lib/python3.10/site-packages/airflow/example_dags/subdags/subdag.py
[2024-03-02T16:36:44.541+0530] {processor.py:183} INFO - Processing /home/lucky/.local/lib/python3.10/site-packages/airflow/example_dags/subdags/subdag.py took 0.024 seconds
[2024-03-02T16:37:28.531+0530] {processor.py:161} INFO - Started process (PID=138791) to work on /home/lucky/.local/lib/python3.10/site-packages/airflow/example_dags/subdags/subdag.py
[2024-03-02T16:37:28.534+0530] {processor.py:830} INFO - Processing file /home/lucky/.local/lib/python3.10/site-packages/airflow/example_dags/subdags/subdag.py for tasks to queue
[2024-03-02T16:37:28.535+0530] {logging_mixin.py:188} INFO - [2024-03-02T16:37:28.535+0530] {dagbag.py:538} INFO - Filling up the DagBag from /home/lucky/.local/lib/python3.10/site-packages/airflow/example_dags/subdags/subdag.py
[2024-03-02T16:37:28.539+0530] {processor.py:842} WARNING - No viable dags retrieved from /home/lucky/.local/lib/python3.10/site-packages/airflow/example_dags/subdags/subdag.py
[2024-03-02T16:37:28.560+0530] {processor.py:183} INFO - Processing /home/lucky/.local/lib/python3.10/site-packages/airflow/example_dags/subdags/subdag.py took 0.034 seconds
