[2024-04-08T00:27:19.140+0530] {processor.py:161} INFO - Started process (PID=8212) to work on /home/lucky/.local/lib/python3.10/site-packages/airflow/example_dags/example_nested_branch_dag.py
[2024-04-08T00:27:19.141+0530] {processor.py:830} INFO - Processing file /home/lucky/.local/lib/python3.10/site-packages/airflow/example_dags/example_nested_branch_dag.py for tasks to queue
[2024-04-08T00:27:19.143+0530] {logging_mixin.py:188} INFO - [2024-04-08T00:27:19.142+0530] {dagbag.py:538} INFO - Filling up the DagBag from /home/lucky/.local/lib/python3.10/site-packages/airflow/example_dags/example_nested_branch_dag.py
[2024-04-08T00:27:19.158+0530] {processor.py:840} INFO - DAG(s) 'example_nested_branch_dag' retrieved from /home/lucky/.local/lib/python3.10/site-packages/airflow/example_dags/example_nested_branch_dag.py
[2024-04-08T00:27:19.201+0530] {logging_mixin.py:188} INFO - [2024-04-08T00:27:19.200+0530] {dag.py:3036} INFO - Sync 1 DAGs
[2024-04-08T00:27:19.246+0530] {logging_mixin.py:188} INFO - [2024-04-08T00:27:19.245+0530] {dag.py:3823} INFO - Setting next_dagrun for example_nested_branch_dag to 2024-04-06 00:00:00+00:00, run_after=2024-04-07 00:00:00+00:00
[2024-04-08T00:27:19.291+0530] {processor.py:183} INFO - Processing /home/lucky/.local/lib/python3.10/site-packages/airflow/example_dags/example_nested_branch_dag.py took 0.155 seconds
[2024-04-08T00:28:21.201+0530] {processor.py:161} INFO - Started process (PID=9219) to work on /home/lucky/.local/lib/python3.10/site-packages/airflow/example_dags/example_nested_branch_dag.py
[2024-04-08T00:28:21.204+0530] {processor.py:830} INFO - Processing file /home/lucky/.local/lib/python3.10/site-packages/airflow/example_dags/example_nested_branch_dag.py for tasks to queue
[2024-04-08T00:28:21.205+0530] {logging_mixin.py:188} INFO - [2024-04-08T00:28:21.205+0530] {dagbag.py:538} INFO - Filling up the DagBag from /home/lucky/.local/lib/python3.10/site-packages/airflow/example_dags/example_nested_branch_dag.py
[2024-04-08T00:28:21.223+0530] {processor.py:840} INFO - DAG(s) 'example_nested_branch_dag' retrieved from /home/lucky/.local/lib/python3.10/site-packages/airflow/example_dags/example_nested_branch_dag.py
[2024-04-08T00:28:21.301+0530] {logging_mixin.py:188} INFO - [2024-04-08T00:28:21.300+0530] {dag.py:3036} INFO - Sync 1 DAGs
[2024-04-08T00:28:21.475+0530] {logging_mixin.py:188} INFO - [2024-04-08T00:28:21.475+0530] {dag.py:3823} INFO - Setting next_dagrun for example_nested_branch_dag to 2024-04-06 00:00:00+00:00, run_after=2024-04-07 00:00:00+00:00
[2024-04-08T00:28:21.702+0530] {processor.py:183} INFO - Processing /home/lucky/.local/lib/python3.10/site-packages/airflow/example_dags/example_nested_branch_dag.py took 0.508 seconds
[2024-04-08T00:29:33.602+0530] {processor.py:161} INFO - Started process (PID=10051) to work on /home/lucky/.local/lib/python3.10/site-packages/airflow/example_dags/example_nested_branch_dag.py
[2024-04-08T00:29:33.605+0530] {processor.py:830} INFO - Processing file /home/lucky/.local/lib/python3.10/site-packages/airflow/example_dags/example_nested_branch_dag.py for tasks to queue
[2024-04-08T00:29:33.610+0530] {logging_mixin.py:188} INFO - [2024-04-08T00:29:33.607+0530] {dagbag.py:538} INFO - Filling up the DagBag from /home/lucky/.local/lib/python3.10/site-packages/airflow/example_dags/example_nested_branch_dag.py
[2024-04-08T00:29:33.633+0530] {processor.py:840} INFO - DAG(s) 'example_nested_branch_dag' retrieved from /home/lucky/.local/lib/python3.10/site-packages/airflow/example_dags/example_nested_branch_dag.py
[2024-04-08T00:29:33.675+0530] {logging_mixin.py:188} INFO - [2024-04-08T00:29:33.674+0530] {dag.py:3036} INFO - Sync 1 DAGs
[2024-04-08T00:29:33.735+0530] {logging_mixin.py:188} INFO - [2024-04-08T00:29:33.734+0530] {dag.py:3823} INFO - Setting next_dagrun for example_nested_branch_dag to 2024-04-06 00:00:00+00:00, run_after=2024-04-07 00:00:00+00:00
[2024-04-08T00:29:33.785+0530] {processor.py:183} INFO - Processing /home/lucky/.local/lib/python3.10/site-packages/airflow/example_dags/example_nested_branch_dag.py took 0.188 seconds
[2024-04-08T00:30:35.844+0530] {processor.py:161} INFO - Started process (PID=11179) to work on /home/lucky/.local/lib/python3.10/site-packages/airflow/example_dags/example_nested_branch_dag.py
[2024-04-08T00:30:35.856+0530] {processor.py:830} INFO - Processing file /home/lucky/.local/lib/python3.10/site-packages/airflow/example_dags/example_nested_branch_dag.py for tasks to queue
[2024-04-08T00:30:35.857+0530] {logging_mixin.py:188} INFO - [2024-04-08T00:30:35.857+0530] {dagbag.py:538} INFO - Filling up the DagBag from /home/lucky/.local/lib/python3.10/site-packages/airflow/example_dags/example_nested_branch_dag.py
[2024-04-08T00:30:35.869+0530] {processor.py:840} INFO - DAG(s) 'example_nested_branch_dag' retrieved from /home/lucky/.local/lib/python3.10/site-packages/airflow/example_dags/example_nested_branch_dag.py
[2024-04-08T00:30:35.902+0530] {logging_mixin.py:188} INFO - [2024-04-08T00:30:35.901+0530] {dag.py:3036} INFO - Sync 1 DAGs
[2024-04-08T00:30:35.942+0530] {logging_mixin.py:188} INFO - [2024-04-08T00:30:35.941+0530] {dag.py:3823} INFO - Setting next_dagrun for example_nested_branch_dag to 2024-04-06 00:00:00+00:00, run_after=2024-04-07 00:00:00+00:00
[2024-04-08T00:30:35.982+0530] {processor.py:183} INFO - Processing /home/lucky/.local/lib/python3.10/site-packages/airflow/example_dags/example_nested_branch_dag.py took 0.142 seconds
[2024-04-08T00:31:40.479+0530] {processor.py:161} INFO - Started process (PID=12276) to work on /home/lucky/.local/lib/python3.10/site-packages/airflow/example_dags/example_nested_branch_dag.py
[2024-04-08T00:31:40.483+0530] {processor.py:830} INFO - Processing file /home/lucky/.local/lib/python3.10/site-packages/airflow/example_dags/example_nested_branch_dag.py for tasks to queue
[2024-04-08T00:31:40.485+0530] {logging_mixin.py:188} INFO - [2024-04-08T00:31:40.484+0530] {dagbag.py:538} INFO - Filling up the DagBag from /home/lucky/.local/lib/python3.10/site-packages/airflow/example_dags/example_nested_branch_dag.py
[2024-04-08T00:31:40.541+0530] {processor.py:840} INFO - DAG(s) 'example_nested_branch_dag' retrieved from /home/lucky/.local/lib/python3.10/site-packages/airflow/example_dags/example_nested_branch_dag.py
[2024-04-08T00:31:40.623+0530] {logging_mixin.py:188} INFO - [2024-04-08T00:31:40.622+0530] {dag.py:3036} INFO - Sync 1 DAGs
[2024-04-08T00:31:40.676+0530] {logging_mixin.py:188} INFO - [2024-04-08T00:31:40.675+0530] {dag.py:3823} INFO - Setting next_dagrun for example_nested_branch_dag to 2024-04-06 00:00:00+00:00, run_after=2024-04-07 00:00:00+00:00
[2024-04-08T00:31:40.720+0530] {processor.py:183} INFO - Processing /home/lucky/.local/lib/python3.10/site-packages/airflow/example_dags/example_nested_branch_dag.py took 0.256 seconds
[2024-04-08T00:32:49.314+0530] {processor.py:161} INFO - Started process (PID=13089) to work on /home/lucky/.local/lib/python3.10/site-packages/airflow/example_dags/example_nested_branch_dag.py
[2024-04-08T00:32:49.317+0530] {processor.py:830} INFO - Processing file /home/lucky/.local/lib/python3.10/site-packages/airflow/example_dags/example_nested_branch_dag.py for tasks to queue
[2024-04-08T00:32:49.318+0530] {logging_mixin.py:188} INFO - [2024-04-08T00:32:49.317+0530] {dagbag.py:538} INFO - Filling up the DagBag from /home/lucky/.local/lib/python3.10/site-packages/airflow/example_dags/example_nested_branch_dag.py
[2024-04-08T00:32:49.337+0530] {processor.py:840} INFO - DAG(s) 'example_nested_branch_dag' retrieved from /home/lucky/.local/lib/python3.10/site-packages/airflow/example_dags/example_nested_branch_dag.py
[2024-04-08T00:32:49.370+0530] {logging_mixin.py:188} INFO - [2024-04-08T00:32:49.370+0530] {dag.py:3036} INFO - Sync 1 DAGs
[2024-04-08T00:32:49.402+0530] {logging_mixin.py:188} INFO - [2024-04-08T00:32:49.402+0530] {dag.py:3823} INFO - Setting next_dagrun for example_nested_branch_dag to 2024-04-06 00:00:00+00:00, run_after=2024-04-07 00:00:00+00:00
[2024-04-08T00:32:49.438+0530] {processor.py:183} INFO - Processing /home/lucky/.local/lib/python3.10/site-packages/airflow/example_dags/example_nested_branch_dag.py took 0.129 seconds
[2024-04-08T00:34:04.834+0530] {processor.py:161} INFO - Started process (PID=14284) to work on /home/lucky/.local/lib/python3.10/site-packages/airflow/example_dags/example_nested_branch_dag.py
[2024-04-08T00:34:04.846+0530] {processor.py:830} INFO - Processing file /home/lucky/.local/lib/python3.10/site-packages/airflow/example_dags/example_nested_branch_dag.py for tasks to queue
[2024-04-08T00:34:04.848+0530] {logging_mixin.py:188} INFO - [2024-04-08T00:34:04.848+0530] {dagbag.py:538} INFO - Filling up the DagBag from /home/lucky/.local/lib/python3.10/site-packages/airflow/example_dags/example_nested_branch_dag.py
[2024-04-08T00:34:04.862+0530] {processor.py:840} INFO - DAG(s) 'example_nested_branch_dag' retrieved from /home/lucky/.local/lib/python3.10/site-packages/airflow/example_dags/example_nested_branch_dag.py
[2024-04-08T00:34:04.884+0530] {logging_mixin.py:188} INFO - [2024-04-08T00:34:04.884+0530] {dag.py:3036} INFO - Sync 1 DAGs
[2024-04-08T00:34:04.915+0530] {logging_mixin.py:188} INFO - [2024-04-08T00:34:04.915+0530] {dag.py:3823} INFO - Setting next_dagrun for example_nested_branch_dag to 2024-04-06 00:00:00+00:00, run_after=2024-04-07 00:00:00+00:00
[2024-04-08T00:34:04.947+0530] {processor.py:183} INFO - Processing /home/lucky/.local/lib/python3.10/site-packages/airflow/example_dags/example_nested_branch_dag.py took 0.117 seconds
[2024-04-08T00:35:28.134+0530] {processor.py:161} INFO - Started process (PID=15518) to work on /home/lucky/.local/lib/python3.10/site-packages/airflow/example_dags/example_nested_branch_dag.py
[2024-04-08T00:35:28.136+0530] {processor.py:830} INFO - Processing file /home/lucky/.local/lib/python3.10/site-packages/airflow/example_dags/example_nested_branch_dag.py for tasks to queue
[2024-04-08T00:35:28.138+0530] {logging_mixin.py:188} INFO - [2024-04-08T00:35:28.137+0530] {dagbag.py:538} INFO - Filling up the DagBag from /home/lucky/.local/lib/python3.10/site-packages/airflow/example_dags/example_nested_branch_dag.py
[2024-04-08T00:35:28.150+0530] {processor.py:840} INFO - DAG(s) 'example_nested_branch_dag' retrieved from /home/lucky/.local/lib/python3.10/site-packages/airflow/example_dags/example_nested_branch_dag.py
[2024-04-08T00:35:28.173+0530] {logging_mixin.py:188} INFO - [2024-04-08T00:35:28.172+0530] {dag.py:3036} INFO - Sync 1 DAGs
[2024-04-08T00:35:28.206+0530] {logging_mixin.py:188} INFO - [2024-04-08T00:35:28.205+0530] {dag.py:3823} INFO - Setting next_dagrun for example_nested_branch_dag to 2024-04-06 00:00:00+00:00, run_after=2024-04-07 00:00:00+00:00
[2024-04-08T00:35:28.244+0530] {processor.py:183} INFO - Processing /home/lucky/.local/lib/python3.10/site-packages/airflow/example_dags/example_nested_branch_dag.py took 0.114 seconds
[2024-04-08T00:36:30.266+0530] {processor.py:161} INFO - Started process (PID=16245) to work on /home/lucky/.local/lib/python3.10/site-packages/airflow/example_dags/example_nested_branch_dag.py
[2024-04-08T00:36:30.279+0530] {processor.py:830} INFO - Processing file /home/lucky/.local/lib/python3.10/site-packages/airflow/example_dags/example_nested_branch_dag.py for tasks to queue
[2024-04-08T00:36:30.281+0530] {logging_mixin.py:188} INFO - [2024-04-08T00:36:30.280+0530] {dagbag.py:538} INFO - Filling up the DagBag from /home/lucky/.local/lib/python3.10/site-packages/airflow/example_dags/example_nested_branch_dag.py
[2024-04-08T00:36:30.304+0530] {processor.py:840} INFO - DAG(s) 'example_nested_branch_dag' retrieved from /home/lucky/.local/lib/python3.10/site-packages/airflow/example_dags/example_nested_branch_dag.py
[2024-04-08T00:36:30.333+0530] {logging_mixin.py:188} INFO - [2024-04-08T00:36:30.333+0530] {dag.py:3036} INFO - Sync 1 DAGs
[2024-04-08T00:36:30.362+0530] {logging_mixin.py:188} INFO - [2024-04-08T00:36:30.362+0530] {dag.py:3823} INFO - Setting next_dagrun for example_nested_branch_dag to 2024-04-06 00:00:00+00:00, run_after=2024-04-07 00:00:00+00:00
[2024-04-08T00:36:30.393+0530] {processor.py:183} INFO - Processing /home/lucky/.local/lib/python3.10/site-packages/airflow/example_dags/example_nested_branch_dag.py took 0.133 seconds
[2024-04-08T00:37:31.046+0530] {processor.py:161} INFO - Started process (PID=17324) to work on /home/lucky/.local/lib/python3.10/site-packages/airflow/example_dags/example_nested_branch_dag.py
[2024-04-08T00:37:31.058+0530] {processor.py:830} INFO - Processing file /home/lucky/.local/lib/python3.10/site-packages/airflow/example_dags/example_nested_branch_dag.py for tasks to queue
[2024-04-08T00:37:31.061+0530] {logging_mixin.py:188} INFO - [2024-04-08T00:37:31.060+0530] {dagbag.py:538} INFO - Filling up the DagBag from /home/lucky/.local/lib/python3.10/site-packages/airflow/example_dags/example_nested_branch_dag.py
[2024-04-08T00:37:31.080+0530] {processor.py:840} INFO - DAG(s) 'example_nested_branch_dag' retrieved from /home/lucky/.local/lib/python3.10/site-packages/airflow/example_dags/example_nested_branch_dag.py
[2024-04-08T00:37:31.106+0530] {logging_mixin.py:188} INFO - [2024-04-08T00:37:31.105+0530] {dag.py:3036} INFO - Sync 1 DAGs
[2024-04-08T00:37:31.137+0530] {logging_mixin.py:188} INFO - [2024-04-08T00:37:31.136+0530] {dag.py:3823} INFO - Setting next_dagrun for example_nested_branch_dag to 2024-04-06 00:00:00+00:00, run_after=2024-04-07 00:00:00+00:00
[2024-04-08T00:37:31.176+0530] {processor.py:183} INFO - Processing /home/lucky/.local/lib/python3.10/site-packages/airflow/example_dags/example_nested_branch_dag.py took 0.136 seconds
[2024-04-08T00:38:32.165+0530] {processor.py:161} INFO - Started process (PID=18394) to work on /home/lucky/.local/lib/python3.10/site-packages/airflow/example_dags/example_nested_branch_dag.py
[2024-04-08T00:38:32.178+0530] {processor.py:830} INFO - Processing file /home/lucky/.local/lib/python3.10/site-packages/airflow/example_dags/example_nested_branch_dag.py for tasks to queue
[2024-04-08T00:38:32.180+0530] {logging_mixin.py:188} INFO - [2024-04-08T00:38:32.179+0530] {dagbag.py:538} INFO - Filling up the DagBag from /home/lucky/.local/lib/python3.10/site-packages/airflow/example_dags/example_nested_branch_dag.py
[2024-04-08T00:38:32.201+0530] {processor.py:840} INFO - DAG(s) 'example_nested_branch_dag' retrieved from /home/lucky/.local/lib/python3.10/site-packages/airflow/example_dags/example_nested_branch_dag.py
[2024-04-08T00:38:32.229+0530] {logging_mixin.py:188} INFO - [2024-04-08T00:38:32.229+0530] {dag.py:3036} INFO - Sync 1 DAGs
[2024-04-08T00:38:32.266+0530] {logging_mixin.py:188} INFO - [2024-04-08T00:38:32.266+0530] {dag.py:3823} INFO - Setting next_dagrun for example_nested_branch_dag to 2024-04-06 00:00:00+00:00, run_after=2024-04-07 00:00:00+00:00
[2024-04-08T00:38:32.315+0530] {processor.py:183} INFO - Processing /home/lucky/.local/lib/python3.10/site-packages/airflow/example_dags/example_nested_branch_dag.py took 0.153 seconds
[2024-04-08T00:39:36.607+0530] {processor.py:161} INFO - Started process (PID=19190) to work on /home/lucky/.local/lib/python3.10/site-packages/airflow/example_dags/example_nested_branch_dag.py
[2024-04-08T00:39:36.613+0530] {processor.py:830} INFO - Processing file /home/lucky/.local/lib/python3.10/site-packages/airflow/example_dags/example_nested_branch_dag.py for tasks to queue
[2024-04-08T00:39:36.615+0530] {logging_mixin.py:188} INFO - [2024-04-08T00:39:36.614+0530] {dagbag.py:538} INFO - Filling up the DagBag from /home/lucky/.local/lib/python3.10/site-packages/airflow/example_dags/example_nested_branch_dag.py
[2024-04-08T00:39:36.652+0530] {processor.py:840} INFO - DAG(s) 'example_nested_branch_dag' retrieved from /home/lucky/.local/lib/python3.10/site-packages/airflow/example_dags/example_nested_branch_dag.py
[2024-04-08T00:39:36.730+0530] {logging_mixin.py:188} INFO - [2024-04-08T00:39:36.729+0530] {dag.py:3036} INFO - Sync 1 DAGs
[2024-04-08T00:39:36.832+0530] {logging_mixin.py:188} INFO - [2024-04-08T00:39:36.828+0530] {dag.py:3823} INFO - Setting next_dagrun for example_nested_branch_dag to 2024-04-06 00:00:00+00:00, run_after=2024-04-07 00:00:00+00:00
[2024-04-08T00:39:36.934+0530] {processor.py:183} INFO - Processing /home/lucky/.local/lib/python3.10/site-packages/airflow/example_dags/example_nested_branch_dag.py took 0.334 seconds
[2024-04-08T00:40:45.094+0530] {processor.py:161} INFO - Started process (PID=20342) to work on /home/lucky/.local/lib/python3.10/site-packages/airflow/example_dags/example_nested_branch_dag.py
[2024-04-08T00:40:45.098+0530] {processor.py:830} INFO - Processing file /home/lucky/.local/lib/python3.10/site-packages/airflow/example_dags/example_nested_branch_dag.py for tasks to queue
[2024-04-08T00:40:45.101+0530] {logging_mixin.py:188} INFO - [2024-04-08T00:40:45.099+0530] {dagbag.py:538} INFO - Filling up the DagBag from /home/lucky/.local/lib/python3.10/site-packages/airflow/example_dags/example_nested_branch_dag.py
[2024-04-08T00:40:45.129+0530] {processor.py:840} INFO - DAG(s) 'example_nested_branch_dag' retrieved from /home/lucky/.local/lib/python3.10/site-packages/airflow/example_dags/example_nested_branch_dag.py
[2024-04-08T00:40:45.180+0530] {logging_mixin.py:188} INFO - [2024-04-08T00:40:45.179+0530] {dag.py:3036} INFO - Sync 1 DAGs
[2024-04-08T00:40:45.235+0530] {logging_mixin.py:188} INFO - [2024-04-08T00:40:45.234+0530] {dag.py:3823} INFO - Setting next_dagrun for example_nested_branch_dag to 2024-04-06 00:00:00+00:00, run_after=2024-04-07 00:00:00+00:00
[2024-04-08T00:40:45.289+0530] {processor.py:183} INFO - Processing /home/lucky/.local/lib/python3.10/site-packages/airflow/example_dags/example_nested_branch_dag.py took 0.202 seconds
[2024-04-08T00:42:01.453+0530] {processor.py:161} INFO - Started process (PID=21501) to work on /home/lucky/.local/lib/python3.10/site-packages/airflow/example_dags/example_nested_branch_dag.py
[2024-04-08T00:42:01.455+0530] {processor.py:830} INFO - Processing file /home/lucky/.local/lib/python3.10/site-packages/airflow/example_dags/example_nested_branch_dag.py for tasks to queue
[2024-04-08T00:42:01.456+0530] {logging_mixin.py:188} INFO - [2024-04-08T00:42:01.455+0530] {dagbag.py:538} INFO - Filling up the DagBag from /home/lucky/.local/lib/python3.10/site-packages/airflow/example_dags/example_nested_branch_dag.py
[2024-04-08T00:42:01.472+0530] {processor.py:840} INFO - DAG(s) 'example_nested_branch_dag' retrieved from /home/lucky/.local/lib/python3.10/site-packages/airflow/example_dags/example_nested_branch_dag.py
[2024-04-08T00:42:01.499+0530] {logging_mixin.py:188} INFO - [2024-04-08T00:42:01.499+0530] {dag.py:3036} INFO - Sync 1 DAGs
[2024-04-08T00:42:01.531+0530] {logging_mixin.py:188} INFO - [2024-04-08T00:42:01.530+0530] {dag.py:3823} INFO - Setting next_dagrun for example_nested_branch_dag to 2024-04-06 00:00:00+00:00, run_after=2024-04-07 00:00:00+00:00
[2024-04-08T00:42:01.562+0530] {processor.py:183} INFO - Processing /home/lucky/.local/lib/python3.10/site-packages/airflow/example_dags/example_nested_branch_dag.py took 0.113 seconds
[2024-04-08T00:43:04.137+0530] {processor.py:161} INFO - Started process (PID=22236) to work on /home/lucky/.local/lib/python3.10/site-packages/airflow/example_dags/example_nested_branch_dag.py
[2024-04-08T00:43:04.139+0530] {processor.py:830} INFO - Processing file /home/lucky/.local/lib/python3.10/site-packages/airflow/example_dags/example_nested_branch_dag.py for tasks to queue
[2024-04-08T00:43:04.140+0530] {logging_mixin.py:188} INFO - [2024-04-08T00:43:04.140+0530] {dagbag.py:538} INFO - Filling up the DagBag from /home/lucky/.local/lib/python3.10/site-packages/airflow/example_dags/example_nested_branch_dag.py
[2024-04-08T00:43:04.156+0530] {processor.py:840} INFO - DAG(s) 'example_nested_branch_dag' retrieved from /home/lucky/.local/lib/python3.10/site-packages/airflow/example_dags/example_nested_branch_dag.py
[2024-04-08T00:43:04.183+0530] {logging_mixin.py:188} INFO - [2024-04-08T00:43:04.182+0530] {dag.py:3036} INFO - Sync 1 DAGs
[2024-04-08T00:43:04.218+0530] {logging_mixin.py:188} INFO - [2024-04-08T00:43:04.217+0530] {dag.py:3823} INFO - Setting next_dagrun for example_nested_branch_dag to 2024-04-06 00:00:00+00:00, run_after=2024-04-07 00:00:00+00:00
[2024-04-08T00:43:04.254+0530] {processor.py:183} INFO - Processing /home/lucky/.local/lib/python3.10/site-packages/airflow/example_dags/example_nested_branch_dag.py took 0.122 seconds
[2024-04-08T00:44:08.008+0530] {processor.py:161} INFO - Started process (PID=23341) to work on /home/lucky/.local/lib/python3.10/site-packages/airflow/example_dags/example_nested_branch_dag.py
[2024-04-08T00:44:08.010+0530] {processor.py:830} INFO - Processing file /home/lucky/.local/lib/python3.10/site-packages/airflow/example_dags/example_nested_branch_dag.py for tasks to queue
[2024-04-08T00:44:08.012+0530] {logging_mixin.py:188} INFO - [2024-04-08T00:44:08.011+0530] {dagbag.py:538} INFO - Filling up the DagBag from /home/lucky/.local/lib/python3.10/site-packages/airflow/example_dags/example_nested_branch_dag.py
[2024-04-08T00:44:08.024+0530] {processor.py:840} INFO - DAG(s) 'example_nested_branch_dag' retrieved from /home/lucky/.local/lib/python3.10/site-packages/airflow/example_dags/example_nested_branch_dag.py
[2024-04-08T00:44:08.047+0530] {logging_mixin.py:188} INFO - [2024-04-08T00:44:08.046+0530] {dag.py:3036} INFO - Sync 1 DAGs
[2024-04-08T00:44:08.075+0530] {logging_mixin.py:188} INFO - [2024-04-08T00:44:08.074+0530] {dag.py:3823} INFO - Setting next_dagrun for example_nested_branch_dag to 2024-04-06 00:00:00+00:00, run_after=2024-04-07 00:00:00+00:00
[2024-04-08T00:44:08.108+0530] {processor.py:183} INFO - Processing /home/lucky/.local/lib/python3.10/site-packages/airflow/example_dags/example_nested_branch_dag.py took 0.103 seconds
[2024-04-08T00:45:21.550+0530] {processor.py:161} INFO - Started process (PID=24490) to work on /home/lucky/.local/lib/python3.10/site-packages/airflow/example_dags/example_nested_branch_dag.py
[2024-04-08T00:45:21.552+0530] {processor.py:830} INFO - Processing file /home/lucky/.local/lib/python3.10/site-packages/airflow/example_dags/example_nested_branch_dag.py for tasks to queue
[2024-04-08T00:45:21.553+0530] {logging_mixin.py:188} INFO - [2024-04-08T00:45:21.553+0530] {dagbag.py:538} INFO - Filling up the DagBag from /home/lucky/.local/lib/python3.10/site-packages/airflow/example_dags/example_nested_branch_dag.py
[2024-04-08T00:45:21.565+0530] {processor.py:840} INFO - DAG(s) 'example_nested_branch_dag' retrieved from /home/lucky/.local/lib/python3.10/site-packages/airflow/example_dags/example_nested_branch_dag.py
[2024-04-08T00:45:21.584+0530] {logging_mixin.py:188} INFO - [2024-04-08T00:45:21.584+0530] {dag.py:3036} INFO - Sync 1 DAGs
[2024-04-08T00:45:21.611+0530] {logging_mixin.py:188} INFO - [2024-04-08T00:45:21.610+0530] {dag.py:3823} INFO - Setting next_dagrun for example_nested_branch_dag to 2024-04-06 00:00:00+00:00, run_after=2024-04-07 00:00:00+00:00
[2024-04-08T00:45:21.642+0530] {processor.py:183} INFO - Processing /home/lucky/.local/lib/python3.10/site-packages/airflow/example_dags/example_nested_branch_dag.py took 0.094 seconds
[2024-04-08T00:46:45.109+0530] {processor.py:161} INFO - Started process (PID=25760) to work on /home/lucky/.local/lib/python3.10/site-packages/airflow/example_dags/example_nested_branch_dag.py
[2024-04-08T00:46:45.112+0530] {processor.py:830} INFO - Processing file /home/lucky/.local/lib/python3.10/site-packages/airflow/example_dags/example_nested_branch_dag.py for tasks to queue
[2024-04-08T00:46:45.114+0530] {logging_mixin.py:188} INFO - [2024-04-08T00:46:45.113+0530] {dagbag.py:538} INFO - Filling up the DagBag from /home/lucky/.local/lib/python3.10/site-packages/airflow/example_dags/example_nested_branch_dag.py
[2024-04-08T00:46:45.133+0530] {processor.py:840} INFO - DAG(s) 'example_nested_branch_dag' retrieved from /home/lucky/.local/lib/python3.10/site-packages/airflow/example_dags/example_nested_branch_dag.py
[2024-04-08T00:46:45.166+0530] {logging_mixin.py:188} INFO - [2024-04-08T00:46:45.165+0530] {dag.py:3036} INFO - Sync 1 DAGs
[2024-04-08T00:46:45.196+0530] {logging_mixin.py:188} INFO - [2024-04-08T00:46:45.196+0530] {dag.py:3823} INFO - Setting next_dagrun for example_nested_branch_dag to 2024-04-06 00:00:00+00:00, run_after=2024-04-07 00:00:00+00:00
[2024-04-08T00:46:45.226+0530] {processor.py:183} INFO - Processing /home/lucky/.local/lib/python3.10/site-packages/airflow/example_dags/example_nested_branch_dag.py took 0.122 seconds
[2024-04-08T00:47:59.189+0530] {processor.py:161} INFO - Started process (PID=26933) to work on /home/lucky/.local/lib/python3.10/site-packages/airflow/example_dags/example_nested_branch_dag.py
[2024-04-08T00:47:59.191+0530] {processor.py:830} INFO - Processing file /home/lucky/.local/lib/python3.10/site-packages/airflow/example_dags/example_nested_branch_dag.py for tasks to queue
[2024-04-08T00:47:59.192+0530] {logging_mixin.py:188} INFO - [2024-04-08T00:47:59.192+0530] {dagbag.py:538} INFO - Filling up the DagBag from /home/lucky/.local/lib/python3.10/site-packages/airflow/example_dags/example_nested_branch_dag.py
[2024-04-08T00:47:59.206+0530] {processor.py:840} INFO - DAG(s) 'example_nested_branch_dag' retrieved from /home/lucky/.local/lib/python3.10/site-packages/airflow/example_dags/example_nested_branch_dag.py
[2024-04-08T00:47:59.225+0530] {logging_mixin.py:188} INFO - [2024-04-08T00:47:59.224+0530] {dag.py:3036} INFO - Sync 1 DAGs
[2024-04-08T00:47:59.250+0530] {logging_mixin.py:188} INFO - [2024-04-08T00:47:59.250+0530] {dag.py:3823} INFO - Setting next_dagrun for example_nested_branch_dag to 2024-04-06 00:00:00+00:00, run_after=2024-04-07 00:00:00+00:00
[2024-04-08T00:47:59.276+0530] {processor.py:183} INFO - Processing /home/lucky/.local/lib/python3.10/site-packages/airflow/example_dags/example_nested_branch_dag.py took 0.090 seconds
[2024-04-08T00:49:10.607+0530] {processor.py:161} INFO - Started process (PID=27795) to work on /home/lucky/.local/lib/python3.10/site-packages/airflow/example_dags/example_nested_branch_dag.py
[2024-04-08T00:49:10.609+0530] {processor.py:830} INFO - Processing file /home/lucky/.local/lib/python3.10/site-packages/airflow/example_dags/example_nested_branch_dag.py for tasks to queue
[2024-04-08T00:49:10.611+0530] {logging_mixin.py:188} INFO - [2024-04-08T00:49:10.610+0530] {dagbag.py:538} INFO - Filling up the DagBag from /home/lucky/.local/lib/python3.10/site-packages/airflow/example_dags/example_nested_branch_dag.py
[2024-04-08T00:49:10.627+0530] {processor.py:840} INFO - DAG(s) 'example_nested_branch_dag' retrieved from /home/lucky/.local/lib/python3.10/site-packages/airflow/example_dags/example_nested_branch_dag.py
[2024-04-08T00:49:10.649+0530] {logging_mixin.py:188} INFO - [2024-04-08T00:49:10.649+0530] {dag.py:3036} INFO - Sync 1 DAGs
[2024-04-08T00:49:10.681+0530] {logging_mixin.py:188} INFO - [2024-04-08T00:49:10.681+0530] {dag.py:3823} INFO - Setting next_dagrun for example_nested_branch_dag to 2024-04-06 00:00:00+00:00, run_after=2024-04-07 00:00:00+00:00
[2024-04-08T00:49:10.714+0530] {processor.py:183} INFO - Processing /home/lucky/.local/lib/python3.10/site-packages/airflow/example_dags/example_nested_branch_dag.py took 0.112 seconds
[2024-04-08T00:50:22.848+0530] {processor.py:161} INFO - Started process (PID=28994) to work on /home/lucky/.local/lib/python3.10/site-packages/airflow/example_dags/example_nested_branch_dag.py
[2024-04-08T00:50:22.849+0530] {processor.py:830} INFO - Processing file /home/lucky/.local/lib/python3.10/site-packages/airflow/example_dags/example_nested_branch_dag.py for tasks to queue
[2024-04-08T00:50:22.851+0530] {logging_mixin.py:188} INFO - [2024-04-08T00:50:22.850+0530] {dagbag.py:538} INFO - Filling up the DagBag from /home/lucky/.local/lib/python3.10/site-packages/airflow/example_dags/example_nested_branch_dag.py
[2024-04-08T00:50:22.863+0530] {processor.py:840} INFO - DAG(s) 'example_nested_branch_dag' retrieved from /home/lucky/.local/lib/python3.10/site-packages/airflow/example_dags/example_nested_branch_dag.py
[2024-04-08T00:50:22.881+0530] {logging_mixin.py:188} INFO - [2024-04-08T00:50:22.881+0530] {dag.py:3036} INFO - Sync 1 DAGs
[2024-04-08T00:50:22.909+0530] {logging_mixin.py:188} INFO - [2024-04-08T00:50:22.909+0530] {dag.py:3823} INFO - Setting next_dagrun for example_nested_branch_dag to 2024-04-06 00:00:00+00:00, run_after=2024-04-07 00:00:00+00:00
[2024-04-08T00:50:22.945+0530] {processor.py:183} INFO - Processing /home/lucky/.local/lib/python3.10/site-packages/airflow/example_dags/example_nested_branch_dag.py took 0.101 seconds
[2024-04-08T00:51:48.989+0530] {processor.py:161} INFO - Started process (PID=30259) to work on /home/lucky/.local/lib/python3.10/site-packages/airflow/example_dags/example_nested_branch_dag.py
[2024-04-08T00:51:48.990+0530] {processor.py:830} INFO - Processing file /home/lucky/.local/lib/python3.10/site-packages/airflow/example_dags/example_nested_branch_dag.py for tasks to queue
[2024-04-08T00:51:48.992+0530] {logging_mixin.py:188} INFO - [2024-04-08T00:51:48.992+0530] {dagbag.py:538} INFO - Filling up the DagBag from /home/lucky/.local/lib/python3.10/site-packages/airflow/example_dags/example_nested_branch_dag.py
[2024-04-08T00:51:49.009+0530] {processor.py:840} INFO - DAG(s) 'example_nested_branch_dag' retrieved from /home/lucky/.local/lib/python3.10/site-packages/airflow/example_dags/example_nested_branch_dag.py
[2024-04-08T00:51:49.040+0530] {logging_mixin.py:188} INFO - [2024-04-08T00:51:49.039+0530] {dag.py:3036} INFO - Sync 1 DAGs
[2024-04-08T00:51:49.085+0530] {logging_mixin.py:188} INFO - [2024-04-08T00:51:49.084+0530] {dag.py:3823} INFO - Setting next_dagrun for example_nested_branch_dag to 2024-04-06 00:00:00+00:00, run_after=2024-04-07 00:00:00+00:00
[2024-04-08T00:51:49.146+0530] {processor.py:183} INFO - Processing /home/lucky/.local/lib/python3.10/site-packages/airflow/example_dags/example_nested_branch_dag.py took 0.161 seconds
[2024-04-08T00:52:44.255+0530] {processor.py:161} INFO - Started process (PID=31159) to work on /home/lucky/.local/lib/python3.10/site-packages/airflow/example_dags/example_nested_branch_dag.py
[2024-04-08T00:52:44.267+0530] {processor.py:830} INFO - Processing file /home/lucky/.local/lib/python3.10/site-packages/airflow/example_dags/example_nested_branch_dag.py for tasks to queue
[2024-04-08T00:52:44.268+0530] {logging_mixin.py:188} INFO - [2024-04-08T00:52:44.268+0530] {dagbag.py:538} INFO - Filling up the DagBag from /home/lucky/.local/lib/python3.10/site-packages/airflow/example_dags/example_nested_branch_dag.py
[2024-04-08T00:52:44.279+0530] {processor.py:840} INFO - DAG(s) 'example_nested_branch_dag' retrieved from /home/lucky/.local/lib/python3.10/site-packages/airflow/example_dags/example_nested_branch_dag.py
[2024-04-08T00:52:44.297+0530] {logging_mixin.py:188} INFO - [2024-04-08T00:52:44.297+0530] {dag.py:3036} INFO - Sync 1 DAGs
[2024-04-08T00:52:44.323+0530] {logging_mixin.py:188} INFO - [2024-04-08T00:52:44.323+0530] {dag.py:3823} INFO - Setting next_dagrun for example_nested_branch_dag to 2024-04-06 00:00:00+00:00, run_after=2024-04-07 00:00:00+00:00
[2024-04-08T00:52:44.352+0530] {processor.py:183} INFO - Processing /home/lucky/.local/lib/python3.10/site-packages/airflow/example_dags/example_nested_branch_dag.py took 0.100 seconds
[2024-04-08T00:54:06.959+0530] {processor.py:161} INFO - Started process (PID=32417) to work on /home/lucky/.local/lib/python3.10/site-packages/airflow/example_dags/example_nested_branch_dag.py
[2024-04-08T00:54:06.963+0530] {processor.py:830} INFO - Processing file /home/lucky/.local/lib/python3.10/site-packages/airflow/example_dags/example_nested_branch_dag.py for tasks to queue
[2024-04-08T00:54:06.964+0530] {logging_mixin.py:188} INFO - [2024-04-08T00:54:06.963+0530] {dagbag.py:538} INFO - Filling up the DagBag from /home/lucky/.local/lib/python3.10/site-packages/airflow/example_dags/example_nested_branch_dag.py
[2024-04-08T00:54:06.976+0530] {processor.py:840} INFO - DAG(s) 'example_nested_branch_dag' retrieved from /home/lucky/.local/lib/python3.10/site-packages/airflow/example_dags/example_nested_branch_dag.py
[2024-04-08T00:54:06.996+0530] {logging_mixin.py:188} INFO - [2024-04-08T00:54:06.996+0530] {dag.py:3036} INFO - Sync 1 DAGs
[2024-04-08T00:54:07.025+0530] {logging_mixin.py:188} INFO - [2024-04-08T00:54:07.025+0530] {dag.py:3823} INFO - Setting next_dagrun for example_nested_branch_dag to 2024-04-06 00:00:00+00:00, run_after=2024-04-07 00:00:00+00:00
[2024-04-08T00:54:07.054+0530] {processor.py:183} INFO - Processing /home/lucky/.local/lib/python3.10/site-packages/airflow/example_dags/example_nested_branch_dag.py took 0.098 seconds
[2024-04-08T00:55:21.733+0530] {processor.py:161} INFO - Started process (PID=33581) to work on /home/lucky/.local/lib/python3.10/site-packages/airflow/example_dags/example_nested_branch_dag.py
[2024-04-08T00:55:21.735+0530] {processor.py:830} INFO - Processing file /home/lucky/.local/lib/python3.10/site-packages/airflow/example_dags/example_nested_branch_dag.py for tasks to queue
[2024-04-08T00:55:21.736+0530] {logging_mixin.py:188} INFO - [2024-04-08T00:55:21.735+0530] {dagbag.py:538} INFO - Filling up the DagBag from /home/lucky/.local/lib/python3.10/site-packages/airflow/example_dags/example_nested_branch_dag.py
[2024-04-08T00:55:21.745+0530] {processor.py:840} INFO - DAG(s) 'example_nested_branch_dag' retrieved from /home/lucky/.local/lib/python3.10/site-packages/airflow/example_dags/example_nested_branch_dag.py
[2024-04-08T00:55:21.760+0530] {logging_mixin.py:188} INFO - [2024-04-08T00:55:21.760+0530] {dag.py:3036} INFO - Sync 1 DAGs
[2024-04-08T00:55:21.779+0530] {logging_mixin.py:188} INFO - [2024-04-08T00:55:21.779+0530] {dag.py:3823} INFO - Setting next_dagrun for example_nested_branch_dag to 2024-04-06 00:00:00+00:00, run_after=2024-04-07 00:00:00+00:00
[2024-04-08T00:55:21.803+0530] {processor.py:183} INFO - Processing /home/lucky/.local/lib/python3.10/site-packages/airflow/example_dags/example_nested_branch_dag.py took 0.073 seconds
[2024-04-08T00:56:32.675+0530] {processor.py:161} INFO - Started process (PID=34482) to work on /home/lucky/.local/lib/python3.10/site-packages/airflow/example_dags/example_nested_branch_dag.py
[2024-04-08T00:56:32.676+0530] {processor.py:830} INFO - Processing file /home/lucky/.local/lib/python3.10/site-packages/airflow/example_dags/example_nested_branch_dag.py for tasks to queue
[2024-04-08T00:56:32.677+0530] {logging_mixin.py:188} INFO - [2024-04-08T00:56:32.677+0530] {dagbag.py:538} INFO - Filling up the DagBag from /home/lucky/.local/lib/python3.10/site-packages/airflow/example_dags/example_nested_branch_dag.py
[2024-04-08T00:56:32.687+0530] {processor.py:840} INFO - DAG(s) 'example_nested_branch_dag' retrieved from /home/lucky/.local/lib/python3.10/site-packages/airflow/example_dags/example_nested_branch_dag.py
[2024-04-08T00:56:32.702+0530] {logging_mixin.py:188} INFO - [2024-04-08T00:56:32.702+0530] {dag.py:3036} INFO - Sync 1 DAGs
[2024-04-08T00:56:32.720+0530] {logging_mixin.py:188} INFO - [2024-04-08T00:56:32.720+0530] {dag.py:3823} INFO - Setting next_dagrun for example_nested_branch_dag to 2024-04-06 00:00:00+00:00, run_after=2024-04-07 00:00:00+00:00
[2024-04-08T00:56:32.742+0530] {processor.py:183} INFO - Processing /home/lucky/.local/lib/python3.10/site-packages/airflow/example_dags/example_nested_branch_dag.py took 0.070 seconds
[2024-04-08T00:57:50.988+0530] {processor.py:161} INFO - Started process (PID=35726) to work on /home/lucky/.local/lib/python3.10/site-packages/airflow/example_dags/example_nested_branch_dag.py
[2024-04-08T00:57:50.990+0530] {processor.py:830} INFO - Processing file /home/lucky/.local/lib/python3.10/site-packages/airflow/example_dags/example_nested_branch_dag.py for tasks to queue
[2024-04-08T00:57:50.992+0530] {logging_mixin.py:188} INFO - [2024-04-08T00:57:50.991+0530] {dagbag.py:538} INFO - Filling up the DagBag from /home/lucky/.local/lib/python3.10/site-packages/airflow/example_dags/example_nested_branch_dag.py
[2024-04-08T00:57:51.010+0530] {processor.py:840} INFO - DAG(s) 'example_nested_branch_dag' retrieved from /home/lucky/.local/lib/python3.10/site-packages/airflow/example_dags/example_nested_branch_dag.py
[2024-04-08T00:57:51.038+0530] {logging_mixin.py:188} INFO - [2024-04-08T00:57:51.037+0530] {dag.py:3036} INFO - Sync 1 DAGs
[2024-04-08T00:57:51.074+0530] {logging_mixin.py:188} INFO - [2024-04-08T00:57:51.074+0530] {dag.py:3823} INFO - Setting next_dagrun for example_nested_branch_dag to 2024-04-06 00:00:00+00:00, run_after=2024-04-07 00:00:00+00:00
[2024-04-08T00:57:51.124+0530] {processor.py:183} INFO - Processing /home/lucky/.local/lib/python3.10/site-packages/airflow/example_dags/example_nested_branch_dag.py took 0.147 seconds
[2024-04-08T00:59:00.001+0530] {processor.py:161} INFO - Started process (PID=36787) to work on /home/lucky/.local/lib/python3.10/site-packages/airflow/example_dags/example_nested_branch_dag.py
[2024-04-08T00:59:00.003+0530] {processor.py:830} INFO - Processing file /home/lucky/.local/lib/python3.10/site-packages/airflow/example_dags/example_nested_branch_dag.py for tasks to queue
[2024-04-08T00:59:00.004+0530] {logging_mixin.py:188} INFO - [2024-04-08T00:59:00.004+0530] {dagbag.py:538} INFO - Filling up the DagBag from /home/lucky/.local/lib/python3.10/site-packages/airflow/example_dags/example_nested_branch_dag.py
[2024-04-08T00:59:00.015+0530] {processor.py:840} INFO - DAG(s) 'example_nested_branch_dag' retrieved from /home/lucky/.local/lib/python3.10/site-packages/airflow/example_dags/example_nested_branch_dag.py
[2024-04-08T00:59:00.031+0530] {logging_mixin.py:188} INFO - [2024-04-08T00:59:00.031+0530] {dag.py:3036} INFO - Sync 1 DAGs
[2024-04-08T00:59:00.051+0530] {logging_mixin.py:188} INFO - [2024-04-08T00:59:00.051+0530] {dag.py:3823} INFO - Setting next_dagrun for example_nested_branch_dag to 2024-04-06 00:00:00+00:00, run_after=2024-04-07 00:00:00+00:00
[2024-04-08T00:59:00.077+0530] {processor.py:183} INFO - Processing /home/lucky/.local/lib/python3.10/site-packages/airflow/example_dags/example_nested_branch_dag.py took 0.079 seconds
[2024-04-08T01:18:33.128+0530] {processor.py:161} INFO - Started process (PID=55049) to work on /home/lucky/.local/lib/python3.10/site-packages/airflow/example_dags/example_nested_branch_dag.py
[2024-04-08T01:18:33.130+0530] {processor.py:830} INFO - Processing file /home/lucky/.local/lib/python3.10/site-packages/airflow/example_dags/example_nested_branch_dag.py for tasks to queue
[2024-04-08T01:18:33.131+0530] {logging_mixin.py:188} INFO - [2024-04-08T01:18:33.130+0530] {dagbag.py:538} INFO - Filling up the DagBag from /home/lucky/.local/lib/python3.10/site-packages/airflow/example_dags/example_nested_branch_dag.py
[2024-04-08T01:18:33.139+0530] {processor.py:840} INFO - DAG(s) 'example_nested_branch_dag' retrieved from /home/lucky/.local/lib/python3.10/site-packages/airflow/example_dags/example_nested_branch_dag.py
[2024-04-08T01:18:33.156+0530] {logging_mixin.py:188} INFO - [2024-04-08T01:18:33.155+0530] {dag.py:3036} INFO - Sync 1 DAGs
[2024-04-08T01:18:33.174+0530] {logging_mixin.py:188} INFO - [2024-04-08T01:18:33.174+0530] {dag.py:3823} INFO - Setting next_dagrun for example_nested_branch_dag to 2024-04-06 00:00:00+00:00, run_after=2024-04-07 00:00:00+00:00
[2024-04-08T01:18:33.196+0530] {processor.py:183} INFO - Processing /home/lucky/.local/lib/python3.10/site-packages/airflow/example_dags/example_nested_branch_dag.py took 0.071 seconds
[2024-04-08T01:19:48.825+0530] {processor.py:161} INFO - Started process (PID=56058) to work on /home/lucky/.local/lib/python3.10/site-packages/airflow/example_dags/example_nested_branch_dag.py
[2024-04-08T01:19:48.827+0530] {processor.py:830} INFO - Processing file /home/lucky/.local/lib/python3.10/site-packages/airflow/example_dags/example_nested_branch_dag.py for tasks to queue
[2024-04-08T01:19:48.828+0530] {logging_mixin.py:188} INFO - [2024-04-08T01:19:48.827+0530] {dagbag.py:538} INFO - Filling up the DagBag from /home/lucky/.local/lib/python3.10/site-packages/airflow/example_dags/example_nested_branch_dag.py
[2024-04-08T01:19:48.838+0530] {processor.py:840} INFO - DAG(s) 'example_nested_branch_dag' retrieved from /home/lucky/.local/lib/python3.10/site-packages/airflow/example_dags/example_nested_branch_dag.py
[2024-04-08T01:19:48.861+0530] {logging_mixin.py:188} INFO - [2024-04-08T01:19:48.861+0530] {dag.py:3036} INFO - Sync 1 DAGs
[2024-04-08T01:19:48.883+0530] {logging_mixin.py:188} INFO - [2024-04-08T01:19:48.883+0530] {dag.py:3823} INFO - Setting next_dagrun for example_nested_branch_dag to 2024-04-06 00:00:00+00:00, run_after=2024-04-07 00:00:00+00:00
[2024-04-08T01:19:48.908+0530] {processor.py:183} INFO - Processing /home/lucky/.local/lib/python3.10/site-packages/airflow/example_dags/example_nested_branch_dag.py took 0.086 seconds
[2024-04-08T01:20:57.103+0530] {processor.py:161} INFO - Started process (PID=57064) to work on /home/lucky/.local/lib/python3.10/site-packages/airflow/example_dags/example_nested_branch_dag.py
[2024-04-08T01:20:57.105+0530] {processor.py:830} INFO - Processing file /home/lucky/.local/lib/python3.10/site-packages/airflow/example_dags/example_nested_branch_dag.py for tasks to queue
[2024-04-08T01:20:57.106+0530] {logging_mixin.py:188} INFO - [2024-04-08T01:20:57.106+0530] {dagbag.py:538} INFO - Filling up the DagBag from /home/lucky/.local/lib/python3.10/site-packages/airflow/example_dags/example_nested_branch_dag.py
[2024-04-08T01:20:57.117+0530] {processor.py:840} INFO - DAG(s) 'example_nested_branch_dag' retrieved from /home/lucky/.local/lib/python3.10/site-packages/airflow/example_dags/example_nested_branch_dag.py
[2024-04-08T01:20:57.136+0530] {logging_mixin.py:188} INFO - [2024-04-08T01:20:57.136+0530] {dag.py:3036} INFO - Sync 1 DAGs
[2024-04-08T01:20:57.160+0530] {logging_mixin.py:188} INFO - [2024-04-08T01:20:57.160+0530] {dag.py:3823} INFO - Setting next_dagrun for example_nested_branch_dag to 2024-04-06 00:00:00+00:00, run_after=2024-04-07 00:00:00+00:00
[2024-04-08T01:20:57.186+0530] {processor.py:183} INFO - Processing /home/lucky/.local/lib/python3.10/site-packages/airflow/example_dags/example_nested_branch_dag.py took 0.086 seconds
[2024-04-08T01:22:13.749+0530] {processor.py:161} INFO - Started process (PID=58234) to work on /home/lucky/.local/lib/python3.10/site-packages/airflow/example_dags/example_nested_branch_dag.py
[2024-04-08T01:22:13.752+0530] {processor.py:830} INFO - Processing file /home/lucky/.local/lib/python3.10/site-packages/airflow/example_dags/example_nested_branch_dag.py for tasks to queue
[2024-04-08T01:22:13.754+0530] {logging_mixin.py:188} INFO - [2024-04-08T01:22:13.753+0530] {dagbag.py:538} INFO - Filling up the DagBag from /home/lucky/.local/lib/python3.10/site-packages/airflow/example_dags/example_nested_branch_dag.py
[2024-04-08T01:22:13.765+0530] {processor.py:840} INFO - DAG(s) 'example_nested_branch_dag' retrieved from /home/lucky/.local/lib/python3.10/site-packages/airflow/example_dags/example_nested_branch_dag.py
[2024-04-08T01:22:13.785+0530] {logging_mixin.py:188} INFO - [2024-04-08T01:22:13.784+0530] {dag.py:3036} INFO - Sync 1 DAGs
[2024-04-08T01:22:13.809+0530] {logging_mixin.py:188} INFO - [2024-04-08T01:22:13.808+0530] {dag.py:3823} INFO - Setting next_dagrun for example_nested_branch_dag to 2024-04-06 00:00:00+00:00, run_after=2024-04-07 00:00:00+00:00
[2024-04-08T01:22:13.834+0530] {processor.py:183} INFO - Processing /home/lucky/.local/lib/python3.10/site-packages/airflow/example_dags/example_nested_branch_dag.py took 0.089 seconds
[2024-04-08T01:23:25.770+0530] {processor.py:161} INFO - Started process (PID=59391) to work on /home/lucky/.local/lib/python3.10/site-packages/airflow/example_dags/example_nested_branch_dag.py
[2024-04-08T01:23:25.773+0530] {processor.py:830} INFO - Processing file /home/lucky/.local/lib/python3.10/site-packages/airflow/example_dags/example_nested_branch_dag.py for tasks to queue
[2024-04-08T01:23:25.775+0530] {logging_mixin.py:188} INFO - [2024-04-08T01:23:25.774+0530] {dagbag.py:538} INFO - Filling up the DagBag from /home/lucky/.local/lib/python3.10/site-packages/airflow/example_dags/example_nested_branch_dag.py
[2024-04-08T01:23:25.789+0530] {processor.py:840} INFO - DAG(s) 'example_nested_branch_dag' retrieved from /home/lucky/.local/lib/python3.10/site-packages/airflow/example_dags/example_nested_branch_dag.py
[2024-04-08T01:23:25.814+0530] {logging_mixin.py:188} INFO - [2024-04-08T01:23:25.814+0530] {dag.py:3036} INFO - Sync 1 DAGs
[2024-04-08T01:23:25.856+0530] {logging_mixin.py:188} INFO - [2024-04-08T01:23:25.855+0530] {dag.py:3823} INFO - Setting next_dagrun for example_nested_branch_dag to 2024-04-06 00:00:00+00:00, run_after=2024-04-07 00:00:00+00:00
[2024-04-08T01:23:25.896+0530] {processor.py:183} INFO - Processing /home/lucky/.local/lib/python3.10/site-packages/airflow/example_dags/example_nested_branch_dag.py took 0.130 seconds
[2024-04-08T01:24:34.663+0530] {processor.py:161} INFO - Started process (PID=60529) to work on /home/lucky/.local/lib/python3.10/site-packages/airflow/example_dags/example_nested_branch_dag.py
[2024-04-08T01:24:34.667+0530] {processor.py:830} INFO - Processing file /home/lucky/.local/lib/python3.10/site-packages/airflow/example_dags/example_nested_branch_dag.py for tasks to queue
[2024-04-08T01:24:34.670+0530] {logging_mixin.py:188} INFO - [2024-04-08T01:24:34.669+0530] {dagbag.py:538} INFO - Filling up the DagBag from /home/lucky/.local/lib/python3.10/site-packages/airflow/example_dags/example_nested_branch_dag.py
[2024-04-08T01:24:34.703+0530] {processor.py:840} INFO - DAG(s) 'example_nested_branch_dag' retrieved from /home/lucky/.local/lib/python3.10/site-packages/airflow/example_dags/example_nested_branch_dag.py
[2024-04-08T01:24:34.744+0530] {logging_mixin.py:188} INFO - [2024-04-08T01:24:34.744+0530] {dag.py:3036} INFO - Sync 1 DAGs
[2024-04-08T01:24:34.813+0530] {logging_mixin.py:188} INFO - [2024-04-08T01:24:34.812+0530] {dag.py:3823} INFO - Setting next_dagrun for example_nested_branch_dag to 2024-04-06 00:00:00+00:00, run_after=2024-04-07 00:00:00+00:00
[2024-04-08T01:24:34.887+0530] {processor.py:183} INFO - Processing /home/lucky/.local/lib/python3.10/site-packages/airflow/example_dags/example_nested_branch_dag.py took 0.234 seconds
[2024-04-08T01:25:48.305+0530] {processor.py:161} INFO - Started process (PID=61649) to work on /home/lucky/.local/lib/python3.10/site-packages/airflow/example_dags/example_nested_branch_dag.py
[2024-04-08T01:25:48.306+0530] {processor.py:830} INFO - Processing file /home/lucky/.local/lib/python3.10/site-packages/airflow/example_dags/example_nested_branch_dag.py for tasks to queue
[2024-04-08T01:25:48.308+0530] {logging_mixin.py:188} INFO - [2024-04-08T01:25:48.307+0530] {dagbag.py:538} INFO - Filling up the DagBag from /home/lucky/.local/lib/python3.10/site-packages/airflow/example_dags/example_nested_branch_dag.py
[2024-04-08T01:25:48.318+0530] {processor.py:840} INFO - DAG(s) 'example_nested_branch_dag' retrieved from /home/lucky/.local/lib/python3.10/site-packages/airflow/example_dags/example_nested_branch_dag.py
[2024-04-08T01:25:48.337+0530] {logging_mixin.py:188} INFO - [2024-04-08T01:25:48.337+0530] {dag.py:3036} INFO - Sync 1 DAGs
[2024-04-08T01:25:48.357+0530] {logging_mixin.py:188} INFO - [2024-04-08T01:25:48.357+0530] {dag.py:3823} INFO - Setting next_dagrun for example_nested_branch_dag to 2024-04-06 00:00:00+00:00, run_after=2024-04-07 00:00:00+00:00
[2024-04-08T01:25:48.383+0530] {processor.py:183} INFO - Processing /home/lucky/.local/lib/python3.10/site-packages/airflow/example_dags/example_nested_branch_dag.py took 0.082 seconds
[2024-04-08T01:26:59.273+0530] {processor.py:161} INFO - Started process (PID=62782) to work on /home/lucky/.local/lib/python3.10/site-packages/airflow/example_dags/example_nested_branch_dag.py
[2024-04-08T01:26:59.274+0530] {processor.py:830} INFO - Processing file /home/lucky/.local/lib/python3.10/site-packages/airflow/example_dags/example_nested_branch_dag.py for tasks to queue
[2024-04-08T01:26:59.275+0530] {logging_mixin.py:188} INFO - [2024-04-08T01:26:59.275+0530] {dagbag.py:538} INFO - Filling up the DagBag from /home/lucky/.local/lib/python3.10/site-packages/airflow/example_dags/example_nested_branch_dag.py
[2024-04-08T01:26:59.284+0530] {processor.py:840} INFO - DAG(s) 'example_nested_branch_dag' retrieved from /home/lucky/.local/lib/python3.10/site-packages/airflow/example_dags/example_nested_branch_dag.py
[2024-04-08T01:26:59.300+0530] {logging_mixin.py:188} INFO - [2024-04-08T01:26:59.299+0530] {dag.py:3036} INFO - Sync 1 DAGs
[2024-04-08T01:26:59.318+0530] {logging_mixin.py:188} INFO - [2024-04-08T01:26:59.318+0530] {dag.py:3823} INFO - Setting next_dagrun for example_nested_branch_dag to 2024-04-06 00:00:00+00:00, run_after=2024-04-07 00:00:00+00:00
[2024-04-08T01:26:59.341+0530] {processor.py:183} INFO - Processing /home/lucky/.local/lib/python3.10/site-packages/airflow/example_dags/example_nested_branch_dag.py took 0.071 seconds
[2024-04-08T01:28:11.968+0530] {processor.py:161} INFO - Started process (PID=63660) to work on /home/lucky/.local/lib/python3.10/site-packages/airflow/example_dags/example_nested_branch_dag.py
[2024-04-08T01:28:11.971+0530] {processor.py:830} INFO - Processing file /home/lucky/.local/lib/python3.10/site-packages/airflow/example_dags/example_nested_branch_dag.py for tasks to queue
[2024-04-08T01:28:11.972+0530] {logging_mixin.py:188} INFO - [2024-04-08T01:28:11.972+0530] {dagbag.py:538} INFO - Filling up the DagBag from /home/lucky/.local/lib/python3.10/site-packages/airflow/example_dags/example_nested_branch_dag.py
[2024-04-08T01:28:11.989+0530] {processor.py:840} INFO - DAG(s) 'example_nested_branch_dag' retrieved from /home/lucky/.local/lib/python3.10/site-packages/airflow/example_dags/example_nested_branch_dag.py
[2024-04-08T01:28:12.020+0530] {logging_mixin.py:188} INFO - [2024-04-08T01:28:12.020+0530] {dag.py:3036} INFO - Sync 1 DAGs
[2024-04-08T01:28:12.045+0530] {logging_mixin.py:188} INFO - [2024-04-08T01:28:12.045+0530] {dag.py:3823} INFO - Setting next_dagrun for example_nested_branch_dag to 2024-04-06 00:00:00+00:00, run_after=2024-04-07 00:00:00+00:00
[2024-04-08T01:28:12.071+0530] {processor.py:183} INFO - Processing /home/lucky/.local/lib/python3.10/site-packages/airflow/example_dags/example_nested_branch_dag.py took 0.107 seconds
[2024-04-08T01:29:30.657+0530] {processor.py:161} INFO - Started process (PID=64911) to work on /home/lucky/.local/lib/python3.10/site-packages/airflow/example_dags/example_nested_branch_dag.py
[2024-04-08T01:29:30.659+0530] {processor.py:830} INFO - Processing file /home/lucky/.local/lib/python3.10/site-packages/airflow/example_dags/example_nested_branch_dag.py for tasks to queue
[2024-04-08T01:29:30.660+0530] {logging_mixin.py:188} INFO - [2024-04-08T01:29:30.660+0530] {dagbag.py:538} INFO - Filling up the DagBag from /home/lucky/.local/lib/python3.10/site-packages/airflow/example_dags/example_nested_branch_dag.py
[2024-04-08T01:29:30.670+0530] {processor.py:840} INFO - DAG(s) 'example_nested_branch_dag' retrieved from /home/lucky/.local/lib/python3.10/site-packages/airflow/example_dags/example_nested_branch_dag.py
[2024-04-08T01:29:30.687+0530] {logging_mixin.py:188} INFO - [2024-04-08T01:29:30.686+0530] {dag.py:3036} INFO - Sync 1 DAGs
[2024-04-08T01:29:30.707+0530] {logging_mixin.py:188} INFO - [2024-04-08T01:29:30.706+0530] {dag.py:3823} INFO - Setting next_dagrun for example_nested_branch_dag to 2024-04-06 00:00:00+00:00, run_after=2024-04-07 00:00:00+00:00
[2024-04-08T01:29:30.733+0530] {processor.py:183} INFO - Processing /home/lucky/.local/lib/python3.10/site-packages/airflow/example_dags/example_nested_branch_dag.py took 0.079 seconds
[2024-04-08T01:30:26.298+0530] {processor.py:161} INFO - Started process (PID=65841) to work on /home/lucky/.local/lib/python3.10/site-packages/airflow/example_dags/example_nested_branch_dag.py
[2024-04-08T01:30:26.300+0530] {processor.py:830} INFO - Processing file /home/lucky/.local/lib/python3.10/site-packages/airflow/example_dags/example_nested_branch_dag.py for tasks to queue
[2024-04-08T01:30:26.301+0530] {logging_mixin.py:188} INFO - [2024-04-08T01:30:26.301+0530] {dagbag.py:538} INFO - Filling up the DagBag from /home/lucky/.local/lib/python3.10/site-packages/airflow/example_dags/example_nested_branch_dag.py
[2024-04-08T01:30:26.311+0530] {processor.py:840} INFO - DAG(s) 'example_nested_branch_dag' retrieved from /home/lucky/.local/lib/python3.10/site-packages/airflow/example_dags/example_nested_branch_dag.py
[2024-04-08T01:30:26.327+0530] {logging_mixin.py:188} INFO - [2024-04-08T01:30:26.327+0530] {dag.py:3036} INFO - Sync 1 DAGs
[2024-04-08T01:30:26.347+0530] {logging_mixin.py:188} INFO - [2024-04-08T01:30:26.346+0530] {dag.py:3823} INFO - Setting next_dagrun for example_nested_branch_dag to 2024-04-06 00:00:00+00:00, run_after=2024-04-07 00:00:00+00:00
[2024-04-08T01:30:26.368+0530] {processor.py:183} INFO - Processing /home/lucky/.local/lib/python3.10/site-packages/airflow/example_dags/example_nested_branch_dag.py took 0.074 seconds
[2024-04-08T01:31:40.970+0530] {processor.py:161} INFO - Started process (PID=66973) to work on /home/lucky/.local/lib/python3.10/site-packages/airflow/example_dags/example_nested_branch_dag.py
[2024-04-08T01:31:40.972+0530] {processor.py:830} INFO - Processing file /home/lucky/.local/lib/python3.10/site-packages/airflow/example_dags/example_nested_branch_dag.py for tasks to queue
[2024-04-08T01:31:40.973+0530] {logging_mixin.py:188} INFO - [2024-04-08T01:31:40.972+0530] {dagbag.py:538} INFO - Filling up the DagBag from /home/lucky/.local/lib/python3.10/site-packages/airflow/example_dags/example_nested_branch_dag.py
[2024-04-08T01:31:40.983+0530] {processor.py:840} INFO - DAG(s) 'example_nested_branch_dag' retrieved from /home/lucky/.local/lib/python3.10/site-packages/airflow/example_dags/example_nested_branch_dag.py
[2024-04-08T01:31:40.998+0530] {logging_mixin.py:188} INFO - [2024-04-08T01:31:40.997+0530] {dag.py:3036} INFO - Sync 1 DAGs
[2024-04-08T01:31:41.018+0530] {logging_mixin.py:188} INFO - [2024-04-08T01:31:41.018+0530] {dag.py:3823} INFO - Setting next_dagrun for example_nested_branch_dag to 2024-04-06 00:00:00+00:00, run_after=2024-04-07 00:00:00+00:00
[2024-04-08T01:31:41.039+0530] {processor.py:183} INFO - Processing /home/lucky/.local/lib/python3.10/site-packages/airflow/example_dags/example_nested_branch_dag.py took 0.072 seconds
[2024-04-08T01:32:54.666+0530] {processor.py:161} INFO - Started process (PID=68132) to work on /home/lucky/.local/lib/python3.10/site-packages/airflow/example_dags/example_nested_branch_dag.py
[2024-04-08T01:32:54.668+0530] {processor.py:830} INFO - Processing file /home/lucky/.local/lib/python3.10/site-packages/airflow/example_dags/example_nested_branch_dag.py for tasks to queue
[2024-04-08T01:32:54.669+0530] {logging_mixin.py:188} INFO - [2024-04-08T01:32:54.668+0530] {dagbag.py:538} INFO - Filling up the DagBag from /home/lucky/.local/lib/python3.10/site-packages/airflow/example_dags/example_nested_branch_dag.py
[2024-04-08T01:32:54.683+0530] {processor.py:840} INFO - DAG(s) 'example_nested_branch_dag' retrieved from /home/lucky/.local/lib/python3.10/site-packages/airflow/example_dags/example_nested_branch_dag.py
[2024-04-08T01:32:54.715+0530] {logging_mixin.py:188} INFO - [2024-04-08T01:32:54.714+0530] {dag.py:3036} INFO - Sync 1 DAGs
[2024-04-08T01:32:54.767+0530] {logging_mixin.py:188} INFO - [2024-04-08T01:32:54.766+0530] {dag.py:3823} INFO - Setting next_dagrun for example_nested_branch_dag to 2024-04-06 00:00:00+00:00, run_after=2024-04-07 00:00:00+00:00
[2024-04-08T01:32:54.815+0530] {processor.py:183} INFO - Processing /home/lucky/.local/lib/python3.10/site-packages/airflow/example_dags/example_nested_branch_dag.py took 0.153 seconds
[2024-04-08T01:34:06.944+0530] {processor.py:161} INFO - Started process (PID=69247) to work on /home/lucky/.local/lib/python3.10/site-packages/airflow/example_dags/example_nested_branch_dag.py
[2024-04-08T01:34:06.947+0530] {processor.py:830} INFO - Processing file /home/lucky/.local/lib/python3.10/site-packages/airflow/example_dags/example_nested_branch_dag.py for tasks to queue
[2024-04-08T01:34:06.950+0530] {logging_mixin.py:188} INFO - [2024-04-08T01:34:06.949+0530] {dagbag.py:538} INFO - Filling up the DagBag from /home/lucky/.local/lib/python3.10/site-packages/airflow/example_dags/example_nested_branch_dag.py
[2024-04-08T01:34:06.976+0530] {processor.py:840} INFO - DAG(s) 'example_nested_branch_dag' retrieved from /home/lucky/.local/lib/python3.10/site-packages/airflow/example_dags/example_nested_branch_dag.py
[2024-04-08T01:34:07.011+0530] {logging_mixin.py:188} INFO - [2024-04-08T01:34:07.010+0530] {dag.py:3036} INFO - Sync 1 DAGs
[2024-04-08T01:34:07.050+0530] {logging_mixin.py:188} INFO - [2024-04-08T01:34:07.050+0530] {dag.py:3823} INFO - Setting next_dagrun for example_nested_branch_dag to 2024-04-06 00:00:00+00:00, run_after=2024-04-07 00:00:00+00:00
[2024-04-08T01:34:07.091+0530] {processor.py:183} INFO - Processing /home/lucky/.local/lib/python3.10/site-packages/airflow/example_dags/example_nested_branch_dag.py took 0.151 seconds
[2024-04-08T01:37:35.881+0530] {processor.py:161} INFO - Started process (PID=71955) to work on /home/lucky/.local/lib/python3.10/site-packages/airflow/example_dags/example_nested_branch_dag.py
[2024-04-08T01:37:35.883+0530] {processor.py:830} INFO - Processing file /home/lucky/.local/lib/python3.10/site-packages/airflow/example_dags/example_nested_branch_dag.py for tasks to queue
[2024-04-08T01:37:35.884+0530] {logging_mixin.py:188} INFO - [2024-04-08T01:37:35.883+0530] {dagbag.py:538} INFO - Filling up the DagBag from /home/lucky/.local/lib/python3.10/site-packages/airflow/example_dags/example_nested_branch_dag.py
[2024-04-08T01:37:35.893+0530] {processor.py:840} INFO - DAG(s) 'example_nested_branch_dag' retrieved from /home/lucky/.local/lib/python3.10/site-packages/airflow/example_dags/example_nested_branch_dag.py
[2024-04-08T01:37:35.908+0530] {logging_mixin.py:188} INFO - [2024-04-08T01:37:35.907+0530] {dag.py:3036} INFO - Sync 1 DAGs
[2024-04-08T01:37:35.927+0530] {logging_mixin.py:188} INFO - [2024-04-08T01:37:35.927+0530] {dag.py:3823} INFO - Setting next_dagrun for example_nested_branch_dag to 2024-04-06 00:00:00+00:00, run_after=2024-04-07 00:00:00+00:00
[2024-04-08T01:37:35.952+0530] {processor.py:183} INFO - Processing /home/lucky/.local/lib/python3.10/site-packages/airflow/example_dags/example_nested_branch_dag.py took 0.074 seconds
[2024-04-08T01:39:23.285+0530] {processor.py:161} INFO - Started process (PID=73589) to work on /home/lucky/.local/lib/python3.10/site-packages/airflow/example_dags/example_nested_branch_dag.py
[2024-04-08T01:39:23.287+0530] {processor.py:830} INFO - Processing file /home/lucky/.local/lib/python3.10/site-packages/airflow/example_dags/example_nested_branch_dag.py for tasks to queue
[2024-04-08T01:39:23.288+0530] {logging_mixin.py:188} INFO - [2024-04-08T01:39:23.288+0530] {dagbag.py:538} INFO - Filling up the DagBag from /home/lucky/.local/lib/python3.10/site-packages/airflow/example_dags/example_nested_branch_dag.py
[2024-04-08T01:39:23.300+0530] {processor.py:840} INFO - DAG(s) 'example_nested_branch_dag' retrieved from /home/lucky/.local/lib/python3.10/site-packages/airflow/example_dags/example_nested_branch_dag.py
[2024-04-08T01:39:23.321+0530] {logging_mixin.py:188} INFO - [2024-04-08T01:39:23.321+0530] {dag.py:3036} INFO - Sync 1 DAGs
[2024-04-08T01:39:23.346+0530] {logging_mixin.py:188} INFO - [2024-04-08T01:39:23.346+0530] {dag.py:3823} INFO - Setting next_dagrun for example_nested_branch_dag to 2024-04-06 00:00:00+00:00, run_after=2024-04-07 00:00:00+00:00
[2024-04-08T01:39:23.377+0530] {processor.py:183} INFO - Processing /home/lucky/.local/lib/python3.10/site-packages/airflow/example_dags/example_nested_branch_dag.py took 0.096 seconds
[2024-04-08T01:40:28.503+0530] {processor.py:161} INFO - Started process (PID=74622) to work on /home/lucky/.local/lib/python3.10/site-packages/airflow/example_dags/example_nested_branch_dag.py
[2024-04-08T01:40:28.505+0530] {processor.py:830} INFO - Processing file /home/lucky/.local/lib/python3.10/site-packages/airflow/example_dags/example_nested_branch_dag.py for tasks to queue
[2024-04-08T01:40:28.507+0530] {logging_mixin.py:188} INFO - [2024-04-08T01:40:28.506+0530] {dagbag.py:538} INFO - Filling up the DagBag from /home/lucky/.local/lib/python3.10/site-packages/airflow/example_dags/example_nested_branch_dag.py
[2024-04-08T01:40:28.520+0530] {processor.py:840} INFO - DAG(s) 'example_nested_branch_dag' retrieved from /home/lucky/.local/lib/python3.10/site-packages/airflow/example_dags/example_nested_branch_dag.py
[2024-04-08T01:40:28.553+0530] {logging_mixin.py:188} INFO - [2024-04-08T01:40:28.552+0530] {dag.py:3036} INFO - Sync 1 DAGs
[2024-04-08T01:40:28.593+0530] {logging_mixin.py:188} INFO - [2024-04-08T01:40:28.593+0530] {dag.py:3823} INFO - Setting next_dagrun for example_nested_branch_dag to 2024-04-06 00:00:00+00:00, run_after=2024-04-07 00:00:00+00:00
[2024-04-08T01:40:28.626+0530] {processor.py:183} INFO - Processing /home/lucky/.local/lib/python3.10/site-packages/airflow/example_dags/example_nested_branch_dag.py took 0.128 seconds
[2024-04-08T01:41:45.317+0530] {processor.py:161} INFO - Started process (PID=75798) to work on /home/lucky/.local/lib/python3.10/site-packages/airflow/example_dags/example_nested_branch_dag.py
[2024-04-08T01:41:45.319+0530] {processor.py:830} INFO - Processing file /home/lucky/.local/lib/python3.10/site-packages/airflow/example_dags/example_nested_branch_dag.py for tasks to queue
[2024-04-08T01:41:45.320+0530] {logging_mixin.py:188} INFO - [2024-04-08T01:41:45.319+0530] {dagbag.py:538} INFO - Filling up the DagBag from /home/lucky/.local/lib/python3.10/site-packages/airflow/example_dags/example_nested_branch_dag.py
[2024-04-08T01:41:45.329+0530] {processor.py:840} INFO - DAG(s) 'example_nested_branch_dag' retrieved from /home/lucky/.local/lib/python3.10/site-packages/airflow/example_dags/example_nested_branch_dag.py
[2024-04-08T01:41:45.345+0530] {logging_mixin.py:188} INFO - [2024-04-08T01:41:45.345+0530] {dag.py:3036} INFO - Sync 1 DAGs
[2024-04-08T01:41:45.366+0530] {logging_mixin.py:188} INFO - [2024-04-08T01:41:45.366+0530] {dag.py:3823} INFO - Setting next_dagrun for example_nested_branch_dag to 2024-04-06 00:00:00+00:00, run_after=2024-04-07 00:00:00+00:00
[2024-04-08T01:41:45.387+0530] {processor.py:183} INFO - Processing /home/lucky/.local/lib/python3.10/site-packages/airflow/example_dags/example_nested_branch_dag.py took 0.073 seconds
[2024-04-08T01:43:06.734+0530] {processor.py:161} INFO - Started process (PID=77055) to work on /home/lucky/.local/lib/python3.10/site-packages/airflow/example_dags/example_nested_branch_dag.py
[2024-04-08T01:43:06.738+0530] {processor.py:830} INFO - Processing file /home/lucky/.local/lib/python3.10/site-packages/airflow/example_dags/example_nested_branch_dag.py for tasks to queue
[2024-04-08T01:43:06.741+0530] {logging_mixin.py:188} INFO - [2024-04-08T01:43:06.740+0530] {dagbag.py:538} INFO - Filling up the DagBag from /home/lucky/.local/lib/python3.10/site-packages/airflow/example_dags/example_nested_branch_dag.py
[2024-04-08T01:43:06.756+0530] {processor.py:840} INFO - DAG(s) 'example_nested_branch_dag' retrieved from /home/lucky/.local/lib/python3.10/site-packages/airflow/example_dags/example_nested_branch_dag.py
[2024-04-08T01:43:06.789+0530] {logging_mixin.py:188} INFO - [2024-04-08T01:43:06.788+0530] {dag.py:3036} INFO - Sync 1 DAGs
[2024-04-08T01:43:06.829+0530] {logging_mixin.py:188} INFO - [2024-04-08T01:43:06.829+0530] {dag.py:3823} INFO - Setting next_dagrun for example_nested_branch_dag to 2024-04-06 00:00:00+00:00, run_after=2024-04-07 00:00:00+00:00
[2024-04-08T01:43:06.903+0530] {processor.py:183} INFO - Processing /home/lucky/.local/lib/python3.10/site-packages/airflow/example_dags/example_nested_branch_dag.py took 0.174 seconds
[2024-04-08T01:47:24.835+0530] {processor.py:161} INFO - Started process (PID=81089) to work on /home/lucky/.local/lib/python3.10/site-packages/airflow/example_dags/example_nested_branch_dag.py
[2024-04-08T01:47:24.838+0530] {processor.py:830} INFO - Processing file /home/lucky/.local/lib/python3.10/site-packages/airflow/example_dags/example_nested_branch_dag.py for tasks to queue
[2024-04-08T01:47:24.839+0530] {logging_mixin.py:188} INFO - [2024-04-08T01:47:24.839+0530] {dagbag.py:538} INFO - Filling up the DagBag from /home/lucky/.local/lib/python3.10/site-packages/airflow/example_dags/example_nested_branch_dag.py
[2024-04-08T01:47:24.857+0530] {processor.py:840} INFO - DAG(s) 'example_nested_branch_dag' retrieved from /home/lucky/.local/lib/python3.10/site-packages/airflow/example_dags/example_nested_branch_dag.py
[2024-04-08T01:47:24.882+0530] {logging_mixin.py:188} INFO - [2024-04-08T01:47:24.882+0530] {dag.py:3036} INFO - Sync 1 DAGs
[2024-04-08T01:47:24.915+0530] {logging_mixin.py:188} INFO - [2024-04-08T01:47:24.915+0530] {dag.py:3823} INFO - Setting next_dagrun for example_nested_branch_dag to 2024-04-06 00:00:00+00:00, run_after=2024-04-07 00:00:00+00:00
[2024-04-08T01:47:24.953+0530] {processor.py:183} INFO - Processing /home/lucky/.local/lib/python3.10/site-packages/airflow/example_dags/example_nested_branch_dag.py took 0.123 seconds
[2024-04-08T01:49:04.173+0530] {processor.py:161} INFO - Started process (PID=82591) to work on /home/lucky/.local/lib/python3.10/site-packages/airflow/example_dags/example_nested_branch_dag.py
[2024-04-08T01:49:04.174+0530] {processor.py:830} INFO - Processing file /home/lucky/.local/lib/python3.10/site-packages/airflow/example_dags/example_nested_branch_dag.py for tasks to queue
[2024-04-08T01:49:04.176+0530] {logging_mixin.py:188} INFO - [2024-04-08T01:49:04.175+0530] {dagbag.py:538} INFO - Filling up the DagBag from /home/lucky/.local/lib/python3.10/site-packages/airflow/example_dags/example_nested_branch_dag.py
[2024-04-08T01:49:04.188+0530] {processor.py:840} INFO - DAG(s) 'example_nested_branch_dag' retrieved from /home/lucky/.local/lib/python3.10/site-packages/airflow/example_dags/example_nested_branch_dag.py
[2024-04-08T01:49:04.205+0530] {logging_mixin.py:188} INFO - [2024-04-08T01:49:04.205+0530] {dag.py:3036} INFO - Sync 1 DAGs
[2024-04-08T01:49:04.228+0530] {logging_mixin.py:188} INFO - [2024-04-08T01:49:04.227+0530] {dag.py:3823} INFO - Setting next_dagrun for example_nested_branch_dag to 2024-04-06 00:00:00+00:00, run_after=2024-04-07 00:00:00+00:00
[2024-04-08T01:49:04.255+0530] {processor.py:183} INFO - Processing /home/lucky/.local/lib/python3.10/site-packages/airflow/example_dags/example_nested_branch_dag.py took 0.086 seconds
[2024-04-08T01:50:22.389+0530] {processor.py:161} INFO - Started process (PID=83768) to work on /home/lucky/.local/lib/python3.10/site-packages/airflow/example_dags/example_nested_branch_dag.py
[2024-04-08T01:50:22.393+0530] {processor.py:830} INFO - Processing file /home/lucky/.local/lib/python3.10/site-packages/airflow/example_dags/example_nested_branch_dag.py for tasks to queue
[2024-04-08T01:50:22.395+0530] {logging_mixin.py:188} INFO - [2024-04-08T01:50:22.394+0530] {dagbag.py:538} INFO - Filling up the DagBag from /home/lucky/.local/lib/python3.10/site-packages/airflow/example_dags/example_nested_branch_dag.py
[2024-04-08T01:50:22.415+0530] {processor.py:840} INFO - DAG(s) 'example_nested_branch_dag' retrieved from /home/lucky/.local/lib/python3.10/site-packages/airflow/example_dags/example_nested_branch_dag.py
[2024-04-08T01:50:22.458+0530] {logging_mixin.py:188} INFO - [2024-04-08T01:50:22.457+0530] {dag.py:3036} INFO - Sync 1 DAGs
[2024-04-08T01:50:22.499+0530] {logging_mixin.py:188} INFO - [2024-04-08T01:50:22.499+0530] {dag.py:3823} INFO - Setting next_dagrun for example_nested_branch_dag to 2024-04-06 00:00:00+00:00, run_after=2024-04-07 00:00:00+00:00
[2024-04-08T01:50:22.547+0530] {processor.py:183} INFO - Processing /home/lucky/.local/lib/python3.10/site-packages/airflow/example_dags/example_nested_branch_dag.py took 0.165 seconds
[2024-04-08T01:52:35.423+0530] {processor.py:161} INFO - Started process (PID=85632) to work on /home/lucky/.local/lib/python3.10/site-packages/airflow/example_dags/example_nested_branch_dag.py
[2024-04-08T01:52:35.424+0530] {processor.py:830} INFO - Processing file /home/lucky/.local/lib/python3.10/site-packages/airflow/example_dags/example_nested_branch_dag.py for tasks to queue
[2024-04-08T01:52:35.425+0530] {logging_mixin.py:188} INFO - [2024-04-08T01:52:35.425+0530] {dagbag.py:538} INFO - Filling up the DagBag from /home/lucky/.local/lib/python3.10/site-packages/airflow/example_dags/example_nested_branch_dag.py
[2024-04-08T01:52:35.437+0530] {processor.py:840} INFO - DAG(s) 'example_nested_branch_dag' retrieved from /home/lucky/.local/lib/python3.10/site-packages/airflow/example_dags/example_nested_branch_dag.py
[2024-04-08T01:52:35.461+0530] {logging_mixin.py:188} INFO - [2024-04-08T01:52:35.461+0530] {dag.py:3036} INFO - Sync 1 DAGs
[2024-04-08T01:52:35.484+0530] {logging_mixin.py:188} INFO - [2024-04-08T01:52:35.483+0530] {dag.py:3823} INFO - Setting next_dagrun for example_nested_branch_dag to 2024-04-06 00:00:00+00:00, run_after=2024-04-07 00:00:00+00:00
[2024-04-08T01:52:35.510+0530] {processor.py:183} INFO - Processing /home/lucky/.local/lib/python3.10/site-packages/airflow/example_dags/example_nested_branch_dag.py took 0.091 seconds
[2024-04-08T01:53:45.851+0530] {processor.py:161} INFO - Started process (PID=86744) to work on /home/lucky/.local/lib/python3.10/site-packages/airflow/example_dags/example_nested_branch_dag.py
[2024-04-08T01:53:45.852+0530] {processor.py:830} INFO - Processing file /home/lucky/.local/lib/python3.10/site-packages/airflow/example_dags/example_nested_branch_dag.py for tasks to queue
[2024-04-08T01:53:45.853+0530] {logging_mixin.py:188} INFO - [2024-04-08T01:53:45.853+0530] {dagbag.py:538} INFO - Filling up the DagBag from /home/lucky/.local/lib/python3.10/site-packages/airflow/example_dags/example_nested_branch_dag.py
[2024-04-08T01:53:45.861+0530] {processor.py:840} INFO - DAG(s) 'example_nested_branch_dag' retrieved from /home/lucky/.local/lib/python3.10/site-packages/airflow/example_dags/example_nested_branch_dag.py
[2024-04-08T01:53:45.875+0530] {logging_mixin.py:188} INFO - [2024-04-08T01:53:45.875+0530] {dag.py:3036} INFO - Sync 1 DAGs
[2024-04-08T01:53:45.892+0530] {logging_mixin.py:188} INFO - [2024-04-08T01:53:45.892+0530] {dag.py:3823} INFO - Setting next_dagrun for example_nested_branch_dag to 2024-04-06 00:00:00+00:00, run_after=2024-04-07 00:00:00+00:00
[2024-04-08T01:53:45.914+0530] {processor.py:183} INFO - Processing /home/lucky/.local/lib/python3.10/site-packages/airflow/example_dags/example_nested_branch_dag.py took 0.066 seconds
[2024-04-08T01:54:51.951+0530] {processor.py:161} INFO - Started process (PID=87825) to work on /home/lucky/.local/lib/python3.10/site-packages/airflow/example_dags/example_nested_branch_dag.py
[2024-04-08T01:54:51.953+0530] {processor.py:830} INFO - Processing file /home/lucky/.local/lib/python3.10/site-packages/airflow/example_dags/example_nested_branch_dag.py for tasks to queue
[2024-04-08T01:54:51.955+0530] {logging_mixin.py:188} INFO - [2024-04-08T01:54:51.954+0530] {dagbag.py:538} INFO - Filling up the DagBag from /home/lucky/.local/lib/python3.10/site-packages/airflow/example_dags/example_nested_branch_dag.py
[2024-04-08T01:54:51.965+0530] {processor.py:840} INFO - DAG(s) 'example_nested_branch_dag' retrieved from /home/lucky/.local/lib/python3.10/site-packages/airflow/example_dags/example_nested_branch_dag.py
[2024-04-08T01:54:51.986+0530] {logging_mixin.py:188} INFO - [2024-04-08T01:54:51.986+0530] {dag.py:3036} INFO - Sync 1 DAGs
[2024-04-08T01:54:52.021+0530] {logging_mixin.py:188} INFO - [2024-04-08T01:54:52.020+0530] {dag.py:3823} INFO - Setting next_dagrun for example_nested_branch_dag to 2024-04-06 00:00:00+00:00, run_after=2024-04-07 00:00:00+00:00
[2024-04-08T01:54:52.057+0530] {processor.py:183} INFO - Processing /home/lucky/.local/lib/python3.10/site-packages/airflow/example_dags/example_nested_branch_dag.py took 0.110 seconds
[2024-04-08T01:56:18.414+0530] {processor.py:161} INFO - Started process (PID=89113) to work on /home/lucky/.local/lib/python3.10/site-packages/airflow/example_dags/example_nested_branch_dag.py
[2024-04-08T01:56:18.419+0530] {processor.py:830} INFO - Processing file /home/lucky/.local/lib/python3.10/site-packages/airflow/example_dags/example_nested_branch_dag.py for tasks to queue
[2024-04-08T01:56:18.428+0530] {logging_mixin.py:188} INFO - [2024-04-08T01:56:18.427+0530] {dagbag.py:538} INFO - Filling up the DagBag from /home/lucky/.local/lib/python3.10/site-packages/airflow/example_dags/example_nested_branch_dag.py
[2024-04-08T01:56:18.473+0530] {processor.py:840} INFO - DAG(s) 'example_nested_branch_dag' retrieved from /home/lucky/.local/lib/python3.10/site-packages/airflow/example_dags/example_nested_branch_dag.py
[2024-04-08T01:56:18.536+0530] {logging_mixin.py:188} INFO - [2024-04-08T01:56:18.535+0530] {dag.py:3036} INFO - Sync 1 DAGs
[2024-04-08T01:56:18.600+0530] {logging_mixin.py:188} INFO - [2024-04-08T01:56:18.600+0530] {dag.py:3823} INFO - Setting next_dagrun for example_nested_branch_dag to 2024-04-06 00:00:00+00:00, run_after=2024-04-07 00:00:00+00:00
[2024-04-08T01:56:18.677+0530] {processor.py:183} INFO - Processing /home/lucky/.local/lib/python3.10/site-packages/airflow/example_dags/example_nested_branch_dag.py took 0.278 seconds
[2024-04-08T01:57:11.303+0530] {processor.py:161} INFO - Started process (PID=89733) to work on /home/lucky/.local/lib/python3.10/site-packages/airflow/example_dags/example_nested_branch_dag.py
[2024-04-08T01:57:11.306+0530] {processor.py:830} INFO - Processing file /home/lucky/.local/lib/python3.10/site-packages/airflow/example_dags/example_nested_branch_dag.py for tasks to queue
[2024-04-08T01:57:11.307+0530] {logging_mixin.py:188} INFO - [2024-04-08T01:57:11.307+0530] {dagbag.py:538} INFO - Filling up the DagBag from /home/lucky/.local/lib/python3.10/site-packages/airflow/example_dags/example_nested_branch_dag.py
[2024-04-08T01:57:11.322+0530] {processor.py:840} INFO - DAG(s) 'example_nested_branch_dag' retrieved from /home/lucky/.local/lib/python3.10/site-packages/airflow/example_dags/example_nested_branch_dag.py
[2024-04-08T01:57:11.351+0530] {logging_mixin.py:188} INFO - [2024-04-08T01:57:11.350+0530] {dag.py:3036} INFO - Sync 1 DAGs
[2024-04-08T01:57:11.392+0530] {logging_mixin.py:188} INFO - [2024-04-08T01:57:11.391+0530] {dag.py:3823} INFO - Setting next_dagrun for example_nested_branch_dag to 2024-04-06 00:00:00+00:00, run_after=2024-04-07 00:00:00+00:00
[2024-04-08T01:57:11.430+0530] {processor.py:183} INFO - Processing /home/lucky/.local/lib/python3.10/site-packages/airflow/example_dags/example_nested_branch_dag.py took 0.132 seconds
[2024-04-08T01:58:29.640+0530] {processor.py:161} INFO - Started process (PID=90958) to work on /home/lucky/.local/lib/python3.10/site-packages/airflow/example_dags/example_nested_branch_dag.py
[2024-04-08T01:58:29.642+0530] {processor.py:830} INFO - Processing file /home/lucky/.local/lib/python3.10/site-packages/airflow/example_dags/example_nested_branch_dag.py for tasks to queue
[2024-04-08T01:58:29.643+0530] {logging_mixin.py:188} INFO - [2024-04-08T01:58:29.642+0530] {dagbag.py:538} INFO - Filling up the DagBag from /home/lucky/.local/lib/python3.10/site-packages/airflow/example_dags/example_nested_branch_dag.py
[2024-04-08T01:58:29.651+0530] {processor.py:840} INFO - DAG(s) 'example_nested_branch_dag' retrieved from /home/lucky/.local/lib/python3.10/site-packages/airflow/example_dags/example_nested_branch_dag.py
[2024-04-08T01:58:29.665+0530] {logging_mixin.py:188} INFO - [2024-04-08T01:58:29.665+0530] {dag.py:3036} INFO - Sync 1 DAGs
[2024-04-08T01:58:29.683+0530] {logging_mixin.py:188} INFO - [2024-04-08T01:58:29.682+0530] {dag.py:3823} INFO - Setting next_dagrun for example_nested_branch_dag to 2024-04-06 00:00:00+00:00, run_after=2024-04-07 00:00:00+00:00
[2024-04-08T01:58:29.708+0530] {processor.py:183} INFO - Processing /home/lucky/.local/lib/python3.10/site-packages/airflow/example_dags/example_nested_branch_dag.py took 0.072 seconds
[2024-04-08T01:59:43.696+0530] {processor.py:161} INFO - Started process (PID=92069) to work on /home/lucky/.local/lib/python3.10/site-packages/airflow/example_dags/example_nested_branch_dag.py
[2024-04-08T01:59:43.698+0530] {processor.py:830} INFO - Processing file /home/lucky/.local/lib/python3.10/site-packages/airflow/example_dags/example_nested_branch_dag.py for tasks to queue
[2024-04-08T01:59:43.700+0530] {logging_mixin.py:188} INFO - [2024-04-08T01:59:43.699+0530] {dagbag.py:538} INFO - Filling up the DagBag from /home/lucky/.local/lib/python3.10/site-packages/airflow/example_dags/example_nested_branch_dag.py
[2024-04-08T01:59:43.716+0530] {processor.py:840} INFO - DAG(s) 'example_nested_branch_dag' retrieved from /home/lucky/.local/lib/python3.10/site-packages/airflow/example_dags/example_nested_branch_dag.py
[2024-04-08T01:59:43.739+0530] {logging_mixin.py:188} INFO - [2024-04-08T01:59:43.739+0530] {dag.py:3036} INFO - Sync 1 DAGs
[2024-04-08T01:59:43.781+0530] {logging_mixin.py:188} INFO - [2024-04-08T01:59:43.780+0530] {dag.py:3823} INFO - Setting next_dagrun for example_nested_branch_dag to 2024-04-06 00:00:00+00:00, run_after=2024-04-07 00:00:00+00:00
[2024-04-08T01:59:43.818+0530] {processor.py:183} INFO - Processing /home/lucky/.local/lib/python3.10/site-packages/airflow/example_dags/example_nested_branch_dag.py took 0.129 seconds
[2024-04-08T02:00:56.943+0530] {processor.py:161} INFO - Started process (PID=93254) to work on /home/lucky/.local/lib/python3.10/site-packages/airflow/example_dags/example_nested_branch_dag.py
[2024-04-08T02:00:56.945+0530] {processor.py:830} INFO - Processing file /home/lucky/.local/lib/python3.10/site-packages/airflow/example_dags/example_nested_branch_dag.py for tasks to queue
[2024-04-08T02:00:56.946+0530] {logging_mixin.py:188} INFO - [2024-04-08T02:00:56.946+0530] {dagbag.py:538} INFO - Filling up the DagBag from /home/lucky/.local/lib/python3.10/site-packages/airflow/example_dags/example_nested_branch_dag.py
[2024-04-08T02:00:56.959+0530] {processor.py:840} INFO - DAG(s) 'example_nested_branch_dag' retrieved from /home/lucky/.local/lib/python3.10/site-packages/airflow/example_dags/example_nested_branch_dag.py
[2024-04-08T02:00:56.975+0530] {logging_mixin.py:188} INFO - [2024-04-08T02:00:56.975+0530] {dag.py:3036} INFO - Sync 1 DAGs
[2024-04-08T02:00:56.997+0530] {logging_mixin.py:188} INFO - [2024-04-08T02:00:56.997+0530] {dag.py:3823} INFO - Setting next_dagrun for example_nested_branch_dag to 2024-04-06 00:00:00+00:00, run_after=2024-04-07 00:00:00+00:00
[2024-04-08T02:00:57.032+0530] {processor.py:183} INFO - Processing /home/lucky/.local/lib/python3.10/site-packages/airflow/example_dags/example_nested_branch_dag.py took 0.091 seconds
[2024-04-08T02:02:14.275+0530] {processor.py:161} INFO - Started process (PID=94451) to work on /home/lucky/.local/lib/python3.10/site-packages/airflow/example_dags/example_nested_branch_dag.py
[2024-04-08T02:02:14.276+0530] {processor.py:830} INFO - Processing file /home/lucky/.local/lib/python3.10/site-packages/airflow/example_dags/example_nested_branch_dag.py for tasks to queue
[2024-04-08T02:02:14.277+0530] {logging_mixin.py:188} INFO - [2024-04-08T02:02:14.277+0530] {dagbag.py:538} INFO - Filling up the DagBag from /home/lucky/.local/lib/python3.10/site-packages/airflow/example_dags/example_nested_branch_dag.py
[2024-04-08T02:02:14.286+0530] {processor.py:840} INFO - DAG(s) 'example_nested_branch_dag' retrieved from /home/lucky/.local/lib/python3.10/site-packages/airflow/example_dags/example_nested_branch_dag.py
[2024-04-08T02:02:14.301+0530] {logging_mixin.py:188} INFO - [2024-04-08T02:02:14.301+0530] {dag.py:3036} INFO - Sync 1 DAGs
[2024-04-08T02:02:14.321+0530] {logging_mixin.py:188} INFO - [2024-04-08T02:02:14.320+0530] {dag.py:3823} INFO - Setting next_dagrun for example_nested_branch_dag to 2024-04-06 00:00:00+00:00, run_after=2024-04-07 00:00:00+00:00
[2024-04-08T02:02:14.352+0530] {processor.py:183} INFO - Processing /home/lucky/.local/lib/python3.10/site-packages/airflow/example_dags/example_nested_branch_dag.py took 0.080 seconds
[2024-04-08T02:03:27.496+0530] {processor.py:161} INFO - Started process (PID=95593) to work on /home/lucky/.local/lib/python3.10/site-packages/airflow/example_dags/example_nested_branch_dag.py
[2024-04-08T02:03:27.498+0530] {processor.py:830} INFO - Processing file /home/lucky/.local/lib/python3.10/site-packages/airflow/example_dags/example_nested_branch_dag.py for tasks to queue
[2024-04-08T02:03:27.499+0530] {logging_mixin.py:188} INFO - [2024-04-08T02:03:27.498+0530] {dagbag.py:538} INFO - Filling up the DagBag from /home/lucky/.local/lib/python3.10/site-packages/airflow/example_dags/example_nested_branch_dag.py
[2024-04-08T02:03:27.508+0530] {processor.py:840} INFO - DAG(s) 'example_nested_branch_dag' retrieved from /home/lucky/.local/lib/python3.10/site-packages/airflow/example_dags/example_nested_branch_dag.py
[2024-04-08T02:03:27.525+0530] {logging_mixin.py:188} INFO - [2024-04-08T02:03:27.525+0530] {dag.py:3036} INFO - Sync 1 DAGs
[2024-04-08T02:03:27.545+0530] {logging_mixin.py:188} INFO - [2024-04-08T02:03:27.545+0530] {dag.py:3823} INFO - Setting next_dagrun for example_nested_branch_dag to 2024-04-06 00:00:00+00:00, run_after=2024-04-07 00:00:00+00:00
[2024-04-08T02:03:27.568+0530] {processor.py:183} INFO - Processing /home/lucky/.local/lib/python3.10/site-packages/airflow/example_dags/example_nested_branch_dag.py took 0.075 seconds
[2024-04-08T02:04:45.118+0530] {processor.py:161} INFO - Started process (PID=96770) to work on /home/lucky/.local/lib/python3.10/site-packages/airflow/example_dags/example_nested_branch_dag.py
[2024-04-08T02:04:45.119+0530] {processor.py:830} INFO - Processing file /home/lucky/.local/lib/python3.10/site-packages/airflow/example_dags/example_nested_branch_dag.py for tasks to queue
[2024-04-08T02:04:45.120+0530] {logging_mixin.py:188} INFO - [2024-04-08T02:04:45.119+0530] {dagbag.py:538} INFO - Filling up the DagBag from /home/lucky/.local/lib/python3.10/site-packages/airflow/example_dags/example_nested_branch_dag.py
[2024-04-08T02:04:45.129+0530] {processor.py:840} INFO - DAG(s) 'example_nested_branch_dag' retrieved from /home/lucky/.local/lib/python3.10/site-packages/airflow/example_dags/example_nested_branch_dag.py
[2024-04-08T02:04:45.145+0530] {logging_mixin.py:188} INFO - [2024-04-08T02:04:45.145+0530] {dag.py:3036} INFO - Sync 1 DAGs
[2024-04-08T02:04:45.282+0530] {logging_mixin.py:188} INFO - [2024-04-08T02:04:45.281+0530] {dag.py:3823} INFO - Setting next_dagrun for example_nested_branch_dag to 2024-04-06 00:00:00+00:00, run_after=2024-04-07 00:00:00+00:00
[2024-04-08T02:04:45.309+0530] {processor.py:183} INFO - Processing /home/lucky/.local/lib/python3.10/site-packages/airflow/example_dags/example_nested_branch_dag.py took 0.195 seconds
[2024-04-08T02:05:40.714+0530] {processor.py:161} INFO - Started process (PID=97466) to work on /home/lucky/.local/lib/python3.10/site-packages/airflow/example_dags/example_nested_branch_dag.py
[2024-04-08T02:05:40.716+0530] {processor.py:830} INFO - Processing file /home/lucky/.local/lib/python3.10/site-packages/airflow/example_dags/example_nested_branch_dag.py for tasks to queue
[2024-04-08T02:05:40.718+0530] {logging_mixin.py:188} INFO - [2024-04-08T02:05:40.717+0530] {dagbag.py:538} INFO - Filling up the DagBag from /home/lucky/.local/lib/python3.10/site-packages/airflow/example_dags/example_nested_branch_dag.py
[2024-04-08T02:05:40.733+0530] {processor.py:840} INFO - DAG(s) 'example_nested_branch_dag' retrieved from /home/lucky/.local/lib/python3.10/site-packages/airflow/example_dags/example_nested_branch_dag.py
[2024-04-08T02:05:40.752+0530] {logging_mixin.py:188} INFO - [2024-04-08T02:05:40.752+0530] {dag.py:3036} INFO - Sync 1 DAGs
[2024-04-08T02:05:40.776+0530] {logging_mixin.py:188} INFO - [2024-04-08T02:05:40.776+0530] {dag.py:3823} INFO - Setting next_dagrun for example_nested_branch_dag to 2024-04-06 00:00:00+00:00, run_after=2024-04-07 00:00:00+00:00
[2024-04-08T02:05:40.806+0530] {processor.py:183} INFO - Processing /home/lucky/.local/lib/python3.10/site-packages/airflow/example_dags/example_nested_branch_dag.py took 0.095 seconds
[2024-04-08T02:06:58.980+0530] {processor.py:161} INFO - Started process (PID=98699) to work on /home/lucky/.local/lib/python3.10/site-packages/airflow/example_dags/example_nested_branch_dag.py
[2024-04-08T02:06:58.982+0530] {processor.py:830} INFO - Processing file /home/lucky/.local/lib/python3.10/site-packages/airflow/example_dags/example_nested_branch_dag.py for tasks to queue
[2024-04-08T02:06:58.983+0530] {logging_mixin.py:188} INFO - [2024-04-08T02:06:58.982+0530] {dagbag.py:538} INFO - Filling up the DagBag from /home/lucky/.local/lib/python3.10/site-packages/airflow/example_dags/example_nested_branch_dag.py
[2024-04-08T02:06:58.998+0530] {processor.py:840} INFO - DAG(s) 'example_nested_branch_dag' retrieved from /home/lucky/.local/lib/python3.10/site-packages/airflow/example_dags/example_nested_branch_dag.py
[2024-04-08T02:06:59.042+0530] {logging_mixin.py:188} INFO - [2024-04-08T02:06:59.042+0530] {dag.py:3036} INFO - Sync 1 DAGs
[2024-04-08T02:06:59.064+0530] {logging_mixin.py:188} INFO - [2024-04-08T02:06:59.063+0530] {dag.py:3823} INFO - Setting next_dagrun for example_nested_branch_dag to 2024-04-06 00:00:00+00:00, run_after=2024-04-07 00:00:00+00:00
[2024-04-08T02:06:59.091+0530] {processor.py:183} INFO - Processing /home/lucky/.local/lib/python3.10/site-packages/airflow/example_dags/example_nested_branch_dag.py took 0.114 seconds
[2024-04-08T02:08:21.684+0530] {processor.py:161} INFO - Started process (PID=99979) to work on /home/lucky/.local/lib/python3.10/site-packages/airflow/example_dags/example_nested_branch_dag.py
[2024-04-08T02:08:21.687+0530] {processor.py:830} INFO - Processing file /home/lucky/.local/lib/python3.10/site-packages/airflow/example_dags/example_nested_branch_dag.py for tasks to queue
[2024-04-08T02:08:21.688+0530] {logging_mixin.py:188} INFO - [2024-04-08T02:08:21.687+0530] {dagbag.py:538} INFO - Filling up the DagBag from /home/lucky/.local/lib/python3.10/site-packages/airflow/example_dags/example_nested_branch_dag.py
[2024-04-08T02:08:21.699+0530] {processor.py:840} INFO - DAG(s) 'example_nested_branch_dag' retrieved from /home/lucky/.local/lib/python3.10/site-packages/airflow/example_dags/example_nested_branch_dag.py
[2024-04-08T02:08:21.719+0530] {logging_mixin.py:188} INFO - [2024-04-08T02:08:21.719+0530] {dag.py:3036} INFO - Sync 1 DAGs
[2024-04-08T02:08:21.741+0530] {logging_mixin.py:188} INFO - [2024-04-08T02:08:21.740+0530] {dag.py:3823} INFO - Setting next_dagrun for example_nested_branch_dag to 2024-04-06 00:00:00+00:00, run_after=2024-04-07 00:00:00+00:00
[2024-04-08T02:08:21.780+0530] {processor.py:183} INFO - Processing /home/lucky/.local/lib/python3.10/site-packages/airflow/example_dags/example_nested_branch_dag.py took 0.101 seconds
[2024-04-08T02:09:19.626+0530] {processor.py:161} INFO - Started process (PID=101415) to work on /home/lucky/.local/lib/python3.10/site-packages/airflow/example_dags/example_nested_branch_dag.py
[2024-04-08T02:09:19.627+0530] {processor.py:830} INFO - Processing file /home/lucky/.local/lib/python3.10/site-packages/airflow/example_dags/example_nested_branch_dag.py for tasks to queue
[2024-04-08T02:09:19.628+0530] {logging_mixin.py:188} INFO - [2024-04-08T02:09:19.628+0530] {dagbag.py:538} INFO - Filling up the DagBag from /home/lucky/.local/lib/python3.10/site-packages/airflow/example_dags/example_nested_branch_dag.py
[2024-04-08T02:09:19.637+0530] {processor.py:840} INFO - DAG(s) 'example_nested_branch_dag' retrieved from /home/lucky/.local/lib/python3.10/site-packages/airflow/example_dags/example_nested_branch_dag.py
[2024-04-08T02:09:19.652+0530] {logging_mixin.py:188} INFO - [2024-04-08T02:09:19.651+0530] {dag.py:3036} INFO - Sync 1 DAGs
[2024-04-08T02:09:19.669+0530] {logging_mixin.py:188} INFO - [2024-04-08T02:09:19.669+0530] {dag.py:3823} INFO - Setting next_dagrun for example_nested_branch_dag to 2024-04-06 00:00:00+00:00, run_after=2024-04-07 00:00:00+00:00
[2024-04-08T02:09:19.692+0530] {processor.py:183} INFO - Processing /home/lucky/.local/lib/python3.10/site-packages/airflow/example_dags/example_nested_branch_dag.py took 0.069 seconds
