[2024-04-08T00:27:13.746+0530] {processor.py:161} INFO - Started process (PID=8159) to work on /home/lucky/.local/lib/python3.10/site-packages/airflow/example_dags/example_dag_decorator.py
[2024-04-08T00:27:13.748+0530] {processor.py:830} INFO - Processing file /home/lucky/.local/lib/python3.10/site-packages/airflow/example_dags/example_dag_decorator.py for tasks to queue
[2024-04-08T00:27:13.749+0530] {logging_mixin.py:188} INFO - [2024-04-08T00:27:13.748+0530] {dagbag.py:538} INFO - Filling up the DagBag from /home/lucky/.local/lib/python3.10/site-packages/airflow/example_dags/example_dag_decorator.py
[2024-04-08T00:27:13.890+0530] {processor.py:840} INFO - DAG(s) 'example_dag_decorator' retrieved from /home/lucky/.local/lib/python3.10/site-packages/airflow/example_dags/example_dag_decorator.py
[2024-04-08T00:27:14.135+0530] {logging_mixin.py:188} INFO - [2024-04-08T00:27:14.134+0530] {dag.py:3036} INFO - Sync 1 DAGs
[2024-04-08T00:27:14.154+0530] {logging_mixin.py:188} INFO - [2024-04-08T00:27:14.154+0530] {dag.py:3823} INFO - Setting next_dagrun for example_dag_decorator to None, run_after=None
[2024-04-08T00:27:14.204+0530] {processor.py:183} INFO - Processing /home/lucky/.local/lib/python3.10/site-packages/airflow/example_dags/example_dag_decorator.py took 0.461 seconds
[2024-04-08T00:28:17.198+0530] {processor.py:161} INFO - Started process (PID=9190) to work on /home/lucky/.local/lib/python3.10/site-packages/airflow/example_dags/example_dag_decorator.py
[2024-04-08T00:28:17.200+0530] {processor.py:830} INFO - Processing file /home/lucky/.local/lib/python3.10/site-packages/airflow/example_dags/example_dag_decorator.py for tasks to queue
[2024-04-08T00:28:17.202+0530] {logging_mixin.py:188} INFO - [2024-04-08T00:28:17.201+0530] {dagbag.py:538} INFO - Filling up the DagBag from /home/lucky/.local/lib/python3.10/site-packages/airflow/example_dags/example_dag_decorator.py
[2024-04-08T00:28:17.309+0530] {processor.py:840} INFO - DAG(s) 'example_dag_decorator' retrieved from /home/lucky/.local/lib/python3.10/site-packages/airflow/example_dags/example_dag_decorator.py
[2024-04-08T00:28:17.463+0530] {logging_mixin.py:188} INFO - [2024-04-08T00:28:17.462+0530] {dag.py:3036} INFO - Sync 1 DAGs
[2024-04-08T00:28:17.483+0530] {logging_mixin.py:188} INFO - [2024-04-08T00:28:17.483+0530] {dag.py:3823} INFO - Setting next_dagrun for example_dag_decorator to None, run_after=None
[2024-04-08T00:28:17.520+0530] {processor.py:183} INFO - Processing /home/lucky/.local/lib/python3.10/site-packages/airflow/example_dags/example_dag_decorator.py took 0.325 seconds
[2024-04-08T00:29:29.091+0530] {processor.py:161} INFO - Started process (PID=10007) to work on /home/lucky/.local/lib/python3.10/site-packages/airflow/example_dags/example_dag_decorator.py
[2024-04-08T00:29:29.094+0530] {processor.py:830} INFO - Processing file /home/lucky/.local/lib/python3.10/site-packages/airflow/example_dags/example_dag_decorator.py for tasks to queue
[2024-04-08T00:29:29.096+0530] {logging_mixin.py:188} INFO - [2024-04-08T00:29:29.096+0530] {dagbag.py:538} INFO - Filling up the DagBag from /home/lucky/.local/lib/python3.10/site-packages/airflow/example_dags/example_dag_decorator.py
[2024-04-08T00:29:29.235+0530] {processor.py:840} INFO - DAG(s) 'example_dag_decorator' retrieved from /home/lucky/.local/lib/python3.10/site-packages/airflow/example_dags/example_dag_decorator.py
[2024-04-08T00:29:29.399+0530] {logging_mixin.py:188} INFO - [2024-04-08T00:29:29.399+0530] {dag.py:3036} INFO - Sync 1 DAGs
[2024-04-08T00:29:29.414+0530] {logging_mixin.py:188} INFO - [2024-04-08T00:29:29.413+0530] {dag.py:3823} INFO - Setting next_dagrun for example_dag_decorator to None, run_after=None
[2024-04-08T00:29:29.453+0530] {processor.py:183} INFO - Processing /home/lucky/.local/lib/python3.10/site-packages/airflow/example_dags/example_dag_decorator.py took 0.373 seconds
[2024-04-08T00:30:30.581+0530] {processor.py:161} INFO - Started process (PID=11128) to work on /home/lucky/.local/lib/python3.10/site-packages/airflow/example_dags/example_dag_decorator.py
[2024-04-08T00:30:30.584+0530] {processor.py:830} INFO - Processing file /home/lucky/.local/lib/python3.10/site-packages/airflow/example_dags/example_dag_decorator.py for tasks to queue
[2024-04-08T00:30:30.586+0530] {logging_mixin.py:188} INFO - [2024-04-08T00:30:30.585+0530] {dagbag.py:538} INFO - Filling up the DagBag from /home/lucky/.local/lib/python3.10/site-packages/airflow/example_dags/example_dag_decorator.py
[2024-04-08T00:30:30.713+0530] {processor.py:840} INFO - DAG(s) 'example_dag_decorator' retrieved from /home/lucky/.local/lib/python3.10/site-packages/airflow/example_dags/example_dag_decorator.py
[2024-04-08T00:30:30.850+0530] {logging_mixin.py:188} INFO - [2024-04-08T00:30:30.849+0530] {dag.py:3036} INFO - Sync 1 DAGs
[2024-04-08T00:30:30.863+0530] {logging_mixin.py:188} INFO - [2024-04-08T00:30:30.863+0530] {dag.py:3823} INFO - Setting next_dagrun for example_dag_decorator to None, run_after=None
[2024-04-08T00:30:30.904+0530] {processor.py:183} INFO - Processing /home/lucky/.local/lib/python3.10/site-packages/airflow/example_dags/example_dag_decorator.py took 0.328 seconds
[2024-04-08T00:31:36.451+0530] {processor.py:161} INFO - Started process (PID=12229) to work on /home/lucky/.local/lib/python3.10/site-packages/airflow/example_dags/example_dag_decorator.py
[2024-04-08T00:31:36.454+0530] {processor.py:830} INFO - Processing file /home/lucky/.local/lib/python3.10/site-packages/airflow/example_dags/example_dag_decorator.py for tasks to queue
[2024-04-08T00:31:36.456+0530] {logging_mixin.py:188} INFO - [2024-04-08T00:31:36.455+0530] {dagbag.py:538} INFO - Filling up the DagBag from /home/lucky/.local/lib/python3.10/site-packages/airflow/example_dags/example_dag_decorator.py
[2024-04-08T00:31:36.613+0530] {processor.py:840} INFO - DAG(s) 'example_dag_decorator' retrieved from /home/lucky/.local/lib/python3.10/site-packages/airflow/example_dags/example_dag_decorator.py
[2024-04-08T00:31:36.808+0530] {logging_mixin.py:188} INFO - [2024-04-08T00:31:36.807+0530] {dag.py:3036} INFO - Sync 1 DAGs
[2024-04-08T00:31:36.831+0530] {logging_mixin.py:188} INFO - [2024-04-08T00:31:36.830+0530] {dag.py:3823} INFO - Setting next_dagrun for example_dag_decorator to None, run_after=None
[2024-04-08T00:31:36.867+0530] {processor.py:183} INFO - Processing /home/lucky/.local/lib/python3.10/site-packages/airflow/example_dags/example_dag_decorator.py took 0.422 seconds
[2024-04-08T00:32:44.037+0530] {processor.py:161} INFO - Started process (PID=13040) to work on /home/lucky/.local/lib/python3.10/site-packages/airflow/example_dags/example_dag_decorator.py
[2024-04-08T00:32:44.051+0530] {processor.py:830} INFO - Processing file /home/lucky/.local/lib/python3.10/site-packages/airflow/example_dags/example_dag_decorator.py for tasks to queue
[2024-04-08T00:32:44.053+0530] {logging_mixin.py:188} INFO - [2024-04-08T00:32:44.052+0530] {dagbag.py:538} INFO - Filling up the DagBag from /home/lucky/.local/lib/python3.10/site-packages/airflow/example_dags/example_dag_decorator.py
[2024-04-08T00:32:44.155+0530] {processor.py:840} INFO - DAG(s) 'example_dag_decorator' retrieved from /home/lucky/.local/lib/python3.10/site-packages/airflow/example_dags/example_dag_decorator.py
[2024-04-08T00:32:44.312+0530] {logging_mixin.py:188} INFO - [2024-04-08T00:32:44.312+0530] {dag.py:3036} INFO - Sync 1 DAGs
[2024-04-08T00:32:44.327+0530] {logging_mixin.py:188} INFO - [2024-04-08T00:32:44.327+0530] {dag.py:3823} INFO - Setting next_dagrun for example_dag_decorator to None, run_after=None
[2024-04-08T00:32:44.378+0530] {processor.py:183} INFO - Processing /home/lucky/.local/lib/python3.10/site-packages/airflow/example_dags/example_dag_decorator.py took 0.348 seconds
[2024-04-08T00:34:00.819+0530] {processor.py:161} INFO - Started process (PID=14237) to work on /home/lucky/.local/lib/python3.10/site-packages/airflow/example_dags/example_dag_decorator.py
[2024-04-08T00:34:00.822+0530] {processor.py:830} INFO - Processing file /home/lucky/.local/lib/python3.10/site-packages/airflow/example_dags/example_dag_decorator.py for tasks to queue
[2024-04-08T00:34:00.823+0530] {logging_mixin.py:188} INFO - [2024-04-08T00:34:00.822+0530] {dagbag.py:538} INFO - Filling up the DagBag from /home/lucky/.local/lib/python3.10/site-packages/airflow/example_dags/example_dag_decorator.py
[2024-04-08T00:34:00.994+0530] {processor.py:840} INFO - DAG(s) 'example_dag_decorator' retrieved from /home/lucky/.local/lib/python3.10/site-packages/airflow/example_dags/example_dag_decorator.py
[2024-04-08T00:34:01.149+0530] {logging_mixin.py:188} INFO - [2024-04-08T00:34:01.149+0530] {dag.py:3036} INFO - Sync 1 DAGs
[2024-04-08T00:34:01.164+0530] {logging_mixin.py:188} INFO - [2024-04-08T00:34:01.164+0530] {dag.py:3823} INFO - Setting next_dagrun for example_dag_decorator to None, run_after=None
[2024-04-08T00:34:01.208+0530] {processor.py:183} INFO - Processing /home/lucky/.local/lib/python3.10/site-packages/airflow/example_dags/example_dag_decorator.py took 0.394 seconds
[2024-04-08T00:35:23.320+0530] {processor.py:161} INFO - Started process (PID=15470) to work on /home/lucky/.local/lib/python3.10/site-packages/airflow/example_dags/example_dag_decorator.py
[2024-04-08T00:35:23.333+0530] {processor.py:830} INFO - Processing file /home/lucky/.local/lib/python3.10/site-packages/airflow/example_dags/example_dag_decorator.py for tasks to queue
[2024-04-08T00:35:23.335+0530] {logging_mixin.py:188} INFO - [2024-04-08T00:35:23.334+0530] {dagbag.py:538} INFO - Filling up the DagBag from /home/lucky/.local/lib/python3.10/site-packages/airflow/example_dags/example_dag_decorator.py
[2024-04-08T00:35:23.555+0530] {processor.py:840} INFO - DAG(s) 'example_dag_decorator' retrieved from /home/lucky/.local/lib/python3.10/site-packages/airflow/example_dags/example_dag_decorator.py
[2024-04-08T00:35:23.587+0530] {logging_mixin.py:188} INFO - [2024-04-08T00:35:23.587+0530] {dag.py:3036} INFO - Sync 1 DAGs
[2024-04-08T00:35:23.604+0530] {logging_mixin.py:188} INFO - [2024-04-08T00:35:23.603+0530] {dag.py:3823} INFO - Setting next_dagrun for example_dag_decorator to None, run_after=None
[2024-04-08T00:35:23.633+0530] {processor.py:183} INFO - Processing /home/lucky/.local/lib/python3.10/site-packages/airflow/example_dags/example_dag_decorator.py took 0.318 seconds
[2024-04-08T00:36:25.262+0530] {processor.py:161} INFO - Started process (PID=16197) to work on /home/lucky/.local/lib/python3.10/site-packages/airflow/example_dags/example_dag_decorator.py
[2024-04-08T00:36:25.265+0530] {processor.py:830} INFO - Processing file /home/lucky/.local/lib/python3.10/site-packages/airflow/example_dags/example_dag_decorator.py for tasks to queue
[2024-04-08T00:36:25.266+0530] {logging_mixin.py:188} INFO - [2024-04-08T00:36:25.266+0530] {dagbag.py:538} INFO - Filling up the DagBag from /home/lucky/.local/lib/python3.10/site-packages/airflow/example_dags/example_dag_decorator.py
[2024-04-08T00:36:25.430+0530] {processor.py:840} INFO - DAG(s) 'example_dag_decorator' retrieved from /home/lucky/.local/lib/python3.10/site-packages/airflow/example_dags/example_dag_decorator.py
[2024-04-08T00:36:25.603+0530] {logging_mixin.py:188} INFO - [2024-04-08T00:36:25.603+0530] {dag.py:3036} INFO - Sync 1 DAGs
[2024-04-08T00:36:25.617+0530] {logging_mixin.py:188} INFO - [2024-04-08T00:36:25.617+0530] {dag.py:3823} INFO - Setting next_dagrun for example_dag_decorator to None, run_after=None
[2024-04-08T00:36:25.649+0530] {processor.py:183} INFO - Processing /home/lucky/.local/lib/python3.10/site-packages/airflow/example_dags/example_dag_decorator.py took 0.390 seconds
[2024-04-08T00:37:27.046+0530] {processor.py:161} INFO - Started process (PID=17279) to work on /home/lucky/.local/lib/python3.10/site-packages/airflow/example_dags/example_dag_decorator.py
[2024-04-08T00:37:27.047+0530] {processor.py:830} INFO - Processing file /home/lucky/.local/lib/python3.10/site-packages/airflow/example_dags/example_dag_decorator.py for tasks to queue
[2024-04-08T00:37:27.049+0530] {logging_mixin.py:188} INFO - [2024-04-08T00:37:27.048+0530] {dagbag.py:538} INFO - Filling up the DagBag from /home/lucky/.local/lib/python3.10/site-packages/airflow/example_dags/example_dag_decorator.py
[2024-04-08T00:37:27.211+0530] {processor.py:840} INFO - DAG(s) 'example_dag_decorator' retrieved from /home/lucky/.local/lib/python3.10/site-packages/airflow/example_dags/example_dag_decorator.py
[2024-04-08T00:37:27.392+0530] {logging_mixin.py:188} INFO - [2024-04-08T00:37:27.391+0530] {dag.py:3036} INFO - Sync 1 DAGs
[2024-04-08T00:37:27.409+0530] {logging_mixin.py:188} INFO - [2024-04-08T00:37:27.409+0530] {dag.py:3823} INFO - Setting next_dagrun for example_dag_decorator to None, run_after=None
[2024-04-08T00:37:27.444+0530] {processor.py:183} INFO - Processing /home/lucky/.local/lib/python3.10/site-packages/airflow/example_dags/example_dag_decorator.py took 0.403 seconds
[2024-04-08T00:38:27.480+0530] {processor.py:161} INFO - Started process (PID=18344) to work on /home/lucky/.local/lib/python3.10/site-packages/airflow/example_dags/example_dag_decorator.py
[2024-04-08T00:38:27.493+0530] {processor.py:830} INFO - Processing file /home/lucky/.local/lib/python3.10/site-packages/airflow/example_dags/example_dag_decorator.py for tasks to queue
[2024-04-08T00:38:27.494+0530] {logging_mixin.py:188} INFO - [2024-04-08T00:38:27.494+0530] {dagbag.py:538} INFO - Filling up the DagBag from /home/lucky/.local/lib/python3.10/site-packages/airflow/example_dags/example_dag_decorator.py
[2024-04-08T00:38:27.642+0530] {processor.py:840} INFO - DAG(s) 'example_dag_decorator' retrieved from /home/lucky/.local/lib/python3.10/site-packages/airflow/example_dags/example_dag_decorator.py
[2024-04-08T00:38:27.797+0530] {logging_mixin.py:188} INFO - [2024-04-08T00:38:27.796+0530] {dag.py:3036} INFO - Sync 1 DAGs
[2024-04-08T00:38:27.820+0530] {logging_mixin.py:188} INFO - [2024-04-08T00:38:27.820+0530] {dag.py:3823} INFO - Setting next_dagrun for example_dag_decorator to None, run_after=None
[2024-04-08T00:38:27.873+0530] {processor.py:183} INFO - Processing /home/lucky/.local/lib/python3.10/site-packages/airflow/example_dags/example_dag_decorator.py took 0.397 seconds
[2024-04-08T00:39:31.572+0530] {processor.py:161} INFO - Started process (PID=19124) to work on /home/lucky/.local/lib/python3.10/site-packages/airflow/example_dags/example_dag_decorator.py
[2024-04-08T00:39:31.577+0530] {processor.py:830} INFO - Processing file /home/lucky/.local/lib/python3.10/site-packages/airflow/example_dags/example_dag_decorator.py for tasks to queue
[2024-04-08T00:39:31.579+0530] {logging_mixin.py:188} INFO - [2024-04-08T00:39:31.578+0530] {dagbag.py:538} INFO - Filling up the DagBag from /home/lucky/.local/lib/python3.10/site-packages/airflow/example_dags/example_dag_decorator.py
[2024-04-08T00:39:31.740+0530] {processor.py:840} INFO - DAG(s) 'example_dag_decorator' retrieved from /home/lucky/.local/lib/python3.10/site-packages/airflow/example_dags/example_dag_decorator.py
[2024-04-08T00:39:31.793+0530] {logging_mixin.py:188} INFO - [2024-04-08T00:39:31.792+0530] {dag.py:3036} INFO - Sync 1 DAGs
[2024-04-08T00:39:31.818+0530] {logging_mixin.py:188} INFO - [2024-04-08T00:39:31.818+0530] {dag.py:3823} INFO - Setting next_dagrun for example_dag_decorator to None, run_after=None
[2024-04-08T00:39:31.868+0530] {processor.py:183} INFO - Processing /home/lucky/.local/lib/python3.10/site-packages/airflow/example_dags/example_dag_decorator.py took 0.300 seconds
[2024-04-08T00:40:39.960+0530] {processor.py:161} INFO - Started process (PID=20266) to work on /home/lucky/.local/lib/python3.10/site-packages/airflow/example_dags/example_dag_decorator.py
[2024-04-08T00:40:39.962+0530] {processor.py:830} INFO - Processing file /home/lucky/.local/lib/python3.10/site-packages/airflow/example_dags/example_dag_decorator.py for tasks to queue
[2024-04-08T00:40:39.963+0530] {logging_mixin.py:188} INFO - [2024-04-08T00:40:39.963+0530] {dagbag.py:538} INFO - Filling up the DagBag from /home/lucky/.local/lib/python3.10/site-packages/airflow/example_dags/example_dag_decorator.py
[2024-04-08T00:40:40.098+0530] {processor.py:840} INFO - DAG(s) 'example_dag_decorator' retrieved from /home/lucky/.local/lib/python3.10/site-packages/airflow/example_dags/example_dag_decorator.py
[2024-04-08T00:40:40.127+0530] {logging_mixin.py:188} INFO - [2024-04-08T00:40:40.126+0530] {dag.py:3036} INFO - Sync 1 DAGs
[2024-04-08T00:40:40.147+0530] {logging_mixin.py:188} INFO - [2024-04-08T00:40:40.146+0530] {dag.py:3823} INFO - Setting next_dagrun for example_dag_decorator to None, run_after=None
[2024-04-08T00:40:40.187+0530] {processor.py:183} INFO - Processing /home/lucky/.local/lib/python3.10/site-packages/airflow/example_dags/example_dag_decorator.py took 0.232 seconds
[2024-04-08T00:41:56.978+0530] {processor.py:161} INFO - Started process (PID=21470) to work on /home/lucky/.local/lib/python3.10/site-packages/airflow/example_dags/example_dag_decorator.py
[2024-04-08T00:41:56.982+0530] {processor.py:830} INFO - Processing file /home/lucky/.local/lib/python3.10/site-packages/airflow/example_dags/example_dag_decorator.py for tasks to queue
[2024-04-08T00:41:56.984+0530] {logging_mixin.py:188} INFO - [2024-04-08T00:41:56.983+0530] {dagbag.py:538} INFO - Filling up the DagBag from /home/lucky/.local/lib/python3.10/site-packages/airflow/example_dags/example_dag_decorator.py
[2024-04-08T00:41:57.158+0530] {processor.py:840} INFO - DAG(s) 'example_dag_decorator' retrieved from /home/lucky/.local/lib/python3.10/site-packages/airflow/example_dags/example_dag_decorator.py
[2024-04-08T00:41:57.186+0530] {logging_mixin.py:188} INFO - [2024-04-08T00:41:57.185+0530] {dag.py:3036} INFO - Sync 1 DAGs
[2024-04-08T00:41:57.202+0530] {logging_mixin.py:188} INFO - [2024-04-08T00:41:57.201+0530] {dag.py:3823} INFO - Setting next_dagrun for example_dag_decorator to None, run_after=None
[2024-04-08T00:41:57.261+0530] {processor.py:183} INFO - Processing /home/lucky/.local/lib/python3.10/site-packages/airflow/example_dags/example_dag_decorator.py took 0.290 seconds
[2024-04-08T00:42:59.699+0530] {processor.py:161} INFO - Started process (PID=22207) to work on /home/lucky/.local/lib/python3.10/site-packages/airflow/example_dags/example_dag_decorator.py
[2024-04-08T00:42:59.701+0530] {processor.py:830} INFO - Processing file /home/lucky/.local/lib/python3.10/site-packages/airflow/example_dags/example_dag_decorator.py for tasks to queue
[2024-04-08T00:42:59.703+0530] {logging_mixin.py:188} INFO - [2024-04-08T00:42:59.702+0530] {dagbag.py:538} INFO - Filling up the DagBag from /home/lucky/.local/lib/python3.10/site-packages/airflow/example_dags/example_dag_decorator.py
[2024-04-08T00:42:59.835+0530] {processor.py:840} INFO - DAG(s) 'example_dag_decorator' retrieved from /home/lucky/.local/lib/python3.10/site-packages/airflow/example_dags/example_dag_decorator.py
[2024-04-08T00:42:59.868+0530] {logging_mixin.py:188} INFO - [2024-04-08T00:42:59.868+0530] {dag.py:3036} INFO - Sync 1 DAGs
[2024-04-08T00:42:59.891+0530] {logging_mixin.py:188} INFO - [2024-04-08T00:42:59.890+0530] {dag.py:3823} INFO - Setting next_dagrun for example_dag_decorator to None, run_after=None
[2024-04-08T00:42:59.930+0530] {processor.py:183} INFO - Processing /home/lucky/.local/lib/python3.10/site-packages/airflow/example_dags/example_dag_decorator.py took 0.234 seconds
[2024-04-08T00:44:02.847+0530] {processor.py:161} INFO - Started process (PID=23273) to work on /home/lucky/.local/lib/python3.10/site-packages/airflow/example_dags/example_dag_decorator.py
[2024-04-08T00:44:02.860+0530] {processor.py:830} INFO - Processing file /home/lucky/.local/lib/python3.10/site-packages/airflow/example_dags/example_dag_decorator.py for tasks to queue
[2024-04-08T00:44:02.862+0530] {logging_mixin.py:188} INFO - [2024-04-08T00:44:02.861+0530] {dagbag.py:538} INFO - Filling up the DagBag from /home/lucky/.local/lib/python3.10/site-packages/airflow/example_dags/example_dag_decorator.py
[2024-04-08T00:44:02.973+0530] {processor.py:840} INFO - DAG(s) 'example_dag_decorator' retrieved from /home/lucky/.local/lib/python3.10/site-packages/airflow/example_dags/example_dag_decorator.py
[2024-04-08T00:44:03.186+0530] {logging_mixin.py:188} INFO - [2024-04-08T00:44:03.186+0530] {dag.py:3036} INFO - Sync 1 DAGs
[2024-04-08T00:44:03.200+0530] {logging_mixin.py:188} INFO - [2024-04-08T00:44:03.199+0530] {dag.py:3823} INFO - Setting next_dagrun for example_dag_decorator to None, run_after=None
[2024-04-08T00:44:03.237+0530] {processor.py:183} INFO - Processing /home/lucky/.local/lib/python3.10/site-packages/airflow/example_dags/example_dag_decorator.py took 0.394 seconds
[2024-04-08T00:44:55.484+0530] {processor.py:161} INFO - Started process (PID=24045) to work on /home/lucky/.local/lib/python3.10/site-packages/airflow/example_dags/example_dag_decorator.py
[2024-04-08T00:44:55.488+0530] {processor.py:830} INFO - Processing file /home/lucky/.local/lib/python3.10/site-packages/airflow/example_dags/example_dag_decorator.py for tasks to queue
[2024-04-08T00:44:55.493+0530] {logging_mixin.py:188} INFO - [2024-04-08T00:44:55.489+0530] {dagbag.py:538} INFO - Filling up the DagBag from /home/lucky/.local/lib/python3.10/site-packages/airflow/example_dags/example_dag_decorator.py
[2024-04-08T00:44:55.857+0530] {processor.py:840} INFO - DAG(s) 'example_dag_decorator' retrieved from /home/lucky/.local/lib/python3.10/site-packages/airflow/example_dags/example_dag_decorator.py
[2024-04-08T00:44:55.918+0530] {logging_mixin.py:188} INFO - [2024-04-08T00:44:55.917+0530] {dag.py:3036} INFO - Sync 1 DAGs
[2024-04-08T00:44:55.959+0530] {logging_mixin.py:188} INFO - [2024-04-08T00:44:55.958+0530] {dag.py:3823} INFO - Setting next_dagrun for example_dag_decorator to None, run_after=None
[2024-04-08T00:44:56.017+0530] {processor.py:183} INFO - Processing /home/lucky/.local/lib/python3.10/site-packages/airflow/example_dags/example_dag_decorator.py took 0.539 seconds
[2024-04-08T00:46:15.705+0530] {processor.py:161} INFO - Started process (PID=25141) to work on /home/lucky/.local/lib/python3.10/site-packages/airflow/example_dags/example_dag_decorator.py
[2024-04-08T00:46:15.707+0530] {processor.py:830} INFO - Processing file /home/lucky/.local/lib/python3.10/site-packages/airflow/example_dags/example_dag_decorator.py for tasks to queue
[2024-04-08T00:46:15.708+0530] {logging_mixin.py:188} INFO - [2024-04-08T00:46:15.708+0530] {dagbag.py:538} INFO - Filling up the DagBag from /home/lucky/.local/lib/python3.10/site-packages/airflow/example_dags/example_dag_decorator.py
[2024-04-08T00:46:15.802+0530] {processor.py:840} INFO - DAG(s) 'example_dag_decorator' retrieved from /home/lucky/.local/lib/python3.10/site-packages/airflow/example_dags/example_dag_decorator.py
[2024-04-08T00:46:15.937+0530] {logging_mixin.py:188} INFO - [2024-04-08T00:46:15.937+0530] {dag.py:3036} INFO - Sync 1 DAGs
[2024-04-08T00:46:15.948+0530] {logging_mixin.py:188} INFO - [2024-04-08T00:46:15.948+0530] {dag.py:3823} INFO - Setting next_dagrun for example_dag_decorator to None, run_after=None
[2024-04-08T00:46:15.976+0530] {processor.py:183} INFO - Processing /home/lucky/.local/lib/python3.10/site-packages/airflow/example_dags/example_dag_decorator.py took 0.274 seconds
[2024-04-08T00:47:10.614+0530] {processor.py:161} INFO - Started process (PID=26103) to work on /home/lucky/.local/lib/python3.10/site-packages/airflow/example_dags/example_dag_decorator.py
[2024-04-08T00:47:10.616+0530] {processor.py:830} INFO - Processing file /home/lucky/.local/lib/python3.10/site-packages/airflow/example_dags/example_dag_decorator.py for tasks to queue
[2024-04-08T00:47:10.617+0530] {logging_mixin.py:188} INFO - [2024-04-08T00:47:10.616+0530] {dagbag.py:538} INFO - Filling up the DagBag from /home/lucky/.local/lib/python3.10/site-packages/airflow/example_dags/example_dag_decorator.py
[2024-04-08T00:47:10.747+0530] {processor.py:840} INFO - DAG(s) 'example_dag_decorator' retrieved from /home/lucky/.local/lib/python3.10/site-packages/airflow/example_dags/example_dag_decorator.py
[2024-04-08T00:47:10.896+0530] {logging_mixin.py:188} INFO - [2024-04-08T00:47:10.895+0530] {dag.py:3036} INFO - Sync 1 DAGs
[2024-04-08T00:47:10.910+0530] {logging_mixin.py:188} INFO - [2024-04-08T00:47:10.910+0530] {dag.py:3823} INFO - Setting next_dagrun for example_dag_decorator to None, run_after=None
[2024-04-08T00:47:10.946+0530] {processor.py:183} INFO - Processing /home/lucky/.local/lib/python3.10/site-packages/airflow/example_dags/example_dag_decorator.py took 0.335 seconds
[2024-04-08T00:48:23.558+0530] {processor.py:161} INFO - Started process (PID=27243) to work on /home/lucky/.local/lib/python3.10/site-packages/airflow/example_dags/example_dag_decorator.py
[2024-04-08T00:48:23.569+0530] {processor.py:830} INFO - Processing file /home/lucky/.local/lib/python3.10/site-packages/airflow/example_dags/example_dag_decorator.py for tasks to queue
[2024-04-08T00:48:23.570+0530] {logging_mixin.py:188} INFO - [2024-04-08T00:48:23.570+0530] {dagbag.py:538} INFO - Filling up the DagBag from /home/lucky/.local/lib/python3.10/site-packages/airflow/example_dags/example_dag_decorator.py
[2024-04-08T00:48:23.677+0530] {processor.py:840} INFO - DAG(s) 'example_dag_decorator' retrieved from /home/lucky/.local/lib/python3.10/site-packages/airflow/example_dags/example_dag_decorator.py
[2024-04-08T00:48:23.811+0530] {logging_mixin.py:188} INFO - [2024-04-08T00:48:23.810+0530] {dag.py:3036} INFO - Sync 1 DAGs
[2024-04-08T00:48:23.822+0530] {logging_mixin.py:188} INFO - [2024-04-08T00:48:23.822+0530] {dag.py:3823} INFO - Setting next_dagrun for example_dag_decorator to None, run_after=None
[2024-04-08T00:48:23.874+0530] {processor.py:183} INFO - Processing /home/lucky/.local/lib/python3.10/site-packages/airflow/example_dags/example_dag_decorator.py took 0.319 seconds
[2024-04-08T00:49:35.047+0530] {processor.py:161} INFO - Started process (PID=28367) to work on /home/lucky/.local/lib/python3.10/site-packages/airflow/example_dags/example_dag_decorator.py
[2024-04-08T00:49:35.048+0530] {processor.py:830} INFO - Processing file /home/lucky/.local/lib/python3.10/site-packages/airflow/example_dags/example_dag_decorator.py for tasks to queue
[2024-04-08T00:49:35.049+0530] {logging_mixin.py:188} INFO - [2024-04-08T00:49:35.049+0530] {dagbag.py:538} INFO - Filling up the DagBag from /home/lucky/.local/lib/python3.10/site-packages/airflow/example_dags/example_dag_decorator.py
[2024-04-08T00:49:35.134+0530] {processor.py:840} INFO - DAG(s) 'example_dag_decorator' retrieved from /home/lucky/.local/lib/python3.10/site-packages/airflow/example_dags/example_dag_decorator.py
[2024-04-08T00:49:35.231+0530] {logging_mixin.py:188} INFO - [2024-04-08T00:49:35.230+0530] {dag.py:3036} INFO - Sync 1 DAGs
[2024-04-08T00:49:35.241+0530] {logging_mixin.py:188} INFO - [2024-04-08T00:49:35.241+0530] {dag.py:3823} INFO - Setting next_dagrun for example_dag_decorator to None, run_after=None
[2024-04-08T00:49:35.267+0530] {processor.py:183} INFO - Processing /home/lucky/.local/lib/python3.10/site-packages/airflow/example_dags/example_dag_decorator.py took 0.223 seconds
[2024-04-08T00:50:48.936+0530] {processor.py:161} INFO - Started process (PID=29533) to work on /home/lucky/.local/lib/python3.10/site-packages/airflow/example_dags/example_dag_decorator.py
[2024-04-08T00:50:48.937+0530] {processor.py:830} INFO - Processing file /home/lucky/.local/lib/python3.10/site-packages/airflow/example_dags/example_dag_decorator.py for tasks to queue
[2024-04-08T00:50:48.938+0530] {logging_mixin.py:188} INFO - [2024-04-08T00:50:48.938+0530] {dagbag.py:538} INFO - Filling up the DagBag from /home/lucky/.local/lib/python3.10/site-packages/airflow/example_dags/example_dag_decorator.py
[2024-04-08T00:50:49.044+0530] {processor.py:840} INFO - DAG(s) 'example_dag_decorator' retrieved from /home/lucky/.local/lib/python3.10/site-packages/airflow/example_dags/example_dag_decorator.py
[2024-04-08T00:50:49.177+0530] {logging_mixin.py:188} INFO - [2024-04-08T00:50:49.177+0530] {dag.py:3036} INFO - Sync 1 DAGs
[2024-04-08T00:50:49.189+0530] {logging_mixin.py:188} INFO - [2024-04-08T00:50:49.189+0530] {dag.py:3823} INFO - Setting next_dagrun for example_dag_decorator to None, run_after=None
[2024-04-08T00:50:49.224+0530] {processor.py:183} INFO - Processing /home/lucky/.local/lib/python3.10/site-packages/airflow/example_dags/example_dag_decorator.py took 0.291 seconds
[2024-04-08T00:51:44.996+0530] {processor.py:161} INFO - Started process (PID=30228) to work on /home/lucky/.local/lib/python3.10/site-packages/airflow/example_dags/example_dag_decorator.py
[2024-04-08T00:51:44.997+0530] {processor.py:830} INFO - Processing file /home/lucky/.local/lib/python3.10/site-packages/airflow/example_dags/example_dag_decorator.py for tasks to queue
[2024-04-08T00:51:44.999+0530] {logging_mixin.py:188} INFO - [2024-04-08T00:51:44.998+0530] {dagbag.py:538} INFO - Filling up the DagBag from /home/lucky/.local/lib/python3.10/site-packages/airflow/example_dags/example_dag_decorator.py
[2024-04-08T00:51:45.162+0530] {processor.py:840} INFO - DAG(s) 'example_dag_decorator' retrieved from /home/lucky/.local/lib/python3.10/site-packages/airflow/example_dags/example_dag_decorator.py
[2024-04-08T00:51:45.447+0530] {logging_mixin.py:188} INFO - [2024-04-08T00:51:45.446+0530] {dag.py:3036} INFO - Sync 1 DAGs
[2024-04-08T00:51:45.480+0530] {logging_mixin.py:188} INFO - [2024-04-08T00:51:45.479+0530] {dag.py:3823} INFO - Setting next_dagrun for example_dag_decorator to None, run_after=None
[2024-04-08T00:51:45.533+0530] {processor.py:183} INFO - Processing /home/lucky/.local/lib/python3.10/site-packages/airflow/example_dags/example_dag_decorator.py took 0.541 seconds
[2024-04-08T00:52:40.379+0530] {processor.py:161} INFO - Started process (PID=31097) to work on /home/lucky/.local/lib/python3.10/site-packages/airflow/example_dags/example_dag_decorator.py
[2024-04-08T00:52:40.380+0530] {processor.py:830} INFO - Processing file /home/lucky/.local/lib/python3.10/site-packages/airflow/example_dags/example_dag_decorator.py for tasks to queue
[2024-04-08T00:52:40.381+0530] {logging_mixin.py:188} INFO - [2024-04-08T00:52:40.381+0530] {dagbag.py:538} INFO - Filling up the DagBag from /home/lucky/.local/lib/python3.10/site-packages/airflow/example_dags/example_dag_decorator.py
[2024-04-08T00:52:40.478+0530] {processor.py:840} INFO - DAG(s) 'example_dag_decorator' retrieved from /home/lucky/.local/lib/python3.10/site-packages/airflow/example_dags/example_dag_decorator.py
[2024-04-08T00:52:40.578+0530] {logging_mixin.py:188} INFO - [2024-04-08T00:52:40.578+0530] {dag.py:3036} INFO - Sync 1 DAGs
[2024-04-08T00:52:40.588+0530] {logging_mixin.py:188} INFO - [2024-04-08T00:52:40.587+0530] {dag.py:3823} INFO - Setting next_dagrun for example_dag_decorator to None, run_after=None
[2024-04-08T00:52:40.612+0530] {processor.py:183} INFO - Processing /home/lucky/.local/lib/python3.10/site-packages/airflow/example_dags/example_dag_decorator.py took 0.237 seconds
[2024-04-08T00:53:38.395+0530] {processor.py:161} INFO - Started process (PID=31807) to work on /home/lucky/.local/lib/python3.10/site-packages/airflow/example_dags/example_dag_decorator.py
[2024-04-08T00:53:38.396+0530] {processor.py:830} INFO - Processing file /home/lucky/.local/lib/python3.10/site-packages/airflow/example_dags/example_dag_decorator.py for tasks to queue
[2024-04-08T00:53:38.397+0530] {logging_mixin.py:188} INFO - [2024-04-08T00:53:38.397+0530] {dagbag.py:538} INFO - Filling up the DagBag from /home/lucky/.local/lib/python3.10/site-packages/airflow/example_dags/example_dag_decorator.py
[2024-04-08T00:53:38.478+0530] {processor.py:840} INFO - DAG(s) 'example_dag_decorator' retrieved from /home/lucky/.local/lib/python3.10/site-packages/airflow/example_dags/example_dag_decorator.py
[2024-04-08T00:53:38.571+0530] {logging_mixin.py:188} INFO - [2024-04-08T00:53:38.571+0530] {dag.py:3036} INFO - Sync 1 DAGs
[2024-04-08T00:53:38.581+0530] {logging_mixin.py:188} INFO - [2024-04-08T00:53:38.581+0530] {dag.py:3823} INFO - Setting next_dagrun for example_dag_decorator to None, run_after=None
[2024-04-08T00:53:38.608+0530] {processor.py:183} INFO - Processing /home/lucky/.local/lib/python3.10/site-packages/airflow/example_dags/example_dag_decorator.py took 0.216 seconds
[2024-04-08T00:54:33.027+0530] {processor.py:161} INFO - Started process (PID=32725) to work on /home/lucky/.local/lib/python3.10/site-packages/airflow/example_dags/example_dag_decorator.py
[2024-04-08T00:54:33.030+0530] {processor.py:830} INFO - Processing file /home/lucky/.local/lib/python3.10/site-packages/airflow/example_dags/example_dag_decorator.py for tasks to queue
[2024-04-08T00:54:33.031+0530] {logging_mixin.py:188} INFO - [2024-04-08T00:54:33.030+0530] {dagbag.py:538} INFO - Filling up the DagBag from /home/lucky/.local/lib/python3.10/site-packages/airflow/example_dags/example_dag_decorator.py
[2024-04-08T00:54:33.138+0530] {processor.py:840} INFO - DAG(s) 'example_dag_decorator' retrieved from /home/lucky/.local/lib/python3.10/site-packages/airflow/example_dags/example_dag_decorator.py
[2024-04-08T00:54:33.242+0530] {logging_mixin.py:188} INFO - [2024-04-08T00:54:33.241+0530] {dag.py:3036} INFO - Sync 1 DAGs
[2024-04-08T00:54:33.252+0530] {logging_mixin.py:188} INFO - [2024-04-08T00:54:33.252+0530] {dag.py:3823} INFO - Setting next_dagrun for example_dag_decorator to None, run_after=None
[2024-04-08T00:54:33.282+0530] {processor.py:183} INFO - Processing /home/lucky/.local/lib/python3.10/site-packages/airflow/example_dags/example_dag_decorator.py took 0.258 seconds
[2024-04-08T00:55:48.139+0530] {processor.py:161} INFO - Started process (PID=33944) to work on /home/lucky/.local/lib/python3.10/site-packages/airflow/example_dags/example_dag_decorator.py
[2024-04-08T00:55:48.141+0530] {processor.py:830} INFO - Processing file /home/lucky/.local/lib/python3.10/site-packages/airflow/example_dags/example_dag_decorator.py for tasks to queue
[2024-04-08T00:55:48.142+0530] {logging_mixin.py:188} INFO - [2024-04-08T00:55:48.142+0530] {dagbag.py:538} INFO - Filling up the DagBag from /home/lucky/.local/lib/python3.10/site-packages/airflow/example_dags/example_dag_decorator.py
[2024-04-08T00:55:48.226+0530] {processor.py:840} INFO - DAG(s) 'example_dag_decorator' retrieved from /home/lucky/.local/lib/python3.10/site-packages/airflow/example_dags/example_dag_decorator.py
[2024-04-08T00:55:48.321+0530] {logging_mixin.py:188} INFO - [2024-04-08T00:55:48.320+0530] {dag.py:3036} INFO - Sync 1 DAGs
[2024-04-08T00:55:48.331+0530] {logging_mixin.py:188} INFO - [2024-04-08T00:55:48.331+0530] {dag.py:3823} INFO - Setting next_dagrun for example_dag_decorator to None, run_after=None
[2024-04-08T00:55:48.463+0530] {processor.py:183} INFO - Processing /home/lucky/.local/lib/python3.10/site-packages/airflow/example_dags/example_dag_decorator.py took 0.327 seconds
[2024-04-08T00:56:54.910+0530] {processor.py:161} INFO - Started process (PID=35019) to work on /home/lucky/.local/lib/python3.10/site-packages/airflow/example_dags/example_dag_decorator.py
[2024-04-08T00:56:54.912+0530] {processor.py:830} INFO - Processing file /home/lucky/.local/lib/python3.10/site-packages/airflow/example_dags/example_dag_decorator.py for tasks to queue
[2024-04-08T00:56:54.913+0530] {logging_mixin.py:188} INFO - [2024-04-08T00:56:54.912+0530] {dagbag.py:538} INFO - Filling up the DagBag from /home/lucky/.local/lib/python3.10/site-packages/airflow/example_dags/example_dag_decorator.py
[2024-04-08T00:56:55.028+0530] {processor.py:840} INFO - DAG(s) 'example_dag_decorator' retrieved from /home/lucky/.local/lib/python3.10/site-packages/airflow/example_dags/example_dag_decorator.py
[2024-04-08T00:56:55.123+0530] {logging_mixin.py:188} INFO - [2024-04-08T00:56:55.123+0530] {dag.py:3036} INFO - Sync 1 DAGs
[2024-04-08T00:56:55.232+0530] {logging_mixin.py:188} INFO - [2024-04-08T00:56:55.231+0530] {dag.py:3823} INFO - Setting next_dagrun for example_dag_decorator to None, run_after=None
[2024-04-08T00:56:55.255+0530] {processor.py:183} INFO - Processing /home/lucky/.local/lib/python3.10/site-packages/airflow/example_dags/example_dag_decorator.py took 0.349 seconds
[2024-04-08T00:58:27.309+0530] {processor.py:161} INFO - Started process (PID=36393) to work on /home/lucky/.local/lib/python3.10/site-packages/airflow/example_dags/example_dag_decorator.py
[2024-04-08T00:58:27.313+0530] {processor.py:830} INFO - Processing file /home/lucky/.local/lib/python3.10/site-packages/airflow/example_dags/example_dag_decorator.py for tasks to queue
[2024-04-08T00:58:27.316+0530] {logging_mixin.py:188} INFO - [2024-04-08T00:58:27.315+0530] {dagbag.py:538} INFO - Filling up the DagBag from /home/lucky/.local/lib/python3.10/site-packages/airflow/example_dags/example_dag_decorator.py
[2024-04-08T00:58:27.607+0530] {processor.py:840} INFO - DAG(s) 'example_dag_decorator' retrieved from /home/lucky/.local/lib/python3.10/site-packages/airflow/example_dags/example_dag_decorator.py
[2024-04-08T00:58:27.890+0530] {logging_mixin.py:188} INFO - [2024-04-08T00:58:27.889+0530] {dag.py:3036} INFO - Sync 1 DAGs
[2024-04-08T00:58:28.790+0530] {logging_mixin.py:188} INFO - [2024-04-08T00:58:28.789+0530] {dag.py:3823} INFO - Setting next_dagrun for example_dag_decorator to None, run_after=None
[2024-04-08T00:58:28.820+0530] {processor.py:183} INFO - Processing /home/lucky/.local/lib/python3.10/site-packages/airflow/example_dags/example_dag_decorator.py took 1.516 seconds
[2024-04-08T00:59:29.061+0530] {processor.py:161} INFO - Started process (PID=37139) to work on /home/lucky/.local/lib/python3.10/site-packages/airflow/example_dags/example_dag_decorator.py
[2024-04-08T00:59:29.062+0530] {processor.py:830} INFO - Processing file /home/lucky/.local/lib/python3.10/site-packages/airflow/example_dags/example_dag_decorator.py for tasks to queue
[2024-04-08T00:59:29.064+0530] {logging_mixin.py:188} INFO - [2024-04-08T00:59:29.063+0530] {dagbag.py:538} INFO - Filling up the DagBag from /home/lucky/.local/lib/python3.10/site-packages/airflow/example_dags/example_dag_decorator.py
[2024-04-08T00:59:29.170+0530] {processor.py:840} INFO - DAG(s) 'example_dag_decorator' retrieved from /home/lucky/.local/lib/python3.10/site-packages/airflow/example_dags/example_dag_decorator.py
[2024-04-08T00:59:29.267+0530] {logging_mixin.py:188} INFO - [2024-04-08T00:59:29.267+0530] {dag.py:3036} INFO - Sync 1 DAGs
[2024-04-08T00:59:29.277+0530] {logging_mixin.py:188} INFO - [2024-04-08T00:59:29.277+0530] {dag.py:3823} INFO - Setting next_dagrun for example_dag_decorator to None, run_after=None
[2024-04-08T00:59:29.304+0530] {processor.py:183} INFO - Processing /home/lucky/.local/lib/python3.10/site-packages/airflow/example_dags/example_dag_decorator.py took 0.247 seconds
[2024-04-08T01:18:29.019+0530] {processor.py:161} INFO - Started process (PID=55020) to work on /home/lucky/.local/lib/python3.10/site-packages/airflow/example_dags/example_dag_decorator.py
[2024-04-08T01:18:29.021+0530] {processor.py:830} INFO - Processing file /home/lucky/.local/lib/python3.10/site-packages/airflow/example_dags/example_dag_decorator.py for tasks to queue
[2024-04-08T01:18:29.022+0530] {logging_mixin.py:188} INFO - [2024-04-08T01:18:29.022+0530] {dagbag.py:538} INFO - Filling up the DagBag from /home/lucky/.local/lib/python3.10/site-packages/airflow/example_dags/example_dag_decorator.py
[2024-04-08T01:18:29.105+0530] {processor.py:840} INFO - DAG(s) 'example_dag_decorator' retrieved from /home/lucky/.local/lib/python3.10/site-packages/airflow/example_dags/example_dag_decorator.py
[2024-04-08T01:18:29.250+0530] {logging_mixin.py:188} INFO - [2024-04-08T01:18:29.250+0530] {dag.py:3036} INFO - Sync 1 DAGs
[2024-04-08T01:18:29.260+0530] {logging_mixin.py:188} INFO - [2024-04-08T01:18:29.259+0530] {dag.py:3823} INFO - Setting next_dagrun for example_dag_decorator to None, run_after=None
[2024-04-08T01:18:29.282+0530] {processor.py:183} INFO - Processing /home/lucky/.local/lib/python3.10/site-packages/airflow/example_dags/example_dag_decorator.py took 0.266 seconds
[2024-04-08T01:19:24.583+0530] {processor.py:161} INFO - Started process (PID=55641) to work on /home/lucky/.local/lib/python3.10/site-packages/airflow/example_dags/example_dag_decorator.py
[2024-04-08T01:19:24.584+0530] {processor.py:830} INFO - Processing file /home/lucky/.local/lib/python3.10/site-packages/airflow/example_dags/example_dag_decorator.py for tasks to queue
[2024-04-08T01:19:24.586+0530] {logging_mixin.py:188} INFO - [2024-04-08T01:19:24.585+0530] {dagbag.py:538} INFO - Filling up the DagBag from /home/lucky/.local/lib/python3.10/site-packages/airflow/example_dags/example_dag_decorator.py
[2024-04-08T01:19:24.659+0530] {processor.py:840} INFO - DAG(s) 'example_dag_decorator' retrieved from /home/lucky/.local/lib/python3.10/site-packages/airflow/example_dags/example_dag_decorator.py
[2024-04-08T01:19:24.743+0530] {logging_mixin.py:188} INFO - [2024-04-08T01:19:24.743+0530] {dag.py:3036} INFO - Sync 1 DAGs
[2024-04-08T01:19:24.752+0530] {logging_mixin.py:188} INFO - [2024-04-08T01:19:24.752+0530] {dag.py:3823} INFO - Setting next_dagrun for example_dag_decorator to None, run_after=None
[2024-04-08T01:19:24.774+0530] {processor.py:183} INFO - Processing /home/lucky/.local/lib/python3.10/site-packages/airflow/example_dags/example_dag_decorator.py took 0.194 seconds
[2024-04-08T01:20:32.341+0530] {processor.py:161} INFO - Started process (PID=56771) to work on /home/lucky/.local/lib/python3.10/site-packages/airflow/example_dags/example_dag_decorator.py
[2024-04-08T01:20:32.344+0530] {processor.py:830} INFO - Processing file /home/lucky/.local/lib/python3.10/site-packages/airflow/example_dags/example_dag_decorator.py for tasks to queue
[2024-04-08T01:20:32.348+0530] {logging_mixin.py:188} INFO - [2024-04-08T01:20:32.345+0530] {dagbag.py:538} INFO - Filling up the DagBag from /home/lucky/.local/lib/python3.10/site-packages/airflow/example_dags/example_dag_decorator.py
[2024-04-08T01:20:32.496+0530] {processor.py:840} INFO - DAG(s) 'example_dag_decorator' retrieved from /home/lucky/.local/lib/python3.10/site-packages/airflow/example_dags/example_dag_decorator.py
[2024-04-08T01:20:32.673+0530] {logging_mixin.py:188} INFO - [2024-04-08T01:20:32.673+0530] {dag.py:3036} INFO - Sync 1 DAGs
[2024-04-08T01:20:32.684+0530] {logging_mixin.py:188} INFO - [2024-04-08T01:20:32.684+0530] {dag.py:3823} INFO - Setting next_dagrun for example_dag_decorator to None, run_after=None
[2024-04-08T01:20:32.713+0530] {processor.py:183} INFO - Processing /home/lucky/.local/lib/python3.10/site-packages/airflow/example_dags/example_dag_decorator.py took 0.377 seconds
[2024-04-08T01:21:49.130+0530] {processor.py:161} INFO - Started process (PID=57949) to work on /home/lucky/.local/lib/python3.10/site-packages/airflow/example_dags/example_dag_decorator.py
[2024-04-08T01:21:49.131+0530] {processor.py:830} INFO - Processing file /home/lucky/.local/lib/python3.10/site-packages/airflow/example_dags/example_dag_decorator.py for tasks to queue
[2024-04-08T01:21:49.132+0530] {logging_mixin.py:188} INFO - [2024-04-08T01:21:49.132+0530] {dagbag.py:538} INFO - Filling up the DagBag from /home/lucky/.local/lib/python3.10/site-packages/airflow/example_dags/example_dag_decorator.py
[2024-04-08T01:21:49.272+0530] {processor.py:840} INFO - DAG(s) 'example_dag_decorator' retrieved from /home/lucky/.local/lib/python3.10/site-packages/airflow/example_dags/example_dag_decorator.py
[2024-04-08T01:21:49.413+0530] {logging_mixin.py:188} INFO - [2024-04-08T01:21:49.413+0530] {dag.py:3036} INFO - Sync 1 DAGs
[2024-04-08T01:21:49.425+0530] {logging_mixin.py:188} INFO - [2024-04-08T01:21:49.424+0530] {dag.py:3823} INFO - Setting next_dagrun for example_dag_decorator to None, run_after=None
[2024-04-08T01:21:49.459+0530] {processor.py:183} INFO - Processing /home/lucky/.local/lib/python3.10/site-packages/airflow/example_dags/example_dag_decorator.py took 0.332 seconds
[2024-04-08T01:23:03.698+0530] {processor.py:161} INFO - Started process (PID=59109) to work on /home/lucky/.local/lib/python3.10/site-packages/airflow/example_dags/example_dag_decorator.py
[2024-04-08T01:23:03.699+0530] {processor.py:830} INFO - Processing file /home/lucky/.local/lib/python3.10/site-packages/airflow/example_dags/example_dag_decorator.py for tasks to queue
[2024-04-08T01:23:03.700+0530] {logging_mixin.py:188} INFO - [2024-04-08T01:23:03.700+0530] {dagbag.py:538} INFO - Filling up the DagBag from /home/lucky/.local/lib/python3.10/site-packages/airflow/example_dags/example_dag_decorator.py
[2024-04-08T01:23:03.779+0530] {processor.py:840} INFO - DAG(s) 'example_dag_decorator' retrieved from /home/lucky/.local/lib/python3.10/site-packages/airflow/example_dags/example_dag_decorator.py
[2024-04-08T01:23:03.912+0530] {logging_mixin.py:188} INFO - [2024-04-08T01:23:03.912+0530] {dag.py:3036} INFO - Sync 1 DAGs
[2024-04-08T01:23:03.920+0530] {logging_mixin.py:188} INFO - [2024-04-08T01:23:03.919+0530] {dag.py:3823} INFO - Setting next_dagrun for example_dag_decorator to None, run_after=None
[2024-04-08T01:23:03.945+0530] {processor.py:183} INFO - Processing /home/lucky/.local/lib/python3.10/site-packages/airflow/example_dags/example_dag_decorator.py took 0.251 seconds
[2024-04-08T01:24:12.330+0530] {processor.py:161} INFO - Started process (PID=60243) to work on /home/lucky/.local/lib/python3.10/site-packages/airflow/example_dags/example_dag_decorator.py
[2024-04-08T01:24:12.333+0530] {processor.py:830} INFO - Processing file /home/lucky/.local/lib/python3.10/site-packages/airflow/example_dags/example_dag_decorator.py for tasks to queue
[2024-04-08T01:24:12.334+0530] {logging_mixin.py:188} INFO - [2024-04-08T01:24:12.334+0530] {dagbag.py:538} INFO - Filling up the DagBag from /home/lucky/.local/lib/python3.10/site-packages/airflow/example_dags/example_dag_decorator.py
[2024-04-08T01:24:12.459+0530] {processor.py:840} INFO - DAG(s) 'example_dag_decorator' retrieved from /home/lucky/.local/lib/python3.10/site-packages/airflow/example_dags/example_dag_decorator.py
[2024-04-08T01:24:12.639+0530] {logging_mixin.py:188} INFO - [2024-04-08T01:24:12.638+0530] {dag.py:3036} INFO - Sync 1 DAGs
[2024-04-08T01:24:12.652+0530] {logging_mixin.py:188} INFO - [2024-04-08T01:24:12.652+0530] {dag.py:3823} INFO - Setting next_dagrun for example_dag_decorator to None, run_after=None
[2024-04-08T01:24:12.695+0530] {processor.py:183} INFO - Processing /home/lucky/.local/lib/python3.10/site-packages/airflow/example_dags/example_dag_decorator.py took 0.368 seconds
[2024-04-08T01:25:23.581+0530] {processor.py:161} INFO - Started process (PID=61115) to work on /home/lucky/.local/lib/python3.10/site-packages/airflow/example_dags/example_dag_decorator.py
[2024-04-08T01:25:23.583+0530] {processor.py:830} INFO - Processing file /home/lucky/.local/lib/python3.10/site-packages/airflow/example_dags/example_dag_decorator.py for tasks to queue
[2024-04-08T01:25:23.583+0530] {logging_mixin.py:188} INFO - [2024-04-08T01:25:23.583+0530] {dagbag.py:538} INFO - Filling up the DagBag from /home/lucky/.local/lib/python3.10/site-packages/airflow/example_dags/example_dag_decorator.py
[2024-04-08T01:25:23.650+0530] {processor.py:840} INFO - DAG(s) 'example_dag_decorator' retrieved from /home/lucky/.local/lib/python3.10/site-packages/airflow/example_dags/example_dag_decorator.py
[2024-04-08T01:25:23.730+0530] {logging_mixin.py:188} INFO - [2024-04-08T01:25:23.730+0530] {dag.py:3036} INFO - Sync 1 DAGs
[2024-04-08T01:25:23.738+0530] {logging_mixin.py:188} INFO - [2024-04-08T01:25:23.738+0530] {dag.py:3823} INFO - Setting next_dagrun for example_dag_decorator to None, run_after=None
[2024-04-08T01:25:23.760+0530] {processor.py:183} INFO - Processing /home/lucky/.local/lib/python3.10/site-packages/airflow/example_dags/example_dag_decorator.py took 0.182 seconds
[2024-04-08T01:26:33.068+0530] {processor.py:161} INFO - Started process (PID=62220) to work on /home/lucky/.local/lib/python3.10/site-packages/airflow/example_dags/example_dag_decorator.py
[2024-04-08T01:26:33.070+0530] {processor.py:830} INFO - Processing file /home/lucky/.local/lib/python3.10/site-packages/airflow/example_dags/example_dag_decorator.py for tasks to queue
[2024-04-08T01:26:33.072+0530] {logging_mixin.py:188} INFO - [2024-04-08T01:26:33.072+0530] {dagbag.py:538} INFO - Filling up the DagBag from /home/lucky/.local/lib/python3.10/site-packages/airflow/example_dags/example_dag_decorator.py
[2024-04-08T01:26:33.222+0530] {processor.py:840} INFO - DAG(s) 'example_dag_decorator' retrieved from /home/lucky/.local/lib/python3.10/site-packages/airflow/example_dags/example_dag_decorator.py
[2024-04-08T01:26:33.344+0530] {logging_mixin.py:188} INFO - [2024-04-08T01:26:33.343+0530] {dag.py:3036} INFO - Sync 1 DAGs
[2024-04-08T01:26:33.354+0530] {logging_mixin.py:188} INFO - [2024-04-08T01:26:33.354+0530] {dag.py:3823} INFO - Setting next_dagrun for example_dag_decorator to None, run_after=None
[2024-04-08T01:26:33.379+0530] {processor.py:183} INFO - Processing /home/lucky/.local/lib/python3.10/site-packages/airflow/example_dags/example_dag_decorator.py took 0.316 seconds
[2024-04-08T01:27:48.416+0530] {processor.py:161} INFO - Started process (PID=63370) to work on /home/lucky/.local/lib/python3.10/site-packages/airflow/example_dags/example_dag_decorator.py
[2024-04-08T01:27:48.418+0530] {processor.py:830} INFO - Processing file /home/lucky/.local/lib/python3.10/site-packages/airflow/example_dags/example_dag_decorator.py for tasks to queue
[2024-04-08T01:27:48.419+0530] {logging_mixin.py:188} INFO - [2024-04-08T01:27:48.419+0530] {dagbag.py:538} INFO - Filling up the DagBag from /home/lucky/.local/lib/python3.10/site-packages/airflow/example_dags/example_dag_decorator.py
[2024-04-08T01:27:48.499+0530] {processor.py:840} INFO - DAG(s) 'example_dag_decorator' retrieved from /home/lucky/.local/lib/python3.10/site-packages/airflow/example_dags/example_dag_decorator.py
[2024-04-08T01:27:48.592+0530] {logging_mixin.py:188} INFO - [2024-04-08T01:27:48.592+0530] {dag.py:3036} INFO - Sync 1 DAGs
[2024-04-08T01:27:48.603+0530] {logging_mixin.py:188} INFO - [2024-04-08T01:27:48.602+0530] {dag.py:3823} INFO - Setting next_dagrun for example_dag_decorator to None, run_after=None
[2024-04-08T01:27:48.626+0530] {processor.py:183} INFO - Processing /home/lucky/.local/lib/python3.10/site-packages/airflow/example_dags/example_dag_decorator.py took 0.215 seconds
[2024-04-08T01:29:02.864+0530] {processor.py:161} INFO - Started process (PID=64569) to work on /home/lucky/.local/lib/python3.10/site-packages/airflow/example_dags/example_dag_decorator.py
[2024-04-08T01:29:02.865+0530] {processor.py:830} INFO - Processing file /home/lucky/.local/lib/python3.10/site-packages/airflow/example_dags/example_dag_decorator.py for tasks to queue
[2024-04-08T01:29:02.866+0530] {logging_mixin.py:188} INFO - [2024-04-08T01:29:02.866+0530] {dagbag.py:538} INFO - Filling up the DagBag from /home/lucky/.local/lib/python3.10/site-packages/airflow/example_dags/example_dag_decorator.py
[2024-04-08T01:29:02.976+0530] {processor.py:840} INFO - DAG(s) 'example_dag_decorator' retrieved from /home/lucky/.local/lib/python3.10/site-packages/airflow/example_dags/example_dag_decorator.py
[2024-04-08T01:29:03.108+0530] {logging_mixin.py:188} INFO - [2024-04-08T01:29:03.107+0530] {dag.py:3036} INFO - Sync 1 DAGs
[2024-04-08T01:29:03.121+0530] {logging_mixin.py:188} INFO - [2024-04-08T01:29:03.121+0530] {dag.py:3823} INFO - Setting next_dagrun for example_dag_decorator to None, run_after=None
[2024-04-08T01:29:03.156+0530] {processor.py:183} INFO - Processing /home/lucky/.local/lib/python3.10/site-packages/airflow/example_dags/example_dag_decorator.py took 0.296 seconds
[2024-04-08T01:29:59.590+0530] {processor.py:161} INFO - Started process (PID=65513) to work on /home/lucky/.local/lib/python3.10/site-packages/airflow/example_dags/example_dag_decorator.py
[2024-04-08T01:29:59.592+0530] {processor.py:830} INFO - Processing file /home/lucky/.local/lib/python3.10/site-packages/airflow/example_dags/example_dag_decorator.py for tasks to queue
[2024-04-08T01:29:59.594+0530] {logging_mixin.py:188} INFO - [2024-04-08T01:29:59.593+0530] {dagbag.py:538} INFO - Filling up the DagBag from /home/lucky/.local/lib/python3.10/site-packages/airflow/example_dags/example_dag_decorator.py
[2024-04-08T01:29:59.761+0530] {processor.py:840} INFO - DAG(s) 'example_dag_decorator' retrieved from /home/lucky/.local/lib/python3.10/site-packages/airflow/example_dags/example_dag_decorator.py
[2024-04-08T01:29:59.980+0530] {logging_mixin.py:188} INFO - [2024-04-08T01:29:59.980+0530] {dag.py:3036} INFO - Sync 1 DAGs
[2024-04-08T01:29:59.993+0530] {logging_mixin.py:188} INFO - [2024-04-08T01:29:59.993+0530] {dag.py:3823} INFO - Setting next_dagrun for example_dag_decorator to None, run_after=None
[2024-04-08T01:30:00.058+0530] {processor.py:183} INFO - Processing /home/lucky/.local/lib/python3.10/site-packages/airflow/example_dags/example_dag_decorator.py took 0.472 seconds
[2024-04-08T01:31:16.316+0530] {processor.py:161} INFO - Started process (PID=66710) to work on /home/lucky/.local/lib/python3.10/site-packages/airflow/example_dags/example_dag_decorator.py
[2024-04-08T01:31:16.317+0530] {processor.py:830} INFO - Processing file /home/lucky/.local/lib/python3.10/site-packages/airflow/example_dags/example_dag_decorator.py for tasks to queue
[2024-04-08T01:31:16.319+0530] {logging_mixin.py:188} INFO - [2024-04-08T01:31:16.318+0530] {dagbag.py:538} INFO - Filling up the DagBag from /home/lucky/.local/lib/python3.10/site-packages/airflow/example_dags/example_dag_decorator.py
[2024-04-08T01:31:16.405+0530] {processor.py:840} INFO - DAG(s) 'example_dag_decorator' retrieved from /home/lucky/.local/lib/python3.10/site-packages/airflow/example_dags/example_dag_decorator.py
[2024-04-08T01:31:16.428+0530] {logging_mixin.py:188} INFO - [2024-04-08T01:31:16.427+0530] {dag.py:3036} INFO - Sync 1 DAGs
[2024-04-08T01:31:16.444+0530] {logging_mixin.py:188} INFO - [2024-04-08T01:31:16.444+0530] {dag.py:3823} INFO - Setting next_dagrun for example_dag_decorator to None, run_after=None
[2024-04-08T01:31:16.473+0530] {processor.py:183} INFO - Processing /home/lucky/.local/lib/python3.10/site-packages/airflow/example_dags/example_dag_decorator.py took 0.161 seconds
[2024-04-08T01:32:27.402+0530] {processor.py:161} INFO - Started process (PID=67559) to work on /home/lucky/.local/lib/python3.10/site-packages/airflow/example_dags/example_dag_decorator.py
[2024-04-08T01:32:27.404+0530] {processor.py:830} INFO - Processing file /home/lucky/.local/lib/python3.10/site-packages/airflow/example_dags/example_dag_decorator.py for tasks to queue
[2024-04-08T01:32:27.405+0530] {logging_mixin.py:188} INFO - [2024-04-08T01:32:27.404+0530] {dagbag.py:538} INFO - Filling up the DagBag from /home/lucky/.local/lib/python3.10/site-packages/airflow/example_dags/example_dag_decorator.py
[2024-04-08T01:32:27.504+0530] {processor.py:840} INFO - DAG(s) 'example_dag_decorator' retrieved from /home/lucky/.local/lib/python3.10/site-packages/airflow/example_dags/example_dag_decorator.py
[2024-04-08T01:32:27.616+0530] {logging_mixin.py:188} INFO - [2024-04-08T01:32:27.616+0530] {dag.py:3036} INFO - Sync 1 DAGs
[2024-04-08T01:32:27.625+0530] {logging_mixin.py:188} INFO - [2024-04-08T01:32:27.625+0530] {dag.py:3823} INFO - Setting next_dagrun for example_dag_decorator to None, run_after=None
[2024-04-08T01:32:27.658+0530] {processor.py:183} INFO - Processing /home/lucky/.local/lib/python3.10/site-packages/airflow/example_dags/example_dag_decorator.py took 0.260 seconds
[2024-04-08T01:33:40.239+0530] {processor.py:161} INFO - Started process (PID=68707) to work on /home/lucky/.local/lib/python3.10/site-packages/airflow/example_dags/example_dag_decorator.py
[2024-04-08T01:33:40.242+0530] {processor.py:830} INFO - Processing file /home/lucky/.local/lib/python3.10/site-packages/airflow/example_dags/example_dag_decorator.py for tasks to queue
[2024-04-08T01:33:40.244+0530] {logging_mixin.py:188} INFO - [2024-04-08T01:33:40.244+0530] {dagbag.py:538} INFO - Filling up the DagBag from /home/lucky/.local/lib/python3.10/site-packages/airflow/example_dags/example_dag_decorator.py
[2024-04-08T01:33:40.389+0530] {processor.py:840} INFO - DAG(s) 'example_dag_decorator' retrieved from /home/lucky/.local/lib/python3.10/site-packages/airflow/example_dags/example_dag_decorator.py
[2024-04-08T01:33:40.539+0530] {logging_mixin.py:188} INFO - [2024-04-08T01:33:40.539+0530] {dag.py:3036} INFO - Sync 1 DAGs
[2024-04-08T01:33:40.560+0530] {logging_mixin.py:188} INFO - [2024-04-08T01:33:40.559+0530] {dag.py:3823} INFO - Setting next_dagrun for example_dag_decorator to None, run_after=None
[2024-04-08T01:33:40.612+0530] {processor.py:183} INFO - Processing /home/lucky/.local/lib/python3.10/site-packages/airflow/example_dags/example_dag_decorator.py took 0.377 seconds
[2024-04-08T01:35:14.412+0530] {processor.py:161} INFO - Started process (PID=70092) to work on /home/lucky/.local/lib/python3.10/site-packages/airflow/example_dags/example_dag_decorator.py
[2024-04-08T01:35:14.425+0530] {processor.py:830} INFO - Processing file /home/lucky/.local/lib/python3.10/site-packages/airflow/example_dags/example_dag_decorator.py for tasks to queue
[2024-04-08T01:35:14.427+0530] {logging_mixin.py:188} INFO - [2024-04-08T01:35:14.427+0530] {dagbag.py:538} INFO - Filling up the DagBag from /home/lucky/.local/lib/python3.10/site-packages/airflow/example_dags/example_dag_decorator.py
[2024-04-08T01:35:15.377+0530] {processor.py:840} INFO - DAG(s) 'example_dag_decorator' retrieved from /home/lucky/.local/lib/python3.10/site-packages/airflow/example_dags/example_dag_decorator.py
[2024-04-08T01:35:16.139+0530] {logging_mixin.py:188} INFO - [2024-04-08T01:35:16.138+0530] {dag.py:3036} INFO - Sync 1 DAGs
[2024-04-08T01:35:16.803+0530] {logging_mixin.py:188} INFO - [2024-04-08T01:35:16.802+0530] {dag.py:3823} INFO - Setting next_dagrun for example_dag_decorator to None, run_after=None
[2024-04-08T01:35:16.981+0530] {processor.py:183} INFO - Processing /home/lucky/.local/lib/python3.10/site-packages/airflow/example_dags/example_dag_decorator.py took 2.585 seconds
[2024-04-08T01:38:12.714+0530] {processor.py:161} INFO - Started process (PID=72682) to work on /home/lucky/.local/lib/python3.10/site-packages/airflow/example_dags/example_dag_decorator.py
[2024-04-08T01:38:12.716+0530] {processor.py:830} INFO - Processing file /home/lucky/.local/lib/python3.10/site-packages/airflow/example_dags/example_dag_decorator.py for tasks to queue
[2024-04-08T01:38:12.718+0530] {logging_mixin.py:188} INFO - [2024-04-08T01:38:12.717+0530] {dagbag.py:538} INFO - Filling up the DagBag from /home/lucky/.local/lib/python3.10/site-packages/airflow/example_dags/example_dag_decorator.py
[2024-04-08T01:38:12.894+0530] {processor.py:840} INFO - DAG(s) 'example_dag_decorator' retrieved from /home/lucky/.local/lib/python3.10/site-packages/airflow/example_dags/example_dag_decorator.py
[2024-04-08T01:38:13.092+0530] {logging_mixin.py:188} INFO - [2024-04-08T01:38:13.092+0530] {dag.py:3036} INFO - Sync 1 DAGs
[2024-04-08T01:38:13.287+0530] {logging_mixin.py:188} INFO - [2024-04-08T01:38:13.286+0530] {dag.py:3823} INFO - Setting next_dagrun for example_dag_decorator to None, run_after=None
[2024-04-08T01:38:13.365+0530] {processor.py:183} INFO - Processing /home/lucky/.local/lib/python3.10/site-packages/airflow/example_dags/example_dag_decorator.py took 0.656 seconds
[2024-04-08T01:40:02.258+0530] {processor.py:161} INFO - Started process (PID=74341) to work on /home/lucky/.local/lib/python3.10/site-packages/airflow/example_dags/example_dag_decorator.py
[2024-04-08T01:40:02.261+0530] {processor.py:830} INFO - Processing file /home/lucky/.local/lib/python3.10/site-packages/airflow/example_dags/example_dag_decorator.py for tasks to queue
[2024-04-08T01:40:02.263+0530] {logging_mixin.py:188} INFO - [2024-04-08T01:40:02.262+0530] {dagbag.py:538} INFO - Filling up the DagBag from /home/lucky/.local/lib/python3.10/site-packages/airflow/example_dags/example_dag_decorator.py
[2024-04-08T01:40:02.405+0530] {processor.py:840} INFO - DAG(s) 'example_dag_decorator' retrieved from /home/lucky/.local/lib/python3.10/site-packages/airflow/example_dags/example_dag_decorator.py
[2024-04-08T01:40:02.559+0530] {logging_mixin.py:188} INFO - [2024-04-08T01:40:02.559+0530] {dag.py:3036} INFO - Sync 1 DAGs
[2024-04-08T01:40:02.576+0530] {logging_mixin.py:188} INFO - [2024-04-08T01:40:02.575+0530] {dag.py:3823} INFO - Setting next_dagrun for example_dag_decorator to None, run_after=None
[2024-04-08T01:40:02.788+0530] {processor.py:183} INFO - Processing /home/lucky/.local/lib/python3.10/site-packages/airflow/example_dags/example_dag_decorator.py took 0.534 seconds
[2024-04-08T01:41:17.846+0530] {processor.py:161} INFO - Started process (PID=75480) to work on /home/lucky/.local/lib/python3.10/site-packages/airflow/example_dags/example_dag_decorator.py
[2024-04-08T01:41:17.851+0530] {processor.py:830} INFO - Processing file /home/lucky/.local/lib/python3.10/site-packages/airflow/example_dags/example_dag_decorator.py for tasks to queue
[2024-04-08T01:41:17.852+0530] {logging_mixin.py:188} INFO - [2024-04-08T01:41:17.852+0530] {dagbag.py:538} INFO - Filling up the DagBag from /home/lucky/.local/lib/python3.10/site-packages/airflow/example_dags/example_dag_decorator.py
[2024-04-08T01:41:17.926+0530] {processor.py:840} INFO - DAG(s) 'example_dag_decorator' retrieved from /home/lucky/.local/lib/python3.10/site-packages/airflow/example_dags/example_dag_decorator.py
[2024-04-08T01:41:18.023+0530] {logging_mixin.py:188} INFO - [2024-04-08T01:41:18.022+0530] {dag.py:3036} INFO - Sync 1 DAGs
[2024-04-08T01:41:18.032+0530] {logging_mixin.py:188} INFO - [2024-04-08T01:41:18.032+0530] {dag.py:3823} INFO - Setting next_dagrun for example_dag_decorator to None, run_after=None
[2024-04-08T01:41:18.226+0530] {processor.py:183} INFO - Processing /home/lucky/.local/lib/python3.10/site-packages/airflow/example_dags/example_dag_decorator.py took 0.383 seconds
[2024-04-08T01:42:36.857+0530] {processor.py:161} INFO - Started process (PID=76698) to work on /home/lucky/.local/lib/python3.10/site-packages/airflow/example_dags/example_dag_decorator.py
[2024-04-08T01:42:36.859+0530] {processor.py:830} INFO - Processing file /home/lucky/.local/lib/python3.10/site-packages/airflow/example_dags/example_dag_decorator.py for tasks to queue
[2024-04-08T01:42:36.860+0530] {logging_mixin.py:188} INFO - [2024-04-08T01:42:36.860+0530] {dagbag.py:538} INFO - Filling up the DagBag from /home/lucky/.local/lib/python3.10/site-packages/airflow/example_dags/example_dag_decorator.py
[2024-04-08T01:42:36.959+0530] {processor.py:840} INFO - DAG(s) 'example_dag_decorator' retrieved from /home/lucky/.local/lib/python3.10/site-packages/airflow/example_dags/example_dag_decorator.py
[2024-04-08T01:42:37.073+0530] {logging_mixin.py:188} INFO - [2024-04-08T01:42:37.072+0530] {dag.py:3036} INFO - Sync 1 DAGs
[2024-04-08T01:42:37.085+0530] {logging_mixin.py:188} INFO - [2024-04-08T01:42:37.084+0530] {dag.py:3823} INFO - Setting next_dagrun for example_dag_decorator to None, run_after=None
[2024-04-08T01:42:37.257+0530] {processor.py:183} INFO - Processing /home/lucky/.local/lib/python3.10/site-packages/airflow/example_dags/example_dag_decorator.py took 0.403 seconds
[2024-04-08T01:43:34.742+0530] {processor.py:161} INFO - Started process (PID=77410) to work on /home/lucky/.local/lib/python3.10/site-packages/airflow/example_dags/example_dag_decorator.py
[2024-04-08T01:43:34.744+0530] {processor.py:830} INFO - Processing file /home/lucky/.local/lib/python3.10/site-packages/airflow/example_dags/example_dag_decorator.py for tasks to queue
[2024-04-08T01:43:34.745+0530] {logging_mixin.py:188} INFO - [2024-04-08T01:43:34.745+0530] {dagbag.py:538} INFO - Filling up the DagBag from /home/lucky/.local/lib/python3.10/site-packages/airflow/example_dags/example_dag_decorator.py
[2024-04-08T01:43:34.838+0530] {processor.py:840} INFO - DAG(s) 'example_dag_decorator' retrieved from /home/lucky/.local/lib/python3.10/site-packages/airflow/example_dags/example_dag_decorator.py
[2024-04-08T01:43:34.862+0530] {logging_mixin.py:188} INFO - [2024-04-08T01:43:34.862+0530] {dag.py:3036} INFO - Sync 1 DAGs
[2024-04-08T01:43:34.876+0530] {logging_mixin.py:188} INFO - [2024-04-08T01:43:34.876+0530] {dag.py:3823} INFO - Setting next_dagrun for example_dag_decorator to None, run_after=None
[2024-04-08T01:43:34.906+0530] {processor.py:183} INFO - Processing /home/lucky/.local/lib/python3.10/site-packages/airflow/example_dags/example_dag_decorator.py took 0.168 seconds
[2024-04-08T01:48:29.429+0530] {processor.py:161} INFO - Started process (PID=82088) to work on /home/lucky/.local/lib/python3.10/site-packages/airflow/example_dags/example_dag_decorator.py
[2024-04-08T01:48:29.432+0530] {processor.py:830} INFO - Processing file /home/lucky/.local/lib/python3.10/site-packages/airflow/example_dags/example_dag_decorator.py for tasks to queue
[2024-04-08T01:48:29.433+0530] {logging_mixin.py:188} INFO - [2024-04-08T01:48:29.433+0530] {dagbag.py:538} INFO - Filling up the DagBag from /home/lucky/.local/lib/python3.10/site-packages/airflow/example_dags/example_dag_decorator.py
[2024-04-08T01:48:29.582+0530] {processor.py:840} INFO - DAG(s) 'example_dag_decorator' retrieved from /home/lucky/.local/lib/python3.10/site-packages/airflow/example_dags/example_dag_decorator.py
[2024-04-08T01:48:29.815+0530] {logging_mixin.py:188} INFO - [2024-04-08T01:48:29.814+0530] {dag.py:3036} INFO - Sync 1 DAGs
[2024-04-08T01:48:30.131+0530] {logging_mixin.py:188} INFO - [2024-04-08T01:48:30.121+0530] {dag.py:3823} INFO - Setting next_dagrun for example_dag_decorator to None, run_after=None
[2024-04-08T01:48:30.182+0530] {processor.py:183} INFO - Processing /home/lucky/.local/lib/python3.10/site-packages/airflow/example_dags/example_dag_decorator.py took 0.758 seconds
[2024-04-08T01:49:24.761+0530] {processor.py:161} INFO - Started process (PID=82803) to work on /home/lucky/.local/lib/python3.10/site-packages/airflow/example_dags/example_dag_decorator.py
[2024-04-08T01:49:24.763+0530] {processor.py:830} INFO - Processing file /home/lucky/.local/lib/python3.10/site-packages/airflow/example_dags/example_dag_decorator.py for tasks to queue
[2024-04-08T01:49:24.764+0530] {logging_mixin.py:188} INFO - [2024-04-08T01:49:24.764+0530] {dagbag.py:538} INFO - Filling up the DagBag from /home/lucky/.local/lib/python3.10/site-packages/airflow/example_dags/example_dag_decorator.py
[2024-04-08T01:49:24.850+0530] {processor.py:840} INFO - DAG(s) 'example_dag_decorator' retrieved from /home/lucky/.local/lib/python3.10/site-packages/airflow/example_dags/example_dag_decorator.py
[2024-04-08T01:49:24.870+0530] {logging_mixin.py:188} INFO - [2024-04-08T01:49:24.870+0530] {dag.py:3036} INFO - Sync 1 DAGs
[2024-04-08T01:49:24.884+0530] {logging_mixin.py:188} INFO - [2024-04-08T01:49:24.884+0530] {dag.py:3823} INFO - Setting next_dagrun for example_dag_decorator to None, run_after=None
[2024-04-08T01:49:24.910+0530] {processor.py:183} INFO - Processing /home/lucky/.local/lib/python3.10/site-packages/airflow/example_dags/example_dag_decorator.py took 0.152 seconds
[2024-04-08T01:50:19.703+0530] {processor.py:161} INFO - Started process (PID=83715) to work on /home/lucky/.local/lib/python3.10/site-packages/airflow/example_dags/example_dag_decorator.py
[2024-04-08T01:50:19.715+0530] {processor.py:830} INFO - Processing file /home/lucky/.local/lib/python3.10/site-packages/airflow/example_dags/example_dag_decorator.py for tasks to queue
[2024-04-08T01:50:19.716+0530] {logging_mixin.py:188} INFO - [2024-04-08T01:50:19.715+0530] {dagbag.py:538} INFO - Filling up the DagBag from /home/lucky/.local/lib/python3.10/site-packages/airflow/example_dags/example_dag_decorator.py
[2024-04-08T01:50:19.785+0530] {processor.py:840} INFO - DAG(s) 'example_dag_decorator' retrieved from /home/lucky/.local/lib/python3.10/site-packages/airflow/example_dags/example_dag_decorator.py
[2024-04-08T01:50:19.802+0530] {logging_mixin.py:188} INFO - [2024-04-08T01:50:19.802+0530] {dag.py:3036} INFO - Sync 1 DAGs
[2024-04-08T01:50:19.811+0530] {logging_mixin.py:188} INFO - [2024-04-08T01:50:19.811+0530] {dag.py:3823} INFO - Setting next_dagrun for example_dag_decorator to None, run_after=None
[2024-04-08T01:50:19.832+0530] {processor.py:183} INFO - Processing /home/lucky/.local/lib/python3.10/site-packages/airflow/example_dags/example_dag_decorator.py took 0.132 seconds
[2024-04-08T01:51:38.522+0530] {processor.py:161} INFO - Started process (PID=84921) to work on /home/lucky/.local/lib/python3.10/site-packages/airflow/example_dags/example_dag_decorator.py
[2024-04-08T01:51:38.533+0530] {processor.py:830} INFO - Processing file /home/lucky/.local/lib/python3.10/site-packages/airflow/example_dags/example_dag_decorator.py for tasks to queue
[2024-04-08T01:51:38.538+0530] {logging_mixin.py:188} INFO - [2024-04-08T01:51:38.535+0530] {dagbag.py:538} INFO - Filling up the DagBag from /home/lucky/.local/lib/python3.10/site-packages/airflow/example_dags/example_dag_decorator.py
[2024-04-08T01:51:38.693+0530] {processor.py:840} INFO - DAG(s) 'example_dag_decorator' retrieved from /home/lucky/.local/lib/python3.10/site-packages/airflow/example_dags/example_dag_decorator.py
[2024-04-08T01:51:38.743+0530] {logging_mixin.py:188} INFO - [2024-04-08T01:51:38.742+0530] {dag.py:3036} INFO - Sync 1 DAGs
[2024-04-08T01:51:38.758+0530] {logging_mixin.py:188} INFO - [2024-04-08T01:51:38.757+0530] {dag.py:3823} INFO - Setting next_dagrun for example_dag_decorator to None, run_after=None
[2024-04-08T01:51:38.796+0530] {processor.py:183} INFO - Processing /home/lucky/.local/lib/python3.10/site-packages/airflow/example_dags/example_dag_decorator.py took 0.285 seconds
[2024-04-08T01:52:58.348+0530] {processor.py:161} INFO - Started process (PID=86157) to work on /home/lucky/.local/lib/python3.10/site-packages/airflow/example_dags/example_dag_decorator.py
[2024-04-08T01:52:58.349+0530] {processor.py:830} INFO - Processing file /home/lucky/.local/lib/python3.10/site-packages/airflow/example_dags/example_dag_decorator.py for tasks to queue
[2024-04-08T01:52:58.350+0530] {logging_mixin.py:188} INFO - [2024-04-08T01:52:58.350+0530] {dagbag.py:538} INFO - Filling up the DagBag from /home/lucky/.local/lib/python3.10/site-packages/airflow/example_dags/example_dag_decorator.py
[2024-04-08T01:52:58.428+0530] {processor.py:840} INFO - DAG(s) 'example_dag_decorator' retrieved from /home/lucky/.local/lib/python3.10/site-packages/airflow/example_dags/example_dag_decorator.py
[2024-04-08T01:52:58.448+0530] {logging_mixin.py:188} INFO - [2024-04-08T01:52:58.447+0530] {dag.py:3036} INFO - Sync 1 DAGs
[2024-04-08T01:52:58.460+0530] {logging_mixin.py:188} INFO - [2024-04-08T01:52:58.460+0530] {dag.py:3823} INFO - Setting next_dagrun for example_dag_decorator to None, run_after=None
[2024-04-08T01:52:58.489+0530] {processor.py:183} INFO - Processing /home/lucky/.local/lib/python3.10/site-packages/airflow/example_dags/example_dag_decorator.py took 0.144 seconds
[2024-04-08T01:54:08.446+0530] {processor.py:161} INFO - Started process (PID=87029) to work on /home/lucky/.local/lib/python3.10/site-packages/airflow/example_dags/example_dag_decorator.py
[2024-04-08T01:54:08.458+0530] {processor.py:830} INFO - Processing file /home/lucky/.local/lib/python3.10/site-packages/airflow/example_dags/example_dag_decorator.py for tasks to queue
[2024-04-08T01:54:08.459+0530] {logging_mixin.py:188} INFO - [2024-04-08T01:54:08.459+0530] {dagbag.py:538} INFO - Filling up the DagBag from /home/lucky/.local/lib/python3.10/site-packages/airflow/example_dags/example_dag_decorator.py
[2024-04-08T01:54:08.562+0530] {processor.py:840} INFO - DAG(s) 'example_dag_decorator' retrieved from /home/lucky/.local/lib/python3.10/site-packages/airflow/example_dags/example_dag_decorator.py
[2024-04-08T01:54:08.582+0530] {logging_mixin.py:188} INFO - [2024-04-08T01:54:08.582+0530] {dag.py:3036} INFO - Sync 1 DAGs
[2024-04-08T01:54:08.595+0530] {logging_mixin.py:188} INFO - [2024-04-08T01:54:08.594+0530] {dag.py:3823} INFO - Setting next_dagrun for example_dag_decorator to None, run_after=None
[2024-04-08T01:54:08.620+0530] {processor.py:183} INFO - Processing /home/lucky/.local/lib/python3.10/site-packages/airflow/example_dags/example_dag_decorator.py took 0.177 seconds
[2024-04-08T01:55:17.533+0530] {processor.py:161} INFO - Started process (PID=88102) to work on /home/lucky/.local/lib/python3.10/site-packages/airflow/example_dags/example_dag_decorator.py
[2024-04-08T01:55:17.535+0530] {processor.py:830} INFO - Processing file /home/lucky/.local/lib/python3.10/site-packages/airflow/example_dags/example_dag_decorator.py for tasks to queue
[2024-04-08T01:55:17.536+0530] {logging_mixin.py:188} INFO - [2024-04-08T01:55:17.535+0530] {dagbag.py:538} INFO - Filling up the DagBag from /home/lucky/.local/lib/python3.10/site-packages/airflow/example_dags/example_dag_decorator.py
[2024-04-08T01:55:17.644+0530] {processor.py:840} INFO - DAG(s) 'example_dag_decorator' retrieved from /home/lucky/.local/lib/python3.10/site-packages/airflow/example_dags/example_dag_decorator.py
[2024-04-08T01:55:17.667+0530] {logging_mixin.py:188} INFO - [2024-04-08T01:55:17.666+0530] {dag.py:3036} INFO - Sync 1 DAGs
[2024-04-08T01:55:17.680+0530] {logging_mixin.py:188} INFO - [2024-04-08T01:55:17.680+0530] {dag.py:3823} INFO - Setting next_dagrun for example_dag_decorator to None, run_after=None
[2024-04-08T01:55:17.709+0530] {processor.py:183} INFO - Processing /home/lucky/.local/lib/python3.10/site-packages/airflow/example_dags/example_dag_decorator.py took 0.180 seconds
[2024-04-08T01:56:12.751+0530] {processor.py:161} INFO - Started process (PID=89010) to work on /home/lucky/.local/lib/python3.10/site-packages/airflow/example_dags/example_dag_decorator.py
[2024-04-08T01:56:12.753+0530] {processor.py:830} INFO - Processing file /home/lucky/.local/lib/python3.10/site-packages/airflow/example_dags/example_dag_decorator.py for tasks to queue
[2024-04-08T01:56:12.754+0530] {logging_mixin.py:188} INFO - [2024-04-08T01:56:12.754+0530] {dagbag.py:538} INFO - Filling up the DagBag from /home/lucky/.local/lib/python3.10/site-packages/airflow/example_dags/example_dag_decorator.py
[2024-04-08T01:56:12.917+0530] {processor.py:840} INFO - DAG(s) 'example_dag_decorator' retrieved from /home/lucky/.local/lib/python3.10/site-packages/airflow/example_dags/example_dag_decorator.py
[2024-04-08T01:56:13.118+0530] {logging_mixin.py:188} INFO - [2024-04-08T01:56:13.117+0530] {dag.py:3036} INFO - Sync 1 DAGs
[2024-04-08T01:56:13.129+0530] {logging_mixin.py:188} INFO - [2024-04-08T01:56:13.128+0530] {dag.py:3823} INFO - Setting next_dagrun for example_dag_decorator to None, run_after=None
[2024-04-08T01:56:13.160+0530] {processor.py:183} INFO - Processing /home/lucky/.local/lib/python3.10/site-packages/airflow/example_dags/example_dag_decorator.py took 0.412 seconds
[2024-04-08T01:57:07.304+0530] {processor.py:161} INFO - Started process (PID=89704) to work on /home/lucky/.local/lib/python3.10/site-packages/airflow/example_dags/example_dag_decorator.py
[2024-04-08T01:57:07.306+0530] {processor.py:830} INFO - Processing file /home/lucky/.local/lib/python3.10/site-packages/airflow/example_dags/example_dag_decorator.py for tasks to queue
[2024-04-08T01:57:07.308+0530] {logging_mixin.py:188} INFO - [2024-04-08T01:57:07.307+0530] {dagbag.py:538} INFO - Filling up the DagBag from /home/lucky/.local/lib/python3.10/site-packages/airflow/example_dags/example_dag_decorator.py
[2024-04-08T01:57:07.439+0530] {processor.py:840} INFO - DAG(s) 'example_dag_decorator' retrieved from /home/lucky/.local/lib/python3.10/site-packages/airflow/example_dags/example_dag_decorator.py
[2024-04-08T01:57:07.470+0530] {logging_mixin.py:188} INFO - [2024-04-08T01:57:07.469+0530] {dag.py:3036} INFO - Sync 1 DAGs
[2024-04-08T01:57:07.622+0530] {logging_mixin.py:188} INFO - [2024-04-08T01:57:07.621+0530] {dag.py:3823} INFO - Setting next_dagrun for example_dag_decorator to None, run_after=None
[2024-04-08T01:57:07.651+0530] {processor.py:183} INFO - Processing /home/lucky/.local/lib/python3.10/site-packages/airflow/example_dags/example_dag_decorator.py took 0.352 seconds
[2024-04-08T01:58:04.277+0530] {processor.py:161} INFO - Started process (PID=90628) to work on /home/lucky/.local/lib/python3.10/site-packages/airflow/example_dags/example_dag_decorator.py
[2024-04-08T01:58:04.278+0530] {processor.py:830} INFO - Processing file /home/lucky/.local/lib/python3.10/site-packages/airflow/example_dags/example_dag_decorator.py for tasks to queue
[2024-04-08T01:58:04.279+0530] {logging_mixin.py:188} INFO - [2024-04-08T01:58:04.279+0530] {dagbag.py:538} INFO - Filling up the DagBag from /home/lucky/.local/lib/python3.10/site-packages/airflow/example_dags/example_dag_decorator.py
[2024-04-08T01:58:04.355+0530] {processor.py:840} INFO - DAG(s) 'example_dag_decorator' retrieved from /home/lucky/.local/lib/python3.10/site-packages/airflow/example_dags/example_dag_decorator.py
[2024-04-08T01:58:04.623+0530] {logging_mixin.py:188} INFO - [2024-04-08T01:58:04.623+0530] {dag.py:3036} INFO - Sync 1 DAGs
[2024-04-08T01:58:04.631+0530] {logging_mixin.py:188} INFO - [2024-04-08T01:58:04.631+0530] {dag.py:3823} INFO - Setting next_dagrun for example_dag_decorator to None, run_after=None
[2024-04-08T01:58:04.655+0530] {processor.py:183} INFO - Processing /home/lucky/.local/lib/python3.10/site-packages/airflow/example_dags/example_dag_decorator.py took 0.381 seconds
[2024-04-08T01:59:18.944+0530] {processor.py:161} INFO - Started process (PID=91825) to work on /home/lucky/.local/lib/python3.10/site-packages/airflow/example_dags/example_dag_decorator.py
[2024-04-08T01:59:18.946+0530] {processor.py:830} INFO - Processing file /home/lucky/.local/lib/python3.10/site-packages/airflow/example_dags/example_dag_decorator.py for tasks to queue
[2024-04-08T01:59:18.946+0530] {logging_mixin.py:188} INFO - [2024-04-08T01:59:18.946+0530] {dagbag.py:538} INFO - Filling up the DagBag from /home/lucky/.local/lib/python3.10/site-packages/airflow/example_dags/example_dag_decorator.py
[2024-04-08T01:59:19.025+0530] {processor.py:840} INFO - DAG(s) 'example_dag_decorator' retrieved from /home/lucky/.local/lib/python3.10/site-packages/airflow/example_dags/example_dag_decorator.py
[2024-04-08T01:59:19.042+0530] {logging_mixin.py:188} INFO - [2024-04-08T01:59:19.042+0530] {dag.py:3036} INFO - Sync 1 DAGs
[2024-04-08T01:59:19.053+0530] {logging_mixin.py:188} INFO - [2024-04-08T01:59:19.053+0530] {dag.py:3823} INFO - Setting next_dagrun for example_dag_decorator to None, run_after=None
[2024-04-08T01:59:19.080+0530] {processor.py:183} INFO - Processing /home/lucky/.local/lib/python3.10/site-packages/airflow/example_dags/example_dag_decorator.py took 0.139 seconds
[2024-04-08T02:00:32.696+0530] {processor.py:161} INFO - Started process (PID=92924) to work on /home/lucky/.local/lib/python3.10/site-packages/airflow/example_dags/example_dag_decorator.py
[2024-04-08T02:00:32.708+0530] {processor.py:830} INFO - Processing file /home/lucky/.local/lib/python3.10/site-packages/airflow/example_dags/example_dag_decorator.py for tasks to queue
[2024-04-08T02:00:32.710+0530] {logging_mixin.py:188} INFO - [2024-04-08T02:00:32.709+0530] {dagbag.py:538} INFO - Filling up the DagBag from /home/lucky/.local/lib/python3.10/site-packages/airflow/example_dags/example_dag_decorator.py
[2024-04-08T02:00:32.880+0530] {processor.py:840} INFO - DAG(s) 'example_dag_decorator' retrieved from /home/lucky/.local/lib/python3.10/site-packages/airflow/example_dags/example_dag_decorator.py
[2024-04-08T02:00:32.964+0530] {logging_mixin.py:188} INFO - [2024-04-08T02:00:32.964+0530] {dag.py:3036} INFO - Sync 1 DAGs
[2024-04-08T02:00:32.974+0530] {logging_mixin.py:188} INFO - [2024-04-08T02:00:32.974+0530] {dag.py:3823} INFO - Setting next_dagrun for example_dag_decorator to None, run_after=None
[2024-04-08T02:00:32.997+0530] {processor.py:183} INFO - Processing /home/lucky/.local/lib/python3.10/site-packages/airflow/example_dags/example_dag_decorator.py took 0.303 seconds
[2024-04-08T02:01:47.484+0530] {processor.py:161} INFO - Started process (PID=94145) to work on /home/lucky/.local/lib/python3.10/site-packages/airflow/example_dags/example_dag_decorator.py
[2024-04-08T02:01:47.486+0530] {processor.py:830} INFO - Processing file /home/lucky/.local/lib/python3.10/site-packages/airflow/example_dags/example_dag_decorator.py for tasks to queue
[2024-04-08T02:01:47.487+0530] {logging_mixin.py:188} INFO - [2024-04-08T02:01:47.486+0530] {dagbag.py:538} INFO - Filling up the DagBag from /home/lucky/.local/lib/python3.10/site-packages/airflow/example_dags/example_dag_decorator.py
[2024-04-08T02:01:47.680+0530] {processor.py:840} INFO - DAG(s) 'example_dag_decorator' retrieved from /home/lucky/.local/lib/python3.10/site-packages/airflow/example_dags/example_dag_decorator.py
[2024-04-08T02:01:47.779+0530] {logging_mixin.py:188} INFO - [2024-04-08T02:01:47.779+0530] {dag.py:3036} INFO - Sync 1 DAGs
[2024-04-08T02:01:47.791+0530] {logging_mixin.py:188} INFO - [2024-04-08T02:01:47.790+0530] {dag.py:3823} INFO - Setting next_dagrun for example_dag_decorator to None, run_after=None
[2024-04-08T02:01:47.824+0530] {processor.py:183} INFO - Processing /home/lucky/.local/lib/python3.10/site-packages/airflow/example_dags/example_dag_decorator.py took 0.342 seconds
[2024-04-08T02:03:01.017+0530] {processor.py:161} INFO - Started process (PID=95303) to work on /home/lucky/.local/lib/python3.10/site-packages/airflow/example_dags/example_dag_decorator.py
[2024-04-08T02:03:01.019+0530] {processor.py:830} INFO - Processing file /home/lucky/.local/lib/python3.10/site-packages/airflow/example_dags/example_dag_decorator.py for tasks to queue
[2024-04-08T02:03:01.020+0530] {logging_mixin.py:188} INFO - [2024-04-08T02:03:01.019+0530] {dagbag.py:538} INFO - Filling up the DagBag from /home/lucky/.local/lib/python3.10/site-packages/airflow/example_dags/example_dag_decorator.py
[2024-04-08T02:03:01.235+0530] {processor.py:840} INFO - DAG(s) 'example_dag_decorator' retrieved from /home/lucky/.local/lib/python3.10/site-packages/airflow/example_dags/example_dag_decorator.py
[2024-04-08T02:03:01.329+0530] {logging_mixin.py:188} INFO - [2024-04-08T02:03:01.329+0530] {dag.py:3036} INFO - Sync 1 DAGs
[2024-04-08T02:03:01.340+0530] {logging_mixin.py:188} INFO - [2024-04-08T02:03:01.340+0530] {dag.py:3823} INFO - Setting next_dagrun for example_dag_decorator to None, run_after=None
[2024-04-08T02:03:01.365+0530] {processor.py:183} INFO - Processing /home/lucky/.local/lib/python3.10/site-packages/airflow/example_dags/example_dag_decorator.py took 0.351 seconds
[2024-04-08T02:04:16.898+0530] {processor.py:161} INFO - Started process (PID=96188) to work on /home/lucky/.local/lib/python3.10/site-packages/airflow/example_dags/example_dag_decorator.py
[2024-04-08T02:04:16.902+0530] {processor.py:830} INFO - Processing file /home/lucky/.local/lib/python3.10/site-packages/airflow/example_dags/example_dag_decorator.py for tasks to queue
[2024-04-08T02:04:16.905+0530] {logging_mixin.py:188} INFO - [2024-04-08T02:04:16.904+0530] {dagbag.py:538} INFO - Filling up the DagBag from /home/lucky/.local/lib/python3.10/site-packages/airflow/example_dags/example_dag_decorator.py
[2024-04-08T02:04:17.227+0530] {processor.py:840} INFO - DAG(s) 'example_dag_decorator' retrieved from /home/lucky/.local/lib/python3.10/site-packages/airflow/example_dags/example_dag_decorator.py
[2024-04-08T02:04:17.407+0530] {logging_mixin.py:188} INFO - [2024-04-08T02:04:17.407+0530] {dag.py:3036} INFO - Sync 1 DAGs
[2024-04-08T02:04:17.423+0530] {logging_mixin.py:188} INFO - [2024-04-08T02:04:17.423+0530] {dag.py:3823} INFO - Setting next_dagrun for example_dag_decorator to None, run_after=None
[2024-04-08T02:04:17.463+0530] {processor.py:183} INFO - Processing /home/lucky/.local/lib/python3.10/site-packages/airflow/example_dags/example_dag_decorator.py took 0.571 seconds
[2024-04-08T02:05:13.289+0530] {processor.py:161} INFO - Started process (PID=97131) to work on /home/lucky/.local/lib/python3.10/site-packages/airflow/example_dags/example_dag_decorator.py
[2024-04-08T02:05:13.291+0530] {processor.py:830} INFO - Processing file /home/lucky/.local/lib/python3.10/site-packages/airflow/example_dags/example_dag_decorator.py for tasks to queue
[2024-04-08T02:05:13.292+0530] {logging_mixin.py:188} INFO - [2024-04-08T02:05:13.292+0530] {dagbag.py:538} INFO - Filling up the DagBag from /home/lucky/.local/lib/python3.10/site-packages/airflow/example_dags/example_dag_decorator.py
[2024-04-08T02:05:13.487+0530] {processor.py:840} INFO - DAG(s) 'example_dag_decorator' retrieved from /home/lucky/.local/lib/python3.10/site-packages/airflow/example_dags/example_dag_decorator.py
[2024-04-08T02:05:13.778+0530] {logging_mixin.py:188} INFO - [2024-04-08T02:05:13.778+0530] {dag.py:3036} INFO - Sync 1 DAGs
[2024-04-08T02:05:13.816+0530] {logging_mixin.py:188} INFO - [2024-04-08T02:05:13.816+0530] {dag.py:3823} INFO - Setting next_dagrun for example_dag_decorator to None, run_after=None
[2024-04-08T02:05:13.881+0530] {processor.py:183} INFO - Processing /home/lucky/.local/lib/python3.10/site-packages/airflow/example_dags/example_dag_decorator.py took 0.596 seconds
[2024-04-08T02:06:31.314+0530] {processor.py:161} INFO - Started process (PID=98357) to work on /home/lucky/.local/lib/python3.10/site-packages/airflow/example_dags/example_dag_decorator.py
[2024-04-08T02:06:31.327+0530] {processor.py:830} INFO - Processing file /home/lucky/.local/lib/python3.10/site-packages/airflow/example_dags/example_dag_decorator.py for tasks to queue
[2024-04-08T02:06:31.328+0530] {logging_mixin.py:188} INFO - [2024-04-08T02:06:31.327+0530] {dagbag.py:538} INFO - Filling up the DagBag from /home/lucky/.local/lib/python3.10/site-packages/airflow/example_dags/example_dag_decorator.py
[2024-04-08T02:06:31.567+0530] {processor.py:840} INFO - DAG(s) 'example_dag_decorator' retrieved from /home/lucky/.local/lib/python3.10/site-packages/airflow/example_dags/example_dag_decorator.py
[2024-04-08T02:06:31.706+0530] {logging_mixin.py:188} INFO - [2024-04-08T02:06:31.705+0530] {dag.py:3036} INFO - Sync 1 DAGs
[2024-04-08T02:06:31.722+0530] {logging_mixin.py:188} INFO - [2024-04-08T02:06:31.722+0530] {dag.py:3823} INFO - Setting next_dagrun for example_dag_decorator to None, run_after=None
[2024-04-08T02:06:31.753+0530] {processor.py:183} INFO - Processing /home/lucky/.local/lib/python3.10/site-packages/airflow/example_dags/example_dag_decorator.py took 0.441 seconds
[2024-04-08T02:07:51.082+0530] {processor.py:161} INFO - Started process (PID=99588) to work on /home/lucky/.local/lib/python3.10/site-packages/airflow/example_dags/example_dag_decorator.py
[2024-04-08T02:07:51.084+0530] {processor.py:830} INFO - Processing file /home/lucky/.local/lib/python3.10/site-packages/airflow/example_dags/example_dag_decorator.py for tasks to queue
[2024-04-08T02:07:51.085+0530] {logging_mixin.py:188} INFO - [2024-04-08T02:07:51.084+0530] {dagbag.py:538} INFO - Filling up the DagBag from /home/lucky/.local/lib/python3.10/site-packages/airflow/example_dags/example_dag_decorator.py
[2024-04-08T02:07:51.314+0530] {processor.py:840} INFO - DAG(s) 'example_dag_decorator' retrieved from /home/lucky/.local/lib/python3.10/site-packages/airflow/example_dags/example_dag_decorator.py
[2024-04-08T02:07:51.394+0530] {logging_mixin.py:188} INFO - [2024-04-08T02:07:51.394+0530] {dag.py:3036} INFO - Sync 1 DAGs
[2024-04-08T02:07:51.402+0530] {logging_mixin.py:188} INFO - [2024-04-08T02:07:51.402+0530] {dag.py:3823} INFO - Setting next_dagrun for example_dag_decorator to None, run_after=None
[2024-04-08T02:07:51.424+0530] {processor.py:183} INFO - Processing /home/lucky/.local/lib/python3.10/site-packages/airflow/example_dags/example_dag_decorator.py took 0.345 seconds
[2024-04-08T02:08:47.974+0530] {processor.py:161} INFO - Started process (PID=100516) to work on /home/lucky/.local/lib/python3.10/site-packages/airflow/example_dags/example_dag_decorator.py
[2024-04-08T02:08:47.976+0530] {processor.py:830} INFO - Processing file /home/lucky/.local/lib/python3.10/site-packages/airflow/example_dags/example_dag_decorator.py for tasks to queue
[2024-04-08T02:08:47.977+0530] {logging_mixin.py:188} INFO - [2024-04-08T02:08:47.977+0530] {dagbag.py:538} INFO - Filling up the DagBag from /home/lucky/.local/lib/python3.10/site-packages/airflow/example_dags/example_dag_decorator.py
[2024-04-08T02:08:48.243+0530] {processor.py:840} INFO - DAG(s) 'example_dag_decorator' retrieved from /home/lucky/.local/lib/python3.10/site-packages/airflow/example_dags/example_dag_decorator.py
[2024-04-08T02:08:48.372+0530] {logging_mixin.py:188} INFO - [2024-04-08T02:08:48.371+0530] {dag.py:3036} INFO - Sync 1 DAGs
[2024-04-08T02:08:48.382+0530] {logging_mixin.py:188} INFO - [2024-04-08T02:08:48.381+0530] {dag.py:3823} INFO - Setting next_dagrun for example_dag_decorator to None, run_after=None
[2024-04-08T02:08:48.408+0530] {processor.py:183} INFO - Processing /home/lucky/.local/lib/python3.10/site-packages/airflow/example_dags/example_dag_decorator.py took 0.437 seconds
[2024-04-08T02:09:43.949+0530] {processor.py:161} INFO - Started process (PID=101771) to work on /home/lucky/.local/lib/python3.10/site-packages/airflow/example_dags/example_dag_decorator.py
[2024-04-08T02:09:43.951+0530] {processor.py:830} INFO - Processing file /home/lucky/.local/lib/python3.10/site-packages/airflow/example_dags/example_dag_decorator.py for tasks to queue
[2024-04-08T02:09:43.952+0530] {logging_mixin.py:188} INFO - [2024-04-08T02:09:43.952+0530] {dagbag.py:538} INFO - Filling up the DagBag from /home/lucky/.local/lib/python3.10/site-packages/airflow/example_dags/example_dag_decorator.py
[2024-04-08T02:09:44.066+0530] {processor.py:840} INFO - DAG(s) 'example_dag_decorator' retrieved from /home/lucky/.local/lib/python3.10/site-packages/airflow/example_dags/example_dag_decorator.py
[2024-04-08T02:09:44.158+0530] {logging_mixin.py:188} INFO - [2024-04-08T02:09:44.157+0530] {dag.py:3036} INFO - Sync 1 DAGs
[2024-04-08T02:09:44.167+0530] {logging_mixin.py:188} INFO - [2024-04-08T02:09:44.167+0530] {dag.py:3823} INFO - Setting next_dagrun for example_dag_decorator to None, run_after=None
[2024-04-08T02:09:44.197+0530] {processor.py:183} INFO - Processing /home/lucky/.local/lib/python3.10/site-packages/airflow/example_dags/example_dag_decorator.py took 0.251 seconds
