[2024-04-08T00:27:11.103+0530] {processor.py:161} INFO - Started process (PID=8125) to work on /home/lucky/.local/lib/python3.10/site-packages/airflow/example_dags/example_params_ui_tutorial.py
[2024-04-08T00:27:11.104+0530] {processor.py:830} INFO - Processing file /home/lucky/.local/lib/python3.10/site-packages/airflow/example_dags/example_params_ui_tutorial.py for tasks to queue
[2024-04-08T00:27:11.105+0530] {logging_mixin.py:188} INFO - [2024-04-08T00:27:11.104+0530] {dagbag.py:538} INFO - Filling up the DagBag from /home/lucky/.local/lib/python3.10/site-packages/airflow/example_dags/example_params_ui_tutorial.py
[2024-04-08T00:27:11.120+0530] {processor.py:840} INFO - DAG(s) 'example_params_ui_tutorial' retrieved from /home/lucky/.local/lib/python3.10/site-packages/airflow/example_dags/example_params_ui_tutorial.py
[2024-04-08T00:27:11.312+0530] {logging_mixin.py:188} INFO - [2024-04-08T00:27:11.311+0530] {dag.py:3036} INFO - Sync 1 DAGs
[2024-04-08T00:27:11.326+0530] {logging_mixin.py:188} INFO - [2024-04-08T00:27:11.326+0530] {dag.py:3823} INFO - Setting next_dagrun for example_params_ui_tutorial to None, run_after=None
[2024-04-08T00:27:11.360+0530] {processor.py:183} INFO - Processing /home/lucky/.local/lib/python3.10/site-packages/airflow/example_dags/example_params_ui_tutorial.py took 0.261 seconds
[2024-04-08T00:28:15.179+0530] {processor.py:161} INFO - Started process (PID=9164) to work on /home/lucky/.local/lib/python3.10/site-packages/airflow/example_dags/example_params_ui_tutorial.py
[2024-04-08T00:28:15.181+0530] {processor.py:830} INFO - Processing file /home/lucky/.local/lib/python3.10/site-packages/airflow/example_dags/example_params_ui_tutorial.py for tasks to queue
[2024-04-08T00:28:15.182+0530] {logging_mixin.py:188} INFO - [2024-04-08T00:28:15.182+0530] {dagbag.py:538} INFO - Filling up the DagBag from /home/lucky/.local/lib/python3.10/site-packages/airflow/example_dags/example_params_ui_tutorial.py
[2024-04-08T00:28:15.198+0530] {processor.py:840} INFO - DAG(s) 'example_params_ui_tutorial' retrieved from /home/lucky/.local/lib/python3.10/site-packages/airflow/example_dags/example_params_ui_tutorial.py
[2024-04-08T00:28:15.273+0530] {logging_mixin.py:188} INFO - [2024-04-08T00:28:15.272+0530] {dag.py:3036} INFO - Sync 1 DAGs
[2024-04-08T00:28:15.289+0530] {logging_mixin.py:188} INFO - [2024-04-08T00:28:15.288+0530] {dag.py:3823} INFO - Setting next_dagrun for example_params_ui_tutorial to None, run_after=None
[2024-04-08T00:28:15.321+0530] {processor.py:183} INFO - Processing /home/lucky/.local/lib/python3.10/site-packages/airflow/example_dags/example_params_ui_tutorial.py took 0.145 seconds
[2024-04-08T00:29:26.460+0530] {processor.py:161} INFO - Started process (PID=9988) to work on /home/lucky/.local/lib/python3.10/site-packages/airflow/example_dags/example_params_ui_tutorial.py
[2024-04-08T00:29:26.464+0530] {processor.py:830} INFO - Processing file /home/lucky/.local/lib/python3.10/site-packages/airflow/example_dags/example_params_ui_tutorial.py for tasks to queue
[2024-04-08T00:29:26.466+0530] {logging_mixin.py:188} INFO - [2024-04-08T00:29:26.465+0530] {dagbag.py:538} INFO - Filling up the DagBag from /home/lucky/.local/lib/python3.10/site-packages/airflow/example_dags/example_params_ui_tutorial.py
[2024-04-08T00:29:26.500+0530] {processor.py:840} INFO - DAG(s) 'example_params_ui_tutorial' retrieved from /home/lucky/.local/lib/python3.10/site-packages/airflow/example_dags/example_params_ui_tutorial.py
[2024-04-08T00:29:26.592+0530] {logging_mixin.py:188} INFO - [2024-04-08T00:29:26.591+0530] {dag.py:3036} INFO - Sync 1 DAGs
[2024-04-08T00:29:26.615+0530] {logging_mixin.py:188} INFO - [2024-04-08T00:29:26.615+0530] {dag.py:3823} INFO - Setting next_dagrun for example_params_ui_tutorial to None, run_after=None
[2024-04-08T00:29:26.658+0530] {processor.py:183} INFO - Processing /home/lucky/.local/lib/python3.10/site-packages/airflow/example_dags/example_params_ui_tutorial.py took 0.206 seconds
[2024-04-08T00:30:27.827+0530] {processor.py:161} INFO - Started process (PID=11111) to work on /home/lucky/.local/lib/python3.10/site-packages/airflow/example_dags/example_params_ui_tutorial.py
[2024-04-08T00:30:27.830+0530] {processor.py:830} INFO - Processing file /home/lucky/.local/lib/python3.10/site-packages/airflow/example_dags/example_params_ui_tutorial.py for tasks to queue
[2024-04-08T00:30:27.833+0530] {logging_mixin.py:188} INFO - [2024-04-08T00:30:27.832+0530] {dagbag.py:538} INFO - Filling up the DagBag from /home/lucky/.local/lib/python3.10/site-packages/airflow/example_dags/example_params_ui_tutorial.py
[2024-04-08T00:30:27.875+0530] {processor.py:840} INFO - DAG(s) 'example_params_ui_tutorial' retrieved from /home/lucky/.local/lib/python3.10/site-packages/airflow/example_dags/example_params_ui_tutorial.py
[2024-04-08T00:30:28.060+0530] {logging_mixin.py:188} INFO - [2024-04-08T00:30:28.059+0530] {dag.py:3036} INFO - Sync 1 DAGs
[2024-04-08T00:30:28.092+0530] {logging_mixin.py:188} INFO - [2024-04-08T00:30:28.091+0530] {dag.py:3823} INFO - Setting next_dagrun for example_params_ui_tutorial to None, run_after=None
[2024-04-08T00:30:28.154+0530] {processor.py:183} INFO - Processing /home/lucky/.local/lib/python3.10/site-packages/airflow/example_dags/example_params_ui_tutorial.py took 0.334 seconds
[2024-04-08T00:31:34.726+0530] {processor.py:161} INFO - Started process (PID=12216) to work on /home/lucky/.local/lib/python3.10/site-packages/airflow/example_dags/example_params_ui_tutorial.py
[2024-04-08T00:31:34.728+0530] {processor.py:830} INFO - Processing file /home/lucky/.local/lib/python3.10/site-packages/airflow/example_dags/example_params_ui_tutorial.py for tasks to queue
[2024-04-08T00:31:34.730+0530] {logging_mixin.py:188} INFO - [2024-04-08T00:31:34.729+0530] {dagbag.py:538} INFO - Filling up the DagBag from /home/lucky/.local/lib/python3.10/site-packages/airflow/example_dags/example_params_ui_tutorial.py
[2024-04-08T00:31:34.745+0530] {processor.py:840} INFO - DAG(s) 'example_params_ui_tutorial' retrieved from /home/lucky/.local/lib/python3.10/site-packages/airflow/example_dags/example_params_ui_tutorial.py
[2024-04-08T00:31:34.824+0530] {logging_mixin.py:188} INFO - [2024-04-08T00:31:34.823+0530] {dag.py:3036} INFO - Sync 1 DAGs
[2024-04-08T00:31:34.840+0530] {logging_mixin.py:188} INFO - [2024-04-08T00:31:34.839+0530] {dag.py:3823} INFO - Setting next_dagrun for example_params_ui_tutorial to None, run_after=None
[2024-04-08T00:31:34.882+0530] {processor.py:183} INFO - Processing /home/lucky/.local/lib/python3.10/site-packages/airflow/example_dags/example_params_ui_tutorial.py took 0.161 seconds
[2024-04-08T00:32:42.214+0530] {processor.py:161} INFO - Started process (PID=13010) to work on /home/lucky/.local/lib/python3.10/site-packages/airflow/example_dags/example_params_ui_tutorial.py
[2024-04-08T00:32:42.217+0530] {processor.py:830} INFO - Processing file /home/lucky/.local/lib/python3.10/site-packages/airflow/example_dags/example_params_ui_tutorial.py for tasks to queue
[2024-04-08T00:32:42.218+0530] {logging_mixin.py:188} INFO - [2024-04-08T00:32:42.218+0530] {dagbag.py:538} INFO - Filling up the DagBag from /home/lucky/.local/lib/python3.10/site-packages/airflow/example_dags/example_params_ui_tutorial.py
[2024-04-08T00:32:42.243+0530] {processor.py:840} INFO - DAG(s) 'example_params_ui_tutorial' retrieved from /home/lucky/.local/lib/python3.10/site-packages/airflow/example_dags/example_params_ui_tutorial.py
[2024-04-08T00:32:42.345+0530] {logging_mixin.py:188} INFO - [2024-04-08T00:32:42.345+0530] {dag.py:3036} INFO - Sync 1 DAGs
[2024-04-08T00:32:42.369+0530] {logging_mixin.py:188} INFO - [2024-04-08T00:32:42.368+0530] {dag.py:3823} INFO - Setting next_dagrun for example_params_ui_tutorial to None, run_after=None
[2024-04-08T00:32:42.421+0530] {processor.py:183} INFO - Processing /home/lucky/.local/lib/python3.10/site-packages/airflow/example_dags/example_params_ui_tutorial.py took 0.212 seconds
[2024-04-08T00:33:58.280+0530] {processor.py:161} INFO - Started process (PID=14204) to work on /home/lucky/.local/lib/python3.10/site-packages/airflow/example_dags/example_params_ui_tutorial.py
[2024-04-08T00:33:58.283+0530] {processor.py:830} INFO - Processing file /home/lucky/.local/lib/python3.10/site-packages/airflow/example_dags/example_params_ui_tutorial.py for tasks to queue
[2024-04-08T00:33:58.285+0530] {logging_mixin.py:188} INFO - [2024-04-08T00:33:58.284+0530] {dagbag.py:538} INFO - Filling up the DagBag from /home/lucky/.local/lib/python3.10/site-packages/airflow/example_dags/example_params_ui_tutorial.py
[2024-04-08T00:33:58.304+0530] {processor.py:840} INFO - DAG(s) 'example_params_ui_tutorial' retrieved from /home/lucky/.local/lib/python3.10/site-packages/airflow/example_dags/example_params_ui_tutorial.py
[2024-04-08T00:33:58.395+0530] {logging_mixin.py:188} INFO - [2024-04-08T00:33:58.394+0530] {dag.py:3036} INFO - Sync 1 DAGs
[2024-04-08T00:33:58.419+0530] {logging_mixin.py:188} INFO - [2024-04-08T00:33:58.418+0530] {dag.py:3823} INFO - Setting next_dagrun for example_params_ui_tutorial to None, run_after=None
[2024-04-08T00:33:58.459+0530] {processor.py:183} INFO - Processing /home/lucky/.local/lib/python3.10/site-packages/airflow/example_dags/example_params_ui_tutorial.py took 0.184 seconds
[2024-04-08T00:35:20.667+0530] {processor.py:161} INFO - Started process (PID=15435) to work on /home/lucky/.local/lib/python3.10/site-packages/airflow/example_dags/example_params_ui_tutorial.py
[2024-04-08T00:35:20.669+0530] {processor.py:830} INFO - Processing file /home/lucky/.local/lib/python3.10/site-packages/airflow/example_dags/example_params_ui_tutorial.py for tasks to queue
[2024-04-08T00:35:20.671+0530] {logging_mixin.py:188} INFO - [2024-04-08T00:35:20.670+0530] {dagbag.py:538} INFO - Filling up the DagBag from /home/lucky/.local/lib/python3.10/site-packages/airflow/example_dags/example_params_ui_tutorial.py
[2024-04-08T00:35:20.688+0530] {processor.py:840} INFO - DAG(s) 'example_params_ui_tutorial' retrieved from /home/lucky/.local/lib/python3.10/site-packages/airflow/example_dags/example_params_ui_tutorial.py
[2024-04-08T00:35:20.773+0530] {logging_mixin.py:188} INFO - [2024-04-08T00:35:20.773+0530] {dag.py:3036} INFO - Sync 1 DAGs
[2024-04-08T00:35:20.804+0530] {logging_mixin.py:188} INFO - [2024-04-08T00:35:20.804+0530] {dag.py:3823} INFO - Setting next_dagrun for example_params_ui_tutorial to None, run_after=None
[2024-04-08T00:35:20.862+0530] {processor.py:183} INFO - Processing /home/lucky/.local/lib/python3.10/site-packages/airflow/example_dags/example_params_ui_tutorial.py took 0.198 seconds
[2024-04-08T00:36:22.987+0530] {processor.py:161} INFO - Started process (PID=16180) to work on /home/lucky/.local/lib/python3.10/site-packages/airflow/example_dags/example_params_ui_tutorial.py
[2024-04-08T00:36:22.989+0530] {processor.py:830} INFO - Processing file /home/lucky/.local/lib/python3.10/site-packages/airflow/example_dags/example_params_ui_tutorial.py for tasks to queue
[2024-04-08T00:36:22.991+0530] {logging_mixin.py:188} INFO - [2024-04-08T00:36:22.990+0530] {dagbag.py:538} INFO - Filling up the DagBag from /home/lucky/.local/lib/python3.10/site-packages/airflow/example_dags/example_params_ui_tutorial.py
[2024-04-08T00:36:23.023+0530] {processor.py:840} INFO - DAG(s) 'example_params_ui_tutorial' retrieved from /home/lucky/.local/lib/python3.10/site-packages/airflow/example_dags/example_params_ui_tutorial.py
[2024-04-08T00:36:23.131+0530] {logging_mixin.py:188} INFO - [2024-04-08T00:36:23.131+0530] {dag.py:3036} INFO - Sync 1 DAGs
[2024-04-08T00:36:23.164+0530] {logging_mixin.py:188} INFO - [2024-04-08T00:36:23.162+0530] {dag.py:3823} INFO - Setting next_dagrun for example_params_ui_tutorial to None, run_after=None
[2024-04-08T00:36:23.225+0530] {processor.py:183} INFO - Processing /home/lucky/.local/lib/python3.10/site-packages/airflow/example_dags/example_params_ui_tutorial.py took 0.243 seconds
[2024-04-08T00:37:25.197+0530] {processor.py:161} INFO - Started process (PID=17268) to work on /home/lucky/.local/lib/python3.10/site-packages/airflow/example_dags/example_params_ui_tutorial.py
[2024-04-08T00:37:25.199+0530] {processor.py:830} INFO - Processing file /home/lucky/.local/lib/python3.10/site-packages/airflow/example_dags/example_params_ui_tutorial.py for tasks to queue
[2024-04-08T00:37:25.201+0530] {logging_mixin.py:188} INFO - [2024-04-08T00:37:25.200+0530] {dagbag.py:538} INFO - Filling up the DagBag from /home/lucky/.local/lib/python3.10/site-packages/airflow/example_dags/example_params_ui_tutorial.py
[2024-04-08T00:37:25.217+0530] {processor.py:840} INFO - DAG(s) 'example_params_ui_tutorial' retrieved from /home/lucky/.local/lib/python3.10/site-packages/airflow/example_dags/example_params_ui_tutorial.py
[2024-04-08T00:37:25.298+0530] {logging_mixin.py:188} INFO - [2024-04-08T00:37:25.297+0530] {dag.py:3036} INFO - Sync 1 DAGs
[2024-04-08T00:37:25.316+0530] {logging_mixin.py:188} INFO - [2024-04-08T00:37:25.315+0530] {dag.py:3823} INFO - Setting next_dagrun for example_params_ui_tutorial to None, run_after=None
[2024-04-08T00:37:25.352+0530] {processor.py:183} INFO - Processing /home/lucky/.local/lib/python3.10/site-packages/airflow/example_dags/example_params_ui_tutorial.py took 0.159 seconds
[2024-04-08T00:38:24.892+0530] {processor.py:161} INFO - Started process (PID=18325) to work on /home/lucky/.local/lib/python3.10/site-packages/airflow/example_dags/example_params_ui_tutorial.py
[2024-04-08T00:38:24.905+0530] {processor.py:830} INFO - Processing file /home/lucky/.local/lib/python3.10/site-packages/airflow/example_dags/example_params_ui_tutorial.py for tasks to queue
[2024-04-08T00:38:24.907+0530] {logging_mixin.py:188} INFO - [2024-04-08T00:38:24.907+0530] {dagbag.py:538} INFO - Filling up the DagBag from /home/lucky/.local/lib/python3.10/site-packages/airflow/example_dags/example_params_ui_tutorial.py
[2024-04-08T00:38:24.922+0530] {processor.py:840} INFO - DAG(s) 'example_params_ui_tutorial' retrieved from /home/lucky/.local/lib/python3.10/site-packages/airflow/example_dags/example_params_ui_tutorial.py
[2024-04-08T00:38:24.984+0530] {logging_mixin.py:188} INFO - [2024-04-08T00:38:24.984+0530] {dag.py:3036} INFO - Sync 1 DAGs
[2024-04-08T00:38:24.999+0530] {logging_mixin.py:188} INFO - [2024-04-08T00:38:24.999+0530] {dag.py:3823} INFO - Setting next_dagrun for example_params_ui_tutorial to None, run_after=None
[2024-04-08T00:38:25.032+0530] {processor.py:183} INFO - Processing /home/lucky/.local/lib/python3.10/site-packages/airflow/example_dags/example_params_ui_tutorial.py took 0.144 seconds
[2024-04-08T00:39:28.875+0530] {processor.py:161} INFO - Started process (PID=19105) to work on /home/lucky/.local/lib/python3.10/site-packages/airflow/example_dags/example_params_ui_tutorial.py
[2024-04-08T00:39:28.888+0530] {processor.py:830} INFO - Processing file /home/lucky/.local/lib/python3.10/site-packages/airflow/example_dags/example_params_ui_tutorial.py for tasks to queue
[2024-04-08T00:39:28.890+0530] {logging_mixin.py:188} INFO - [2024-04-08T00:39:28.889+0530] {dagbag.py:538} INFO - Filling up the DagBag from /home/lucky/.local/lib/python3.10/site-packages/airflow/example_dags/example_params_ui_tutorial.py
[2024-04-08T00:39:28.916+0530] {processor.py:840} INFO - DAG(s) 'example_params_ui_tutorial' retrieved from /home/lucky/.local/lib/python3.10/site-packages/airflow/example_dags/example_params_ui_tutorial.py
[2024-04-08T00:39:29.045+0530] {logging_mixin.py:188} INFO - [2024-04-08T00:39:29.044+0530] {dag.py:3036} INFO - Sync 1 DAGs
[2024-04-08T00:39:29.094+0530] {logging_mixin.py:188} INFO - [2024-04-08T00:39:29.094+0530] {dag.py:3823} INFO - Setting next_dagrun for example_params_ui_tutorial to None, run_after=None
[2024-04-08T00:39:29.145+0530] {processor.py:183} INFO - Processing /home/lucky/.local/lib/python3.10/site-packages/airflow/example_dags/example_params_ui_tutorial.py took 0.275 seconds
[2024-04-08T00:40:37.491+0530] {processor.py:161} INFO - Started process (PID=20251) to work on /home/lucky/.local/lib/python3.10/site-packages/airflow/example_dags/example_params_ui_tutorial.py
[2024-04-08T00:40:37.505+0530] {processor.py:830} INFO - Processing file /home/lucky/.local/lib/python3.10/site-packages/airflow/example_dags/example_params_ui_tutorial.py for tasks to queue
[2024-04-08T00:40:37.506+0530] {logging_mixin.py:188} INFO - [2024-04-08T00:40:37.505+0530] {dagbag.py:538} INFO - Filling up the DagBag from /home/lucky/.local/lib/python3.10/site-packages/airflow/example_dags/example_params_ui_tutorial.py
[2024-04-08T00:40:37.520+0530] {processor.py:840} INFO - DAG(s) 'example_params_ui_tutorial' retrieved from /home/lucky/.local/lib/python3.10/site-packages/airflow/example_dags/example_params_ui_tutorial.py
[2024-04-08T00:40:37.598+0530] {logging_mixin.py:188} INFO - [2024-04-08T00:40:37.598+0530] {dag.py:3036} INFO - Sync 1 DAGs
[2024-04-08T00:40:37.621+0530] {logging_mixin.py:188} INFO - [2024-04-08T00:40:37.620+0530] {dag.py:3823} INFO - Setting next_dagrun for example_params_ui_tutorial to None, run_after=None
[2024-04-08T00:40:37.670+0530] {processor.py:183} INFO - Processing /home/lucky/.local/lib/python3.10/site-packages/airflow/example_dags/example_params_ui_tutorial.py took 0.188 seconds
[2024-04-08T00:41:55.025+0530] {processor.py:161} INFO - Started process (PID=21424) to work on /home/lucky/.local/lib/python3.10/site-packages/airflow/example_dags/example_params_ui_tutorial.py
[2024-04-08T00:41:55.037+0530] {processor.py:830} INFO - Processing file /home/lucky/.local/lib/python3.10/site-packages/airflow/example_dags/example_params_ui_tutorial.py for tasks to queue
[2024-04-08T00:41:55.041+0530] {logging_mixin.py:188} INFO - [2024-04-08T00:41:55.039+0530] {dagbag.py:538} INFO - Filling up the DagBag from /home/lucky/.local/lib/python3.10/site-packages/airflow/example_dags/example_params_ui_tutorial.py
[2024-04-08T00:41:55.069+0530] {processor.py:840} INFO - DAG(s) 'example_params_ui_tutorial' retrieved from /home/lucky/.local/lib/python3.10/site-packages/airflow/example_dags/example_params_ui_tutorial.py
[2024-04-08T00:41:55.188+0530] {logging_mixin.py:188} INFO - [2024-04-08T00:41:55.188+0530] {dag.py:3036} INFO - Sync 1 DAGs
[2024-04-08T00:41:55.210+0530] {logging_mixin.py:188} INFO - [2024-04-08T00:41:55.209+0530] {dag.py:3823} INFO - Setting next_dagrun for example_params_ui_tutorial to None, run_after=None
[2024-04-08T00:41:55.257+0530] {processor.py:183} INFO - Processing /home/lucky/.local/lib/python3.10/site-packages/airflow/example_dags/example_params_ui_tutorial.py took 0.239 seconds
[2024-04-08T00:42:57.228+0530] {processor.py:161} INFO - Started process (PID=22192) to work on /home/lucky/.local/lib/python3.10/site-packages/airflow/example_dags/example_params_ui_tutorial.py
[2024-04-08T00:42:57.231+0530] {processor.py:830} INFO - Processing file /home/lucky/.local/lib/python3.10/site-packages/airflow/example_dags/example_params_ui_tutorial.py for tasks to queue
[2024-04-08T00:42:57.233+0530] {logging_mixin.py:188} INFO - [2024-04-08T00:42:57.232+0530] {dagbag.py:538} INFO - Filling up the DagBag from /home/lucky/.local/lib/python3.10/site-packages/airflow/example_dags/example_params_ui_tutorial.py
[2024-04-08T00:42:57.273+0530] {processor.py:840} INFO - DAG(s) 'example_params_ui_tutorial' retrieved from /home/lucky/.local/lib/python3.10/site-packages/airflow/example_dags/example_params_ui_tutorial.py
[2024-04-08T00:42:57.477+0530] {logging_mixin.py:188} INFO - [2024-04-08T00:42:57.476+0530] {dag.py:3036} INFO - Sync 1 DAGs
[2024-04-08T00:42:57.516+0530] {logging_mixin.py:188} INFO - [2024-04-08T00:42:57.516+0530] {dag.py:3823} INFO - Setting next_dagrun for example_params_ui_tutorial to None, run_after=None
[2024-04-08T00:42:57.583+0530] {processor.py:183} INFO - Processing /home/lucky/.local/lib/python3.10/site-packages/airflow/example_dags/example_params_ui_tutorial.py took 0.364 seconds
[2024-04-08T00:44:01.286+0530] {processor.py:161} INFO - Started process (PID=23262) to work on /home/lucky/.local/lib/python3.10/site-packages/airflow/example_dags/example_params_ui_tutorial.py
[2024-04-08T00:44:01.298+0530] {processor.py:830} INFO - Processing file /home/lucky/.local/lib/python3.10/site-packages/airflow/example_dags/example_params_ui_tutorial.py for tasks to queue
[2024-04-08T00:44:01.300+0530] {logging_mixin.py:188} INFO - [2024-04-08T00:44:01.299+0530] {dagbag.py:538} INFO - Filling up the DagBag from /home/lucky/.local/lib/python3.10/site-packages/airflow/example_dags/example_params_ui_tutorial.py
[2024-04-08T00:44:01.314+0530] {processor.py:840} INFO - DAG(s) 'example_params_ui_tutorial' retrieved from /home/lucky/.local/lib/python3.10/site-packages/airflow/example_dags/example_params_ui_tutorial.py
[2024-04-08T00:44:01.379+0530] {logging_mixin.py:188} INFO - [2024-04-08T00:44:01.379+0530] {dag.py:3036} INFO - Sync 1 DAGs
[2024-04-08T00:44:01.398+0530] {logging_mixin.py:188} INFO - [2024-04-08T00:44:01.398+0530] {dag.py:3823} INFO - Setting next_dagrun for example_params_ui_tutorial to None, run_after=None
[2024-04-08T00:44:01.436+0530] {processor.py:183} INFO - Processing /home/lucky/.local/lib/python3.10/site-packages/airflow/example_dags/example_params_ui_tutorial.py took 0.155 seconds
[2024-04-08T00:44:53.667+0530] {processor.py:161} INFO - Started process (PID=23987) to work on /home/lucky/.local/lib/python3.10/site-packages/airflow/example_dags/example_params_ui_tutorial.py
[2024-04-08T00:44:53.668+0530] {processor.py:830} INFO - Processing file /home/lucky/.local/lib/python3.10/site-packages/airflow/example_dags/example_params_ui_tutorial.py for tasks to queue
[2024-04-08T00:44:53.669+0530] {logging_mixin.py:188} INFO - [2024-04-08T00:44:53.669+0530] {dagbag.py:538} INFO - Filling up the DagBag from /home/lucky/.local/lib/python3.10/site-packages/airflow/example_dags/example_params_ui_tutorial.py
[2024-04-08T00:44:53.681+0530] {processor.py:840} INFO - DAG(s) 'example_params_ui_tutorial' retrieved from /home/lucky/.local/lib/python3.10/site-packages/airflow/example_dags/example_params_ui_tutorial.py
[2024-04-08T00:44:53.760+0530] {logging_mixin.py:188} INFO - [2024-04-08T00:44:53.760+0530] {dag.py:3036} INFO - Sync 1 DAGs
[2024-04-08T00:44:53.778+0530] {logging_mixin.py:188} INFO - [2024-04-08T00:44:53.778+0530] {dag.py:3823} INFO - Setting next_dagrun for example_params_ui_tutorial to None, run_after=None
[2024-04-08T00:44:53.812+0530] {processor.py:183} INFO - Processing /home/lucky/.local/lib/python3.10/site-packages/airflow/example_dags/example_params_ui_tutorial.py took 0.148 seconds
[2024-04-08T00:45:49.097+0530] {processor.py:161} INFO - Started process (PID=24821) to work on /home/lucky/.local/lib/python3.10/site-packages/airflow/example_dags/example_params_ui_tutorial.py
[2024-04-08T00:45:49.099+0530] {processor.py:830} INFO - Processing file /home/lucky/.local/lib/python3.10/site-packages/airflow/example_dags/example_params_ui_tutorial.py for tasks to queue
[2024-04-08T00:45:49.100+0530] {logging_mixin.py:188} INFO - [2024-04-08T00:45:49.099+0530] {dagbag.py:538} INFO - Filling up the DagBag from /home/lucky/.local/lib/python3.10/site-packages/airflow/example_dags/example_params_ui_tutorial.py
[2024-04-08T00:45:49.114+0530] {processor.py:840} INFO - DAG(s) 'example_params_ui_tutorial' retrieved from /home/lucky/.local/lib/python3.10/site-packages/airflow/example_dags/example_params_ui_tutorial.py
[2024-04-08T00:45:49.160+0530] {logging_mixin.py:188} INFO - [2024-04-08T00:45:49.160+0530] {dag.py:3036} INFO - Sync 1 DAGs
[2024-04-08T00:45:49.170+0530] {logging_mixin.py:188} INFO - [2024-04-08T00:45:49.170+0530] {dag.py:3823} INFO - Setting next_dagrun for example_params_ui_tutorial to None, run_after=None
[2024-04-08T00:45:49.194+0530] {processor.py:183} INFO - Processing /home/lucky/.local/lib/python3.10/site-packages/airflow/example_dags/example_params_ui_tutorial.py took 0.099 seconds
[2024-04-08T00:46:44.465+0530] {processor.py:161} INFO - Started process (PID=25753) to work on /home/lucky/.local/lib/python3.10/site-packages/airflow/example_dags/example_params_ui_tutorial.py
[2024-04-08T00:46:44.467+0530] {processor.py:830} INFO - Processing file /home/lucky/.local/lib/python3.10/site-packages/airflow/example_dags/example_params_ui_tutorial.py for tasks to queue
[2024-04-08T00:46:44.468+0530] {logging_mixin.py:188} INFO - [2024-04-08T00:46:44.468+0530] {dagbag.py:538} INFO - Filling up the DagBag from /home/lucky/.local/lib/python3.10/site-packages/airflow/example_dags/example_params_ui_tutorial.py
[2024-04-08T00:46:44.483+0530] {processor.py:840} INFO - DAG(s) 'example_params_ui_tutorial' retrieved from /home/lucky/.local/lib/python3.10/site-packages/airflow/example_dags/example_params_ui_tutorial.py
[2024-04-08T00:46:44.561+0530] {logging_mixin.py:188} INFO - [2024-04-08T00:46:44.560+0530] {dag.py:3036} INFO - Sync 1 DAGs
[2024-04-08T00:46:44.580+0530] {logging_mixin.py:188} INFO - [2024-04-08T00:46:44.580+0530] {dag.py:3823} INFO - Setting next_dagrun for example_params_ui_tutorial to None, run_after=None
[2024-04-08T00:46:44.608+0530] {processor.py:183} INFO - Processing /home/lucky/.local/lib/python3.10/site-packages/airflow/example_dags/example_params_ui_tutorial.py took 0.147 seconds
[2024-04-08T00:47:58.545+0530] {processor.py:161} INFO - Started process (PID=26926) to work on /home/lucky/.local/lib/python3.10/site-packages/airflow/example_dags/example_params_ui_tutorial.py
[2024-04-08T00:47:58.546+0530] {processor.py:830} INFO - Processing file /home/lucky/.local/lib/python3.10/site-packages/airflow/example_dags/example_params_ui_tutorial.py for tasks to queue
[2024-04-08T00:47:58.548+0530] {logging_mixin.py:188} INFO - [2024-04-08T00:47:58.547+0530] {dagbag.py:538} INFO - Filling up the DagBag from /home/lucky/.local/lib/python3.10/site-packages/airflow/example_dags/example_params_ui_tutorial.py
[2024-04-08T00:47:58.561+0530] {processor.py:840} INFO - DAG(s) 'example_params_ui_tutorial' retrieved from /home/lucky/.local/lib/python3.10/site-packages/airflow/example_dags/example_params_ui_tutorial.py
[2024-04-08T00:47:58.622+0530] {logging_mixin.py:188} INFO - [2024-04-08T00:47:58.622+0530] {dag.py:3036} INFO - Sync 1 DAGs
[2024-04-08T00:47:58.641+0530] {logging_mixin.py:188} INFO - [2024-04-08T00:47:58.641+0530] {dag.py:3823} INFO - Setting next_dagrun for example_params_ui_tutorial to None, run_after=None
[2024-04-08T00:47:58.679+0530] {processor.py:183} INFO - Processing /home/lucky/.local/lib/python3.10/site-packages/airflow/example_dags/example_params_ui_tutorial.py took 0.137 seconds
[2024-04-08T00:49:09.361+0530] {processor.py:161} INFO - Started process (PID=27788) to work on /home/lucky/.local/lib/python3.10/site-packages/airflow/example_dags/example_params_ui_tutorial.py
[2024-04-08T00:49:09.363+0530] {processor.py:830} INFO - Processing file /home/lucky/.local/lib/python3.10/site-packages/airflow/example_dags/example_params_ui_tutorial.py for tasks to queue
[2024-04-08T00:49:09.364+0530] {logging_mixin.py:188} INFO - [2024-04-08T00:49:09.364+0530] {dagbag.py:538} INFO - Filling up the DagBag from /home/lucky/.local/lib/python3.10/site-packages/airflow/example_dags/example_params_ui_tutorial.py
[2024-04-08T00:49:09.375+0530] {processor.py:840} INFO - DAG(s) 'example_params_ui_tutorial' retrieved from /home/lucky/.local/lib/python3.10/site-packages/airflow/example_dags/example_params_ui_tutorial.py
[2024-04-08T00:49:09.429+0530] {logging_mixin.py:188} INFO - [2024-04-08T00:49:09.429+0530] {dag.py:3036} INFO - Sync 1 DAGs
[2024-04-08T00:49:09.444+0530] {logging_mixin.py:188} INFO - [2024-04-08T00:49:09.444+0530] {dag.py:3823} INFO - Setting next_dagrun for example_params_ui_tutorial to None, run_after=None
[2024-04-08T00:49:09.478+0530] {processor.py:183} INFO - Processing /home/lucky/.local/lib/python3.10/site-packages/airflow/example_dags/example_params_ui_tutorial.py took 0.120 seconds
[2024-04-08T00:50:21.578+0530] {processor.py:161} INFO - Started process (PID=28970) to work on /home/lucky/.local/lib/python3.10/site-packages/airflow/example_dags/example_params_ui_tutorial.py
[2024-04-08T00:50:21.579+0530] {processor.py:830} INFO - Processing file /home/lucky/.local/lib/python3.10/site-packages/airflow/example_dags/example_params_ui_tutorial.py for tasks to queue
[2024-04-08T00:50:21.581+0530] {logging_mixin.py:188} INFO - [2024-04-08T00:50:21.580+0530] {dagbag.py:538} INFO - Filling up the DagBag from /home/lucky/.local/lib/python3.10/site-packages/airflow/example_dags/example_params_ui_tutorial.py
[2024-04-08T00:50:21.594+0530] {processor.py:840} INFO - DAG(s) 'example_params_ui_tutorial' retrieved from /home/lucky/.local/lib/python3.10/site-packages/airflow/example_dags/example_params_ui_tutorial.py
[2024-04-08T00:50:21.693+0530] {logging_mixin.py:188} INFO - [2024-04-08T00:50:21.692+0530] {dag.py:3036} INFO - Sync 1 DAGs
[2024-04-08T00:50:21.708+0530] {logging_mixin.py:188} INFO - [2024-04-08T00:50:21.708+0530] {dag.py:3823} INFO - Setting next_dagrun for example_params_ui_tutorial to None, run_after=None
[2024-04-08T00:50:21.738+0530] {processor.py:183} INFO - Processing /home/lucky/.local/lib/python3.10/site-packages/airflow/example_dags/example_params_ui_tutorial.py took 0.163 seconds
[2024-04-08T00:51:20.579+0530] {processor.py:161} INFO - Started process (PID=29906) to work on /home/lucky/.local/lib/python3.10/site-packages/airflow/example_dags/example_params_ui_tutorial.py
[2024-04-08T00:51:20.581+0530] {processor.py:830} INFO - Processing file /home/lucky/.local/lib/python3.10/site-packages/airflow/example_dags/example_params_ui_tutorial.py for tasks to queue
[2024-04-08T00:51:20.583+0530] {logging_mixin.py:188} INFO - [2024-04-08T00:51:20.583+0530] {dagbag.py:538} INFO - Filling up the DagBag from /home/lucky/.local/lib/python3.10/site-packages/airflow/example_dags/example_params_ui_tutorial.py
[2024-04-08T00:51:20.611+0530] {processor.py:840} INFO - DAG(s) 'example_params_ui_tutorial' retrieved from /home/lucky/.local/lib/python3.10/site-packages/airflow/example_dags/example_params_ui_tutorial.py
[2024-04-08T00:51:20.721+0530] {logging_mixin.py:188} INFO - [2024-04-08T00:51:20.720+0530] {dag.py:3036} INFO - Sync 1 DAGs
[2024-04-08T00:51:20.749+0530] {logging_mixin.py:188} INFO - [2024-04-08T00:51:20.749+0530] {dag.py:3823} INFO - Setting next_dagrun for example_params_ui_tutorial to None, run_after=None
[2024-04-08T00:51:20.806+0530] {processor.py:183} INFO - Processing /home/lucky/.local/lib/python3.10/site-packages/airflow/example_dags/example_params_ui_tutorial.py took 0.231 seconds
[2024-04-08T00:52:16.829+0530] {processor.py:161} INFO - Started process (PID=30867) to work on /home/lucky/.local/lib/python3.10/site-packages/airflow/example_dags/example_params_ui_tutorial.py
[2024-04-08T00:52:16.831+0530] {processor.py:830} INFO - Processing file /home/lucky/.local/lib/python3.10/site-packages/airflow/example_dags/example_params_ui_tutorial.py for tasks to queue
[2024-04-08T00:52:16.833+0530] {logging_mixin.py:188} INFO - [2024-04-08T00:52:16.832+0530] {dagbag.py:538} INFO - Filling up the DagBag from /home/lucky/.local/lib/python3.10/site-packages/airflow/example_dags/example_params_ui_tutorial.py
[2024-04-08T00:52:16.901+0530] {processor.py:840} INFO - DAG(s) 'example_params_ui_tutorial' retrieved from /home/lucky/.local/lib/python3.10/site-packages/airflow/example_dags/example_params_ui_tutorial.py
[2024-04-08T00:52:17.073+0530] {logging_mixin.py:188} INFO - [2024-04-08T00:52:17.072+0530] {dag.py:3036} INFO - Sync 1 DAGs
[2024-04-08T00:52:17.100+0530] {logging_mixin.py:188} INFO - [2024-04-08T00:52:17.100+0530] {dag.py:3823} INFO - Setting next_dagrun for example_params_ui_tutorial to None, run_after=None
[2024-04-08T00:52:17.151+0530] {processor.py:183} INFO - Processing /home/lucky/.local/lib/python3.10/site-packages/airflow/example_dags/example_params_ui_tutorial.py took 0.326 seconds
[2024-04-08T00:53:36.473+0530] {processor.py:161} INFO - Started process (PID=31793) to work on /home/lucky/.local/lib/python3.10/site-packages/airflow/example_dags/example_params_ui_tutorial.py
[2024-04-08T00:53:36.475+0530] {processor.py:830} INFO - Processing file /home/lucky/.local/lib/python3.10/site-packages/airflow/example_dags/example_params_ui_tutorial.py for tasks to queue
[2024-04-08T00:53:36.476+0530] {logging_mixin.py:188} INFO - [2024-04-08T00:53:36.476+0530] {dagbag.py:538} INFO - Filling up the DagBag from /home/lucky/.local/lib/python3.10/site-packages/airflow/example_dags/example_params_ui_tutorial.py
[2024-04-08T00:53:36.488+0530] {processor.py:840} INFO - DAG(s) 'example_params_ui_tutorial' retrieved from /home/lucky/.local/lib/python3.10/site-packages/airflow/example_dags/example_params_ui_tutorial.py
[2024-04-08T00:53:36.541+0530] {logging_mixin.py:188} INFO - [2024-04-08T00:53:36.540+0530] {dag.py:3036} INFO - Sync 1 DAGs
[2024-04-08T00:53:36.555+0530] {logging_mixin.py:188} INFO - [2024-04-08T00:53:36.554+0530] {dag.py:3823} INFO - Setting next_dagrun for example_params_ui_tutorial to None, run_after=None
[2024-04-08T00:53:36.585+0530] {processor.py:183} INFO - Processing /home/lucky/.local/lib/python3.10/site-packages/airflow/example_dags/example_params_ui_tutorial.py took 0.114 seconds
[2024-04-08T00:54:31.418+0530] {processor.py:161} INFO - Started process (PID=32713) to work on /home/lucky/.local/lib/python3.10/site-packages/airflow/example_dags/example_params_ui_tutorial.py
[2024-04-08T00:54:31.420+0530] {processor.py:830} INFO - Processing file /home/lucky/.local/lib/python3.10/site-packages/airflow/example_dags/example_params_ui_tutorial.py for tasks to queue
[2024-04-08T00:54:31.422+0530] {logging_mixin.py:188} INFO - [2024-04-08T00:54:31.421+0530] {dagbag.py:538} INFO - Filling up the DagBag from /home/lucky/.local/lib/python3.10/site-packages/airflow/example_dags/example_params_ui_tutorial.py
[2024-04-08T00:54:31.434+0530] {processor.py:840} INFO - DAG(s) 'example_params_ui_tutorial' retrieved from /home/lucky/.local/lib/python3.10/site-packages/airflow/example_dags/example_params_ui_tutorial.py
[2024-04-08T00:54:31.493+0530] {logging_mixin.py:188} INFO - [2024-04-08T00:54:31.493+0530] {dag.py:3036} INFO - Sync 1 DAGs
[2024-04-08T00:54:31.512+0530] {logging_mixin.py:188} INFO - [2024-04-08T00:54:31.512+0530] {dag.py:3823} INFO - Setting next_dagrun for example_params_ui_tutorial to None, run_after=None
[2024-04-08T00:54:31.547+0530] {processor.py:183} INFO - Processing /home/lucky/.local/lib/python3.10/site-packages/airflow/example_dags/example_params_ui_tutorial.py took 0.132 seconds
[2024-04-08T00:55:47.103+0530] {processor.py:161} INFO - Started process (PID=33935) to work on /home/lucky/.local/lib/python3.10/site-packages/airflow/example_dags/example_params_ui_tutorial.py
[2024-04-08T00:55:47.105+0530] {processor.py:830} INFO - Processing file /home/lucky/.local/lib/python3.10/site-packages/airflow/example_dags/example_params_ui_tutorial.py for tasks to queue
[2024-04-08T00:55:47.107+0530] {logging_mixin.py:188} INFO - [2024-04-08T00:55:47.106+0530] {dagbag.py:538} INFO - Filling up the DagBag from /home/lucky/.local/lib/python3.10/site-packages/airflow/example_dags/example_params_ui_tutorial.py
[2024-04-08T00:55:47.123+0530] {processor.py:840} INFO - DAG(s) 'example_params_ui_tutorial' retrieved from /home/lucky/.local/lib/python3.10/site-packages/airflow/example_dags/example_params_ui_tutorial.py
[2024-04-08T00:55:47.188+0530] {logging_mixin.py:188} INFO - [2024-04-08T00:55:47.188+0530] {dag.py:3036} INFO - Sync 1 DAGs
[2024-04-08T00:55:47.204+0530] {logging_mixin.py:188} INFO - [2024-04-08T00:55:47.204+0530] {dag.py:3823} INFO - Setting next_dagrun for example_params_ui_tutorial to None, run_after=None
[2024-04-08T00:55:47.253+0530] {processor.py:183} INFO - Processing /home/lucky/.local/lib/python3.10/site-packages/airflow/example_dags/example_params_ui_tutorial.py took 0.155 seconds
[2024-04-08T00:56:53.433+0530] {processor.py:161} INFO - Started process (PID=35006) to work on /home/lucky/.local/lib/python3.10/site-packages/airflow/example_dags/example_params_ui_tutorial.py
[2024-04-08T00:56:53.434+0530] {processor.py:830} INFO - Processing file /home/lucky/.local/lib/python3.10/site-packages/airflow/example_dags/example_params_ui_tutorial.py for tasks to queue
[2024-04-08T00:56:53.435+0530] {logging_mixin.py:188} INFO - [2024-04-08T00:56:53.435+0530] {dagbag.py:538} INFO - Filling up the DagBag from /home/lucky/.local/lib/python3.10/site-packages/airflow/example_dags/example_params_ui_tutorial.py
[2024-04-08T00:56:53.449+0530] {processor.py:840} INFO - DAG(s) 'example_params_ui_tutorial' retrieved from /home/lucky/.local/lib/python3.10/site-packages/airflow/example_dags/example_params_ui_tutorial.py
[2024-04-08T00:56:53.508+0530] {logging_mixin.py:188} INFO - [2024-04-08T00:56:53.508+0530] {dag.py:3036} INFO - Sync 1 DAGs
[2024-04-08T00:56:53.522+0530] {logging_mixin.py:188} INFO - [2024-04-08T00:56:53.521+0530] {dag.py:3823} INFO - Setting next_dagrun for example_params_ui_tutorial to None, run_after=None
[2024-04-08T00:56:53.554+0530] {processor.py:183} INFO - Processing /home/lucky/.local/lib/python3.10/site-packages/airflow/example_dags/example_params_ui_tutorial.py took 0.125 seconds
[2024-04-08T00:58:24.746+0530] {processor.py:161} INFO - Started process (PID=36361) to work on /home/lucky/.local/lib/python3.10/site-packages/airflow/example_dags/example_params_ui_tutorial.py
[2024-04-08T00:58:24.752+0530] {processor.py:830} INFO - Processing file /home/lucky/.local/lib/python3.10/site-packages/airflow/example_dags/example_params_ui_tutorial.py for tasks to queue
[2024-04-08T00:58:24.753+0530] {logging_mixin.py:188} INFO - [2024-04-08T00:58:24.753+0530] {dagbag.py:538} INFO - Filling up the DagBag from /home/lucky/.local/lib/python3.10/site-packages/airflow/example_dags/example_params_ui_tutorial.py
[2024-04-08T00:58:24.770+0530] {processor.py:840} INFO - DAG(s) 'example_params_ui_tutorial' retrieved from /home/lucky/.local/lib/python3.10/site-packages/airflow/example_dags/example_params_ui_tutorial.py
[2024-04-08T00:58:24.860+0530] {logging_mixin.py:188} INFO - [2024-04-08T00:58:24.859+0530] {dag.py:3036} INFO - Sync 1 DAGs
[2024-04-08T00:58:24.887+0530] {logging_mixin.py:188} INFO - [2024-04-08T00:58:24.886+0530] {dag.py:3823} INFO - Setting next_dagrun for example_params_ui_tutorial to None, run_after=None
[2024-04-08T00:58:24.961+0530] {processor.py:183} INFO - Processing /home/lucky/.local/lib/python3.10/site-packages/airflow/example_dags/example_params_ui_tutorial.py took 0.218 seconds
[2024-04-08T00:59:26.555+0530] {processor.py:161} INFO - Started process (PID=37106) to work on /home/lucky/.local/lib/python3.10/site-packages/airflow/example_dags/example_params_ui_tutorial.py
[2024-04-08T00:59:26.557+0530] {processor.py:830} INFO - Processing file /home/lucky/.local/lib/python3.10/site-packages/airflow/example_dags/example_params_ui_tutorial.py for tasks to queue
[2024-04-08T00:59:26.559+0530] {logging_mixin.py:188} INFO - [2024-04-08T00:59:26.558+0530] {dagbag.py:538} INFO - Filling up the DagBag from /home/lucky/.local/lib/python3.10/site-packages/airflow/example_dags/example_params_ui_tutorial.py
[2024-04-08T00:59:26.581+0530] {processor.py:840} INFO - DAG(s) 'example_params_ui_tutorial' retrieved from /home/lucky/.local/lib/python3.10/site-packages/airflow/example_dags/example_params_ui_tutorial.py
[2024-04-08T00:59:26.700+0530] {logging_mixin.py:188} INFO - [2024-04-08T00:59:26.699+0530] {dag.py:3036} INFO - Sync 1 DAGs
[2024-04-08T00:59:26.722+0530] {logging_mixin.py:188} INFO - [2024-04-08T00:59:26.722+0530] {dag.py:3823} INFO - Setting next_dagrun for example_params_ui_tutorial to None, run_after=None
[2024-04-08T00:59:26.768+0530] {processor.py:183} INFO - Processing /home/lucky/.local/lib/python3.10/site-packages/airflow/example_dags/example_params_ui_tutorial.py took 0.216 seconds
[2024-04-08T01:18:26.612+0530] {processor.py:161} INFO - Started process (PID=54882) to work on /home/lucky/.local/lib/python3.10/site-packages/airflow/example_dags/example_params_ui_tutorial.py
[2024-04-08T01:18:26.615+0530] {processor.py:830} INFO - Processing file /home/lucky/.local/lib/python3.10/site-packages/airflow/example_dags/example_params_ui_tutorial.py for tasks to queue
[2024-04-08T01:18:26.616+0530] {logging_mixin.py:188} INFO - [2024-04-08T01:18:26.616+0530] {dagbag.py:538} INFO - Filling up the DagBag from /home/lucky/.local/lib/python3.10/site-packages/airflow/example_dags/example_params_ui_tutorial.py
[2024-04-08T01:18:26.632+0530] {processor.py:840} INFO - DAG(s) 'example_params_ui_tutorial' retrieved from /home/lucky/.local/lib/python3.10/site-packages/airflow/example_dags/example_params_ui_tutorial.py
[2024-04-08T01:18:26.703+0530] {logging_mixin.py:188} INFO - [2024-04-08T01:18:26.702+0530] {dag.py:3036} INFO - Sync 1 DAGs
[2024-04-08T01:18:26.718+0530] {logging_mixin.py:188} INFO - [2024-04-08T01:18:26.718+0530] {dag.py:3823} INFO - Setting next_dagrun for example_params_ui_tutorial to None, run_after=None
[2024-04-08T01:18:26.749+0530] {processor.py:183} INFO - Processing /home/lucky/.local/lib/python3.10/site-packages/airflow/example_dags/example_params_ui_tutorial.py took 0.142 seconds
[2024-04-08T01:19:22.287+0530] {processor.py:161} INFO - Started process (PID=55625) to work on /home/lucky/.local/lib/python3.10/site-packages/airflow/example_dags/example_params_ui_tutorial.py
[2024-04-08T01:19:22.289+0530] {processor.py:830} INFO - Processing file /home/lucky/.local/lib/python3.10/site-packages/airflow/example_dags/example_params_ui_tutorial.py for tasks to queue
[2024-04-08T01:19:22.290+0530] {logging_mixin.py:188} INFO - [2024-04-08T01:19:22.290+0530] {dagbag.py:538} INFO - Filling up the DagBag from /home/lucky/.local/lib/python3.10/site-packages/airflow/example_dags/example_params_ui_tutorial.py
[2024-04-08T01:19:22.300+0530] {processor.py:840} INFO - DAG(s) 'example_params_ui_tutorial' retrieved from /home/lucky/.local/lib/python3.10/site-packages/airflow/example_dags/example_params_ui_tutorial.py
[2024-04-08T01:19:22.342+0530] {logging_mixin.py:188} INFO - [2024-04-08T01:19:22.342+0530] {dag.py:3036} INFO - Sync 1 DAGs
[2024-04-08T01:19:22.352+0530] {logging_mixin.py:188} INFO - [2024-04-08T01:19:22.352+0530] {dag.py:3823} INFO - Setting next_dagrun for example_params_ui_tutorial to None, run_after=None
[2024-04-08T01:19:22.373+0530] {processor.py:183} INFO - Processing /home/lucky/.local/lib/python3.10/site-packages/airflow/example_dags/example_params_ui_tutorial.py took 0.089 seconds
[2024-04-08T01:20:30.674+0530] {processor.py:161} INFO - Started process (PID=56759) to work on /home/lucky/.local/lib/python3.10/site-packages/airflow/example_dags/example_params_ui_tutorial.py
[2024-04-08T01:20:30.677+0530] {processor.py:830} INFO - Processing file /home/lucky/.local/lib/python3.10/site-packages/airflow/example_dags/example_params_ui_tutorial.py for tasks to queue
[2024-04-08T01:20:30.679+0530] {logging_mixin.py:188} INFO - [2024-04-08T01:20:30.678+0530] {dagbag.py:538} INFO - Filling up the DagBag from /home/lucky/.local/lib/python3.10/site-packages/airflow/example_dags/example_params_ui_tutorial.py
[2024-04-08T01:20:30.698+0530] {processor.py:840} INFO - DAG(s) 'example_params_ui_tutorial' retrieved from /home/lucky/.local/lib/python3.10/site-packages/airflow/example_dags/example_params_ui_tutorial.py
[2024-04-08T01:20:30.766+0530] {logging_mixin.py:188} INFO - [2024-04-08T01:20:30.765+0530] {dag.py:3036} INFO - Sync 1 DAGs
[2024-04-08T01:20:30.782+0530] {logging_mixin.py:188} INFO - [2024-04-08T01:20:30.782+0530] {dag.py:3823} INFO - Setting next_dagrun for example_params_ui_tutorial to None, run_after=None
[2024-04-08T01:20:30.826+0530] {processor.py:183} INFO - Processing /home/lucky/.local/lib/python3.10/site-packages/airflow/example_dags/example_params_ui_tutorial.py took 0.155 seconds
[2024-04-08T01:21:46.470+0530] {processor.py:161} INFO - Started process (PID=57914) to work on /home/lucky/.local/lib/python3.10/site-packages/airflow/example_dags/example_params_ui_tutorial.py
[2024-04-08T01:21:46.473+0530] {processor.py:830} INFO - Processing file /home/lucky/.local/lib/python3.10/site-packages/airflow/example_dags/example_params_ui_tutorial.py for tasks to queue
[2024-04-08T01:21:46.474+0530] {logging_mixin.py:188} INFO - [2024-04-08T01:21:46.474+0530] {dagbag.py:538} INFO - Filling up the DagBag from /home/lucky/.local/lib/python3.10/site-packages/airflow/example_dags/example_params_ui_tutorial.py
[2024-04-08T01:21:46.497+0530] {processor.py:840} INFO - DAG(s) 'example_params_ui_tutorial' retrieved from /home/lucky/.local/lib/python3.10/site-packages/airflow/example_dags/example_params_ui_tutorial.py
[2024-04-08T01:21:46.608+0530] {logging_mixin.py:188} INFO - [2024-04-08T01:21:46.606+0530] {dag.py:3036} INFO - Sync 1 DAGs
[2024-04-08T01:21:46.630+0530] {logging_mixin.py:188} INFO - [2024-04-08T01:21:46.629+0530] {dag.py:3823} INFO - Setting next_dagrun for example_params_ui_tutorial to None, run_after=None
[2024-04-08T01:21:46.667+0530] {processor.py:183} INFO - Processing /home/lucky/.local/lib/python3.10/site-packages/airflow/example_dags/example_params_ui_tutorial.py took 0.203 seconds
[2024-04-08T01:22:41.300+0530] {processor.py:161} INFO - Started process (PID=58860) to work on /home/lucky/.local/lib/python3.10/site-packages/airflow/example_dags/example_params_ui_tutorial.py
[2024-04-08T01:22:41.302+0530] {processor.py:830} INFO - Processing file /home/lucky/.local/lib/python3.10/site-packages/airflow/example_dags/example_params_ui_tutorial.py for tasks to queue
[2024-04-08T01:22:41.303+0530] {logging_mixin.py:188} INFO - [2024-04-08T01:22:41.302+0530] {dagbag.py:538} INFO - Filling up the DagBag from /home/lucky/.local/lib/python3.10/site-packages/airflow/example_dags/example_params_ui_tutorial.py
[2024-04-08T01:22:41.320+0530] {processor.py:840} INFO - DAG(s) 'example_params_ui_tutorial' retrieved from /home/lucky/.local/lib/python3.10/site-packages/airflow/example_dags/example_params_ui_tutorial.py
[2024-04-08T01:22:41.371+0530] {logging_mixin.py:188} INFO - [2024-04-08T01:22:41.370+0530] {dag.py:3036} INFO - Sync 1 DAGs
[2024-04-08T01:22:41.389+0530] {logging_mixin.py:188} INFO - [2024-04-08T01:22:41.389+0530] {dag.py:3823} INFO - Setting next_dagrun for example_params_ui_tutorial to None, run_after=None
[2024-04-08T01:22:41.433+0530] {processor.py:183} INFO - Processing /home/lucky/.local/lib/python3.10/site-packages/airflow/example_dags/example_params_ui_tutorial.py took 0.136 seconds
[2024-04-08T01:23:51.051+0530] {processor.py:161} INFO - Started process (PID=59709) to work on /home/lucky/.local/lib/python3.10/site-packages/airflow/example_dags/example_params_ui_tutorial.py
[2024-04-08T01:23:51.053+0530] {processor.py:830} INFO - Processing file /home/lucky/.local/lib/python3.10/site-packages/airflow/example_dags/example_params_ui_tutorial.py for tasks to queue
[2024-04-08T01:23:51.055+0530] {logging_mixin.py:188} INFO - [2024-04-08T01:23:51.055+0530] {dagbag.py:538} INFO - Filling up the DagBag from /home/lucky/.local/lib/python3.10/site-packages/airflow/example_dags/example_params_ui_tutorial.py
[2024-04-08T01:23:51.073+0530] {processor.py:840} INFO - DAG(s) 'example_params_ui_tutorial' retrieved from /home/lucky/.local/lib/python3.10/site-packages/airflow/example_dags/example_params_ui_tutorial.py
[2024-04-08T01:23:51.140+0530] {logging_mixin.py:188} INFO - [2024-04-08T01:23:51.140+0530] {dag.py:3036} INFO - Sync 1 DAGs
[2024-04-08T01:23:51.155+0530] {logging_mixin.py:188} INFO - [2024-04-08T01:23:51.155+0530] {dag.py:3823} INFO - Setting next_dagrun for example_params_ui_tutorial to None, run_after=None
[2024-04-08T01:23:51.189+0530] {processor.py:183} INFO - Processing /home/lucky/.local/lib/python3.10/site-packages/airflow/example_dags/example_params_ui_tutorial.py took 0.143 seconds
[2024-04-08T01:25:01.081+0530] {processor.py:161} INFO - Started process (PID=60801) to work on /home/lucky/.local/lib/python3.10/site-packages/airflow/example_dags/example_params_ui_tutorial.py
[2024-04-08T01:25:01.083+0530] {processor.py:830} INFO - Processing file /home/lucky/.local/lib/python3.10/site-packages/airflow/example_dags/example_params_ui_tutorial.py for tasks to queue
[2024-04-08T01:25:01.084+0530] {logging_mixin.py:188} INFO - [2024-04-08T01:25:01.084+0530] {dagbag.py:538} INFO - Filling up the DagBag from /home/lucky/.local/lib/python3.10/site-packages/airflow/example_dags/example_params_ui_tutorial.py
[2024-04-08T01:25:01.097+0530] {processor.py:840} INFO - DAG(s) 'example_params_ui_tutorial' retrieved from /home/lucky/.local/lib/python3.10/site-packages/airflow/example_dags/example_params_ui_tutorial.py
[2024-04-08T01:25:01.146+0530] {logging_mixin.py:188} INFO - [2024-04-08T01:25:01.145+0530] {dag.py:3036} INFO - Sync 1 DAGs
[2024-04-08T01:25:01.157+0530] {logging_mixin.py:188} INFO - [2024-04-08T01:25:01.157+0530] {dag.py:3823} INFO - Setting next_dagrun for example_params_ui_tutorial to None, run_after=None
[2024-04-08T01:25:01.183+0530] {processor.py:183} INFO - Processing /home/lucky/.local/lib/python3.10/site-packages/airflow/example_dags/example_params_ui_tutorial.py took 0.106 seconds
[2024-04-08T01:26:12.885+0530] {processor.py:161} INFO - Started process (PID=61960) to work on /home/lucky/.local/lib/python3.10/site-packages/airflow/example_dags/example_params_ui_tutorial.py
[2024-04-08T01:26:12.887+0530] {processor.py:830} INFO - Processing file /home/lucky/.local/lib/python3.10/site-packages/airflow/example_dags/example_params_ui_tutorial.py for tasks to queue
[2024-04-08T01:26:12.888+0530] {logging_mixin.py:188} INFO - [2024-04-08T01:26:12.888+0530] {dagbag.py:538} INFO - Filling up the DagBag from /home/lucky/.local/lib/python3.10/site-packages/airflow/example_dags/example_params_ui_tutorial.py
[2024-04-08T01:26:12.904+0530] {processor.py:840} INFO - DAG(s) 'example_params_ui_tutorial' retrieved from /home/lucky/.local/lib/python3.10/site-packages/airflow/example_dags/example_params_ui_tutorial.py
[2024-04-08T01:26:12.993+0530] {logging_mixin.py:188} INFO - [2024-04-08T01:26:12.993+0530] {dag.py:3036} INFO - Sync 1 DAGs
[2024-04-08T01:26:13.013+0530] {logging_mixin.py:188} INFO - [2024-04-08T01:26:13.013+0530] {dag.py:3823} INFO - Setting next_dagrun for example_params_ui_tutorial to None, run_after=None
[2024-04-08T01:26:13.055+0530] {processor.py:183} INFO - Processing /home/lucky/.local/lib/python3.10/site-packages/airflow/example_dags/example_params_ui_tutorial.py took 0.175 seconds
[2024-04-08T01:27:25.758+0530] {processor.py:161} INFO - Started process (PID=63130) to work on /home/lucky/.local/lib/python3.10/site-packages/airflow/example_dags/example_params_ui_tutorial.py
[2024-04-08T01:27:25.760+0530] {processor.py:830} INFO - Processing file /home/lucky/.local/lib/python3.10/site-packages/airflow/example_dags/example_params_ui_tutorial.py for tasks to queue
[2024-04-08T01:27:25.762+0530] {logging_mixin.py:188} INFO - [2024-04-08T01:27:25.760+0530] {dagbag.py:538} INFO - Filling up the DagBag from /home/lucky/.local/lib/python3.10/site-packages/airflow/example_dags/example_params_ui_tutorial.py
[2024-04-08T01:27:25.777+0530] {processor.py:840} INFO - DAG(s) 'example_params_ui_tutorial' retrieved from /home/lucky/.local/lib/python3.10/site-packages/airflow/example_dags/example_params_ui_tutorial.py
[2024-04-08T01:27:25.833+0530] {logging_mixin.py:188} INFO - [2024-04-08T01:27:25.833+0530] {dag.py:3036} INFO - Sync 1 DAGs
[2024-04-08T01:27:25.847+0530] {logging_mixin.py:188} INFO - [2024-04-08T01:27:25.846+0530] {dag.py:3823} INFO - Setting next_dagrun for example_params_ui_tutorial to None, run_after=None
[2024-04-08T01:27:25.884+0530] {processor.py:183} INFO - Processing /home/lucky/.local/lib/python3.10/site-packages/airflow/example_dags/example_params_ui_tutorial.py took 0.129 seconds
[2024-04-08T01:28:37.875+0530] {processor.py:161} INFO - Started process (PID=64266) to work on /home/lucky/.local/lib/python3.10/site-packages/airflow/example_dags/example_params_ui_tutorial.py
[2024-04-08T01:28:37.879+0530] {processor.py:830} INFO - Processing file /home/lucky/.local/lib/python3.10/site-packages/airflow/example_dags/example_params_ui_tutorial.py for tasks to queue
[2024-04-08T01:28:37.882+0530] {logging_mixin.py:188} INFO - [2024-04-08T01:28:37.880+0530] {dagbag.py:538} INFO - Filling up the DagBag from /home/lucky/.local/lib/python3.10/site-packages/airflow/example_dags/example_params_ui_tutorial.py
[2024-04-08T01:28:37.902+0530] {processor.py:840} INFO - DAG(s) 'example_params_ui_tutorial' retrieved from /home/lucky/.local/lib/python3.10/site-packages/airflow/example_dags/example_params_ui_tutorial.py
[2024-04-08T01:28:37.986+0530] {logging_mixin.py:188} INFO - [2024-04-08T01:28:37.985+0530] {dag.py:3036} INFO - Sync 1 DAGs
[2024-04-08T01:28:38.000+0530] {logging_mixin.py:188} INFO - [2024-04-08T01:28:37.999+0530] {dag.py:3823} INFO - Setting next_dagrun for example_params_ui_tutorial to None, run_after=None
[2024-04-08T01:28:38.038+0530] {processor.py:183} INFO - Processing /home/lucky/.local/lib/python3.10/site-packages/airflow/example_dags/example_params_ui_tutorial.py took 0.172 seconds
[2024-04-08T01:29:57.929+0530] {processor.py:161} INFO - Started process (PID=65501) to work on /home/lucky/.local/lib/python3.10/site-packages/airflow/example_dags/example_params_ui_tutorial.py
[2024-04-08T01:29:57.931+0530] {processor.py:830} INFO - Processing file /home/lucky/.local/lib/python3.10/site-packages/airflow/example_dags/example_params_ui_tutorial.py for tasks to queue
[2024-04-08T01:29:57.932+0530] {logging_mixin.py:188} INFO - [2024-04-08T01:29:57.932+0530] {dagbag.py:538} INFO - Filling up the DagBag from /home/lucky/.local/lib/python3.10/site-packages/airflow/example_dags/example_params_ui_tutorial.py
[2024-04-08T01:29:57.945+0530] {processor.py:840} INFO - DAG(s) 'example_params_ui_tutorial' retrieved from /home/lucky/.local/lib/python3.10/site-packages/airflow/example_dags/example_params_ui_tutorial.py
[2024-04-08T01:29:58.012+0530] {logging_mixin.py:188} INFO - [2024-04-08T01:29:58.012+0530] {dag.py:3036} INFO - Sync 1 DAGs
[2024-04-08T01:29:58.025+0530] {logging_mixin.py:188} INFO - [2024-04-08T01:29:58.025+0530] {dag.py:3823} INFO - Setting next_dagrun for example_params_ui_tutorial to None, run_after=None
[2024-04-08T01:29:58.052+0530] {processor.py:183} INFO - Processing /home/lucky/.local/lib/python3.10/site-packages/airflow/example_dags/example_params_ui_tutorial.py took 0.126 seconds
[2024-04-08T01:31:14.030+0530] {processor.py:161} INFO - Started process (PID=66681) to work on /home/lucky/.local/lib/python3.10/site-packages/airflow/example_dags/example_params_ui_tutorial.py
[2024-04-08T01:31:14.032+0530] {processor.py:830} INFO - Processing file /home/lucky/.local/lib/python3.10/site-packages/airflow/example_dags/example_params_ui_tutorial.py for tasks to queue
[2024-04-08T01:31:14.033+0530] {logging_mixin.py:188} INFO - [2024-04-08T01:31:14.032+0530] {dagbag.py:538} INFO - Filling up the DagBag from /home/lucky/.local/lib/python3.10/site-packages/airflow/example_dags/example_params_ui_tutorial.py
[2024-04-08T01:31:14.047+0530] {processor.py:840} INFO - DAG(s) 'example_params_ui_tutorial' retrieved from /home/lucky/.local/lib/python3.10/site-packages/airflow/example_dags/example_params_ui_tutorial.py
[2024-04-08T01:31:14.092+0530] {logging_mixin.py:188} INFO - [2024-04-08T01:31:14.092+0530] {dag.py:3036} INFO - Sync 1 DAGs
[2024-04-08T01:31:14.102+0530] {logging_mixin.py:188} INFO - [2024-04-08T01:31:14.101+0530] {dag.py:3823} INFO - Setting next_dagrun for example_params_ui_tutorial to None, run_after=None
[2024-04-08T01:31:14.125+0530] {processor.py:183} INFO - Processing /home/lucky/.local/lib/python3.10/site-packages/airflow/example_dags/example_params_ui_tutorial.py took 0.098 seconds
[2024-04-08T01:32:25.114+0530] {processor.py:161} INFO - Started process (PID=67531) to work on /home/lucky/.local/lib/python3.10/site-packages/airflow/example_dags/example_params_ui_tutorial.py
[2024-04-08T01:32:25.117+0530] {processor.py:830} INFO - Processing file /home/lucky/.local/lib/python3.10/site-packages/airflow/example_dags/example_params_ui_tutorial.py for tasks to queue
[2024-04-08T01:32:25.119+0530] {logging_mixin.py:188} INFO - [2024-04-08T01:32:25.118+0530] {dagbag.py:538} INFO - Filling up the DagBag from /home/lucky/.local/lib/python3.10/site-packages/airflow/example_dags/example_params_ui_tutorial.py
[2024-04-08T01:32:25.139+0530] {processor.py:840} INFO - DAG(s) 'example_params_ui_tutorial' retrieved from /home/lucky/.local/lib/python3.10/site-packages/airflow/example_dags/example_params_ui_tutorial.py
[2024-04-08T01:32:25.228+0530] {logging_mixin.py:188} INFO - [2024-04-08T01:32:25.227+0530] {dag.py:3036} INFO - Sync 1 DAGs
[2024-04-08T01:32:25.246+0530] {logging_mixin.py:188} INFO - [2024-04-08T01:32:25.246+0530] {dag.py:3823} INFO - Setting next_dagrun for example_params_ui_tutorial to None, run_after=None
[2024-04-08T01:32:25.280+0530] {processor.py:183} INFO - Processing /home/lucky/.local/lib/python3.10/site-packages/airflow/example_dags/example_params_ui_tutorial.py took 0.170 seconds
[2024-04-08T01:33:17.844+0530] {processor.py:161} INFO - Started process (PID=68435) to work on /home/lucky/.local/lib/python3.10/site-packages/airflow/example_dags/example_params_ui_tutorial.py
[2024-04-08T01:33:17.856+0530] {processor.py:830} INFO - Processing file /home/lucky/.local/lib/python3.10/site-packages/airflow/example_dags/example_params_ui_tutorial.py for tasks to queue
[2024-04-08T01:33:17.857+0530] {logging_mixin.py:188} INFO - [2024-04-08T01:33:17.857+0530] {dagbag.py:538} INFO - Filling up the DagBag from /home/lucky/.local/lib/python3.10/site-packages/airflow/example_dags/example_params_ui_tutorial.py
[2024-04-08T01:33:17.874+0530] {processor.py:840} INFO - DAG(s) 'example_params_ui_tutorial' retrieved from /home/lucky/.local/lib/python3.10/site-packages/airflow/example_dags/example_params_ui_tutorial.py
[2024-04-08T01:33:17.936+0530] {logging_mixin.py:188} INFO - [2024-04-08T01:33:17.936+0530] {dag.py:3036} INFO - Sync 1 DAGs
[2024-04-08T01:33:17.950+0530] {logging_mixin.py:188} INFO - [2024-04-08T01:33:17.950+0530] {dag.py:3823} INFO - Setting next_dagrun for example_params_ui_tutorial to None, run_after=None
[2024-04-08T01:33:17.989+0530] {processor.py:183} INFO - Processing /home/lucky/.local/lib/python3.10/site-packages/airflow/example_dags/example_params_ui_tutorial.py took 0.148 seconds
[2024-04-08T01:34:32.267+0530] {processor.py:161} INFO - Started process (PID=69617) to work on /home/lucky/.local/lib/python3.10/site-packages/airflow/example_dags/example_params_ui_tutorial.py
[2024-04-08T01:34:32.269+0530] {processor.py:830} INFO - Processing file /home/lucky/.local/lib/python3.10/site-packages/airflow/example_dags/example_params_ui_tutorial.py for tasks to queue
[2024-04-08T01:34:32.281+0530] {logging_mixin.py:188} INFO - [2024-04-08T01:34:32.280+0530] {dagbag.py:538} INFO - Filling up the DagBag from /home/lucky/.local/lib/python3.10/site-packages/airflow/example_dags/example_params_ui_tutorial.py
[2024-04-08T01:34:32.334+0530] {processor.py:840} INFO - DAG(s) 'example_params_ui_tutorial' retrieved from /home/lucky/.local/lib/python3.10/site-packages/airflow/example_dags/example_params_ui_tutorial.py
[2024-04-08T01:34:32.507+0530] {logging_mixin.py:188} INFO - [2024-04-08T01:34:32.506+0530] {dag.py:3036} INFO - Sync 1 DAGs
[2024-04-08T01:34:32.551+0530] {logging_mixin.py:188} INFO - [2024-04-08T01:34:32.551+0530] {dag.py:3823} INFO - Setting next_dagrun for example_params_ui_tutorial to None, run_after=None
[2024-04-08T01:34:32.690+0530] {processor.py:183} INFO - Processing /home/lucky/.local/lib/python3.10/site-packages/airflow/example_dags/example_params_ui_tutorial.py took 0.439 seconds
[2024-04-08T01:37:33.478+0530] {processor.py:161} INFO - Started process (PID=71923) to work on /home/lucky/.local/lib/python3.10/site-packages/airflow/example_dags/example_params_ui_tutorial.py
[2024-04-08T01:37:33.480+0530] {processor.py:830} INFO - Processing file /home/lucky/.local/lib/python3.10/site-packages/airflow/example_dags/example_params_ui_tutorial.py for tasks to queue
[2024-04-08T01:37:33.481+0530] {logging_mixin.py:188} INFO - [2024-04-08T01:37:33.481+0530] {dagbag.py:538} INFO - Filling up the DagBag from /home/lucky/.local/lib/python3.10/site-packages/airflow/example_dags/example_params_ui_tutorial.py
[2024-04-08T01:37:33.495+0530] {processor.py:840} INFO - DAG(s) 'example_params_ui_tutorial' retrieved from /home/lucky/.local/lib/python3.10/site-packages/airflow/example_dags/example_params_ui_tutorial.py
[2024-04-08T01:37:33.557+0530] {logging_mixin.py:188} INFO - [2024-04-08T01:37:33.557+0530] {dag.py:3036} INFO - Sync 1 DAGs
[2024-04-08T01:37:33.573+0530] {logging_mixin.py:188} INFO - [2024-04-08T01:37:33.573+0530] {dag.py:3823} INFO - Setting next_dagrun for example_params_ui_tutorial to None, run_after=None
[2024-04-08T01:37:33.602+0530] {processor.py:183} INFO - Processing /home/lucky/.local/lib/python3.10/site-packages/airflow/example_dags/example_params_ui_tutorial.py took 0.127 seconds
[2024-04-08T01:39:21.162+0530] {processor.py:161} INFO - Started process (PID=73575) to work on /home/lucky/.local/lib/python3.10/site-packages/airflow/example_dags/example_params_ui_tutorial.py
[2024-04-08T01:39:21.164+0530] {processor.py:830} INFO - Processing file /home/lucky/.local/lib/python3.10/site-packages/airflow/example_dags/example_params_ui_tutorial.py for tasks to queue
[2024-04-08T01:39:21.164+0530] {logging_mixin.py:188} INFO - [2024-04-08T01:39:21.164+0530] {dagbag.py:538} INFO - Filling up the DagBag from /home/lucky/.local/lib/python3.10/site-packages/airflow/example_dags/example_params_ui_tutorial.py
[2024-04-08T01:39:21.176+0530] {processor.py:840} INFO - DAG(s) 'example_params_ui_tutorial' retrieved from /home/lucky/.local/lib/python3.10/site-packages/airflow/example_dags/example_params_ui_tutorial.py
[2024-04-08T01:39:21.226+0530] {logging_mixin.py:188} INFO - [2024-04-08T01:39:21.226+0530] {dag.py:3036} INFO - Sync 1 DAGs
[2024-04-08T01:39:21.237+0530] {logging_mixin.py:188} INFO - [2024-04-08T01:39:21.236+0530] {dag.py:3823} INFO - Setting next_dagrun for example_params_ui_tutorial to None, run_after=None
[2024-04-08T01:39:21.262+0530] {processor.py:183} INFO - Processing /home/lucky/.local/lib/python3.10/site-packages/airflow/example_dags/example_params_ui_tutorial.py took 0.103 seconds
[2024-04-08T01:40:27.028+0530] {processor.py:161} INFO - Started process (PID=74610) to work on /home/lucky/.local/lib/python3.10/site-packages/airflow/example_dags/example_params_ui_tutorial.py
[2024-04-08T01:40:27.030+0530] {processor.py:830} INFO - Processing file /home/lucky/.local/lib/python3.10/site-packages/airflow/example_dags/example_params_ui_tutorial.py for tasks to queue
[2024-04-08T01:40:27.032+0530] {logging_mixin.py:188} INFO - [2024-04-08T01:40:27.031+0530] {dagbag.py:538} INFO - Filling up the DagBag from /home/lucky/.local/lib/python3.10/site-packages/airflow/example_dags/example_params_ui_tutorial.py
[2024-04-08T01:40:27.044+0530] {processor.py:840} INFO - DAG(s) 'example_params_ui_tutorial' retrieved from /home/lucky/.local/lib/python3.10/site-packages/airflow/example_dags/example_params_ui_tutorial.py
[2024-04-08T01:40:27.092+0530] {logging_mixin.py:188} INFO - [2024-04-08T01:40:27.091+0530] {dag.py:3036} INFO - Sync 1 DAGs
[2024-04-08T01:40:27.104+0530] {logging_mixin.py:188} INFO - [2024-04-08T01:40:27.104+0530] {dag.py:3823} INFO - Setting next_dagrun for example_params_ui_tutorial to None, run_after=None
[2024-04-08T01:40:27.128+0530] {processor.py:183} INFO - Processing /home/lucky/.local/lib/python3.10/site-packages/airflow/example_dags/example_params_ui_tutorial.py took 0.103 seconds
[2024-04-08T01:41:42.922+0530] {processor.py:161} INFO - Started process (PID=75779) to work on /home/lucky/.local/lib/python3.10/site-packages/airflow/example_dags/example_params_ui_tutorial.py
[2024-04-08T01:41:42.923+0530] {processor.py:830} INFO - Processing file /home/lucky/.local/lib/python3.10/site-packages/airflow/example_dags/example_params_ui_tutorial.py for tasks to queue
[2024-04-08T01:41:42.925+0530] {logging_mixin.py:188} INFO - [2024-04-08T01:41:42.924+0530] {dagbag.py:538} INFO - Filling up the DagBag from /home/lucky/.local/lib/python3.10/site-packages/airflow/example_dags/example_params_ui_tutorial.py
[2024-04-08T01:41:42.937+0530] {processor.py:840} INFO - DAG(s) 'example_params_ui_tutorial' retrieved from /home/lucky/.local/lib/python3.10/site-packages/airflow/example_dags/example_params_ui_tutorial.py
[2024-04-08T01:41:42.991+0530] {logging_mixin.py:188} INFO - [2024-04-08T01:41:42.990+0530] {dag.py:3036} INFO - Sync 1 DAGs
[2024-04-08T01:41:43.004+0530] {logging_mixin.py:188} INFO - [2024-04-08T01:41:43.004+0530] {dag.py:3823} INFO - Setting next_dagrun for example_params_ui_tutorial to None, run_after=None
[2024-04-08T01:41:43.033+0530] {processor.py:183} INFO - Processing /home/lucky/.local/lib/python3.10/site-packages/airflow/example_dags/example_params_ui_tutorial.py took 0.115 seconds
[2024-04-08T01:42:35.596+0530] {processor.py:161} INFO - Started process (PID=76674) to work on /home/lucky/.local/lib/python3.10/site-packages/airflow/example_dags/example_params_ui_tutorial.py
[2024-04-08T01:42:35.598+0530] {processor.py:830} INFO - Processing file /home/lucky/.local/lib/python3.10/site-packages/airflow/example_dags/example_params_ui_tutorial.py for tasks to queue
[2024-04-08T01:42:35.599+0530] {logging_mixin.py:188} INFO - [2024-04-08T01:42:35.598+0530] {dagbag.py:538} INFO - Filling up the DagBag from /home/lucky/.local/lib/python3.10/site-packages/airflow/example_dags/example_params_ui_tutorial.py
[2024-04-08T01:42:35.612+0530] {processor.py:840} INFO - DAG(s) 'example_params_ui_tutorial' retrieved from /home/lucky/.local/lib/python3.10/site-packages/airflow/example_dags/example_params_ui_tutorial.py
[2024-04-08T01:42:35.672+0530] {logging_mixin.py:188} INFO - [2024-04-08T01:42:35.672+0530] {dag.py:3036} INFO - Sync 1 DAGs
[2024-04-08T01:42:35.700+0530] {logging_mixin.py:188} INFO - [2024-04-08T01:42:35.699+0530] {dag.py:3823} INFO - Setting next_dagrun for example_params_ui_tutorial to None, run_after=None
[2024-04-08T01:42:35.735+0530] {processor.py:183} INFO - Processing /home/lucky/.local/lib/python3.10/site-packages/airflow/example_dags/example_params_ui_tutorial.py took 0.142 seconds
[2024-04-08T01:43:33.385+0530] {processor.py:161} INFO - Started process (PID=77400) to work on /home/lucky/.local/lib/python3.10/site-packages/airflow/example_dags/example_params_ui_tutorial.py
[2024-04-08T01:43:33.387+0530] {processor.py:830} INFO - Processing file /home/lucky/.local/lib/python3.10/site-packages/airflow/example_dags/example_params_ui_tutorial.py for tasks to queue
[2024-04-08T01:43:33.388+0530] {logging_mixin.py:188} INFO - [2024-04-08T01:43:33.388+0530] {dagbag.py:538} INFO - Filling up the DagBag from /home/lucky/.local/lib/python3.10/site-packages/airflow/example_dags/example_params_ui_tutorial.py
[2024-04-08T01:43:33.428+0530] {processor.py:840} INFO - DAG(s) 'example_params_ui_tutorial' retrieved from /home/lucky/.local/lib/python3.10/site-packages/airflow/example_dags/example_params_ui_tutorial.py
[2024-04-08T01:43:33.563+0530] {logging_mixin.py:188} INFO - [2024-04-08T01:43:33.563+0530] {dag.py:3036} INFO - Sync 1 DAGs
[2024-04-08T01:43:33.576+0530] {logging_mixin.py:188} INFO - [2024-04-08T01:43:33.575+0530] {dag.py:3823} INFO - Setting next_dagrun for example_params_ui_tutorial to None, run_after=None
[2024-04-08T01:43:33.607+0530] {processor.py:183} INFO - Processing /home/lucky/.local/lib/python3.10/site-packages/airflow/example_dags/example_params_ui_tutorial.py took 0.225 seconds
[2024-04-08T01:48:27.103+0530] {processor.py:161} INFO - Started process (PID=81966) to work on /home/lucky/.local/lib/python3.10/site-packages/airflow/example_dags/example_params_ui_tutorial.py
[2024-04-08T01:48:27.104+0530] {processor.py:830} INFO - Processing file /home/lucky/.local/lib/python3.10/site-packages/airflow/example_dags/example_params_ui_tutorial.py for tasks to queue
[2024-04-08T01:48:27.105+0530] {logging_mixin.py:188} INFO - [2024-04-08T01:48:27.105+0530] {dagbag.py:538} INFO - Filling up the DagBag from /home/lucky/.local/lib/python3.10/site-packages/airflow/example_dags/example_params_ui_tutorial.py
[2024-04-08T01:48:27.120+0530] {processor.py:840} INFO - DAG(s) 'example_params_ui_tutorial' retrieved from /home/lucky/.local/lib/python3.10/site-packages/airflow/example_dags/example_params_ui_tutorial.py
[2024-04-08T01:48:27.212+0530] {logging_mixin.py:188} INFO - [2024-04-08T01:48:27.211+0530] {dag.py:3036} INFO - Sync 1 DAGs
[2024-04-08T01:48:27.239+0530] {logging_mixin.py:188} INFO - [2024-04-08T01:48:27.239+0530] {dag.py:3823} INFO - Setting next_dagrun for example_params_ui_tutorial to None, run_after=None
[2024-04-08T01:48:27.280+0530] {processor.py:183} INFO - Processing /home/lucky/.local/lib/python3.10/site-packages/airflow/example_dags/example_params_ui_tutorial.py took 0.180 seconds
[2024-04-08T01:49:22.502+0530] {processor.py:161} INFO - Started process (PID=82786) to work on /home/lucky/.local/lib/python3.10/site-packages/airflow/example_dags/example_params_ui_tutorial.py
[2024-04-08T01:49:22.503+0530] {processor.py:830} INFO - Processing file /home/lucky/.local/lib/python3.10/site-packages/airflow/example_dags/example_params_ui_tutorial.py for tasks to queue
[2024-04-08T01:49:22.504+0530] {logging_mixin.py:188} INFO - [2024-04-08T01:49:22.504+0530] {dagbag.py:538} INFO - Filling up the DagBag from /home/lucky/.local/lib/python3.10/site-packages/airflow/example_dags/example_params_ui_tutorial.py
[2024-04-08T01:49:22.515+0530] {processor.py:840} INFO - DAG(s) 'example_params_ui_tutorial' retrieved from /home/lucky/.local/lib/python3.10/site-packages/airflow/example_dags/example_params_ui_tutorial.py
[2024-04-08T01:49:22.556+0530] {logging_mixin.py:188} INFO - [2024-04-08T01:49:22.556+0530] {dag.py:3036} INFO - Sync 1 DAGs
[2024-04-08T01:49:22.566+0530] {logging_mixin.py:188} INFO - [2024-04-08T01:49:22.566+0530] {dag.py:3823} INFO - Setting next_dagrun for example_params_ui_tutorial to None, run_after=None
[2024-04-08T01:49:22.586+0530] {processor.py:183} INFO - Processing /home/lucky/.local/lib/python3.10/site-packages/airflow/example_dags/example_params_ui_tutorial.py took 0.088 seconds
[2024-04-08T01:50:17.189+0530] {processor.py:161} INFO - Started process (PID=83679) to work on /home/lucky/.local/lib/python3.10/site-packages/airflow/example_dags/example_params_ui_tutorial.py
[2024-04-08T01:50:17.191+0530] {processor.py:830} INFO - Processing file /home/lucky/.local/lib/python3.10/site-packages/airflow/example_dags/example_params_ui_tutorial.py for tasks to queue
[2024-04-08T01:50:17.192+0530] {logging_mixin.py:188} INFO - [2024-04-08T01:50:17.191+0530] {dagbag.py:538} INFO - Filling up the DagBag from /home/lucky/.local/lib/python3.10/site-packages/airflow/example_dags/example_params_ui_tutorial.py
[2024-04-08T01:50:17.204+0530] {processor.py:840} INFO - DAG(s) 'example_params_ui_tutorial' retrieved from /home/lucky/.local/lib/python3.10/site-packages/airflow/example_dags/example_params_ui_tutorial.py
[2024-04-08T01:50:17.260+0530] {logging_mixin.py:188} INFO - [2024-04-08T01:50:17.260+0530] {dag.py:3036} INFO - Sync 1 DAGs
[2024-04-08T01:50:17.271+0530] {logging_mixin.py:188} INFO - [2024-04-08T01:50:17.270+0530] {dag.py:3823} INFO - Setting next_dagrun for example_params_ui_tutorial to None, run_after=None
[2024-04-08T01:50:17.297+0530] {processor.py:183} INFO - Processing /home/lucky/.local/lib/python3.10/site-packages/airflow/example_dags/example_params_ui_tutorial.py took 0.111 seconds
[2024-04-08T01:51:36.153+0530] {processor.py:161} INFO - Started process (PID=84904) to work on /home/lucky/.local/lib/python3.10/site-packages/airflow/example_dags/example_params_ui_tutorial.py
[2024-04-08T01:51:36.155+0530] {processor.py:830} INFO - Processing file /home/lucky/.local/lib/python3.10/site-packages/airflow/example_dags/example_params_ui_tutorial.py for tasks to queue
[2024-04-08T01:51:36.156+0530] {logging_mixin.py:188} INFO - [2024-04-08T01:51:36.155+0530] {dagbag.py:538} INFO - Filling up the DagBag from /home/lucky/.local/lib/python3.10/site-packages/airflow/example_dags/example_params_ui_tutorial.py
[2024-04-08T01:51:36.169+0530] {processor.py:840} INFO - DAG(s) 'example_params_ui_tutorial' retrieved from /home/lucky/.local/lib/python3.10/site-packages/airflow/example_dags/example_params_ui_tutorial.py
[2024-04-08T01:51:36.212+0530] {logging_mixin.py:188} INFO - [2024-04-08T01:51:36.212+0530] {dag.py:3036} INFO - Sync 1 DAGs
[2024-04-08T01:51:36.221+0530] {logging_mixin.py:188} INFO - [2024-04-08T01:51:36.221+0530] {dag.py:3823} INFO - Setting next_dagrun for example_params_ui_tutorial to None, run_after=None
[2024-04-08T01:51:36.242+0530] {processor.py:183} INFO - Processing /home/lucky/.local/lib/python3.10/site-packages/airflow/example_dags/example_params_ui_tutorial.py took 0.092 seconds
[2024-04-08T01:52:55.945+0530] {processor.py:161} INFO - Started process (PID=86142) to work on /home/lucky/.local/lib/python3.10/site-packages/airflow/example_dags/example_params_ui_tutorial.py
[2024-04-08T01:52:55.947+0530] {processor.py:830} INFO - Processing file /home/lucky/.local/lib/python3.10/site-packages/airflow/example_dags/example_params_ui_tutorial.py for tasks to queue
[2024-04-08T01:52:55.947+0530] {logging_mixin.py:188} INFO - [2024-04-08T01:52:55.947+0530] {dagbag.py:538} INFO - Filling up the DagBag from /home/lucky/.local/lib/python3.10/site-packages/airflow/example_dags/example_params_ui_tutorial.py
[2024-04-08T01:52:55.959+0530] {processor.py:840} INFO - DAG(s) 'example_params_ui_tutorial' retrieved from /home/lucky/.local/lib/python3.10/site-packages/airflow/example_dags/example_params_ui_tutorial.py
[2024-04-08T01:52:56.014+0530] {logging_mixin.py:188} INFO - [2024-04-08T01:52:56.013+0530] {dag.py:3036} INFO - Sync 1 DAGs
[2024-04-08T01:52:56.029+0530] {logging_mixin.py:188} INFO - [2024-04-08T01:52:56.028+0530] {dag.py:3823} INFO - Setting next_dagrun for example_params_ui_tutorial to None, run_after=None
[2024-04-08T01:52:56.056+0530] {processor.py:183} INFO - Processing /home/lucky/.local/lib/python3.10/site-packages/airflow/example_dags/example_params_ui_tutorial.py took 0.114 seconds
[2024-04-08T01:54:06.760+0530] {processor.py:161} INFO - Started process (PID=87017) to work on /home/lucky/.local/lib/python3.10/site-packages/airflow/example_dags/example_params_ui_tutorial.py
[2024-04-08T01:54:06.762+0530] {processor.py:830} INFO - Processing file /home/lucky/.local/lib/python3.10/site-packages/airflow/example_dags/example_params_ui_tutorial.py for tasks to queue
[2024-04-08T01:54:06.763+0530] {logging_mixin.py:188} INFO - [2024-04-08T01:54:06.762+0530] {dagbag.py:538} INFO - Filling up the DagBag from /home/lucky/.local/lib/python3.10/site-packages/airflow/example_dags/example_params_ui_tutorial.py
[2024-04-08T01:54:06.776+0530] {processor.py:840} INFO - DAG(s) 'example_params_ui_tutorial' retrieved from /home/lucky/.local/lib/python3.10/site-packages/airflow/example_dags/example_params_ui_tutorial.py
[2024-04-08T01:54:06.871+0530] {logging_mixin.py:188} INFO - [2024-04-08T01:54:06.871+0530] {dag.py:3036} INFO - Sync 1 DAGs
[2024-04-08T01:54:06.887+0530] {logging_mixin.py:188} INFO - [2024-04-08T01:54:06.886+0530] {dag.py:3823} INFO - Setting next_dagrun for example_params_ui_tutorial to None, run_after=None
[2024-04-08T01:54:06.927+0530] {processor.py:183} INFO - Processing /home/lucky/.local/lib/python3.10/site-packages/airflow/example_dags/example_params_ui_tutorial.py took 0.170 seconds
[2024-04-08T01:55:15.239+0530] {processor.py:161} INFO - Started process (PID=88087) to work on /home/lucky/.local/lib/python3.10/site-packages/airflow/example_dags/example_params_ui_tutorial.py
[2024-04-08T01:55:15.241+0530] {processor.py:830} INFO - Processing file /home/lucky/.local/lib/python3.10/site-packages/airflow/example_dags/example_params_ui_tutorial.py for tasks to queue
[2024-04-08T01:55:15.242+0530] {logging_mixin.py:188} INFO - [2024-04-08T01:55:15.242+0530] {dagbag.py:538} INFO - Filling up the DagBag from /home/lucky/.local/lib/python3.10/site-packages/airflow/example_dags/example_params_ui_tutorial.py
[2024-04-08T01:55:15.252+0530] {processor.py:840} INFO - DAG(s) 'example_params_ui_tutorial' retrieved from /home/lucky/.local/lib/python3.10/site-packages/airflow/example_dags/example_params_ui_tutorial.py
[2024-04-08T01:55:15.300+0530] {logging_mixin.py:188} INFO - [2024-04-08T01:55:15.300+0530] {dag.py:3036} INFO - Sync 1 DAGs
[2024-04-08T01:55:15.310+0530] {logging_mixin.py:188} INFO - [2024-04-08T01:55:15.309+0530] {dag.py:3823} INFO - Setting next_dagrun for example_params_ui_tutorial to None, run_after=None
[2024-04-08T01:55:15.332+0530] {processor.py:183} INFO - Processing /home/lucky/.local/lib/python3.10/site-packages/airflow/example_dags/example_params_ui_tutorial.py took 0.096 seconds
[2024-04-08T01:56:11.075+0530] {processor.py:161} INFO - Started process (PID=88997) to work on /home/lucky/.local/lib/python3.10/site-packages/airflow/example_dags/example_params_ui_tutorial.py
[2024-04-08T01:56:11.077+0530] {processor.py:830} INFO - Processing file /home/lucky/.local/lib/python3.10/site-packages/airflow/example_dags/example_params_ui_tutorial.py for tasks to queue
[2024-04-08T01:56:11.078+0530] {logging_mixin.py:188} INFO - [2024-04-08T01:56:11.078+0530] {dagbag.py:538} INFO - Filling up the DagBag from /home/lucky/.local/lib/python3.10/site-packages/airflow/example_dags/example_params_ui_tutorial.py
[2024-04-08T01:56:11.092+0530] {processor.py:840} INFO - DAG(s) 'example_params_ui_tutorial' retrieved from /home/lucky/.local/lib/python3.10/site-packages/airflow/example_dags/example_params_ui_tutorial.py
[2024-04-08T01:56:11.163+0530] {logging_mixin.py:188} INFO - [2024-04-08T01:56:11.162+0530] {dag.py:3036} INFO - Sync 1 DAGs
[2024-04-08T01:56:11.177+0530] {logging_mixin.py:188} INFO - [2024-04-08T01:56:11.177+0530] {dag.py:3823} INFO - Setting next_dagrun for example_params_ui_tutorial to None, run_after=None
[2024-04-08T01:56:11.208+0530] {processor.py:183} INFO - Processing /home/lucky/.local/lib/python3.10/site-packages/airflow/example_dags/example_params_ui_tutorial.py took 0.136 seconds
[2024-04-08T01:57:05.753+0530] {processor.py:161} INFO - Started process (PID=89692) to work on /home/lucky/.local/lib/python3.10/site-packages/airflow/example_dags/example_params_ui_tutorial.py
[2024-04-08T01:57:05.755+0530] {processor.py:830} INFO - Processing file /home/lucky/.local/lib/python3.10/site-packages/airflow/example_dags/example_params_ui_tutorial.py for tasks to queue
[2024-04-08T01:57:05.756+0530] {logging_mixin.py:188} INFO - [2024-04-08T01:57:05.755+0530] {dagbag.py:538} INFO - Filling up the DagBag from /home/lucky/.local/lib/python3.10/site-packages/airflow/example_dags/example_params_ui_tutorial.py
[2024-04-08T01:57:05.767+0530] {processor.py:840} INFO - DAG(s) 'example_params_ui_tutorial' retrieved from /home/lucky/.local/lib/python3.10/site-packages/airflow/example_dags/example_params_ui_tutorial.py
[2024-04-08T01:57:05.814+0530] {logging_mixin.py:188} INFO - [2024-04-08T01:57:05.814+0530] {dag.py:3036} INFO - Sync 1 DAGs
[2024-04-08T01:57:05.825+0530] {logging_mixin.py:188} INFO - [2024-04-08T01:57:05.824+0530] {dag.py:3823} INFO - Setting next_dagrun for example_params_ui_tutorial to None, run_after=None
[2024-04-08T01:57:05.849+0530] {processor.py:183} INFO - Processing /home/lucky/.local/lib/python3.10/site-packages/airflow/example_dags/example_params_ui_tutorial.py took 0.099 seconds
[2024-04-08T01:58:02.673+0530] {processor.py:161} INFO - Started process (PID=90602) to work on /home/lucky/.local/lib/python3.10/site-packages/airflow/example_dags/example_params_ui_tutorial.py
[2024-04-08T01:58:02.675+0530] {processor.py:830} INFO - Processing file /home/lucky/.local/lib/python3.10/site-packages/airflow/example_dags/example_params_ui_tutorial.py for tasks to queue
[2024-04-08T01:58:02.676+0530] {logging_mixin.py:188} INFO - [2024-04-08T01:58:02.676+0530] {dagbag.py:538} INFO - Filling up the DagBag from /home/lucky/.local/lib/python3.10/site-packages/airflow/example_dags/example_params_ui_tutorial.py
[2024-04-08T01:58:02.687+0530] {processor.py:840} INFO - DAG(s) 'example_params_ui_tutorial' retrieved from /home/lucky/.local/lib/python3.10/site-packages/airflow/example_dags/example_params_ui_tutorial.py
[2024-04-08T01:58:02.740+0530] {logging_mixin.py:188} INFO - [2024-04-08T01:58:02.739+0530] {dag.py:3036} INFO - Sync 1 DAGs
[2024-04-08T01:58:02.751+0530] {logging_mixin.py:188} INFO - [2024-04-08T01:58:02.751+0530] {dag.py:3823} INFO - Setting next_dagrun for example_params_ui_tutorial to None, run_after=None
[2024-04-08T01:58:02.782+0530] {processor.py:183} INFO - Processing /home/lucky/.local/lib/python3.10/site-packages/airflow/example_dags/example_params_ui_tutorial.py took 0.113 seconds
[2024-04-08T01:59:16.946+0530] {processor.py:161} INFO - Started process (PID=91808) to work on /home/lucky/.local/lib/python3.10/site-packages/airflow/example_dags/example_params_ui_tutorial.py
[2024-04-08T01:59:16.947+0530] {processor.py:830} INFO - Processing file /home/lucky/.local/lib/python3.10/site-packages/airflow/example_dags/example_params_ui_tutorial.py for tasks to queue
[2024-04-08T01:59:16.948+0530] {logging_mixin.py:188} INFO - [2024-04-08T01:59:16.947+0530] {dagbag.py:538} INFO - Filling up the DagBag from /home/lucky/.local/lib/python3.10/site-packages/airflow/example_dags/example_params_ui_tutorial.py
[2024-04-08T01:59:16.959+0530] {processor.py:840} INFO - DAG(s) 'example_params_ui_tutorial' retrieved from /home/lucky/.local/lib/python3.10/site-packages/airflow/example_dags/example_params_ui_tutorial.py
[2024-04-08T01:59:17.001+0530] {logging_mixin.py:188} INFO - [2024-04-08T01:59:17.001+0530] {dag.py:3036} INFO - Sync 1 DAGs
[2024-04-08T01:59:17.017+0530] {logging_mixin.py:188} INFO - [2024-04-08T01:59:17.016+0530] {dag.py:3823} INFO - Setting next_dagrun for example_params_ui_tutorial to None, run_after=None
[2024-04-08T01:59:17.038+0530] {processor.py:183} INFO - Processing /home/lucky/.local/lib/python3.10/site-packages/airflow/example_dags/example_params_ui_tutorial.py took 0.094 seconds
[2024-04-08T02:00:30.286+0530] {processor.py:161} INFO - Started process (PID=92905) to work on /home/lucky/.local/lib/python3.10/site-packages/airflow/example_dags/example_params_ui_tutorial.py
[2024-04-08T02:00:30.288+0530] {processor.py:830} INFO - Processing file /home/lucky/.local/lib/python3.10/site-packages/airflow/example_dags/example_params_ui_tutorial.py for tasks to queue
[2024-04-08T02:00:30.289+0530] {logging_mixin.py:188} INFO - [2024-04-08T02:00:30.288+0530] {dagbag.py:538} INFO - Filling up the DagBag from /home/lucky/.local/lib/python3.10/site-packages/airflow/example_dags/example_params_ui_tutorial.py
[2024-04-08T02:00:30.300+0530] {processor.py:840} INFO - DAG(s) 'example_params_ui_tutorial' retrieved from /home/lucky/.local/lib/python3.10/site-packages/airflow/example_dags/example_params_ui_tutorial.py
[2024-04-08T02:00:30.350+0530] {logging_mixin.py:188} INFO - [2024-04-08T02:00:30.349+0530] {dag.py:3036} INFO - Sync 1 DAGs
[2024-04-08T02:00:30.361+0530] {logging_mixin.py:188} INFO - [2024-04-08T02:00:30.361+0530] {dag.py:3823} INFO - Setting next_dagrun for example_params_ui_tutorial to None, run_after=None
[2024-04-08T02:00:30.387+0530] {processor.py:183} INFO - Processing /home/lucky/.local/lib/python3.10/site-packages/airflow/example_dags/example_params_ui_tutorial.py took 0.103 seconds
[2024-04-08T02:01:45.087+0530] {processor.py:161} INFO - Started process (PID=94097) to work on /home/lucky/.local/lib/python3.10/site-packages/airflow/example_dags/example_params_ui_tutorial.py
[2024-04-08T02:01:45.089+0530] {processor.py:830} INFO - Processing file /home/lucky/.local/lib/python3.10/site-packages/airflow/example_dags/example_params_ui_tutorial.py for tasks to queue
[2024-04-08T02:01:45.090+0530] {logging_mixin.py:188} INFO - [2024-04-08T02:01:45.089+0530] {dagbag.py:538} INFO - Filling up the DagBag from /home/lucky/.local/lib/python3.10/site-packages/airflow/example_dags/example_params_ui_tutorial.py
[2024-04-08T02:01:45.103+0530] {processor.py:840} INFO - DAG(s) 'example_params_ui_tutorial' retrieved from /home/lucky/.local/lib/python3.10/site-packages/airflow/example_dags/example_params_ui_tutorial.py
[2024-04-08T02:01:45.153+0530] {logging_mixin.py:188} INFO - [2024-04-08T02:01:45.153+0530] {dag.py:3036} INFO - Sync 1 DAGs
[2024-04-08T02:01:45.165+0530] {logging_mixin.py:188} INFO - [2024-04-08T02:01:45.164+0530] {dag.py:3823} INFO - Setting next_dagrun for example_params_ui_tutorial to None, run_after=None
[2024-04-08T02:01:45.204+0530] {processor.py:183} INFO - Processing /home/lucky/.local/lib/python3.10/site-packages/airflow/example_dags/example_params_ui_tutorial.py took 0.121 seconds
[2024-04-08T02:02:37.462+0530] {processor.py:161} INFO - Started process (PID=94730) to work on /home/lucky/.local/lib/python3.10/site-packages/airflow/example_dags/example_params_ui_tutorial.py
[2024-04-08T02:02:37.464+0530] {processor.py:830} INFO - Processing file /home/lucky/.local/lib/python3.10/site-packages/airflow/example_dags/example_params_ui_tutorial.py for tasks to queue
[2024-04-08T02:02:37.465+0530] {logging_mixin.py:188} INFO - [2024-04-08T02:02:37.464+0530] {dagbag.py:538} INFO - Filling up the DagBag from /home/lucky/.local/lib/python3.10/site-packages/airflow/example_dags/example_params_ui_tutorial.py
[2024-04-08T02:02:37.476+0530] {processor.py:840} INFO - DAG(s) 'example_params_ui_tutorial' retrieved from /home/lucky/.local/lib/python3.10/site-packages/airflow/example_dags/example_params_ui_tutorial.py
[2024-04-08T02:02:37.520+0530] {logging_mixin.py:188} INFO - [2024-04-08T02:02:37.520+0530] {dag.py:3036} INFO - Sync 1 DAGs
[2024-04-08T02:02:37.532+0530] {logging_mixin.py:188} INFO - [2024-04-08T02:02:37.531+0530] {dag.py:3823} INFO - Setting next_dagrun for example_params_ui_tutorial to None, run_after=None
[2024-04-08T02:02:37.557+0530] {processor.py:183} INFO - Processing /home/lucky/.local/lib/python3.10/site-packages/airflow/example_dags/example_params_ui_tutorial.py took 0.098 seconds
[2024-04-08T02:03:51.178+0530] {processor.py:161} INFO - Started process (PID=95883) to work on /home/lucky/.local/lib/python3.10/site-packages/airflow/example_dags/example_params_ui_tutorial.py
[2024-04-08T02:03:51.190+0530] {processor.py:830} INFO - Processing file /home/lucky/.local/lib/python3.10/site-packages/airflow/example_dags/example_params_ui_tutorial.py for tasks to queue
[2024-04-08T02:03:51.191+0530] {logging_mixin.py:188} INFO - [2024-04-08T02:03:51.190+0530] {dagbag.py:538} INFO - Filling up the DagBag from /home/lucky/.local/lib/python3.10/site-packages/airflow/example_dags/example_params_ui_tutorial.py
[2024-04-08T02:03:51.202+0530] {processor.py:840} INFO - DAG(s) 'example_params_ui_tutorial' retrieved from /home/lucky/.local/lib/python3.10/site-packages/airflow/example_dags/example_params_ui_tutorial.py
[2024-04-08T02:03:51.244+0530] {logging_mixin.py:188} INFO - [2024-04-08T02:03:51.243+0530] {dag.py:3036} INFO - Sync 1 DAGs
[2024-04-08T02:03:51.253+0530] {logging_mixin.py:188} INFO - [2024-04-08T02:03:51.253+0530] {dag.py:3823} INFO - Setting next_dagrun for example_params_ui_tutorial to None, run_after=None
[2024-04-08T02:03:51.275+0530] {processor.py:183} INFO - Processing /home/lucky/.local/lib/python3.10/site-packages/airflow/example_dags/example_params_ui_tutorial.py took 0.100 seconds
[2024-04-08T02:05:10.877+0530] {processor.py:161} INFO - Started process (PID=97111) to work on /home/lucky/.local/lib/python3.10/site-packages/airflow/example_dags/example_params_ui_tutorial.py
[2024-04-08T02:05:10.879+0530] {processor.py:830} INFO - Processing file /home/lucky/.local/lib/python3.10/site-packages/airflow/example_dags/example_params_ui_tutorial.py for tasks to queue
[2024-04-08T02:05:10.880+0530] {logging_mixin.py:188} INFO - [2024-04-08T02:05:10.879+0530] {dagbag.py:538} INFO - Filling up the DagBag from /home/lucky/.local/lib/python3.10/site-packages/airflow/example_dags/example_params_ui_tutorial.py
[2024-04-08T02:05:10.889+0530] {processor.py:840} INFO - DAG(s) 'example_params_ui_tutorial' retrieved from /home/lucky/.local/lib/python3.10/site-packages/airflow/example_dags/example_params_ui_tutorial.py
[2024-04-08T02:05:10.934+0530] {logging_mixin.py:188} INFO - [2024-04-08T02:05:10.933+0530] {dag.py:3036} INFO - Sync 1 DAGs
[2024-04-08T02:05:10.945+0530] {logging_mixin.py:188} INFO - [2024-04-08T02:05:10.945+0530] {dag.py:3823} INFO - Setting next_dagrun for example_params_ui_tutorial to None, run_after=None
[2024-04-08T02:05:10.968+0530] {processor.py:183} INFO - Processing /home/lucky/.local/lib/python3.10/site-packages/airflow/example_dags/example_params_ui_tutorial.py took 0.094 seconds
[2024-04-08T02:06:04.584+0530] {processor.py:161} INFO - Started process (PID=98020) to work on /home/lucky/.local/lib/python3.10/site-packages/airflow/example_dags/example_params_ui_tutorial.py
[2024-04-08T02:06:04.586+0530] {processor.py:830} INFO - Processing file /home/lucky/.local/lib/python3.10/site-packages/airflow/example_dags/example_params_ui_tutorial.py for tasks to queue
[2024-04-08T02:06:04.587+0530] {logging_mixin.py:188} INFO - [2024-04-08T02:06:04.586+0530] {dagbag.py:538} INFO - Filling up the DagBag from /home/lucky/.local/lib/python3.10/site-packages/airflow/example_dags/example_params_ui_tutorial.py
[2024-04-08T02:06:04.599+0530] {processor.py:840} INFO - DAG(s) 'example_params_ui_tutorial' retrieved from /home/lucky/.local/lib/python3.10/site-packages/airflow/example_dags/example_params_ui_tutorial.py
[2024-04-08T02:06:04.677+0530] {logging_mixin.py:188} INFO - [2024-04-08T02:06:04.677+0530] {dag.py:3036} INFO - Sync 1 DAGs
[2024-04-08T02:06:04.853+0530] {logging_mixin.py:188} INFO - [2024-04-08T02:06:04.852+0530] {dag.py:3823} INFO - Setting next_dagrun for example_params_ui_tutorial to None, run_after=None
[2024-04-08T02:06:04.883+0530] {processor.py:183} INFO - Processing /home/lucky/.local/lib/python3.10/site-packages/airflow/example_dags/example_params_ui_tutorial.py took 0.303 seconds
[2024-04-08T02:07:24.295+0530] {processor.py:161} INFO - Started process (PID=99272) to work on /home/lucky/.local/lib/python3.10/site-packages/airflow/example_dags/example_params_ui_tutorial.py
[2024-04-08T02:07:24.296+0530] {processor.py:830} INFO - Processing file /home/lucky/.local/lib/python3.10/site-packages/airflow/example_dags/example_params_ui_tutorial.py for tasks to queue
[2024-04-08T02:07:24.297+0530] {logging_mixin.py:188} INFO - [2024-04-08T02:07:24.297+0530] {dagbag.py:538} INFO - Filling up the DagBag from /home/lucky/.local/lib/python3.10/site-packages/airflow/example_dags/example_params_ui_tutorial.py
[2024-04-08T02:07:24.307+0530] {processor.py:840} INFO - DAG(s) 'example_params_ui_tutorial' retrieved from /home/lucky/.local/lib/python3.10/site-packages/airflow/example_dags/example_params_ui_tutorial.py
[2024-04-08T02:07:24.349+0530] {logging_mixin.py:188} INFO - [2024-04-08T02:07:24.348+0530] {dag.py:3036} INFO - Sync 1 DAGs
[2024-04-08T02:07:24.467+0530] {logging_mixin.py:188} INFO - [2024-04-08T02:07:24.467+0530] {dag.py:3823} INFO - Setting next_dagrun for example_params_ui_tutorial to None, run_after=None
[2024-04-08T02:07:24.488+0530] {processor.py:183} INFO - Processing /home/lucky/.local/lib/python3.10/site-packages/airflow/example_dags/example_params_ui_tutorial.py took 0.196 seconds
[2024-04-08T02:08:19.650+0530] {processor.py:161} INFO - Started process (PID=99929) to work on /home/lucky/.local/lib/python3.10/site-packages/airflow/example_dags/example_params_ui_tutorial.py
[2024-04-08T02:08:19.652+0530] {processor.py:830} INFO - Processing file /home/lucky/.local/lib/python3.10/site-packages/airflow/example_dags/example_params_ui_tutorial.py for tasks to queue
[2024-04-08T02:08:19.653+0530] {logging_mixin.py:188} INFO - [2024-04-08T02:08:19.652+0530] {dagbag.py:538} INFO - Filling up the DagBag from /home/lucky/.local/lib/python3.10/site-packages/airflow/example_dags/example_params_ui_tutorial.py
[2024-04-08T02:08:19.663+0530] {processor.py:840} INFO - DAG(s) 'example_params_ui_tutorial' retrieved from /home/lucky/.local/lib/python3.10/site-packages/airflow/example_dags/example_params_ui_tutorial.py
[2024-04-08T02:08:19.708+0530] {logging_mixin.py:188} INFO - [2024-04-08T02:08:19.708+0530] {dag.py:3036} INFO - Sync 1 DAGs
[2024-04-08T02:08:19.720+0530] {logging_mixin.py:188} INFO - [2024-04-08T02:08:19.719+0530] {dag.py:3823} INFO - Setting next_dagrun for example_params_ui_tutorial to None, run_after=None
[2024-04-08T02:08:19.746+0530] {processor.py:183} INFO - Processing /home/lucky/.local/lib/python3.10/site-packages/airflow/example_dags/example_params_ui_tutorial.py took 0.098 seconds
[2024-04-08T02:09:17.995+0530] {processor.py:161} INFO - Started process (PID=101369) to work on /home/lucky/.local/lib/python3.10/site-packages/airflow/example_dags/example_params_ui_tutorial.py
[2024-04-08T02:09:17.996+0530] {processor.py:830} INFO - Processing file /home/lucky/.local/lib/python3.10/site-packages/airflow/example_dags/example_params_ui_tutorial.py for tasks to queue
[2024-04-08T02:09:17.998+0530] {logging_mixin.py:188} INFO - [2024-04-08T02:09:17.997+0530] {dagbag.py:538} INFO - Filling up the DagBag from /home/lucky/.local/lib/python3.10/site-packages/airflow/example_dags/example_params_ui_tutorial.py
[2024-04-08T02:09:18.012+0530] {processor.py:840} INFO - DAG(s) 'example_params_ui_tutorial' retrieved from /home/lucky/.local/lib/python3.10/site-packages/airflow/example_dags/example_params_ui_tutorial.py
[2024-04-08T02:09:18.062+0530] {logging_mixin.py:188} INFO - [2024-04-08T02:09:18.062+0530] {dag.py:3036} INFO - Sync 1 DAGs
[2024-04-08T02:09:18.074+0530] {logging_mixin.py:188} INFO - [2024-04-08T02:09:18.074+0530] {dag.py:3823} INFO - Setting next_dagrun for example_params_ui_tutorial to None, run_after=None
[2024-04-08T02:09:18.098+0530] {processor.py:183} INFO - Processing /home/lucky/.local/lib/python3.10/site-packages/airflow/example_dags/example_params_ui_tutorial.py took 0.106 seconds
