[2024-04-08T00:27:16.479+0530] {processor.py:161} INFO - Started process (PID=8195) to work on /home/lucky/.local/lib/python3.10/site-packages/airflow/example_dags/example_setup_teardown.py
[2024-04-08T00:27:16.480+0530] {processor.py:830} INFO - Processing file /home/lucky/.local/lib/python3.10/site-packages/airflow/example_dags/example_setup_teardown.py for tasks to queue
[2024-04-08T00:27:16.481+0530] {logging_mixin.py:188} INFO - [2024-04-08T00:27:16.481+0530] {dagbag.py:538} INFO - Filling up the DagBag from /home/lucky/.local/lib/python3.10/site-packages/airflow/example_dags/example_setup_teardown.py
[2024-04-08T00:27:16.491+0530] {processor.py:840} INFO - DAG(s) 'example_setup_teardown' retrieved from /home/lucky/.local/lib/python3.10/site-packages/airflow/example_dags/example_setup_teardown.py
[2024-04-08T00:27:16.521+0530] {logging_mixin.py:188} INFO - [2024-04-08T00:27:16.520+0530] {dag.py:3036} INFO - Sync 1 DAGs
[2024-04-08T00:27:16.561+0530] {logging_mixin.py:188} INFO - [2024-04-08T00:27:16.560+0530] {dag.py:3823} INFO - Setting next_dagrun for example_setup_teardown to 2024-04-06 00:00:00+00:00, run_after=2024-04-07 00:00:00+00:00
[2024-04-08T00:27:16.598+0530] {processor.py:183} INFO - Processing /home/lucky/.local/lib/python3.10/site-packages/airflow/example_dags/example_setup_teardown.py took 0.122 seconds
[2024-04-08T00:28:19.300+0530] {processor.py:161} INFO - Started process (PID=9208) to work on /home/lucky/.local/lib/python3.10/site-packages/airflow/example_dags/example_setup_teardown.py
[2024-04-08T00:28:19.302+0530] {processor.py:830} INFO - Processing file /home/lucky/.local/lib/python3.10/site-packages/airflow/example_dags/example_setup_teardown.py for tasks to queue
[2024-04-08T00:28:19.304+0530] {logging_mixin.py:188} INFO - [2024-04-08T00:28:19.303+0530] {dagbag.py:538} INFO - Filling up the DagBag from /home/lucky/.local/lib/python3.10/site-packages/airflow/example_dags/example_setup_teardown.py
[2024-04-08T00:28:19.315+0530] {processor.py:840} INFO - DAG(s) 'example_setup_teardown' retrieved from /home/lucky/.local/lib/python3.10/site-packages/airflow/example_dags/example_setup_teardown.py
[2024-04-08T00:28:19.340+0530] {logging_mixin.py:188} INFO - [2024-04-08T00:28:19.340+0530] {dag.py:3036} INFO - Sync 1 DAGs
[2024-04-08T00:28:19.377+0530] {logging_mixin.py:188} INFO - [2024-04-08T00:28:19.377+0530] {dag.py:3823} INFO - Setting next_dagrun for example_setup_teardown to 2024-04-06 00:00:00+00:00, run_after=2024-04-07 00:00:00+00:00
[2024-04-08T00:28:19.418+0530] {processor.py:183} INFO - Processing /home/lucky/.local/lib/python3.10/site-packages/airflow/example_dags/example_setup_teardown.py took 0.122 seconds
[2024-04-08T00:29:31.747+0530] {processor.py:161} INFO - Started process (PID=10039) to work on /home/lucky/.local/lib/python3.10/site-packages/airflow/example_dags/example_setup_teardown.py
[2024-04-08T00:29:31.750+0530] {processor.py:830} INFO - Processing file /home/lucky/.local/lib/python3.10/site-packages/airflow/example_dags/example_setup_teardown.py for tasks to queue
[2024-04-08T00:29:31.753+0530] {logging_mixin.py:188} INFO - [2024-04-08T00:29:31.752+0530] {dagbag.py:538} INFO - Filling up the DagBag from /home/lucky/.local/lib/python3.10/site-packages/airflow/example_dags/example_setup_teardown.py
[2024-04-08T00:29:31.771+0530] {processor.py:840} INFO - DAG(s) 'example_setup_teardown' retrieved from /home/lucky/.local/lib/python3.10/site-packages/airflow/example_dags/example_setup_teardown.py
[2024-04-08T00:29:31.812+0530] {logging_mixin.py:188} INFO - [2024-04-08T00:29:31.811+0530] {dag.py:3036} INFO - Sync 1 DAGs
[2024-04-08T00:29:31.866+0530] {logging_mixin.py:188} INFO - [2024-04-08T00:29:31.866+0530] {dag.py:3823} INFO - Setting next_dagrun for example_setup_teardown to 2024-04-06 00:00:00+00:00, run_after=2024-04-07 00:00:00+00:00
[2024-04-08T00:29:31.924+0530] {processor.py:183} INFO - Processing /home/lucky/.local/lib/python3.10/site-packages/airflow/example_dags/example_setup_teardown.py took 0.190 seconds
[2024-04-08T00:30:33.298+0530] {processor.py:161} INFO - Started process (PID=11162) to work on /home/lucky/.local/lib/python3.10/site-packages/airflow/example_dags/example_setup_teardown.py
[2024-04-08T00:30:33.311+0530] {processor.py:830} INFO - Processing file /home/lucky/.local/lib/python3.10/site-packages/airflow/example_dags/example_setup_teardown.py for tasks to queue
[2024-04-08T00:30:33.313+0530] {logging_mixin.py:188} INFO - [2024-04-08T00:30:33.312+0530] {dagbag.py:538} INFO - Filling up the DagBag from /home/lucky/.local/lib/python3.10/site-packages/airflow/example_dags/example_setup_teardown.py
[2024-04-08T00:30:33.330+0530] {processor.py:840} INFO - DAG(s) 'example_setup_teardown' retrieved from /home/lucky/.local/lib/python3.10/site-packages/airflow/example_dags/example_setup_teardown.py
[2024-04-08T00:30:33.370+0530] {logging_mixin.py:188} INFO - [2024-04-08T00:30:33.369+0530] {dag.py:3036} INFO - Sync 1 DAGs
[2024-04-08T00:30:33.428+0530] {logging_mixin.py:188} INFO - [2024-04-08T00:30:33.427+0530] {dag.py:3823} INFO - Setting next_dagrun for example_setup_teardown to 2024-04-06 00:00:00+00:00, run_after=2024-04-07 00:00:00+00:00
[2024-04-08T00:30:33.476+0530] {processor.py:183} INFO - Processing /home/lucky/.local/lib/python3.10/site-packages/airflow/example_dags/example_setup_teardown.py took 0.183 seconds
[2024-04-08T00:31:38.791+0530] {processor.py:161} INFO - Started process (PID=12260) to work on /home/lucky/.local/lib/python3.10/site-packages/airflow/example_dags/example_setup_teardown.py
[2024-04-08T00:31:38.804+0530] {processor.py:830} INFO - Processing file /home/lucky/.local/lib/python3.10/site-packages/airflow/example_dags/example_setup_teardown.py for tasks to queue
[2024-04-08T00:31:38.806+0530] {logging_mixin.py:188} INFO - [2024-04-08T00:31:38.805+0530] {dagbag.py:538} INFO - Filling up the DagBag from /home/lucky/.local/lib/python3.10/site-packages/airflow/example_dags/example_setup_teardown.py
[2024-04-08T00:31:38.820+0530] {processor.py:840} INFO - DAG(s) 'example_setup_teardown' retrieved from /home/lucky/.local/lib/python3.10/site-packages/airflow/example_dags/example_setup_teardown.py
[2024-04-08T00:31:38.854+0530] {logging_mixin.py:188} INFO - [2024-04-08T00:31:38.853+0530] {dag.py:3036} INFO - Sync 1 DAGs
[2024-04-08T00:31:38.894+0530] {logging_mixin.py:188} INFO - [2024-04-08T00:31:38.894+0530] {dag.py:3823} INFO - Setting next_dagrun for example_setup_teardown to 2024-04-06 00:00:00+00:00, run_after=2024-04-07 00:00:00+00:00
[2024-04-08T00:31:38.924+0530] {processor.py:183} INFO - Processing /home/lucky/.local/lib/python3.10/site-packages/airflow/example_dags/example_setup_teardown.py took 0.139 seconds
[2024-04-08T00:32:46.775+0530] {processor.py:161} INFO - Started process (PID=13055) to work on /home/lucky/.local/lib/python3.10/site-packages/airflow/example_dags/example_setup_teardown.py
[2024-04-08T00:32:46.788+0530] {processor.py:830} INFO - Processing file /home/lucky/.local/lib/python3.10/site-packages/airflow/example_dags/example_setup_teardown.py for tasks to queue
[2024-04-08T00:32:46.789+0530] {logging_mixin.py:188} INFO - [2024-04-08T00:32:46.789+0530] {dagbag.py:538} INFO - Filling up the DagBag from /home/lucky/.local/lib/python3.10/site-packages/airflow/example_dags/example_setup_teardown.py
[2024-04-08T00:32:46.801+0530] {processor.py:840} INFO - DAG(s) 'example_setup_teardown' retrieved from /home/lucky/.local/lib/python3.10/site-packages/airflow/example_dags/example_setup_teardown.py
[2024-04-08T00:32:46.825+0530] {logging_mixin.py:188} INFO - [2024-04-08T00:32:46.825+0530] {dag.py:3036} INFO - Sync 1 DAGs
[2024-04-08T00:32:46.856+0530] {logging_mixin.py:188} INFO - [2024-04-08T00:32:46.856+0530] {dag.py:3823} INFO - Setting next_dagrun for example_setup_teardown to 2024-04-06 00:00:00+00:00, run_after=2024-04-07 00:00:00+00:00
[2024-04-08T00:32:46.896+0530] {processor.py:183} INFO - Processing /home/lucky/.local/lib/python3.10/site-packages/airflow/example_dags/example_setup_teardown.py took 0.128 seconds
[2024-04-08T00:34:03.217+0530] {processor.py:161} INFO - Started process (PID=14253) to work on /home/lucky/.local/lib/python3.10/site-packages/airflow/example_dags/example_setup_teardown.py
[2024-04-08T00:34:03.219+0530] {processor.py:830} INFO - Processing file /home/lucky/.local/lib/python3.10/site-packages/airflow/example_dags/example_setup_teardown.py for tasks to queue
[2024-04-08T00:34:03.221+0530] {logging_mixin.py:188} INFO - [2024-04-08T00:34:03.220+0530] {dagbag.py:538} INFO - Filling up the DagBag from /home/lucky/.local/lib/python3.10/site-packages/airflow/example_dags/example_setup_teardown.py
[2024-04-08T00:34:03.245+0530] {processor.py:840} INFO - DAG(s) 'example_setup_teardown' retrieved from /home/lucky/.local/lib/python3.10/site-packages/airflow/example_dags/example_setup_teardown.py
[2024-04-08T00:34:03.274+0530] {logging_mixin.py:188} INFO - [2024-04-08T00:34:03.273+0530] {dag.py:3036} INFO - Sync 1 DAGs
[2024-04-08T00:34:03.314+0530] {logging_mixin.py:188} INFO - [2024-04-08T00:34:03.314+0530] {dag.py:3823} INFO - Setting next_dagrun for example_setup_teardown to 2024-04-06 00:00:00+00:00, run_after=2024-04-07 00:00:00+00:00
[2024-04-08T00:34:03.349+0530] {processor.py:183} INFO - Processing /home/lucky/.local/lib/python3.10/site-packages/airflow/example_dags/example_setup_teardown.py took 0.136 seconds
[2024-04-08T00:35:26.050+0530] {processor.py:161} INFO - Started process (PID=15487) to work on /home/lucky/.local/lib/python3.10/site-packages/airflow/example_dags/example_setup_teardown.py
[2024-04-08T00:35:26.052+0530] {processor.py:830} INFO - Processing file /home/lucky/.local/lib/python3.10/site-packages/airflow/example_dags/example_setup_teardown.py for tasks to queue
[2024-04-08T00:35:26.055+0530] {logging_mixin.py:188} INFO - [2024-04-08T00:35:26.054+0530] {dagbag.py:538} INFO - Filling up the DagBag from /home/lucky/.local/lib/python3.10/site-packages/airflow/example_dags/example_setup_teardown.py
[2024-04-08T00:35:26.069+0530] {processor.py:840} INFO - DAG(s) 'example_setup_teardown' retrieved from /home/lucky/.local/lib/python3.10/site-packages/airflow/example_dags/example_setup_teardown.py
[2024-04-08T00:35:26.091+0530] {logging_mixin.py:188} INFO - [2024-04-08T00:35:26.091+0530] {dag.py:3036} INFO - Sync 1 DAGs
[2024-04-08T00:35:26.133+0530] {logging_mixin.py:188} INFO - [2024-04-08T00:35:26.133+0530] {dag.py:3823} INFO - Setting next_dagrun for example_setup_teardown to 2024-04-06 00:00:00+00:00, run_after=2024-04-07 00:00:00+00:00
[2024-04-08T00:35:26.169+0530] {processor.py:183} INFO - Processing /home/lucky/.local/lib/python3.10/site-packages/airflow/example_dags/example_setup_teardown.py took 0.123 seconds
[2024-04-08T00:36:27.996+0530] {processor.py:161} INFO - Started process (PID=16216) to work on /home/lucky/.local/lib/python3.10/site-packages/airflow/example_dags/example_setup_teardown.py
[2024-04-08T00:36:27.999+0530] {processor.py:830} INFO - Processing file /home/lucky/.local/lib/python3.10/site-packages/airflow/example_dags/example_setup_teardown.py for tasks to queue
[2024-04-08T00:36:28.001+0530] {logging_mixin.py:188} INFO - [2024-04-08T00:36:28.000+0530] {dagbag.py:538} INFO - Filling up the DagBag from /home/lucky/.local/lib/python3.10/site-packages/airflow/example_dags/example_setup_teardown.py
[2024-04-08T00:36:28.015+0530] {processor.py:840} INFO - DAG(s) 'example_setup_teardown' retrieved from /home/lucky/.local/lib/python3.10/site-packages/airflow/example_dags/example_setup_teardown.py
[2024-04-08T00:36:28.054+0530] {logging_mixin.py:188} INFO - [2024-04-08T00:36:28.053+0530] {dag.py:3036} INFO - Sync 1 DAGs
[2024-04-08T00:36:28.092+0530] {logging_mixin.py:188} INFO - [2024-04-08T00:36:28.091+0530] {dag.py:3823} INFO - Setting next_dagrun for example_setup_teardown to 2024-04-06 00:00:00+00:00, run_after=2024-04-07 00:00:00+00:00
[2024-04-08T00:36:28.154+0530] {processor.py:183} INFO - Processing /home/lucky/.local/lib/python3.10/site-packages/airflow/example_dags/example_setup_teardown.py took 0.164 seconds
[2024-04-08T00:37:29.867+0530] {processor.py:161} INFO - Started process (PID=17299) to work on /home/lucky/.local/lib/python3.10/site-packages/airflow/example_dags/example_setup_teardown.py
[2024-04-08T00:37:29.869+0530] {processor.py:830} INFO - Processing file /home/lucky/.local/lib/python3.10/site-packages/airflow/example_dags/example_setup_teardown.py for tasks to queue
[2024-04-08T00:37:29.870+0530] {logging_mixin.py:188} INFO - [2024-04-08T00:37:29.870+0530] {dagbag.py:538} INFO - Filling up the DagBag from /home/lucky/.local/lib/python3.10/site-packages/airflow/example_dags/example_setup_teardown.py
[2024-04-08T00:37:29.880+0530] {processor.py:840} INFO - DAG(s) 'example_setup_teardown' retrieved from /home/lucky/.local/lib/python3.10/site-packages/airflow/example_dags/example_setup_teardown.py
[2024-04-08T00:37:29.900+0530] {logging_mixin.py:188} INFO - [2024-04-08T00:37:29.900+0530] {dag.py:3036} INFO - Sync 1 DAGs
[2024-04-08T00:37:29.931+0530] {logging_mixin.py:188} INFO - [2024-04-08T00:37:29.931+0530] {dag.py:3823} INFO - Setting next_dagrun for example_setup_teardown to 2024-04-06 00:00:00+00:00, run_after=2024-04-07 00:00:00+00:00
[2024-04-08T00:37:29.968+0530] {processor.py:183} INFO - Processing /home/lucky/.local/lib/python3.10/site-packages/airflow/example_dags/example_setup_teardown.py took 0.105 seconds
[2024-04-08T00:38:30.195+0530] {processor.py:161} INFO - Started process (PID=18360) to work on /home/lucky/.local/lib/python3.10/site-packages/airflow/example_dags/example_setup_teardown.py
[2024-04-08T00:38:30.197+0530] {processor.py:830} INFO - Processing file /home/lucky/.local/lib/python3.10/site-packages/airflow/example_dags/example_setup_teardown.py for tasks to queue
[2024-04-08T00:38:30.198+0530] {logging_mixin.py:188} INFO - [2024-04-08T00:38:30.198+0530] {dagbag.py:538} INFO - Filling up the DagBag from /home/lucky/.local/lib/python3.10/site-packages/airflow/example_dags/example_setup_teardown.py
[2024-04-08T00:38:30.208+0530] {processor.py:840} INFO - DAG(s) 'example_setup_teardown' retrieved from /home/lucky/.local/lib/python3.10/site-packages/airflow/example_dags/example_setup_teardown.py
[2024-04-08T00:38:30.231+0530] {logging_mixin.py:188} INFO - [2024-04-08T00:38:30.230+0530] {dag.py:3036} INFO - Sync 1 DAGs
[2024-04-08T00:38:30.264+0530] {logging_mixin.py:188} INFO - [2024-04-08T00:38:30.264+0530] {dag.py:3823} INFO - Setting next_dagrun for example_setup_teardown to 2024-04-06 00:00:00+00:00, run_after=2024-04-07 00:00:00+00:00
[2024-04-08T00:38:30.305+0530] {processor.py:183} INFO - Processing /home/lucky/.local/lib/python3.10/site-packages/airflow/example_dags/example_setup_teardown.py took 0.114 seconds
[2024-04-08T00:39:33.956+0530] {processor.py:161} INFO - Started process (PID=19172) to work on /home/lucky/.local/lib/python3.10/site-packages/airflow/example_dags/example_setup_teardown.py
[2024-04-08T00:39:33.960+0530] {processor.py:830} INFO - Processing file /home/lucky/.local/lib/python3.10/site-packages/airflow/example_dags/example_setup_teardown.py for tasks to queue
[2024-04-08T00:39:33.963+0530] {logging_mixin.py:188} INFO - [2024-04-08T00:39:33.962+0530] {dagbag.py:538} INFO - Filling up the DagBag from /home/lucky/.local/lib/python3.10/site-packages/airflow/example_dags/example_setup_teardown.py
[2024-04-08T00:39:33.986+0530] {processor.py:840} INFO - DAG(s) 'example_setup_teardown' retrieved from /home/lucky/.local/lib/python3.10/site-packages/airflow/example_dags/example_setup_teardown.py
[2024-04-08T00:39:34.028+0530] {logging_mixin.py:188} INFO - [2024-04-08T00:39:34.027+0530] {dag.py:3036} INFO - Sync 1 DAGs
[2024-04-08T00:39:34.079+0530] {logging_mixin.py:188} INFO - [2024-04-08T00:39:34.079+0530] {dag.py:3823} INFO - Setting next_dagrun for example_setup_teardown to 2024-04-06 00:00:00+00:00, run_after=2024-04-07 00:00:00+00:00
[2024-04-08T00:39:34.120+0530] {processor.py:183} INFO - Processing /home/lucky/.local/lib/python3.10/site-packages/airflow/example_dags/example_setup_teardown.py took 0.176 seconds
[2024-04-08T00:40:42.483+0530] {processor.py:161} INFO - Started process (PID=20288) to work on /home/lucky/.local/lib/python3.10/site-packages/airflow/example_dags/example_setup_teardown.py
[2024-04-08T00:40:42.497+0530] {processor.py:830} INFO - Processing file /home/lucky/.local/lib/python3.10/site-packages/airflow/example_dags/example_setup_teardown.py for tasks to queue
[2024-04-08T00:40:42.498+0530] {logging_mixin.py:188} INFO - [2024-04-08T00:40:42.498+0530] {dagbag.py:538} INFO - Filling up the DagBag from /home/lucky/.local/lib/python3.10/site-packages/airflow/example_dags/example_setup_teardown.py
[2024-04-08T00:40:42.511+0530] {processor.py:840} INFO - DAG(s) 'example_setup_teardown' retrieved from /home/lucky/.local/lib/python3.10/site-packages/airflow/example_dags/example_setup_teardown.py
[2024-04-08T00:40:42.546+0530] {logging_mixin.py:188} INFO - [2024-04-08T00:40:42.546+0530] {dag.py:3036} INFO - Sync 1 DAGs
[2024-04-08T00:40:42.599+0530] {logging_mixin.py:188} INFO - [2024-04-08T00:40:42.598+0530] {dag.py:3823} INFO - Setting next_dagrun for example_setup_teardown to 2024-04-06 00:00:00+00:00, run_after=2024-04-07 00:00:00+00:00
[2024-04-08T00:40:42.659+0530] {processor.py:183} INFO - Processing /home/lucky/.local/lib/python3.10/site-packages/airflow/example_dags/example_setup_teardown.py took 0.179 seconds
[2024-04-08T00:41:58.924+0530] {processor.py:161} INFO - Started process (PID=21483) to work on /home/lucky/.local/lib/python3.10/site-packages/airflow/example_dags/example_setup_teardown.py
[2024-04-08T00:41:58.927+0530] {processor.py:830} INFO - Processing file /home/lucky/.local/lib/python3.10/site-packages/airflow/example_dags/example_setup_teardown.py for tasks to queue
[2024-04-08T00:41:58.928+0530] {logging_mixin.py:188} INFO - [2024-04-08T00:41:58.928+0530] {dagbag.py:538} INFO - Filling up the DagBag from /home/lucky/.local/lib/python3.10/site-packages/airflow/example_dags/example_setup_teardown.py
[2024-04-08T00:41:58.949+0530] {processor.py:840} INFO - DAG(s) 'example_setup_teardown' retrieved from /home/lucky/.local/lib/python3.10/site-packages/airflow/example_dags/example_setup_teardown.py
[2024-04-08T00:41:58.981+0530] {logging_mixin.py:188} INFO - [2024-04-08T00:41:58.980+0530] {dag.py:3036} INFO - Sync 1 DAGs
[2024-04-08T00:41:59.029+0530] {logging_mixin.py:188} INFO - [2024-04-08T00:41:59.028+0530] {dag.py:3823} INFO - Setting next_dagrun for example_setup_teardown to 2024-04-06 00:00:00+00:00, run_after=2024-04-07 00:00:00+00:00
[2024-04-08T00:41:59.077+0530] {processor.py:183} INFO - Processing /home/lucky/.local/lib/python3.10/site-packages/airflow/example_dags/example_setup_teardown.py took 0.156 seconds
[2024-04-08T00:43:02.330+0530] {processor.py:161} INFO - Started process (PID=22223) to work on /home/lucky/.local/lib/python3.10/site-packages/airflow/example_dags/example_setup_teardown.py
[2024-04-08T00:43:02.343+0530] {processor.py:830} INFO - Processing file /home/lucky/.local/lib/python3.10/site-packages/airflow/example_dags/example_setup_teardown.py for tasks to queue
[2024-04-08T00:43:02.344+0530] {logging_mixin.py:188} INFO - [2024-04-08T00:43:02.343+0530] {dagbag.py:538} INFO - Filling up the DagBag from /home/lucky/.local/lib/python3.10/site-packages/airflow/example_dags/example_setup_teardown.py
[2024-04-08T00:43:02.356+0530] {processor.py:840} INFO - DAG(s) 'example_setup_teardown' retrieved from /home/lucky/.local/lib/python3.10/site-packages/airflow/example_dags/example_setup_teardown.py
[2024-04-08T00:43:02.389+0530] {logging_mixin.py:188} INFO - [2024-04-08T00:43:02.388+0530] {dag.py:3036} INFO - Sync 1 DAGs
[2024-04-08T00:43:02.421+0530] {logging_mixin.py:188} INFO - [2024-04-08T00:43:02.420+0530] {dag.py:3823} INFO - Setting next_dagrun for example_setup_teardown to 2024-04-06 00:00:00+00:00, run_after=2024-04-07 00:00:00+00:00
[2024-04-08T00:43:02.460+0530] {processor.py:183} INFO - Processing /home/lucky/.local/lib/python3.10/site-packages/airflow/example_dags/example_setup_teardown.py took 0.136 seconds
[2024-04-08T00:44:05.450+0530] {processor.py:161} INFO - Started process (PID=23291) to work on /home/lucky/.local/lib/python3.10/site-packages/airflow/example_dags/example_setup_teardown.py
[2024-04-08T00:44:05.463+0530] {processor.py:830} INFO - Processing file /home/lucky/.local/lib/python3.10/site-packages/airflow/example_dags/example_setup_teardown.py for tasks to queue
[2024-04-08T00:44:05.464+0530] {logging_mixin.py:188} INFO - [2024-04-08T00:44:05.464+0530] {dagbag.py:538} INFO - Filling up the DagBag from /home/lucky/.local/lib/python3.10/site-packages/airflow/example_dags/example_setup_teardown.py
[2024-04-08T00:44:05.477+0530] {processor.py:840} INFO - DAG(s) 'example_setup_teardown' retrieved from /home/lucky/.local/lib/python3.10/site-packages/airflow/example_dags/example_setup_teardown.py
[2024-04-08T00:44:05.507+0530] {logging_mixin.py:188} INFO - [2024-04-08T00:44:05.506+0530] {dag.py:3036} INFO - Sync 1 DAGs
[2024-04-08T00:44:05.535+0530] {logging_mixin.py:188} INFO - [2024-04-08T00:44:05.535+0530] {dag.py:3823} INFO - Setting next_dagrun for example_setup_teardown to 2024-04-06 00:00:00+00:00, run_after=2024-04-07 00:00:00+00:00
[2024-04-08T00:44:05.572+0530] {processor.py:183} INFO - Processing /home/lucky/.local/lib/python3.10/site-packages/airflow/example_dags/example_setup_teardown.py took 0.127 seconds
[2024-04-08T00:44:57.791+0530] {processor.py:161} INFO - Started process (PID=24219) to work on /home/lucky/.local/lib/python3.10/site-packages/airflow/example_dags/example_setup_teardown.py
[2024-04-08T00:44:57.792+0530] {processor.py:830} INFO - Processing file /home/lucky/.local/lib/python3.10/site-packages/airflow/example_dags/example_setup_teardown.py for tasks to queue
[2024-04-08T00:44:57.794+0530] {logging_mixin.py:188} INFO - [2024-04-08T00:44:57.793+0530] {dagbag.py:538} INFO - Filling up the DagBag from /home/lucky/.local/lib/python3.10/site-packages/airflow/example_dags/example_setup_teardown.py
[2024-04-08T00:44:57.802+0530] {processor.py:840} INFO - DAG(s) 'example_setup_teardown' retrieved from /home/lucky/.local/lib/python3.10/site-packages/airflow/example_dags/example_setup_teardown.py
[2024-04-08T00:44:57.821+0530] {logging_mixin.py:188} INFO - [2024-04-08T00:44:57.820+0530] {dag.py:3036} INFO - Sync 1 DAGs
[2024-04-08T00:44:57.884+0530] {logging_mixin.py:188} INFO - [2024-04-08T00:44:57.883+0530] {dag.py:3823} INFO - Setting next_dagrun for example_setup_teardown to 2024-04-06 00:00:00+00:00, run_after=2024-04-07 00:00:00+00:00
[2024-04-08T00:44:57.925+0530] {processor.py:183} INFO - Processing /home/lucky/.local/lib/python3.10/site-packages/airflow/example_dags/example_setup_teardown.py took 0.137 seconds
[2024-04-08T00:46:18.339+0530] {processor.py:161} INFO - Started process (PID=25159) to work on /home/lucky/.local/lib/python3.10/site-packages/airflow/example_dags/example_setup_teardown.py
[2024-04-08T00:46:18.341+0530] {processor.py:830} INFO - Processing file /home/lucky/.local/lib/python3.10/site-packages/airflow/example_dags/example_setup_teardown.py for tasks to queue
[2024-04-08T00:46:18.343+0530] {logging_mixin.py:188} INFO - [2024-04-08T00:46:18.342+0530] {dagbag.py:538} INFO - Filling up the DagBag from /home/lucky/.local/lib/python3.10/site-packages/airflow/example_dags/example_setup_teardown.py
[2024-04-08T00:46:18.352+0530] {processor.py:840} INFO - DAG(s) 'example_setup_teardown' retrieved from /home/lucky/.local/lib/python3.10/site-packages/airflow/example_dags/example_setup_teardown.py
[2024-04-08T00:46:18.374+0530] {logging_mixin.py:188} INFO - [2024-04-08T00:46:18.374+0530] {dag.py:3036} INFO - Sync 1 DAGs
[2024-04-08T00:46:18.402+0530] {logging_mixin.py:188} INFO - [2024-04-08T00:46:18.401+0530] {dag.py:3823} INFO - Setting next_dagrun for example_setup_teardown to 2024-04-06 00:00:00+00:00, run_after=2024-04-07 00:00:00+00:00
[2024-04-08T00:46:18.440+0530] {processor.py:183} INFO - Processing /home/lucky/.local/lib/python3.10/site-packages/airflow/example_dags/example_setup_teardown.py took 0.105 seconds
[2024-04-08T00:47:13.215+0530] {processor.py:161} INFO - Started process (PID=26120) to work on /home/lucky/.local/lib/python3.10/site-packages/airflow/example_dags/example_setup_teardown.py
[2024-04-08T00:47:13.217+0530] {processor.py:830} INFO - Processing file /home/lucky/.local/lib/python3.10/site-packages/airflow/example_dags/example_setup_teardown.py for tasks to queue
[2024-04-08T00:47:13.218+0530] {logging_mixin.py:188} INFO - [2024-04-08T00:47:13.218+0530] {dagbag.py:538} INFO - Filling up the DagBag from /home/lucky/.local/lib/python3.10/site-packages/airflow/example_dags/example_setup_teardown.py
[2024-04-08T00:47:13.228+0530] {processor.py:840} INFO - DAG(s) 'example_setup_teardown' retrieved from /home/lucky/.local/lib/python3.10/site-packages/airflow/example_dags/example_setup_teardown.py
[2024-04-08T00:47:13.249+0530] {logging_mixin.py:188} INFO - [2024-04-08T00:47:13.248+0530] {dag.py:3036} INFO - Sync 1 DAGs
[2024-04-08T00:47:13.276+0530] {logging_mixin.py:188} INFO - [2024-04-08T00:47:13.275+0530] {dag.py:3823} INFO - Setting next_dagrun for example_setup_teardown to 2024-04-06 00:00:00+00:00, run_after=2024-04-07 00:00:00+00:00
[2024-04-08T00:47:13.317+0530] {processor.py:183} INFO - Processing /home/lucky/.local/lib/python3.10/site-packages/airflow/example_dags/example_setup_teardown.py took 0.106 seconds
[2024-04-08T00:48:26.287+0530] {processor.py:161} INFO - Started process (PID=27279) to work on /home/lucky/.local/lib/python3.10/site-packages/airflow/example_dags/example_setup_teardown.py
[2024-04-08T00:48:26.296+0530] {processor.py:830} INFO - Processing file /home/lucky/.local/lib/python3.10/site-packages/airflow/example_dags/example_setup_teardown.py for tasks to queue
[2024-04-08T00:48:26.297+0530] {logging_mixin.py:188} INFO - [2024-04-08T00:48:26.297+0530] {dagbag.py:538} INFO - Filling up the DagBag from /home/lucky/.local/lib/python3.10/site-packages/airflow/example_dags/example_setup_teardown.py
[2024-04-08T00:48:26.305+0530] {processor.py:840} INFO - DAG(s) 'example_setup_teardown' retrieved from /home/lucky/.local/lib/python3.10/site-packages/airflow/example_dags/example_setup_teardown.py
[2024-04-08T00:48:26.319+0530] {logging_mixin.py:188} INFO - [2024-04-08T00:48:26.319+0530] {dag.py:3036} INFO - Sync 1 DAGs
[2024-04-08T00:48:26.339+0530] {logging_mixin.py:188} INFO - [2024-04-08T00:48:26.339+0530] {dag.py:3823} INFO - Setting next_dagrun for example_setup_teardown to 2024-04-06 00:00:00+00:00, run_after=2024-04-07 00:00:00+00:00
[2024-04-08T00:48:26.363+0530] {processor.py:183} INFO - Processing /home/lucky/.local/lib/python3.10/site-packages/airflow/example_dags/example_setup_teardown.py took 0.079 seconds
[2024-04-08T00:49:37.531+0530] {processor.py:161} INFO - Started process (PID=28385) to work on /home/lucky/.local/lib/python3.10/site-packages/airflow/example_dags/example_setup_teardown.py
[2024-04-08T00:49:37.533+0530] {processor.py:830} INFO - Processing file /home/lucky/.local/lib/python3.10/site-packages/airflow/example_dags/example_setup_teardown.py for tasks to queue
[2024-04-08T00:49:37.534+0530] {logging_mixin.py:188} INFO - [2024-04-08T00:49:37.533+0530] {dagbag.py:538} INFO - Filling up the DagBag from /home/lucky/.local/lib/python3.10/site-packages/airflow/example_dags/example_setup_teardown.py
[2024-04-08T00:49:37.540+0530] {processor.py:840} INFO - DAG(s) 'example_setup_teardown' retrieved from /home/lucky/.local/lib/python3.10/site-packages/airflow/example_dags/example_setup_teardown.py
[2024-04-08T00:49:37.554+0530] {logging_mixin.py:188} INFO - [2024-04-08T00:49:37.554+0530] {dag.py:3036} INFO - Sync 1 DAGs
[2024-04-08T00:49:37.575+0530] {logging_mixin.py:188} INFO - [2024-04-08T00:49:37.574+0530] {dag.py:3823} INFO - Setting next_dagrun for example_setup_teardown to 2024-04-06 00:00:00+00:00, run_after=2024-04-07 00:00:00+00:00
[2024-04-08T00:49:37.599+0530] {processor.py:183} INFO - Processing /home/lucky/.local/lib/python3.10/site-packages/airflow/example_dags/example_setup_teardown.py took 0.071 seconds
[2024-04-08T00:50:51.481+0530] {processor.py:161} INFO - Started process (PID=29568) to work on /home/lucky/.local/lib/python3.10/site-packages/airflow/example_dags/example_setup_teardown.py
[2024-04-08T00:50:51.483+0530] {processor.py:830} INFO - Processing file /home/lucky/.local/lib/python3.10/site-packages/airflow/example_dags/example_setup_teardown.py for tasks to queue
[2024-04-08T00:50:51.484+0530] {logging_mixin.py:188} INFO - [2024-04-08T00:50:51.484+0530] {dagbag.py:538} INFO - Filling up the DagBag from /home/lucky/.local/lib/python3.10/site-packages/airflow/example_dags/example_setup_teardown.py
[2024-04-08T00:50:51.491+0530] {processor.py:840} INFO - DAG(s) 'example_setup_teardown' retrieved from /home/lucky/.local/lib/python3.10/site-packages/airflow/example_dags/example_setup_teardown.py
[2024-04-08T00:50:51.510+0530] {logging_mixin.py:188} INFO - [2024-04-08T00:50:51.510+0530] {dag.py:3036} INFO - Sync 1 DAGs
[2024-04-08T00:50:51.533+0530] {logging_mixin.py:188} INFO - [2024-04-08T00:50:51.533+0530] {dag.py:3823} INFO - Setting next_dagrun for example_setup_teardown to 2024-04-06 00:00:00+00:00, run_after=2024-04-07 00:00:00+00:00
[2024-04-08T00:50:51.559+0530] {processor.py:183} INFO - Processing /home/lucky/.local/lib/python3.10/site-packages/airflow/example_dags/example_setup_teardown.py took 0.080 seconds
[2024-04-08T00:51:47.838+0530] {processor.py:161} INFO - Started process (PID=30250) to work on /home/lucky/.local/lib/python3.10/site-packages/airflow/example_dags/example_setup_teardown.py
[2024-04-08T00:51:47.840+0530] {processor.py:830} INFO - Processing file /home/lucky/.local/lib/python3.10/site-packages/airflow/example_dags/example_setup_teardown.py for tasks to queue
[2024-04-08T00:51:47.841+0530] {logging_mixin.py:188} INFO - [2024-04-08T00:51:47.840+0530] {dagbag.py:538} INFO - Filling up the DagBag from /home/lucky/.local/lib/python3.10/site-packages/airflow/example_dags/example_setup_teardown.py
[2024-04-08T00:51:47.847+0530] {processor.py:840} INFO - DAG(s) 'example_setup_teardown' retrieved from /home/lucky/.local/lib/python3.10/site-packages/airflow/example_dags/example_setup_teardown.py
[2024-04-08T00:51:47.861+0530] {logging_mixin.py:188} INFO - [2024-04-08T00:51:47.860+0530] {dag.py:3036} INFO - Sync 1 DAGs
[2024-04-08T00:51:47.879+0530] {logging_mixin.py:188} INFO - [2024-04-08T00:51:47.879+0530] {dag.py:3823} INFO - Setting next_dagrun for example_setup_teardown to 2024-04-06 00:00:00+00:00, run_after=2024-04-07 00:00:00+00:00
[2024-04-08T00:51:47.901+0530] {processor.py:183} INFO - Processing /home/lucky/.local/lib/python3.10/site-packages/airflow/example_dags/example_setup_teardown.py took 0.066 seconds
[2024-04-08T00:52:42.993+0530] {processor.py:161} INFO - Started process (PID=31151) to work on /home/lucky/.local/lib/python3.10/site-packages/airflow/example_dags/example_setup_teardown.py
[2024-04-08T00:52:42.996+0530] {processor.py:830} INFO - Processing file /home/lucky/.local/lib/python3.10/site-packages/airflow/example_dags/example_setup_teardown.py for tasks to queue
[2024-04-08T00:52:42.998+0530] {logging_mixin.py:188} INFO - [2024-04-08T00:52:42.997+0530] {dagbag.py:538} INFO - Filling up the DagBag from /home/lucky/.local/lib/python3.10/site-packages/airflow/example_dags/example_setup_teardown.py
[2024-04-08T00:52:43.017+0530] {processor.py:840} INFO - DAG(s) 'example_setup_teardown' retrieved from /home/lucky/.local/lib/python3.10/site-packages/airflow/example_dags/example_setup_teardown.py
[2024-04-08T00:52:43.042+0530] {logging_mixin.py:188} INFO - [2024-04-08T00:52:43.042+0530] {dag.py:3036} INFO - Sync 1 DAGs
[2024-04-08T00:52:43.079+0530] {logging_mixin.py:188} INFO - [2024-04-08T00:52:43.078+0530] {dag.py:3823} INFO - Setting next_dagrun for example_setup_teardown to 2024-04-06 00:00:00+00:00, run_after=2024-04-07 00:00:00+00:00
[2024-04-08T00:52:43.119+0530] {processor.py:183} INFO - Processing /home/lucky/.local/lib/python3.10/site-packages/airflow/example_dags/example_setup_teardown.py took 0.134 seconds
[2024-04-08T00:54:05.806+0530] {processor.py:161} INFO - Started process (PID=32411) to work on /home/lucky/.local/lib/python3.10/site-packages/airflow/example_dags/example_setup_teardown.py
[2024-04-08T00:54:05.808+0530] {processor.py:830} INFO - Processing file /home/lucky/.local/lib/python3.10/site-packages/airflow/example_dags/example_setup_teardown.py for tasks to queue
[2024-04-08T00:54:05.809+0530] {logging_mixin.py:188} INFO - [2024-04-08T00:54:05.809+0530] {dagbag.py:538} INFO - Filling up the DagBag from /home/lucky/.local/lib/python3.10/site-packages/airflow/example_dags/example_setup_teardown.py
[2024-04-08T00:54:05.816+0530] {processor.py:840} INFO - DAG(s) 'example_setup_teardown' retrieved from /home/lucky/.local/lib/python3.10/site-packages/airflow/example_dags/example_setup_teardown.py
[2024-04-08T00:54:05.831+0530] {logging_mixin.py:188} INFO - [2024-04-08T00:54:05.831+0530] {dag.py:3036} INFO - Sync 1 DAGs
[2024-04-08T00:54:05.855+0530] {logging_mixin.py:188} INFO - [2024-04-08T00:54:05.855+0530] {dag.py:3823} INFO - Setting next_dagrun for example_setup_teardown to 2024-04-06 00:00:00+00:00, run_after=2024-04-07 00:00:00+00:00
[2024-04-08T00:54:05.878+0530] {processor.py:183} INFO - Processing /home/lucky/.local/lib/python3.10/site-packages/airflow/example_dags/example_setup_teardown.py took 0.076 seconds
[2024-04-08T00:55:20.475+0530] {processor.py:161} INFO - Started process (PID=33572) to work on /home/lucky/.local/lib/python3.10/site-packages/airflow/example_dags/example_setup_teardown.py
[2024-04-08T00:55:20.476+0530] {processor.py:830} INFO - Processing file /home/lucky/.local/lib/python3.10/site-packages/airflow/example_dags/example_setup_teardown.py for tasks to queue
[2024-04-08T00:55:20.478+0530] {logging_mixin.py:188} INFO - [2024-04-08T00:55:20.477+0530] {dagbag.py:538} INFO - Filling up the DagBag from /home/lucky/.local/lib/python3.10/site-packages/airflow/example_dags/example_setup_teardown.py
[2024-04-08T00:55:20.487+0530] {processor.py:840} INFO - DAG(s) 'example_setup_teardown' retrieved from /home/lucky/.local/lib/python3.10/site-packages/airflow/example_dags/example_setup_teardown.py
[2024-04-08T00:55:20.507+0530] {logging_mixin.py:188} INFO - [2024-04-08T00:55:20.507+0530] {dag.py:3036} INFO - Sync 1 DAGs
[2024-04-08T00:55:20.540+0530] {logging_mixin.py:188} INFO - [2024-04-08T00:55:20.540+0530] {dag.py:3823} INFO - Setting next_dagrun for example_setup_teardown to 2024-04-06 00:00:00+00:00, run_after=2024-04-07 00:00:00+00:00
[2024-04-08T00:55:20.572+0530] {processor.py:183} INFO - Processing /home/lucky/.local/lib/python3.10/site-packages/airflow/example_dags/example_setup_teardown.py took 0.101 seconds
[2024-04-08T00:56:12.973+0530] {processor.py:161} INFO - Started process (PID=34207) to work on /home/lucky/.local/lib/python3.10/site-packages/airflow/example_dags/example_setup_teardown.py
[2024-04-08T00:56:12.974+0530] {processor.py:830} INFO - Processing file /home/lucky/.local/lib/python3.10/site-packages/airflow/example_dags/example_setup_teardown.py for tasks to queue
[2024-04-08T00:56:12.975+0530] {logging_mixin.py:188} INFO - [2024-04-08T00:56:12.975+0530] {dagbag.py:538} INFO - Filling up the DagBag from /home/lucky/.local/lib/python3.10/site-packages/airflow/example_dags/example_setup_teardown.py
[2024-04-08T00:56:12.983+0530] {processor.py:840} INFO - DAG(s) 'example_setup_teardown' retrieved from /home/lucky/.local/lib/python3.10/site-packages/airflow/example_dags/example_setup_teardown.py
[2024-04-08T00:56:13.012+0530] {logging_mixin.py:188} INFO - [2024-04-08T00:56:13.012+0530] {dag.py:3036} INFO - Sync 1 DAGs
[2024-04-08T00:56:13.038+0530] {logging_mixin.py:188} INFO - [2024-04-08T00:56:13.038+0530] {dag.py:3823} INFO - Setting next_dagrun for example_setup_teardown to 2024-04-06 00:00:00+00:00, run_after=2024-04-07 00:00:00+00:00
[2024-04-08T00:56:13.061+0530] {processor.py:183} INFO - Processing /home/lucky/.local/lib/python3.10/site-packages/airflow/example_dags/example_setup_teardown.py took 0.092 seconds
[2024-04-08T00:57:19.786+0530] {processor.py:161} INFO - Started process (PID=35348) to work on /home/lucky/.local/lib/python3.10/site-packages/airflow/example_dags/example_setup_teardown.py
[2024-04-08T00:57:19.789+0530] {processor.py:830} INFO - Processing file /home/lucky/.local/lib/python3.10/site-packages/airflow/example_dags/example_setup_teardown.py for tasks to queue
[2024-04-08T00:57:19.791+0530] {logging_mixin.py:188} INFO - [2024-04-08T00:57:19.790+0530] {dagbag.py:538} INFO - Filling up the DagBag from /home/lucky/.local/lib/python3.10/site-packages/airflow/example_dags/example_setup_teardown.py
[2024-04-08T00:57:19.815+0530] {processor.py:840} INFO - DAG(s) 'example_setup_teardown' retrieved from /home/lucky/.local/lib/python3.10/site-packages/airflow/example_dags/example_setup_teardown.py
[2024-04-08T00:57:19.879+0530] {logging_mixin.py:188} INFO - [2024-04-08T00:57:19.878+0530] {dag.py:3036} INFO - Sync 1 DAGs
[2024-04-08T00:57:19.951+0530] {logging_mixin.py:188} INFO - [2024-04-08T00:57:19.950+0530] {dag.py:3823} INFO - Setting next_dagrun for example_setup_teardown to 2024-04-06 00:00:00+00:00, run_after=2024-04-07 00:00:00+00:00
[2024-04-08T00:57:20.028+0530] {processor.py:183} INFO - Processing /home/lucky/.local/lib/python3.10/site-packages/airflow/example_dags/example_setup_teardown.py took 0.254 seconds
[2024-04-08T00:58:30.156+0530] {processor.py:161} INFO - Started process (PID=36430) to work on /home/lucky/.local/lib/python3.10/site-packages/airflow/example_dags/example_setup_teardown.py
[2024-04-08T00:58:30.157+0530] {processor.py:830} INFO - Processing file /home/lucky/.local/lib/python3.10/site-packages/airflow/example_dags/example_setup_teardown.py for tasks to queue
[2024-04-08T00:58:30.158+0530] {logging_mixin.py:188} INFO - [2024-04-08T00:58:30.158+0530] {dagbag.py:538} INFO - Filling up the DagBag from /home/lucky/.local/lib/python3.10/site-packages/airflow/example_dags/example_setup_teardown.py
[2024-04-08T00:58:30.167+0530] {processor.py:840} INFO - DAG(s) 'example_setup_teardown' retrieved from /home/lucky/.local/lib/python3.10/site-packages/airflow/example_dags/example_setup_teardown.py
[2024-04-08T00:58:30.184+0530] {logging_mixin.py:188} INFO - [2024-04-08T00:58:30.183+0530] {dag.py:3036} INFO - Sync 1 DAGs
[2024-04-08T00:58:30.207+0530] {logging_mixin.py:188} INFO - [2024-04-08T00:58:30.206+0530] {dag.py:3823} INFO - Setting next_dagrun for example_setup_teardown to 2024-04-06 00:00:00+00:00, run_after=2024-04-07 00:00:00+00:00
[2024-04-08T00:58:30.227+0530] {processor.py:183} INFO - Processing /home/lucky/.local/lib/python3.10/site-packages/airflow/example_dags/example_setup_teardown.py took 0.074 seconds
[2024-04-08T01:18:31.310+0530] {processor.py:161} INFO - Started process (PID=55036) to work on /home/lucky/.local/lib/python3.10/site-packages/airflow/example_dags/example_setup_teardown.py
[2024-04-08T01:18:31.312+0530] {processor.py:830} INFO - Processing file /home/lucky/.local/lib/python3.10/site-packages/airflow/example_dags/example_setup_teardown.py for tasks to queue
[2024-04-08T01:18:31.313+0530] {logging_mixin.py:188} INFO - [2024-04-08T01:18:31.312+0530] {dagbag.py:538} INFO - Filling up the DagBag from /home/lucky/.local/lib/python3.10/site-packages/airflow/example_dags/example_setup_teardown.py
[2024-04-08T01:18:31.320+0530] {processor.py:840} INFO - DAG(s) 'example_setup_teardown' retrieved from /home/lucky/.local/lib/python3.10/site-packages/airflow/example_dags/example_setup_teardown.py
[2024-04-08T01:18:31.337+0530] {logging_mixin.py:188} INFO - [2024-04-08T01:18:31.337+0530] {dag.py:3036} INFO - Sync 1 DAGs
[2024-04-08T01:18:31.358+0530] {logging_mixin.py:188} INFO - [2024-04-08T01:18:31.358+0530] {dag.py:3823} INFO - Setting next_dagrun for example_setup_teardown to 2024-04-06 00:00:00+00:00, run_after=2024-04-07 00:00:00+00:00
[2024-04-08T01:18:31.382+0530] {processor.py:183} INFO - Processing /home/lucky/.local/lib/python3.10/site-packages/airflow/example_dags/example_setup_teardown.py took 0.076 seconds
[2024-04-08T01:19:26.200+0530] {processor.py:161} INFO - Started process (PID=55653) to work on /home/lucky/.local/lib/python3.10/site-packages/airflow/example_dags/example_setup_teardown.py
[2024-04-08T01:19:26.204+0530] {processor.py:830} INFO - Processing file /home/lucky/.local/lib/python3.10/site-packages/airflow/example_dags/example_setup_teardown.py for tasks to queue
[2024-04-08T01:19:26.206+0530] {logging_mixin.py:188} INFO - [2024-04-08T01:19:26.205+0530] {dagbag.py:538} INFO - Filling up the DagBag from /home/lucky/.local/lib/python3.10/site-packages/airflow/example_dags/example_setup_teardown.py
[2024-04-08T01:19:26.217+0530] {processor.py:840} INFO - DAG(s) 'example_setup_teardown' retrieved from /home/lucky/.local/lib/python3.10/site-packages/airflow/example_dags/example_setup_teardown.py
[2024-04-08T01:19:26.244+0530] {logging_mixin.py:188} INFO - [2024-04-08T01:19:26.243+0530] {dag.py:3036} INFO - Sync 1 DAGs
[2024-04-08T01:19:26.274+0530] {logging_mixin.py:188} INFO - [2024-04-08T01:19:26.274+0530] {dag.py:3823} INFO - Setting next_dagrun for example_setup_teardown to 2024-04-06 00:00:00+00:00, run_after=2024-04-07 00:00:00+00:00
[2024-04-08T01:19:26.306+0530] {processor.py:183} INFO - Processing /home/lucky/.local/lib/python3.10/site-packages/airflow/example_dags/example_setup_teardown.py took 0.112 seconds
[2024-04-08T01:20:34.955+0530] {processor.py:161} INFO - Started process (PID=56787) to work on /home/lucky/.local/lib/python3.10/site-packages/airflow/example_dags/example_setup_teardown.py
[2024-04-08T01:20:34.968+0530] {processor.py:830} INFO - Processing file /home/lucky/.local/lib/python3.10/site-packages/airflow/example_dags/example_setup_teardown.py for tasks to queue
[2024-04-08T01:20:34.968+0530] {logging_mixin.py:188} INFO - [2024-04-08T01:20:34.968+0530] {dagbag.py:538} INFO - Filling up the DagBag from /home/lucky/.local/lib/python3.10/site-packages/airflow/example_dags/example_setup_teardown.py
[2024-04-08T01:20:34.974+0530] {processor.py:840} INFO - DAG(s) 'example_setup_teardown' retrieved from /home/lucky/.local/lib/python3.10/site-packages/airflow/example_dags/example_setup_teardown.py
[2024-04-08T01:20:34.988+0530] {logging_mixin.py:188} INFO - [2024-04-08T01:20:34.988+0530] {dag.py:3036} INFO - Sync 1 DAGs
[2024-04-08T01:20:35.008+0530] {logging_mixin.py:188} INFO - [2024-04-08T01:20:35.007+0530] {dag.py:3823} INFO - Setting next_dagrun for example_setup_teardown to 2024-04-06 00:00:00+00:00, run_after=2024-04-07 00:00:00+00:00
[2024-04-08T01:20:35.031+0530] {processor.py:183} INFO - Processing /home/lucky/.local/lib/python3.10/site-packages/airflow/example_dags/example_setup_teardown.py took 0.078 seconds
[2024-04-08T01:21:51.490+0530] {processor.py:161} INFO - Started process (PID=57998) to work on /home/lucky/.local/lib/python3.10/site-packages/airflow/example_dags/example_setup_teardown.py
[2024-04-08T01:21:51.492+0530] {processor.py:830} INFO - Processing file /home/lucky/.local/lib/python3.10/site-packages/airflow/example_dags/example_setup_teardown.py for tasks to queue
[2024-04-08T01:21:51.493+0530] {logging_mixin.py:188} INFO - [2024-04-08T01:21:51.492+0530] {dagbag.py:538} INFO - Filling up the DagBag from /home/lucky/.local/lib/python3.10/site-packages/airflow/example_dags/example_setup_teardown.py
[2024-04-08T01:21:51.499+0530] {processor.py:840} INFO - DAG(s) 'example_setup_teardown' retrieved from /home/lucky/.local/lib/python3.10/site-packages/airflow/example_dags/example_setup_teardown.py
[2024-04-08T01:21:51.514+0530] {logging_mixin.py:188} INFO - [2024-04-08T01:21:51.514+0530] {dag.py:3036} INFO - Sync 1 DAGs
[2024-04-08T01:21:51.534+0530] {logging_mixin.py:188} INFO - [2024-04-08T01:21:51.533+0530] {dag.py:3823} INFO - Setting next_dagrun for example_setup_teardown to 2024-04-06 00:00:00+00:00, run_after=2024-04-07 00:00:00+00:00
[2024-04-08T01:21:51.563+0530] {processor.py:183} INFO - Processing /home/lucky/.local/lib/python3.10/site-packages/airflow/example_dags/example_setup_teardown.py took 0.075 seconds
[2024-04-08T01:23:05.259+0530] {processor.py:161} INFO - Started process (PID=59123) to work on /home/lucky/.local/lib/python3.10/site-packages/airflow/example_dags/example_setup_teardown.py
[2024-04-08T01:23:05.261+0530] {processor.py:830} INFO - Processing file /home/lucky/.local/lib/python3.10/site-packages/airflow/example_dags/example_setup_teardown.py for tasks to queue
[2024-04-08T01:23:05.262+0530] {logging_mixin.py:188} INFO - [2024-04-08T01:23:05.262+0530] {dagbag.py:538} INFO - Filling up the DagBag from /home/lucky/.local/lib/python3.10/site-packages/airflow/example_dags/example_setup_teardown.py
[2024-04-08T01:23:05.270+0530] {processor.py:840} INFO - DAG(s) 'example_setup_teardown' retrieved from /home/lucky/.local/lib/python3.10/site-packages/airflow/example_dags/example_setup_teardown.py
[2024-04-08T01:23:05.289+0530] {logging_mixin.py:188} INFO - [2024-04-08T01:23:05.289+0530] {dag.py:3036} INFO - Sync 1 DAGs
[2024-04-08T01:23:05.314+0530] {logging_mixin.py:188} INFO - [2024-04-08T01:23:05.314+0530] {dag.py:3823} INFO - Setting next_dagrun for example_setup_teardown to 2024-04-06 00:00:00+00:00, run_after=2024-04-07 00:00:00+00:00
[2024-04-08T01:23:05.344+0530] {processor.py:183} INFO - Processing /home/lucky/.local/lib/python3.10/site-packages/airflow/example_dags/example_setup_teardown.py took 0.090 seconds
[2024-04-08T01:24:14.336+0530] {processor.py:161} INFO - Started process (PID=60257) to work on /home/lucky/.local/lib/python3.10/site-packages/airflow/example_dags/example_setup_teardown.py
[2024-04-08T01:24:14.348+0530] {processor.py:830} INFO - Processing file /home/lucky/.local/lib/python3.10/site-packages/airflow/example_dags/example_setup_teardown.py for tasks to queue
[2024-04-08T01:24:14.350+0530] {logging_mixin.py:188} INFO - [2024-04-08T01:24:14.349+0530] {dagbag.py:538} INFO - Filling up the DagBag from /home/lucky/.local/lib/python3.10/site-packages/airflow/example_dags/example_setup_teardown.py
[2024-04-08T01:24:14.356+0530] {processor.py:840} INFO - DAG(s) 'example_setup_teardown' retrieved from /home/lucky/.local/lib/python3.10/site-packages/airflow/example_dags/example_setup_teardown.py
[2024-04-08T01:24:14.372+0530] {logging_mixin.py:188} INFO - [2024-04-08T01:24:14.371+0530] {dag.py:3036} INFO - Sync 1 DAGs
[2024-04-08T01:24:14.390+0530] {logging_mixin.py:188} INFO - [2024-04-08T01:24:14.390+0530] {dag.py:3823} INFO - Setting next_dagrun for example_setup_teardown to 2024-04-06 00:00:00+00:00, run_after=2024-04-07 00:00:00+00:00
[2024-04-08T01:24:14.413+0530] {processor.py:183} INFO - Processing /home/lucky/.local/lib/python3.10/site-packages/airflow/example_dags/example_setup_teardown.py took 0.080 seconds
[2024-04-08T01:25:25.471+0530] {processor.py:161} INFO - Started process (PID=61126) to work on /home/lucky/.local/lib/python3.10/site-packages/airflow/example_dags/example_setup_teardown.py
[2024-04-08T01:25:25.473+0530] {processor.py:830} INFO - Processing file /home/lucky/.local/lib/python3.10/site-packages/airflow/example_dags/example_setup_teardown.py for tasks to queue
[2024-04-08T01:25:25.474+0530] {logging_mixin.py:188} INFO - [2024-04-08T01:25:25.473+0530] {dagbag.py:538} INFO - Filling up the DagBag from /home/lucky/.local/lib/python3.10/site-packages/airflow/example_dags/example_setup_teardown.py
[2024-04-08T01:25:25.484+0530] {processor.py:840} INFO - DAG(s) 'example_setup_teardown' retrieved from /home/lucky/.local/lib/python3.10/site-packages/airflow/example_dags/example_setup_teardown.py
[2024-04-08T01:25:25.511+0530] {logging_mixin.py:188} INFO - [2024-04-08T01:25:25.510+0530] {dag.py:3036} INFO - Sync 1 DAGs
[2024-04-08T01:25:25.542+0530] {logging_mixin.py:188} INFO - [2024-04-08T01:25:25.541+0530] {dag.py:3823} INFO - Setting next_dagrun for example_setup_teardown to 2024-04-06 00:00:00+00:00, run_after=2024-04-07 00:00:00+00:00
[2024-04-08T01:25:25.569+0530] {processor.py:183} INFO - Processing /home/lucky/.local/lib/python3.10/site-packages/airflow/example_dags/example_setup_teardown.py took 0.101 seconds
[2024-04-08T01:26:35.680+0530] {processor.py:161} INFO - Started process (PID=62256) to work on /home/lucky/.local/lib/python3.10/site-packages/airflow/example_dags/example_setup_teardown.py
[2024-04-08T01:26:35.682+0530] {processor.py:830} INFO - Processing file /home/lucky/.local/lib/python3.10/site-packages/airflow/example_dags/example_setup_teardown.py for tasks to queue
[2024-04-08T01:26:35.683+0530] {logging_mixin.py:188} INFO - [2024-04-08T01:26:35.683+0530] {dagbag.py:538} INFO - Filling up the DagBag from /home/lucky/.local/lib/python3.10/site-packages/airflow/example_dags/example_setup_teardown.py
[2024-04-08T01:26:35.690+0530] {processor.py:840} INFO - DAG(s) 'example_setup_teardown' retrieved from /home/lucky/.local/lib/python3.10/site-packages/airflow/example_dags/example_setup_teardown.py
[2024-04-08T01:26:35.707+0530] {logging_mixin.py:188} INFO - [2024-04-08T01:26:35.706+0530] {dag.py:3036} INFO - Sync 1 DAGs
[2024-04-08T01:26:35.734+0530] {logging_mixin.py:188} INFO - [2024-04-08T01:26:35.734+0530] {dag.py:3823} INFO - Setting next_dagrun for example_setup_teardown to 2024-04-06 00:00:00+00:00, run_after=2024-04-07 00:00:00+00:00
[2024-04-08T01:26:35.762+0530] {processor.py:183} INFO - Processing /home/lucky/.local/lib/python3.10/site-packages/airflow/example_dags/example_setup_teardown.py took 0.085 seconds
[2024-04-08T01:27:50.907+0530] {processor.py:161} INFO - Started process (PID=63387) to work on /home/lucky/.local/lib/python3.10/site-packages/airflow/example_dags/example_setup_teardown.py
[2024-04-08T01:27:50.909+0530] {processor.py:830} INFO - Processing file /home/lucky/.local/lib/python3.10/site-packages/airflow/example_dags/example_setup_teardown.py for tasks to queue
[2024-04-08T01:27:50.911+0530] {logging_mixin.py:188} INFO - [2024-04-08T01:27:50.910+0530] {dagbag.py:538} INFO - Filling up the DagBag from /home/lucky/.local/lib/python3.10/site-packages/airflow/example_dags/example_setup_teardown.py
[2024-04-08T01:27:50.920+0530] {processor.py:840} INFO - DAG(s) 'example_setup_teardown' retrieved from /home/lucky/.local/lib/python3.10/site-packages/airflow/example_dags/example_setup_teardown.py
[2024-04-08T01:27:50.937+0530] {logging_mixin.py:188} INFO - [2024-04-08T01:27:50.937+0530] {dag.py:3036} INFO - Sync 1 DAGs
[2024-04-08T01:27:50.958+0530] {logging_mixin.py:188} INFO - [2024-04-08T01:27:50.958+0530] {dag.py:3823} INFO - Setting next_dagrun for example_setup_teardown to 2024-04-06 00:00:00+00:00, run_after=2024-04-07 00:00:00+00:00
[2024-04-08T01:27:50.985+0530] {processor.py:183} INFO - Processing /home/lucky/.local/lib/python3.10/site-packages/airflow/example_dags/example_setup_teardown.py took 0.081 seconds
[2024-04-08T01:29:04.549+0530] {processor.py:161} INFO - Started process (PID=64599) to work on /home/lucky/.local/lib/python3.10/site-packages/airflow/example_dags/example_setup_teardown.py
[2024-04-08T01:29:04.551+0530] {processor.py:830} INFO - Processing file /home/lucky/.local/lib/python3.10/site-packages/airflow/example_dags/example_setup_teardown.py for tasks to queue
[2024-04-08T01:29:04.552+0530] {logging_mixin.py:188} INFO - [2024-04-08T01:29:04.551+0530] {dagbag.py:538} INFO - Filling up the DagBag from /home/lucky/.local/lib/python3.10/site-packages/airflow/example_dags/example_setup_teardown.py
[2024-04-08T01:29:04.561+0530] {processor.py:840} INFO - DAG(s) 'example_setup_teardown' retrieved from /home/lucky/.local/lib/python3.10/site-packages/airflow/example_dags/example_setup_teardown.py
[2024-04-08T01:29:04.580+0530] {logging_mixin.py:188} INFO - [2024-04-08T01:29:04.580+0530] {dag.py:3036} INFO - Sync 1 DAGs
[2024-04-08T01:29:04.609+0530] {logging_mixin.py:188} INFO - [2024-04-08T01:29:04.609+0530] {dag.py:3823} INFO - Setting next_dagrun for example_setup_teardown to 2024-04-06 00:00:00+00:00, run_after=2024-04-07 00:00:00+00:00
[2024-04-08T01:29:04.674+0530] {processor.py:183} INFO - Processing /home/lucky/.local/lib/python3.10/site-packages/airflow/example_dags/example_setup_teardown.py took 0.128 seconds
[2024-04-08T01:30:23.889+0530] {processor.py:161} INFO - Started process (PID=65809) to work on /home/lucky/.local/lib/python3.10/site-packages/airflow/example_dags/example_setup_teardown.py
[2024-04-08T01:30:23.890+0530] {processor.py:830} INFO - Processing file /home/lucky/.local/lib/python3.10/site-packages/airflow/example_dags/example_setup_teardown.py for tasks to queue
[2024-04-08T01:30:23.892+0530] {logging_mixin.py:188} INFO - [2024-04-08T01:30:23.891+0530] {dagbag.py:538} INFO - Filling up the DagBag from /home/lucky/.local/lib/python3.10/site-packages/airflow/example_dags/example_setup_teardown.py
[2024-04-08T01:30:23.901+0530] {processor.py:840} INFO - DAG(s) 'example_setup_teardown' retrieved from /home/lucky/.local/lib/python3.10/site-packages/airflow/example_dags/example_setup_teardown.py
[2024-04-08T01:30:23.930+0530] {logging_mixin.py:188} INFO - [2024-04-08T01:30:23.930+0530] {dag.py:3036} INFO - Sync 1 DAGs
[2024-04-08T01:30:23.965+0530] {logging_mixin.py:188} INFO - [2024-04-08T01:30:23.965+0530] {dag.py:3823} INFO - Setting next_dagrun for example_setup_teardown to 2024-04-06 00:00:00+00:00, run_after=2024-04-07 00:00:00+00:00
[2024-04-08T01:30:24.012+0530] {processor.py:183} INFO - Processing /home/lucky/.local/lib/python3.10/site-packages/airflow/example_dags/example_setup_teardown.py took 0.127 seconds
[2024-04-08T01:31:18.712+0530] {processor.py:161} INFO - Started process (PID=66746) to work on /home/lucky/.local/lib/python3.10/site-packages/airflow/example_dags/example_setup_teardown.py
[2024-04-08T01:31:18.714+0530] {processor.py:830} INFO - Processing file /home/lucky/.local/lib/python3.10/site-packages/airflow/example_dags/example_setup_teardown.py for tasks to queue
[2024-04-08T01:31:18.715+0530] {logging_mixin.py:188} INFO - [2024-04-08T01:31:18.715+0530] {dagbag.py:538} INFO - Filling up the DagBag from /home/lucky/.local/lib/python3.10/site-packages/airflow/example_dags/example_setup_teardown.py
[2024-04-08T01:31:18.721+0530] {processor.py:840} INFO - DAG(s) 'example_setup_teardown' retrieved from /home/lucky/.local/lib/python3.10/site-packages/airflow/example_dags/example_setup_teardown.py
[2024-04-08T01:31:18.735+0530] {logging_mixin.py:188} INFO - [2024-04-08T01:31:18.735+0530] {dag.py:3036} INFO - Sync 1 DAGs
[2024-04-08T01:31:18.752+0530] {logging_mixin.py:188} INFO - [2024-04-08T01:31:18.752+0530] {dag.py:3823} INFO - Setting next_dagrun for example_setup_teardown to 2024-04-06 00:00:00+00:00, run_after=2024-04-07 00:00:00+00:00
[2024-04-08T01:31:18.773+0530] {processor.py:183} INFO - Processing /home/lucky/.local/lib/python3.10/site-packages/airflow/example_dags/example_setup_teardown.py took 0.063 seconds
[2024-04-08T01:32:30.037+0530] {processor.py:161} INFO - Started process (PID=67595) to work on /home/lucky/.local/lib/python3.10/site-packages/airflow/example_dags/example_setup_teardown.py
[2024-04-08T01:32:30.039+0530] {processor.py:830} INFO - Processing file /home/lucky/.local/lib/python3.10/site-packages/airflow/example_dags/example_setup_teardown.py for tasks to queue
[2024-04-08T01:32:30.041+0530] {logging_mixin.py:188} INFO - [2024-04-08T01:32:30.040+0530] {dagbag.py:538} INFO - Filling up the DagBag from /home/lucky/.local/lib/python3.10/site-packages/airflow/example_dags/example_setup_teardown.py
[2024-04-08T01:32:30.051+0530] {processor.py:840} INFO - DAG(s) 'example_setup_teardown' retrieved from /home/lucky/.local/lib/python3.10/site-packages/airflow/example_dags/example_setup_teardown.py
[2024-04-08T01:32:30.075+0530] {logging_mixin.py:188} INFO - [2024-04-08T01:32:30.074+0530] {dag.py:3036} INFO - Sync 1 DAGs
[2024-04-08T01:32:30.120+0530] {logging_mixin.py:188} INFO - [2024-04-08T01:32:30.119+0530] {dag.py:3823} INFO - Setting next_dagrun for example_setup_teardown to 2024-04-06 00:00:00+00:00, run_after=2024-04-07 00:00:00+00:00
[2024-04-08T01:32:30.165+0530] {processor.py:183} INFO - Processing /home/lucky/.local/lib/python3.10/site-packages/airflow/example_dags/example_setup_teardown.py took 0.133 seconds
[2024-04-08T01:33:43.225+0530] {processor.py:161} INFO - Started process (PID=68754) to work on /home/lucky/.local/lib/python3.10/site-packages/airflow/example_dags/example_setup_teardown.py
[2024-04-08T01:33:43.243+0530] {processor.py:830} INFO - Processing file /home/lucky/.local/lib/python3.10/site-packages/airflow/example_dags/example_setup_teardown.py for tasks to queue
[2024-04-08T01:33:43.247+0530] {logging_mixin.py:188} INFO - [2024-04-08T01:33:43.246+0530] {dagbag.py:538} INFO - Filling up the DagBag from /home/lucky/.local/lib/python3.10/site-packages/airflow/example_dags/example_setup_teardown.py
[2024-04-08T01:33:43.259+0530] {processor.py:840} INFO - DAG(s) 'example_setup_teardown' retrieved from /home/lucky/.local/lib/python3.10/site-packages/airflow/example_dags/example_setup_teardown.py
[2024-04-08T01:33:43.306+0530] {logging_mixin.py:188} INFO - [2024-04-08T01:33:43.306+0530] {dag.py:3036} INFO - Sync 1 DAGs
[2024-04-08T01:33:43.345+0530] {logging_mixin.py:188} INFO - [2024-04-08T01:33:43.345+0530] {dag.py:3823} INFO - Setting next_dagrun for example_setup_teardown to 2024-04-06 00:00:00+00:00, run_after=2024-04-07 00:00:00+00:00
[2024-04-08T01:33:43.402+0530] {processor.py:183} INFO - Processing /home/lucky/.local/lib/python3.10/site-packages/airflow/example_dags/example_setup_teardown.py took 0.180 seconds
[2024-04-08T01:35:19.990+0530] {processor.py:161} INFO - Started process (PID=70137) to work on /home/lucky/.local/lib/python3.10/site-packages/airflow/example_dags/example_setup_teardown.py
[2024-04-08T01:35:19.999+0530] {processor.py:830} INFO - Processing file /home/lucky/.local/lib/python3.10/site-packages/airflow/example_dags/example_setup_teardown.py for tasks to queue
[2024-04-08T01:35:20.001+0530] {logging_mixin.py:188} INFO - [2024-04-08T01:35:20.000+0530] {dagbag.py:538} INFO - Filling up the DagBag from /home/lucky/.local/lib/python3.10/site-packages/airflow/example_dags/example_setup_teardown.py
[2024-04-08T01:35:20.044+0530] {processor.py:840} INFO - DAG(s) 'example_setup_teardown' retrieved from /home/lucky/.local/lib/python3.10/site-packages/airflow/example_dags/example_setup_teardown.py
[2024-04-08T01:35:20.137+0530] {logging_mixin.py:188} INFO - [2024-04-08T01:35:20.137+0530] {dag.py:3036} INFO - Sync 1 DAGs
[2024-04-08T01:35:20.268+0530] {logging_mixin.py:188} INFO - [2024-04-08T01:35:20.267+0530] {dag.py:3823} INFO - Setting next_dagrun for example_setup_teardown to 2024-04-06 00:00:00+00:00, run_after=2024-04-07 00:00:00+00:00
[2024-04-08T01:35:20.491+0530] {processor.py:183} INFO - Processing /home/lucky/.local/lib/python3.10/site-packages/airflow/example_dags/example_setup_teardown.py took 0.526 seconds
[2024-04-08T01:38:15.049+0530] {processor.py:161} INFO - Started process (PID=72717) to work on /home/lucky/.local/lib/python3.10/site-packages/airflow/example_dags/example_setup_teardown.py
[2024-04-08T01:38:15.051+0530] {processor.py:830} INFO - Processing file /home/lucky/.local/lib/python3.10/site-packages/airflow/example_dags/example_setup_teardown.py for tasks to queue
[2024-04-08T01:38:15.052+0530] {logging_mixin.py:188} INFO - [2024-04-08T01:38:15.052+0530] {dagbag.py:538} INFO - Filling up the DagBag from /home/lucky/.local/lib/python3.10/site-packages/airflow/example_dags/example_setup_teardown.py
[2024-04-08T01:38:15.061+0530] {processor.py:840} INFO - DAG(s) 'example_setup_teardown' retrieved from /home/lucky/.local/lib/python3.10/site-packages/airflow/example_dags/example_setup_teardown.py
[2024-04-08T01:38:15.082+0530] {logging_mixin.py:188} INFO - [2024-04-08T01:38:15.082+0530] {dag.py:3036} INFO - Sync 1 DAGs
[2024-04-08T01:38:15.107+0530] {logging_mixin.py:188} INFO - [2024-04-08T01:38:15.107+0530] {dag.py:3823} INFO - Setting next_dagrun for example_setup_teardown to 2024-04-06 00:00:00+00:00, run_after=2024-04-07 00:00:00+00:00
[2024-04-08T01:38:15.143+0530] {processor.py:183} INFO - Processing /home/lucky/.local/lib/python3.10/site-packages/airflow/example_dags/example_setup_teardown.py took 0.098 seconds
[2024-04-08T01:40:04.915+0530] {processor.py:161} INFO - Started process (PID=74355) to work on /home/lucky/.local/lib/python3.10/site-packages/airflow/example_dags/example_setup_teardown.py
[2024-04-08T01:40:04.917+0530] {processor.py:830} INFO - Processing file /home/lucky/.local/lib/python3.10/site-packages/airflow/example_dags/example_setup_teardown.py for tasks to queue
[2024-04-08T01:40:04.918+0530] {logging_mixin.py:188} INFO - [2024-04-08T01:40:04.918+0530] {dagbag.py:538} INFO - Filling up the DagBag from /home/lucky/.local/lib/python3.10/site-packages/airflow/example_dags/example_setup_teardown.py
[2024-04-08T01:40:04.924+0530] {processor.py:840} INFO - DAG(s) 'example_setup_teardown' retrieved from /home/lucky/.local/lib/python3.10/site-packages/airflow/example_dags/example_setup_teardown.py
[2024-04-08T01:40:04.939+0530] {logging_mixin.py:188} INFO - [2024-04-08T01:40:04.939+0530] {dag.py:3036} INFO - Sync 1 DAGs
[2024-04-08T01:40:04.956+0530] {logging_mixin.py:188} INFO - [2024-04-08T01:40:04.956+0530] {dag.py:3823} INFO - Setting next_dagrun for example_setup_teardown to 2024-04-06 00:00:00+00:00, run_after=2024-04-07 00:00:00+00:00
[2024-04-08T01:40:04.980+0530] {processor.py:183} INFO - Processing /home/lucky/.local/lib/python3.10/site-packages/airflow/example_dags/example_setup_teardown.py took 0.067 seconds
[2024-04-08T01:41:20.325+0530] {processor.py:161} INFO - Started process (PID=75498) to work on /home/lucky/.local/lib/python3.10/site-packages/airflow/example_dags/example_setup_teardown.py
[2024-04-08T01:41:20.333+0530] {processor.py:830} INFO - Processing file /home/lucky/.local/lib/python3.10/site-packages/airflow/example_dags/example_setup_teardown.py for tasks to queue
[2024-04-08T01:41:20.334+0530] {logging_mixin.py:188} INFO - [2024-04-08T01:41:20.333+0530] {dagbag.py:538} INFO - Filling up the DagBag from /home/lucky/.local/lib/python3.10/site-packages/airflow/example_dags/example_setup_teardown.py
[2024-04-08T01:41:20.341+0530] {processor.py:840} INFO - DAG(s) 'example_setup_teardown' retrieved from /home/lucky/.local/lib/python3.10/site-packages/airflow/example_dags/example_setup_teardown.py
[2024-04-08T01:41:20.375+0530] {logging_mixin.py:188} INFO - [2024-04-08T01:41:20.374+0530] {dag.py:3036} INFO - Sync 1 DAGs
[2024-04-08T01:41:20.412+0530] {logging_mixin.py:188} INFO - [2024-04-08T01:41:20.412+0530] {dag.py:3823} INFO - Setting next_dagrun for example_setup_teardown to 2024-04-06 00:00:00+00:00, run_after=2024-04-07 00:00:00+00:00
[2024-04-08T01:41:20.444+0530] {processor.py:183} INFO - Processing /home/lucky/.local/lib/python3.10/site-packages/airflow/example_dags/example_setup_teardown.py took 0.122 seconds
[2024-04-08T01:42:39.584+0530] {processor.py:161} INFO - Started process (PID=76717) to work on /home/lucky/.local/lib/python3.10/site-packages/airflow/example_dags/example_setup_teardown.py
[2024-04-08T01:42:39.586+0530] {processor.py:830} INFO - Processing file /home/lucky/.local/lib/python3.10/site-packages/airflow/example_dags/example_setup_teardown.py for tasks to queue
[2024-04-08T01:42:39.587+0530] {logging_mixin.py:188} INFO - [2024-04-08T01:42:39.587+0530] {dagbag.py:538} INFO - Filling up the DagBag from /home/lucky/.local/lib/python3.10/site-packages/airflow/example_dags/example_setup_teardown.py
[2024-04-08T01:42:39.594+0530] {processor.py:840} INFO - DAG(s) 'example_setup_teardown' retrieved from /home/lucky/.local/lib/python3.10/site-packages/airflow/example_dags/example_setup_teardown.py
[2024-04-08T01:42:39.610+0530] {logging_mixin.py:188} INFO - [2024-04-08T01:42:39.610+0530] {dag.py:3036} INFO - Sync 1 DAGs
[2024-04-08T01:42:39.629+0530] {logging_mixin.py:188} INFO - [2024-04-08T01:42:39.628+0530] {dag.py:3823} INFO - Setting next_dagrun for example_setup_teardown to 2024-04-06 00:00:00+00:00, run_after=2024-04-07 00:00:00+00:00
[2024-04-08T01:42:39.654+0530] {processor.py:183} INFO - Processing /home/lucky/.local/lib/python3.10/site-packages/airflow/example_dags/example_setup_teardown.py took 0.074 seconds
[2024-04-08T01:43:37.132+0530] {processor.py:161} INFO - Started process (PID=77441) to work on /home/lucky/.local/lib/python3.10/site-packages/airflow/example_dags/example_setup_teardown.py
[2024-04-08T01:43:37.134+0530] {processor.py:830} INFO - Processing file /home/lucky/.local/lib/python3.10/site-packages/airflow/example_dags/example_setup_teardown.py for tasks to queue
[2024-04-08T01:43:37.136+0530] {logging_mixin.py:188} INFO - [2024-04-08T01:43:37.135+0530] {dagbag.py:538} INFO - Filling up the DagBag from /home/lucky/.local/lib/python3.10/site-packages/airflow/example_dags/example_setup_teardown.py
[2024-04-08T01:43:37.149+0530] {processor.py:840} INFO - DAG(s) 'example_setup_teardown' retrieved from /home/lucky/.local/lib/python3.10/site-packages/airflow/example_dags/example_setup_teardown.py
[2024-04-08T01:43:37.170+0530] {logging_mixin.py:188} INFO - [2024-04-08T01:43:37.170+0530] {dag.py:3036} INFO - Sync 1 DAGs
[2024-04-08T01:43:37.201+0530] {logging_mixin.py:188} INFO - [2024-04-08T01:43:37.200+0530] {dag.py:3823} INFO - Setting next_dagrun for example_setup_teardown to 2024-04-06 00:00:00+00:00, run_after=2024-04-07 00:00:00+00:00
[2024-04-08T01:43:37.231+0530] {processor.py:183} INFO - Processing /home/lucky/.local/lib/python3.10/site-packages/airflow/example_dags/example_setup_teardown.py took 0.103 seconds
[2024-04-08T01:48:32.658+0530] {processor.py:161} INFO - Started process (PID=82198) to work on /home/lucky/.local/lib/python3.10/site-packages/airflow/example_dags/example_setup_teardown.py
[2024-04-08T01:48:32.660+0530] {processor.py:830} INFO - Processing file /home/lucky/.local/lib/python3.10/site-packages/airflow/example_dags/example_setup_teardown.py for tasks to queue
[2024-04-08T01:48:32.661+0530] {logging_mixin.py:188} INFO - [2024-04-08T01:48:32.661+0530] {dagbag.py:538} INFO - Filling up the DagBag from /home/lucky/.local/lib/python3.10/site-packages/airflow/example_dags/example_setup_teardown.py
[2024-04-08T01:48:32.668+0530] {processor.py:840} INFO - DAG(s) 'example_setup_teardown' retrieved from /home/lucky/.local/lib/python3.10/site-packages/airflow/example_dags/example_setup_teardown.py
[2024-04-08T01:48:32.684+0530] {logging_mixin.py:188} INFO - [2024-04-08T01:48:32.684+0530] {dag.py:3036} INFO - Sync 1 DAGs
[2024-04-08T01:48:32.701+0530] {logging_mixin.py:188} INFO - [2024-04-08T01:48:32.701+0530] {dag.py:3823} INFO - Setting next_dagrun for example_setup_teardown to 2024-04-06 00:00:00+00:00, run_after=2024-04-07 00:00:00+00:00
[2024-04-08T01:48:32.724+0530] {processor.py:183} INFO - Processing /home/lucky/.local/lib/python3.10/site-packages/airflow/example_dags/example_setup_teardown.py took 0.068 seconds
[2024-04-08T01:49:26.740+0530] {processor.py:161} INFO - Started process (PID=82835) to work on /home/lucky/.local/lib/python3.10/site-packages/airflow/example_dags/example_setup_teardown.py
[2024-04-08T01:49:26.742+0530] {processor.py:830} INFO - Processing file /home/lucky/.local/lib/python3.10/site-packages/airflow/example_dags/example_setup_teardown.py for tasks to queue
[2024-04-08T01:49:26.744+0530] {logging_mixin.py:188} INFO - [2024-04-08T01:49:26.743+0530] {dagbag.py:538} INFO - Filling up the DagBag from /home/lucky/.local/lib/python3.10/site-packages/airflow/example_dags/example_setup_teardown.py
[2024-04-08T01:49:26.752+0530] {processor.py:840} INFO - DAG(s) 'example_setup_teardown' retrieved from /home/lucky/.local/lib/python3.10/site-packages/airflow/example_dags/example_setup_teardown.py
[2024-04-08T01:49:26.769+0530] {logging_mixin.py:188} INFO - [2024-04-08T01:49:26.768+0530] {dag.py:3036} INFO - Sync 1 DAGs
[2024-04-08T01:49:26.793+0530] {logging_mixin.py:188} INFO - [2024-04-08T01:49:26.793+0530] {dag.py:3823} INFO - Setting next_dagrun for example_setup_teardown to 2024-04-06 00:00:00+00:00, run_after=2024-04-07 00:00:00+00:00
[2024-04-08T01:49:26.821+0530] {processor.py:183} INFO - Processing /home/lucky/.local/lib/python3.10/site-packages/airflow/example_dags/example_setup_teardown.py took 0.085 seconds
[2024-04-08T01:50:21.186+0530] {processor.py:161} INFO - Started process (PID=83739) to work on /home/lucky/.local/lib/python3.10/site-packages/airflow/example_dags/example_setup_teardown.py
[2024-04-08T01:50:21.187+0530] {processor.py:830} INFO - Processing file /home/lucky/.local/lib/python3.10/site-packages/airflow/example_dags/example_setup_teardown.py for tasks to queue
[2024-04-08T01:50:21.188+0530] {logging_mixin.py:188} INFO - [2024-04-08T01:50:21.188+0530] {dagbag.py:538} INFO - Filling up the DagBag from /home/lucky/.local/lib/python3.10/site-packages/airflow/example_dags/example_setup_teardown.py
[2024-04-08T01:50:21.196+0530] {processor.py:840} INFO - DAG(s) 'example_setup_teardown' retrieved from /home/lucky/.local/lib/python3.10/site-packages/airflow/example_dags/example_setup_teardown.py
[2024-04-08T01:50:21.214+0530] {logging_mixin.py:188} INFO - [2024-04-08T01:50:21.214+0530] {dag.py:3036} INFO - Sync 1 DAGs
[2024-04-08T01:50:21.237+0530] {logging_mixin.py:188} INFO - [2024-04-08T01:50:21.236+0530] {dag.py:3823} INFO - Setting next_dagrun for example_setup_teardown to 2024-04-06 00:00:00+00:00, run_after=2024-04-07 00:00:00+00:00
[2024-04-08T01:50:21.264+0530] {processor.py:183} INFO - Processing /home/lucky/.local/lib/python3.10/site-packages/airflow/example_dags/example_setup_teardown.py took 0.082 seconds
[2024-04-08T01:51:41.048+0530] {processor.py:161} INFO - Started process (PID=84970) to work on /home/lucky/.local/lib/python3.10/site-packages/airflow/example_dags/example_setup_teardown.py
[2024-04-08T01:51:41.050+0530] {processor.py:830} INFO - Processing file /home/lucky/.local/lib/python3.10/site-packages/airflow/example_dags/example_setup_teardown.py for tasks to queue
[2024-04-08T01:51:41.051+0530] {logging_mixin.py:188} INFO - [2024-04-08T01:51:41.050+0530] {dagbag.py:538} INFO - Filling up the DagBag from /home/lucky/.local/lib/python3.10/site-packages/airflow/example_dags/example_setup_teardown.py
[2024-04-08T01:51:41.056+0530] {processor.py:840} INFO - DAG(s) 'example_setup_teardown' retrieved from /home/lucky/.local/lib/python3.10/site-packages/airflow/example_dags/example_setup_teardown.py
[2024-04-08T01:51:41.070+0530] {logging_mixin.py:188} INFO - [2024-04-08T01:51:41.070+0530] {dag.py:3036} INFO - Sync 1 DAGs
[2024-04-08T01:51:41.087+0530] {logging_mixin.py:188} INFO - [2024-04-08T01:51:41.087+0530] {dag.py:3823} INFO - Setting next_dagrun for example_setup_teardown to 2024-04-06 00:00:00+00:00, run_after=2024-04-07 00:00:00+00:00
[2024-04-08T01:51:41.108+0530] {processor.py:183} INFO - Processing /home/lucky/.local/lib/python3.10/site-packages/airflow/example_dags/example_setup_teardown.py took 0.062 seconds
[2024-04-08T01:53:00.740+0530] {processor.py:161} INFO - Started process (PID=86176) to work on /home/lucky/.local/lib/python3.10/site-packages/airflow/example_dags/example_setup_teardown.py
[2024-04-08T01:53:00.742+0530] {processor.py:830} INFO - Processing file /home/lucky/.local/lib/python3.10/site-packages/airflow/example_dags/example_setup_teardown.py for tasks to queue
[2024-04-08T01:53:00.743+0530] {logging_mixin.py:188} INFO - [2024-04-08T01:53:00.742+0530] {dagbag.py:538} INFO - Filling up the DagBag from /home/lucky/.local/lib/python3.10/site-packages/airflow/example_dags/example_setup_teardown.py
[2024-04-08T01:53:00.752+0530] {processor.py:840} INFO - DAG(s) 'example_setup_teardown' retrieved from /home/lucky/.local/lib/python3.10/site-packages/airflow/example_dags/example_setup_teardown.py
[2024-04-08T01:53:00.773+0530] {logging_mixin.py:188} INFO - [2024-04-08T01:53:00.773+0530] {dag.py:3036} INFO - Sync 1 DAGs
[2024-04-08T01:53:00.806+0530] {logging_mixin.py:188} INFO - [2024-04-08T01:53:00.806+0530] {dag.py:3823} INFO - Setting next_dagrun for example_setup_teardown to 2024-04-06 00:00:00+00:00, run_after=2024-04-07 00:00:00+00:00
[2024-04-08T01:53:00.846+0530] {processor.py:183} INFO - Processing /home/lucky/.local/lib/python3.10/site-packages/airflow/example_dags/example_setup_teardown.py took 0.110 seconds
[2024-04-08T01:54:10.268+0530] {processor.py:161} INFO - Started process (PID=87043) to work on /home/lucky/.local/lib/python3.10/site-packages/airflow/example_dags/example_setup_teardown.py
[2024-04-08T01:54:10.270+0530] {processor.py:830} INFO - Processing file /home/lucky/.local/lib/python3.10/site-packages/airflow/example_dags/example_setup_teardown.py for tasks to queue
[2024-04-08T01:54:10.271+0530] {logging_mixin.py:188} INFO - [2024-04-08T01:54:10.271+0530] {dagbag.py:538} INFO - Filling up the DagBag from /home/lucky/.local/lib/python3.10/site-packages/airflow/example_dags/example_setup_teardown.py
[2024-04-08T01:54:10.282+0530] {processor.py:840} INFO - DAG(s) 'example_setup_teardown' retrieved from /home/lucky/.local/lib/python3.10/site-packages/airflow/example_dags/example_setup_teardown.py
[2024-04-08T01:54:10.310+0530] {logging_mixin.py:188} INFO - [2024-04-08T01:54:10.310+0530] {dag.py:3036} INFO - Sync 1 DAGs
[2024-04-08T01:54:10.335+0530] {logging_mixin.py:188} INFO - [2024-04-08T01:54:10.335+0530] {dag.py:3823} INFO - Setting next_dagrun for example_setup_teardown to 2024-04-06 00:00:00+00:00, run_after=2024-04-07 00:00:00+00:00
[2024-04-08T01:54:10.363+0530] {processor.py:183} INFO - Processing /home/lucky/.local/lib/python3.10/site-packages/airflow/example_dags/example_setup_teardown.py took 0.099 seconds
[2024-04-08T01:55:19.108+0530] {processor.py:161} INFO - Started process (PID=88132) to work on /home/lucky/.local/lib/python3.10/site-packages/airflow/example_dags/example_setup_teardown.py
[2024-04-08T01:55:19.110+0530] {processor.py:830} INFO - Processing file /home/lucky/.local/lib/python3.10/site-packages/airflow/example_dags/example_setup_teardown.py for tasks to queue
[2024-04-08T01:55:19.111+0530] {logging_mixin.py:188} INFO - [2024-04-08T01:55:19.110+0530] {dagbag.py:538} INFO - Filling up the DagBag from /home/lucky/.local/lib/python3.10/site-packages/airflow/example_dags/example_setup_teardown.py
[2024-04-08T01:55:19.117+0530] {processor.py:840} INFO - DAG(s) 'example_setup_teardown' retrieved from /home/lucky/.local/lib/python3.10/site-packages/airflow/example_dags/example_setup_teardown.py
[2024-04-08T01:55:19.131+0530] {logging_mixin.py:188} INFO - [2024-04-08T01:55:19.131+0530] {dag.py:3036} INFO - Sync 1 DAGs
[2024-04-08T01:55:19.150+0530] {logging_mixin.py:188} INFO - [2024-04-08T01:55:19.150+0530] {dag.py:3823} INFO - Setting next_dagrun for example_setup_teardown to 2024-04-06 00:00:00+00:00, run_after=2024-04-07 00:00:00+00:00
[2024-04-08T01:55:19.178+0530] {processor.py:183} INFO - Processing /home/lucky/.local/lib/python3.10/site-packages/airflow/example_dags/example_setup_teardown.py took 0.072 seconds
[2024-04-08T01:56:15.522+0530] {processor.py:161} INFO - Started process (PID=89094) to work on /home/lucky/.local/lib/python3.10/site-packages/airflow/example_dags/example_setup_teardown.py
[2024-04-08T01:56:15.523+0530] {processor.py:830} INFO - Processing file /home/lucky/.local/lib/python3.10/site-packages/airflow/example_dags/example_setup_teardown.py for tasks to queue
[2024-04-08T01:56:15.525+0530] {logging_mixin.py:188} INFO - [2024-04-08T01:56:15.524+0530] {dagbag.py:538} INFO - Filling up the DagBag from /home/lucky/.local/lib/python3.10/site-packages/airflow/example_dags/example_setup_teardown.py
[2024-04-08T01:56:15.534+0530] {processor.py:840} INFO - DAG(s) 'example_setup_teardown' retrieved from /home/lucky/.local/lib/python3.10/site-packages/airflow/example_dags/example_setup_teardown.py
[2024-04-08T01:56:15.556+0530] {logging_mixin.py:188} INFO - [2024-04-08T01:56:15.556+0530] {dag.py:3036} INFO - Sync 1 DAGs
[2024-04-08T01:56:15.586+0530] {logging_mixin.py:188} INFO - [2024-04-08T01:56:15.586+0530] {dag.py:3823} INFO - Setting next_dagrun for example_setup_teardown to 2024-04-06 00:00:00+00:00, run_after=2024-04-07 00:00:00+00:00
[2024-04-08T01:56:15.620+0530] {processor.py:183} INFO - Processing /home/lucky/.local/lib/python3.10/site-packages/airflow/example_dags/example_setup_teardown.py took 0.102 seconds
[2024-04-08T01:57:09.902+0530] {processor.py:161} INFO - Started process (PID=89721) to work on /home/lucky/.local/lib/python3.10/site-packages/airflow/example_dags/example_setup_teardown.py
[2024-04-08T01:57:09.903+0530] {processor.py:830} INFO - Processing file /home/lucky/.local/lib/python3.10/site-packages/airflow/example_dags/example_setup_teardown.py for tasks to queue
[2024-04-08T01:57:09.905+0530] {logging_mixin.py:188} INFO - [2024-04-08T01:57:09.904+0530] {dagbag.py:538} INFO - Filling up the DagBag from /home/lucky/.local/lib/python3.10/site-packages/airflow/example_dags/example_setup_teardown.py
[2024-04-08T01:57:09.913+0530] {processor.py:840} INFO - DAG(s) 'example_setup_teardown' retrieved from /home/lucky/.local/lib/python3.10/site-packages/airflow/example_dags/example_setup_teardown.py
[2024-04-08T01:57:09.933+0530] {logging_mixin.py:188} INFO - [2024-04-08T01:57:09.933+0530] {dag.py:3036} INFO - Sync 1 DAGs
[2024-04-08T01:57:09.955+0530] {logging_mixin.py:188} INFO - [2024-04-08T01:57:09.955+0530] {dag.py:3823} INFO - Setting next_dagrun for example_setup_teardown to 2024-04-06 00:00:00+00:00, run_after=2024-04-07 00:00:00+00:00
[2024-04-08T01:57:09.981+0530] {processor.py:183} INFO - Processing /home/lucky/.local/lib/python3.10/site-packages/airflow/example_dags/example_setup_teardown.py took 0.083 seconds
[2024-04-08T01:58:27.338+0530] {processor.py:161} INFO - Started process (PID=90941) to work on /home/lucky/.local/lib/python3.10/site-packages/airflow/example_dags/example_setup_teardown.py
[2024-04-08T01:58:27.339+0530] {processor.py:830} INFO - Processing file /home/lucky/.local/lib/python3.10/site-packages/airflow/example_dags/example_setup_teardown.py for tasks to queue
[2024-04-08T01:58:27.340+0530] {logging_mixin.py:188} INFO - [2024-04-08T01:58:27.340+0530] {dagbag.py:538} INFO - Filling up the DagBag from /home/lucky/.local/lib/python3.10/site-packages/airflow/example_dags/example_setup_teardown.py
[2024-04-08T01:58:27.347+0530] {processor.py:840} INFO - DAG(s) 'example_setup_teardown' retrieved from /home/lucky/.local/lib/python3.10/site-packages/airflow/example_dags/example_setup_teardown.py
[2024-04-08T01:58:27.361+0530] {logging_mixin.py:188} INFO - [2024-04-08T01:58:27.361+0530] {dag.py:3036} INFO - Sync 1 DAGs
[2024-04-08T01:58:27.379+0530] {logging_mixin.py:188} INFO - [2024-04-08T01:58:27.378+0530] {dag.py:3823} INFO - Setting next_dagrun for example_setup_teardown to 2024-04-06 00:00:00+00:00, run_after=2024-04-07 00:00:00+00:00
[2024-04-08T01:58:27.400+0530] {processor.py:183} INFO - Processing /home/lucky/.local/lib/python3.10/site-packages/airflow/example_dags/example_setup_teardown.py took 0.066 seconds
[2024-04-08T01:59:41.634+0530] {processor.py:161} INFO - Started process (PID=92048) to work on /home/lucky/.local/lib/python3.10/site-packages/airflow/example_dags/example_setup_teardown.py
[2024-04-08T01:59:41.636+0530] {processor.py:830} INFO - Processing file /home/lucky/.local/lib/python3.10/site-packages/airflow/example_dags/example_setup_teardown.py for tasks to queue
[2024-04-08T01:59:41.637+0530] {logging_mixin.py:188} INFO - [2024-04-08T01:59:41.637+0530] {dagbag.py:538} INFO - Filling up the DagBag from /home/lucky/.local/lib/python3.10/site-packages/airflow/example_dags/example_setup_teardown.py
[2024-04-08T01:59:41.644+0530] {processor.py:840} INFO - DAG(s) 'example_setup_teardown' retrieved from /home/lucky/.local/lib/python3.10/site-packages/airflow/example_dags/example_setup_teardown.py
[2024-04-08T01:59:41.658+0530] {logging_mixin.py:188} INFO - [2024-04-08T01:59:41.658+0530] {dag.py:3036} INFO - Sync 1 DAGs
[2024-04-08T01:59:41.675+0530] {logging_mixin.py:188} INFO - [2024-04-08T01:59:41.675+0530] {dag.py:3823} INFO - Setting next_dagrun for example_setup_teardown to 2024-04-06 00:00:00+00:00, run_after=2024-04-07 00:00:00+00:00
[2024-04-08T01:59:41.698+0530] {processor.py:183} INFO - Processing /home/lucky/.local/lib/python3.10/site-packages/airflow/example_dags/example_setup_teardown.py took 0.067 seconds
[2024-04-08T02:00:54.389+0530] {processor.py:161} INFO - Started process (PID=93205) to work on /home/lucky/.local/lib/python3.10/site-packages/airflow/example_dags/example_setup_teardown.py
[2024-04-08T02:00:54.392+0530] {processor.py:830} INFO - Processing file /home/lucky/.local/lib/python3.10/site-packages/airflow/example_dags/example_setup_teardown.py for tasks to queue
[2024-04-08T02:00:54.395+0530] {logging_mixin.py:188} INFO - [2024-04-08T02:00:54.394+0530] {dagbag.py:538} INFO - Filling up the DagBag from /home/lucky/.local/lib/python3.10/site-packages/airflow/example_dags/example_setup_teardown.py
[2024-04-08T02:00:54.408+0530] {processor.py:840} INFO - DAG(s) 'example_setup_teardown' retrieved from /home/lucky/.local/lib/python3.10/site-packages/airflow/example_dags/example_setup_teardown.py
[2024-04-08T02:00:54.436+0530] {logging_mixin.py:188} INFO - [2024-04-08T02:00:54.436+0530] {dag.py:3036} INFO - Sync 1 DAGs
[2024-04-08T02:00:54.469+0530] {logging_mixin.py:188} INFO - [2024-04-08T02:00:54.468+0530] {dag.py:3823} INFO - Setting next_dagrun for example_setup_teardown to 2024-04-06 00:00:00+00:00, run_after=2024-04-07 00:00:00+00:00
[2024-04-08T02:00:54.527+0530] {processor.py:183} INFO - Processing /home/lucky/.local/lib/python3.10/site-packages/airflow/example_dags/example_setup_teardown.py took 0.153 seconds
[2024-04-08T02:02:11.783+0530] {processor.py:161} INFO - Started process (PID=94432) to work on /home/lucky/.local/lib/python3.10/site-packages/airflow/example_dags/example_setup_teardown.py
[2024-04-08T02:02:11.784+0530] {processor.py:830} INFO - Processing file /home/lucky/.local/lib/python3.10/site-packages/airflow/example_dags/example_setup_teardown.py for tasks to queue
[2024-04-08T02:02:11.785+0530] {logging_mixin.py:188} INFO - [2024-04-08T02:02:11.785+0530] {dagbag.py:538} INFO - Filling up the DagBag from /home/lucky/.local/lib/python3.10/site-packages/airflow/example_dags/example_setup_teardown.py
[2024-04-08T02:02:11.790+0530] {processor.py:840} INFO - DAG(s) 'example_setup_teardown' retrieved from /home/lucky/.local/lib/python3.10/site-packages/airflow/example_dags/example_setup_teardown.py
[2024-04-08T02:02:11.807+0530] {logging_mixin.py:188} INFO - [2024-04-08T02:02:11.807+0530] {dag.py:3036} INFO - Sync 1 DAGs
[2024-04-08T02:02:11.825+0530] {logging_mixin.py:188} INFO - [2024-04-08T02:02:11.825+0530] {dag.py:3823} INFO - Setting next_dagrun for example_setup_teardown to 2024-04-06 00:00:00+00:00, run_after=2024-04-07 00:00:00+00:00
[2024-04-08T02:02:11.945+0530] {processor.py:183} INFO - Processing /home/lucky/.local/lib/python3.10/site-packages/airflow/example_dags/example_setup_teardown.py took 0.166 seconds
[2024-04-08T02:03:25.088+0530] {processor.py:161} INFO - Started process (PID=95547) to work on /home/lucky/.local/lib/python3.10/site-packages/airflow/example_dags/example_setup_teardown.py
[2024-04-08T02:03:25.090+0530] {processor.py:830} INFO - Processing file /home/lucky/.local/lib/python3.10/site-packages/airflow/example_dags/example_setup_teardown.py for tasks to queue
[2024-04-08T02:03:25.092+0530] {logging_mixin.py:188} INFO - [2024-04-08T02:03:25.091+0530] {dagbag.py:538} INFO - Filling up the DagBag from /home/lucky/.local/lib/python3.10/site-packages/airflow/example_dags/example_setup_teardown.py
[2024-04-08T02:03:25.098+0530] {processor.py:840} INFO - DAG(s) 'example_setup_teardown' retrieved from /home/lucky/.local/lib/python3.10/site-packages/airflow/example_dags/example_setup_teardown.py
[2024-04-08T02:03:25.112+0530] {logging_mixin.py:188} INFO - [2024-04-08T02:03:25.112+0530] {dag.py:3036} INFO - Sync 1 DAGs
[2024-04-08T02:03:25.131+0530] {logging_mixin.py:188} INFO - [2024-04-08T02:03:25.130+0530] {dag.py:3823} INFO - Setting next_dagrun for example_setup_teardown to 2024-04-06 00:00:00+00:00, run_after=2024-04-07 00:00:00+00:00
[2024-04-08T02:03:25.253+0530] {processor.py:183} INFO - Processing /home/lucky/.local/lib/python3.10/site-packages/airflow/example_dags/example_setup_teardown.py took 0.168 seconds
[2024-04-08T02:04:42.411+0530] {processor.py:161} INFO - Started process (PID=96752) to work on /home/lucky/.local/lib/python3.10/site-packages/airflow/example_dags/example_setup_teardown.py
[2024-04-08T02:04:42.413+0530] {processor.py:830} INFO - Processing file /home/lucky/.local/lib/python3.10/site-packages/airflow/example_dags/example_setup_teardown.py for tasks to queue
[2024-04-08T02:04:42.414+0530] {logging_mixin.py:188} INFO - [2024-04-08T02:04:42.413+0530] {dagbag.py:538} INFO - Filling up the DagBag from /home/lucky/.local/lib/python3.10/site-packages/airflow/example_dags/example_setup_teardown.py
[2024-04-08T02:04:42.422+0530] {processor.py:840} INFO - DAG(s) 'example_setup_teardown' retrieved from /home/lucky/.local/lib/python3.10/site-packages/airflow/example_dags/example_setup_teardown.py
[2024-04-08T02:04:42.448+0530] {logging_mixin.py:188} INFO - [2024-04-08T02:04:42.448+0530] {dag.py:3036} INFO - Sync 1 DAGs
[2024-04-08T02:04:42.481+0530] {logging_mixin.py:188} INFO - [2024-04-08T02:04:42.480+0530] {dag.py:3823} INFO - Setting next_dagrun for example_setup_teardown to 2024-04-06 00:00:00+00:00, run_after=2024-04-07 00:00:00+00:00
[2024-04-08T02:04:42.666+0530] {processor.py:183} INFO - Processing /home/lucky/.local/lib/python3.10/site-packages/airflow/example_dags/example_setup_teardown.py took 0.259 seconds
[2024-04-08T02:05:39.104+0530] {processor.py:161} INFO - Started process (PID=97436) to work on /home/lucky/.local/lib/python3.10/site-packages/airflow/example_dags/example_setup_teardown.py
[2024-04-08T02:05:39.106+0530] {processor.py:830} INFO - Processing file /home/lucky/.local/lib/python3.10/site-packages/airflow/example_dags/example_setup_teardown.py for tasks to queue
[2024-04-08T02:05:39.107+0530] {logging_mixin.py:188} INFO - [2024-04-08T02:05:39.107+0530] {dagbag.py:538} INFO - Filling up the DagBag from /home/lucky/.local/lib/python3.10/site-packages/airflow/example_dags/example_setup_teardown.py
[2024-04-08T02:05:39.115+0530] {processor.py:840} INFO - DAG(s) 'example_setup_teardown' retrieved from /home/lucky/.local/lib/python3.10/site-packages/airflow/example_dags/example_setup_teardown.py
[2024-04-08T02:05:39.142+0530] {logging_mixin.py:188} INFO - [2024-04-08T02:05:39.142+0530] {dag.py:3036} INFO - Sync 1 DAGs
[2024-04-08T02:05:39.178+0530] {logging_mixin.py:188} INFO - [2024-04-08T02:05:39.178+0530] {dag.py:3823} INFO - Setting next_dagrun for example_setup_teardown to 2024-04-06 00:00:00+00:00, run_after=2024-04-07 00:00:00+00:00
[2024-04-08T02:05:39.211+0530] {processor.py:183} INFO - Processing /home/lucky/.local/lib/python3.10/site-packages/airflow/example_dags/example_setup_teardown.py took 0.111 seconds
[2024-04-08T02:06:56.457+0530] {processor.py:161} INFO - Started process (PID=98662) to work on /home/lucky/.local/lib/python3.10/site-packages/airflow/example_dags/example_setup_teardown.py
[2024-04-08T02:06:56.459+0530] {processor.py:830} INFO - Processing file /home/lucky/.local/lib/python3.10/site-packages/airflow/example_dags/example_setup_teardown.py for tasks to queue
[2024-04-08T02:06:56.460+0530] {logging_mixin.py:188} INFO - [2024-04-08T02:06:56.460+0530] {dagbag.py:538} INFO - Filling up the DagBag from /home/lucky/.local/lib/python3.10/site-packages/airflow/example_dags/example_setup_teardown.py
[2024-04-08T02:06:56.473+0530] {processor.py:840} INFO - DAG(s) 'example_setup_teardown' retrieved from /home/lucky/.local/lib/python3.10/site-packages/airflow/example_dags/example_setup_teardown.py
[2024-04-08T02:06:56.495+0530] {logging_mixin.py:188} INFO - [2024-04-08T02:06:56.495+0530] {dag.py:3036} INFO - Sync 1 DAGs
[2024-04-08T02:06:56.527+0530] {logging_mixin.py:188} INFO - [2024-04-08T02:06:56.527+0530] {dag.py:3823} INFO - Setting next_dagrun for example_setup_teardown to 2024-04-06 00:00:00+00:00, run_after=2024-04-07 00:00:00+00:00
[2024-04-08T02:06:56.561+0530] {processor.py:183} INFO - Processing /home/lucky/.local/lib/python3.10/site-packages/airflow/example_dags/example_setup_teardown.py took 0.107 seconds
[2024-04-08T02:07:53.570+0530] {processor.py:161} INFO - Started process (PID=99636) to work on /home/lucky/.local/lib/python3.10/site-packages/airflow/example_dags/example_setup_teardown.py
[2024-04-08T02:07:53.572+0530] {processor.py:830} INFO - Processing file /home/lucky/.local/lib/python3.10/site-packages/airflow/example_dags/example_setup_teardown.py for tasks to queue
[2024-04-08T02:07:53.574+0530] {logging_mixin.py:188} INFO - [2024-04-08T02:07:53.573+0530] {dagbag.py:538} INFO - Filling up the DagBag from /home/lucky/.local/lib/python3.10/site-packages/airflow/example_dags/example_setup_teardown.py
[2024-04-08T02:07:53.584+0530] {processor.py:840} INFO - DAG(s) 'example_setup_teardown' retrieved from /home/lucky/.local/lib/python3.10/site-packages/airflow/example_dags/example_setup_teardown.py
[2024-04-08T02:07:53.611+0530] {logging_mixin.py:188} INFO - [2024-04-08T02:07:53.611+0530] {dag.py:3036} INFO - Sync 1 DAGs
[2024-04-08T02:07:53.645+0530] {logging_mixin.py:188} INFO - [2024-04-08T02:07:53.645+0530] {dag.py:3823} INFO - Setting next_dagrun for example_setup_teardown to 2024-04-06 00:00:00+00:00, run_after=2024-04-07 00:00:00+00:00
[2024-04-08T02:07:53.686+0530] {processor.py:183} INFO - Processing /home/lucky/.local/lib/python3.10/site-packages/airflow/example_dags/example_setup_teardown.py took 0.122 seconds
[2024-04-08T02:08:50.873+0530] {processor.py:161} INFO - Started process (PID=100751) to work on /home/lucky/.local/lib/python3.10/site-packages/airflow/example_dags/example_setup_teardown.py
[2024-04-08T02:08:50.875+0530] {processor.py:830} INFO - Processing file /home/lucky/.local/lib/python3.10/site-packages/airflow/example_dags/example_setup_teardown.py for tasks to queue
[2024-04-08T02:08:50.876+0530] {logging_mixin.py:188} INFO - [2024-04-08T02:08:50.875+0530] {dagbag.py:538} INFO - Filling up the DagBag from /home/lucky/.local/lib/python3.10/site-packages/airflow/example_dags/example_setup_teardown.py
[2024-04-08T02:08:50.884+0530] {processor.py:840} INFO - DAG(s) 'example_setup_teardown' retrieved from /home/lucky/.local/lib/python3.10/site-packages/airflow/example_dags/example_setup_teardown.py
[2024-04-08T02:08:50.905+0530] {logging_mixin.py:188} INFO - [2024-04-08T02:08:50.905+0530] {dag.py:3036} INFO - Sync 1 DAGs
[2024-04-08T02:08:51.047+0530] {logging_mixin.py:188} INFO - [2024-04-08T02:08:51.047+0530] {dag.py:3823} INFO - Setting next_dagrun for example_setup_teardown to 2024-04-06 00:00:00+00:00, run_after=2024-04-07 00:00:00+00:00
[2024-04-08T02:08:51.074+0530] {processor.py:183} INFO - Processing /home/lucky/.local/lib/python3.10/site-packages/airflow/example_dags/example_setup_teardown.py took 0.205 seconds
[2024-04-08T02:09:45.667+0530] {processor.py:161} INFO - Started process (PID=101800) to work on /home/lucky/.local/lib/python3.10/site-packages/airflow/example_dags/example_setup_teardown.py
[2024-04-08T02:09:45.670+0530] {processor.py:830} INFO - Processing file /home/lucky/.local/lib/python3.10/site-packages/airflow/example_dags/example_setup_teardown.py for tasks to queue
[2024-04-08T02:09:45.672+0530] {logging_mixin.py:188} INFO - [2024-04-08T02:09:45.671+0530] {dagbag.py:538} INFO - Filling up the DagBag from /home/lucky/.local/lib/python3.10/site-packages/airflow/example_dags/example_setup_teardown.py
[2024-04-08T02:09:45.683+0530] {processor.py:840} INFO - DAG(s) 'example_setup_teardown' retrieved from /home/lucky/.local/lib/python3.10/site-packages/airflow/example_dags/example_setup_teardown.py
[2024-04-08T02:09:45.709+0530] {logging_mixin.py:188} INFO - [2024-04-08T02:09:45.708+0530] {dag.py:3036} INFO - Sync 1 DAGs
[2024-04-08T02:09:45.743+0530] {logging_mixin.py:188} INFO - [2024-04-08T02:09:45.742+0530] {dag.py:3823} INFO - Setting next_dagrun for example_setup_teardown to 2024-04-06 00:00:00+00:00, run_after=2024-04-07 00:00:00+00:00
[2024-04-08T02:09:45.781+0530] {processor.py:183} INFO - Processing /home/lucky/.local/lib/python3.10/site-packages/airflow/example_dags/example_setup_teardown.py took 0.118 seconds
