2024-03-02 16:32:19,255 INFO - Task context logging is enabled
2024-03-02 16:32:19,257 INFO - Loaded executor: SequentialExecutor
2024-03-02 16:32:19,294 INFO - Starting the scheduler
2024-03-02 16:32:19,296 INFO - Processing each file at most -1 times
2024-03-02 16:32:19,303 INFO - Launched DagFileProcessorManager with pid: 134617
2024-03-02 16:32:19,306 INFO - Adopting or resetting orphaned tasks for active dag runs
2024-03-02 16:32:19,312 INFO - Configured default timezone UTC
2024-03-02 16:37:19,957 INFO - Adopting or resetting orphaned tasks for active dag runs
2024-03-10 15:36:25,637 INFO - Task context logging is enabled
2024-03-10 15:36:25,640 INFO - Loaded executor: SequentialExecutor
2024-03-10 15:36:25,765 INFO - Starting the scheduler
2024-03-10 15:36:25,768 INFO - Processing each file at most -1 times
2024-03-10 15:36:25,783 INFO - Launched DagFileProcessorManager with pid: 6174
2024-03-10 15:36:25,786 INFO - Adopting or resetting orphaned tasks for active dag runs
2024-03-10 15:36:25,793 INFO - Configured default timezone UTC
2024-03-10 15:36:26,023 INFO - Marked 1 SchedulerJob instances as failed
2024-03-10 15:41:26,246 INFO - Adopting or resetting orphaned tasks for active dag runs
2024-03-10 15:46:26,503 INFO - Adopting or resetting orphaned tasks for active dag runs
2024-03-10 15:51:26,866 INFO - Adopting or resetting orphaned tasks for active dag runs
2024-03-10 15:56:27,561 INFO - Adopting or resetting orphaned tasks for active dag runs
2024-03-10 16:01:27,768 INFO - Adopting or resetting orphaned tasks for active dag runs
2024-03-10 16:06:27,976 INFO - Adopting or resetting orphaned tasks for active dag runs
2024-03-10 16:11:28,526 INFO - Adopting or resetting orphaned tasks for active dag runs
2024-03-10 16:16:28,934 INFO - Adopting or resetting orphaned tasks for active dag runs
2024-03-10 16:21:29,097 INFO - Adopting or resetting orphaned tasks for active dag runs
2024-03-10 16:26:29,506 INFO - Adopting or resetting orphaned tasks for active dag runs
2024-03-10 16:31:29,829 INFO - Adopting or resetting orphaned tasks for active dag runs
2024-03-10 16:36:29,999 INFO - Adopting or resetting orphaned tasks for active dag runs
2024-03-10 16:41:30,345 INFO - Adopting or resetting orphaned tasks for active dag runs
2024-03-10 17:21:12,205 INFO - Task context logging is enabled
2024-03-10 17:21:12,210 INFO - Loaded executor: SequentialExecutor
2024-03-10 17:21:12,294 INFO - Starting the scheduler
2024-03-10 17:21:12,296 INFO - Processing each file at most -1 times
2024-03-10 17:21:12,315 INFO - Launched DagFileProcessorManager with pid: 7510
2024-03-10 17:21:12,318 INFO - Adopting or resetting orphaned tasks for active dag runs
2024-03-10 17:21:12,324 INFO - Configured default timezone UTC
2024-03-10 17:21:12,599 INFO - Marked 1 SchedulerJob instances as failed
2024-03-10 17:26:12,946 INFO - Adopting or resetting orphaned tasks for active dag runs
2024-03-10 17:31:13,405 INFO - Adopting or resetting orphaned tasks for active dag runs
2024-03-10 17:36:13,835 INFO - Adopting or resetting orphaned tasks for active dag runs
2024-03-10 17:41:13,969 INFO - Adopting or resetting orphaned tasks for active dag runs
2024-03-10 17:46:14,301 INFO - Adopting or resetting orphaned tasks for active dag runs
2024-03-10 20:39:49,645 INFO - Task context logging is enabled
2024-03-10 20:39:49,647 INFO - Loaded executor: SequentialExecutor
2024-03-10 20:39:49,686 INFO - Starting the scheduler
2024-03-10 20:39:49,687 INFO - Processing each file at most -1 times
2024-03-10 20:39:49,694 INFO - Launched DagFileProcessorManager with pid: 1888
2024-03-10 20:39:49,695 INFO - Adopting or resetting orphaned tasks for active dag runs
2024-03-10 20:39:49,698 INFO - Configured default timezone UTC
2024-03-10 20:39:49,820 INFO - Marked 1 SchedulerJob instances as failed
2024-03-10 20:44:50,252 INFO - Adopting or resetting orphaned tasks for active dag runs
2024-03-10 20:48:17,708 INFO - Exiting gracefully upon receiving signal 15
2024-03-10 20:48:18,313 INFO - Sending Signals.SIGTERM to group 1888. PIDs of all processes in the group: []
2024-03-10 20:48:18,314 INFO - Sending the signal Signals.SIGTERM to group 1888
2024-03-10 20:48:18,314 INFO - Sending the signal Signals.SIGTERM to process 1888 as process group is missing.
2024-03-10 20:48:18,318 INFO - Sending Signals.SIGTERM to group 1888. PIDs of all processes in the group: []
2024-03-10 20:48:18,319 INFO - Sending the signal Signals.SIGTERM to group 1888
2024-03-10 20:48:18,319 INFO - Sending the signal Signals.SIGTERM to process 1888 as process group is missing.
2024-03-10 20:48:18,319 INFO - Exited execute loop
2024-03-10 20:48:23,518 INFO - Task context logging is enabled
2024-03-10 20:48:23,521 INFO - Loaded executor: SequentialExecutor
2024-03-10 20:48:23,608 INFO - Starting the scheduler
2024-03-10 20:48:23,610 INFO - Processing each file at most -1 times
2024-03-10 20:48:23,627 INFO - Launched DagFileProcessorManager with pid: 10691
2024-03-10 20:48:23,629 INFO - Adopting or resetting orphaned tasks for active dag runs
2024-03-10 20:48:23,631 INFO - Configured default timezone UTC
2024-03-10 20:52:46,201 INFO - Exiting gracefully upon receiving signal 15
2024-03-10 20:52:46,862 INFO - Sending Signals.SIGTERM to group 10691. PIDs of all processes in the group: []
2024-03-10 20:52:46,863 INFO - Sending the signal Signals.SIGTERM to group 10691
2024-03-10 20:52:46,864 INFO - Sending the signal Signals.SIGTERM to process 10691 as process group is missing.
2024-03-10 20:52:46,869 INFO - Sending Signals.SIGTERM to group 10691. PIDs of all processes in the group: []
2024-03-10 20:52:46,869 INFO - Sending the signal Signals.SIGTERM to group 10691
2024-03-10 20:52:46,870 INFO - Sending the signal Signals.SIGTERM to process 10691 as process group is missing.
2024-03-10 20:52:46,870 INFO - Exited execute loop
2024-03-10 22:14:03,033 INFO - Task context logging is enabled
2024-03-10 22:14:03,036 INFO - Loaded executor: SequentialExecutor
2024-03-10 22:14:03,164 INFO - Starting the scheduler
2024-03-10 22:14:03,166 INFO - Processing each file at most -1 times
2024-03-10 22:14:03,195 INFO - Launched DagFileProcessorManager with pid: 22610
2024-03-10 22:14:03,199 INFO - Adopting or resetting orphaned tasks for active dag runs
2024-03-10 22:14:03,211 INFO - Configured default timezone UTC
2024-03-10 22:14:03,473 INFO - Marked 1 SchedulerJob instances as failed
2024-03-10 22:19:03,605 INFO - Adopting or resetting orphaned tasks for active dag runs
2024-03-10 23:14:36,694 INFO - Task context logging is enabled
2024-03-10 23:14:36,710 INFO - Loaded executor: SequentialExecutor
2024-03-10 23:14:36,897 INFO - Starting the scheduler
2024-03-10 23:14:36,899 INFO - Processing each file at most -1 times
2024-03-10 23:14:36,932 INFO - Launched DagFileProcessorManager with pid: 1929
2024-03-10 23:14:36,934 INFO - Adopting or resetting orphaned tasks for active dag runs
2024-03-10 23:14:36,936 INFO - Configured default timezone UTC
2024-03-10 23:14:37,654 INFO - Marked 1 SchedulerJob instances as failed
2024-03-10 23:17:11,464 INFO - Exiting gracefully upon receiving signal 15
2024-03-10 23:17:12,234 INFO - Sending Signals.SIGTERM to group 1929. PIDs of all processes in the group: []
2024-03-10 23:17:12,236 INFO - Sending the signal Signals.SIGTERM to group 1929
2024-03-10 23:17:12,238 INFO - Sending the signal Signals.SIGTERM to process 1929 as process group is missing.
2024-03-10 23:17:12,253 INFO - Sending Signals.SIGTERM to group 1929. PIDs of all processes in the group: []
2024-03-10 23:17:12,254 INFO - Sending the signal Signals.SIGTERM to group 1929
2024-03-10 23:17:12,256 INFO - Sending the signal Signals.SIGTERM to process 1929 as process group is missing.
2024-03-10 23:17:12,257 INFO - Exited execute loop
2024-03-10 23:17:20,108 INFO - Task context logging is enabled
2024-03-10 23:17:20,111 INFO - Loaded executor: SequentialExecutor
2024-03-10 23:17:20,177 INFO - Starting the scheduler
2024-03-10 23:17:20,178 INFO - Processing each file at most -1 times
2024-03-10 23:17:20,195 INFO - Launched DagFileProcessorManager with pid: 4229
2024-03-10 23:17:20,199 INFO - Adopting or resetting orphaned tasks for active dag runs
2024-03-10 23:17:20,206 INFO - Configured default timezone UTC
2024-03-10 23:22:21,226 INFO - Adopting or resetting orphaned tasks for active dag runs
2024-03-10 23:27:21,430 INFO - Adopting or resetting orphaned tasks for active dag runs
2024-03-10 23:32:21,994 INFO - Adopting or resetting orphaned tasks for active dag runs
2024-03-10 23:37:22,435 INFO - Adopting or resetting orphaned tasks for active dag runs
2024-03-10 23:42:22,949 INFO - Adopting or resetting orphaned tasks for active dag runs
2024-03-10 23:47:23,055 INFO - Adopting or resetting orphaned tasks for active dag runs
