[2024-04-08T00:26:47.208+0530] {processor.py:161} INFO - Started process (PID=7845) to work on /home/lucky/.local/lib/python3.10/site-packages/airflow/example_dags/plugins/listener_plugin.py
[2024-04-08T00:26:47.209+0530] {processor.py:830} INFO - Processing file /home/lucky/.local/lib/python3.10/site-packages/airflow/example_dags/plugins/listener_plugin.py for tasks to queue
[2024-04-08T00:26:47.211+0530] {logging_mixin.py:188} INFO - [2024-04-08T00:26:47.210+0530] {dagbag.py:538} INFO - Filling up the DagBag from /home/lucky/.local/lib/python3.10/site-packages/airflow/example_dags/plugins/listener_plugin.py
[2024-04-08T00:26:47.217+0530] {processor.py:842} WARNING - No viable dags retrieved from /home/lucky/.local/lib/python3.10/site-packages/airflow/example_dags/plugins/listener_plugin.py
[2024-04-08T00:26:47.231+0530] {processor.py:183} INFO - Processing /home/lucky/.local/lib/python3.10/site-packages/airflow/example_dags/plugins/listener_plugin.py took 0.028 seconds
[2024-04-08T00:27:50.165+0530] {processor.py:161} INFO - Started process (PID=8577) to work on /home/lucky/.local/lib/python3.10/site-packages/airflow/example_dags/plugins/listener_plugin.py
[2024-04-08T00:27:50.167+0530] {processor.py:830} INFO - Processing file /home/lucky/.local/lib/python3.10/site-packages/airflow/example_dags/plugins/listener_plugin.py for tasks to queue
[2024-04-08T00:27:50.168+0530] {logging_mixin.py:188} INFO - [2024-04-08T00:27:50.168+0530] {dagbag.py:538} INFO - Filling up the DagBag from /home/lucky/.local/lib/python3.10/site-packages/airflow/example_dags/plugins/listener_plugin.py
[2024-04-08T00:27:50.172+0530] {processor.py:842} WARNING - No viable dags retrieved from /home/lucky/.local/lib/python3.10/site-packages/airflow/example_dags/plugins/listener_plugin.py
[2024-04-08T00:27:50.186+0530] {processor.py:183} INFO - Processing /home/lucky/.local/lib/python3.10/site-packages/airflow/example_dags/plugins/listener_plugin.py took 0.035 seconds
[2024-04-08T00:28:56.854+0530] {processor.py:161} INFO - Started process (PID=9615) to work on /home/lucky/.local/lib/python3.10/site-packages/airflow/example_dags/plugins/listener_plugin.py
[2024-04-08T00:28:56.867+0530] {processor.py:830} INFO - Processing file /home/lucky/.local/lib/python3.10/site-packages/airflow/example_dags/plugins/listener_plugin.py for tasks to queue
[2024-04-08T00:28:56.869+0530] {logging_mixin.py:188} INFO - [2024-04-08T00:28:56.868+0530] {dagbag.py:538} INFO - Filling up the DagBag from /home/lucky/.local/lib/python3.10/site-packages/airflow/example_dags/plugins/listener_plugin.py
[2024-04-08T00:28:56.874+0530] {processor.py:842} WARNING - No viable dags retrieved from /home/lucky/.local/lib/python3.10/site-packages/airflow/example_dags/plugins/listener_plugin.py
[2024-04-08T00:28:56.894+0530] {processor.py:183} INFO - Processing /home/lucky/.local/lib/python3.10/site-packages/airflow/example_dags/plugins/listener_plugin.py took 0.046 seconds
[2024-04-08T00:30:02.865+0530] {processor.py:161} INFO - Started process (PID=10798) to work on /home/lucky/.local/lib/python3.10/site-packages/airflow/example_dags/plugins/listener_plugin.py
[2024-04-08T00:30:02.867+0530] {processor.py:830} INFO - Processing file /home/lucky/.local/lib/python3.10/site-packages/airflow/example_dags/plugins/listener_plugin.py for tasks to queue
[2024-04-08T00:30:02.869+0530] {logging_mixin.py:188} INFO - [2024-04-08T00:30:02.868+0530] {dagbag.py:538} INFO - Filling up the DagBag from /home/lucky/.local/lib/python3.10/site-packages/airflow/example_dags/plugins/listener_plugin.py
[2024-04-08T00:30:02.872+0530] {processor.py:842} WARNING - No viable dags retrieved from /home/lucky/.local/lib/python3.10/site-packages/airflow/example_dags/plugins/listener_plugin.py
[2024-04-08T00:30:02.884+0530] {processor.py:183} INFO - Processing /home/lucky/.local/lib/python3.10/site-packages/airflow/example_dags/plugins/listener_plugin.py took 0.022 seconds
[2024-04-08T00:31:05.021+0530] {processor.py:161} INFO - Started process (PID=11532) to work on /home/lucky/.local/lib/python3.10/site-packages/airflow/example_dags/plugins/listener_plugin.py
[2024-04-08T00:31:05.023+0530] {processor.py:830} INFO - Processing file /home/lucky/.local/lib/python3.10/site-packages/airflow/example_dags/plugins/listener_plugin.py for tasks to queue
[2024-04-08T00:31:05.024+0530] {logging_mixin.py:188} INFO - [2024-04-08T00:31:05.024+0530] {dagbag.py:538} INFO - Filling up the DagBag from /home/lucky/.local/lib/python3.10/site-packages/airflow/example_dags/plugins/listener_plugin.py
[2024-04-08T00:31:05.027+0530] {processor.py:842} WARNING - No viable dags retrieved from /home/lucky/.local/lib/python3.10/site-packages/airflow/example_dags/plugins/listener_plugin.py
[2024-04-08T00:31:05.042+0530] {processor.py:183} INFO - Processing /home/lucky/.local/lib/python3.10/site-packages/airflow/example_dags/plugins/listener_plugin.py took 0.024 seconds
[2024-04-08T00:32:13.877+0530] {processor.py:161} INFO - Started process (PID=12677) to work on /home/lucky/.local/lib/python3.10/site-packages/airflow/example_dags/plugins/listener_plugin.py
[2024-04-08T00:32:13.890+0530] {processor.py:830} INFO - Processing file /home/lucky/.local/lib/python3.10/site-packages/airflow/example_dags/plugins/listener_plugin.py for tasks to queue
[2024-04-08T00:32:13.893+0530] {logging_mixin.py:188} INFO - [2024-04-08T00:32:13.892+0530] {dagbag.py:538} INFO - Filling up the DagBag from /home/lucky/.local/lib/python3.10/site-packages/airflow/example_dags/plugins/listener_plugin.py
[2024-04-08T00:32:13.898+0530] {processor.py:842} WARNING - No viable dags retrieved from /home/lucky/.local/lib/python3.10/site-packages/airflow/example_dags/plugins/listener_plugin.py
[2024-04-08T00:32:13.923+0530] {processor.py:183} INFO - Processing /home/lucky/.local/lib/python3.10/site-packages/airflow/example_dags/plugins/listener_plugin.py took 0.051 seconds
[2024-04-08T00:33:22.918+0530] {processor.py:161} INFO - Started process (PID=13784) to work on /home/lucky/.local/lib/python3.10/site-packages/airflow/example_dags/plugins/listener_plugin.py
[2024-04-08T00:33:22.921+0530] {processor.py:830} INFO - Processing file /home/lucky/.local/lib/python3.10/site-packages/airflow/example_dags/plugins/listener_plugin.py for tasks to queue
[2024-04-08T00:33:22.923+0530] {logging_mixin.py:188} INFO - [2024-04-08T00:33:22.922+0530] {dagbag.py:538} INFO - Filling up the DagBag from /home/lucky/.local/lib/python3.10/site-packages/airflow/example_dags/plugins/listener_plugin.py
[2024-04-08T00:33:22.929+0530] {processor.py:842} WARNING - No viable dags retrieved from /home/lucky/.local/lib/python3.10/site-packages/airflow/example_dags/plugins/listener_plugin.py
[2024-04-08T00:33:22.949+0530] {processor.py:183} INFO - Processing /home/lucky/.local/lib/python3.10/site-packages/airflow/example_dags/plugins/listener_plugin.py took 0.036 seconds
[2024-04-08T00:34:44.814+0530] {processor.py:161} INFO - Started process (PID=14715) to work on /home/lucky/.local/lib/python3.10/site-packages/airflow/example_dags/plugins/listener_plugin.py
[2024-04-08T00:34:44.817+0530] {processor.py:830} INFO - Processing file /home/lucky/.local/lib/python3.10/site-packages/airflow/example_dags/plugins/listener_plugin.py for tasks to queue
[2024-04-08T00:34:44.820+0530] {logging_mixin.py:188} INFO - [2024-04-08T00:34:44.818+0530] {dagbag.py:538} INFO - Filling up the DagBag from /home/lucky/.local/lib/python3.10/site-packages/airflow/example_dags/plugins/listener_plugin.py
[2024-04-08T00:34:44.828+0530] {processor.py:842} WARNING - No viable dags retrieved from /home/lucky/.local/lib/python3.10/site-packages/airflow/example_dags/plugins/listener_plugin.py
[2024-04-08T00:34:44.853+0530] {processor.py:183} INFO - Processing /home/lucky/.local/lib/python3.10/site-packages/airflow/example_dags/plugins/listener_plugin.py took 0.044 seconds
[2024-04-08T00:35:56.768+0530] {processor.py:161} INFO - Started process (PID=15852) to work on /home/lucky/.local/lib/python3.10/site-packages/airflow/example_dags/plugins/listener_plugin.py
[2024-04-08T00:35:56.770+0530] {processor.py:830} INFO - Processing file /home/lucky/.local/lib/python3.10/site-packages/airflow/example_dags/plugins/listener_plugin.py for tasks to queue
[2024-04-08T00:35:56.771+0530] {logging_mixin.py:188} INFO - [2024-04-08T00:35:56.771+0530] {dagbag.py:538} INFO - Filling up the DagBag from /home/lucky/.local/lib/python3.10/site-packages/airflow/example_dags/plugins/listener_plugin.py
[2024-04-08T00:35:56.776+0530] {processor.py:842} WARNING - No viable dags retrieved from /home/lucky/.local/lib/python3.10/site-packages/airflow/example_dags/plugins/listener_plugin.py
[2024-04-08T00:35:56.796+0530] {processor.py:183} INFO - Processing /home/lucky/.local/lib/python3.10/site-packages/airflow/example_dags/plugins/listener_plugin.py took 0.032 seconds
[2024-04-08T00:36:57.661+0530] {processor.py:161} INFO - Started process (PID=16874) to work on /home/lucky/.local/lib/python3.10/site-packages/airflow/example_dags/plugins/listener_plugin.py
[2024-04-08T00:36:57.674+0530] {processor.py:830} INFO - Processing file /home/lucky/.local/lib/python3.10/site-packages/airflow/example_dags/plugins/listener_plugin.py for tasks to queue
[2024-04-08T00:36:57.676+0530] {logging_mixin.py:188} INFO - [2024-04-08T00:36:57.675+0530] {dagbag.py:538} INFO - Filling up the DagBag from /home/lucky/.local/lib/python3.10/site-packages/airflow/example_dags/plugins/listener_plugin.py
[2024-04-08T00:36:57.681+0530] {processor.py:842} WARNING - No viable dags retrieved from /home/lucky/.local/lib/python3.10/site-packages/airflow/example_dags/plugins/listener_plugin.py
[2024-04-08T00:36:57.700+0530] {processor.py:183} INFO - Processing /home/lucky/.local/lib/python3.10/site-packages/airflow/example_dags/plugins/listener_plugin.py took 0.046 seconds
[2024-04-08T00:37:58.465+0530] {processor.py:161} INFO - Started process (PID=17656) to work on /home/lucky/.local/lib/python3.10/site-packages/airflow/example_dags/plugins/listener_plugin.py
[2024-04-08T00:37:58.466+0530] {processor.py:830} INFO - Processing file /home/lucky/.local/lib/python3.10/site-packages/airflow/example_dags/plugins/listener_plugin.py for tasks to queue
[2024-04-08T00:37:58.468+0530] {logging_mixin.py:188} INFO - [2024-04-08T00:37:58.467+0530] {dagbag.py:538} INFO - Filling up the DagBag from /home/lucky/.local/lib/python3.10/site-packages/airflow/example_dags/plugins/listener_plugin.py
[2024-04-08T00:37:58.472+0530] {processor.py:842} WARNING - No viable dags retrieved from /home/lucky/.local/lib/python3.10/site-packages/airflow/example_dags/plugins/listener_plugin.py
[2024-04-08T00:37:58.484+0530] {processor.py:183} INFO - Processing /home/lucky/.local/lib/python3.10/site-packages/airflow/example_dags/plugins/listener_plugin.py took 0.022 seconds
[2024-04-08T00:39:01.206+0530] {processor.py:161} INFO - Started process (PID=18768) to work on /home/lucky/.local/lib/python3.10/site-packages/airflow/example_dags/plugins/listener_plugin.py
[2024-04-08T00:39:01.209+0530] {processor.py:830} INFO - Processing file /home/lucky/.local/lib/python3.10/site-packages/airflow/example_dags/plugins/listener_plugin.py for tasks to queue
[2024-04-08T00:39:01.212+0530] {logging_mixin.py:188} INFO - [2024-04-08T00:39:01.210+0530] {dagbag.py:538} INFO - Filling up the DagBag from /home/lucky/.local/lib/python3.10/site-packages/airflow/example_dags/plugins/listener_plugin.py
[2024-04-08T00:39:01.217+0530] {processor.py:842} WARNING - No viable dags retrieved from /home/lucky/.local/lib/python3.10/site-packages/airflow/example_dags/plugins/listener_plugin.py
[2024-04-08T00:39:01.237+0530] {processor.py:183} INFO - Processing /home/lucky/.local/lib/python3.10/site-packages/airflow/example_dags/plugins/listener_plugin.py took 0.039 seconds
[2024-04-08T00:40:07.641+0530] {processor.py:161} INFO - Started process (PID=19863) to work on /home/lucky/.local/lib/python3.10/site-packages/airflow/example_dags/plugins/listener_plugin.py
[2024-04-08T00:40:07.653+0530] {processor.py:830} INFO - Processing file /home/lucky/.local/lib/python3.10/site-packages/airflow/example_dags/plugins/listener_plugin.py for tasks to queue
[2024-04-08T00:40:07.654+0530] {logging_mixin.py:188} INFO - [2024-04-08T00:40:07.654+0530] {dagbag.py:538} INFO - Filling up the DagBag from /home/lucky/.local/lib/python3.10/site-packages/airflow/example_dags/plugins/listener_plugin.py
[2024-04-08T00:40:07.657+0530] {processor.py:842} WARNING - No viable dags retrieved from /home/lucky/.local/lib/python3.10/site-packages/airflow/example_dags/plugins/listener_plugin.py
[2024-04-08T00:40:07.672+0530] {processor.py:183} INFO - Processing /home/lucky/.local/lib/python3.10/site-packages/airflow/example_dags/plugins/listener_plugin.py took 0.035 seconds
[2024-04-08T00:41:22.930+0530] {processor.py:161} INFO - Started process (PID=20733) to work on /home/lucky/.local/lib/python3.10/site-packages/airflow/example_dags/plugins/listener_plugin.py
[2024-04-08T00:41:22.933+0530] {processor.py:830} INFO - Processing file /home/lucky/.local/lib/python3.10/site-packages/airflow/example_dags/plugins/listener_plugin.py for tasks to queue
[2024-04-08T00:41:22.934+0530] {logging_mixin.py:188} INFO - [2024-04-08T00:41:22.934+0530] {dagbag.py:538} INFO - Filling up the DagBag from /home/lucky/.local/lib/python3.10/site-packages/airflow/example_dags/plugins/listener_plugin.py
[2024-04-08T00:41:22.938+0530] {processor.py:842} WARNING - No viable dags retrieved from /home/lucky/.local/lib/python3.10/site-packages/airflow/example_dags/plugins/listener_plugin.py
[2024-04-08T00:41:22.959+0530] {processor.py:183} INFO - Processing /home/lucky/.local/lib/python3.10/site-packages/airflow/example_dags/plugins/listener_plugin.py took 0.033 seconds
[2024-04-08T00:42:29.012+0530] {processor.py:161} INFO - Started process (PID=21850) to work on /home/lucky/.local/lib/python3.10/site-packages/airflow/example_dags/plugins/listener_plugin.py
[2024-04-08T00:42:29.021+0530] {processor.py:830} INFO - Processing file /home/lucky/.local/lib/python3.10/site-packages/airflow/example_dags/plugins/listener_plugin.py for tasks to queue
[2024-04-08T00:42:29.025+0530] {logging_mixin.py:188} INFO - [2024-04-08T00:42:29.024+0530] {dagbag.py:538} INFO - Filling up the DagBag from /home/lucky/.local/lib/python3.10/site-packages/airflow/example_dags/plugins/listener_plugin.py
[2024-04-08T00:42:29.029+0530] {processor.py:842} WARNING - No viable dags retrieved from /home/lucky/.local/lib/python3.10/site-packages/airflow/example_dags/plugins/listener_plugin.py
[2024-04-08T00:42:29.043+0530] {processor.py:183} INFO - Processing /home/lucky/.local/lib/python3.10/site-packages/airflow/example_dags/plugins/listener_plugin.py took 0.038 seconds
[2024-04-08T00:43:32.933+0530] {processor.py:161} INFO - Started process (PID=22896) to work on /home/lucky/.local/lib/python3.10/site-packages/airflow/example_dags/plugins/listener_plugin.py
[2024-04-08T00:43:32.937+0530] {processor.py:830} INFO - Processing file /home/lucky/.local/lib/python3.10/site-packages/airflow/example_dags/plugins/listener_plugin.py for tasks to queue
[2024-04-08T00:43:32.940+0530] {logging_mixin.py:188} INFO - [2024-04-08T00:43:32.939+0530] {dagbag.py:538} INFO - Filling up the DagBag from /home/lucky/.local/lib/python3.10/site-packages/airflow/example_dags/plugins/listener_plugin.py
[2024-04-08T00:43:32.946+0530] {processor.py:842} WARNING - No viable dags retrieved from /home/lucky/.local/lib/python3.10/site-packages/airflow/example_dags/plugins/listener_plugin.py
[2024-04-08T00:43:32.968+0530] {processor.py:183} INFO - Processing /home/lucky/.local/lib/python3.10/site-packages/airflow/example_dags/plugins/listener_plugin.py took 0.041 seconds
[2024-04-08T00:44:28.086+0530] {processor.py:161} INFO - Started process (PID=23571) to work on /home/lucky/.local/lib/python3.10/site-packages/airflow/example_dags/plugins/listener_plugin.py
[2024-04-08T00:44:28.088+0530] {processor.py:830} INFO - Processing file /home/lucky/.local/lib/python3.10/site-packages/airflow/example_dags/plugins/listener_plugin.py for tasks to queue
[2024-04-08T00:44:28.092+0530] {logging_mixin.py:188} INFO - [2024-04-08T00:44:28.091+0530] {dagbag.py:538} INFO - Filling up the DagBag from /home/lucky/.local/lib/python3.10/site-packages/airflow/example_dags/plugins/listener_plugin.py
[2024-04-08T00:44:28.097+0530] {processor.py:842} WARNING - No viable dags retrieved from /home/lucky/.local/lib/python3.10/site-packages/airflow/example_dags/plugins/listener_plugin.py
[2024-04-08T00:44:28.124+0530] {processor.py:183} INFO - Processing /home/lucky/.local/lib/python3.10/site-packages/airflow/example_dags/plugins/listener_plugin.py took 0.043 seconds
[2024-04-08T00:45:19.378+0530] {processor.py:161} INFO - Started process (PID=24469) to work on /home/lucky/.local/lib/python3.10/site-packages/airflow/example_dags/plugins/listener_plugin.py
[2024-04-08T00:45:19.380+0530] {processor.py:830} INFO - Processing file /home/lucky/.local/lib/python3.10/site-packages/airflow/example_dags/plugins/listener_plugin.py for tasks to queue
[2024-04-08T00:45:19.382+0530] {logging_mixin.py:188} INFO - [2024-04-08T00:45:19.382+0530] {dagbag.py:538} INFO - Filling up the DagBag from /home/lucky/.local/lib/python3.10/site-packages/airflow/example_dags/plugins/listener_plugin.py
[2024-04-08T00:45:19.391+0530] {processor.py:842} WARNING - No viable dags retrieved from /home/lucky/.local/lib/python3.10/site-packages/airflow/example_dags/plugins/listener_plugin.py
[2024-04-08T00:45:19.413+0530] {processor.py:183} INFO - Processing /home/lucky/.local/lib/python3.10/site-packages/airflow/example_dags/plugins/listener_plugin.py took 0.044 seconds
[2024-04-08T00:46:14.554+0530] {processor.py:161} INFO - Started process (PID=25134) to work on /home/lucky/.local/lib/python3.10/site-packages/airflow/example_dags/plugins/listener_plugin.py
[2024-04-08T00:46:14.560+0530] {processor.py:830} INFO - Processing file /home/lucky/.local/lib/python3.10/site-packages/airflow/example_dags/plugins/listener_plugin.py for tasks to queue
[2024-04-08T00:46:14.561+0530] {logging_mixin.py:188} INFO - [2024-04-08T00:46:14.561+0530] {dagbag.py:538} INFO - Filling up the DagBag from /home/lucky/.local/lib/python3.10/site-packages/airflow/example_dags/plugins/listener_plugin.py
[2024-04-08T00:46:14.564+0530] {processor.py:842} WARNING - No viable dags retrieved from /home/lucky/.local/lib/python3.10/site-packages/airflow/example_dags/plugins/listener_plugin.py
[2024-04-08T00:46:14.578+0530] {processor.py:183} INFO - Processing /home/lucky/.local/lib/python3.10/site-packages/airflow/example_dags/plugins/listener_plugin.py took 0.028 seconds
[2024-04-08T00:47:08.907+0530] {processor.py:161} INFO - Started process (PID=26057) to work on /home/lucky/.local/lib/python3.10/site-packages/airflow/example_dags/plugins/listener_plugin.py
[2024-04-08T00:47:08.909+0530] {processor.py:830} INFO - Processing file /home/lucky/.local/lib/python3.10/site-packages/airflow/example_dags/plugins/listener_plugin.py for tasks to queue
[2024-04-08T00:47:08.910+0530] {logging_mixin.py:188} INFO - [2024-04-08T00:47:08.910+0530] {dagbag.py:538} INFO - Filling up the DagBag from /home/lucky/.local/lib/python3.10/site-packages/airflow/example_dags/plugins/listener_plugin.py
[2024-04-08T00:47:08.913+0530] {processor.py:842} WARNING - No viable dags retrieved from /home/lucky/.local/lib/python3.10/site-packages/airflow/example_dags/plugins/listener_plugin.py
[2024-04-08T00:47:08.923+0530] {processor.py:183} INFO - Processing /home/lucky/.local/lib/python3.10/site-packages/airflow/example_dags/plugins/listener_plugin.py took 0.018 seconds
[2024-04-08T00:48:05.497+0530] {processor.py:161} INFO - Started process (PID=27009) to work on /home/lucky/.local/lib/python3.10/site-packages/airflow/example_dags/plugins/listener_plugin.py
[2024-04-08T00:48:05.503+0530] {processor.py:830} INFO - Processing file /home/lucky/.local/lib/python3.10/site-packages/airflow/example_dags/plugins/listener_plugin.py for tasks to queue
[2024-04-08T00:48:05.504+0530] {logging_mixin.py:188} INFO - [2024-04-08T00:48:05.503+0530] {dagbag.py:538} INFO - Filling up the DagBag from /home/lucky/.local/lib/python3.10/site-packages/airflow/example_dags/plugins/listener_plugin.py
[2024-04-08T00:48:05.506+0530] {processor.py:842} WARNING - No viable dags retrieved from /home/lucky/.local/lib/python3.10/site-packages/airflow/example_dags/plugins/listener_plugin.py
[2024-04-08T00:48:05.516+0530] {processor.py:183} INFO - Processing /home/lucky/.local/lib/python3.10/site-packages/airflow/example_dags/plugins/listener_plugin.py took 0.021 seconds
[2024-04-08T00:48:54.470+0530] {processor.py:161} INFO - Started process (PID=27619) to work on /home/lucky/.local/lib/python3.10/site-packages/airflow/example_dags/plugins/listener_plugin.py
[2024-04-08T00:48:54.472+0530] {processor.py:830} INFO - Processing file /home/lucky/.local/lib/python3.10/site-packages/airflow/example_dags/plugins/listener_plugin.py for tasks to queue
[2024-04-08T00:48:54.473+0530] {logging_mixin.py:188} INFO - [2024-04-08T00:48:54.472+0530] {dagbag.py:538} INFO - Filling up the DagBag from /home/lucky/.local/lib/python3.10/site-packages/airflow/example_dags/plugins/listener_plugin.py
[2024-04-08T00:48:54.475+0530] {processor.py:842} WARNING - No viable dags retrieved from /home/lucky/.local/lib/python3.10/site-packages/airflow/example_dags/plugins/listener_plugin.py
[2024-04-08T00:48:54.488+0530] {processor.py:183} INFO - Processing /home/lucky/.local/lib/python3.10/site-packages/airflow/example_dags/plugins/listener_plugin.py took 0.021 seconds
[2024-04-08T00:49:44.200+0530] {processor.py:161} INFO - Started process (PID=28464) to work on /home/lucky/.local/lib/python3.10/site-packages/airflow/example_dags/plugins/listener_plugin.py
[2024-04-08T00:49:44.201+0530] {processor.py:830} INFO - Processing file /home/lucky/.local/lib/python3.10/site-packages/airflow/example_dags/plugins/listener_plugin.py for tasks to queue
[2024-04-08T00:49:44.202+0530] {logging_mixin.py:188} INFO - [2024-04-08T00:49:44.202+0530] {dagbag.py:538} INFO - Filling up the DagBag from /home/lucky/.local/lib/python3.10/site-packages/airflow/example_dags/plugins/listener_plugin.py
[2024-04-08T00:49:44.206+0530] {processor.py:842} WARNING - No viable dags retrieved from /home/lucky/.local/lib/python3.10/site-packages/airflow/example_dags/plugins/listener_plugin.py
[2024-04-08T00:49:44.218+0530] {processor.py:183} INFO - Processing /home/lucky/.local/lib/python3.10/site-packages/airflow/example_dags/plugins/listener_plugin.py took 0.021 seconds
[2024-04-08T00:50:31.833+0530] {processor.py:161} INFO - Started process (PID=29070) to work on /home/lucky/.local/lib/python3.10/site-packages/airflow/example_dags/plugins/listener_plugin.py
[2024-04-08T00:50:31.835+0530] {processor.py:830} INFO - Processing file /home/lucky/.local/lib/python3.10/site-packages/airflow/example_dags/plugins/listener_plugin.py for tasks to queue
[2024-04-08T00:50:31.836+0530] {logging_mixin.py:188} INFO - [2024-04-08T00:50:31.836+0530] {dagbag.py:538} INFO - Filling up the DagBag from /home/lucky/.local/lib/python3.10/site-packages/airflow/example_dags/plugins/listener_plugin.py
[2024-04-08T00:50:31.838+0530] {processor.py:842} WARNING - No viable dags retrieved from /home/lucky/.local/lib/python3.10/site-packages/airflow/example_dags/plugins/listener_plugin.py
[2024-04-08T00:50:31.848+0530] {processor.py:183} INFO - Processing /home/lucky/.local/lib/python3.10/site-packages/airflow/example_dags/plugins/listener_plugin.py took 0.019 seconds
[2024-04-08T00:51:28.017+0530] {processor.py:161} INFO - Started process (PID=29987) to work on /home/lucky/.local/lib/python3.10/site-packages/airflow/example_dags/plugins/listener_plugin.py
[2024-04-08T00:51:28.019+0530] {processor.py:830} INFO - Processing file /home/lucky/.local/lib/python3.10/site-packages/airflow/example_dags/plugins/listener_plugin.py for tasks to queue
[2024-04-08T00:51:28.021+0530] {logging_mixin.py:188} INFO - [2024-04-08T00:51:28.020+0530] {dagbag.py:538} INFO - Filling up the DagBag from /home/lucky/.local/lib/python3.10/site-packages/airflow/example_dags/plugins/listener_plugin.py
[2024-04-08T00:51:28.025+0530] {processor.py:842} WARNING - No viable dags retrieved from /home/lucky/.local/lib/python3.10/site-packages/airflow/example_dags/plugins/listener_plugin.py
[2024-04-08T00:51:28.039+0530] {processor.py:183} INFO - Processing /home/lucky/.local/lib/python3.10/site-packages/airflow/example_dags/plugins/listener_plugin.py took 0.026 seconds
[2024-04-08T00:52:23.680+0530] {processor.py:161} INFO - Started process (PID=30931) to work on /home/lucky/.local/lib/python3.10/site-packages/airflow/example_dags/plugins/listener_plugin.py
[2024-04-08T00:52:23.681+0530] {processor.py:830} INFO - Processing file /home/lucky/.local/lib/python3.10/site-packages/airflow/example_dags/plugins/listener_plugin.py for tasks to queue
[2024-04-08T00:52:23.682+0530] {logging_mixin.py:188} INFO - [2024-04-08T00:52:23.682+0530] {dagbag.py:538} INFO - Filling up the DagBag from /home/lucky/.local/lib/python3.10/site-packages/airflow/example_dags/plugins/listener_plugin.py
[2024-04-08T00:52:23.686+0530] {processor.py:842} WARNING - No viable dags retrieved from /home/lucky/.local/lib/python3.10/site-packages/airflow/example_dags/plugins/listener_plugin.py
[2024-04-08T00:52:23.702+0530] {processor.py:183} INFO - Processing /home/lucky/.local/lib/python3.10/site-packages/airflow/example_dags/plugins/listener_plugin.py took 0.025 seconds
[2024-04-08T00:53:18.585+0530] {processor.py:161} INFO - Started process (PID=31582) to work on /home/lucky/.local/lib/python3.10/site-packages/airflow/example_dags/plugins/listener_plugin.py
[2024-04-08T00:53:18.599+0530] {processor.py:830} INFO - Processing file /home/lucky/.local/lib/python3.10/site-packages/airflow/example_dags/plugins/listener_plugin.py for tasks to queue
[2024-04-08T00:53:18.601+0530] {logging_mixin.py:188} INFO - [2024-04-08T00:53:18.600+0530] {dagbag.py:538} INFO - Filling up the DagBag from /home/lucky/.local/lib/python3.10/site-packages/airflow/example_dags/plugins/listener_plugin.py
[2024-04-08T00:53:18.607+0530] {processor.py:842} WARNING - No viable dags retrieved from /home/lucky/.local/lib/python3.10/site-packages/airflow/example_dags/plugins/listener_plugin.py
[2024-04-08T00:53:18.667+0530] {processor.py:183} INFO - Processing /home/lucky/.local/lib/python3.10/site-packages/airflow/example_dags/plugins/listener_plugin.py took 0.088 seconds
[2024-04-08T00:54:15.481+0530] {processor.py:161} INFO - Started process (PID=32495) to work on /home/lucky/.local/lib/python3.10/site-packages/airflow/example_dags/plugins/listener_plugin.py
[2024-04-08T00:54:15.483+0530] {processor.py:830} INFO - Processing file /home/lucky/.local/lib/python3.10/site-packages/airflow/example_dags/plugins/listener_plugin.py for tasks to queue
[2024-04-08T00:54:15.484+0530] {logging_mixin.py:188} INFO - [2024-04-08T00:54:15.484+0530] {dagbag.py:538} INFO - Filling up the DagBag from /home/lucky/.local/lib/python3.10/site-packages/airflow/example_dags/plugins/listener_plugin.py
[2024-04-08T00:54:15.488+0530] {processor.py:842} WARNING - No viable dags retrieved from /home/lucky/.local/lib/python3.10/site-packages/airflow/example_dags/plugins/listener_plugin.py
[2024-04-08T00:54:15.501+0530] {processor.py:183} INFO - Processing /home/lucky/.local/lib/python3.10/site-packages/airflow/example_dags/plugins/listener_plugin.py took 0.023 seconds
[2024-04-08T00:55:04.530+0530] {processor.py:161} INFO - Started process (PID=33118) to work on /home/lucky/.local/lib/python3.10/site-packages/airflow/example_dags/plugins/listener_plugin.py
[2024-04-08T00:55:04.532+0530] {processor.py:830} INFO - Processing file /home/lucky/.local/lib/python3.10/site-packages/airflow/example_dags/plugins/listener_plugin.py for tasks to queue
[2024-04-08T00:55:04.533+0530] {logging_mixin.py:188} INFO - [2024-04-08T00:55:04.532+0530] {dagbag.py:538} INFO - Filling up the DagBag from /home/lucky/.local/lib/python3.10/site-packages/airflow/example_dags/plugins/listener_plugin.py
[2024-04-08T00:55:04.537+0530] {processor.py:842} WARNING - No viable dags retrieved from /home/lucky/.local/lib/python3.10/site-packages/airflow/example_dags/plugins/listener_plugin.py
[2024-04-08T00:55:04.555+0530] {processor.py:183} INFO - Processing /home/lucky/.local/lib/python3.10/site-packages/airflow/example_dags/plugins/listener_plugin.py took 0.028 seconds
[2024-04-08T00:55:55.373+0530] {processor.py:161} INFO - Started process (PID=34009) to work on /home/lucky/.local/lib/python3.10/site-packages/airflow/example_dags/plugins/listener_plugin.py
[2024-04-08T00:55:55.375+0530] {processor.py:830} INFO - Processing file /home/lucky/.local/lib/python3.10/site-packages/airflow/example_dags/plugins/listener_plugin.py for tasks to queue
[2024-04-08T00:55:55.376+0530] {logging_mixin.py:188} INFO - [2024-04-08T00:55:55.375+0530] {dagbag.py:538} INFO - Filling up the DagBag from /home/lucky/.local/lib/python3.10/site-packages/airflow/example_dags/plugins/listener_plugin.py
[2024-04-08T00:55:55.378+0530] {processor.py:842} WARNING - No viable dags retrieved from /home/lucky/.local/lib/python3.10/site-packages/airflow/example_dags/plugins/listener_plugin.py
[2024-04-08T00:55:55.398+0530] {processor.py:183} INFO - Processing /home/lucky/.local/lib/python3.10/site-packages/airflow/example_dags/plugins/listener_plugin.py took 0.028 seconds
[2024-04-08T00:56:39.785+0530] {processor.py:161} INFO - Started process (PID=34858) to work on /home/lucky/.local/lib/python3.10/site-packages/airflow/example_dags/plugins/listener_plugin.py
[2024-04-08T00:56:39.787+0530] {processor.py:830} INFO - Processing file /home/lucky/.local/lib/python3.10/site-packages/airflow/example_dags/plugins/listener_plugin.py for tasks to queue
[2024-04-08T00:56:39.788+0530] {logging_mixin.py:188} INFO - [2024-04-08T00:56:39.788+0530] {dagbag.py:538} INFO - Filling up the DagBag from /home/lucky/.local/lib/python3.10/site-packages/airflow/example_dags/plugins/listener_plugin.py
[2024-04-08T00:56:39.791+0530] {processor.py:842} WARNING - No viable dags retrieved from /home/lucky/.local/lib/python3.10/site-packages/airflow/example_dags/plugins/listener_plugin.py
[2024-04-08T00:56:39.801+0530] {processor.py:183} INFO - Processing /home/lucky/.local/lib/python3.10/site-packages/airflow/example_dags/plugins/listener_plugin.py took 0.018 seconds
[2024-04-08T00:57:29.949+0530] {processor.py:161} INFO - Started process (PID=35473) to work on /home/lucky/.local/lib/python3.10/site-packages/airflow/example_dags/plugins/listener_plugin.py
[2024-04-08T00:57:29.950+0530] {processor.py:830} INFO - Processing file /home/lucky/.local/lib/python3.10/site-packages/airflow/example_dags/plugins/listener_plugin.py for tasks to queue
[2024-04-08T00:57:29.951+0530] {logging_mixin.py:188} INFO - [2024-04-08T00:57:29.951+0530] {dagbag.py:538} INFO - Filling up the DagBag from /home/lucky/.local/lib/python3.10/site-packages/airflow/example_dags/plugins/listener_plugin.py
[2024-04-08T00:57:29.953+0530] {processor.py:842} WARNING - No viable dags retrieved from /home/lucky/.local/lib/python3.10/site-packages/airflow/example_dags/plugins/listener_plugin.py
[2024-04-08T00:57:29.963+0530] {processor.py:183} INFO - Processing /home/lucky/.local/lib/python3.10/site-packages/airflow/example_dags/plugins/listener_plugin.py took 0.018 seconds
[2024-04-08T00:58:46.012+0530] {processor.py:161} INFO - Started process (PID=36601) to work on /home/lucky/.local/lib/python3.10/site-packages/airflow/example_dags/plugins/listener_plugin.py
[2024-04-08T00:58:46.014+0530] {processor.py:830} INFO - Processing file /home/lucky/.local/lib/python3.10/site-packages/airflow/example_dags/plugins/listener_plugin.py for tasks to queue
[2024-04-08T00:58:46.016+0530] {logging_mixin.py:188} INFO - [2024-04-08T00:58:46.015+0530] {dagbag.py:538} INFO - Filling up the DagBag from /home/lucky/.local/lib/python3.10/site-packages/airflow/example_dags/plugins/listener_plugin.py
[2024-04-08T00:58:46.020+0530] {processor.py:842} WARNING - No viable dags retrieved from /home/lucky/.local/lib/python3.10/site-packages/airflow/example_dags/plugins/listener_plugin.py
[2024-04-08T00:58:46.035+0530] {processor.py:183} INFO - Processing /home/lucky/.local/lib/python3.10/site-packages/airflow/example_dags/plugins/listener_plugin.py took 0.027 seconds
[2024-04-08T01:18:04.163+0530] {processor.py:161} INFO - Started process (PID=54453) to work on /home/lucky/.local/lib/python3.10/site-packages/airflow/example_dags/plugins/listener_plugin.py
[2024-04-08T01:18:04.165+0530] {processor.py:830} INFO - Processing file /home/lucky/.local/lib/python3.10/site-packages/airflow/example_dags/plugins/listener_plugin.py for tasks to queue
[2024-04-08T01:18:04.167+0530] {logging_mixin.py:188} INFO - [2024-04-08T01:18:04.166+0530] {dagbag.py:538} INFO - Filling up the DagBag from /home/lucky/.local/lib/python3.10/site-packages/airflow/example_dags/plugins/listener_plugin.py
[2024-04-08T01:18:04.171+0530] {processor.py:842} WARNING - No viable dags retrieved from /home/lucky/.local/lib/python3.10/site-packages/airflow/example_dags/plugins/listener_plugin.py
[2024-04-08T01:18:04.186+0530] {processor.py:183} INFO - Processing /home/lucky/.local/lib/python3.10/site-packages/airflow/example_dags/plugins/listener_plugin.py took 0.028 seconds
[2024-04-08T01:18:59.096+0530] {processor.py:161} INFO - Started process (PID=55383) to work on /home/lucky/.local/lib/python3.10/site-packages/airflow/example_dags/plugins/listener_plugin.py
[2024-04-08T01:18:59.098+0530] {processor.py:830} INFO - Processing file /home/lucky/.local/lib/python3.10/site-packages/airflow/example_dags/plugins/listener_plugin.py for tasks to queue
[2024-04-08T01:18:59.099+0530] {logging_mixin.py:188} INFO - [2024-04-08T01:18:59.099+0530] {dagbag.py:538} INFO - Filling up the DagBag from /home/lucky/.local/lib/python3.10/site-packages/airflow/example_dags/plugins/listener_plugin.py
[2024-04-08T01:18:59.103+0530] {processor.py:842} WARNING - No viable dags retrieved from /home/lucky/.local/lib/python3.10/site-packages/airflow/example_dags/plugins/listener_plugin.py
[2024-04-08T01:18:59.115+0530] {processor.py:183} INFO - Processing /home/lucky/.local/lib/python3.10/site-packages/airflow/example_dags/plugins/listener_plugin.py took 0.023 seconds
[2024-04-08T01:19:53.305+0530] {processor.py:161} INFO - Started process (PID=56305) to work on /home/lucky/.local/lib/python3.10/site-packages/airflow/example_dags/plugins/listener_plugin.py
[2024-04-08T01:19:53.307+0530] {processor.py:830} INFO - Processing file /home/lucky/.local/lib/python3.10/site-packages/airflow/example_dags/plugins/listener_plugin.py for tasks to queue
[2024-04-08T01:19:53.309+0530] {logging_mixin.py:188} INFO - [2024-04-08T01:19:53.308+0530] {dagbag.py:538} INFO - Filling up the DagBag from /home/lucky/.local/lib/python3.10/site-packages/airflow/example_dags/plugins/listener_plugin.py
[2024-04-08T01:19:53.312+0530] {processor.py:842} WARNING - No viable dags retrieved from /home/lucky/.local/lib/python3.10/site-packages/airflow/example_dags/plugins/listener_plugin.py
[2024-04-08T01:19:53.322+0530] {processor.py:183} INFO - Processing /home/lucky/.local/lib/python3.10/site-packages/airflow/example_dags/plugins/listener_plugin.py took 0.020 seconds
[2024-04-08T01:20:42.167+0530] {processor.py:161} INFO - Started process (PID=56869) to work on /home/lucky/.local/lib/python3.10/site-packages/airflow/example_dags/plugins/listener_plugin.py
[2024-04-08T01:20:42.168+0530] {processor.py:830} INFO - Processing file /home/lucky/.local/lib/python3.10/site-packages/airflow/example_dags/plugins/listener_plugin.py for tasks to queue
[2024-04-08T01:20:42.169+0530] {logging_mixin.py:188} INFO - [2024-04-08T01:20:42.169+0530] {dagbag.py:538} INFO - Filling up the DagBag from /home/lucky/.local/lib/python3.10/site-packages/airflow/example_dags/plugins/listener_plugin.py
[2024-04-08T01:20:42.174+0530] {processor.py:842} WARNING - No viable dags retrieved from /home/lucky/.local/lib/python3.10/site-packages/airflow/example_dags/plugins/listener_plugin.py
[2024-04-08T01:20:42.190+0530] {processor.py:183} INFO - Processing /home/lucky/.local/lib/python3.10/site-packages/airflow/example_dags/plugins/listener_plugin.py took 0.028 seconds
[2024-04-08T01:21:31.060+0530] {processor.py:161} INFO - Started process (PID=57736) to work on /home/lucky/.local/lib/python3.10/site-packages/airflow/example_dags/plugins/listener_plugin.py
[2024-04-08T01:21:31.072+0530] {processor.py:830} INFO - Processing file /home/lucky/.local/lib/python3.10/site-packages/airflow/example_dags/plugins/listener_plugin.py for tasks to queue
[2024-04-08T01:21:31.073+0530] {logging_mixin.py:188} INFO - [2024-04-08T01:21:31.073+0530] {dagbag.py:538} INFO - Filling up the DagBag from /home/lucky/.local/lib/python3.10/site-packages/airflow/example_dags/plugins/listener_plugin.py
[2024-04-08T01:21:31.076+0530] {processor.py:842} WARNING - No viable dags retrieved from /home/lucky/.local/lib/python3.10/site-packages/airflow/example_dags/plugins/listener_plugin.py
[2024-04-08T01:21:31.091+0530] {processor.py:183} INFO - Processing /home/lucky/.local/lib/python3.10/site-packages/airflow/example_dags/plugins/listener_plugin.py took 0.036 seconds
[2024-04-08T01:22:23.027+0530] {processor.py:161} INFO - Started process (PID=58383) to work on /home/lucky/.local/lib/python3.10/site-packages/airflow/example_dags/plugins/listener_plugin.py
[2024-04-08T01:22:23.030+0530] {processor.py:830} INFO - Processing file /home/lucky/.local/lib/python3.10/site-packages/airflow/example_dags/plugins/listener_plugin.py for tasks to queue
[2024-04-08T01:22:23.031+0530] {logging_mixin.py:188} INFO - [2024-04-08T01:22:23.030+0530] {dagbag.py:538} INFO - Filling up the DagBag from /home/lucky/.local/lib/python3.10/site-packages/airflow/example_dags/plugins/listener_plugin.py
[2024-04-08T01:22:23.034+0530] {processor.py:842} WARNING - No viable dags retrieved from /home/lucky/.local/lib/python3.10/site-packages/airflow/example_dags/plugins/listener_plugin.py
[2024-04-08T01:22:23.045+0530] {processor.py:183} INFO - Processing /home/lucky/.local/lib/python3.10/site-packages/airflow/example_dags/plugins/listener_plugin.py took 0.021 seconds
[2024-04-08T01:23:11.828+0530] {processor.py:161} INFO - Started process (PID=59256) to work on /home/lucky/.local/lib/python3.10/site-packages/airflow/example_dags/plugins/listener_plugin.py
[2024-04-08T01:23:11.830+0530] {processor.py:830} INFO - Processing file /home/lucky/.local/lib/python3.10/site-packages/airflow/example_dags/plugins/listener_plugin.py for tasks to queue
[2024-04-08T01:23:11.832+0530] {logging_mixin.py:188} INFO - [2024-04-08T01:23:11.831+0530] {dagbag.py:538} INFO - Filling up the DagBag from /home/lucky/.local/lib/python3.10/site-packages/airflow/example_dags/plugins/listener_plugin.py
[2024-04-08T01:23:11.835+0530] {processor.py:842} WARNING - No viable dags retrieved from /home/lucky/.local/lib/python3.10/site-packages/airflow/example_dags/plugins/listener_plugin.py
[2024-04-08T01:23:11.847+0530] {processor.py:183} INFO - Processing /home/lucky/.local/lib/python3.10/site-packages/airflow/example_dags/plugins/listener_plugin.py took 0.022 seconds
[2024-04-08T01:23:57.801+0530] {processor.py:161} INFO - Started process (PID=59774) to work on /home/lucky/.local/lib/python3.10/site-packages/airflow/example_dags/plugins/listener_plugin.py
[2024-04-08T01:23:57.803+0530] {processor.py:830} INFO - Processing file /home/lucky/.local/lib/python3.10/site-packages/airflow/example_dags/plugins/listener_plugin.py for tasks to queue
[2024-04-08T01:23:57.804+0530] {logging_mixin.py:188} INFO - [2024-04-08T01:23:57.804+0530] {dagbag.py:538} INFO - Filling up the DagBag from /home/lucky/.local/lib/python3.10/site-packages/airflow/example_dags/plugins/listener_plugin.py
[2024-04-08T01:23:57.806+0530] {processor.py:842} WARNING - No viable dags retrieved from /home/lucky/.local/lib/python3.10/site-packages/airflow/example_dags/plugins/listener_plugin.py
[2024-04-08T01:23:57.818+0530] {processor.py:183} INFO - Processing /home/lucky/.local/lib/python3.10/site-packages/airflow/example_dags/plugins/listener_plugin.py took 0.020 seconds
[2024-04-08T01:24:44.801+0530] {processor.py:161} INFO - Started process (PID=60650) to work on /home/lucky/.local/lib/python3.10/site-packages/airflow/example_dags/plugins/listener_plugin.py
[2024-04-08T01:24:44.804+0530] {processor.py:830} INFO - Processing file /home/lucky/.local/lib/python3.10/site-packages/airflow/example_dags/plugins/listener_plugin.py for tasks to queue
[2024-04-08T01:24:44.805+0530] {logging_mixin.py:188} INFO - [2024-04-08T01:24:44.804+0530] {dagbag.py:538} INFO - Filling up the DagBag from /home/lucky/.local/lib/python3.10/site-packages/airflow/example_dags/plugins/listener_plugin.py
[2024-04-08T01:24:44.808+0530] {processor.py:842} WARNING - No viable dags retrieved from /home/lucky/.local/lib/python3.10/site-packages/airflow/example_dags/plugins/listener_plugin.py
[2024-04-08T01:24:44.822+0530] {processor.py:183} INFO - Processing /home/lucky/.local/lib/python3.10/site-packages/airflow/example_dags/plugins/listener_plugin.py took 0.024 seconds
[2024-04-08T01:25:34.081+0530] {processor.py:161} INFO - Started process (PID=61511) to work on /home/lucky/.local/lib/python3.10/site-packages/airflow/example_dags/plugins/listener_plugin.py
[2024-04-08T01:25:34.087+0530] {processor.py:830} INFO - Processing file /home/lucky/.local/lib/python3.10/site-packages/airflow/example_dags/plugins/listener_plugin.py for tasks to queue
[2024-04-08T01:25:34.092+0530] {logging_mixin.py:188} INFO - [2024-04-08T01:25:34.090+0530] {dagbag.py:538} INFO - Filling up the DagBag from /home/lucky/.local/lib/python3.10/site-packages/airflow/example_dags/plugins/listener_plugin.py
[2024-04-08T01:25:34.108+0530] {processor.py:842} WARNING - No viable dags retrieved from /home/lucky/.local/lib/python3.10/site-packages/airflow/example_dags/plugins/listener_plugin.py
[2024-04-08T01:25:34.154+0530] {processor.py:183} INFO - Processing /home/lucky/.local/lib/python3.10/site-packages/airflow/example_dags/plugins/listener_plugin.py took 0.076 seconds
[2024-04-08T01:26:21.463+0530] {processor.py:161} INFO - Started process (PID=62036) to work on /home/lucky/.local/lib/python3.10/site-packages/airflow/example_dags/plugins/listener_plugin.py
[2024-04-08T01:26:21.465+0530] {processor.py:830} INFO - Processing file /home/lucky/.local/lib/python3.10/site-packages/airflow/example_dags/plugins/listener_plugin.py for tasks to queue
[2024-04-08T01:26:21.466+0530] {logging_mixin.py:188} INFO - [2024-04-08T01:26:21.466+0530] {dagbag.py:538} INFO - Filling up the DagBag from /home/lucky/.local/lib/python3.10/site-packages/airflow/example_dags/plugins/listener_plugin.py
[2024-04-08T01:26:21.469+0530] {processor.py:842} WARNING - No viable dags retrieved from /home/lucky/.local/lib/python3.10/site-packages/airflow/example_dags/plugins/listener_plugin.py
[2024-04-08T01:26:21.482+0530] {processor.py:183} INFO - Processing /home/lucky/.local/lib/python3.10/site-packages/airflow/example_dags/plugins/listener_plugin.py took 0.023 seconds
[2024-04-08T01:27:09.001+0530] {processor.py:161} INFO - Started process (PID=62882) to work on /home/lucky/.local/lib/python3.10/site-packages/airflow/example_dags/plugins/listener_plugin.py
[2024-04-08T01:27:09.014+0530] {processor.py:830} INFO - Processing file /home/lucky/.local/lib/python3.10/site-packages/airflow/example_dags/plugins/listener_plugin.py for tasks to queue
[2024-04-08T01:27:09.016+0530] {logging_mixin.py:188} INFO - [2024-04-08T01:27:09.016+0530] {dagbag.py:538} INFO - Filling up the DagBag from /home/lucky/.local/lib/python3.10/site-packages/airflow/example_dags/plugins/listener_plugin.py
[2024-04-08T01:27:09.019+0530] {processor.py:842} WARNING - No viable dags retrieved from /home/lucky/.local/lib/python3.10/site-packages/airflow/example_dags/plugins/listener_plugin.py
[2024-04-08T01:27:09.031+0530] {processor.py:183} INFO - Processing /home/lucky/.local/lib/python3.10/site-packages/airflow/example_dags/plugins/listener_plugin.py took 0.033 seconds
[2024-04-08T01:27:57.405+0530] {processor.py:161} INFO - Started process (PID=63517) to work on /home/lucky/.local/lib/python3.10/site-packages/airflow/example_dags/plugins/listener_plugin.py
[2024-04-08T01:27:57.407+0530] {processor.py:830} INFO - Processing file /home/lucky/.local/lib/python3.10/site-packages/airflow/example_dags/plugins/listener_plugin.py for tasks to queue
[2024-04-08T01:27:57.408+0530] {logging_mixin.py:188} INFO - [2024-04-08T01:27:57.407+0530] {dagbag.py:538} INFO - Filling up the DagBag from /home/lucky/.local/lib/python3.10/site-packages/airflow/example_dags/plugins/listener_plugin.py
[2024-04-08T01:27:57.410+0530] {processor.py:842} WARNING - No viable dags retrieved from /home/lucky/.local/lib/python3.10/site-packages/airflow/example_dags/plugins/listener_plugin.py
[2024-04-08T01:27:57.420+0530] {processor.py:183} INFO - Processing /home/lucky/.local/lib/python3.10/site-packages/airflow/example_dags/plugins/listener_plugin.py took 0.018 seconds
[2024-04-08T01:28:46.900+0530] {processor.py:161} INFO - Started process (PID=64390) to work on /home/lucky/.local/lib/python3.10/site-packages/airflow/example_dags/plugins/listener_plugin.py
[2024-04-08T01:28:46.902+0530] {processor.py:830} INFO - Processing file /home/lucky/.local/lib/python3.10/site-packages/airflow/example_dags/plugins/listener_plugin.py for tasks to queue
[2024-04-08T01:28:46.903+0530] {logging_mixin.py:188} INFO - [2024-04-08T01:28:46.902+0530] {dagbag.py:538} INFO - Filling up the DagBag from /home/lucky/.local/lib/python3.10/site-packages/airflow/example_dags/plugins/listener_plugin.py
[2024-04-08T01:28:46.907+0530] {processor.py:842} WARNING - No viable dags retrieved from /home/lucky/.local/lib/python3.10/site-packages/airflow/example_dags/plugins/listener_plugin.py
[2024-04-08T01:28:46.923+0530] {processor.py:183} INFO - Processing /home/lucky/.local/lib/python3.10/site-packages/airflow/example_dags/plugins/listener_plugin.py took 0.028 seconds
[2024-04-08T01:29:40.988+0530] {processor.py:161} INFO - Started process (PID=65019) to work on /home/lucky/.local/lib/python3.10/site-packages/airflow/example_dags/plugins/listener_plugin.py
[2024-04-08T01:29:40.989+0530] {processor.py:830} INFO - Processing file /home/lucky/.local/lib/python3.10/site-packages/airflow/example_dags/plugins/listener_plugin.py for tasks to queue
[2024-04-08T01:29:40.991+0530] {logging_mixin.py:188} INFO - [2024-04-08T01:29:40.990+0530] {dagbag.py:538} INFO - Filling up the DagBag from /home/lucky/.local/lib/python3.10/site-packages/airflow/example_dags/plugins/listener_plugin.py
[2024-04-08T01:29:40.995+0530] {processor.py:842} WARNING - No viable dags retrieved from /home/lucky/.local/lib/python3.10/site-packages/airflow/example_dags/plugins/listener_plugin.py
[2024-04-08T01:29:41.016+0530] {processor.py:183} INFO - Processing /home/lucky/.local/lib/python3.10/site-packages/airflow/example_dags/plugins/listener_plugin.py took 0.032 seconds
[2024-04-08T01:30:35.399+0530] {processor.py:161} INFO - Started process (PID=65936) to work on /home/lucky/.local/lib/python3.10/site-packages/airflow/example_dags/plugins/listener_plugin.py
[2024-04-08T01:30:35.403+0530] {processor.py:830} INFO - Processing file /home/lucky/.local/lib/python3.10/site-packages/airflow/example_dags/plugins/listener_plugin.py for tasks to queue
[2024-04-08T01:30:35.404+0530] {logging_mixin.py:188} INFO - [2024-04-08T01:30:35.404+0530] {dagbag.py:538} INFO - Filling up the DagBag from /home/lucky/.local/lib/python3.10/site-packages/airflow/example_dags/plugins/listener_plugin.py
[2024-04-08T01:30:35.407+0530] {processor.py:842} WARNING - No viable dags retrieved from /home/lucky/.local/lib/python3.10/site-packages/airflow/example_dags/plugins/listener_plugin.py
[2024-04-08T01:30:35.419+0530] {processor.py:183} INFO - Processing /home/lucky/.local/lib/python3.10/site-packages/airflow/example_dags/plugins/listener_plugin.py took 0.030 seconds
[2024-04-08T01:31:25.479+0530] {processor.py:161} INFO - Started process (PID=66808) to work on /home/lucky/.local/lib/python3.10/site-packages/airflow/example_dags/plugins/listener_plugin.py
[2024-04-08T01:31:25.481+0530] {processor.py:830} INFO - Processing file /home/lucky/.local/lib/python3.10/site-packages/airflow/example_dags/plugins/listener_plugin.py for tasks to queue
[2024-04-08T01:31:25.482+0530] {logging_mixin.py:188} INFO - [2024-04-08T01:31:25.482+0530] {dagbag.py:538} INFO - Filling up the DagBag from /home/lucky/.local/lib/python3.10/site-packages/airflow/example_dags/plugins/listener_plugin.py
[2024-04-08T01:31:25.485+0530] {processor.py:842} WARNING - No viable dags retrieved from /home/lucky/.local/lib/python3.10/site-packages/airflow/example_dags/plugins/listener_plugin.py
[2024-04-08T01:31:25.497+0530] {processor.py:183} INFO - Processing /home/lucky/.local/lib/python3.10/site-packages/airflow/example_dags/plugins/listener_plugin.py took 0.021 seconds
[2024-04-08T01:32:13.713+0530] {processor.py:161} INFO - Started process (PID=67392) to work on /home/lucky/.local/lib/python3.10/site-packages/airflow/example_dags/plugins/listener_plugin.py
[2024-04-08T01:32:13.715+0530] {processor.py:830} INFO - Processing file /home/lucky/.local/lib/python3.10/site-packages/airflow/example_dags/plugins/listener_plugin.py for tasks to queue
[2024-04-08T01:32:13.716+0530] {logging_mixin.py:188} INFO - [2024-04-08T01:32:13.715+0530] {dagbag.py:538} INFO - Filling up the DagBag from /home/lucky/.local/lib/python3.10/site-packages/airflow/example_dags/plugins/listener_plugin.py
[2024-04-08T01:32:13.718+0530] {processor.py:842} WARNING - No viable dags retrieved from /home/lucky/.local/lib/python3.10/site-packages/airflow/example_dags/plugins/listener_plugin.py
[2024-04-08T01:32:13.734+0530] {processor.py:183} INFO - Processing /home/lucky/.local/lib/python3.10/site-packages/airflow/example_dags/plugins/listener_plugin.py took 0.024 seconds
[2024-04-08T01:33:03.745+0530] {processor.py:161} INFO - Started process (PID=68228) to work on /home/lucky/.local/lib/python3.10/site-packages/airflow/example_dags/plugins/listener_plugin.py
[2024-04-08T01:33:03.746+0530] {processor.py:830} INFO - Processing file /home/lucky/.local/lib/python3.10/site-packages/airflow/example_dags/plugins/listener_plugin.py for tasks to queue
[2024-04-08T01:33:03.747+0530] {logging_mixin.py:188} INFO - [2024-04-08T01:33:03.747+0530] {dagbag.py:538} INFO - Filling up the DagBag from /home/lucky/.local/lib/python3.10/site-packages/airflow/example_dags/plugins/listener_plugin.py
[2024-04-08T01:33:03.749+0530] {processor.py:842} WARNING - No viable dags retrieved from /home/lucky/.local/lib/python3.10/site-packages/airflow/example_dags/plugins/listener_plugin.py
[2024-04-08T01:33:03.759+0530] {processor.py:183} INFO - Processing /home/lucky/.local/lib/python3.10/site-packages/airflow/example_dags/plugins/listener_plugin.py took 0.017 seconds
[2024-04-08T01:33:51.833+0530] {processor.py:161} INFO - Started process (PID=68848) to work on /home/lucky/.local/lib/python3.10/site-packages/airflow/example_dags/plugins/listener_plugin.py
[2024-04-08T01:33:51.835+0530] {processor.py:830} INFO - Processing file /home/lucky/.local/lib/python3.10/site-packages/airflow/example_dags/plugins/listener_plugin.py for tasks to queue
[2024-04-08T01:33:51.837+0530] {logging_mixin.py:188} INFO - [2024-04-08T01:33:51.836+0530] {dagbag.py:538} INFO - Filling up the DagBag from /home/lucky/.local/lib/python3.10/site-packages/airflow/example_dags/plugins/listener_plugin.py
[2024-04-08T01:33:51.843+0530] {processor.py:842} WARNING - No viable dags retrieved from /home/lucky/.local/lib/python3.10/site-packages/airflow/example_dags/plugins/listener_plugin.py
[2024-04-08T01:33:51.860+0530] {processor.py:183} INFO - Processing /home/lucky/.local/lib/python3.10/site-packages/airflow/example_dags/plugins/listener_plugin.py took 0.032 seconds
[2024-04-08T01:34:47.050+0530] {processor.py:161} INFO - Started process (PID=69786) to work on /home/lucky/.local/lib/python3.10/site-packages/airflow/example_dags/plugins/listener_plugin.py
[2024-04-08T01:34:47.052+0530] {processor.py:830} INFO - Processing file /home/lucky/.local/lib/python3.10/site-packages/airflow/example_dags/plugins/listener_plugin.py for tasks to queue
[2024-04-08T01:34:47.053+0530] {logging_mixin.py:188} INFO - [2024-04-08T01:34:47.053+0530] {dagbag.py:538} INFO - Filling up the DagBag from /home/lucky/.local/lib/python3.10/site-packages/airflow/example_dags/plugins/listener_plugin.py
[2024-04-08T01:34:47.060+0530] {processor.py:842} WARNING - No viable dags retrieved from /home/lucky/.local/lib/python3.10/site-packages/airflow/example_dags/plugins/listener_plugin.py
[2024-04-08T01:34:47.076+0530] {processor.py:183} INFO - Processing /home/lucky/.local/lib/python3.10/site-packages/airflow/example_dags/plugins/listener_plugin.py took 0.029 seconds
[2024-04-08T01:37:23.081+0530] {processor.py:161} INFO - Started process (PID=71763) to work on /home/lucky/.local/lib/python3.10/site-packages/airflow/example_dags/plugins/listener_plugin.py
[2024-04-08T01:37:23.084+0530] {processor.py:830} INFO - Processing file /home/lucky/.local/lib/python3.10/site-packages/airflow/example_dags/plugins/listener_plugin.py for tasks to queue
[2024-04-08T01:37:23.085+0530] {logging_mixin.py:188} INFO - [2024-04-08T01:37:23.085+0530] {dagbag.py:538} INFO - Filling up the DagBag from /home/lucky/.local/lib/python3.10/site-packages/airflow/example_dags/plugins/listener_plugin.py
[2024-04-08T01:37:23.095+0530] {processor.py:842} WARNING - No viable dags retrieved from /home/lucky/.local/lib/python3.10/site-packages/airflow/example_dags/plugins/listener_plugin.py
[2024-04-08T01:37:23.117+0530] {processor.py:183} INFO - Processing /home/lucky/.local/lib/python3.10/site-packages/airflow/example_dags/plugins/listener_plugin.py took 0.041 seconds
[2024-04-08T01:39:05.426+0530] {processor.py:161} INFO - Started process (PID=73390) to work on /home/lucky/.local/lib/python3.10/site-packages/airflow/example_dags/plugins/listener_plugin.py
[2024-04-08T01:39:05.428+0530] {processor.py:830} INFO - Processing file /home/lucky/.local/lib/python3.10/site-packages/airflow/example_dags/plugins/listener_plugin.py for tasks to queue
[2024-04-08T01:39:05.430+0530] {logging_mixin.py:188} INFO - [2024-04-08T01:39:05.429+0530] {dagbag.py:538} INFO - Filling up the DagBag from /home/lucky/.local/lib/python3.10/site-packages/airflow/example_dags/plugins/listener_plugin.py
[2024-04-08T01:39:05.435+0530] {processor.py:842} WARNING - No viable dags retrieved from /home/lucky/.local/lib/python3.10/site-packages/airflow/example_dags/plugins/listener_plugin.py
[2024-04-08T01:39:05.452+0530] {processor.py:183} INFO - Processing /home/lucky/.local/lib/python3.10/site-packages/airflow/example_dags/plugins/listener_plugin.py took 0.035 seconds
[2024-04-08T01:40:18.346+0530] {processor.py:161} INFO - Started process (PID=74505) to work on /home/lucky/.local/lib/python3.10/site-packages/airflow/example_dags/plugins/listener_plugin.py
[2024-04-08T01:40:18.347+0530] {processor.py:830} INFO - Processing file /home/lucky/.local/lib/python3.10/site-packages/airflow/example_dags/plugins/listener_plugin.py for tasks to queue
[2024-04-08T01:40:18.348+0530] {logging_mixin.py:188} INFO - [2024-04-08T01:40:18.348+0530] {dagbag.py:538} INFO - Filling up the DagBag from /home/lucky/.local/lib/python3.10/site-packages/airflow/example_dags/plugins/listener_plugin.py
[2024-04-08T01:40:18.351+0530] {processor.py:842} WARNING - No viable dags retrieved from /home/lucky/.local/lib/python3.10/site-packages/airflow/example_dags/plugins/listener_plugin.py
[2024-04-08T01:40:18.363+0530] {processor.py:183} INFO - Processing /home/lucky/.local/lib/python3.10/site-packages/airflow/example_dags/plugins/listener_plugin.py took 0.021 seconds
[2024-04-08T01:41:08.489+0530] {processor.py:161} INFO - Started process (PID=75377) to work on /home/lucky/.local/lib/python3.10/site-packages/airflow/example_dags/plugins/listener_plugin.py
[2024-04-08T01:41:08.490+0530] {processor.py:830} INFO - Processing file /home/lucky/.local/lib/python3.10/site-packages/airflow/example_dags/plugins/listener_plugin.py for tasks to queue
[2024-04-08T01:41:08.491+0530] {logging_mixin.py:188} INFO - [2024-04-08T01:41:08.491+0530] {dagbag.py:538} INFO - Filling up the DagBag from /home/lucky/.local/lib/python3.10/site-packages/airflow/example_dags/plugins/listener_plugin.py
[2024-04-08T01:41:08.493+0530] {processor.py:842} WARNING - No viable dags retrieved from /home/lucky/.local/lib/python3.10/site-packages/airflow/example_dags/plugins/listener_plugin.py
[2024-04-08T01:41:08.503+0530] {processor.py:183} INFO - Processing /home/lucky/.local/lib/python3.10/site-packages/airflow/example_dags/plugins/listener_plugin.py took 0.017 seconds
[2024-04-08T01:42:00.059+0530] {processor.py:161} INFO - Started process (PID=75986) to work on /home/lucky/.local/lib/python3.10/site-packages/airflow/example_dags/plugins/listener_plugin.py
[2024-04-08T01:42:00.060+0530] {processor.py:830} INFO - Processing file /home/lucky/.local/lib/python3.10/site-packages/airflow/example_dags/plugins/listener_plugin.py for tasks to queue
[2024-04-08T01:42:00.061+0530] {logging_mixin.py:188} INFO - [2024-04-08T01:42:00.061+0530] {dagbag.py:538} INFO - Filling up the DagBag from /home/lucky/.local/lib/python3.10/site-packages/airflow/example_dags/plugins/listener_plugin.py
[2024-04-08T01:42:00.064+0530] {processor.py:842} WARNING - No viable dags retrieved from /home/lucky/.local/lib/python3.10/site-packages/airflow/example_dags/plugins/listener_plugin.py
[2024-04-08T01:42:00.074+0530] {processor.py:183} INFO - Processing /home/lucky/.local/lib/python3.10/site-packages/airflow/example_dags/plugins/listener_plugin.py took 0.019 seconds
[2024-04-08T01:42:53.583+0530] {processor.py:161} INFO - Started process (PID=76868) to work on /home/lucky/.local/lib/python3.10/site-packages/airflow/example_dags/plugins/listener_plugin.py
[2024-04-08T01:42:53.597+0530] {processor.py:830} INFO - Processing file /home/lucky/.local/lib/python3.10/site-packages/airflow/example_dags/plugins/listener_plugin.py for tasks to queue
[2024-04-08T01:42:53.599+0530] {logging_mixin.py:188} INFO - [2024-04-08T01:42:53.598+0530] {dagbag.py:538} INFO - Filling up the DagBag from /home/lucky/.local/lib/python3.10/site-packages/airflow/example_dags/plugins/listener_plugin.py
[2024-04-08T01:42:53.601+0530] {processor.py:842} WARNING - No viable dags retrieved from /home/lucky/.local/lib/python3.10/site-packages/airflow/example_dags/plugins/listener_plugin.py
[2024-04-08T01:42:53.611+0530] {processor.py:183} INFO - Processing /home/lucky/.local/lib/python3.10/site-packages/airflow/example_dags/plugins/listener_plugin.py took 0.031 seconds
[2024-04-08T01:43:46.132+0530] {processor.py:161} INFO - Started process (PID=77526) to work on /home/lucky/.local/lib/python3.10/site-packages/airflow/example_dags/plugins/listener_plugin.py
[2024-04-08T01:43:46.135+0530] {processor.py:830} INFO - Processing file /home/lucky/.local/lib/python3.10/site-packages/airflow/example_dags/plugins/listener_plugin.py for tasks to queue
[2024-04-08T01:43:46.137+0530] {logging_mixin.py:188} INFO - [2024-04-08T01:43:46.136+0530] {dagbag.py:538} INFO - Filling up the DagBag from /home/lucky/.local/lib/python3.10/site-packages/airflow/example_dags/plugins/listener_plugin.py
[2024-04-08T01:43:46.141+0530] {processor.py:842} WARNING - No viable dags retrieved from /home/lucky/.local/lib/python3.10/site-packages/airflow/example_dags/plugins/listener_plugin.py
[2024-04-08T01:43:46.158+0530] {processor.py:183} INFO - Processing /home/lucky/.local/lib/python3.10/site-packages/airflow/example_dags/plugins/listener_plugin.py took 0.031 seconds
[2024-04-08T01:48:02.988+0530] {processor.py:161} INFO - Started process (PID=81568) to work on /home/lucky/.local/lib/python3.10/site-packages/airflow/example_dags/plugins/listener_plugin.py
[2024-04-08T01:48:02.989+0530] {processor.py:830} INFO - Processing file /home/lucky/.local/lib/python3.10/site-packages/airflow/example_dags/plugins/listener_plugin.py for tasks to queue
[2024-04-08T01:48:02.991+0530] {logging_mixin.py:188} INFO - [2024-04-08T01:48:02.990+0530] {dagbag.py:538} INFO - Filling up the DagBag from /home/lucky/.local/lib/python3.10/site-packages/airflow/example_dags/plugins/listener_plugin.py
[2024-04-08T01:48:02.994+0530] {processor.py:842} WARNING - No viable dags retrieved from /home/lucky/.local/lib/python3.10/site-packages/airflow/example_dags/plugins/listener_plugin.py
[2024-04-08T01:48:03.006+0530] {processor.py:183} INFO - Processing /home/lucky/.local/lib/python3.10/site-packages/airflow/example_dags/plugins/listener_plugin.py took 0.021 seconds
[2024-04-08T01:48:59.207+0530] {processor.py:161} INFO - Started process (PID=82515) to work on /home/lucky/.local/lib/python3.10/site-packages/airflow/example_dags/plugins/listener_plugin.py
[2024-04-08T01:48:59.208+0530] {processor.py:830} INFO - Processing file /home/lucky/.local/lib/python3.10/site-packages/airflow/example_dags/plugins/listener_plugin.py for tasks to queue
[2024-04-08T01:48:59.210+0530] {logging_mixin.py:188} INFO - [2024-04-08T01:48:59.209+0530] {dagbag.py:538} INFO - Filling up the DagBag from /home/lucky/.local/lib/python3.10/site-packages/airflow/example_dags/plugins/listener_plugin.py
[2024-04-08T01:48:59.213+0530] {processor.py:842} WARNING - No viable dags retrieved from /home/lucky/.local/lib/python3.10/site-packages/airflow/example_dags/plugins/listener_plugin.py
[2024-04-08T01:48:59.226+0530] {processor.py:183} INFO - Processing /home/lucky/.local/lib/python3.10/site-packages/airflow/example_dags/plugins/listener_plugin.py took 0.022 seconds
[2024-04-08T01:49:55.900+0530] {processor.py:161} INFO - Started process (PID=83460) to work on /home/lucky/.local/lib/python3.10/site-packages/airflow/example_dags/plugins/listener_plugin.py
[2024-04-08T01:49:55.902+0530] {processor.py:830} INFO - Processing file /home/lucky/.local/lib/python3.10/site-packages/airflow/example_dags/plugins/listener_plugin.py for tasks to queue
[2024-04-08T01:49:55.903+0530] {logging_mixin.py:188} INFO - [2024-04-08T01:49:55.903+0530] {dagbag.py:538} INFO - Filling up the DagBag from /home/lucky/.local/lib/python3.10/site-packages/airflow/example_dags/plugins/listener_plugin.py
[2024-04-08T01:49:55.908+0530] {processor.py:842} WARNING - No viable dags retrieved from /home/lucky/.local/lib/python3.10/site-packages/airflow/example_dags/plugins/listener_plugin.py
[2024-04-08T01:49:55.925+0530] {processor.py:183} INFO - Processing /home/lucky/.local/lib/python3.10/site-packages/airflow/example_dags/plugins/listener_plugin.py took 0.029 seconds
[2024-04-08T01:50:51.897+0530] {processor.py:161} INFO - Started process (PID=84104) to work on /home/lucky/.local/lib/python3.10/site-packages/airflow/example_dags/plugins/listener_plugin.py
[2024-04-08T01:50:51.898+0530] {processor.py:830} INFO - Processing file /home/lucky/.local/lib/python3.10/site-packages/airflow/example_dags/plugins/listener_plugin.py for tasks to queue
[2024-04-08T01:50:51.899+0530] {logging_mixin.py:188} INFO - [2024-04-08T01:50:51.899+0530] {dagbag.py:538} INFO - Filling up the DagBag from /home/lucky/.local/lib/python3.10/site-packages/airflow/example_dags/plugins/listener_plugin.py
[2024-04-08T01:50:51.902+0530] {processor.py:842} WARNING - No viable dags retrieved from /home/lucky/.local/lib/python3.10/site-packages/airflow/example_dags/plugins/listener_plugin.py
[2024-04-08T01:50:51.912+0530] {processor.py:183} INFO - Processing /home/lucky/.local/lib/python3.10/site-packages/airflow/example_dags/plugins/listener_plugin.py took 0.019 seconds
[2024-04-08T01:52:16.989+0530] {processor.py:161} INFO - Started process (PID=85381) to work on /home/lucky/.local/lib/python3.10/site-packages/airflow/example_dags/plugins/listener_plugin.py
[2024-04-08T01:52:16.991+0530] {processor.py:830} INFO - Processing file /home/lucky/.local/lib/python3.10/site-packages/airflow/example_dags/plugins/listener_plugin.py for tasks to queue
[2024-04-08T01:52:16.993+0530] {logging_mixin.py:188} INFO - [2024-04-08T01:52:16.992+0530] {dagbag.py:538} INFO - Filling up the DagBag from /home/lucky/.local/lib/python3.10/site-packages/airflow/example_dags/plugins/listener_plugin.py
[2024-04-08T01:52:16.998+0530] {processor.py:842} WARNING - No viable dags retrieved from /home/lucky/.local/lib/python3.10/site-packages/airflow/example_dags/plugins/listener_plugin.py
[2024-04-08T01:52:17.020+0530] {processor.py:183} INFO - Processing /home/lucky/.local/lib/python3.10/site-packages/airflow/example_dags/plugins/listener_plugin.py took 0.034 seconds
[2024-04-08T01:53:09.819+0530] {processor.py:161} INFO - Started process (PID=86273) to work on /home/lucky/.local/lib/python3.10/site-packages/airflow/example_dags/plugins/listener_plugin.py
[2024-04-08T01:53:09.820+0530] {processor.py:830} INFO - Processing file /home/lucky/.local/lib/python3.10/site-packages/airflow/example_dags/plugins/listener_plugin.py for tasks to queue
[2024-04-08T01:53:09.822+0530] {logging_mixin.py:188} INFO - [2024-04-08T01:53:09.822+0530] {dagbag.py:538} INFO - Filling up the DagBag from /home/lucky/.local/lib/python3.10/site-packages/airflow/example_dags/plugins/listener_plugin.py
[2024-04-08T01:53:09.825+0530] {processor.py:842} WARNING - No viable dags retrieved from /home/lucky/.local/lib/python3.10/site-packages/airflow/example_dags/plugins/listener_plugin.py
[2024-04-08T01:53:09.835+0530] {processor.py:183} INFO - Processing /home/lucky/.local/lib/python3.10/site-packages/airflow/example_dags/plugins/listener_plugin.py took 0.021 seconds
[2024-04-08T01:53:58.303+0530] {processor.py:161} INFO - Started process (PID=86900) to work on /home/lucky/.local/lib/python3.10/site-packages/airflow/example_dags/plugins/listener_plugin.py
[2024-04-08T01:53:58.305+0530] {processor.py:830} INFO - Processing file /home/lucky/.local/lib/python3.10/site-packages/airflow/example_dags/plugins/listener_plugin.py for tasks to queue
[2024-04-08T01:53:58.306+0530] {logging_mixin.py:188} INFO - [2024-04-08T01:53:58.306+0530] {dagbag.py:538} INFO - Filling up the DagBag from /home/lucky/.local/lib/python3.10/site-packages/airflow/example_dags/plugins/listener_plugin.py
[2024-04-08T01:53:58.309+0530] {processor.py:842} WARNING - No viable dags retrieved from /home/lucky/.local/lib/python3.10/site-packages/airflow/example_dags/plugins/listener_plugin.py
[2024-04-08T01:53:58.321+0530] {processor.py:183} INFO - Processing /home/lucky/.local/lib/python3.10/site-packages/airflow/example_dags/plugins/listener_plugin.py took 0.021 seconds
[2024-04-08T01:54:41.620+0530] {processor.py:161} INFO - Started process (PID=87661) to work on /home/lucky/.local/lib/python3.10/site-packages/airflow/example_dags/plugins/listener_plugin.py
[2024-04-08T01:54:41.622+0530] {processor.py:830} INFO - Processing file /home/lucky/.local/lib/python3.10/site-packages/airflow/example_dags/plugins/listener_plugin.py for tasks to queue
[2024-04-08T01:54:41.623+0530] {logging_mixin.py:188} INFO - [2024-04-08T01:54:41.623+0530] {dagbag.py:538} INFO - Filling up the DagBag from /home/lucky/.local/lib/python3.10/site-packages/airflow/example_dags/plugins/listener_plugin.py
[2024-04-08T01:54:41.626+0530] {processor.py:842} WARNING - No viable dags retrieved from /home/lucky/.local/lib/python3.10/site-packages/airflow/example_dags/plugins/listener_plugin.py
[2024-04-08T01:54:41.638+0530] {processor.py:183} INFO - Processing /home/lucky/.local/lib/python3.10/site-packages/airflow/example_dags/plugins/listener_plugin.py took 0.020 seconds
[2024-04-08T01:55:29.273+0530] {processor.py:161} INFO - Started process (PID=88270) to work on /home/lucky/.local/lib/python3.10/site-packages/airflow/example_dags/plugins/listener_plugin.py
[2024-04-08T01:55:29.275+0530] {processor.py:830} INFO - Processing file /home/lucky/.local/lib/python3.10/site-packages/airflow/example_dags/plugins/listener_plugin.py for tasks to queue
[2024-04-08T01:55:29.277+0530] {logging_mixin.py:188} INFO - [2024-04-08T01:55:29.276+0530] {dagbag.py:538} INFO - Filling up the DagBag from /home/lucky/.local/lib/python3.10/site-packages/airflow/example_dags/plugins/listener_plugin.py
[2024-04-08T01:55:29.281+0530] {processor.py:842} WARNING - No viable dags retrieved from /home/lucky/.local/lib/python3.10/site-packages/airflow/example_dags/plugins/listener_plugin.py
[2024-04-08T01:55:29.301+0530] {processor.py:183} INFO - Processing /home/lucky/.local/lib/python3.10/site-packages/airflow/example_dags/plugins/listener_plugin.py took 0.032 seconds
[2024-04-08T01:56:34.044+0530] {processor.py:161} INFO - Started process (PID=89311) to work on /home/lucky/.local/lib/python3.10/site-packages/airflow/example_dags/plugins/listener_plugin.py
[2024-04-08T01:56:34.045+0530] {processor.py:830} INFO - Processing file /home/lucky/.local/lib/python3.10/site-packages/airflow/example_dags/plugins/listener_plugin.py for tasks to queue
[2024-04-08T01:56:34.046+0530] {logging_mixin.py:188} INFO - [2024-04-08T01:56:34.046+0530] {dagbag.py:538} INFO - Filling up the DagBag from /home/lucky/.local/lib/python3.10/site-packages/airflow/example_dags/plugins/listener_plugin.py
[2024-04-08T01:56:34.049+0530] {processor.py:842} WARNING - No viable dags retrieved from /home/lucky/.local/lib/python3.10/site-packages/airflow/example_dags/plugins/listener_plugin.py
[2024-04-08T01:56:34.058+0530] {processor.py:183} INFO - Processing /home/lucky/.local/lib/python3.10/site-packages/airflow/example_dags/plugins/listener_plugin.py took 0.017 seconds
[2024-04-08T01:57:25.317+0530] {processor.py:161} INFO - Started process (PID=90195) to work on /home/lucky/.local/lib/python3.10/site-packages/airflow/example_dags/plugins/listener_plugin.py
[2024-04-08T01:57:25.318+0530] {processor.py:830} INFO - Processing file /home/lucky/.local/lib/python3.10/site-packages/airflow/example_dags/plugins/listener_plugin.py for tasks to queue
[2024-04-08T01:57:25.319+0530] {logging_mixin.py:188} INFO - [2024-04-08T01:57:25.319+0530] {dagbag.py:538} INFO - Filling up the DagBag from /home/lucky/.local/lib/python3.10/site-packages/airflow/example_dags/plugins/listener_plugin.py
[2024-04-08T01:57:25.321+0530] {processor.py:842} WARNING - No viable dags retrieved from /home/lucky/.local/lib/python3.10/site-packages/airflow/example_dags/plugins/listener_plugin.py
[2024-04-08T01:57:25.330+0530] {processor.py:183} INFO - Processing /home/lucky/.local/lib/python3.10/site-packages/airflow/example_dags/plugins/listener_plugin.py took 0.017 seconds
[2024-04-08T01:58:17.186+0530] {processor.py:161} INFO - Started process (PID=90797) to work on /home/lucky/.local/lib/python3.10/site-packages/airflow/example_dags/plugins/listener_plugin.py
[2024-04-08T01:58:17.188+0530] {processor.py:830} INFO - Processing file /home/lucky/.local/lib/python3.10/site-packages/airflow/example_dags/plugins/listener_plugin.py for tasks to queue
[2024-04-08T01:58:17.189+0530] {logging_mixin.py:188} INFO - [2024-04-08T01:58:17.188+0530] {dagbag.py:538} INFO - Filling up the DagBag from /home/lucky/.local/lib/python3.10/site-packages/airflow/example_dags/plugins/listener_plugin.py
[2024-04-08T01:58:17.191+0530] {processor.py:842} WARNING - No viable dags retrieved from /home/lucky/.local/lib/python3.10/site-packages/airflow/example_dags/plugins/listener_plugin.py
[2024-04-08T01:58:17.202+0530] {processor.py:183} INFO - Processing /home/lucky/.local/lib/python3.10/site-packages/airflow/example_dags/plugins/listener_plugin.py took 0.019 seconds
[2024-04-08T01:59:07.715+0530] {processor.py:161} INFO - Started process (PID=91653) to work on /home/lucky/.local/lib/python3.10/site-packages/airflow/example_dags/plugins/listener_plugin.py
[2024-04-08T01:59:07.717+0530] {processor.py:830} INFO - Processing file /home/lucky/.local/lib/python3.10/site-packages/airflow/example_dags/plugins/listener_plugin.py for tasks to queue
[2024-04-08T01:59:07.717+0530] {logging_mixin.py:188} INFO - [2024-04-08T01:59:07.717+0530] {dagbag.py:538} INFO - Filling up the DagBag from /home/lucky/.local/lib/python3.10/site-packages/airflow/example_dags/plugins/listener_plugin.py
[2024-04-08T01:59:07.720+0530] {processor.py:842} WARNING - No viable dags retrieved from /home/lucky/.local/lib/python3.10/site-packages/airflow/example_dags/plugins/listener_plugin.py
[2024-04-08T01:59:07.730+0530] {processor.py:183} INFO - Processing /home/lucky/.local/lib/python3.10/site-packages/airflow/example_dags/plugins/listener_plugin.py took 0.018 seconds
[2024-04-08T01:59:57.631+0530] {processor.py:161} INFO - Started process (PID=92282) to work on /home/lucky/.local/lib/python3.10/site-packages/airflow/example_dags/plugins/listener_plugin.py
[2024-04-08T01:59:57.633+0530] {processor.py:830} INFO - Processing file /home/lucky/.local/lib/python3.10/site-packages/airflow/example_dags/plugins/listener_plugin.py for tasks to queue
[2024-04-08T01:59:57.634+0530] {logging_mixin.py:188} INFO - [2024-04-08T01:59:57.634+0530] {dagbag.py:538} INFO - Filling up the DagBag from /home/lucky/.local/lib/python3.10/site-packages/airflow/example_dags/plugins/listener_plugin.py
[2024-04-08T01:59:57.637+0530] {processor.py:842} WARNING - No viable dags retrieved from /home/lucky/.local/lib/python3.10/site-packages/airflow/example_dags/plugins/listener_plugin.py
[2024-04-08T01:59:57.650+0530] {processor.py:183} INFO - Processing /home/lucky/.local/lib/python3.10/site-packages/airflow/example_dags/plugins/listener_plugin.py took 0.021 seconds
[2024-04-08T02:00:45.299+0530] {processor.py:161} INFO - Started process (PID=93105) to work on /home/lucky/.local/lib/python3.10/site-packages/airflow/example_dags/plugins/listener_plugin.py
[2024-04-08T02:00:45.302+0530] {processor.py:830} INFO - Processing file /home/lucky/.local/lib/python3.10/site-packages/airflow/example_dags/plugins/listener_plugin.py for tasks to queue
[2024-04-08T02:00:45.303+0530] {logging_mixin.py:188} INFO - [2024-04-08T02:00:45.302+0530] {dagbag.py:538} INFO - Filling up the DagBag from /home/lucky/.local/lib/python3.10/site-packages/airflow/example_dags/plugins/listener_plugin.py
[2024-04-08T02:00:45.306+0530] {processor.py:842} WARNING - No viable dags retrieved from /home/lucky/.local/lib/python3.10/site-packages/airflow/example_dags/plugins/listener_plugin.py
[2024-04-08T02:00:45.321+0530] {processor.py:183} INFO - Processing /home/lucky/.local/lib/python3.10/site-packages/airflow/example_dags/plugins/listener_plugin.py took 0.027 seconds
[2024-04-08T02:01:36.523+0530] {processor.py:161} INFO - Started process (PID=93898) to work on /home/lucky/.local/lib/python3.10/site-packages/airflow/example_dags/plugins/listener_plugin.py
[2024-04-08T02:01:36.525+0530] {processor.py:830} INFO - Processing file /home/lucky/.local/lib/python3.10/site-packages/airflow/example_dags/plugins/listener_plugin.py for tasks to queue
[2024-04-08T02:01:36.526+0530] {logging_mixin.py:188} INFO - [2024-04-08T02:01:36.526+0530] {dagbag.py:538} INFO - Filling up the DagBag from /home/lucky/.local/lib/python3.10/site-packages/airflow/example_dags/plugins/listener_plugin.py
[2024-04-08T02:01:36.528+0530] {processor.py:842} WARNING - No viable dags retrieved from /home/lucky/.local/lib/python3.10/site-packages/airflow/example_dags/plugins/listener_plugin.py
[2024-04-08T02:01:36.539+0530] {processor.py:183} INFO - Processing /home/lucky/.local/lib/python3.10/site-packages/airflow/example_dags/plugins/listener_plugin.py took 0.019 seconds
[2024-04-08T02:02:25.957+0530] {processor.py:161} INFO - Started process (PID=94575) to work on /home/lucky/.local/lib/python3.10/site-packages/airflow/example_dags/plugins/listener_plugin.py
[2024-04-08T02:02:25.961+0530] {processor.py:830} INFO - Processing file /home/lucky/.local/lib/python3.10/site-packages/airflow/example_dags/plugins/listener_plugin.py for tasks to queue
[2024-04-08T02:02:25.964+0530] {logging_mixin.py:188} INFO - [2024-04-08T02:02:25.962+0530] {dagbag.py:538} INFO - Filling up the DagBag from /home/lucky/.local/lib/python3.10/site-packages/airflow/example_dags/plugins/listener_plugin.py
[2024-04-08T02:02:25.970+0530] {processor.py:842} WARNING - No viable dags retrieved from /home/lucky/.local/lib/python3.10/site-packages/airflow/example_dags/plugins/listener_plugin.py
[2024-04-08T02:02:25.995+0530] {processor.py:183} INFO - Processing /home/lucky/.local/lib/python3.10/site-packages/airflow/example_dags/plugins/listener_plugin.py took 0.043 seconds
[2024-04-08T02:03:14.909+0530] {processor.py:161} INFO - Started process (PID=95435) to work on /home/lucky/.local/lib/python3.10/site-packages/airflow/example_dags/plugins/listener_plugin.py
[2024-04-08T02:03:14.911+0530] {processor.py:830} INFO - Processing file /home/lucky/.local/lib/python3.10/site-packages/airflow/example_dags/plugins/listener_plugin.py for tasks to queue
[2024-04-08T02:03:14.913+0530] {logging_mixin.py:188} INFO - [2024-04-08T02:03:14.912+0530] {dagbag.py:538} INFO - Filling up the DagBag from /home/lucky/.local/lib/python3.10/site-packages/airflow/example_dags/plugins/listener_plugin.py
[2024-04-08T02:03:14.928+0530] {processor.py:842} WARNING - No viable dags retrieved from /home/lucky/.local/lib/python3.10/site-packages/airflow/example_dags/plugins/listener_plugin.py
[2024-04-08T02:03:14.966+0530] {processor.py:183} INFO - Processing /home/lucky/.local/lib/python3.10/site-packages/airflow/example_dags/plugins/listener_plugin.py took 0.072 seconds
[2024-04-08T02:04:05.443+0530] {processor.py:161} INFO - Started process (PID=96068) to work on /home/lucky/.local/lib/python3.10/site-packages/airflow/example_dags/plugins/listener_plugin.py
[2024-04-08T02:04:05.446+0530] {processor.py:830} INFO - Processing file /home/lucky/.local/lib/python3.10/site-packages/airflow/example_dags/plugins/listener_plugin.py for tasks to queue
[2024-04-08T02:04:05.447+0530] {logging_mixin.py:188} INFO - [2024-04-08T02:04:05.447+0530] {dagbag.py:538} INFO - Filling up the DagBag from /home/lucky/.local/lib/python3.10/site-packages/airflow/example_dags/plugins/listener_plugin.py
[2024-04-08T02:04:05.451+0530] {processor.py:842} WARNING - No viable dags retrieved from /home/lucky/.local/lib/python3.10/site-packages/airflow/example_dags/plugins/listener_plugin.py
[2024-04-08T02:04:05.469+0530] {processor.py:183} INFO - Processing /home/lucky/.local/lib/python3.10/site-packages/airflow/example_dags/plugins/listener_plugin.py took 0.032 seconds
[2024-04-08T02:05:01.602+0530] {processor.py:161} INFO - Started process (PID=97008) to work on /home/lucky/.local/lib/python3.10/site-packages/airflow/example_dags/plugins/listener_plugin.py
[2024-04-08T02:05:01.603+0530] {processor.py:830} INFO - Processing file /home/lucky/.local/lib/python3.10/site-packages/airflow/example_dags/plugins/listener_plugin.py for tasks to queue
[2024-04-08T02:05:01.604+0530] {logging_mixin.py:188} INFO - [2024-04-08T02:05:01.604+0530] {dagbag.py:538} INFO - Filling up the DagBag from /home/lucky/.local/lib/python3.10/site-packages/airflow/example_dags/plugins/listener_plugin.py
[2024-04-08T02:05:01.606+0530] {processor.py:842} WARNING - No viable dags retrieved from /home/lucky/.local/lib/python3.10/site-packages/airflow/example_dags/plugins/listener_plugin.py
[2024-04-08T02:05:01.616+0530] {processor.py:183} INFO - Processing /home/lucky/.local/lib/python3.10/site-packages/airflow/example_dags/plugins/listener_plugin.py took 0.017 seconds
[2024-04-08T02:05:52.288+0530] {processor.py:161} INFO - Started process (PID=97787) to work on /home/lucky/.local/lib/python3.10/site-packages/airflow/example_dags/plugins/listener_plugin.py
[2024-04-08T02:05:52.290+0530] {processor.py:830} INFO - Processing file /home/lucky/.local/lib/python3.10/site-packages/airflow/example_dags/plugins/listener_plugin.py for tasks to queue
[2024-04-08T02:05:52.291+0530] {logging_mixin.py:188} INFO - [2024-04-08T02:05:52.290+0530] {dagbag.py:538} INFO - Filling up the DagBag from /home/lucky/.local/lib/python3.10/site-packages/airflow/example_dags/plugins/listener_plugin.py
[2024-04-08T02:05:52.294+0530] {processor.py:842} WARNING - No viable dags retrieved from /home/lucky/.local/lib/python3.10/site-packages/airflow/example_dags/plugins/listener_plugin.py
[2024-04-08T02:05:52.305+0530] {processor.py:183} INFO - Processing /home/lucky/.local/lib/python3.10/site-packages/airflow/example_dags/plugins/listener_plugin.py took 0.021 seconds
[2024-04-08T02:06:44.984+0530] {processor.py:161} INFO - Started process (PID=98495) to work on /home/lucky/.local/lib/python3.10/site-packages/airflow/example_dags/plugins/listener_plugin.py
[2024-04-08T02:06:44.996+0530] {processor.py:830} INFO - Processing file /home/lucky/.local/lib/python3.10/site-packages/airflow/example_dags/plugins/listener_plugin.py for tasks to queue
[2024-04-08T02:06:44.997+0530] {logging_mixin.py:188} INFO - [2024-04-08T02:06:44.997+0530] {dagbag.py:538} INFO - Filling up the DagBag from /home/lucky/.local/lib/python3.10/site-packages/airflow/example_dags/plugins/listener_plugin.py
[2024-04-08T02:06:45.000+0530] {processor.py:842} WARNING - No viable dags retrieved from /home/lucky/.local/lib/python3.10/site-packages/airflow/example_dags/plugins/listener_plugin.py
[2024-04-08T02:06:45.011+0530] {processor.py:183} INFO - Processing /home/lucky/.local/lib/python3.10/site-packages/airflow/example_dags/plugins/listener_plugin.py took 0.029 seconds
[2024-04-08T02:07:38.226+0530] {processor.py:161} INFO - Started process (PID=99406) to work on /home/lucky/.local/lib/python3.10/site-packages/airflow/example_dags/plugins/listener_plugin.py
[2024-04-08T02:07:38.227+0530] {processor.py:830} INFO - Processing file /home/lucky/.local/lib/python3.10/site-packages/airflow/example_dags/plugins/listener_plugin.py for tasks to queue
[2024-04-08T02:07:38.228+0530] {logging_mixin.py:188} INFO - [2024-04-08T02:07:38.228+0530] {dagbag.py:538} INFO - Filling up the DagBag from /home/lucky/.local/lib/python3.10/site-packages/airflow/example_dags/plugins/listener_plugin.py
[2024-04-08T02:07:38.231+0530] {processor.py:842} WARNING - No viable dags retrieved from /home/lucky/.local/lib/python3.10/site-packages/airflow/example_dags/plugins/listener_plugin.py
[2024-04-08T02:07:38.242+0530] {processor.py:183} INFO - Processing /home/lucky/.local/lib/python3.10/site-packages/airflow/example_dags/plugins/listener_plugin.py took 0.019 seconds
[2024-04-08T02:08:36.095+0530] {processor.py:161} INFO - Started process (PID=100117) to work on /home/lucky/.local/lib/python3.10/site-packages/airflow/example_dags/plugins/listener_plugin.py
[2024-04-08T02:08:36.097+0530] {processor.py:830} INFO - Processing file /home/lucky/.local/lib/python3.10/site-packages/airflow/example_dags/plugins/listener_plugin.py for tasks to queue
[2024-04-08T02:08:36.098+0530] {logging_mixin.py:188} INFO - [2024-04-08T02:08:36.098+0530] {dagbag.py:538} INFO - Filling up the DagBag from /home/lucky/.local/lib/python3.10/site-packages/airflow/example_dags/plugins/listener_plugin.py
[2024-04-08T02:08:36.101+0530] {processor.py:842} WARNING - No viable dags retrieved from /home/lucky/.local/lib/python3.10/site-packages/airflow/example_dags/plugins/listener_plugin.py
[2024-04-08T02:08:36.112+0530] {processor.py:183} INFO - Processing /home/lucky/.local/lib/python3.10/site-packages/airflow/example_dags/plugins/listener_plugin.py took 0.020 seconds
[2024-04-08T02:09:32.285+0530] {processor.py:161} INFO - Started process (PID=101614) to work on /home/lucky/.local/lib/python3.10/site-packages/airflow/example_dags/plugins/listener_plugin.py
[2024-04-08T02:09:32.287+0530] {processor.py:830} INFO - Processing file /home/lucky/.local/lib/python3.10/site-packages/airflow/example_dags/plugins/listener_plugin.py for tasks to queue
[2024-04-08T02:09:32.289+0530] {logging_mixin.py:188} INFO - [2024-04-08T02:09:32.288+0530] {dagbag.py:538} INFO - Filling up the DagBag from /home/lucky/.local/lib/python3.10/site-packages/airflow/example_dags/plugins/listener_plugin.py
[2024-04-08T02:09:32.293+0530] {processor.py:842} WARNING - No viable dags retrieved from /home/lucky/.local/lib/python3.10/site-packages/airflow/example_dags/plugins/listener_plugin.py
[2024-04-08T02:09:32.312+0530] {processor.py:183} INFO - Processing /home/lucky/.local/lib/python3.10/site-packages/airflow/example_dags/plugins/listener_plugin.py took 0.032 seconds
[2024-04-08T02:10:23.734+0530] {processor.py:161} INFO - Started process (PID=103500) to work on /home/lucky/.local/lib/python3.10/site-packages/airflow/example_dags/plugins/listener_plugin.py
[2024-04-08T02:10:23.736+0530] {processor.py:830} INFO - Processing file /home/lucky/.local/lib/python3.10/site-packages/airflow/example_dags/plugins/listener_plugin.py for tasks to queue
[2024-04-08T02:10:23.738+0530] {logging_mixin.py:188} INFO - [2024-04-08T02:10:23.737+0530] {dagbag.py:538} INFO - Filling up the DagBag from /home/lucky/.local/lib/python3.10/site-packages/airflow/example_dags/plugins/listener_plugin.py
[2024-04-08T02:10:23.749+0530] {processor.py:842} WARNING - No viable dags retrieved from /home/lucky/.local/lib/python3.10/site-packages/airflow/example_dags/plugins/listener_plugin.py
[2024-04-08T02:10:23.770+0530] {processor.py:183} INFO - Processing /home/lucky/.local/lib/python3.10/site-packages/airflow/example_dags/plugins/listener_plugin.py took 0.041 seconds
