[2024-04-08T00:26:48.374+0530] {processor.py:161} INFO - Started process (PID=7857) to work on /home/lucky/.local/lib/python3.10/site-packages/airflow/example_dags/plugins/workday.py
[2024-04-08T00:26:48.376+0530] {processor.py:830} INFO - Processing file /home/lucky/.local/lib/python3.10/site-packages/airflow/example_dags/plugins/workday.py for tasks to queue
[2024-04-08T00:26:48.378+0530] {logging_mixin.py:188} INFO - [2024-04-08T00:26:48.377+0530] {dagbag.py:538} INFO - Filling up the DagBag from /home/lucky/.local/lib/python3.10/site-packages/airflow/example_dags/plugins/workday.py
[2024-04-08T00:26:49.288+0530] {processor.py:842} WARNING - No viable dags retrieved from /home/lucky/.local/lib/python3.10/site-packages/airflow/example_dags/plugins/workday.py
[2024-04-08T00:26:49.317+0530] {processor.py:183} INFO - Processing /home/lucky/.local/lib/python3.10/site-packages/airflow/example_dags/plugins/workday.py took 0.946 seconds
[2024-04-08T00:27:51.323+0530] {processor.py:161} INFO - Started process (PID=8585) to work on /home/lucky/.local/lib/python3.10/site-packages/airflow/example_dags/plugins/workday.py
[2024-04-08T00:27:51.325+0530] {processor.py:830} INFO - Processing file /home/lucky/.local/lib/python3.10/site-packages/airflow/example_dags/plugins/workday.py for tasks to queue
[2024-04-08T00:27:51.326+0530] {logging_mixin.py:188} INFO - [2024-04-08T00:27:51.326+0530] {dagbag.py:538} INFO - Filling up the DagBag from /home/lucky/.local/lib/python3.10/site-packages/airflow/example_dags/plugins/workday.py
[2024-04-08T00:27:52.060+0530] {processor.py:842} WARNING - No viable dags retrieved from /home/lucky/.local/lib/python3.10/site-packages/airflow/example_dags/plugins/workday.py
[2024-04-08T00:27:52.069+0530] {processor.py:183} INFO - Processing /home/lucky/.local/lib/python3.10/site-packages/airflow/example_dags/plugins/workday.py took 0.752 seconds
[2024-04-08T00:28:57.132+0530] {processor.py:161} INFO - Started process (PID=9618) to work on /home/lucky/.local/lib/python3.10/site-packages/airflow/example_dags/plugins/workday.py
[2024-04-08T00:28:57.145+0530] {processor.py:830} INFO - Processing file /home/lucky/.local/lib/python3.10/site-packages/airflow/example_dags/plugins/workday.py for tasks to queue
[2024-04-08T00:28:57.147+0530] {logging_mixin.py:188} INFO - [2024-04-08T00:28:57.146+0530] {dagbag.py:538} INFO - Filling up the DagBag from /home/lucky/.local/lib/python3.10/site-packages/airflow/example_dags/plugins/workday.py
[2024-04-08T00:28:57.928+0530] {processor.py:842} WARNING - No viable dags retrieved from /home/lucky/.local/lib/python3.10/site-packages/airflow/example_dags/plugins/workday.py
[2024-04-08T00:28:57.940+0530] {processor.py:183} INFO - Processing /home/lucky/.local/lib/python3.10/site-packages/airflow/example_dags/plugins/workday.py took 0.814 seconds
[2024-04-08T00:30:04.045+0530] {processor.py:161} INFO - Started process (PID=10806) to work on /home/lucky/.local/lib/python3.10/site-packages/airflow/example_dags/plugins/workday.py
[2024-04-08T00:30:04.047+0530] {processor.py:830} INFO - Processing file /home/lucky/.local/lib/python3.10/site-packages/airflow/example_dags/plugins/workday.py for tasks to queue
[2024-04-08T00:30:04.050+0530] {logging_mixin.py:188} INFO - [2024-04-08T00:30:04.049+0530] {dagbag.py:538} INFO - Filling up the DagBag from /home/lucky/.local/lib/python3.10/site-packages/airflow/example_dags/plugins/workday.py
[2024-04-08T00:30:04.925+0530] {processor.py:842} WARNING - No viable dags retrieved from /home/lucky/.local/lib/python3.10/site-packages/airflow/example_dags/plugins/workday.py
[2024-04-08T00:30:04.942+0530] {processor.py:183} INFO - Processing /home/lucky/.local/lib/python3.10/site-packages/airflow/example_dags/plugins/workday.py took 0.903 seconds
[2024-04-08T00:31:06.185+0530] {processor.py:161} INFO - Started process (PID=11542) to work on /home/lucky/.local/lib/python3.10/site-packages/airflow/example_dags/plugins/workday.py
[2024-04-08T00:31:06.187+0530] {processor.py:830} INFO - Processing file /home/lucky/.local/lib/python3.10/site-packages/airflow/example_dags/plugins/workday.py for tasks to queue
[2024-04-08T00:31:06.189+0530] {logging_mixin.py:188} INFO - [2024-04-08T00:31:06.188+0530] {dagbag.py:538} INFO - Filling up the DagBag from /home/lucky/.local/lib/python3.10/site-packages/airflow/example_dags/plugins/workday.py
[2024-04-08T00:31:07.144+0530] {processor.py:842} WARNING - No viable dags retrieved from /home/lucky/.local/lib/python3.10/site-packages/airflow/example_dags/plugins/workday.py
[2024-04-08T00:31:07.154+0530] {processor.py:183} INFO - Processing /home/lucky/.local/lib/python3.10/site-packages/airflow/example_dags/plugins/workday.py took 0.974 seconds
[2024-04-08T00:32:14.254+0530] {processor.py:161} INFO - Started process (PID=12681) to work on /home/lucky/.local/lib/python3.10/site-packages/airflow/example_dags/plugins/workday.py
[2024-04-08T00:32:14.256+0530] {processor.py:830} INFO - Processing file /home/lucky/.local/lib/python3.10/site-packages/airflow/example_dags/plugins/workday.py for tasks to queue
[2024-04-08T00:32:14.258+0530] {logging_mixin.py:188} INFO - [2024-04-08T00:32:14.258+0530] {dagbag.py:538} INFO - Filling up the DagBag from /home/lucky/.local/lib/python3.10/site-packages/airflow/example_dags/plugins/workday.py
[2024-04-08T00:32:15.046+0530] {processor.py:842} WARNING - No viable dags retrieved from /home/lucky/.local/lib/python3.10/site-packages/airflow/example_dags/plugins/workday.py
[2024-04-08T00:32:15.062+0530] {processor.py:183} INFO - Processing /home/lucky/.local/lib/python3.10/site-packages/airflow/example_dags/plugins/workday.py took 0.814 seconds
[2024-04-08T00:33:24.073+0530] {processor.py:161} INFO - Started process (PID=13806) to work on /home/lucky/.local/lib/python3.10/site-packages/airflow/example_dags/plugins/workday.py
[2024-04-08T00:33:24.075+0530] {processor.py:830} INFO - Processing file /home/lucky/.local/lib/python3.10/site-packages/airflow/example_dags/plugins/workday.py for tasks to queue
[2024-04-08T00:33:24.076+0530] {logging_mixin.py:188} INFO - [2024-04-08T00:33:24.076+0530] {dagbag.py:538} INFO - Filling up the DagBag from /home/lucky/.local/lib/python3.10/site-packages/airflow/example_dags/plugins/workday.py
[2024-04-08T00:33:24.946+0530] {processor.py:842} WARNING - No viable dags retrieved from /home/lucky/.local/lib/python3.10/site-packages/airflow/example_dags/plugins/workday.py
[2024-04-08T00:33:24.954+0530] {processor.py:183} INFO - Processing /home/lucky/.local/lib/python3.10/site-packages/airflow/example_dags/plugins/workday.py took 0.885 seconds
[2024-04-08T00:34:45.986+0530] {processor.py:161} INFO - Started process (PID=14724) to work on /home/lucky/.local/lib/python3.10/site-packages/airflow/example_dags/plugins/workday.py
[2024-04-08T00:34:45.989+0530] {processor.py:830} INFO - Processing file /home/lucky/.local/lib/python3.10/site-packages/airflow/example_dags/plugins/workday.py for tasks to queue
[2024-04-08T00:34:45.990+0530] {logging_mixin.py:188} INFO - [2024-04-08T00:34:45.990+0530] {dagbag.py:538} INFO - Filling up the DagBag from /home/lucky/.local/lib/python3.10/site-packages/airflow/example_dags/plugins/workday.py
[2024-04-08T00:34:47.192+0530] {processor.py:842} WARNING - No viable dags retrieved from /home/lucky/.local/lib/python3.10/site-packages/airflow/example_dags/plugins/workday.py
[2024-04-08T00:34:47.212+0530] {processor.py:183} INFO - Processing /home/lucky/.local/lib/python3.10/site-packages/airflow/example_dags/plugins/workday.py took 1.229 seconds
[2024-04-08T00:35:57.928+0530] {processor.py:161} INFO - Started process (PID=15860) to work on /home/lucky/.local/lib/python3.10/site-packages/airflow/example_dags/plugins/workday.py
[2024-04-08T00:35:57.930+0530] {processor.py:830} INFO - Processing file /home/lucky/.local/lib/python3.10/site-packages/airflow/example_dags/plugins/workday.py for tasks to queue
[2024-04-08T00:35:57.932+0530] {logging_mixin.py:188} INFO - [2024-04-08T00:35:57.931+0530] {dagbag.py:538} INFO - Filling up the DagBag from /home/lucky/.local/lib/python3.10/site-packages/airflow/example_dags/plugins/workday.py
[2024-04-08T00:35:58.816+0530] {processor.py:842} WARNING - No viable dags retrieved from /home/lucky/.local/lib/python3.10/site-packages/airflow/example_dags/plugins/workday.py
[2024-04-08T00:35:58.836+0530] {processor.py:183} INFO - Processing /home/lucky/.local/lib/python3.10/site-packages/airflow/example_dags/plugins/workday.py took 0.912 seconds
[2024-04-08T00:36:58.828+0530] {processor.py:161} INFO - Started process (PID=16880) to work on /home/lucky/.local/lib/python3.10/site-packages/airflow/example_dags/plugins/workday.py
[2024-04-08T00:36:58.841+0530] {processor.py:830} INFO - Processing file /home/lucky/.local/lib/python3.10/site-packages/airflow/example_dags/plugins/workday.py for tasks to queue
[2024-04-08T00:36:58.843+0530] {logging_mixin.py:188} INFO - [2024-04-08T00:36:58.842+0530] {dagbag.py:538} INFO - Filling up the DagBag from /home/lucky/.local/lib/python3.10/site-packages/airflow/example_dags/plugins/workday.py
[2024-04-08T00:36:59.531+0530] {processor.py:842} WARNING - No viable dags retrieved from /home/lucky/.local/lib/python3.10/site-packages/airflow/example_dags/plugins/workday.py
[2024-04-08T00:36:59.541+0530] {processor.py:183} INFO - Processing /home/lucky/.local/lib/python3.10/site-packages/airflow/example_dags/plugins/workday.py took 0.717 seconds
[2024-04-08T00:37:59.658+0530] {processor.py:161} INFO - Started process (PID=17664) to work on /home/lucky/.local/lib/python3.10/site-packages/airflow/example_dags/plugins/workday.py
[2024-04-08T00:37:59.660+0530] {processor.py:830} INFO - Processing file /home/lucky/.local/lib/python3.10/site-packages/airflow/example_dags/plugins/workday.py for tasks to queue
[2024-04-08T00:37:59.662+0530] {logging_mixin.py:188} INFO - [2024-04-08T00:37:59.662+0530] {dagbag.py:538} INFO - Filling up the DagBag from /home/lucky/.local/lib/python3.10/site-packages/airflow/example_dags/plugins/workday.py
[2024-04-08T00:38:00.364+0530] {processor.py:842} WARNING - No viable dags retrieved from /home/lucky/.local/lib/python3.10/site-packages/airflow/example_dags/plugins/workday.py
[2024-04-08T00:38:00.374+0530] {processor.py:183} INFO - Processing /home/lucky/.local/lib/python3.10/site-packages/airflow/example_dags/plugins/workday.py took 0.719 seconds
[2024-04-08T00:39:01.435+0530] {processor.py:161} INFO - Started process (PID=18770) to work on /home/lucky/.local/lib/python3.10/site-packages/airflow/example_dags/plugins/workday.py
[2024-04-08T00:39:01.437+0530] {processor.py:830} INFO - Processing file /home/lucky/.local/lib/python3.10/site-packages/airflow/example_dags/plugins/workday.py for tasks to queue
[2024-04-08T00:39:01.438+0530] {logging_mixin.py:188} INFO - [2024-04-08T00:39:01.438+0530] {dagbag.py:538} INFO - Filling up the DagBag from /home/lucky/.local/lib/python3.10/site-packages/airflow/example_dags/plugins/workday.py
[2024-04-08T00:39:02.382+0530] {processor.py:842} WARNING - No viable dags retrieved from /home/lucky/.local/lib/python3.10/site-packages/airflow/example_dags/plugins/workday.py
[2024-04-08T00:39:02.391+0530] {processor.py:183} INFO - Processing /home/lucky/.local/lib/python3.10/site-packages/airflow/example_dags/plugins/workday.py took 0.959 seconds
[2024-04-08T00:40:08.818+0530] {processor.py:161} INFO - Started process (PID=19871) to work on /home/lucky/.local/lib/python3.10/site-packages/airflow/example_dags/plugins/workday.py
[2024-04-08T00:40:08.831+0530] {processor.py:830} INFO - Processing file /home/lucky/.local/lib/python3.10/site-packages/airflow/example_dags/plugins/workday.py for tasks to queue
[2024-04-08T00:40:08.833+0530] {logging_mixin.py:188} INFO - [2024-04-08T00:40:08.832+0530] {dagbag.py:538} INFO - Filling up the DagBag from /home/lucky/.local/lib/python3.10/site-packages/airflow/example_dags/plugins/workday.py
[2024-04-08T00:40:09.537+0530] {processor.py:842} WARNING - No viable dags retrieved from /home/lucky/.local/lib/python3.10/site-packages/airflow/example_dags/plugins/workday.py
[2024-04-08T00:40:09.547+0530] {processor.py:183} INFO - Processing /home/lucky/.local/lib/python3.10/site-packages/airflow/example_dags/plugins/workday.py took 0.732 seconds
[2024-04-08T00:41:23.207+0530] {processor.py:161} INFO - Started process (PID=20735) to work on /home/lucky/.local/lib/python3.10/site-packages/airflow/example_dags/plugins/workday.py
[2024-04-08T00:41:23.209+0530] {processor.py:830} INFO - Processing file /home/lucky/.local/lib/python3.10/site-packages/airflow/example_dags/plugins/workday.py for tasks to queue
[2024-04-08T00:41:23.210+0530] {logging_mixin.py:188} INFO - [2024-04-08T00:41:23.210+0530] {dagbag.py:538} INFO - Filling up the DagBag from /home/lucky/.local/lib/python3.10/site-packages/airflow/example_dags/plugins/workday.py
[2024-04-08T00:41:24.267+0530] {processor.py:842} WARNING - No viable dags retrieved from /home/lucky/.local/lib/python3.10/site-packages/airflow/example_dags/plugins/workday.py
[2024-04-08T00:41:24.277+0530] {processor.py:183} INFO - Processing /home/lucky/.local/lib/python3.10/site-packages/airflow/example_dags/plugins/workday.py took 1.075 seconds
[2024-04-08T00:42:30.167+0530] {processor.py:161} INFO - Started process (PID=21856) to work on /home/lucky/.local/lib/python3.10/site-packages/airflow/example_dags/plugins/workday.py
[2024-04-08T00:42:30.180+0530] {processor.py:830} INFO - Processing file /home/lucky/.local/lib/python3.10/site-packages/airflow/example_dags/plugins/workday.py for tasks to queue
[2024-04-08T00:42:30.182+0530] {logging_mixin.py:188} INFO - [2024-04-08T00:42:30.181+0530] {dagbag.py:538} INFO - Filling up the DagBag from /home/lucky/.local/lib/python3.10/site-packages/airflow/example_dags/plugins/workday.py
[2024-04-08T00:42:31.044+0530] {processor.py:842} WARNING - No viable dags retrieved from /home/lucky/.local/lib/python3.10/site-packages/airflow/example_dags/plugins/workday.py
[2024-04-08T00:42:31.054+0530] {processor.py:183} INFO - Processing /home/lucky/.local/lib/python3.10/site-packages/airflow/example_dags/plugins/workday.py took 0.890 seconds
[2024-04-08T00:43:34.130+0530] {processor.py:161} INFO - Started process (PID=22906) to work on /home/lucky/.local/lib/python3.10/site-packages/airflow/example_dags/plugins/workday.py
[2024-04-08T00:43:34.132+0530] {processor.py:830} INFO - Processing file /home/lucky/.local/lib/python3.10/site-packages/airflow/example_dags/plugins/workday.py for tasks to queue
[2024-04-08T00:43:34.134+0530] {logging_mixin.py:188} INFO - [2024-04-08T00:43:34.133+0530] {dagbag.py:538} INFO - Filling up the DagBag from /home/lucky/.local/lib/python3.10/site-packages/airflow/example_dags/plugins/workday.py
[2024-04-08T00:43:35.342+0530] {processor.py:842} WARNING - No viable dags retrieved from /home/lucky/.local/lib/python3.10/site-packages/airflow/example_dags/plugins/workday.py
[2024-04-08T00:43:35.367+0530] {processor.py:183} INFO - Processing /home/lucky/.local/lib/python3.10/site-packages/airflow/example_dags/plugins/workday.py took 1.241 seconds
[2024-04-08T00:44:29.281+0530] {processor.py:161} INFO - Started process (PID=23610) to work on /home/lucky/.local/lib/python3.10/site-packages/airflow/example_dags/plugins/workday.py
[2024-04-08T00:44:29.283+0530] {processor.py:830} INFO - Processing file /home/lucky/.local/lib/python3.10/site-packages/airflow/example_dags/plugins/workday.py for tasks to queue
[2024-04-08T00:44:29.285+0530] {logging_mixin.py:188} INFO - [2024-04-08T00:44:29.284+0530] {dagbag.py:538} INFO - Filling up the DagBag from /home/lucky/.local/lib/python3.10/site-packages/airflow/example_dags/plugins/workday.py
[2024-04-08T00:44:29.800+0530] {processor.py:842} WARNING - No viable dags retrieved from /home/lucky/.local/lib/python3.10/site-packages/airflow/example_dags/plugins/workday.py
[2024-04-08T00:44:29.807+0530] {processor.py:183} INFO - Processing /home/lucky/.local/lib/python3.10/site-packages/airflow/example_dags/plugins/workday.py took 0.529 seconds
[2024-04-08T00:45:26.814+0530] {processor.py:161} INFO - Started process (PID=24559) to work on /home/lucky/.local/lib/python3.10/site-packages/airflow/example_dags/plugins/workday.py
[2024-04-08T00:45:26.815+0530] {processor.py:830} INFO - Processing file /home/lucky/.local/lib/python3.10/site-packages/airflow/example_dags/plugins/workday.py for tasks to queue
[2024-04-08T00:45:26.816+0530] {logging_mixin.py:188} INFO - [2024-04-08T00:45:26.816+0530] {dagbag.py:538} INFO - Filling up the DagBag from /home/lucky/.local/lib/python3.10/site-packages/airflow/example_dags/plugins/workday.py
[2024-04-08T00:45:27.446+0530] {processor.py:842} WARNING - No viable dags retrieved from /home/lucky/.local/lib/python3.10/site-packages/airflow/example_dags/plugins/workday.py
[2024-04-08T00:45:27.455+0530] {processor.py:183} INFO - Processing /home/lucky/.local/lib/python3.10/site-packages/airflow/example_dags/plugins/workday.py took 0.645 seconds
[2024-04-08T00:46:21.959+0530] {processor.py:161} INFO - Started process (PID=25219) to work on /home/lucky/.local/lib/python3.10/site-packages/airflow/example_dags/plugins/workday.py
[2024-04-08T00:46:21.961+0530] {processor.py:830} INFO - Processing file /home/lucky/.local/lib/python3.10/site-packages/airflow/example_dags/plugins/workday.py for tasks to queue
[2024-04-08T00:46:21.962+0530] {logging_mixin.py:188} INFO - [2024-04-08T00:46:21.962+0530] {dagbag.py:538} INFO - Filling up the DagBag from /home/lucky/.local/lib/python3.10/site-packages/airflow/example_dags/plugins/workday.py
[2024-04-08T00:46:22.533+0530] {processor.py:842} WARNING - No viable dags retrieved from /home/lucky/.local/lib/python3.10/site-packages/airflow/example_dags/plugins/workday.py
[2024-04-08T00:46:22.543+0530] {processor.py:183} INFO - Processing /home/lucky/.local/lib/python3.10/site-packages/airflow/example_dags/plugins/workday.py took 0.590 seconds
[2024-04-08T00:47:16.068+0530] {processor.py:161} INFO - Started process (PID=26143) to work on /home/lucky/.local/lib/python3.10/site-packages/airflow/example_dags/plugins/workday.py
[2024-04-08T00:47:16.073+0530] {processor.py:830} INFO - Processing file /home/lucky/.local/lib/python3.10/site-packages/airflow/example_dags/plugins/workday.py for tasks to queue
[2024-04-08T00:47:16.074+0530] {logging_mixin.py:188} INFO - [2024-04-08T00:47:16.074+0530] {dagbag.py:538} INFO - Filling up the DagBag from /home/lucky/.local/lib/python3.10/site-packages/airflow/example_dags/plugins/workday.py
[2024-04-08T00:47:16.631+0530] {processor.py:842} WARNING - No viable dags retrieved from /home/lucky/.local/lib/python3.10/site-packages/airflow/example_dags/plugins/workday.py
[2024-04-08T00:47:16.638+0530] {processor.py:183} INFO - Processing /home/lucky/.local/lib/python3.10/site-packages/airflow/example_dags/plugins/workday.py took 0.573 seconds
[2024-04-08T00:48:06.403+0530] {processor.py:161} INFO - Started process (PID=27013) to work on /home/lucky/.local/lib/python3.10/site-packages/airflow/example_dags/plugins/workday.py
[2024-04-08T00:48:06.404+0530] {processor.py:830} INFO - Processing file /home/lucky/.local/lib/python3.10/site-packages/airflow/example_dags/plugins/workday.py for tasks to queue
[2024-04-08T00:48:06.405+0530] {logging_mixin.py:188} INFO - [2024-04-08T00:48:06.405+0530] {dagbag.py:538} INFO - Filling up the DagBag from /home/lucky/.local/lib/python3.10/site-packages/airflow/example_dags/plugins/workday.py
[2024-04-08T00:48:07.039+0530] {processor.py:842} WARNING - No viable dags retrieved from /home/lucky/.local/lib/python3.10/site-packages/airflow/example_dags/plugins/workday.py
[2024-04-08T00:48:07.048+0530] {processor.py:183} INFO - Processing /home/lucky/.local/lib/python3.10/site-packages/airflow/example_dags/plugins/workday.py took 0.647 seconds
[2024-04-08T00:48:55.629+0530] {processor.py:161} INFO - Started process (PID=27642) to work on /home/lucky/.local/lib/python3.10/site-packages/airflow/example_dags/plugins/workday.py
[2024-04-08T00:48:55.639+0530] {processor.py:830} INFO - Processing file /home/lucky/.local/lib/python3.10/site-packages/airflow/example_dags/plugins/workday.py for tasks to queue
[2024-04-08T00:48:55.641+0530] {logging_mixin.py:188} INFO - [2024-04-08T00:48:55.640+0530] {dagbag.py:538} INFO - Filling up the DagBag from /home/lucky/.local/lib/python3.10/site-packages/airflow/example_dags/plugins/workday.py
[2024-04-08T00:48:56.534+0530] {processor.py:842} WARNING - No viable dags retrieved from /home/lucky/.local/lib/python3.10/site-packages/airflow/example_dags/plugins/workday.py
[2024-04-08T00:48:56.543+0530] {processor.py:183} INFO - Processing /home/lucky/.local/lib/python3.10/site-packages/airflow/example_dags/plugins/workday.py took 0.919 seconds
[2024-04-08T00:49:45.347+0530] {processor.py:161} INFO - Started process (PID=28492) to work on /home/lucky/.local/lib/python3.10/site-packages/airflow/example_dags/plugins/workday.py
[2024-04-08T00:49:45.348+0530] {processor.py:830} INFO - Processing file /home/lucky/.local/lib/python3.10/site-packages/airflow/example_dags/plugins/workday.py for tasks to queue
[2024-04-08T00:49:45.349+0530] {logging_mixin.py:188} INFO - [2024-04-08T00:49:45.349+0530] {dagbag.py:538} INFO - Filling up the DagBag from /home/lucky/.local/lib/python3.10/site-packages/airflow/example_dags/plugins/workday.py
[2024-04-08T00:49:45.991+0530] {processor.py:842} WARNING - No viable dags retrieved from /home/lucky/.local/lib/python3.10/site-packages/airflow/example_dags/plugins/workday.py
[2024-04-08T00:49:45.999+0530] {processor.py:183} INFO - Processing /home/lucky/.local/lib/python3.10/site-packages/airflow/example_dags/plugins/workday.py took 0.656 seconds
[2024-04-08T00:50:32.983+0530] {processor.py:161} INFO - Started process (PID=29096) to work on /home/lucky/.local/lib/python3.10/site-packages/airflow/example_dags/plugins/workday.py
[2024-04-08T00:50:32.985+0530] {processor.py:830} INFO - Processing file /home/lucky/.local/lib/python3.10/site-packages/airflow/example_dags/plugins/workday.py for tasks to queue
[2024-04-08T00:50:32.986+0530] {logging_mixin.py:188} INFO - [2024-04-08T00:50:32.986+0530] {dagbag.py:538} INFO - Filling up the DagBag from /home/lucky/.local/lib/python3.10/site-packages/airflow/example_dags/plugins/workday.py
[2024-04-08T00:50:33.811+0530] {processor.py:842} WARNING - No viable dags retrieved from /home/lucky/.local/lib/python3.10/site-packages/airflow/example_dags/plugins/workday.py
[2024-04-08T00:50:33.823+0530] {processor.py:183} INFO - Processing /home/lucky/.local/lib/python3.10/site-packages/airflow/example_dags/plugins/workday.py took 0.844 seconds
[2024-04-08T00:51:28.325+0530] {processor.py:161} INFO - Started process (PID=29989) to work on /home/lucky/.local/lib/python3.10/site-packages/airflow/example_dags/plugins/workday.py
[2024-04-08T00:51:28.327+0530] {processor.py:830} INFO - Processing file /home/lucky/.local/lib/python3.10/site-packages/airflow/example_dags/plugins/workday.py for tasks to queue
[2024-04-08T00:51:28.328+0530] {logging_mixin.py:188} INFO - [2024-04-08T00:51:28.328+0530] {dagbag.py:538} INFO - Filling up the DagBag from /home/lucky/.local/lib/python3.10/site-packages/airflow/example_dags/plugins/workday.py
[2024-04-08T00:51:29.641+0530] {processor.py:842} WARNING - No viable dags retrieved from /home/lucky/.local/lib/python3.10/site-packages/airflow/example_dags/plugins/workday.py
[2024-04-08T00:51:29.703+0530] {processor.py:183} INFO - Processing /home/lucky/.local/lib/python3.10/site-packages/airflow/example_dags/plugins/workday.py took 1.381 seconds
[2024-04-08T00:52:24.823+0530] {processor.py:161} INFO - Started process (PID=30954) to work on /home/lucky/.local/lib/python3.10/site-packages/airflow/example_dags/plugins/workday.py
[2024-04-08T00:52:24.825+0530] {processor.py:830} INFO - Processing file /home/lucky/.local/lib/python3.10/site-packages/airflow/example_dags/plugins/workday.py for tasks to queue
[2024-04-08T00:52:24.826+0530] {logging_mixin.py:188} INFO - [2024-04-08T00:52:24.826+0530] {dagbag.py:538} INFO - Filling up the DagBag from /home/lucky/.local/lib/python3.10/site-packages/airflow/example_dags/plugins/workday.py
[2024-04-08T00:52:25.529+0530] {processor.py:842} WARNING - No viable dags retrieved from /home/lucky/.local/lib/python3.10/site-packages/airflow/example_dags/plugins/workday.py
[2024-04-08T00:52:25.537+0530] {processor.py:183} INFO - Processing /home/lucky/.local/lib/python3.10/site-packages/airflow/example_dags/plugins/workday.py took 0.717 seconds
[2024-04-08T00:53:19.935+0530] {processor.py:161} INFO - Started process (PID=31607) to work on /home/lucky/.local/lib/python3.10/site-packages/airflow/example_dags/plugins/workday.py
[2024-04-08T00:53:19.949+0530] {processor.py:830} INFO - Processing file /home/lucky/.local/lib/python3.10/site-packages/airflow/example_dags/plugins/workday.py for tasks to queue
[2024-04-08T00:53:19.963+0530] {logging_mixin.py:188} INFO - [2024-04-08T00:53:19.955+0530] {dagbag.py:538} INFO - Filling up the DagBag from /home/lucky/.local/lib/python3.10/site-packages/airflow/example_dags/plugins/workday.py
[2024-04-08T00:53:22.457+0530] {processor.py:842} WARNING - No viable dags retrieved from /home/lucky/.local/lib/python3.10/site-packages/airflow/example_dags/plugins/workday.py
[2024-04-08T00:53:22.466+0530] {processor.py:183} INFO - Processing /home/lucky/.local/lib/python3.10/site-packages/airflow/example_dags/plugins/workday.py took 2.571 seconds
[2024-04-08T00:54:16.111+0530] {processor.py:161} INFO - Started process (PID=32515) to work on /home/lucky/.local/lib/python3.10/site-packages/airflow/example_dags/plugins/workday.py
[2024-04-08T00:54:16.113+0530] {processor.py:830} INFO - Processing file /home/lucky/.local/lib/python3.10/site-packages/airflow/example_dags/plugins/workday.py for tasks to queue
[2024-04-08T00:54:16.114+0530] {logging_mixin.py:188} INFO - [2024-04-08T00:54:16.113+0530] {dagbag.py:538} INFO - Filling up the DagBag from /home/lucky/.local/lib/python3.10/site-packages/airflow/example_dags/plugins/workday.py
[2024-04-08T00:54:16.855+0530] {processor.py:842} WARNING - No viable dags retrieved from /home/lucky/.local/lib/python3.10/site-packages/airflow/example_dags/plugins/workday.py
[2024-04-08T00:54:16.865+0530] {processor.py:183} INFO - Processing /home/lucky/.local/lib/python3.10/site-packages/airflow/example_dags/plugins/workday.py took 0.757 seconds
[2024-04-08T00:55:05.704+0530] {processor.py:161} INFO - Started process (PID=33125) to work on /home/lucky/.local/lib/python3.10/site-packages/airflow/example_dags/plugins/workday.py
[2024-04-08T00:55:05.706+0530] {processor.py:830} INFO - Processing file /home/lucky/.local/lib/python3.10/site-packages/airflow/example_dags/plugins/workday.py for tasks to queue
[2024-04-08T00:55:05.708+0530] {logging_mixin.py:188} INFO - [2024-04-08T00:55:05.707+0530] {dagbag.py:538} INFO - Filling up the DagBag from /home/lucky/.local/lib/python3.10/site-packages/airflow/example_dags/plugins/workday.py
[2024-04-08T00:55:06.395+0530] {processor.py:842} WARNING - No viable dags retrieved from /home/lucky/.local/lib/python3.10/site-packages/airflow/example_dags/plugins/workday.py
[2024-04-08T00:55:06.406+0530] {processor.py:183} INFO - Processing /home/lucky/.local/lib/python3.10/site-packages/airflow/example_dags/plugins/workday.py took 0.706 seconds
[2024-04-08T00:55:56.515+0530] {processor.py:161} INFO - Started process (PID=34018) to work on /home/lucky/.local/lib/python3.10/site-packages/airflow/example_dags/plugins/workday.py
[2024-04-08T00:55:56.517+0530] {processor.py:830} INFO - Processing file /home/lucky/.local/lib/python3.10/site-packages/airflow/example_dags/plugins/workday.py for tasks to queue
[2024-04-08T00:55:56.518+0530] {logging_mixin.py:188} INFO - [2024-04-08T00:55:56.517+0530] {dagbag.py:538} INFO - Filling up the DagBag from /home/lucky/.local/lib/python3.10/site-packages/airflow/example_dags/plugins/workday.py
[2024-04-08T00:55:57.127+0530] {processor.py:842} WARNING - No viable dags retrieved from /home/lucky/.local/lib/python3.10/site-packages/airflow/example_dags/plugins/workday.py
[2024-04-08T00:55:57.133+0530] {processor.py:183} INFO - Processing /home/lucky/.local/lib/python3.10/site-packages/airflow/example_dags/plugins/workday.py took 0.620 seconds
[2024-04-08T00:56:40.936+0530] {processor.py:161} INFO - Started process (PID=34866) to work on /home/lucky/.local/lib/python3.10/site-packages/airflow/example_dags/plugins/workday.py
[2024-04-08T00:56:40.937+0530] {processor.py:830} INFO - Processing file /home/lucky/.local/lib/python3.10/site-packages/airflow/example_dags/plugins/workday.py for tasks to queue
[2024-04-08T00:56:40.938+0530] {logging_mixin.py:188} INFO - [2024-04-08T00:56:40.938+0530] {dagbag.py:538} INFO - Filling up the DagBag from /home/lucky/.local/lib/python3.10/site-packages/airflow/example_dags/plugins/workday.py
[2024-04-08T00:56:41.646+0530] {processor.py:842} WARNING - No viable dags retrieved from /home/lucky/.local/lib/python3.10/site-packages/airflow/example_dags/plugins/workday.py
[2024-04-08T00:56:41.655+0530] {processor.py:183} INFO - Processing /home/lucky/.local/lib/python3.10/site-packages/airflow/example_dags/plugins/workday.py took 0.723 seconds
[2024-04-08T00:57:30.573+0530] {processor.py:161} INFO - Started process (PID=35478) to work on /home/lucky/.local/lib/python3.10/site-packages/airflow/example_dags/plugins/workday.py
[2024-04-08T00:57:30.575+0530] {processor.py:830} INFO - Processing file /home/lucky/.local/lib/python3.10/site-packages/airflow/example_dags/plugins/workday.py for tasks to queue
[2024-04-08T00:57:30.576+0530] {logging_mixin.py:188} INFO - [2024-04-08T00:57:30.575+0530] {dagbag.py:538} INFO - Filling up the DagBag from /home/lucky/.local/lib/python3.10/site-packages/airflow/example_dags/plugins/workday.py
[2024-04-08T00:57:31.061+0530] {processor.py:842} WARNING - No viable dags retrieved from /home/lucky/.local/lib/python3.10/site-packages/airflow/example_dags/plugins/workday.py
[2024-04-08T00:57:31.067+0530] {processor.py:183} INFO - Processing /home/lucky/.local/lib/python3.10/site-packages/airflow/example_dags/plugins/workday.py took 0.497 seconds
[2024-04-08T00:58:46.471+0530] {processor.py:161} INFO - Started process (PID=36622) to work on /home/lucky/.local/lib/python3.10/site-packages/airflow/example_dags/plugins/workday.py
[2024-04-08T00:58:46.472+0530] {processor.py:830} INFO - Processing file /home/lucky/.local/lib/python3.10/site-packages/airflow/example_dags/plugins/workday.py for tasks to queue
[2024-04-08T00:58:46.473+0530] {logging_mixin.py:188} INFO - [2024-04-08T00:58:46.473+0530] {dagbag.py:538} INFO - Filling up the DagBag from /home/lucky/.local/lib/python3.10/site-packages/airflow/example_dags/plugins/workday.py
[2024-04-08T00:58:47.433+0530] {processor.py:842} WARNING - No viable dags retrieved from /home/lucky/.local/lib/python3.10/site-packages/airflow/example_dags/plugins/workday.py
[2024-04-08T00:58:47.465+0530] {processor.py:183} INFO - Processing /home/lucky/.local/lib/python3.10/site-packages/airflow/example_dags/plugins/workday.py took 0.997 seconds
[2024-04-08T01:18:04.877+0530] {processor.py:161} INFO - Started process (PID=54460) to work on /home/lucky/.local/lib/python3.10/site-packages/airflow/example_dags/plugins/workday.py
[2024-04-08T01:18:04.880+0530] {processor.py:830} INFO - Processing file /home/lucky/.local/lib/python3.10/site-packages/airflow/example_dags/plugins/workday.py for tasks to queue
[2024-04-08T01:18:04.882+0530] {logging_mixin.py:188} INFO - [2024-04-08T01:18:04.881+0530] {dagbag.py:538} INFO - Filling up the DagBag from /home/lucky/.local/lib/python3.10/site-packages/airflow/example_dags/plugins/workday.py
[2024-04-08T01:18:05.747+0530] {processor.py:842} WARNING - No viable dags retrieved from /home/lucky/.local/lib/python3.10/site-packages/airflow/example_dags/plugins/workday.py
[2024-04-08T01:18:05.757+0530] {processor.py:183} INFO - Processing /home/lucky/.local/lib/python3.10/site-packages/airflow/example_dags/plugins/workday.py took 0.883 seconds
[2024-04-08T01:19:00.256+0530] {processor.py:161} INFO - Started process (PID=55390) to work on /home/lucky/.local/lib/python3.10/site-packages/airflow/example_dags/plugins/workday.py
[2024-04-08T01:19:00.257+0530] {processor.py:830} INFO - Processing file /home/lucky/.local/lib/python3.10/site-packages/airflow/example_dags/plugins/workday.py for tasks to queue
[2024-04-08T01:19:00.258+0530] {logging_mixin.py:188} INFO - [2024-04-08T01:19:00.258+0530] {dagbag.py:538} INFO - Filling up the DagBag from /home/lucky/.local/lib/python3.10/site-packages/airflow/example_dags/plugins/workday.py
[2024-04-08T01:19:00.815+0530] {processor.py:842} WARNING - No viable dags retrieved from /home/lucky/.local/lib/python3.10/site-packages/airflow/example_dags/plugins/workday.py
[2024-04-08T01:19:00.823+0530] {processor.py:183} INFO - Processing /home/lucky/.local/lib/python3.10/site-packages/airflow/example_dags/plugins/workday.py took 0.570 seconds
[2024-04-08T01:19:54.450+0530] {processor.py:161} INFO - Started process (PID=56311) to work on /home/lucky/.local/lib/python3.10/site-packages/airflow/example_dags/plugins/workday.py
[2024-04-08T01:19:54.452+0530] {processor.py:830} INFO - Processing file /home/lucky/.local/lib/python3.10/site-packages/airflow/example_dags/plugins/workday.py for tasks to queue
[2024-04-08T01:19:54.453+0530] {logging_mixin.py:188} INFO - [2024-04-08T01:19:54.453+0530] {dagbag.py:538} INFO - Filling up the DagBag from /home/lucky/.local/lib/python3.10/site-packages/airflow/example_dags/plugins/workday.py
[2024-04-08T01:19:54.949+0530] {processor.py:842} WARNING - No viable dags retrieved from /home/lucky/.local/lib/python3.10/site-packages/airflow/example_dags/plugins/workday.py
[2024-04-08T01:19:54.957+0530] {processor.py:183} INFO - Processing /home/lucky/.local/lib/python3.10/site-packages/airflow/example_dags/plugins/workday.py took 0.510 seconds
[2024-04-08T01:20:42.962+0530] {processor.py:161} INFO - Started process (PID=56875) to work on /home/lucky/.local/lib/python3.10/site-packages/airflow/example_dags/plugins/workday.py
[2024-04-08T01:20:42.963+0530] {processor.py:830} INFO - Processing file /home/lucky/.local/lib/python3.10/site-packages/airflow/example_dags/plugins/workday.py for tasks to queue
[2024-04-08T01:20:42.965+0530] {logging_mixin.py:188} INFO - [2024-04-08T01:20:42.964+0530] {dagbag.py:538} INFO - Filling up the DagBag from /home/lucky/.local/lib/python3.10/site-packages/airflow/example_dags/plugins/workday.py
[2024-04-08T01:20:44.261+0530] {processor.py:842} WARNING - No viable dags retrieved from /home/lucky/.local/lib/python3.10/site-packages/airflow/example_dags/plugins/workday.py
[2024-04-08T01:20:44.275+0530] {processor.py:183} INFO - Processing /home/lucky/.local/lib/python3.10/site-packages/airflow/example_dags/plugins/workday.py took 1.321 seconds
[2024-04-08T01:21:32.223+0530] {processor.py:161} INFO - Started process (PID=57744) to work on /home/lucky/.local/lib/python3.10/site-packages/airflow/example_dags/plugins/workday.py
[2024-04-08T01:21:32.224+0530] {processor.py:830} INFO - Processing file /home/lucky/.local/lib/python3.10/site-packages/airflow/example_dags/plugins/workday.py for tasks to queue
[2024-04-08T01:21:32.225+0530] {logging_mixin.py:188} INFO - [2024-04-08T01:21:32.225+0530] {dagbag.py:538} INFO - Filling up the DagBag from /home/lucky/.local/lib/python3.10/site-packages/airflow/example_dags/plugins/workday.py
[2024-04-08T01:21:32.805+0530] {processor.py:842} WARNING - No viable dags retrieved from /home/lucky/.local/lib/python3.10/site-packages/airflow/example_dags/plugins/workday.py
[2024-04-08T01:21:32.811+0530] {processor.py:183} INFO - Processing /home/lucky/.local/lib/python3.10/site-packages/airflow/example_dags/plugins/workday.py took 0.592 seconds
[2024-04-08T01:22:24.229+0530] {processor.py:161} INFO - Started process (PID=58393) to work on /home/lucky/.local/lib/python3.10/site-packages/airflow/example_dags/plugins/workday.py
[2024-04-08T01:22:24.231+0530] {processor.py:830} INFO - Processing file /home/lucky/.local/lib/python3.10/site-packages/airflow/example_dags/plugins/workday.py for tasks to queue
[2024-04-08T01:22:24.232+0530] {logging_mixin.py:188} INFO - [2024-04-08T01:22:24.231+0530] {dagbag.py:538} INFO - Filling up the DagBag from /home/lucky/.local/lib/python3.10/site-packages/airflow/example_dags/plugins/workday.py
[2024-04-08T01:22:25.194+0530] {processor.py:842} WARNING - No viable dags retrieved from /home/lucky/.local/lib/python3.10/site-packages/airflow/example_dags/plugins/workday.py
[2024-04-08T01:22:25.210+0530] {processor.py:183} INFO - Processing /home/lucky/.local/lib/python3.10/site-packages/airflow/example_dags/plugins/workday.py took 0.984 seconds
[2024-04-08T01:23:12.976+0530] {processor.py:161} INFO - Started process (PID=59264) to work on /home/lucky/.local/lib/python3.10/site-packages/airflow/example_dags/plugins/workday.py
[2024-04-08T01:23:12.989+0530] {processor.py:830} INFO - Processing file /home/lucky/.local/lib/python3.10/site-packages/airflow/example_dags/plugins/workday.py for tasks to queue
[2024-04-08T01:23:12.990+0530] {logging_mixin.py:188} INFO - [2024-04-08T01:23:12.989+0530] {dagbag.py:538} INFO - Filling up the DagBag from /home/lucky/.local/lib/python3.10/site-packages/airflow/example_dags/plugins/workday.py
[2024-04-08T01:23:13.629+0530] {processor.py:842} WARNING - No viable dags retrieved from /home/lucky/.local/lib/python3.10/site-packages/airflow/example_dags/plugins/workday.py
[2024-04-08T01:23:13.637+0530] {processor.py:183} INFO - Processing /home/lucky/.local/lib/python3.10/site-packages/airflow/example_dags/plugins/workday.py took 0.664 seconds
[2024-04-08T01:23:58.372+0530] {processor.py:161} INFO - Started process (PID=59778) to work on /home/lucky/.local/lib/python3.10/site-packages/airflow/example_dags/plugins/workday.py
[2024-04-08T01:23:58.374+0530] {processor.py:830} INFO - Processing file /home/lucky/.local/lib/python3.10/site-packages/airflow/example_dags/plugins/workday.py for tasks to queue
[2024-04-08T01:23:58.375+0530] {logging_mixin.py:188} INFO - [2024-04-08T01:23:58.375+0530] {dagbag.py:538} INFO - Filling up the DagBag from /home/lucky/.local/lib/python3.10/site-packages/airflow/example_dags/plugins/workday.py
[2024-04-08T01:23:58.971+0530] {processor.py:842} WARNING - No viable dags retrieved from /home/lucky/.local/lib/python3.10/site-packages/airflow/example_dags/plugins/workday.py
[2024-04-08T01:23:58.980+0530] {processor.py:183} INFO - Processing /home/lucky/.local/lib/python3.10/site-packages/airflow/example_dags/plugins/workday.py took 0.612 seconds
[2024-04-08T01:24:45.945+0530] {processor.py:161} INFO - Started process (PID=60658) to work on /home/lucky/.local/lib/python3.10/site-packages/airflow/example_dags/plugins/workday.py
[2024-04-08T01:24:45.947+0530] {processor.py:830} INFO - Processing file /home/lucky/.local/lib/python3.10/site-packages/airflow/example_dags/plugins/workday.py for tasks to queue
[2024-04-08T01:24:45.948+0530] {logging_mixin.py:188} INFO - [2024-04-08T01:24:45.947+0530] {dagbag.py:538} INFO - Filling up the DagBag from /home/lucky/.local/lib/python3.10/site-packages/airflow/example_dags/plugins/workday.py
[2024-04-08T01:24:46.549+0530] {processor.py:842} WARNING - No viable dags retrieved from /home/lucky/.local/lib/python3.10/site-packages/airflow/example_dags/plugins/workday.py
[2024-04-08T01:24:46.557+0530] {processor.py:183} INFO - Processing /home/lucky/.local/lib/python3.10/site-packages/airflow/example_dags/plugins/workday.py took 0.615 seconds
[2024-04-08T01:25:34.468+0530] {processor.py:161} INFO - Started process (PID=61514) to work on /home/lucky/.local/lib/python3.10/site-packages/airflow/example_dags/plugins/workday.py
[2024-04-08T01:25:34.470+0530] {processor.py:830} INFO - Processing file /home/lucky/.local/lib/python3.10/site-packages/airflow/example_dags/plugins/workday.py for tasks to queue
[2024-04-08T01:25:34.471+0530] {logging_mixin.py:188} INFO - [2024-04-08T01:25:34.470+0530] {dagbag.py:538} INFO - Filling up the DagBag from /home/lucky/.local/lib/python3.10/site-packages/airflow/example_dags/plugins/workday.py
[2024-04-08T01:25:35.172+0530] {processor.py:842} WARNING - No viable dags retrieved from /home/lucky/.local/lib/python3.10/site-packages/airflow/example_dags/plugins/workday.py
[2024-04-08T01:25:35.183+0530] {processor.py:183} INFO - Processing /home/lucky/.local/lib/python3.10/site-packages/airflow/example_dags/plugins/workday.py took 0.718 seconds
[2024-04-08T01:26:22.029+0530] {processor.py:161} INFO - Started process (PID=62056) to work on /home/lucky/.local/lib/python3.10/site-packages/airflow/example_dags/plugins/workday.py
[2024-04-08T01:26:22.031+0530] {processor.py:830} INFO - Processing file /home/lucky/.local/lib/python3.10/site-packages/airflow/example_dags/plugins/workday.py for tasks to queue
[2024-04-08T01:26:22.033+0530] {logging_mixin.py:188} INFO - [2024-04-08T01:26:22.032+0530] {dagbag.py:538} INFO - Filling up the DagBag from /home/lucky/.local/lib/python3.10/site-packages/airflow/example_dags/plugins/workday.py
[2024-04-08T01:26:22.878+0530] {processor.py:842} WARNING - No viable dags retrieved from /home/lucky/.local/lib/python3.10/site-packages/airflow/example_dags/plugins/workday.py
[2024-04-08T01:26:22.888+0530] {processor.py:183} INFO - Processing /home/lucky/.local/lib/python3.10/site-packages/airflow/example_dags/plugins/workday.py took 0.862 seconds
[2024-04-08T01:27:09.274+0530] {processor.py:161} INFO - Started process (PID=62884) to work on /home/lucky/.local/lib/python3.10/site-packages/airflow/example_dags/plugins/workday.py
[2024-04-08T01:27:09.275+0530] {processor.py:830} INFO - Processing file /home/lucky/.local/lib/python3.10/site-packages/airflow/example_dags/plugins/workday.py for tasks to queue
[2024-04-08T01:27:09.276+0530] {logging_mixin.py:188} INFO - [2024-04-08T01:27:09.276+0530] {dagbag.py:538} INFO - Filling up the DagBag from /home/lucky/.local/lib/python3.10/site-packages/airflow/example_dags/plugins/workday.py
[2024-04-08T01:27:09.885+0530] {processor.py:842} WARNING - No viable dags retrieved from /home/lucky/.local/lib/python3.10/site-packages/airflow/example_dags/plugins/workday.py
[2024-04-08T01:27:09.894+0530] {processor.py:183} INFO - Processing /home/lucky/.local/lib/python3.10/site-packages/airflow/example_dags/plugins/workday.py took 0.624 seconds
[2024-04-08T01:27:58.558+0530] {processor.py:161} INFO - Started process (PID=63525) to work on /home/lucky/.local/lib/python3.10/site-packages/airflow/example_dags/plugins/workday.py
[2024-04-08T01:27:58.560+0530] {processor.py:830} INFO - Processing file /home/lucky/.local/lib/python3.10/site-packages/airflow/example_dags/plugins/workday.py for tasks to queue
[2024-04-08T01:27:58.561+0530] {logging_mixin.py:188} INFO - [2024-04-08T01:27:58.560+0530] {dagbag.py:538} INFO - Filling up the DagBag from /home/lucky/.local/lib/python3.10/site-packages/airflow/example_dags/plugins/workday.py
[2024-04-08T01:27:59.323+0530] {processor.py:842} WARNING - No viable dags retrieved from /home/lucky/.local/lib/python3.10/site-packages/airflow/example_dags/plugins/workday.py
[2024-04-08T01:27:59.330+0530] {processor.py:183} INFO - Processing /home/lucky/.local/lib/python3.10/site-packages/airflow/example_dags/plugins/workday.py took 0.775 seconds
[2024-04-08T01:28:48.056+0530] {processor.py:161} INFO - Started process (PID=64413) to work on /home/lucky/.local/lib/python3.10/site-packages/airflow/example_dags/plugins/workday.py
[2024-04-08T01:28:48.059+0530] {processor.py:830} INFO - Processing file /home/lucky/.local/lib/python3.10/site-packages/airflow/example_dags/plugins/workday.py for tasks to queue
[2024-04-08T01:28:48.060+0530] {logging_mixin.py:188} INFO - [2024-04-08T01:28:48.060+0530] {dagbag.py:538} INFO - Filling up the DagBag from /home/lucky/.local/lib/python3.10/site-packages/airflow/example_dags/plugins/workday.py
[2024-04-08T01:28:48.716+0530] {processor.py:842} WARNING - No viable dags retrieved from /home/lucky/.local/lib/python3.10/site-packages/airflow/example_dags/plugins/workday.py
[2024-04-08T01:28:48.722+0530] {processor.py:183} INFO - Processing /home/lucky/.local/lib/python3.10/site-packages/airflow/example_dags/plugins/workday.py took 0.670 seconds
[2024-04-08T01:29:42.057+0530] {processor.py:161} INFO - Started process (PID=65050) to work on /home/lucky/.local/lib/python3.10/site-packages/airflow/example_dags/plugins/workday.py
[2024-04-08T01:29:42.059+0530] {processor.py:830} INFO - Processing file /home/lucky/.local/lib/python3.10/site-packages/airflow/example_dags/plugins/workday.py for tasks to queue
[2024-04-08T01:29:42.061+0530] {logging_mixin.py:188} INFO - [2024-04-08T01:29:42.060+0530] {dagbag.py:538} INFO - Filling up the DagBag from /home/lucky/.local/lib/python3.10/site-packages/airflow/example_dags/plugins/workday.py
[2024-04-08T01:29:42.908+0530] {processor.py:842} WARNING - No viable dags retrieved from /home/lucky/.local/lib/python3.10/site-packages/airflow/example_dags/plugins/workday.py
[2024-04-08T01:29:42.916+0530] {processor.py:183} INFO - Processing /home/lucky/.local/lib/python3.10/site-packages/airflow/example_dags/plugins/workday.py took 0.864 seconds
[2024-04-08T01:30:36.528+0530] {processor.py:161} INFO - Started process (PID=65942) to work on /home/lucky/.local/lib/python3.10/site-packages/airflow/example_dags/plugins/workday.py
[2024-04-08T01:30:36.530+0530] {processor.py:830} INFO - Processing file /home/lucky/.local/lib/python3.10/site-packages/airflow/example_dags/plugins/workday.py for tasks to queue
[2024-04-08T01:30:36.531+0530] {logging_mixin.py:188} INFO - [2024-04-08T01:30:36.531+0530] {dagbag.py:538} INFO - Filling up the DagBag from /home/lucky/.local/lib/python3.10/site-packages/airflow/example_dags/plugins/workday.py
[2024-04-08T01:30:37.206+0530] {processor.py:842} WARNING - No viable dags retrieved from /home/lucky/.local/lib/python3.10/site-packages/airflow/example_dags/plugins/workday.py
[2024-04-08T01:30:37.217+0530] {processor.py:183} INFO - Processing /home/lucky/.local/lib/python3.10/site-packages/airflow/example_dags/plugins/workday.py took 0.693 seconds
[2024-04-08T01:31:26.647+0530] {processor.py:161} INFO - Started process (PID=66818) to work on /home/lucky/.local/lib/python3.10/site-packages/airflow/example_dags/plugins/workday.py
[2024-04-08T01:31:26.648+0530] {processor.py:830} INFO - Processing file /home/lucky/.local/lib/python3.10/site-packages/airflow/example_dags/plugins/workday.py for tasks to queue
[2024-04-08T01:31:26.649+0530] {logging_mixin.py:188} INFO - [2024-04-08T01:31:26.649+0530] {dagbag.py:538} INFO - Filling up the DagBag from /home/lucky/.local/lib/python3.10/site-packages/airflow/example_dags/plugins/workday.py
[2024-04-08T01:31:27.237+0530] {processor.py:842} WARNING - No viable dags retrieved from /home/lucky/.local/lib/python3.10/site-packages/airflow/example_dags/plugins/workday.py
[2024-04-08T01:31:27.244+0530] {processor.py:183} INFO - Processing /home/lucky/.local/lib/python3.10/site-packages/airflow/example_dags/plugins/workday.py took 0.601 seconds
[2024-04-08T01:32:14.884+0530] {processor.py:161} INFO - Started process (PID=67402) to work on /home/lucky/.local/lib/python3.10/site-packages/airflow/example_dags/plugins/workday.py
[2024-04-08T01:32:14.887+0530] {processor.py:830} INFO - Processing file /home/lucky/.local/lib/python3.10/site-packages/airflow/example_dags/plugins/workday.py for tasks to queue
[2024-04-08T01:32:14.889+0530] {logging_mixin.py:188} INFO - [2024-04-08T01:32:14.888+0530] {dagbag.py:538} INFO - Filling up the DagBag from /home/lucky/.local/lib/python3.10/site-packages/airflow/example_dags/plugins/workday.py
[2024-04-08T01:32:15.898+0530] {processor.py:842} WARNING - No viable dags retrieved from /home/lucky/.local/lib/python3.10/site-packages/airflow/example_dags/plugins/workday.py
[2024-04-08T01:32:15.908+0530] {processor.py:183} INFO - Processing /home/lucky/.local/lib/python3.10/site-packages/airflow/example_dags/plugins/workday.py took 1.028 seconds
[2024-04-08T01:33:04.331+0530] {processor.py:161} INFO - Started process (PID=68232) to work on /home/lucky/.local/lib/python3.10/site-packages/airflow/example_dags/plugins/workday.py
[2024-04-08T01:33:04.333+0530] {processor.py:830} INFO - Processing file /home/lucky/.local/lib/python3.10/site-packages/airflow/example_dags/plugins/workday.py for tasks to queue
[2024-04-08T01:33:04.334+0530] {logging_mixin.py:188} INFO - [2024-04-08T01:33:04.333+0530] {dagbag.py:538} INFO - Filling up the DagBag from /home/lucky/.local/lib/python3.10/site-packages/airflow/example_dags/plugins/workday.py
[2024-04-08T01:33:04.882+0530] {processor.py:842} WARNING - No viable dags retrieved from /home/lucky/.local/lib/python3.10/site-packages/airflow/example_dags/plugins/workday.py
[2024-04-08T01:33:04.890+0530] {processor.py:183} INFO - Processing /home/lucky/.local/lib/python3.10/site-packages/airflow/example_dags/plugins/workday.py took 0.562 seconds
[2024-04-08T01:33:52.297+0530] {processor.py:161} INFO - Started process (PID=68850) to work on /home/lucky/.local/lib/python3.10/site-packages/airflow/example_dags/plugins/workday.py
[2024-04-08T01:33:52.299+0530] {processor.py:830} INFO - Processing file /home/lucky/.local/lib/python3.10/site-packages/airflow/example_dags/plugins/workday.py for tasks to queue
[2024-04-08T01:33:52.300+0530] {logging_mixin.py:188} INFO - [2024-04-08T01:33:52.299+0530] {dagbag.py:538} INFO - Filling up the DagBag from /home/lucky/.local/lib/python3.10/site-packages/airflow/example_dags/plugins/workday.py
[2024-04-08T01:33:53.023+0530] {processor.py:842} WARNING - No viable dags retrieved from /home/lucky/.local/lib/python3.10/site-packages/airflow/example_dags/plugins/workday.py
[2024-04-08T01:33:53.030+0530] {processor.py:183} INFO - Processing /home/lucky/.local/lib/python3.10/site-packages/airflow/example_dags/plugins/workday.py took 0.736 seconds
[2024-04-08T01:34:47.936+0530] {processor.py:161} INFO - Started process (PID=69793) to work on /home/lucky/.local/lib/python3.10/site-packages/airflow/example_dags/plugins/workday.py
[2024-04-08T01:34:47.938+0530] {processor.py:830} INFO - Processing file /home/lucky/.local/lib/python3.10/site-packages/airflow/example_dags/plugins/workday.py for tasks to queue
[2024-04-08T01:34:47.939+0530] {logging_mixin.py:188} INFO - [2024-04-08T01:34:47.939+0530] {dagbag.py:538} INFO - Filling up the DagBag from /home/lucky/.local/lib/python3.10/site-packages/airflow/example_dags/plugins/workday.py
[2024-04-08T01:34:52.285+0530] {processor.py:842} WARNING - No viable dags retrieved from /home/lucky/.local/lib/python3.10/site-packages/airflow/example_dags/plugins/workday.py
[2024-04-08T01:34:52.308+0530] {processor.py:183} INFO - Processing /home/lucky/.local/lib/python3.10/site-packages/airflow/example_dags/plugins/workday.py took 4.375 seconds
[2024-04-08T01:37:24.236+0530] {processor.py:161} INFO - Started process (PID=71787) to work on /home/lucky/.local/lib/python3.10/site-packages/airflow/example_dags/plugins/workday.py
[2024-04-08T01:37:24.237+0530] {processor.py:830} INFO - Processing file /home/lucky/.local/lib/python3.10/site-packages/airflow/example_dags/plugins/workday.py for tasks to queue
[2024-04-08T01:37:24.239+0530] {logging_mixin.py:188} INFO - [2024-04-08T01:37:24.238+0530] {dagbag.py:538} INFO - Filling up the DagBag from /home/lucky/.local/lib/python3.10/site-packages/airflow/example_dags/plugins/workday.py
[2024-04-08T01:37:26.650+0530] {processor.py:842} WARNING - No viable dags retrieved from /home/lucky/.local/lib/python3.10/site-packages/airflow/example_dags/plugins/workday.py
[2024-04-08T01:37:26.663+0530] {processor.py:183} INFO - Processing /home/lucky/.local/lib/python3.10/site-packages/airflow/example_dags/plugins/workday.py took 2.431 seconds
[2024-04-08T01:39:10.974+0530] {processor.py:161} INFO - Started process (PID=73453) to work on /home/lucky/.local/lib/python3.10/site-packages/airflow/example_dags/plugins/workday.py
[2024-04-08T01:39:10.976+0530] {processor.py:830} INFO - Processing file /home/lucky/.local/lib/python3.10/site-packages/airflow/example_dags/plugins/workday.py for tasks to queue
[2024-04-08T01:39:10.977+0530] {logging_mixin.py:188} INFO - [2024-04-08T01:39:10.976+0530] {dagbag.py:538} INFO - Filling up the DagBag from /home/lucky/.local/lib/python3.10/site-packages/airflow/example_dags/plugins/workday.py
[2024-04-08T01:39:11.771+0530] {processor.py:842} WARNING - No viable dags retrieved from /home/lucky/.local/lib/python3.10/site-packages/airflow/example_dags/plugins/workday.py
[2024-04-08T01:39:11.781+0530] {processor.py:183} INFO - Processing /home/lucky/.local/lib/python3.10/site-packages/airflow/example_dags/plugins/workday.py took 0.810 seconds
[2024-04-08T01:40:19.499+0530] {processor.py:161} INFO - Started process (PID=74518) to work on /home/lucky/.local/lib/python3.10/site-packages/airflow/example_dags/plugins/workday.py
[2024-04-08T01:40:19.502+0530] {processor.py:830} INFO - Processing file /home/lucky/.local/lib/python3.10/site-packages/airflow/example_dags/plugins/workday.py for tasks to queue
[2024-04-08T01:40:19.503+0530] {logging_mixin.py:188} INFO - [2024-04-08T01:40:19.502+0530] {dagbag.py:538} INFO - Filling up the DagBag from /home/lucky/.local/lib/python3.10/site-packages/airflow/example_dags/plugins/workday.py
[2024-04-08T01:40:20.589+0530] {processor.py:842} WARNING - No viable dags retrieved from /home/lucky/.local/lib/python3.10/site-packages/airflow/example_dags/plugins/workday.py
[2024-04-08T01:40:20.617+0530] {processor.py:183} INFO - Processing /home/lucky/.local/lib/python3.10/site-packages/airflow/example_dags/plugins/workday.py took 1.122 seconds
[2024-04-08T01:41:09.463+0530] {processor.py:161} INFO - Started process (PID=75382) to work on /home/lucky/.local/lib/python3.10/site-packages/airflow/example_dags/plugins/workday.py
[2024-04-08T01:41:09.465+0530] {processor.py:830} INFO - Processing file /home/lucky/.local/lib/python3.10/site-packages/airflow/example_dags/plugins/workday.py for tasks to queue
[2024-04-08T01:41:09.467+0530] {logging_mixin.py:188} INFO - [2024-04-08T01:41:09.466+0530] {dagbag.py:538} INFO - Filling up the DagBag from /home/lucky/.local/lib/python3.10/site-packages/airflow/example_dags/plugins/workday.py
[2024-04-08T01:41:10.221+0530] {processor.py:842} WARNING - No viable dags retrieved from /home/lucky/.local/lib/python3.10/site-packages/airflow/example_dags/plugins/workday.py
[2024-04-08T01:41:10.229+0530] {processor.py:183} INFO - Processing /home/lucky/.local/lib/python3.10/site-packages/airflow/example_dags/plugins/workday.py took 0.770 seconds
[2024-04-08T01:42:01.202+0530] {processor.py:161} INFO - Started process (PID=75996) to work on /home/lucky/.local/lib/python3.10/site-packages/airflow/example_dags/plugins/workday.py
[2024-04-08T01:42:01.204+0530] {processor.py:830} INFO - Processing file /home/lucky/.local/lib/python3.10/site-packages/airflow/example_dags/plugins/workday.py for tasks to queue
[2024-04-08T01:42:01.205+0530] {logging_mixin.py:188} INFO - [2024-04-08T01:42:01.205+0530] {dagbag.py:538} INFO - Filling up the DagBag from /home/lucky/.local/lib/python3.10/site-packages/airflow/example_dags/plugins/workday.py
[2024-04-08T01:42:01.996+0530] {processor.py:842} WARNING - No viable dags retrieved from /home/lucky/.local/lib/python3.10/site-packages/airflow/example_dags/plugins/workday.py
[2024-04-08T01:42:02.007+0530] {processor.py:183} INFO - Processing /home/lucky/.local/lib/python3.10/site-packages/airflow/example_dags/plugins/workday.py took 0.808 seconds
[2024-04-08T01:42:54.418+0530] {processor.py:161} INFO - Started process (PID=76891) to work on /home/lucky/.local/lib/python3.10/site-packages/airflow/example_dags/plugins/workday.py
[2024-04-08T01:42:54.419+0530] {processor.py:830} INFO - Processing file /home/lucky/.local/lib/python3.10/site-packages/airflow/example_dags/plugins/workday.py for tasks to queue
[2024-04-08T01:42:54.421+0530] {logging_mixin.py:188} INFO - [2024-04-08T01:42:54.421+0530] {dagbag.py:538} INFO - Filling up the DagBag from /home/lucky/.local/lib/python3.10/site-packages/airflow/example_dags/plugins/workday.py
[2024-04-08T01:42:55.220+0530] {processor.py:842} WARNING - No viable dags retrieved from /home/lucky/.local/lib/python3.10/site-packages/airflow/example_dags/plugins/workday.py
[2024-04-08T01:42:55.228+0530] {processor.py:183} INFO - Processing /home/lucky/.local/lib/python3.10/site-packages/airflow/example_dags/plugins/workday.py took 0.815 seconds
[2024-04-08T01:43:52.132+0530] {processor.py:161} INFO - Started process (PID=77677) to work on /home/lucky/.local/lib/python3.10/site-packages/airflow/example_dags/plugins/workday.py
[2024-04-08T01:43:52.135+0530] {processor.py:830} INFO - Processing file /home/lucky/.local/lib/python3.10/site-packages/airflow/example_dags/plugins/workday.py for tasks to queue
[2024-04-08T01:43:52.137+0530] {logging_mixin.py:188} INFO - [2024-04-08T01:43:52.136+0530] {dagbag.py:538} INFO - Filling up the DagBag from /home/lucky/.local/lib/python3.10/site-packages/airflow/example_dags/plugins/workday.py
[2024-04-08T01:43:53.301+0530] {processor.py:842} WARNING - No viable dags retrieved from /home/lucky/.local/lib/python3.10/site-packages/airflow/example_dags/plugins/workday.py
[2024-04-08T01:43:53.316+0530] {processor.py:183} INFO - Processing /home/lucky/.local/lib/python3.10/site-packages/airflow/example_dags/plugins/workday.py took 1.190 seconds
[2024-04-08T01:48:03.235+0530] {processor.py:161} INFO - Started process (PID=81570) to work on /home/lucky/.local/lib/python3.10/site-packages/airflow/example_dags/plugins/workday.py
[2024-04-08T01:48:03.237+0530] {processor.py:830} INFO - Processing file /home/lucky/.local/lib/python3.10/site-packages/airflow/example_dags/plugins/workday.py for tasks to queue
[2024-04-08T01:48:03.239+0530] {logging_mixin.py:188} INFO - [2024-04-08T01:48:03.238+0530] {dagbag.py:538} INFO - Filling up the DagBag from /home/lucky/.local/lib/python3.10/site-packages/airflow/example_dags/plugins/workday.py
[2024-04-08T01:48:03.871+0530] {processor.py:842} WARNING - No viable dags retrieved from /home/lucky/.local/lib/python3.10/site-packages/airflow/example_dags/plugins/workday.py
[2024-04-08T01:48:03.879+0530] {processor.py:183} INFO - Processing /home/lucky/.local/lib/python3.10/site-packages/airflow/example_dags/plugins/workday.py took 0.647 seconds
[2024-04-08T01:49:00.429+0530] {processor.py:161} INFO - Started process (PID=82540) to work on /home/lucky/.local/lib/python3.10/site-packages/airflow/example_dags/plugins/workday.py
[2024-04-08T01:49:00.430+0530] {processor.py:830} INFO - Processing file /home/lucky/.local/lib/python3.10/site-packages/airflow/example_dags/plugins/workday.py for tasks to queue
[2024-04-08T01:49:00.432+0530] {logging_mixin.py:188} INFO - [2024-04-08T01:49:00.431+0530] {dagbag.py:538} INFO - Filling up the DagBag from /home/lucky/.local/lib/python3.10/site-packages/airflow/example_dags/plugins/workday.py
[2024-04-08T01:49:01.189+0530] {processor.py:842} WARNING - No viable dags retrieved from /home/lucky/.local/lib/python3.10/site-packages/airflow/example_dags/plugins/workday.py
[2024-04-08T01:49:01.197+0530] {processor.py:183} INFO - Processing /home/lucky/.local/lib/python3.10/site-packages/airflow/example_dags/plugins/workday.py took 0.772 seconds
[2024-04-08T01:49:57.128+0530] {processor.py:161} INFO - Started process (PID=83470) to work on /home/lucky/.local/lib/python3.10/site-packages/airflow/example_dags/plugins/workday.py
[2024-04-08T01:49:57.130+0530] {processor.py:830} INFO - Processing file /home/lucky/.local/lib/python3.10/site-packages/airflow/example_dags/plugins/workday.py for tasks to queue
[2024-04-08T01:49:57.131+0530] {logging_mixin.py:188} INFO - [2024-04-08T01:49:57.131+0530] {dagbag.py:538} INFO - Filling up the DagBag from /home/lucky/.local/lib/python3.10/site-packages/airflow/example_dags/plugins/workday.py
[2024-04-08T01:49:57.798+0530] {processor.py:842} WARNING - No viable dags retrieved from /home/lucky/.local/lib/python3.10/site-packages/airflow/example_dags/plugins/workday.py
[2024-04-08T01:49:57.805+0530] {processor.py:183} INFO - Processing /home/lucky/.local/lib/python3.10/site-packages/airflow/example_dags/plugins/workday.py took 0.679 seconds
[2024-04-08T01:50:53.144+0530] {processor.py:161} INFO - Started process (PID=84130) to work on /home/lucky/.local/lib/python3.10/site-packages/airflow/example_dags/plugins/workday.py
[2024-04-08T01:50:53.145+0530] {processor.py:830} INFO - Processing file /home/lucky/.local/lib/python3.10/site-packages/airflow/example_dags/plugins/workday.py for tasks to queue
[2024-04-08T01:50:53.146+0530] {logging_mixin.py:188} INFO - [2024-04-08T01:50:53.146+0530] {dagbag.py:538} INFO - Filling up the DagBag from /home/lucky/.local/lib/python3.10/site-packages/airflow/example_dags/plugins/workday.py
[2024-04-08T01:50:53.819+0530] {processor.py:842} WARNING - No viable dags retrieved from /home/lucky/.local/lib/python3.10/site-packages/airflow/example_dags/plugins/workday.py
[2024-04-08T01:50:53.828+0530] {processor.py:183} INFO - Processing /home/lucky/.local/lib/python3.10/site-packages/airflow/example_dags/plugins/workday.py took 0.688 seconds
[2024-04-08T01:52:18.158+0530] {processor.py:161} INFO - Started process (PID=85387) to work on /home/lucky/.local/lib/python3.10/site-packages/airflow/example_dags/plugins/workday.py
[2024-04-08T01:52:18.160+0530] {processor.py:830} INFO - Processing file /home/lucky/.local/lib/python3.10/site-packages/airflow/example_dags/plugins/workday.py for tasks to queue
[2024-04-08T01:52:18.162+0530] {logging_mixin.py:188} INFO - [2024-04-08T01:52:18.161+0530] {dagbag.py:538} INFO - Filling up the DagBag from /home/lucky/.local/lib/python3.10/site-packages/airflow/example_dags/plugins/workday.py
[2024-04-08T01:52:18.890+0530] {processor.py:842} WARNING - No viable dags retrieved from /home/lucky/.local/lib/python3.10/site-packages/airflow/example_dags/plugins/workday.py
[2024-04-08T01:52:18.897+0530] {processor.py:183} INFO - Processing /home/lucky/.local/lib/python3.10/site-packages/airflow/example_dags/plugins/workday.py took 0.743 seconds
[2024-04-08T01:53:10.965+0530] {processor.py:161} INFO - Started process (PID=86294) to work on /home/lucky/.local/lib/python3.10/site-packages/airflow/example_dags/plugins/workday.py
[2024-04-08T01:53:10.967+0530] {processor.py:830} INFO - Processing file /home/lucky/.local/lib/python3.10/site-packages/airflow/example_dags/plugins/workday.py for tasks to queue
[2024-04-08T01:53:10.969+0530] {logging_mixin.py:188} INFO - [2024-04-08T01:53:10.968+0530] {dagbag.py:538} INFO - Filling up the DagBag from /home/lucky/.local/lib/python3.10/site-packages/airflow/example_dags/plugins/workday.py
[2024-04-08T01:53:11.668+0530] {processor.py:842} WARNING - No viable dags retrieved from /home/lucky/.local/lib/python3.10/site-packages/airflow/example_dags/plugins/workday.py
[2024-04-08T01:53:11.689+0530] {processor.py:183} INFO - Processing /home/lucky/.local/lib/python3.10/site-packages/airflow/example_dags/plugins/workday.py took 0.728 seconds
[2024-04-08T01:53:59.031+0530] {processor.py:161} INFO - Started process (PID=86921) to work on /home/lucky/.local/lib/python3.10/site-packages/airflow/example_dags/plugins/workday.py
[2024-04-08T01:53:59.033+0530] {processor.py:830} INFO - Processing file /home/lucky/.local/lib/python3.10/site-packages/airflow/example_dags/plugins/workday.py for tasks to queue
[2024-04-08T01:53:59.035+0530] {logging_mixin.py:188} INFO - [2024-04-08T01:53:59.034+0530] {dagbag.py:538} INFO - Filling up the DagBag from /home/lucky/.local/lib/python3.10/site-packages/airflow/example_dags/plugins/workday.py
[2024-04-08T01:53:59.696+0530] {processor.py:842} WARNING - No viable dags retrieved from /home/lucky/.local/lib/python3.10/site-packages/airflow/example_dags/plugins/workday.py
[2024-04-08T01:53:59.704+0530] {processor.py:183} INFO - Processing /home/lucky/.local/lib/python3.10/site-packages/airflow/example_dags/plugins/workday.py took 0.677 seconds
[2024-04-08T01:54:42.793+0530] {processor.py:161} INFO - Started process (PID=87702) to work on /home/lucky/.local/lib/python3.10/site-packages/airflow/example_dags/plugins/workday.py
[2024-04-08T01:54:42.795+0530] {processor.py:830} INFO - Processing file /home/lucky/.local/lib/python3.10/site-packages/airflow/example_dags/plugins/workday.py for tasks to queue
[2024-04-08T01:54:42.796+0530] {logging_mixin.py:188} INFO - [2024-04-08T01:54:42.796+0530] {dagbag.py:538} INFO - Filling up the DagBag from /home/lucky/.local/lib/python3.10/site-packages/airflow/example_dags/plugins/workday.py
[2024-04-08T01:54:43.391+0530] {processor.py:842} WARNING - No viable dags retrieved from /home/lucky/.local/lib/python3.10/site-packages/airflow/example_dags/plugins/workday.py
[2024-04-08T01:54:43.397+0530] {processor.py:183} INFO - Processing /home/lucky/.local/lib/python3.10/site-packages/airflow/example_dags/plugins/workday.py took 0.607 seconds
[2024-04-08T01:55:30.480+0530] {processor.py:161} INFO - Started process (PID=88278) to work on /home/lucky/.local/lib/python3.10/site-packages/airflow/example_dags/plugins/workday.py
[2024-04-08T01:55:30.482+0530] {processor.py:830} INFO - Processing file /home/lucky/.local/lib/python3.10/site-packages/airflow/example_dags/plugins/workday.py for tasks to queue
[2024-04-08T01:55:30.485+0530] {logging_mixin.py:188} INFO - [2024-04-08T01:55:30.484+0530] {dagbag.py:538} INFO - Filling up the DagBag from /home/lucky/.local/lib/python3.10/site-packages/airflow/example_dags/plugins/workday.py
[2024-04-08T01:55:31.344+0530] {processor.py:842} WARNING - No viable dags retrieved from /home/lucky/.local/lib/python3.10/site-packages/airflow/example_dags/plugins/workday.py
[2024-04-08T01:55:31.353+0530] {processor.py:183} INFO - Processing /home/lucky/.local/lib/python3.10/site-packages/airflow/example_dags/plugins/workday.py took 0.878 seconds
[2024-04-08T01:56:34.251+0530] {processor.py:161} INFO - Started process (PID=89312) to work on /home/lucky/.local/lib/python3.10/site-packages/airflow/example_dags/plugins/workday.py
[2024-04-08T01:56:34.253+0530] {processor.py:830} INFO - Processing file /home/lucky/.local/lib/python3.10/site-packages/airflow/example_dags/plugins/workday.py for tasks to queue
[2024-04-08T01:56:34.254+0530] {logging_mixin.py:188} INFO - [2024-04-08T01:56:34.253+0530] {dagbag.py:538} INFO - Filling up the DagBag from /home/lucky/.local/lib/python3.10/site-packages/airflow/example_dags/plugins/workday.py
[2024-04-08T01:56:34.919+0530] {processor.py:842} WARNING - No viable dags retrieved from /home/lucky/.local/lib/python3.10/site-packages/airflow/example_dags/plugins/workday.py
[2024-04-08T01:56:34.930+0530] {processor.py:183} INFO - Processing /home/lucky/.local/lib/python3.10/site-packages/airflow/example_dags/plugins/workday.py took 0.681 seconds
[2024-04-08T01:57:26.015+0530] {processor.py:161} INFO - Started process (PID=90199) to work on /home/lucky/.local/lib/python3.10/site-packages/airflow/example_dags/plugins/workday.py
[2024-04-08T01:57:26.016+0530] {processor.py:830} INFO - Processing file /home/lucky/.local/lib/python3.10/site-packages/airflow/example_dags/plugins/workday.py for tasks to queue
[2024-04-08T01:57:26.017+0530] {logging_mixin.py:188} INFO - [2024-04-08T01:57:26.017+0530] {dagbag.py:538} INFO - Filling up the DagBag from /home/lucky/.local/lib/python3.10/site-packages/airflow/example_dags/plugins/workday.py
[2024-04-08T01:57:26.503+0530] {processor.py:842} WARNING - No viable dags retrieved from /home/lucky/.local/lib/python3.10/site-packages/airflow/example_dags/plugins/workday.py
[2024-04-08T01:57:26.508+0530] {processor.py:183} INFO - Processing /home/lucky/.local/lib/python3.10/site-packages/airflow/example_dags/plugins/workday.py took 0.497 seconds
[2024-04-08T01:58:18.334+0530] {processor.py:161} INFO - Started process (PID=90804) to work on /home/lucky/.local/lib/python3.10/site-packages/airflow/example_dags/plugins/workday.py
[2024-04-08T01:58:18.336+0530] {processor.py:830} INFO - Processing file /home/lucky/.local/lib/python3.10/site-packages/airflow/example_dags/plugins/workday.py for tasks to queue
[2024-04-08T01:58:18.337+0530] {logging_mixin.py:188} INFO - [2024-04-08T01:58:18.337+0530] {dagbag.py:538} INFO - Filling up the DagBag from /home/lucky/.local/lib/python3.10/site-packages/airflow/example_dags/plugins/workday.py
[2024-04-08T01:58:18.872+0530] {processor.py:842} WARNING - No viable dags retrieved from /home/lucky/.local/lib/python3.10/site-packages/airflow/example_dags/plugins/workday.py
[2024-04-08T01:58:18.878+0530] {processor.py:183} INFO - Processing /home/lucky/.local/lib/python3.10/site-packages/airflow/example_dags/plugins/workday.py took 0.547 seconds
[2024-04-08T01:59:08.074+0530] {processor.py:161} INFO - Started process (PID=91655) to work on /home/lucky/.local/lib/python3.10/site-packages/airflow/example_dags/plugins/workday.py
[2024-04-08T01:59:08.075+0530] {processor.py:830} INFO - Processing file /home/lucky/.local/lib/python3.10/site-packages/airflow/example_dags/plugins/workday.py for tasks to queue
[2024-04-08T01:59:08.076+0530] {logging_mixin.py:188} INFO - [2024-04-08T01:59:08.076+0530] {dagbag.py:538} INFO - Filling up the DagBag from /home/lucky/.local/lib/python3.10/site-packages/airflow/example_dags/plugins/workday.py
[2024-04-08T01:59:08.852+0530] {processor.py:842} WARNING - No viable dags retrieved from /home/lucky/.local/lib/python3.10/site-packages/airflow/example_dags/plugins/workday.py
[2024-04-08T01:59:08.863+0530] {processor.py:183} INFO - Processing /home/lucky/.local/lib/python3.10/site-packages/airflow/example_dags/plugins/workday.py took 0.792 seconds
[2024-04-08T01:59:57.792+0530] {processor.py:161} INFO - Started process (PID=92284) to work on /home/lucky/.local/lib/python3.10/site-packages/airflow/example_dags/plugins/workday.py
[2024-04-08T01:59:57.793+0530] {processor.py:830} INFO - Processing file /home/lucky/.local/lib/python3.10/site-packages/airflow/example_dags/plugins/workday.py for tasks to queue
[2024-04-08T01:59:57.794+0530] {logging_mixin.py:188} INFO - [2024-04-08T01:59:57.794+0530] {dagbag.py:538} INFO - Filling up the DagBag from /home/lucky/.local/lib/python3.10/site-packages/airflow/example_dags/plugins/workday.py
[2024-04-08T01:59:58.618+0530] {processor.py:842} WARNING - No viable dags retrieved from /home/lucky/.local/lib/python3.10/site-packages/airflow/example_dags/plugins/workday.py
[2024-04-08T01:59:58.629+0530] {processor.py:183} INFO - Processing /home/lucky/.local/lib/python3.10/site-packages/airflow/example_dags/plugins/workday.py took 0.841 seconds
[2024-04-08T02:00:45.823+0530] {processor.py:161} INFO - Started process (PID=93124) to work on /home/lucky/.local/lib/python3.10/site-packages/airflow/example_dags/plugins/workday.py
[2024-04-08T02:00:45.825+0530] {processor.py:830} INFO - Processing file /home/lucky/.local/lib/python3.10/site-packages/airflow/example_dags/plugins/workday.py for tasks to queue
[2024-04-08T02:00:45.826+0530] {logging_mixin.py:188} INFO - [2024-04-08T02:00:45.825+0530] {dagbag.py:538} INFO - Filling up the DagBag from /home/lucky/.local/lib/python3.10/site-packages/airflow/example_dags/plugins/workday.py
[2024-04-08T02:00:46.339+0530] {processor.py:842} WARNING - No viable dags retrieved from /home/lucky/.local/lib/python3.10/site-packages/airflow/example_dags/plugins/workday.py
[2024-04-08T02:00:46.346+0530] {processor.py:183} INFO - Processing /home/lucky/.local/lib/python3.10/site-packages/airflow/example_dags/plugins/workday.py took 0.526 seconds
[2024-04-08T02:01:37.667+0530] {processor.py:161} INFO - Started process (PID=93923) to work on /home/lucky/.local/lib/python3.10/site-packages/airflow/example_dags/plugins/workday.py
[2024-04-08T02:01:37.672+0530] {processor.py:830} INFO - Processing file /home/lucky/.local/lib/python3.10/site-packages/airflow/example_dags/plugins/workday.py for tasks to queue
[2024-04-08T02:01:37.673+0530] {logging_mixin.py:188} INFO - [2024-04-08T02:01:37.673+0530] {dagbag.py:538} INFO - Filling up the DagBag from /home/lucky/.local/lib/python3.10/site-packages/airflow/example_dags/plugins/workday.py
[2024-04-08T02:01:38.278+0530] {processor.py:842} WARNING - No viable dags retrieved from /home/lucky/.local/lib/python3.10/site-packages/airflow/example_dags/plugins/workday.py
[2024-04-08T02:01:38.287+0530] {processor.py:183} INFO - Processing /home/lucky/.local/lib/python3.10/site-packages/airflow/example_dags/plugins/workday.py took 0.622 seconds
[2024-04-08T02:02:27.116+0530] {processor.py:161} INFO - Started process (PID=94600) to work on /home/lucky/.local/lib/python3.10/site-packages/airflow/example_dags/plugins/workday.py
[2024-04-08T02:02:27.118+0530] {processor.py:830} INFO - Processing file /home/lucky/.local/lib/python3.10/site-packages/airflow/example_dags/plugins/workday.py for tasks to queue
[2024-04-08T02:02:27.119+0530] {logging_mixin.py:188} INFO - [2024-04-08T02:02:27.119+0530] {dagbag.py:538} INFO - Filling up the DagBag from /home/lucky/.local/lib/python3.10/site-packages/airflow/example_dags/plugins/workday.py
[2024-04-08T02:02:27.929+0530] {processor.py:842} WARNING - No viable dags retrieved from /home/lucky/.local/lib/python3.10/site-packages/airflow/example_dags/plugins/workday.py
[2024-04-08T02:02:27.938+0530] {processor.py:183} INFO - Processing /home/lucky/.local/lib/python3.10/site-packages/airflow/example_dags/plugins/workday.py took 0.827 seconds
[2024-04-08T02:03:16.110+0530] {processor.py:161} INFO - Started process (PID=95444) to work on /home/lucky/.local/lib/python3.10/site-packages/airflow/example_dags/plugins/workday.py
[2024-04-08T02:03:16.112+0530] {processor.py:830} INFO - Processing file /home/lucky/.local/lib/python3.10/site-packages/airflow/example_dags/plugins/workday.py for tasks to queue
[2024-04-08T02:03:16.114+0530] {logging_mixin.py:188} INFO - [2024-04-08T02:03:16.113+0530] {dagbag.py:538} INFO - Filling up the DagBag from /home/lucky/.local/lib/python3.10/site-packages/airflow/example_dags/plugins/workday.py
[2024-04-08T02:03:17.285+0530] {processor.py:842} WARNING - No viable dags retrieved from /home/lucky/.local/lib/python3.10/site-packages/airflow/example_dags/plugins/workday.py
[2024-04-08T02:03:17.306+0530] {processor.py:183} INFO - Processing /home/lucky/.local/lib/python3.10/site-packages/airflow/example_dags/plugins/workday.py took 1.212 seconds
[2024-04-08T02:04:05.913+0530] {processor.py:161} INFO - Started process (PID=96073) to work on /home/lucky/.local/lib/python3.10/site-packages/airflow/example_dags/plugins/workday.py
[2024-04-08T02:04:05.917+0530] {processor.py:830} INFO - Processing file /home/lucky/.local/lib/python3.10/site-packages/airflow/example_dags/plugins/workday.py for tasks to queue
[2024-04-08T02:04:05.920+0530] {logging_mixin.py:188} INFO - [2024-04-08T02:04:05.919+0530] {dagbag.py:538} INFO - Filling up the DagBag from /home/lucky/.local/lib/python3.10/site-packages/airflow/example_dags/plugins/workday.py
[2024-04-08T02:04:07.304+0530] {processor.py:842} WARNING - No viable dags retrieved from /home/lucky/.local/lib/python3.10/site-packages/airflow/example_dags/plugins/workday.py
[2024-04-08T02:04:07.318+0530] {processor.py:183} INFO - Processing /home/lucky/.local/lib/python3.10/site-packages/airflow/example_dags/plugins/workday.py took 1.414 seconds
[2024-04-08T02:05:02.744+0530] {processor.py:161} INFO - Started process (PID=97014) to work on /home/lucky/.local/lib/python3.10/site-packages/airflow/example_dags/plugins/workday.py
[2024-04-08T02:05:02.746+0530] {processor.py:830} INFO - Processing file /home/lucky/.local/lib/python3.10/site-packages/airflow/example_dags/plugins/workday.py for tasks to queue
[2024-04-08T02:05:02.747+0530] {logging_mixin.py:188} INFO - [2024-04-08T02:05:02.746+0530] {dagbag.py:538} INFO - Filling up the DagBag from /home/lucky/.local/lib/python3.10/site-packages/airflow/example_dags/plugins/workday.py
[2024-04-08T02:05:03.406+0530] {processor.py:842} WARNING - No viable dags retrieved from /home/lucky/.local/lib/python3.10/site-packages/airflow/example_dags/plugins/workday.py
[2024-04-08T02:05:03.419+0530] {processor.py:183} INFO - Processing /home/lucky/.local/lib/python3.10/site-packages/airflow/example_dags/plugins/workday.py took 0.678 seconds
[2024-04-08T02:05:53.451+0530] {processor.py:161} INFO - Started process (PID=97796) to work on /home/lucky/.local/lib/python3.10/site-packages/airflow/example_dags/plugins/workday.py
[2024-04-08T02:05:53.453+0530] {processor.py:830} INFO - Processing file /home/lucky/.local/lib/python3.10/site-packages/airflow/example_dags/plugins/workday.py for tasks to queue
[2024-04-08T02:05:53.455+0530] {logging_mixin.py:188} INFO - [2024-04-08T02:05:53.455+0530] {dagbag.py:538} INFO - Filling up the DagBag from /home/lucky/.local/lib/python3.10/site-packages/airflow/example_dags/plugins/workday.py
[2024-04-08T02:05:54.612+0530] {processor.py:842} WARNING - No viable dags retrieved from /home/lucky/.local/lib/python3.10/site-packages/airflow/example_dags/plugins/workday.py
[2024-04-08T02:05:54.626+0530] {processor.py:183} INFO - Processing /home/lucky/.local/lib/python3.10/site-packages/airflow/example_dags/plugins/workday.py took 1.180 seconds
[2024-04-08T02:06:46.137+0530] {processor.py:161} INFO - Started process (PID=98500) to work on /home/lucky/.local/lib/python3.10/site-packages/airflow/example_dags/plugins/workday.py
[2024-04-08T02:06:46.149+0530] {processor.py:830} INFO - Processing file /home/lucky/.local/lib/python3.10/site-packages/airflow/example_dags/plugins/workday.py for tasks to queue
[2024-04-08T02:06:46.150+0530] {logging_mixin.py:188} INFO - [2024-04-08T02:06:46.149+0530] {dagbag.py:538} INFO - Filling up the DagBag from /home/lucky/.local/lib/python3.10/site-packages/airflow/example_dags/plugins/workday.py
[2024-04-08T02:06:46.685+0530] {processor.py:842} WARNING - No viable dags retrieved from /home/lucky/.local/lib/python3.10/site-packages/airflow/example_dags/plugins/workday.py
[2024-04-08T02:06:46.692+0530] {processor.py:183} INFO - Processing /home/lucky/.local/lib/python3.10/site-packages/airflow/example_dags/plugins/workday.py took 0.558 seconds
[2024-04-08T02:07:39.404+0530] {processor.py:161} INFO - Started process (PID=99432) to work on /home/lucky/.local/lib/python3.10/site-packages/airflow/example_dags/plugins/workday.py
[2024-04-08T02:07:39.406+0530] {processor.py:830} INFO - Processing file /home/lucky/.local/lib/python3.10/site-packages/airflow/example_dags/plugins/workday.py for tasks to queue
[2024-04-08T02:07:39.407+0530] {logging_mixin.py:188} INFO - [2024-04-08T02:07:39.407+0530] {dagbag.py:538} INFO - Filling up the DagBag from /home/lucky/.local/lib/python3.10/site-packages/airflow/example_dags/plugins/workday.py
[2024-04-08T02:07:40.296+0530] {processor.py:842} WARNING - No viable dags retrieved from /home/lucky/.local/lib/python3.10/site-packages/airflow/example_dags/plugins/workday.py
[2024-04-08T02:07:40.303+0530] {processor.py:183} INFO - Processing /home/lucky/.local/lib/python3.10/site-packages/airflow/example_dags/plugins/workday.py took 0.903 seconds
[2024-04-08T02:08:36.961+0530] {processor.py:161} INFO - Started process (PID=100121) to work on /home/lucky/.local/lib/python3.10/site-packages/airflow/example_dags/plugins/workday.py
[2024-04-08T02:08:36.974+0530] {processor.py:830} INFO - Processing file /home/lucky/.local/lib/python3.10/site-packages/airflow/example_dags/plugins/workday.py for tasks to queue
[2024-04-08T02:08:36.975+0530] {logging_mixin.py:188} INFO - [2024-04-08T02:08:36.974+0530] {dagbag.py:538} INFO - Filling up the DagBag from /home/lucky/.local/lib/python3.10/site-packages/airflow/example_dags/plugins/workday.py
[2024-04-08T02:08:37.520+0530] {processor.py:842} WARNING - No viable dags retrieved from /home/lucky/.local/lib/python3.10/site-packages/airflow/example_dags/plugins/workday.py
[2024-04-08T02:08:37.527+0530] {processor.py:183} INFO - Processing /home/lucky/.local/lib/python3.10/site-packages/airflow/example_dags/plugins/workday.py took 0.569 seconds
[2024-04-08T02:09:33.432+0530] {processor.py:161} INFO - Started process (PID=101637) to work on /home/lucky/.local/lib/python3.10/site-packages/airflow/example_dags/plugins/workday.py
[2024-04-08T02:09:33.434+0530] {processor.py:830} INFO - Processing file /home/lucky/.local/lib/python3.10/site-packages/airflow/example_dags/plugins/workday.py for tasks to queue
[2024-04-08T02:09:33.435+0530] {logging_mixin.py:188} INFO - [2024-04-08T02:09:33.435+0530] {dagbag.py:538} INFO - Filling up the DagBag from /home/lucky/.local/lib/python3.10/site-packages/airflow/example_dags/plugins/workday.py
[2024-04-08T02:09:33.875+0530] {processor.py:842} WARNING - No viable dags retrieved from /home/lucky/.local/lib/python3.10/site-packages/airflow/example_dags/plugins/workday.py
[2024-04-08T02:09:33.884+0530] {processor.py:183} INFO - Processing /home/lucky/.local/lib/python3.10/site-packages/airflow/example_dags/plugins/workday.py took 0.456 seconds
[2024-04-08T02:10:24.918+0530] {processor.py:161} INFO - Started process (PID=103627) to work on /home/lucky/.local/lib/python3.10/site-packages/airflow/example_dags/plugins/workday.py
[2024-04-08T02:10:24.920+0530] {processor.py:830} INFO - Processing file /home/lucky/.local/lib/python3.10/site-packages/airflow/example_dags/plugins/workday.py for tasks to queue
[2024-04-08T02:10:24.923+0530] {logging_mixin.py:188} INFO - [2024-04-08T02:10:24.922+0530] {dagbag.py:538} INFO - Filling up the DagBag from /home/lucky/.local/lib/python3.10/site-packages/airflow/example_dags/plugins/workday.py
[2024-04-08T02:10:25.876+0530] {processor.py:842} WARNING - No viable dags retrieved from /home/lucky/.local/lib/python3.10/site-packages/airflow/example_dags/plugins/workday.py
[2024-04-08T02:10:25.893+0530] {processor.py:183} INFO - Processing /home/lucky/.local/lib/python3.10/site-packages/airflow/example_dags/plugins/workday.py took 0.979 seconds
