[2024-03-02T16:12:11.015+0530] {processor.py:161} INFO - Started process (PID=118759) to work on /home/lucky/airflow/dags/data_fetch_pipeline.py
[2024-03-02T16:12:11.015+0530] {processor.py:830} INFO - Processing file /home/lucky/airflow/dags/data_fetch_pipeline.py for tasks to queue
[2024-03-02T16:12:11.016+0530] {logging_mixin.py:188} INFO - [2024-03-02T16:12:11.016+0530] {dagbag.py:538} INFO - Filling up the DagBag from /home/lucky/airflow/dags/data_fetch_pipeline.py
[2024-03-02T16:12:11.023+0530] {logging_mixin.py:188} INFO - [2024-03-02T16:12:11.021+0530] {dagbag.py:348} ERROR - Failed to import: /home/lucky/airflow/dags/data_fetch_pipeline.py
Traceback (most recent call last):
  File "/home/lucky/.local/lib/python3.10/site-packages/airflow/models/dagbag.py", line 344, in parse
    loader.exec_module(new_module)
  File "<frozen importlib._bootstrap_external>", line 883, in exec_module
  File "<frozen importlib._bootstrap>", line 241, in _call_with_frames_removed
  File "/home/lucky/airflow/dags/data_fetch_pipeline.py", line 283, in <module>
    "execution_count": null,
NameError: name 'null' is not defined
[2024-03-02T16:12:11.023+0530] {processor.py:842} WARNING - No viable dags retrieved from /home/lucky/airflow/dags/data_fetch_pipeline.py
[2024-03-02T16:12:11.039+0530] {processor.py:183} INFO - Processing /home/lucky/airflow/dags/data_fetch_pipeline.py took 0.027 seconds
[2024-03-02T16:13:33.928+0530] {processor.py:161} INFO - Started process (PID=119840) to work on /home/lucky/airflow/dags/data_fetch_pipeline.py
[2024-03-02T16:13:33.929+0530] {processor.py:830} INFO - Processing file /home/lucky/airflow/dags/data_fetch_pipeline.py for tasks to queue
[2024-03-02T16:13:33.930+0530] {logging_mixin.py:188} INFO - [2024-03-02T16:13:33.929+0530] {dagbag.py:538} INFO - Filling up the DagBag from /home/lucky/airflow/dags/data_fetch_pipeline.py
[2024-03-02T16:13:33.932+0530] {logging_mixin.py:188} INFO - [2024-03-02T16:13:33.932+0530] {dagbag.py:348} ERROR - Failed to import: /home/lucky/airflow/dags/data_fetch_pipeline.py
Traceback (most recent call last):
  File "/home/lucky/.local/lib/python3.10/site-packages/airflow/models/dagbag.py", line 344, in parse
    loader.exec_module(new_module)
  File "<frozen importlib._bootstrap_external>", line 883, in exec_module
  File "<frozen importlib._bootstrap>", line 241, in _call_with_frames_removed
  File "/home/lucky/airflow/dags/data_fetch_pipeline.py", line 283, in <module>
    "execution_count": null,
NameError: name 'null' is not defined
[2024-03-02T16:13:33.933+0530] {processor.py:842} WARNING - No viable dags retrieved from /home/lucky/airflow/dags/data_fetch_pipeline.py
[2024-03-02T16:13:33.950+0530] {processor.py:183} INFO - Processing /home/lucky/airflow/dags/data_fetch_pipeline.py took 0.025 seconds
[2024-03-02T16:15:00.620+0530] {processor.py:161} INFO - Started process (PID=120952) to work on /home/lucky/airflow/dags/data_fetch_pipeline.py
[2024-03-02T16:15:00.622+0530] {processor.py:830} INFO - Processing file /home/lucky/airflow/dags/data_fetch_pipeline.py for tasks to queue
[2024-03-02T16:15:00.623+0530] {logging_mixin.py:188} INFO - [2024-03-02T16:15:00.623+0530] {dagbag.py:538} INFO - Filling up the DagBag from /home/lucky/airflow/dags/data_fetch_pipeline.py
[2024-03-02T16:15:00.626+0530] {logging_mixin.py:188} INFO - [2024-03-02T16:15:00.625+0530] {dagbag.py:348} ERROR - Failed to import: /home/lucky/airflow/dags/data_fetch_pipeline.py
Traceback (most recent call last):
  File "/home/lucky/.local/lib/python3.10/site-packages/airflow/models/dagbag.py", line 344, in parse
    loader.exec_module(new_module)
  File "<frozen importlib._bootstrap_external>", line 883, in exec_module
  File "<frozen importlib._bootstrap>", line 241, in _call_with_frames_removed
  File "/home/lucky/airflow/dags/data_fetch_pipeline.py", line 283, in <module>
    "execution_count": null,
NameError: name 'null' is not defined
[2024-03-02T16:15:00.626+0530] {processor.py:842} WARNING - No viable dags retrieved from /home/lucky/airflow/dags/data_fetch_pipeline.py
[2024-03-02T16:15:00.643+0530] {processor.py:183} INFO - Processing /home/lucky/airflow/dags/data_fetch_pipeline.py took 0.025 seconds
[2024-03-02T16:16:00.080+0530] {processor.py:161} INFO - Started process (PID=121783) to work on /home/lucky/airflow/dags/data_fetch_pipeline.py
[2024-03-02T16:16:00.082+0530] {processor.py:830} INFO - Processing file /home/lucky/airflow/dags/data_fetch_pipeline.py for tasks to queue
[2024-03-02T16:16:00.083+0530] {logging_mixin.py:188} INFO - [2024-03-02T16:16:00.082+0530] {dagbag.py:538} INFO - Filling up the DagBag from /home/lucky/airflow/dags/data_fetch_pipeline.py
[2024-03-02T16:16:00.087+0530] {logging_mixin.py:188} INFO - [2024-03-02T16:16:00.086+0530] {dagbag.py:348} ERROR - Failed to import: /home/lucky/airflow/dags/data_fetch_pipeline.py
Traceback (most recent call last):
  File "/home/lucky/.local/lib/python3.10/site-packages/airflow/models/dagbag.py", line 344, in parse
    loader.exec_module(new_module)
  File "<frozen importlib._bootstrap_external>", line 883, in exec_module
  File "<frozen importlib._bootstrap>", line 241, in _call_with_frames_removed
  File "/home/lucky/airflow/dags/data_fetch_pipeline.py", line 283, in <module>
    "execution_count": null,
NameError: name 'null' is not defined
[2024-03-02T16:16:00.087+0530] {processor.py:842} WARNING - No viable dags retrieved from /home/lucky/airflow/dags/data_fetch_pipeline.py
[2024-03-02T16:16:00.110+0530] {processor.py:183} INFO - Processing /home/lucky/airflow/dags/data_fetch_pipeline.py took 0.033 seconds
[2024-03-02T16:16:49.838+0530] {processor.py:161} INFO - Started process (PID=122330) to work on /home/lucky/airflow/dags/data_fetch_pipeline.py
[2024-03-02T16:16:49.840+0530] {processor.py:830} INFO - Processing file /home/lucky/airflow/dags/data_fetch_pipeline.py for tasks to queue
[2024-03-02T16:16:49.841+0530] {logging_mixin.py:188} INFO - [2024-03-02T16:16:49.841+0530] {dagbag.py:538} INFO - Filling up the DagBag from /home/lucky/airflow/dags/data_fetch_pipeline.py
[2024-03-02T16:16:49.844+0530] {logging_mixin.py:188} INFO - [2024-03-02T16:16:49.843+0530] {dagbag.py:348} ERROR - Failed to import: /home/lucky/airflow/dags/data_fetch_pipeline.py
Traceback (most recent call last):
  File "/home/lucky/.local/lib/python3.10/site-packages/airflow/models/dagbag.py", line 344, in parse
    loader.exec_module(new_module)
  File "<frozen importlib._bootstrap_external>", line 883, in exec_module
  File "<frozen importlib._bootstrap>", line 241, in _call_with_frames_removed
  File "/home/lucky/airflow/dags/data_fetch_pipeline.py", line 283, in <module>
    "execution_count": null,
NameError: name 'null' is not defined
[2024-03-02T16:16:49.844+0530] {processor.py:842} WARNING - No viable dags retrieved from /home/lucky/airflow/dags/data_fetch_pipeline.py
[2024-03-02T16:16:49.864+0530] {processor.py:183} INFO - Processing /home/lucky/airflow/dags/data_fetch_pipeline.py took 0.029 seconds
[2024-03-02T16:18:09.165+0530] {processor.py:161} INFO - Started process (PID=123437) to work on /home/lucky/airflow/dags/data_fetch_pipeline.py
[2024-03-02T16:18:09.167+0530] {processor.py:830} INFO - Processing file /home/lucky/airflow/dags/data_fetch_pipeline.py for tasks to queue
[2024-03-02T16:18:09.168+0530] {logging_mixin.py:188} INFO - [2024-03-02T16:18:09.167+0530] {dagbag.py:538} INFO - Filling up the DagBag from /home/lucky/airflow/dags/data_fetch_pipeline.py
[2024-03-02T16:18:09.170+0530] {logging_mixin.py:188} INFO - [2024-03-02T16:18:09.169+0530] {dagbag.py:348} ERROR - Failed to import: /home/lucky/airflow/dags/data_fetch_pipeline.py
Traceback (most recent call last):
  File "/home/lucky/.local/lib/python3.10/site-packages/airflow/models/dagbag.py", line 344, in parse
    loader.exec_module(new_module)
  File "<frozen importlib._bootstrap_external>", line 883, in exec_module
  File "<frozen importlib._bootstrap>", line 241, in _call_with_frames_removed
  File "/home/lucky/airflow/dags/data_fetch_pipeline.py", line 283, in <module>
    "execution_count": null,
NameError: name 'null' is not defined
[2024-03-02T16:18:09.171+0530] {processor.py:842} WARNING - No viable dags retrieved from /home/lucky/airflow/dags/data_fetch_pipeline.py
[2024-03-02T16:18:09.187+0530] {processor.py:183} INFO - Processing /home/lucky/airflow/dags/data_fetch_pipeline.py took 0.025 seconds
[2024-03-02T16:20:19.609+0530] {processor.py:161} INFO - Started process (PID=125256) to work on /home/lucky/airflow/dags/data_fetch_pipeline.py
[2024-03-02T16:20:19.610+0530] {processor.py:830} INFO - Processing file /home/lucky/airflow/dags/data_fetch_pipeline.py for tasks to queue
[2024-03-02T16:20:19.612+0530] {logging_mixin.py:188} INFO - [2024-03-02T16:20:19.611+0530] {dagbag.py:538} INFO - Filling up the DagBag from /home/lucky/airflow/dags/data_fetch_pipeline.py
[2024-03-02T16:20:19.618+0530] {logging_mixin.py:188} INFO - [2024-03-02T16:20:19.616+0530] {dagbag.py:348} ERROR - Failed to import: /home/lucky/airflow/dags/data_fetch_pipeline.py
Traceback (most recent call last):
  File "/home/lucky/.local/lib/python3.10/site-packages/airflow/models/dagbag.py", line 344, in parse
    loader.exec_module(new_module)
  File "<frozen importlib._bootstrap_external>", line 883, in exec_module
  File "<frozen importlib._bootstrap>", line 241, in _call_with_frames_removed
  File "/home/lucky/airflow/dags/data_fetch_pipeline.py", line 283, in <module>
    "execution_count": null,
NameError: name 'null' is not defined
[2024-03-02T16:20:19.619+0530] {processor.py:842} WARNING - No viable dags retrieved from /home/lucky/airflow/dags/data_fetch_pipeline.py
[2024-03-02T16:20:19.651+0530] {processor.py:183} INFO - Processing /home/lucky/airflow/dags/data_fetch_pipeline.py took 0.047 seconds
[2024-03-02T16:21:13.126+0530] {processor.py:161} INFO - Started process (PID=125848) to work on /home/lucky/airflow/dags/data_fetch_pipeline.py
[2024-03-02T16:21:13.128+0530] {processor.py:830} INFO - Processing file /home/lucky/airflow/dags/data_fetch_pipeline.py for tasks to queue
[2024-03-02T16:21:13.131+0530] {logging_mixin.py:188} INFO - [2024-03-02T16:21:13.130+0530] {dagbag.py:538} INFO - Filling up the DagBag from /home/lucky/airflow/dags/data_fetch_pipeline.py
[2024-03-02T16:21:13.139+0530] {logging_mixin.py:188} INFO - [2024-03-02T16:21:13.137+0530] {dagbag.py:348} ERROR - Failed to import: /home/lucky/airflow/dags/data_fetch_pipeline.py
Traceback (most recent call last):
  File "/home/lucky/.local/lib/python3.10/site-packages/airflow/models/dagbag.py", line 344, in parse
    loader.exec_module(new_module)
  File "<frozen importlib._bootstrap_external>", line 883, in exec_module
  File "<frozen importlib._bootstrap>", line 241, in _call_with_frames_removed
  File "/home/lucky/airflow/dags/data_fetch_pipeline.py", line 283, in <module>
    "execution_count": null,
NameError: name 'null' is not defined
[2024-03-02T16:21:13.140+0530] {processor.py:842} WARNING - No viable dags retrieved from /home/lucky/airflow/dags/data_fetch_pipeline.py
[2024-03-02T16:21:13.174+0530] {processor.py:183} INFO - Processing /home/lucky/airflow/dags/data_fetch_pipeline.py took 0.053 seconds
[2024-03-02T16:21:59.726+0530] {processor.py:161} INFO - Started process (PID=126592) to work on /home/lucky/airflow/dags/data_fetch_pipeline.py
[2024-03-02T16:21:59.728+0530] {processor.py:830} INFO - Processing file /home/lucky/airflow/dags/data_fetch_pipeline.py for tasks to queue
[2024-03-02T16:21:59.729+0530] {logging_mixin.py:188} INFO - [2024-03-02T16:21:59.728+0530] {dagbag.py:538} INFO - Filling up the DagBag from /home/lucky/airflow/dags/data_fetch_pipeline.py
[2024-03-02T16:21:59.732+0530] {logging_mixin.py:188} INFO - [2024-03-02T16:21:59.731+0530] {dagbag.py:348} ERROR - Failed to import: /home/lucky/airflow/dags/data_fetch_pipeline.py
Traceback (most recent call last):
  File "/home/lucky/.local/lib/python3.10/site-packages/airflow/models/dagbag.py", line 344, in parse
    loader.exec_module(new_module)
  File "<frozen importlib._bootstrap_external>", line 883, in exec_module
  File "<frozen importlib._bootstrap>", line 241, in _call_with_frames_removed
  File "/home/lucky/airflow/dags/data_fetch_pipeline.py", line 283, in <module>
    "execution_count": null,
NameError: name 'null' is not defined
[2024-03-02T16:21:59.733+0530] {processor.py:842} WARNING - No viable dags retrieved from /home/lucky/airflow/dags/data_fetch_pipeline.py
[2024-03-02T16:21:59.753+0530] {processor.py:183} INFO - Processing /home/lucky/airflow/dags/data_fetch_pipeline.py took 0.030 seconds
[2024-03-02T16:22:58.187+0530] {processor.py:161} INFO - Started process (PID=127233) to work on /home/lucky/airflow/dags/data_fetch_pipeline.py
[2024-03-02T16:22:58.189+0530] {processor.py:830} INFO - Processing file /home/lucky/airflow/dags/data_fetch_pipeline.py for tasks to queue
[2024-03-02T16:22:58.197+0530] {logging_mixin.py:188} INFO - [2024-03-02T16:22:58.197+0530] {dagbag.py:538} INFO - Filling up the DagBag from /home/lucky/airflow/dags/data_fetch_pipeline.py
[2024-03-02T16:22:58.201+0530] {logging_mixin.py:188} INFO - [2024-03-02T16:22:58.200+0530] {dagbag.py:348} ERROR - Failed to import: /home/lucky/airflow/dags/data_fetch_pipeline.py
Traceback (most recent call last):
  File "/home/lucky/.local/lib/python3.10/site-packages/airflow/models/dagbag.py", line 344, in parse
    loader.exec_module(new_module)
  File "<frozen importlib._bootstrap_external>", line 883, in exec_module
  File "<frozen importlib._bootstrap>", line 241, in _call_with_frames_removed
  File "/home/lucky/airflow/dags/data_fetch_pipeline.py", line 283, in <module>
    "execution_count": null,
NameError: name 'null' is not defined
[2024-03-02T16:22:58.202+0530] {processor.py:842} WARNING - No viable dags retrieved from /home/lucky/airflow/dags/data_fetch_pipeline.py
[2024-03-02T16:22:58.226+0530] {processor.py:183} INFO - Processing /home/lucky/airflow/dags/data_fetch_pipeline.py took 0.042 seconds
[2024-03-02T16:24:02.886+0530] {processor.py:161} INFO - Started process (PID=128252) to work on /home/lucky/airflow/dags/data_fetch_pipeline.py
[2024-03-02T16:24:02.888+0530] {processor.py:830} INFO - Processing file /home/lucky/airflow/dags/data_fetch_pipeline.py for tasks to queue
[2024-03-02T16:24:02.889+0530] {logging_mixin.py:188} INFO - [2024-03-02T16:24:02.889+0530] {dagbag.py:538} INFO - Filling up the DagBag from /home/lucky/airflow/dags/data_fetch_pipeline.py
[2024-03-02T16:24:02.894+0530] {logging_mixin.py:188} INFO - [2024-03-02T16:24:02.893+0530] {dagbag.py:348} ERROR - Failed to import: /home/lucky/airflow/dags/data_fetch_pipeline.py
Traceback (most recent call last):
  File "/home/lucky/.local/lib/python3.10/site-packages/airflow/models/dagbag.py", line 344, in parse
    loader.exec_module(new_module)
  File "<frozen importlib._bootstrap_external>", line 883, in exec_module
  File "<frozen importlib._bootstrap>", line 241, in _call_with_frames_removed
  File "/home/lucky/airflow/dags/data_fetch_pipeline.py", line 283, in <module>
    "execution_count": null,
NameError: name 'null' is not defined
[2024-03-02T16:24:02.895+0530] {processor.py:842} WARNING - No viable dags retrieved from /home/lucky/airflow/dags/data_fetch_pipeline.py
[2024-03-02T16:24:02.917+0530] {processor.py:183} INFO - Processing /home/lucky/airflow/dags/data_fetch_pipeline.py took 0.036 seconds
[2024-03-02T16:25:00.116+0530] {processor.py:161} INFO - Started process (PID=128968) to work on /home/lucky/airflow/dags/data_fetch_pipeline.py
[2024-03-02T16:25:00.119+0530] {processor.py:830} INFO - Processing file /home/lucky/airflow/dags/data_fetch_pipeline.py for tasks to queue
[2024-03-02T16:25:00.120+0530] {logging_mixin.py:188} INFO - [2024-03-02T16:25:00.120+0530] {dagbag.py:538} INFO - Filling up the DagBag from /home/lucky/airflow/dags/data_fetch_pipeline.py
[2024-03-02T16:25:00.123+0530] {logging_mixin.py:188} INFO - [2024-03-02T16:25:00.122+0530] {dagbag.py:348} ERROR - Failed to import: /home/lucky/airflow/dags/data_fetch_pipeline.py
Traceback (most recent call last):
  File "/home/lucky/.local/lib/python3.10/site-packages/airflow/models/dagbag.py", line 344, in parse
    loader.exec_module(new_module)
  File "<frozen importlib._bootstrap_external>", line 883, in exec_module
  File "<frozen importlib._bootstrap>", line 241, in _call_with_frames_removed
  File "/home/lucky/airflow/dags/data_fetch_pipeline.py", line 283, in <module>
    "execution_count": null,
NameError: name 'null' is not defined
[2024-03-02T16:25:00.123+0530] {processor.py:842} WARNING - No viable dags retrieved from /home/lucky/airflow/dags/data_fetch_pipeline.py
[2024-03-02T16:25:00.139+0530] {processor.py:183} INFO - Processing /home/lucky/airflow/dags/data_fetch_pipeline.py took 0.026 seconds
