[2024-03-02T16:32:19.670+0530] {processor.py:161} INFO - Started process (PID=134621) to work on /home/lucky/airflow/dags/data_fetch_pipeline.py.py
[2024-03-02T16:32:19.671+0530] {processor.py:830} INFO - Processing file /home/lucky/airflow/dags/data_fetch_pipeline.py.py for tasks to queue
[2024-03-02T16:32:19.672+0530] {logging_mixin.py:188} INFO - [2024-03-02T16:32:19.671+0530] {dagbag.py:538} INFO - Filling up the DagBag from /home/lucky/airflow/dags/data_fetch_pipeline.py.py
[2024-03-02T16:32:19.679+0530] {logging_mixin.py:188} INFO - [2024-03-02T16:32:19.678+0530] {dagbag.py:348} ERROR - Failed to import: /home/lucky/airflow/dags/data_fetch_pipeline.py.py
Traceback (most recent call last):
  File "/home/lucky/.local/lib/python3.10/site-packages/airflow/models/dagbag.py", line 344, in parse
    loader.exec_module(new_module)
  File "<frozen importlib._bootstrap_external>", line 883, in exec_module
  File "<frozen importlib._bootstrap>", line 241, in _call_with_frames_removed
  File "/home/lucky/airflow/dags/data_fetch_pipeline.py.py", line 283, in <module>
    "execution_count": null,
NameError: name 'null' is not defined
[2024-03-02T16:32:19.680+0530] {processor.py:842} WARNING - No viable dags retrieved from /home/lucky/airflow/dags/data_fetch_pipeline.py.py
[2024-03-02T16:32:19.760+0530] {processor.py:183} INFO - Processing /home/lucky/airflow/dags/data_fetch_pipeline.py.py took 0.097 seconds
[2024-03-02T16:33:14.956+0530] {processor.py:161} INFO - Started process (PID=135223) to work on /home/lucky/airflow/dags/data_fetch_pipeline.py.py
[2024-03-02T16:33:14.958+0530] {processor.py:830} INFO - Processing file /home/lucky/airflow/dags/data_fetch_pipeline.py.py for tasks to queue
[2024-03-02T16:33:14.960+0530] {logging_mixin.py:188} INFO - [2024-03-02T16:33:14.959+0530] {dagbag.py:538} INFO - Filling up the DagBag from /home/lucky/airflow/dags/data_fetch_pipeline.py.py
[2024-03-02T16:33:14.965+0530] {logging_mixin.py:188} INFO - [2024-03-02T16:33:14.962+0530] {dagbag.py:348} ERROR - Failed to import: /home/lucky/airflow/dags/data_fetch_pipeline.py.py
Traceback (most recent call last):
  File "/home/lucky/.local/lib/python3.10/site-packages/airflow/models/dagbag.py", line 344, in parse
    loader.exec_module(new_module)
  File "<frozen importlib._bootstrap_external>", line 883, in exec_module
  File "<frozen importlib._bootstrap>", line 241, in _call_with_frames_removed
  File "/home/lucky/airflow/dags/data_fetch_pipeline.py.py", line 283, in <module>
    "execution_count": null,
NameError: name 'null' is not defined
[2024-03-02T16:33:14.965+0530] {processor.py:842} WARNING - No viable dags retrieved from /home/lucky/airflow/dags/data_fetch_pipeline.py.py
[2024-03-02T16:33:14.987+0530] {processor.py:183} INFO - Processing /home/lucky/airflow/dags/data_fetch_pipeline.py.py took 0.034 seconds
[2024-03-02T16:33:56.629+0530] {processor.py:161} INFO - Started process (PID=135917) to work on /home/lucky/airflow/dags/data_fetch_pipeline.py.py
[2024-03-02T16:33:56.630+0530] {processor.py:830} INFO - Processing file /home/lucky/airflow/dags/data_fetch_pipeline.py.py for tasks to queue
[2024-03-02T16:33:56.631+0530] {logging_mixin.py:188} INFO - [2024-03-02T16:33:56.631+0530] {dagbag.py:538} INFO - Filling up the DagBag from /home/lucky/airflow/dags/data_fetch_pipeline.py.py
[2024-03-02T16:33:56.634+0530] {logging_mixin.py:188} INFO - [2024-03-02T16:33:56.633+0530] {dagbag.py:348} ERROR - Failed to import: /home/lucky/airflow/dags/data_fetch_pipeline.py.py
Traceback (most recent call last):
  File "/home/lucky/.local/lib/python3.10/site-packages/airflow/models/dagbag.py", line 344, in parse
    loader.exec_module(new_module)
  File "<frozen importlib._bootstrap_external>", line 883, in exec_module
  File "<frozen importlib._bootstrap>", line 241, in _call_with_frames_removed
  File "/home/lucky/airflow/dags/data_fetch_pipeline.py.py", line 283, in <module>
    "execution_count": null,
NameError: name 'null' is not defined
[2024-03-02T16:33:56.635+0530] {processor.py:842} WARNING - No viable dags retrieved from /home/lucky/airflow/dags/data_fetch_pipeline.py.py
[2024-03-02T16:33:56.653+0530] {processor.py:183} INFO - Processing /home/lucky/airflow/dags/data_fetch_pipeline.py.py took 0.028 seconds
[2024-03-02T16:34:35.961+0530] {processor.py:161} INFO - Started process (PID=136438) to work on /home/lucky/airflow/dags/data_fetch_pipeline.py.py
[2024-03-02T16:34:35.963+0530] {processor.py:830} INFO - Processing file /home/lucky/airflow/dags/data_fetch_pipeline.py.py for tasks to queue
[2024-03-02T16:34:35.965+0530] {logging_mixin.py:188} INFO - [2024-03-02T16:34:35.964+0530] {dagbag.py:538} INFO - Filling up the DagBag from /home/lucky/airflow/dags/data_fetch_pipeline.py.py
[2024-03-02T16:34:35.968+0530] {logging_mixin.py:188} INFO - [2024-03-02T16:34:35.967+0530] {dagbag.py:348} ERROR - Failed to import: /home/lucky/airflow/dags/data_fetch_pipeline.py.py
Traceback (most recent call last):
  File "/home/lucky/.local/lib/python3.10/site-packages/airflow/models/dagbag.py", line 344, in parse
    loader.exec_module(new_module)
  File "<frozen importlib._bootstrap_external>", line 883, in exec_module
  File "<frozen importlib._bootstrap>", line 241, in _call_with_frames_removed
  File "/home/lucky/airflow/dags/data_fetch_pipeline.py.py", line 283, in <module>
    "execution_count": null,
NameError: name 'null' is not defined
[2024-03-02T16:34:35.969+0530] {processor.py:842} WARNING - No viable dags retrieved from /home/lucky/airflow/dags/data_fetch_pipeline.py.py
[2024-03-02T16:34:35.998+0530] {processor.py:183} INFO - Processing /home/lucky/airflow/dags/data_fetch_pipeline.py.py took 0.041 seconds
[2024-03-02T16:35:14.895+0530] {processor.py:161} INFO - Started process (PID=137037) to work on /home/lucky/airflow/dags/data_fetch_pipeline.py.py
[2024-03-02T16:35:14.898+0530] {processor.py:830} INFO - Processing file /home/lucky/airflow/dags/data_fetch_pipeline.py.py for tasks to queue
[2024-03-02T16:35:14.899+0530] {logging_mixin.py:188} INFO - [2024-03-02T16:35:14.899+0530] {dagbag.py:538} INFO - Filling up the DagBag from /home/lucky/airflow/dags/data_fetch_pipeline.py.py
[2024-03-02T16:35:14.903+0530] {logging_mixin.py:188} INFO - [2024-03-02T16:35:14.902+0530] {dagbag.py:348} ERROR - Failed to import: /home/lucky/airflow/dags/data_fetch_pipeline.py.py
Traceback (most recent call last):
  File "/home/lucky/.local/lib/python3.10/site-packages/airflow/models/dagbag.py", line 344, in parse
    loader.exec_module(new_module)
  File "<frozen importlib._bootstrap_external>", line 883, in exec_module
  File "<frozen importlib._bootstrap>", line 241, in _call_with_frames_removed
  File "/home/lucky/airflow/dags/data_fetch_pipeline.py.py", line 283, in <module>
    "execution_count": null,
NameError: name 'null' is not defined
[2024-03-02T16:35:14.904+0530] {processor.py:842} WARNING - No viable dags retrieved from /home/lucky/airflow/dags/data_fetch_pipeline.py.py
[2024-03-02T16:35:14.955+0530] {processor.py:183} INFO - Processing /home/lucky/airflow/dags/data_fetch_pipeline.py.py took 0.064 seconds
[2024-03-02T16:35:54.377+0530] {processor.py:161} INFO - Started process (PID=137518) to work on /home/lucky/airflow/dags/data_fetch_pipeline.py.py
[2024-03-02T16:35:54.379+0530] {processor.py:830} INFO - Processing file /home/lucky/airflow/dags/data_fetch_pipeline.py.py for tasks to queue
[2024-03-02T16:35:54.381+0530] {logging_mixin.py:188} INFO - [2024-03-02T16:35:54.380+0530] {dagbag.py:538} INFO - Filling up the DagBag from /home/lucky/airflow/dags/data_fetch_pipeline.py.py
[2024-03-02T16:35:54.385+0530] {logging_mixin.py:188} INFO - [2024-03-02T16:35:54.383+0530] {dagbag.py:348} ERROR - Failed to import: /home/lucky/airflow/dags/data_fetch_pipeline.py.py
Traceback (most recent call last):
  File "/home/lucky/.local/lib/python3.10/site-packages/airflow/models/dagbag.py", line 344, in parse
    loader.exec_module(new_module)
  File "<frozen importlib._bootstrap_external>", line 883, in exec_module
  File "<frozen importlib._bootstrap>", line 241, in _call_with_frames_removed
  File "/home/lucky/airflow/dags/data_fetch_pipeline.py.py", line 283, in <module>
    "execution_count": null,
NameError: name 'null' is not defined
[2024-03-02T16:35:54.385+0530] {processor.py:842} WARNING - No viable dags retrieved from /home/lucky/airflow/dags/data_fetch_pipeline.py.py
[2024-03-02T16:35:54.411+0530] {processor.py:183} INFO - Processing /home/lucky/airflow/dags/data_fetch_pipeline.py.py took 0.038 seconds
[2024-03-02T16:36:35.528+0530] {processor.py:161} INFO - Started process (PID=138155) to work on /home/lucky/airflow/dags/data_fetch_pipeline.py.py
[2024-03-02T16:36:35.530+0530] {processor.py:830} INFO - Processing file /home/lucky/airflow/dags/data_fetch_pipeline.py.py for tasks to queue
[2024-03-02T16:36:35.532+0530] {logging_mixin.py:188} INFO - [2024-03-02T16:36:35.531+0530] {dagbag.py:538} INFO - Filling up the DagBag from /home/lucky/airflow/dags/data_fetch_pipeline.py.py
[2024-03-02T16:36:35.544+0530] {logging_mixin.py:188} INFO - [2024-03-02T16:36:35.543+0530] {dagbag.py:348} ERROR - Failed to import: /home/lucky/airflow/dags/data_fetch_pipeline.py.py
Traceback (most recent call last):
  File "/home/lucky/.local/lib/python3.10/site-packages/airflow/models/dagbag.py", line 344, in parse
    loader.exec_module(new_module)
  File "<frozen importlib._bootstrap_external>", line 883, in exec_module
  File "<frozen importlib._bootstrap>", line 241, in _call_with_frames_removed
  File "/home/lucky/airflow/dags/data_fetch_pipeline.py.py", line 283, in <module>
    "execution_count": null,
NameError: name 'null' is not defined
[2024-03-02T16:36:35.545+0530] {processor.py:842} WARNING - No viable dags retrieved from /home/lucky/airflow/dags/data_fetch_pipeline.py.py
[2024-03-02T16:36:35.593+0530] {processor.py:183} INFO - Processing /home/lucky/airflow/dags/data_fetch_pipeline.py.py took 0.070 seconds
[2024-03-02T16:37:19.244+0530] {processor.py:161} INFO - Started process (PID=138669) to work on /home/lucky/airflow/dags/data_fetch_pipeline.py.py
[2024-03-02T16:37:19.247+0530] {processor.py:830} INFO - Processing file /home/lucky/airflow/dags/data_fetch_pipeline.py.py for tasks to queue
[2024-03-02T16:37:19.252+0530] {logging_mixin.py:188} INFO - [2024-03-02T16:37:19.250+0530] {dagbag.py:538} INFO - Filling up the DagBag from /home/lucky/airflow/dags/data_fetch_pipeline.py.py
[2024-03-02T16:37:19.262+0530] {logging_mixin.py:188} INFO - [2024-03-02T16:37:19.259+0530] {dagbag.py:348} ERROR - Failed to import: /home/lucky/airflow/dags/data_fetch_pipeline.py.py
Traceback (most recent call last):
  File "/home/lucky/.local/lib/python3.10/site-packages/airflow/models/dagbag.py", line 344, in parse
    loader.exec_module(new_module)
  File "<frozen importlib._bootstrap_external>", line 883, in exec_module
  File "<frozen importlib._bootstrap>", line 241, in _call_with_frames_removed
  File "/home/lucky/airflow/dags/data_fetch_pipeline.py.py", line 283, in <module>
    "execution_count": null,
NameError: name 'null' is not defined
[2024-03-02T16:37:19.263+0530] {processor.py:842} WARNING - No viable dags retrieved from /home/lucky/airflow/dags/data_fetch_pipeline.py.py
[2024-03-02T16:37:19.325+0530] {processor.py:183} INFO - Processing /home/lucky/airflow/dags/data_fetch_pipeline.py.py took 0.092 seconds
