[2024-04-08T00:26:10.647+0530] {processor.py:161} INFO - Started process (PID=7084) to work on /home/lucky/airflow/dags/assign2_task1.py
[2024-04-08T00:26:10.660+0530] {processor.py:830} INFO - Processing file /home/lucky/airflow/dags/assign2_task1.py for tasks to queue
[2024-04-08T00:26:10.663+0530] {logging_mixin.py:188} INFO - [2024-04-08T00:26:10.661+0530] {dagbag.py:538} INFO - Filling up the DagBag from /home/lucky/airflow/dags/assign2_task1.py
[2024-04-08T00:26:15.466+0530] {logging_mixin.py:188} INFO - [2024-04-08T00:26:15.465+0530] {native_type_compatibility.py:340} INFO - Using Any for unsupported type: typing.Sequence[~T]
[2024-04-08T00:26:17.627+0530] {logging_mixin.py:188} INFO - [2024-04-08T00:26:17.627+0530] {bigquery.py:440} INFO - No module named google.cloud.bigquery_storage_v1. As a result, the ReadFromBigQuery transform *CANNOT* be used with `method=DIRECT_READ`.
[2024-04-08T00:26:17.659+0530] {logging_mixin.py:188} INFO - [2024-04-08T00:26:17.656+0530] {dagbag.py:348} ERROR - Failed to import: /home/lucky/airflow/dags/assign2_task1.py
Traceback (most recent call last):
  File "/home/lucky/.local/lib/python3.10/site-packages/airflow/models/dagbag.py", line 344, in parse
    loader.exec_module(new_module)
  File "<frozen importlib._bootstrap_external>", line 883, in exec_module
  File "<frozen importlib._bootstrap>", line 241, in _call_with_frames_removed
  File "/home/lucky/airflow/dags/assign2_task1.py", line 13, in <module>
    import geopandas as gpd
ModuleNotFoundError: No module named 'geopandas'
[2024-04-08T00:26:17.660+0530] {processor.py:842} WARNING - No viable dags retrieved from /home/lucky/airflow/dags/assign2_task1.py
[2024-04-08T00:26:17.719+0530] {processor.py:183} INFO - Processing /home/lucky/airflow/dags/assign2_task1.py took 7.089 seconds
[2024-04-08T00:27:23.067+0530] {processor.py:161} INFO - Started process (PID=8235) to work on /home/lucky/airflow/dags/assign2_task1.py
[2024-04-08T00:27:23.070+0530] {processor.py:830} INFO - Processing file /home/lucky/airflow/dags/assign2_task1.py for tasks to queue
[2024-04-08T00:27:23.072+0530] {logging_mixin.py:188} INFO - [2024-04-08T00:27:23.071+0530] {dagbag.py:538} INFO - Filling up the DagBag from /home/lucky/airflow/dags/assign2_task1.py
[2024-04-08T00:27:24.815+0530] {logging_mixin.py:188} INFO - [2024-04-08T00:27:24.814+0530] {native_type_compatibility.py:340} INFO - Using Any for unsupported type: typing.Sequence[~T]
[2024-04-08T00:27:25.276+0530] {logging_mixin.py:188} INFO - [2024-04-08T00:27:25.276+0530] {bigquery.py:440} INFO - No module named google.cloud.bigquery_storage_v1. As a result, the ReadFromBigQuery transform *CANNOT* be used with `method=DIRECT_READ`.
[2024-04-08T00:27:25.287+0530] {logging_mixin.py:188} INFO - [2024-04-08T00:27:25.284+0530] {dagbag.py:348} ERROR - Failed to import: /home/lucky/airflow/dags/assign2_task1.py
Traceback (most recent call last):
  File "/home/lucky/.local/lib/python3.10/site-packages/airflow/models/dagbag.py", line 344, in parse
    loader.exec_module(new_module)
  File "<frozen importlib._bootstrap_external>", line 883, in exec_module
  File "<frozen importlib._bootstrap>", line 241, in _call_with_frames_removed
  File "/home/lucky/airflow/dags/assign2_task1.py", line 13, in <module>
    import geopandas as gpd
ModuleNotFoundError: No module named 'geopandas'
[2024-04-08T00:27:25.288+0530] {processor.py:842} WARNING - No viable dags retrieved from /home/lucky/airflow/dags/assign2_task1.py
[2024-04-08T00:27:25.336+0530] {processor.py:183} INFO - Processing /home/lucky/airflow/dags/assign2_task1.py took 2.274 seconds
[2024-04-08T00:27:56.021+0530] {processor.py:161} INFO - Started process (PID=8643) to work on /home/lucky/airflow/dags/assign2_task1.py
[2024-04-08T00:27:56.023+0530] {processor.py:830} INFO - Processing file /home/lucky/airflow/dags/assign2_task1.py for tasks to queue
[2024-04-08T00:27:56.024+0530] {logging_mixin.py:188} INFO - [2024-04-08T00:27:56.024+0530] {dagbag.py:538} INFO - Filling up the DagBag from /home/lucky/airflow/dags/assign2_task1.py
[2024-04-08T00:27:57.270+0530] {logging_mixin.py:188} INFO - [2024-04-08T00:27:57.269+0530] {native_type_compatibility.py:340} INFO - Using Any for unsupported type: typing.Sequence[~T]
[2024-04-08T00:27:57.580+0530] {logging_mixin.py:188} INFO - [2024-04-08T00:27:57.579+0530] {bigquery.py:440} INFO - No module named google.cloud.bigquery_storage_v1. As a result, the ReadFromBigQuery transform *CANNOT* be used with `method=DIRECT_READ`.
[2024-04-08T00:27:57.588+0530] {logging_mixin.py:188} INFO - [2024-04-08T00:27:57.586+0530] {dagbag.py:348} ERROR - Failed to import: /home/lucky/airflow/dags/assign2_task1.py
Traceback (most recent call last):
  File "/home/lucky/.local/lib/python3.10/site-packages/airflow/models/dagbag.py", line 344, in parse
    loader.exec_module(new_module)
  File "<frozen importlib._bootstrap_external>", line 883, in exec_module
  File "<frozen importlib._bootstrap>", line 241, in _call_with_frames_removed
  File "/home/lucky/airflow/dags/assign2_task1.py", line 13, in <module>
    import geopandas as gpd
ModuleNotFoundError: No module named 'geopandas'
[2024-04-08T00:27:57.589+0530] {processor.py:842} WARNING - No viable dags retrieved from /home/lucky/airflow/dags/assign2_task1.py
[2024-04-08T00:27:57.613+0530] {processor.py:183} INFO - Processing /home/lucky/airflow/dags/assign2_task1.py took 1.596 seconds
[2024-04-08T00:29:02.127+0530] {processor.py:161} INFO - Started process (PID=9675) to work on /home/lucky/airflow/dags/assign2_task1.py
[2024-04-08T00:29:02.129+0530] {processor.py:830} INFO - Processing file /home/lucky/airflow/dags/assign2_task1.py for tasks to queue
[2024-04-08T00:29:02.132+0530] {logging_mixin.py:188} INFO - [2024-04-08T00:29:02.131+0530] {dagbag.py:538} INFO - Filling up the DagBag from /home/lucky/airflow/dags/assign2_task1.py
[2024-04-08T00:29:03.235+0530] {logging_mixin.py:188} INFO - [2024-04-08T00:29:03.234+0530] {native_type_compatibility.py:340} INFO - Using Any for unsupported type: typing.Sequence[~T]
[2024-04-08T00:29:03.660+0530] {logging_mixin.py:188} INFO - [2024-04-08T00:29:03.659+0530] {bigquery.py:440} INFO - No module named google.cloud.bigquery_storage_v1. As a result, the ReadFromBigQuery transform *CANNOT* be used with `method=DIRECT_READ`.
[2024-04-08T00:29:03.673+0530] {logging_mixin.py:188} INFO - [2024-04-08T00:29:03.670+0530] {dagbag.py:348} ERROR - Failed to import: /home/lucky/airflow/dags/assign2_task1.py
Traceback (most recent call last):
  File "/home/lucky/.local/lib/python3.10/site-packages/airflow/models/dagbag.py", line 344, in parse
    loader.exec_module(new_module)
  File "<frozen importlib._bootstrap_external>", line 883, in exec_module
  File "<frozen importlib._bootstrap>", line 241, in _call_with_frames_removed
  File "/home/lucky/airflow/dags/assign2_task1.py", line 13, in <module>
    import geopandas as gpd
ModuleNotFoundError: No module named 'geopandas'
[2024-04-08T00:29:03.674+0530] {processor.py:842} WARNING - No viable dags retrieved from /home/lucky/airflow/dags/assign2_task1.py
[2024-04-08T00:29:03.703+0530] {processor.py:183} INFO - Processing /home/lucky/airflow/dags/assign2_task1.py took 1.582 seconds
[2024-04-08T00:29:36.887+0530] {processor.py:161} INFO - Started process (PID=10102) to work on /home/lucky/airflow/dags/assign2_task1.py
[2024-04-08T00:29:36.889+0530] {processor.py:830} INFO - Processing file /home/lucky/airflow/dags/assign2_task1.py for tasks to queue
[2024-04-08T00:29:36.891+0530] {logging_mixin.py:188} INFO - [2024-04-08T00:29:36.890+0530] {dagbag.py:538} INFO - Filling up the DagBag from /home/lucky/airflow/dags/assign2_task1.py
[2024-04-08T00:29:38.480+0530] {logging_mixin.py:188} INFO - [2024-04-08T00:29:38.479+0530] {native_type_compatibility.py:340} INFO - Using Any for unsupported type: typing.Sequence[~T]
[2024-04-08T00:29:39.148+0530] {logging_mixin.py:188} INFO - [2024-04-08T00:29:39.147+0530] {bigquery.py:440} INFO - No module named google.cloud.bigquery_storage_v1. As a result, the ReadFromBigQuery transform *CANNOT* be used with `method=DIRECT_READ`.
[2024-04-08T00:29:39.158+0530] {logging_mixin.py:188} INFO - [2024-04-08T00:29:39.156+0530] {dagbag.py:348} ERROR - Failed to import: /home/lucky/airflow/dags/assign2_task1.py
Traceback (most recent call last):
  File "/home/lucky/.local/lib/python3.10/site-packages/airflow/models/dagbag.py", line 344, in parse
    loader.exec_module(new_module)
  File "<frozen importlib._bootstrap_external>", line 883, in exec_module
  File "<frozen importlib._bootstrap>", line 241, in _call_with_frames_removed
  File "/home/lucky/airflow/dags/assign2_task1.py", line 13, in <module>
    import geopandas as gpd
ModuleNotFoundError: No module named 'geopandas'
[2024-04-08T00:29:39.159+0530] {processor.py:842} WARNING - No viable dags retrieved from /home/lucky/airflow/dags/assign2_task1.py
[2024-04-08T00:29:39.196+0530] {processor.py:183} INFO - Processing /home/lucky/airflow/dags/assign2_task1.py took 2.314 seconds
[2024-04-08T00:30:38.585+0530] {processor.py:161} INFO - Started process (PID=11216) to work on /home/lucky/airflow/dags/assign2_task1.py
[2024-04-08T00:30:38.587+0530] {processor.py:830} INFO - Processing file /home/lucky/airflow/dags/assign2_task1.py for tasks to queue
[2024-04-08T00:30:38.588+0530] {logging_mixin.py:188} INFO - [2024-04-08T00:30:38.588+0530] {dagbag.py:538} INFO - Filling up the DagBag from /home/lucky/airflow/dags/assign2_task1.py
[2024-04-08T00:30:40.381+0530] {logging_mixin.py:188} INFO - [2024-04-08T00:30:40.379+0530] {native_type_compatibility.py:340} INFO - Using Any for unsupported type: typing.Sequence[~T]
[2024-04-08T00:30:41.109+0530] {logging_mixin.py:188} INFO - [2024-04-08T00:30:41.108+0530] {bigquery.py:440} INFO - No module named google.cloud.bigquery_storage_v1. As a result, the ReadFromBigQuery transform *CANNOT* be used with `method=DIRECT_READ`.
[2024-04-08T00:30:41.119+0530] {logging_mixin.py:188} INFO - [2024-04-08T00:30:41.117+0530] {dagbag.py:348} ERROR - Failed to import: /home/lucky/airflow/dags/assign2_task1.py
Traceback (most recent call last):
  File "/home/lucky/.local/lib/python3.10/site-packages/airflow/models/dagbag.py", line 344, in parse
    loader.exec_module(new_module)
  File "<frozen importlib._bootstrap_external>", line 883, in exec_module
  File "<frozen importlib._bootstrap>", line 241, in _call_with_frames_removed
  File "/home/lucky/airflow/dags/assign2_task1.py", line 13, in <module>
    import geopandas as gpd
ModuleNotFoundError: No module named 'geopandas'
[2024-04-08T00:30:41.120+0530] {processor.py:842} WARNING - No viable dags retrieved from /home/lucky/airflow/dags/assign2_task1.py
[2024-04-08T00:30:41.153+0530] {processor.py:183} INFO - Processing /home/lucky/airflow/dags/assign2_task1.py took 2.572 seconds
[2024-04-08T00:31:45.678+0530] {processor.py:161} INFO - Started process (PID=12328) to work on /home/lucky/airflow/dags/assign2_task1.py
[2024-04-08T00:31:45.681+0530] {processor.py:830} INFO - Processing file /home/lucky/airflow/dags/assign2_task1.py for tasks to queue
[2024-04-08T00:31:45.682+0530] {logging_mixin.py:188} INFO - [2024-04-08T00:31:45.682+0530] {dagbag.py:538} INFO - Filling up the DagBag from /home/lucky/airflow/dags/assign2_task1.py
[2024-04-08T00:31:47.411+0530] {logging_mixin.py:188} INFO - [2024-04-08T00:31:47.410+0530] {native_type_compatibility.py:340} INFO - Using Any for unsupported type: typing.Sequence[~T]
[2024-04-08T00:31:48.448+0530] {logging_mixin.py:188} INFO - [2024-04-08T00:31:48.447+0530] {bigquery.py:440} INFO - No module named google.cloud.bigquery_storage_v1. As a result, the ReadFromBigQuery transform *CANNOT* be used with `method=DIRECT_READ`.
[2024-04-08T00:31:48.456+0530] {logging_mixin.py:188} INFO - [2024-04-08T00:31:48.454+0530] {dagbag.py:348} ERROR - Failed to import: /home/lucky/airflow/dags/assign2_task1.py
Traceback (most recent call last):
  File "/home/lucky/.local/lib/python3.10/site-packages/airflow/models/dagbag.py", line 344, in parse
    loader.exec_module(new_module)
  File "<frozen importlib._bootstrap_external>", line 883, in exec_module
  File "<frozen importlib._bootstrap>", line 241, in _call_with_frames_removed
  File "/home/lucky/airflow/dags/assign2_task1.py", line 13, in <module>
    import geopandas as gpd
ModuleNotFoundError: No module named 'geopandas'
[2024-04-08T00:31:48.456+0530] {processor.py:842} WARNING - No viable dags retrieved from /home/lucky/airflow/dags/assign2_task1.py
[2024-04-08T00:31:48.482+0530] {processor.py:183} INFO - Processing /home/lucky/airflow/dags/assign2_task1.py took 2.810 seconds
[2024-04-08T00:32:20.232+0530] {processor.py:161} INFO - Started process (PID=12741) to work on /home/lucky/airflow/dags/assign2_task1.py
[2024-04-08T00:32:20.244+0530] {processor.py:830} INFO - Processing file /home/lucky/airflow/dags/assign2_task1.py for tasks to queue
[2024-04-08T00:32:20.246+0530] {logging_mixin.py:188} INFO - [2024-04-08T00:32:20.246+0530] {dagbag.py:538} INFO - Filling up the DagBag from /home/lucky/airflow/dags/assign2_task1.py
[2024-04-08T00:32:21.303+0530] {logging_mixin.py:188} INFO - [2024-04-08T00:32:21.302+0530] {native_type_compatibility.py:340} INFO - Using Any for unsupported type: typing.Sequence[~T]
[2024-04-08T00:32:21.849+0530] {logging_mixin.py:188} INFO - [2024-04-08T00:32:21.849+0530] {bigquery.py:440} INFO - No module named google.cloud.bigquery_storage_v1. As a result, the ReadFromBigQuery transform *CANNOT* be used with `method=DIRECT_READ`.
[2024-04-08T00:32:21.855+0530] {logging_mixin.py:188} INFO - [2024-04-08T00:32:21.854+0530] {dagbag.py:348} ERROR - Failed to import: /home/lucky/airflow/dags/assign2_task1.py
Traceback (most recent call last):
  File "/home/lucky/.local/lib/python3.10/site-packages/airflow/models/dagbag.py", line 344, in parse
    loader.exec_module(new_module)
  File "<frozen importlib._bootstrap_external>", line 883, in exec_module
  File "<frozen importlib._bootstrap>", line 241, in _call_with_frames_removed
  File "/home/lucky/airflow/dags/assign2_task1.py", line 13, in <module>
    import geopandas as gpd
ModuleNotFoundError: No module named 'geopandas'
[2024-04-08T00:32:21.856+0530] {processor.py:842} WARNING - No viable dags retrieved from /home/lucky/airflow/dags/assign2_task1.py
[2024-04-08T00:32:21.877+0530] {processor.py:183} INFO - Processing /home/lucky/airflow/dags/assign2_task1.py took 1.651 seconds
[2024-04-08T00:32:53.311+0530] {processor.py:161} INFO - Started process (PID=13134) to work on /home/lucky/airflow/dags/assign2_task1.py
[2024-04-08T00:32:53.313+0530] {processor.py:830} INFO - Processing file /home/lucky/airflow/dags/assign2_task1.py for tasks to queue
[2024-04-08T00:32:53.314+0530] {logging_mixin.py:188} INFO - [2024-04-08T00:32:53.314+0530] {dagbag.py:538} INFO - Filling up the DagBag from /home/lucky/airflow/dags/assign2_task1.py
[2024-04-08T00:32:54.473+0530] {logging_mixin.py:188} INFO - [2024-04-08T00:32:54.472+0530] {native_type_compatibility.py:340} INFO - Using Any for unsupported type: typing.Sequence[~T]
[2024-04-08T00:32:54.792+0530] {logging_mixin.py:188} INFO - [2024-04-08T00:32:54.792+0530] {bigquery.py:440} INFO - No module named google.cloud.bigquery_storage_v1. As a result, the ReadFromBigQuery transform *CANNOT* be used with `method=DIRECT_READ`.
[2024-04-08T00:32:54.798+0530] {logging_mixin.py:188} INFO - [2024-04-08T00:32:54.797+0530] {dagbag.py:348} ERROR - Failed to import: /home/lucky/airflow/dags/assign2_task1.py
Traceback (most recent call last):
  File "/home/lucky/.local/lib/python3.10/site-packages/airflow/models/dagbag.py", line 344, in parse
    loader.exec_module(new_module)
  File "<frozen importlib._bootstrap_external>", line 883, in exec_module
  File "<frozen importlib._bootstrap>", line 241, in _call_with_frames_removed
  File "/home/lucky/airflow/dags/assign2_task1.py", line 13, in <module>
    import geopandas as gpd
ModuleNotFoundError: No module named 'geopandas'
[2024-04-08T00:32:54.798+0530] {processor.py:842} WARNING - No viable dags retrieved from /home/lucky/airflow/dags/assign2_task1.py
[2024-04-08T00:32:54.818+0530] {processor.py:183} INFO - Processing /home/lucky/airflow/dags/assign2_task1.py took 1.511 seconds
[2024-04-08T00:33:32.306+0530] {processor.py:161} INFO - Started process (PID=13888) to work on /home/lucky/airflow/dags/assign2_task1.py
[2024-04-08T00:33:32.319+0530] {processor.py:830} INFO - Processing file /home/lucky/airflow/dags/assign2_task1.py for tasks to queue
[2024-04-08T00:33:32.321+0530] {logging_mixin.py:188} INFO - [2024-04-08T00:33:32.320+0530] {dagbag.py:538} INFO - Filling up the DagBag from /home/lucky/airflow/dags/assign2_task1.py
[2024-04-08T00:33:33.501+0530] {logging_mixin.py:188} INFO - [2024-04-08T00:33:33.499+0530] {native_type_compatibility.py:340} INFO - Using Any for unsupported type: typing.Sequence[~T]
[2024-04-08T00:33:33.982+0530] {logging_mixin.py:188} INFO - [2024-04-08T00:33:33.982+0530] {bigquery.py:440} INFO - No module named google.cloud.bigquery_storage_v1. As a result, the ReadFromBigQuery transform *CANNOT* be used with `method=DIRECT_READ`.
[2024-04-08T00:33:33.997+0530] {logging_mixin.py:188} INFO - [2024-04-08T00:33:33.996+0530] {dagbag.py:348} ERROR - Failed to import: /home/lucky/airflow/dags/assign2_task1.py
Traceback (most recent call last):
  File "/home/lucky/.local/lib/python3.10/site-packages/airflow/models/dagbag.py", line 344, in parse
    loader.exec_module(new_module)
  File "<frozen importlib._bootstrap_external>", line 883, in exec_module
  File "<frozen importlib._bootstrap>", line 241, in _call_with_frames_removed
  File "/home/lucky/airflow/dags/assign2_task1.py", line 13, in <module>
    import geopandas as gpd
ModuleNotFoundError: No module named 'geopandas'
[2024-04-08T00:33:33.998+0530] {processor.py:842} WARNING - No viable dags retrieved from /home/lucky/airflow/dags/assign2_task1.py
[2024-04-08T00:33:34.021+0530] {processor.py:183} INFO - Processing /home/lucky/airflow/dags/assign2_task1.py took 1.721 seconds
[2024-04-08T00:34:10.134+0530] {processor.py:161} INFO - Started process (PID=14330) to work on /home/lucky/airflow/dags/assign2_task1.py
[2024-04-08T00:34:10.137+0530] {processor.py:830} INFO - Processing file /home/lucky/airflow/dags/assign2_task1.py for tasks to queue
[2024-04-08T00:34:10.141+0530] {logging_mixin.py:188} INFO - [2024-04-08T00:34:10.138+0530] {dagbag.py:538} INFO - Filling up the DagBag from /home/lucky/airflow/dags/assign2_task1.py
[2024-04-08T00:34:13.998+0530] {logging_mixin.py:188} INFO - [2024-04-08T00:34:13.996+0530] {native_type_compatibility.py:340} INFO - Using Any for unsupported type: typing.Sequence[~T]
[2024-04-08T00:34:15.524+0530] {logging_mixin.py:188} INFO - [2024-04-08T00:34:15.523+0530] {bigquery.py:440} INFO - No module named google.cloud.bigquery_storage_v1. As a result, the ReadFromBigQuery transform *CANNOT* be used with `method=DIRECT_READ`.
[2024-04-08T00:34:15.545+0530] {logging_mixin.py:188} INFO - [2024-04-08T00:34:15.542+0530] {dagbag.py:348} ERROR - Failed to import: /home/lucky/airflow/dags/assign2_task1.py
Traceback (most recent call last):
  File "/home/lucky/.local/lib/python3.10/site-packages/airflow/models/dagbag.py", line 344, in parse
    loader.exec_module(new_module)
  File "<frozen importlib._bootstrap_external>", line 883, in exec_module
  File "<frozen importlib._bootstrap>", line 241, in _call_with_frames_removed
  File "/home/lucky/airflow/dags/assign2_task1.py", line 13, in <module>
    import geopandas as gpd
ModuleNotFoundError: No module named 'geopandas'
[2024-04-08T00:34:15.546+0530] {processor.py:842} WARNING - No viable dags retrieved from /home/lucky/airflow/dags/assign2_task1.py
[2024-04-08T00:34:15.607+0530] {processor.py:183} INFO - Processing /home/lucky/airflow/dags/assign2_task1.py took 5.489 seconds
[2024-04-08T00:34:54.183+0530] {processor.py:161} INFO - Started process (PID=14835) to work on /home/lucky/airflow/dags/assign2_task1.py
[2024-04-08T00:34:54.186+0530] {processor.py:830} INFO - Processing file /home/lucky/airflow/dags/assign2_task1.py for tasks to queue
[2024-04-08T00:34:54.188+0530] {logging_mixin.py:188} INFO - [2024-04-08T00:34:54.187+0530] {dagbag.py:538} INFO - Filling up the DagBag from /home/lucky/airflow/dags/assign2_task1.py
[2024-04-08T00:34:56.264+0530] {logging_mixin.py:188} INFO - [2024-04-08T00:34:56.263+0530] {native_type_compatibility.py:340} INFO - Using Any for unsupported type: typing.Sequence[~T]
[2024-04-08T00:34:57.650+0530] {logging_mixin.py:188} INFO - [2024-04-08T00:34:57.650+0530] {bigquery.py:440} INFO - No module named google.cloud.bigquery_storage_v1. As a result, the ReadFromBigQuery transform *CANNOT* be used with `method=DIRECT_READ`.
[2024-04-08T00:34:57.672+0530] {logging_mixin.py:188} INFO - [2024-04-08T00:34:57.669+0530] {dagbag.py:348} ERROR - Failed to import: /home/lucky/airflow/dags/assign2_task1.py
Traceback (most recent call last):
  File "/home/lucky/.local/lib/python3.10/site-packages/airflow/models/dagbag.py", line 344, in parse
    loader.exec_module(new_module)
  File "<frozen importlib._bootstrap_external>", line 883, in exec_module
  File "<frozen importlib._bootstrap>", line 241, in _call_with_frames_removed
  File "/home/lucky/airflow/dags/assign2_task1.py", line 13, in <module>
    import geopandas as gpd
ModuleNotFoundError: No module named 'geopandas'
[2024-04-08T00:34:57.673+0530] {processor.py:842} WARNING - No viable dags retrieved from /home/lucky/airflow/dags/assign2_task1.py
[2024-04-08T00:34:57.708+0530] {processor.py:183} INFO - Processing /home/lucky/airflow/dags/assign2_task1.py took 3.539 seconds
[2024-04-08T00:35:31.345+0530] {processor.py:161} INFO - Started process (PID=15589) to work on /home/lucky/airflow/dags/assign2_task1.py
[2024-04-08T00:35:31.348+0530] {processor.py:830} INFO - Processing file /home/lucky/airflow/dags/assign2_task1.py for tasks to queue
[2024-04-08T00:35:31.350+0530] {logging_mixin.py:188} INFO - [2024-04-08T00:35:31.349+0530] {dagbag.py:538} INFO - Filling up the DagBag from /home/lucky/airflow/dags/assign2_task1.py
[2024-04-08T00:35:32.926+0530] {logging_mixin.py:188} INFO - [2024-04-08T00:35:32.915+0530] {native_type_compatibility.py:340} INFO - Using Any for unsupported type: typing.Sequence[~T]
[2024-04-08T00:35:33.435+0530] {logging_mixin.py:188} INFO - [2024-04-08T00:35:33.435+0530] {bigquery.py:440} INFO - No module named google.cloud.bigquery_storage_v1. As a result, the ReadFromBigQuery transform *CANNOT* be used with `method=DIRECT_READ`.
[2024-04-08T00:35:33.441+0530] {logging_mixin.py:188} INFO - [2024-04-08T00:35:33.440+0530] {dagbag.py:348} ERROR - Failed to import: /home/lucky/airflow/dags/assign2_task1.py
Traceback (most recent call last):
  File "/home/lucky/.local/lib/python3.10/site-packages/airflow/models/dagbag.py", line 344, in parse
    loader.exec_module(new_module)
  File "<frozen importlib._bootstrap_external>", line 883, in exec_module
  File "<frozen importlib._bootstrap>", line 241, in _call_with_frames_removed
  File "/home/lucky/airflow/dags/assign2_task1.py", line 13, in <module>
    import geopandas as gpd
ModuleNotFoundError: No module named 'geopandas'
[2024-04-08T00:35:33.442+0530] {processor.py:842} WARNING - No viable dags retrieved from /home/lucky/airflow/dags/assign2_task1.py
[2024-04-08T00:35:33.472+0530] {processor.py:183} INFO - Processing /home/lucky/airflow/dags/assign2_task1.py took 2.134 seconds
[2024-04-08T00:36:33.288+0530] {processor.py:161} INFO - Started process (PID=16298) to work on /home/lucky/airflow/dags/assign2_task1.py
[2024-04-08T00:36:33.291+0530] {processor.py:830} INFO - Processing file /home/lucky/airflow/dags/assign2_task1.py for tasks to queue
[2024-04-08T00:36:33.293+0530] {logging_mixin.py:188} INFO - [2024-04-08T00:36:33.292+0530] {dagbag.py:538} INFO - Filling up the DagBag from /home/lucky/airflow/dags/assign2_task1.py
[2024-04-08T00:36:34.332+0530] {logging_mixin.py:188} INFO - [2024-04-08T00:36:34.332+0530] {native_type_compatibility.py:340} INFO - Using Any for unsupported type: typing.Sequence[~T]
[2024-04-08T00:36:34.704+0530] {logging_mixin.py:188} INFO - [2024-04-08T00:36:34.704+0530] {bigquery.py:440} INFO - No module named google.cloud.bigquery_storage_v1. As a result, the ReadFromBigQuery transform *CANNOT* be used with `method=DIRECT_READ`.
[2024-04-08T00:36:34.710+0530] {logging_mixin.py:188} INFO - [2024-04-08T00:36:34.709+0530] {dagbag.py:348} ERROR - Failed to import: /home/lucky/airflow/dags/assign2_task1.py
Traceback (most recent call last):
  File "/home/lucky/.local/lib/python3.10/site-packages/airflow/models/dagbag.py", line 344, in parse
    loader.exec_module(new_module)
  File "<frozen importlib._bootstrap_external>", line 883, in exec_module
  File "<frozen importlib._bootstrap>", line 241, in _call_with_frames_removed
  File "/home/lucky/airflow/dags/assign2_task1.py", line 13, in <module>
    import geopandas as gpd
ModuleNotFoundError: No module named 'geopandas'
[2024-04-08T00:36:34.710+0530] {processor.py:842} WARNING - No viable dags retrieved from /home/lucky/airflow/dags/assign2_task1.py
[2024-04-08T00:36:34.739+0530] {processor.py:183} INFO - Processing /home/lucky/airflow/dags/assign2_task1.py took 1.459 seconds
[2024-04-08T00:37:34.096+0530] {processor.py:161} INFO - Started process (PID=17362) to work on /home/lucky/airflow/dags/assign2_task1.py
[2024-04-08T00:37:34.099+0530] {processor.py:830} INFO - Processing file /home/lucky/airflow/dags/assign2_task1.py for tasks to queue
[2024-04-08T00:37:34.100+0530] {logging_mixin.py:188} INFO - [2024-04-08T00:37:34.100+0530] {dagbag.py:538} INFO - Filling up the DagBag from /home/lucky/airflow/dags/assign2_task1.py
[2024-04-08T00:37:35.442+0530] {logging_mixin.py:188} INFO - [2024-04-08T00:37:35.441+0530] {native_type_compatibility.py:340} INFO - Using Any for unsupported type: typing.Sequence[~T]
[2024-04-08T00:37:35.961+0530] {logging_mixin.py:188} INFO - [2024-04-08T00:37:35.961+0530] {bigquery.py:440} INFO - No module named google.cloud.bigquery_storage_v1. As a result, the ReadFromBigQuery transform *CANNOT* be used with `method=DIRECT_READ`.
[2024-04-08T00:37:35.971+0530] {logging_mixin.py:188} INFO - [2024-04-08T00:37:35.969+0530] {dagbag.py:348} ERROR - Failed to import: /home/lucky/airflow/dags/assign2_task1.py
Traceback (most recent call last):
  File "/home/lucky/.local/lib/python3.10/site-packages/airflow/models/dagbag.py", line 344, in parse
    loader.exec_module(new_module)
  File "<frozen importlib._bootstrap_external>", line 883, in exec_module
  File "<frozen importlib._bootstrap>", line 241, in _call_with_frames_removed
  File "/home/lucky/airflow/dags/assign2_task1.py", line 13, in <module>
    import geopandas as gpd
ModuleNotFoundError: No module named 'geopandas'
[2024-04-08T00:37:35.972+0530] {processor.py:842} WARNING - No viable dags retrieved from /home/lucky/airflow/dags/assign2_task1.py
[2024-04-08T00:37:36.007+0530] {processor.py:183} INFO - Processing /home/lucky/airflow/dags/assign2_task1.py took 1.915 seconds
[2024-04-08T00:38:35.488+0530] {processor.py:161} INFO - Started process (PID=18464) to work on /home/lucky/airflow/dags/assign2_task1.py
[2024-04-08T00:38:35.490+0530] {processor.py:830} INFO - Processing file /home/lucky/airflow/dags/assign2_task1.py for tasks to queue
[2024-04-08T00:38:35.493+0530] {logging_mixin.py:188} INFO - [2024-04-08T00:38:35.492+0530] {dagbag.py:538} INFO - Filling up the DagBag from /home/lucky/airflow/dags/assign2_task1.py
[2024-04-08T00:38:37.041+0530] {logging_mixin.py:188} INFO - [2024-04-08T00:38:37.040+0530] {native_type_compatibility.py:340} INFO - Using Any for unsupported type: typing.Sequence[~T]
[2024-04-08T00:38:37.632+0530] {logging_mixin.py:188} INFO - [2024-04-08T00:38:37.632+0530] {bigquery.py:440} INFO - No module named google.cloud.bigquery_storage_v1. As a result, the ReadFromBigQuery transform *CANNOT* be used with `method=DIRECT_READ`.
[2024-04-08T00:38:37.643+0530] {logging_mixin.py:188} INFO - [2024-04-08T00:38:37.640+0530] {dagbag.py:348} ERROR - Failed to import: /home/lucky/airflow/dags/assign2_task1.py
Traceback (most recent call last):
  File "/home/lucky/.local/lib/python3.10/site-packages/airflow/models/dagbag.py", line 344, in parse
    loader.exec_module(new_module)
  File "<frozen importlib._bootstrap_external>", line 883, in exec_module
  File "<frozen importlib._bootstrap>", line 241, in _call_with_frames_removed
  File "/home/lucky/airflow/dags/assign2_task1.py", line 13, in <module>
    import geopandas as gpd
ModuleNotFoundError: No module named 'geopandas'
[2024-04-08T00:38:37.644+0530] {processor.py:842} WARNING - No viable dags retrieved from /home/lucky/airflow/dags/assign2_task1.py
[2024-04-08T00:38:37.684+0530] {processor.py:183} INFO - Processing /home/lucky/airflow/dags/assign2_task1.py took 2.201 seconds
[2024-04-08T00:39:41.762+0530] {processor.py:161} INFO - Started process (PID=19222) to work on /home/lucky/airflow/dags/assign2_task1.py
[2024-04-08T00:39:41.763+0530] {processor.py:830} INFO - Processing file /home/lucky/airflow/dags/assign2_task1.py for tasks to queue
[2024-04-08T00:39:41.765+0530] {logging_mixin.py:188} INFO - [2024-04-08T00:39:41.764+0530] {dagbag.py:538} INFO - Filling up the DagBag from /home/lucky/airflow/dags/assign2_task1.py
[2024-04-08T00:39:43.239+0530] {logging_mixin.py:188} INFO - [2024-04-08T00:39:43.239+0530] {native_type_compatibility.py:340} INFO - Using Any for unsupported type: typing.Sequence[~T]
[2024-04-08T00:39:43.909+0530] {logging_mixin.py:188} INFO - [2024-04-08T00:39:43.909+0530] {bigquery.py:440} INFO - No module named google.cloud.bigquery_storage_v1. As a result, the ReadFromBigQuery transform *CANNOT* be used with `method=DIRECT_READ`.
[2024-04-08T00:39:43.920+0530] {logging_mixin.py:188} INFO - [2024-04-08T00:39:43.917+0530] {dagbag.py:348} ERROR - Failed to import: /home/lucky/airflow/dags/assign2_task1.py
Traceback (most recent call last):
  File "/home/lucky/.local/lib/python3.10/site-packages/airflow/models/dagbag.py", line 344, in parse
    loader.exec_module(new_module)
  File "<frozen importlib._bootstrap_external>", line 883, in exec_module
  File "<frozen importlib._bootstrap>", line 241, in _call_with_frames_removed
  File "/home/lucky/airflow/dags/assign2_task1.py", line 13, in <module>
    import geopandas as gpd
ModuleNotFoundError: No module named 'geopandas'
[2024-04-08T00:39:43.921+0530] {processor.py:842} WARNING - No viable dags retrieved from /home/lucky/airflow/dags/assign2_task1.py
[2024-04-08T00:39:43.954+0530] {processor.py:183} INFO - Processing /home/lucky/airflow/dags/assign2_task1.py took 2.196 seconds
[2024-04-08T00:40:16.370+0530] {processor.py:161} INFO - Started process (PID=19966) to work on /home/lucky/airflow/dags/assign2_task1.py
[2024-04-08T00:40:16.372+0530] {processor.py:830} INFO - Processing file /home/lucky/airflow/dags/assign2_task1.py for tasks to queue
[2024-04-08T00:40:16.375+0530] {logging_mixin.py:188} INFO - [2024-04-08T00:40:16.374+0530] {dagbag.py:538} INFO - Filling up the DagBag from /home/lucky/airflow/dags/assign2_task1.py
[2024-04-08T00:40:17.661+0530] {logging_mixin.py:188} INFO - [2024-04-08T00:40:17.660+0530] {native_type_compatibility.py:340} INFO - Using Any for unsupported type: typing.Sequence[~T]
[2024-04-08T00:40:18.203+0530] {logging_mixin.py:188} INFO - [2024-04-08T00:40:18.202+0530] {bigquery.py:440} INFO - No module named google.cloud.bigquery_storage_v1. As a result, the ReadFromBigQuery transform *CANNOT* be used with `method=DIRECT_READ`.
[2024-04-08T00:40:18.210+0530] {logging_mixin.py:188} INFO - [2024-04-08T00:40:18.209+0530] {dagbag.py:348} ERROR - Failed to import: /home/lucky/airflow/dags/assign2_task1.py
Traceback (most recent call last):
  File "/home/lucky/.local/lib/python3.10/site-packages/airflow/models/dagbag.py", line 344, in parse
    loader.exec_module(new_module)
  File "<frozen importlib._bootstrap_external>", line 883, in exec_module
  File "<frozen importlib._bootstrap>", line 241, in _call_with_frames_removed
  File "/home/lucky/airflow/dags/assign2_task1.py", line 13, in <module>
    import geopandas as gpd
ModuleNotFoundError: No module named 'geopandas'
[2024-04-08T00:40:18.211+0530] {processor.py:842} WARNING - No viable dags retrieved from /home/lucky/airflow/dags/assign2_task1.py
[2024-04-08T00:40:18.231+0530] {processor.py:183} INFO - Processing /home/lucky/airflow/dags/assign2_task1.py took 1.866 seconds
[2024-04-08T00:40:48.964+0530] {processor.py:161} INFO - Started process (PID=20366) to work on /home/lucky/airflow/dags/assign2_task1.py
[2024-04-08T00:40:48.968+0530] {processor.py:830} INFO - Processing file /home/lucky/airflow/dags/assign2_task1.py for tasks to queue
[2024-04-08T00:40:48.970+0530] {logging_mixin.py:188} INFO - [2024-04-08T00:40:48.969+0530] {dagbag.py:538} INFO - Filling up the DagBag from /home/lucky/airflow/dags/assign2_task1.py
[2024-04-08T00:40:51.462+0530] {logging_mixin.py:188} INFO - [2024-04-08T00:40:51.460+0530] {native_type_compatibility.py:340} INFO - Using Any for unsupported type: typing.Sequence[~T]
[2024-04-08T00:40:52.112+0530] {logging_mixin.py:188} INFO - [2024-04-08T00:40:52.111+0530] {bigquery.py:440} INFO - No module named google.cloud.bigquery_storage_v1. As a result, the ReadFromBigQuery transform *CANNOT* be used with `method=DIRECT_READ`.
[2024-04-08T00:40:52.121+0530] {logging_mixin.py:188} INFO - [2024-04-08T00:40:52.120+0530] {dagbag.py:348} ERROR - Failed to import: /home/lucky/airflow/dags/assign2_task1.py
Traceback (most recent call last):
  File "/home/lucky/.local/lib/python3.10/site-packages/airflow/models/dagbag.py", line 344, in parse
    loader.exec_module(new_module)
  File "<frozen importlib._bootstrap_external>", line 883, in exec_module
  File "<frozen importlib._bootstrap>", line 241, in _call_with_frames_removed
  File "/home/lucky/airflow/dags/assign2_task1.py", line 13, in <module>
    import geopandas as gpd
ModuleNotFoundError: No module named 'geopandas'
[2024-04-08T00:40:52.122+0530] {processor.py:842} WARNING - No viable dags retrieved from /home/lucky/airflow/dags/assign2_task1.py
[2024-04-08T00:40:52.150+0530] {processor.py:183} INFO - Processing /home/lucky/airflow/dags/assign2_task1.py took 3.195 seconds
[2024-04-08T00:41:29.684+0530] {processor.py:161} INFO - Started process (PID=20835) to work on /home/lucky/airflow/dags/assign2_task1.py
[2024-04-08T00:41:29.686+0530] {processor.py:830} INFO - Processing file /home/lucky/airflow/dags/assign2_task1.py for tasks to queue
[2024-04-08T00:41:29.687+0530] {logging_mixin.py:188} INFO - [2024-04-08T00:41:29.687+0530] {dagbag.py:538} INFO - Filling up the DagBag from /home/lucky/airflow/dags/assign2_task1.py
[2024-04-08T00:41:30.816+0530] {logging_mixin.py:188} INFO - [2024-04-08T00:41:30.816+0530] {native_type_compatibility.py:340} INFO - Using Any for unsupported type: typing.Sequence[~T]
[2024-04-08T00:41:31.411+0530] {logging_mixin.py:188} INFO - [2024-04-08T00:41:31.411+0530] {bigquery.py:440} INFO - No module named google.cloud.bigquery_storage_v1. As a result, the ReadFromBigQuery transform *CANNOT* be used with `method=DIRECT_READ`.
[2024-04-08T00:41:31.418+0530] {logging_mixin.py:188} INFO - [2024-04-08T00:41:31.416+0530] {dagbag.py:348} ERROR - Failed to import: /home/lucky/airflow/dags/assign2_task1.py
Traceback (most recent call last):
  File "/home/lucky/.local/lib/python3.10/site-packages/airflow/models/dagbag.py", line 344, in parse
    loader.exec_module(new_module)
  File "<frozen importlib._bootstrap_external>", line 883, in exec_module
  File "<frozen importlib._bootstrap>", line 241, in _call_with_frames_removed
  File "/home/lucky/airflow/dags/assign2_task1.py", line 13, in <module>
    import geopandas as gpd
ModuleNotFoundError: No module named 'geopandas'
[2024-04-08T00:41:31.419+0530] {processor.py:842} WARNING - No viable dags retrieved from /home/lucky/airflow/dags/assign2_task1.py
[2024-04-08T00:41:31.437+0530] {processor.py:183} INFO - Processing /home/lucky/airflow/dags/assign2_task1.py took 1.756 seconds
[2024-04-08T00:42:05.580+0530] {processor.py:161} INFO - Started process (PID=21545) to work on /home/lucky/airflow/dags/assign2_task1.py
[2024-04-08T00:42:05.582+0530] {processor.py:830} INFO - Processing file /home/lucky/airflow/dags/assign2_task1.py for tasks to queue
[2024-04-08T00:42:05.583+0530] {logging_mixin.py:188} INFO - [2024-04-08T00:42:05.583+0530] {dagbag.py:538} INFO - Filling up the DagBag from /home/lucky/airflow/dags/assign2_task1.py
[2024-04-08T00:42:06.734+0530] {logging_mixin.py:188} INFO - [2024-04-08T00:42:06.733+0530] {native_type_compatibility.py:340} INFO - Using Any for unsupported type: typing.Sequence[~T]
[2024-04-08T00:42:07.258+0530] {logging_mixin.py:188} INFO - [2024-04-08T00:42:07.258+0530] {bigquery.py:440} INFO - No module named google.cloud.bigquery_storage_v1. As a result, the ReadFromBigQuery transform *CANNOT* be used with `method=DIRECT_READ`.
[2024-04-08T00:42:07.269+0530] {logging_mixin.py:188} INFO - [2024-04-08T00:42:07.267+0530] {dagbag.py:348} ERROR - Failed to import: /home/lucky/airflow/dags/assign2_task1.py
Traceback (most recent call last):
  File "/home/lucky/.local/lib/python3.10/site-packages/airflow/models/dagbag.py", line 344, in parse
    loader.exec_module(new_module)
  File "<frozen importlib._bootstrap_external>", line 883, in exec_module
  File "<frozen importlib._bootstrap>", line 241, in _call_with_frames_removed
  File "/home/lucky/airflow/dags/assign2_task1.py", line 13, in <module>
    import geopandas as gpd
ModuleNotFoundError: No module named 'geopandas'
[2024-04-08T00:42:07.270+0530] {processor.py:842} WARNING - No viable dags retrieved from /home/lucky/airflow/dags/assign2_task1.py
[2024-04-08T00:42:07.406+0530] {processor.py:183} INFO - Processing /home/lucky/airflow/dags/assign2_task1.py took 1.830 seconds
[2024-04-08T00:43:08.520+0530] {processor.py:161} INFO - Started process (PID=22299) to work on /home/lucky/airflow/dags/assign2_task1.py
[2024-04-08T00:43:08.524+0530] {processor.py:830} INFO - Processing file /home/lucky/airflow/dags/assign2_task1.py for tasks to queue
[2024-04-08T00:43:08.528+0530] {logging_mixin.py:188} INFO - [2024-04-08T00:43:08.527+0530] {dagbag.py:538} INFO - Filling up the DagBag from /home/lucky/airflow/dags/assign2_task1.py
[2024-04-08T00:43:09.720+0530] {logging_mixin.py:188} INFO - [2024-04-08T00:43:09.719+0530] {native_type_compatibility.py:340} INFO - Using Any for unsupported type: typing.Sequence[~T]
[2024-04-08T00:43:10.166+0530] {logging_mixin.py:188} INFO - [2024-04-08T00:43:10.166+0530] {bigquery.py:440} INFO - No module named google.cloud.bigquery_storage_v1. As a result, the ReadFromBigQuery transform *CANNOT* be used with `method=DIRECT_READ`.
[2024-04-08T00:43:10.173+0530] {logging_mixin.py:188} INFO - [2024-04-08T00:43:10.172+0530] {dagbag.py:348} ERROR - Failed to import: /home/lucky/airflow/dags/assign2_task1.py
Traceback (most recent call last):
  File "/home/lucky/.local/lib/python3.10/site-packages/airflow/models/dagbag.py", line 344, in parse
    loader.exec_module(new_module)
  File "<frozen importlib._bootstrap_external>", line 883, in exec_module
  File "<frozen importlib._bootstrap>", line 241, in _call_with_frames_removed
  File "/home/lucky/airflow/dags/assign2_task1.py", line 13, in <module>
    import geopandas as gpd
ModuleNotFoundError: No module named 'geopandas'
[2024-04-08T00:43:10.174+0530] {processor.py:842} WARNING - No viable dags retrieved from /home/lucky/airflow/dags/assign2_task1.py
[2024-04-08T00:43:10.196+0530] {processor.py:183} INFO - Processing /home/lucky/airflow/dags/assign2_task1.py took 1.682 seconds
