[2024-04-01T21:41:20.742+0530] {processor.py:161} INFO - Started process (PID=16925) to work on /home/lucky/airflow/dags/analytics_pipeline.py
[2024-04-01T21:41:20.804+0530] {processor.py:830} INFO - Processing file /home/lucky/airflow/dags/analytics_pipeline.py for tasks to queue
[2024-04-01T21:41:20.835+0530] {logging_mixin.py:188} INFO - [2024-04-01T21:41:20.825+0530] {dagbag.py:538} INFO - Filling up the DagBag from /home/lucky/airflow/dags/analytics_pipeline.py
[2024-04-01T21:41:28.670+0530] {logging_mixin.py:188} INFO - [2024-04-01T21:41:28.669+0530] {native_type_compatibility.py:340} INFO - Using Any for unsupported type: typing.Sequence[~T]
[2024-04-01T21:41:29.488+0530] {logging_mixin.py:188} INFO - [2024-04-01T21:41:29.487+0530] {bigquery.py:440} INFO - No module named google.cloud.bigquery_storage_v1. As a result, the ReadFromBigQuery transform *CANNOT* be used with `method=DIRECT_READ`.
[2024-04-01T21:41:29.518+0530] {processor.py:840} INFO - DAG(s) 'analytics_pipeline' retrieved from /home/lucky/airflow/dags/analytics_pipeline.py
[2024-04-01T21:41:29.989+0530] {logging_mixin.py:188} INFO - [2024-04-01T21:41:29.988+0530] {dag.py:3036} INFO - Sync 1 DAGs
[2024-04-01T21:41:30.044+0530] {logging_mixin.py:188} INFO - [2024-04-01T21:41:30.043+0530] {dag.py:3823} INFO - Setting next_dagrun for analytics_pipeline to None, run_after=None
[2024-04-01T21:41:30.140+0530] {processor.py:183} INFO - Processing /home/lucky/airflow/dags/analytics_pipeline.py took 9.557 seconds
[2024-04-01T21:42:42.716+0530] {processor.py:161} INFO - Started process (PID=18173) to work on /home/lucky/airflow/dags/analytics_pipeline.py
[2024-04-01T21:42:42.719+0530] {processor.py:830} INFO - Processing file /home/lucky/airflow/dags/analytics_pipeline.py for tasks to queue
[2024-04-01T21:42:42.721+0530] {logging_mixin.py:188} INFO - [2024-04-01T21:42:42.721+0530] {dagbag.py:538} INFO - Filling up the DagBag from /home/lucky/airflow/dags/analytics_pipeline.py
[2024-04-01T21:42:44.421+0530] {logging_mixin.py:188} INFO - [2024-04-01T21:42:44.420+0530] {native_type_compatibility.py:340} INFO - Using Any for unsupported type: typing.Sequence[~T]
[2024-04-01T21:42:44.950+0530] {logging_mixin.py:188} INFO - [2024-04-01T21:42:44.949+0530] {bigquery.py:440} INFO - No module named google.cloud.bigquery_storage_v1. As a result, the ReadFromBigQuery transform *CANNOT* be used with `method=DIRECT_READ`.
[2024-04-01T21:42:44.976+0530] {processor.py:840} INFO - DAG(s) 'analytics_pipeline' retrieved from /home/lucky/airflow/dags/analytics_pipeline.py
[2024-04-01T21:42:45.034+0530] {logging_mixin.py:188} INFO - [2024-04-01T21:42:45.033+0530] {dag.py:3036} INFO - Sync 1 DAGs
[2024-04-01T21:42:45.365+0530] {logging_mixin.py:188} INFO - [2024-04-01T21:42:45.365+0530] {dag.py:3823} INFO - Setting next_dagrun for analytics_pipeline to None, run_after=None
[2024-04-01T21:42:45.406+0530] {processor.py:183} INFO - Processing /home/lucky/airflow/dags/analytics_pipeline.py took 2.697 seconds
[2024-04-01T21:43:24.700+0530] {processor.py:161} INFO - Started process (PID=18638) to work on /home/lucky/airflow/dags/analytics_pipeline.py
[2024-04-01T21:43:24.706+0530] {processor.py:830} INFO - Processing file /home/lucky/airflow/dags/analytics_pipeline.py for tasks to queue
[2024-04-01T21:43:24.709+0530] {logging_mixin.py:188} INFO - [2024-04-01T21:43:24.708+0530] {dagbag.py:538} INFO - Filling up the DagBag from /home/lucky/airflow/dags/analytics_pipeline.py
[2024-04-01T21:43:26.353+0530] {logging_mixin.py:188} INFO - [2024-04-01T21:43:26.352+0530] {native_type_compatibility.py:340} INFO - Using Any for unsupported type: typing.Sequence[~T]
[2024-04-01T21:43:26.883+0530] {logging_mixin.py:188} INFO - [2024-04-01T21:43:26.882+0530] {bigquery.py:440} INFO - No module named google.cloud.bigquery_storage_v1. As a result, the ReadFromBigQuery transform *CANNOT* be used with `method=DIRECT_READ`.
[2024-04-01T21:43:26.894+0530] {processor.py:840} INFO - DAG(s) 'analytics_pipeline' retrieved from /home/lucky/airflow/dags/analytics_pipeline.py
[2024-04-01T21:43:26.912+0530] {logging_mixin.py:188} INFO - [2024-04-01T21:43:26.911+0530] {dag.py:3036} INFO - Sync 1 DAGs
[2024-04-01T21:43:26.928+0530] {logging_mixin.py:188} INFO - [2024-04-01T21:43:26.927+0530] {dag.py:3823} INFO - Setting next_dagrun for analytics_pipeline to None, run_after=None
[2024-04-01T21:43:26.960+0530] {processor.py:183} INFO - Processing /home/lucky/airflow/dags/analytics_pipeline.py took 2.266 seconds
[2024-04-01T21:44:06.150+0530] {processor.py:161} INFO - Started process (PID=19464) to work on /home/lucky/airflow/dags/analytics_pipeline.py
[2024-04-01T21:44:06.153+0530] {processor.py:830} INFO - Processing file /home/lucky/airflow/dags/analytics_pipeline.py for tasks to queue
[2024-04-01T21:44:06.156+0530] {logging_mixin.py:188} INFO - [2024-04-01T21:44:06.154+0530] {dagbag.py:538} INFO - Filling up the DagBag from /home/lucky/airflow/dags/analytics_pipeline.py
[2024-04-01T21:44:08.021+0530] {logging_mixin.py:188} INFO - [2024-04-01T21:44:08.020+0530] {native_type_compatibility.py:340} INFO - Using Any for unsupported type: typing.Sequence[~T]
[2024-04-01T21:44:08.700+0530] {logging_mixin.py:188} INFO - [2024-04-01T21:44:08.699+0530] {bigquery.py:440} INFO - No module named google.cloud.bigquery_storage_v1. As a result, the ReadFromBigQuery transform *CANNOT* be used with `method=DIRECT_READ`.
[2024-04-01T21:44:08.724+0530] {processor.py:840} INFO - DAG(s) 'analytics_pipeline' retrieved from /home/lucky/airflow/dags/analytics_pipeline.py
[2024-04-01T21:44:08.899+0530] {logging_mixin.py:188} INFO - [2024-04-01T21:44:08.898+0530] {dag.py:3036} INFO - Sync 1 DAGs
[2024-04-01T21:44:09.324+0530] {logging_mixin.py:188} INFO - [2024-04-01T21:44:09.323+0530] {dag.py:3823} INFO - Setting next_dagrun for analytics_pipeline to None, run_after=None
[2024-04-01T21:44:09.447+0530] {processor.py:183} INFO - Processing /home/lucky/airflow/dags/analytics_pipeline.py took 3.301 seconds
[2024-04-01T21:44:12.856+0530] {processor.py:161} INFO - Started process (PID=19557) to work on /home/lucky/airflow/dags/analytics_pipeline.py
[2024-04-01T21:44:12.858+0530] {processor.py:830} INFO - Processing file /home/lucky/airflow/dags/analytics_pipeline.py for tasks to queue
[2024-04-01T21:44:12.860+0530] {logging_mixin.py:188} INFO - [2024-04-01T21:44:12.859+0530] {dagbag.py:538} INFO - Filling up the DagBag from /home/lucky/airflow/dags/analytics_pipeline.py
[2024-04-01T21:44:14.892+0530] {logging_mixin.py:188} INFO - [2024-04-01T21:44:14.890+0530] {native_type_compatibility.py:340} INFO - Using Any for unsupported type: typing.Sequence[~T]
[2024-04-01T21:44:15.912+0530] {logging_mixin.py:188} INFO - [2024-04-01T21:44:15.911+0530] {bigquery.py:440} INFO - No module named google.cloud.bigquery_storage_v1. As a result, the ReadFromBigQuery transform *CANNOT* be used with `method=DIRECT_READ`.
[2024-04-01T21:44:15.948+0530] {processor.py:840} INFO - DAG(s) 'analytics_pipeline' retrieved from /home/lucky/airflow/dags/analytics_pipeline.py
[2024-04-01T21:44:16.132+0530] {logging_mixin.py:188} INFO - [2024-04-01T21:44:16.131+0530] {dag.py:3036} INFO - Sync 1 DAGs
[2024-04-01T21:44:16.229+0530] {logging_mixin.py:188} INFO - [2024-04-01T21:44:16.228+0530] {dag.py:3823} INFO - Setting next_dagrun for analytics_pipeline to None, run_after=None
[2024-04-01T21:44:16.323+0530] {processor.py:183} INFO - Processing /home/lucky/airflow/dags/analytics_pipeline.py took 3.471 seconds
[2024-04-01T21:44:42.403+0530] {processor.py:161} INFO - Started process (PID=19942) to work on /home/lucky/airflow/dags/analytics_pipeline.py
[2024-04-01T21:44:42.406+0530] {processor.py:830} INFO - Processing file /home/lucky/airflow/dags/analytics_pipeline.py for tasks to queue
[2024-04-01T21:44:42.408+0530] {logging_mixin.py:188} INFO - [2024-04-01T21:44:42.407+0530] {dagbag.py:538} INFO - Filling up the DagBag from /home/lucky/airflow/dags/analytics_pipeline.py
[2024-04-01T21:44:43.816+0530] {logging_mixin.py:188} INFO - [2024-04-01T21:44:43.816+0530] {native_type_compatibility.py:340} INFO - Using Any for unsupported type: typing.Sequence[~T]
[2024-04-01T21:44:44.056+0530] {logging_mixin.py:188} INFO - [2024-04-01T21:44:44.056+0530] {bigquery.py:440} INFO - No module named google.cloud.bigquery_storage_v1. As a result, the ReadFromBigQuery transform *CANNOT* be used with `method=DIRECT_READ`.
[2024-04-01T21:44:44.067+0530] {processor.py:840} INFO - DAG(s) 'analytics_pipeline' retrieved from /home/lucky/airflow/dags/analytics_pipeline.py
[2024-04-01T21:44:44.090+0530] {logging_mixin.py:188} INFO - [2024-04-01T21:44:44.089+0530] {dag.py:3036} INFO - Sync 1 DAGs
[2024-04-01T21:44:44.112+0530] {logging_mixin.py:188} INFO - [2024-04-01T21:44:44.111+0530] {dag.py:3823} INFO - Setting next_dagrun for analytics_pipeline to None, run_after=None
[2024-04-01T21:44:44.149+0530] {processor.py:183} INFO - Processing /home/lucky/airflow/dags/analytics_pipeline.py took 1.752 seconds
[2024-04-01T21:45:42.318+0530] {processor.py:161} INFO - Started process (PID=20971) to work on /home/lucky/airflow/dags/analytics_pipeline.py
[2024-04-01T21:45:42.320+0530] {processor.py:830} INFO - Processing file /home/lucky/airflow/dags/analytics_pipeline.py for tasks to queue
[2024-04-01T21:45:42.321+0530] {logging_mixin.py:188} INFO - [2024-04-01T21:45:42.321+0530] {dagbag.py:538} INFO - Filling up the DagBag from /home/lucky/airflow/dags/analytics_pipeline.py
[2024-04-01T21:45:43.276+0530] {logging_mixin.py:188} INFO - [2024-04-01T21:45:43.275+0530] {native_type_compatibility.py:340} INFO - Using Any for unsupported type: typing.Sequence[~T]
[2024-04-01T21:45:43.628+0530] {logging_mixin.py:188} INFO - [2024-04-01T21:45:43.628+0530] {bigquery.py:440} INFO - No module named google.cloud.bigquery_storage_v1. As a result, the ReadFromBigQuery transform *CANNOT* be used with `method=DIRECT_READ`.
[2024-04-01T21:45:43.639+0530] {processor.py:840} INFO - DAG(s) 'analytics_pipeline' retrieved from /home/lucky/airflow/dags/analytics_pipeline.py
[2024-04-01T21:45:43.785+0530] {logging_mixin.py:188} INFO - [2024-04-01T21:45:43.785+0530] {dag.py:3036} INFO - Sync 1 DAGs
[2024-04-01T21:45:43.802+0530] {logging_mixin.py:188} INFO - [2024-04-01T21:45:43.802+0530] {dag.py:3823} INFO - Setting next_dagrun for analytics_pipeline to None, run_after=None
[2024-04-01T21:45:43.832+0530] {processor.py:183} INFO - Processing /home/lucky/airflow/dags/analytics_pipeline.py took 1.517 seconds
[2024-04-01T21:57:58.294+0530] {processor.py:161} INFO - Started process (PID=31516) to work on /home/lucky/airflow/dags/analytics_pipeline.py
[2024-04-01T21:57:58.296+0530] {processor.py:830} INFO - Processing file /home/lucky/airflow/dags/analytics_pipeline.py for tasks to queue
[2024-04-01T21:57:58.297+0530] {logging_mixin.py:188} INFO - [2024-04-01T21:57:58.297+0530] {dagbag.py:538} INFO - Filling up the DagBag from /home/lucky/airflow/dags/analytics_pipeline.py
[2024-04-01T21:57:59.801+0530] {logging_mixin.py:188} INFO - [2024-04-01T21:57:59.800+0530] {native_type_compatibility.py:340} INFO - Using Any for unsupported type: typing.Sequence[~T]
[2024-04-01T21:58:00.112+0530] {logging_mixin.py:188} INFO - [2024-04-01T21:58:00.112+0530] {bigquery.py:440} INFO - No module named google.cloud.bigquery_storage_v1. As a result, the ReadFromBigQuery transform *CANNOT* be used with `method=DIRECT_READ`.
[2024-04-01T21:58:00.124+0530] {processor.py:840} INFO - DAG(s) 'analytics_pipeline' retrieved from /home/lucky/airflow/dags/analytics_pipeline.py
[2024-04-01T21:58:00.151+0530] {logging_mixin.py:188} INFO - [2024-04-01T21:58:00.150+0530] {dag.py:3036} INFO - Sync 1 DAGs
[2024-04-01T21:58:00.163+0530] {logging_mixin.py:188} INFO - [2024-04-01T21:58:00.163+0530] {dag.py:3823} INFO - Setting next_dagrun for analytics_pipeline to None, run_after=None
[2024-04-01T21:58:00.191+0530] {processor.py:183} INFO - Processing /home/lucky/airflow/dags/analytics_pipeline.py took 1.900 seconds
[2024-04-01T21:59:02.522+0530] {processor.py:161} INFO - Started process (PID=32543) to work on /home/lucky/airflow/dags/analytics_pipeline.py
[2024-04-01T21:59:02.524+0530] {processor.py:830} INFO - Processing file /home/lucky/airflow/dags/analytics_pipeline.py for tasks to queue
[2024-04-01T21:59:02.525+0530] {logging_mixin.py:188} INFO - [2024-04-01T21:59:02.525+0530] {dagbag.py:538} INFO - Filling up the DagBag from /home/lucky/airflow/dags/analytics_pipeline.py
[2024-04-01T21:59:03.574+0530] {logging_mixin.py:188} INFO - [2024-04-01T21:59:03.573+0530] {native_type_compatibility.py:340} INFO - Using Any for unsupported type: typing.Sequence[~T]
[2024-04-01T21:59:03.943+0530] {logging_mixin.py:188} INFO - [2024-04-01T21:59:03.943+0530] {bigquery.py:440} INFO - No module named google.cloud.bigquery_storage_v1. As a result, the ReadFromBigQuery transform *CANNOT* be used with `method=DIRECT_READ`.
[2024-04-01T21:59:03.958+0530] {processor.py:840} INFO - DAG(s) 'analytics_pipeline' retrieved from /home/lucky/airflow/dags/analytics_pipeline.py
[2024-04-01T21:59:03.982+0530] {logging_mixin.py:188} INFO - [2024-04-01T21:59:03.982+0530] {dag.py:3036} INFO - Sync 1 DAGs
[2024-04-01T21:59:04.007+0530] {logging_mixin.py:188} INFO - [2024-04-01T21:59:04.005+0530] {dag.py:3823} INFO - Setting next_dagrun for analytics_pipeline to None, run_after=None
[2024-04-01T21:59:04.052+0530] {processor.py:183} INFO - Processing /home/lucky/airflow/dags/analytics_pipeline.py took 1.533 seconds
[2024-04-01T22:00:03.597+0530] {processor.py:161} INFO - Started process (PID=33301) to work on /home/lucky/airflow/dags/analytics_pipeline.py
[2024-04-01T22:00:03.599+0530] {processor.py:830} INFO - Processing file /home/lucky/airflow/dags/analytics_pipeline.py for tasks to queue
[2024-04-01T22:00:03.600+0530] {logging_mixin.py:188} INFO - [2024-04-01T22:00:03.600+0530] {dagbag.py:538} INFO - Filling up the DagBag from /home/lucky/airflow/dags/analytics_pipeline.py
[2024-04-01T22:00:05.593+0530] {logging_mixin.py:188} INFO - [2024-04-01T22:00:05.592+0530] {native_type_compatibility.py:340} INFO - Using Any for unsupported type: typing.Sequence[~T]
[2024-04-01T22:00:05.840+0530] {logging_mixin.py:188} INFO - [2024-04-01T22:00:05.840+0530] {bigquery.py:440} INFO - No module named google.cloud.bigquery_storage_v1. As a result, the ReadFromBigQuery transform *CANNOT* be used with `method=DIRECT_READ`.
[2024-04-01T22:00:05.849+0530] {processor.py:840} INFO - DAG(s) 'analytics_pipeline' retrieved from /home/lucky/airflow/dags/analytics_pipeline.py
[2024-04-01T22:00:05.865+0530] {logging_mixin.py:188} INFO - [2024-04-01T22:00:05.865+0530] {dag.py:3036} INFO - Sync 1 DAGs
[2024-04-01T22:00:06.037+0530] {logging_mixin.py:188} INFO - [2024-04-01T22:00:06.036+0530] {dag.py:3823} INFO - Setting next_dagrun for analytics_pipeline to None, run_after=None
[2024-04-01T22:00:06.069+0530] {processor.py:183} INFO - Processing /home/lucky/airflow/dags/analytics_pipeline.py took 2.475 seconds
[2024-04-01T22:00:36.659+0530] {processor.py:161} INFO - Started process (PID=33991) to work on /home/lucky/airflow/dags/analytics_pipeline.py
[2024-04-01T22:00:36.661+0530] {processor.py:830} INFO - Processing file /home/lucky/airflow/dags/analytics_pipeline.py for tasks to queue
[2024-04-01T22:00:36.662+0530] {logging_mixin.py:188} INFO - [2024-04-01T22:00:36.661+0530] {dagbag.py:538} INFO - Filling up the DagBag from /home/lucky/airflow/dags/analytics_pipeline.py
[2024-04-01T22:00:37.454+0530] {logging_mixin.py:188} INFO - [2024-04-01T22:00:37.453+0530] {native_type_compatibility.py:340} INFO - Using Any for unsupported type: typing.Sequence[~T]
[2024-04-01T22:00:37.744+0530] {logging_mixin.py:188} INFO - [2024-04-01T22:00:37.743+0530] {bigquery.py:440} INFO - No module named google.cloud.bigquery_storage_v1. As a result, the ReadFromBigQuery transform *CANNOT* be used with `method=DIRECT_READ`.
[2024-04-01T22:00:37.920+0530] {processor.py:840} INFO - DAG(s) 'analytics_pipeline' retrieved from /home/lucky/airflow/dags/analytics_pipeline.py
[2024-04-01T22:00:37.947+0530] {logging_mixin.py:188} INFO - [2024-04-01T22:00:37.946+0530] {dag.py:3036} INFO - Sync 1 DAGs
[2024-04-01T22:00:37.978+0530] {logging_mixin.py:188} INFO - [2024-04-01T22:00:37.977+0530] {dag.py:3823} INFO - Setting next_dagrun for analytics_pipeline to None, run_after=None
[2024-04-01T22:00:38.021+0530] {processor.py:183} INFO - Processing /home/lucky/airflow/dags/analytics_pipeline.py took 1.364 seconds
[2024-04-01T22:01:28.905+0530] {processor.py:161} INFO - Started process (PID=34658) to work on /home/lucky/airflow/dags/analytics_pipeline.py
[2024-04-01T22:01:28.911+0530] {processor.py:830} INFO - Processing file /home/lucky/airflow/dags/analytics_pipeline.py for tasks to queue
[2024-04-01T22:01:28.914+0530] {logging_mixin.py:188} INFO - [2024-04-01T22:01:28.913+0530] {dagbag.py:538} INFO - Filling up the DagBag from /home/lucky/airflow/dags/analytics_pipeline.py
[2024-04-01T22:01:30.839+0530] {logging_mixin.py:188} INFO - [2024-04-01T22:01:30.838+0530] {native_type_compatibility.py:340} INFO - Using Any for unsupported type: typing.Sequence[~T]
[2024-04-01T22:01:31.552+0530] {logging_mixin.py:188} INFO - [2024-04-01T22:01:31.552+0530] {bigquery.py:440} INFO - No module named google.cloud.bigquery_storage_v1. As a result, the ReadFromBigQuery transform *CANNOT* be used with `method=DIRECT_READ`.
[2024-04-01T22:01:31.578+0530] {processor.py:840} INFO - DAG(s) 'analytics_pipeline' retrieved from /home/lucky/airflow/dags/analytics_pipeline.py
[2024-04-01T22:01:31.930+0530] {logging_mixin.py:188} INFO - [2024-04-01T22:01:31.929+0530] {dag.py:3036} INFO - Sync 1 DAGs
[2024-04-01T22:01:31.968+0530] {logging_mixin.py:188} INFO - [2024-04-01T22:01:31.968+0530] {dag.py:3823} INFO - Setting next_dagrun for analytics_pipeline to None, run_after=None
[2024-04-01T22:01:32.005+0530] {processor.py:183} INFO - Processing /home/lucky/airflow/dags/analytics_pipeline.py took 3.106 seconds
[2024-04-01T22:02:34.325+0530] {processor.py:161} INFO - Started process (PID=35740) to work on /home/lucky/airflow/dags/analytics_pipeline.py
[2024-04-01T22:02:34.327+0530] {processor.py:830} INFO - Processing file /home/lucky/airflow/dags/analytics_pipeline.py for tasks to queue
[2024-04-01T22:02:34.329+0530] {logging_mixin.py:188} INFO - [2024-04-01T22:02:34.328+0530] {dagbag.py:538} INFO - Filling up the DagBag from /home/lucky/airflow/dags/analytics_pipeline.py
[2024-04-01T22:02:35.209+0530] {logging_mixin.py:188} INFO - [2024-04-01T22:02:35.208+0530] {native_type_compatibility.py:340} INFO - Using Any for unsupported type: typing.Sequence[~T]
[2024-04-01T22:02:35.433+0530] {logging_mixin.py:188} INFO - [2024-04-01T22:02:35.432+0530] {bigquery.py:440} INFO - No module named google.cloud.bigquery_storage_v1. As a result, the ReadFromBigQuery transform *CANNOT* be used with `method=DIRECT_READ`.
[2024-04-01T22:02:35.440+0530] {processor.py:840} INFO - DAG(s) 'analytics_pipeline' retrieved from /home/lucky/airflow/dags/analytics_pipeline.py
[2024-04-01T22:02:35.454+0530] {logging_mixin.py:188} INFO - [2024-04-01T22:02:35.453+0530] {dag.py:3036} INFO - Sync 1 DAGs
[2024-04-01T22:02:35.603+0530] {logging_mixin.py:188} INFO - [2024-04-01T22:02:35.603+0530] {dag.py:3823} INFO - Setting next_dagrun for analytics_pipeline to None, run_after=None
[2024-04-01T22:02:35.625+0530] {processor.py:183} INFO - Processing /home/lucky/airflow/dags/analytics_pipeline.py took 1.304 seconds
[2024-04-01T22:03:05.914+0530] {processor.py:161} INFO - Started process (PID=36124) to work on /home/lucky/airflow/dags/analytics_pipeline.py
[2024-04-01T22:03:05.922+0530] {processor.py:830} INFO - Processing file /home/lucky/airflow/dags/analytics_pipeline.py for tasks to queue
[2024-04-01T22:03:05.924+0530] {logging_mixin.py:188} INFO - [2024-04-01T22:03:05.923+0530] {dagbag.py:538} INFO - Filling up the DagBag from /home/lucky/airflow/dags/analytics_pipeline.py
[2024-04-01T22:03:07.136+0530] {logging_mixin.py:188} INFO - [2024-04-01T22:03:07.135+0530] {native_type_compatibility.py:340} INFO - Using Any for unsupported type: typing.Sequence[~T]
[2024-04-01T22:03:07.504+0530] {logging_mixin.py:188} INFO - [2024-04-01T22:03:07.504+0530] {bigquery.py:440} INFO - No module named google.cloud.bigquery_storage_v1. As a result, the ReadFromBigQuery transform *CANNOT* be used with `method=DIRECT_READ`.
[2024-04-01T22:03:07.511+0530] {processor.py:840} INFO - DAG(s) 'analytics_pipeline' retrieved from /home/lucky/airflow/dags/analytics_pipeline.py
[2024-04-01T22:03:07.531+0530] {logging_mixin.py:188} INFO - [2024-04-01T22:03:07.530+0530] {dag.py:3036} INFO - Sync 1 DAGs
[2024-04-01T22:03:07.543+0530] {logging_mixin.py:188} INFO - [2024-04-01T22:03:07.543+0530] {dag.py:3823} INFO - Setting next_dagrun for analytics_pipeline to None, run_after=None
[2024-04-01T22:03:07.573+0530] {processor.py:183} INFO - Processing /home/lucky/airflow/dags/analytics_pipeline.py took 1.664 seconds
[2024-04-01T22:03:38.356+0530] {processor.py:161} INFO - Started process (PID=36801) to work on /home/lucky/airflow/dags/analytics_pipeline.py
[2024-04-01T22:03:38.358+0530] {processor.py:830} INFO - Processing file /home/lucky/airflow/dags/analytics_pipeline.py for tasks to queue
[2024-04-01T22:03:38.359+0530] {logging_mixin.py:188} INFO - [2024-04-01T22:03:38.359+0530] {dagbag.py:538} INFO - Filling up the DagBag from /home/lucky/airflow/dags/analytics_pipeline.py
[2024-04-01T22:03:40.343+0530] {logging_mixin.py:188} INFO - [2024-04-01T22:03:40.342+0530] {native_type_compatibility.py:340} INFO - Using Any for unsupported type: typing.Sequence[~T]
[2024-04-01T22:03:40.790+0530] {logging_mixin.py:188} INFO - [2024-04-01T22:03:40.790+0530] {bigquery.py:440} INFO - No module named google.cloud.bigquery_storage_v1. As a result, the ReadFromBigQuery transform *CANNOT* be used with `method=DIRECT_READ`.
[2024-04-01T22:03:40.812+0530] {processor.py:840} INFO - DAG(s) 'analytics_pipeline' retrieved from /home/lucky/airflow/dags/analytics_pipeline.py
[2024-04-01T22:03:40.841+0530] {logging_mixin.py:188} INFO - [2024-04-01T22:03:40.841+0530] {dag.py:3036} INFO - Sync 1 DAGs
[2024-04-01T22:03:40.859+0530] {logging_mixin.py:188} INFO - [2024-04-01T22:03:40.859+0530] {dag.py:3823} INFO - Setting next_dagrun for analytics_pipeline to None, run_after=None
[2024-04-01T22:03:41.095+0530] {processor.py:183} INFO - Processing /home/lucky/airflow/dags/analytics_pipeline.py took 2.742 seconds
[2024-04-01T22:04:14.863+0530] {processor.py:161} INFO - Started process (PID=37245) to work on /home/lucky/airflow/dags/analytics_pipeline.py
[2024-04-01T22:04:14.866+0530] {processor.py:830} INFO - Processing file /home/lucky/airflow/dags/analytics_pipeline.py for tasks to queue
[2024-04-01T22:04:14.868+0530] {logging_mixin.py:188} INFO - [2024-04-01T22:04:14.868+0530] {dagbag.py:538} INFO - Filling up the DagBag from /home/lucky/airflow/dags/analytics_pipeline.py
[2024-04-01T22:04:16.329+0530] {logging_mixin.py:188} INFO - [2024-04-01T22:04:16.328+0530] {native_type_compatibility.py:340} INFO - Using Any for unsupported type: typing.Sequence[~T]
[2024-04-01T22:04:16.985+0530] {logging_mixin.py:188} INFO - [2024-04-01T22:04:16.985+0530] {bigquery.py:440} INFO - No module named google.cloud.bigquery_storage_v1. As a result, the ReadFromBigQuery transform *CANNOT* be used with `method=DIRECT_READ`.
[2024-04-01T22:04:17.001+0530] {processor.py:840} INFO - DAG(s) 'analytics_pipeline' retrieved from /home/lucky/airflow/dags/analytics_pipeline.py
[2024-04-01T22:04:17.020+0530] {logging_mixin.py:188} INFO - [2024-04-01T22:04:17.019+0530] {dag.py:3036} INFO - Sync 1 DAGs
[2024-04-01T22:04:17.034+0530] {logging_mixin.py:188} INFO - [2024-04-01T22:04:17.034+0530] {dag.py:3823} INFO - Setting next_dagrun for analytics_pipeline to None, run_after=None
[2024-04-01T22:04:17.063+0530] {processor.py:183} INFO - Processing /home/lucky/airflow/dags/analytics_pipeline.py took 2.207 seconds
[2024-04-01T22:04:51.431+0530] {processor.py:161} INFO - Started process (PID=37664) to work on /home/lucky/airflow/dags/analytics_pipeline.py
[2024-04-01T22:04:51.433+0530] {processor.py:830} INFO - Processing file /home/lucky/airflow/dags/analytics_pipeline.py for tasks to queue
[2024-04-01T22:04:51.434+0530] {logging_mixin.py:188} INFO - [2024-04-01T22:04:51.434+0530] {dagbag.py:538} INFO - Filling up the DagBag from /home/lucky/airflow/dags/analytics_pipeline.py
[2024-04-01T22:04:52.504+0530] {logging_mixin.py:188} INFO - [2024-04-01T22:04:52.504+0530] {native_type_compatibility.py:340} INFO - Using Any for unsupported type: typing.Sequence[~T]
[2024-04-01T22:04:52.853+0530] {logging_mixin.py:188} INFO - [2024-04-01T22:04:52.853+0530] {bigquery.py:440} INFO - No module named google.cloud.bigquery_storage_v1. As a result, the ReadFromBigQuery transform *CANNOT* be used with `method=DIRECT_READ`.
[2024-04-01T22:04:52.862+0530] {processor.py:840} INFO - DAG(s) 'analytics_pipeline' retrieved from /home/lucky/airflow/dags/analytics_pipeline.py
[2024-04-01T22:04:52.878+0530] {logging_mixin.py:188} INFO - [2024-04-01T22:04:52.878+0530] {dag.py:3036} INFO - Sync 1 DAGs
[2024-04-01T22:04:52.891+0530] {logging_mixin.py:188} INFO - [2024-04-01T22:04:52.891+0530] {dag.py:3823} INFO - Setting next_dagrun for analytics_pipeline to None, run_after=None
[2024-04-01T22:04:52.920+0530] {processor.py:183} INFO - Processing /home/lucky/airflow/dags/analytics_pipeline.py took 1.492 seconds
[2024-04-01T22:05:23.077+0530] {processor.py:161} INFO - Started process (PID=38345) to work on /home/lucky/airflow/dags/analytics_pipeline.py
[2024-04-01T22:05:23.079+0530] {processor.py:830} INFO - Processing file /home/lucky/airflow/dags/analytics_pipeline.py for tasks to queue
[2024-04-01T22:05:23.081+0530] {logging_mixin.py:188} INFO - [2024-04-01T22:05:23.080+0530] {dagbag.py:538} INFO - Filling up the DagBag from /home/lucky/airflow/dags/analytics_pipeline.py
[2024-04-01T22:05:24.197+0530] {logging_mixin.py:188} INFO - [2024-04-01T22:05:24.196+0530] {native_type_compatibility.py:340} INFO - Using Any for unsupported type: typing.Sequence[~T]
[2024-04-01T22:05:24.449+0530] {logging_mixin.py:188} INFO - [2024-04-01T22:05:24.449+0530] {bigquery.py:440} INFO - No module named google.cloud.bigquery_storage_v1. As a result, the ReadFromBigQuery transform *CANNOT* be used with `method=DIRECT_READ`.
[2024-04-01T22:05:24.457+0530] {processor.py:840} INFO - DAG(s) 'analytics_pipeline' retrieved from /home/lucky/airflow/dags/analytics_pipeline.py
[2024-04-01T22:05:24.604+0530] {logging_mixin.py:188} INFO - [2024-04-01T22:05:24.603+0530] {dag.py:3036} INFO - Sync 1 DAGs
[2024-04-01T22:05:24.615+0530] {logging_mixin.py:188} INFO - [2024-04-01T22:05:24.615+0530] {dag.py:3823} INFO - Setting next_dagrun for analytics_pipeline to None, run_after=None
[2024-04-01T22:05:24.646+0530] {processor.py:183} INFO - Processing /home/lucky/airflow/dags/analytics_pipeline.py took 1.573 seconds
[2024-04-01T22:05:58.245+0530] {processor.py:161} INFO - Started process (PID=38752) to work on /home/lucky/airflow/dags/analytics_pipeline.py
[2024-04-01T22:05:58.251+0530] {processor.py:830} INFO - Processing file /home/lucky/airflow/dags/analytics_pipeline.py for tasks to queue
[2024-04-01T22:05:58.253+0530] {logging_mixin.py:188} INFO - [2024-04-01T22:05:58.252+0530] {dagbag.py:538} INFO - Filling up the DagBag from /home/lucky/airflow/dags/analytics_pipeline.py
[2024-04-01T22:05:59.926+0530] {logging_mixin.py:188} INFO - [2024-04-01T22:05:59.926+0530] {native_type_compatibility.py:340} INFO - Using Any for unsupported type: typing.Sequence[~T]
[2024-04-01T22:06:00.427+0530] {logging_mixin.py:188} INFO - [2024-04-01T22:06:00.427+0530] {bigquery.py:440} INFO - No module named google.cloud.bigquery_storage_v1. As a result, the ReadFromBigQuery transform *CANNOT* be used with `method=DIRECT_READ`.
[2024-04-01T22:06:00.439+0530] {processor.py:840} INFO - DAG(s) 'analytics_pipeline' retrieved from /home/lucky/airflow/dags/analytics_pipeline.py
[2024-04-01T22:06:00.460+0530] {logging_mixin.py:188} INFO - [2024-04-01T22:06:00.460+0530] {dag.py:3036} INFO - Sync 1 DAGs
[2024-04-01T22:06:00.482+0530] {logging_mixin.py:188} INFO - [2024-04-01T22:06:00.482+0530] {dag.py:3823} INFO - Setting next_dagrun for analytics_pipeline to None, run_after=None
[2024-04-01T22:06:00.519+0530] {processor.py:183} INFO - Processing /home/lucky/airflow/dags/analytics_pipeline.py took 2.288 seconds
[2024-04-01T22:06:37.431+0530] {processor.py:161} INFO - Started process (PID=39213) to work on /home/lucky/airflow/dags/analytics_pipeline.py
[2024-04-01T22:06:37.433+0530] {processor.py:830} INFO - Processing file /home/lucky/airflow/dags/analytics_pipeline.py for tasks to queue
[2024-04-01T22:06:37.434+0530] {logging_mixin.py:188} INFO - [2024-04-01T22:06:37.434+0530] {dagbag.py:538} INFO - Filling up the DagBag from /home/lucky/airflow/dags/analytics_pipeline.py
[2024-04-01T22:06:38.950+0530] {logging_mixin.py:188} INFO - [2024-04-01T22:06:38.949+0530] {native_type_compatibility.py:340} INFO - Using Any for unsupported type: typing.Sequence[~T]
[2024-04-01T22:06:39.543+0530] {logging_mixin.py:188} INFO - [2024-04-01T22:06:39.543+0530] {bigquery.py:440} INFO - No module named google.cloud.bigquery_storage_v1. As a result, the ReadFromBigQuery transform *CANNOT* be used with `method=DIRECT_READ`.
[2024-04-01T22:06:39.562+0530] {processor.py:840} INFO - DAG(s) 'analytics_pipeline' retrieved from /home/lucky/airflow/dags/analytics_pipeline.py
[2024-04-01T22:06:39.823+0530] {logging_mixin.py:188} INFO - [2024-04-01T22:06:39.823+0530] {dag.py:3036} INFO - Sync 1 DAGs
[2024-04-01T22:06:39.841+0530] {logging_mixin.py:188} INFO - [2024-04-01T22:06:39.839+0530] {dag.py:3823} INFO - Setting next_dagrun for analytics_pipeline to None, run_after=None
[2024-04-01T22:06:39.872+0530] {processor.py:183} INFO - Processing /home/lucky/airflow/dags/analytics_pipeline.py took 2.445 seconds
[2024-04-01T22:07:15.624+0530] {processor.py:161} INFO - Started process (PID=39964) to work on /home/lucky/airflow/dags/analytics_pipeline.py
[2024-04-01T22:07:15.627+0530] {processor.py:830} INFO - Processing file /home/lucky/airflow/dags/analytics_pipeline.py for tasks to queue
[2024-04-01T22:07:15.628+0530] {logging_mixin.py:188} INFO - [2024-04-01T22:07:15.627+0530] {dagbag.py:538} INFO - Filling up the DagBag from /home/lucky/airflow/dags/analytics_pipeline.py
[2024-04-01T22:07:17.048+0530] {logging_mixin.py:188} INFO - [2024-04-01T22:07:17.047+0530] {native_type_compatibility.py:340} INFO - Using Any for unsupported type: typing.Sequence[~T]
[2024-04-01T22:07:18.130+0530] {logging_mixin.py:188} INFO - [2024-04-01T22:07:18.129+0530] {bigquery.py:440} INFO - No module named google.cloud.bigquery_storage_v1. As a result, the ReadFromBigQuery transform *CANNOT* be used with `method=DIRECT_READ`.
[2024-04-01T22:07:18.166+0530] {processor.py:840} INFO - DAG(s) 'analytics_pipeline' retrieved from /home/lucky/airflow/dags/analytics_pipeline.py
[2024-04-01T22:07:18.187+0530] {logging_mixin.py:188} INFO - [2024-04-01T22:07:18.186+0530] {dag.py:3036} INFO - Sync 1 DAGs
[2024-04-01T22:07:18.210+0530] {logging_mixin.py:188} INFO - [2024-04-01T22:07:18.209+0530] {dag.py:3823} INFO - Setting next_dagrun for analytics_pipeline to None, run_after=None
[2024-04-01T22:07:18.250+0530] {processor.py:183} INFO - Processing /home/lucky/airflow/dags/analytics_pipeline.py took 2.629 seconds
[2024-04-01T22:08:00.598+0530] {processor.py:161} INFO - Started process (PID=40484) to work on /home/lucky/airflow/dags/analytics_pipeline.py
[2024-04-01T22:08:00.600+0530] {processor.py:830} INFO - Processing file /home/lucky/airflow/dags/analytics_pipeline.py for tasks to queue
[2024-04-01T22:08:00.601+0530] {logging_mixin.py:188} INFO - [2024-04-01T22:08:00.601+0530] {dagbag.py:538} INFO - Filling up the DagBag from /home/lucky/airflow/dags/analytics_pipeline.py
[2024-04-01T22:08:01.728+0530] {logging_mixin.py:188} INFO - [2024-04-01T22:08:01.727+0530] {native_type_compatibility.py:340} INFO - Using Any for unsupported type: typing.Sequence[~T]
[2024-04-01T22:08:02.136+0530] {logging_mixin.py:188} INFO - [2024-04-01T22:08:02.136+0530] {bigquery.py:440} INFO - No module named google.cloud.bigquery_storage_v1. As a result, the ReadFromBigQuery transform *CANNOT* be used with `method=DIRECT_READ`.
[2024-04-01T22:08:02.149+0530] {processor.py:840} INFO - DAG(s) 'analytics_pipeline' retrieved from /home/lucky/airflow/dags/analytics_pipeline.py
[2024-04-01T22:08:02.172+0530] {logging_mixin.py:188} INFO - [2024-04-01T22:08:02.171+0530] {dag.py:3036} INFO - Sync 1 DAGs
[2024-04-01T22:08:02.187+0530] {logging_mixin.py:188} INFO - [2024-04-01T22:08:02.186+0530] {dag.py:3823} INFO - Setting next_dagrun for analytics_pipeline to None, run_after=None
[2024-04-01T22:08:02.232+0530] {processor.py:183} INFO - Processing /home/lucky/airflow/dags/analytics_pipeline.py took 1.639 seconds
[2024-04-01T22:08:43.786+0530] {processor.py:161} INFO - Started process (PID=41006) to work on /home/lucky/airflow/dags/analytics_pipeline.py
[2024-04-01T22:08:43.788+0530] {processor.py:830} INFO - Processing file /home/lucky/airflow/dags/analytics_pipeline.py for tasks to queue
[2024-04-01T22:08:43.797+0530] {logging_mixin.py:188} INFO - [2024-04-01T22:08:43.796+0530] {dagbag.py:538} INFO - Filling up the DagBag from /home/lucky/airflow/dags/analytics_pipeline.py
[2024-04-01T22:08:46.671+0530] {logging_mixin.py:188} INFO - [2024-04-01T22:08:46.668+0530] {native_type_compatibility.py:340} INFO - Using Any for unsupported type: typing.Sequence[~T]
[2024-04-01T22:08:47.890+0530] {logging_mixin.py:188} INFO - [2024-04-01T22:08:47.889+0530] {bigquery.py:440} INFO - No module named google.cloud.bigquery_storage_v1. As a result, the ReadFromBigQuery transform *CANNOT* be used with `method=DIRECT_READ`.
[2024-04-01T22:08:47.938+0530] {processor.py:840} INFO - DAG(s) 'analytics_pipeline' retrieved from /home/lucky/airflow/dags/analytics_pipeline.py
[2024-04-01T22:08:47.991+0530] {logging_mixin.py:188} INFO - [2024-04-01T22:08:47.990+0530] {dag.py:3036} INFO - Sync 1 DAGs
[2024-04-01T22:08:48.031+0530] {logging_mixin.py:188} INFO - [2024-04-01T22:08:48.031+0530] {dag.py:3823} INFO - Setting next_dagrun for analytics_pipeline to None, run_after=None
[2024-04-01T22:08:48.129+0530] {processor.py:183} INFO - Processing /home/lucky/airflow/dags/analytics_pipeline.py took 4.348 seconds
[2024-04-01T22:09:28.951+0530] {processor.py:161} INFO - Started process (PID=41779) to work on /home/lucky/airflow/dags/analytics_pipeline.py
[2024-04-01T22:09:28.954+0530] {processor.py:830} INFO - Processing file /home/lucky/airflow/dags/analytics_pipeline.py for tasks to queue
[2024-04-01T22:09:28.956+0530] {logging_mixin.py:188} INFO - [2024-04-01T22:09:28.955+0530] {dagbag.py:538} INFO - Filling up the DagBag from /home/lucky/airflow/dags/analytics_pipeline.py
[2024-04-01T22:09:31.719+0530] {logging_mixin.py:188} INFO - [2024-04-01T22:09:31.718+0530] {native_type_compatibility.py:340} INFO - Using Any for unsupported type: typing.Sequence[~T]
[2024-04-01T22:09:32.379+0530] {logging_mixin.py:188} INFO - [2024-04-01T22:09:32.378+0530] {bigquery.py:440} INFO - No module named google.cloud.bigquery_storage_v1. As a result, the ReadFromBigQuery transform *CANNOT* be used with `method=DIRECT_READ`.
[2024-04-01T22:09:32.393+0530] {processor.py:840} INFO - DAG(s) 'analytics_pipeline' retrieved from /home/lucky/airflow/dags/analytics_pipeline.py
[2024-04-01T22:09:32.421+0530] {logging_mixin.py:188} INFO - [2024-04-01T22:09:32.420+0530] {dag.py:3036} INFO - Sync 1 DAGs
[2024-04-01T22:09:32.445+0530] {logging_mixin.py:188} INFO - [2024-04-01T22:09:32.445+0530] {dag.py:3823} INFO - Setting next_dagrun for analytics_pipeline to None, run_after=None
[2024-04-01T22:09:32.497+0530] {processor.py:183} INFO - Processing /home/lucky/airflow/dags/analytics_pipeline.py took 3.560 seconds
[2024-04-01T22:10:15.369+0530] {processor.py:161} INFO - Started process (PID=42310) to work on /home/lucky/airflow/dags/analytics_pipeline.py
[2024-04-01T22:10:15.380+0530] {processor.py:830} INFO - Processing file /home/lucky/airflow/dags/analytics_pipeline.py for tasks to queue
[2024-04-01T22:10:15.383+0530] {logging_mixin.py:188} INFO - [2024-04-01T22:10:15.382+0530] {dagbag.py:538} INFO - Filling up the DagBag from /home/lucky/airflow/dags/analytics_pipeline.py
[2024-04-01T22:10:18.060+0530] {logging_mixin.py:188} INFO - [2024-04-01T22:10:18.059+0530] {native_type_compatibility.py:340} INFO - Using Any for unsupported type: typing.Sequence[~T]
[2024-04-01T22:10:19.061+0530] {logging_mixin.py:188} INFO - [2024-04-01T22:10:19.060+0530] {bigquery.py:440} INFO - No module named google.cloud.bigquery_storage_v1. As a result, the ReadFromBigQuery transform *CANNOT* be used with `method=DIRECT_READ`.
[2024-04-01T22:10:19.081+0530] {processor.py:840} INFO - DAG(s) 'analytics_pipeline' retrieved from /home/lucky/airflow/dags/analytics_pipeline.py
[2024-04-01T22:10:19.124+0530] {logging_mixin.py:188} INFO - [2024-04-01T22:10:19.123+0530] {dag.py:3036} INFO - Sync 1 DAGs
[2024-04-01T22:10:19.157+0530] {logging_mixin.py:188} INFO - [2024-04-01T22:10:19.156+0530] {dag.py:3823} INFO - Setting next_dagrun for analytics_pipeline to None, run_after=None
[2024-04-01T22:10:19.253+0530] {processor.py:183} INFO - Processing /home/lucky/airflow/dags/analytics_pipeline.py took 3.903 seconds
[2024-04-01T22:10:59.465+0530] {processor.py:161} INFO - Started process (PID=42807) to work on /home/lucky/airflow/dags/analytics_pipeline.py
[2024-04-01T22:10:59.468+0530] {processor.py:830} INFO - Processing file /home/lucky/airflow/dags/analytics_pipeline.py for tasks to queue
[2024-04-01T22:10:59.470+0530] {logging_mixin.py:188} INFO - [2024-04-01T22:10:59.469+0530] {dagbag.py:538} INFO - Filling up the DagBag from /home/lucky/airflow/dags/analytics_pipeline.py
[2024-04-01T22:11:01.082+0530] {logging_mixin.py:188} INFO - [2024-04-01T22:11:01.081+0530] {native_type_compatibility.py:340} INFO - Using Any for unsupported type: typing.Sequence[~T]
[2024-04-01T22:11:01.670+0530] {logging_mixin.py:188} INFO - [2024-04-01T22:11:01.659+0530] {bigquery.py:440} INFO - No module named google.cloud.bigquery_storage_v1. As a result, the ReadFromBigQuery transform *CANNOT* be used with `method=DIRECT_READ`.
[2024-04-01T22:11:01.697+0530] {processor.py:840} INFO - DAG(s) 'analytics_pipeline' retrieved from /home/lucky/airflow/dags/analytics_pipeline.py
[2024-04-01T22:11:01.741+0530] {logging_mixin.py:188} INFO - [2024-04-01T22:11:01.741+0530] {dag.py:3036} INFO - Sync 1 DAGs
[2024-04-01T22:11:01.763+0530] {logging_mixin.py:188} INFO - [2024-04-01T22:11:01.763+0530] {dag.py:3823} INFO - Setting next_dagrun for analytics_pipeline to None, run_after=None
[2024-04-01T22:11:01.804+0530] {processor.py:183} INFO - Processing /home/lucky/airflow/dags/analytics_pipeline.py took 2.352 seconds
[2024-04-01T22:11:34.733+0530] {processor.py:161} INFO - Started process (PID=43521) to work on /home/lucky/airflow/dags/analytics_pipeline.py
[2024-04-01T22:11:34.736+0530] {processor.py:830} INFO - Processing file /home/lucky/airflow/dags/analytics_pipeline.py for tasks to queue
[2024-04-01T22:11:34.738+0530] {logging_mixin.py:188} INFO - [2024-04-01T22:11:34.737+0530] {dagbag.py:538} INFO - Filling up the DagBag from /home/lucky/airflow/dags/analytics_pipeline.py
[2024-04-01T22:11:35.810+0530] {logging_mixin.py:188} INFO - [2024-04-01T22:11:35.809+0530] {native_type_compatibility.py:340} INFO - Using Any for unsupported type: typing.Sequence[~T]
[2024-04-01T22:11:36.269+0530] {logging_mixin.py:188} INFO - [2024-04-01T22:11:36.269+0530] {bigquery.py:440} INFO - No module named google.cloud.bigquery_storage_v1. As a result, the ReadFromBigQuery transform *CANNOT* be used with `method=DIRECT_READ`.
[2024-04-01T22:11:36.287+0530] {processor.py:840} INFO - DAG(s) 'analytics_pipeline' retrieved from /home/lucky/airflow/dags/analytics_pipeline.py
[2024-04-01T22:11:36.317+0530] {logging_mixin.py:188} INFO - [2024-04-01T22:11:36.316+0530] {dag.py:3036} INFO - Sync 1 DAGs
[2024-04-01T22:11:36.339+0530] {logging_mixin.py:188} INFO - [2024-04-01T22:11:36.339+0530] {dag.py:3823} INFO - Setting next_dagrun for analytics_pipeline to None, run_after=None
[2024-04-01T22:11:36.375+0530] {processor.py:183} INFO - Processing /home/lucky/airflow/dags/analytics_pipeline.py took 1.647 seconds
[2024-04-01T22:12:10.452+0530] {processor.py:161} INFO - Started process (PID=43938) to work on /home/lucky/airflow/dags/analytics_pipeline.py
[2024-04-01T22:12:10.455+0530] {processor.py:830} INFO - Processing file /home/lucky/airflow/dags/analytics_pipeline.py for tasks to queue
[2024-04-01T22:12:10.469+0530] {logging_mixin.py:188} INFO - [2024-04-01T22:12:10.468+0530] {dagbag.py:538} INFO - Filling up the DagBag from /home/lucky/airflow/dags/analytics_pipeline.py
[2024-04-01T22:12:13.798+0530] {logging_mixin.py:188} INFO - [2024-04-01T22:12:13.796+0530] {native_type_compatibility.py:340} INFO - Using Any for unsupported type: typing.Sequence[~T]
[2024-04-01T22:12:15.369+0530] {logging_mixin.py:188} INFO - [2024-04-01T22:12:15.369+0530] {bigquery.py:440} INFO - No module named google.cloud.bigquery_storage_v1. As a result, the ReadFromBigQuery transform *CANNOT* be used with `method=DIRECT_READ`.
[2024-04-01T22:12:15.384+0530] {processor.py:840} INFO - DAG(s) 'analytics_pipeline' retrieved from /home/lucky/airflow/dags/analytics_pipeline.py
[2024-04-01T22:12:15.405+0530] {logging_mixin.py:188} INFO - [2024-04-01T22:12:15.404+0530] {dag.py:3036} INFO - Sync 1 DAGs
[2024-04-01T22:12:15.425+0530] {logging_mixin.py:188} INFO - [2024-04-01T22:12:15.425+0530] {dag.py:3823} INFO - Setting next_dagrun for analytics_pipeline to None, run_after=None
[2024-04-01T22:12:15.461+0530] {processor.py:183} INFO - Processing /home/lucky/airflow/dags/analytics_pipeline.py took 5.026 seconds
[2024-04-01T22:12:52.115+0530] {processor.py:161} INFO - Started process (PID=44403) to work on /home/lucky/airflow/dags/analytics_pipeline.py
[2024-04-01T22:12:52.117+0530] {processor.py:830} INFO - Processing file /home/lucky/airflow/dags/analytics_pipeline.py for tasks to queue
[2024-04-01T22:12:52.118+0530] {logging_mixin.py:188} INFO - [2024-04-01T22:12:52.118+0530] {dagbag.py:538} INFO - Filling up the DagBag from /home/lucky/airflow/dags/analytics_pipeline.py
[2024-04-01T22:12:53.720+0530] {logging_mixin.py:188} INFO - [2024-04-01T22:12:53.719+0530] {native_type_compatibility.py:340} INFO - Using Any for unsupported type: typing.Sequence[~T]
[2024-04-01T22:12:54.697+0530] {logging_mixin.py:188} INFO - [2024-04-01T22:12:54.696+0530] {bigquery.py:440} INFO - No module named google.cloud.bigquery_storage_v1. As a result, the ReadFromBigQuery transform *CANNOT* be used with `method=DIRECT_READ`.
[2024-04-01T22:12:54.735+0530] {processor.py:840} INFO - DAG(s) 'analytics_pipeline' retrieved from /home/lucky/airflow/dags/analytics_pipeline.py
[2024-04-01T22:12:54.775+0530] {logging_mixin.py:188} INFO - [2024-04-01T22:12:54.774+0530] {dag.py:3036} INFO - Sync 1 DAGs
[2024-04-01T22:12:54.797+0530] {logging_mixin.py:188} INFO - [2024-04-01T22:12:54.796+0530] {dag.py:3823} INFO - Setting next_dagrun for analytics_pipeline to None, run_after=None
[2024-04-01T22:12:54.868+0530] {processor.py:183} INFO - Processing /home/lucky/airflow/dags/analytics_pipeline.py took 2.757 seconds
[2024-04-01T22:13:33.223+0530] {processor.py:161} INFO - Started process (PID=45195) to work on /home/lucky/airflow/dags/analytics_pipeline.py
[2024-04-01T22:13:33.226+0530] {processor.py:830} INFO - Processing file /home/lucky/airflow/dags/analytics_pipeline.py for tasks to queue
[2024-04-01T22:13:33.228+0530] {logging_mixin.py:188} INFO - [2024-04-01T22:13:33.227+0530] {dagbag.py:538} INFO - Filling up the DagBag from /home/lucky/airflow/dags/analytics_pipeline.py
[2024-04-01T22:13:33.238+0530] {logging_mixin.py:188} INFO - [2024-04-01T22:13:33.234+0530] {dagbag.py:348} ERROR - Failed to import: /home/lucky/airflow/dags/analytics_pipeline.py
Traceback (most recent call last):
  File "/home/lucky/.local/lib/python3.10/site-packages/airflow/models/dagbag.py", line 344, in parse
    loader.exec_module(new_module)
  File "<frozen importlib._bootstrap_external>", line 879, in exec_module
  File "<frozen importlib._bootstrap_external>", line 1017, in get_code
  File "<frozen importlib._bootstrap_external>", line 947, in source_to_code
  File "<frozen importlib._bootstrap>", line 241, in _call_with_frames_removed
  File "/home/lucky/airflow/dags/analytics_pipeline.py", line 69
    filepath='\\wsl.localhost\Ubuntu\home\lucky\archive.zip',
                                                            ^
SyntaxError: (unicode error) 'unicodeescape' codec can't decode bytes in position 15-17: truncated \UXXXXXXXX escape
[2024-04-01T22:13:33.239+0530] {processor.py:842} WARNING - No viable dags retrieved from /home/lucky/airflow/dags/analytics_pipeline.py
[2024-04-01T22:13:33.303+0530] {processor.py:183} INFO - Processing /home/lucky/airflow/dags/analytics_pipeline.py took 0.085 seconds
[2024-04-01T22:14:08.067+0530] {processor.py:161} INFO - Started process (PID=45608) to work on /home/lucky/airflow/dags/analytics_pipeline.py
[2024-04-01T22:14:08.077+0530] {processor.py:830} INFO - Processing file /home/lucky/airflow/dags/analytics_pipeline.py for tasks to queue
[2024-04-01T22:14:08.080+0530] {logging_mixin.py:188} INFO - [2024-04-01T22:14:08.079+0530] {dagbag.py:538} INFO - Filling up the DagBag from /home/lucky/airflow/dags/analytics_pipeline.py
[2024-04-01T22:14:08.086+0530] {logging_mixin.py:188} INFO - [2024-04-01T22:14:08.084+0530] {dagbag.py:348} ERROR - Failed to import: /home/lucky/airflow/dags/analytics_pipeline.py
Traceback (most recent call last):
  File "/home/lucky/.local/lib/python3.10/site-packages/airflow/models/dagbag.py", line 344, in parse
    loader.exec_module(new_module)
  File "<frozen importlib._bootstrap_external>", line 879, in exec_module
  File "<frozen importlib._bootstrap_external>", line 1017, in get_code
  File "<frozen importlib._bootstrap_external>", line 947, in source_to_code
  File "<frozen importlib._bootstrap>", line 241, in _call_with_frames_removed
  File "/home/lucky/airflow/dags/analytics_pipeline.py", line 69
    filepath='\\wsl.localhost\Ubuntu\home\lucky\archive.zip',
                                                            ^
SyntaxError: (unicode error) 'unicodeescape' codec can't decode bytes in position 15-17: truncated \UXXXXXXXX escape
[2024-04-01T22:14:08.087+0530] {processor.py:842} WARNING - No viable dags retrieved from /home/lucky/airflow/dags/analytics_pipeline.py
[2024-04-01T22:14:08.140+0530] {processor.py:183} INFO - Processing /home/lucky/airflow/dags/analytics_pipeline.py took 0.081 seconds
[2024-04-01T22:14:39.290+0530] {processor.py:161} INFO - Started process (PID=46070) to work on /home/lucky/airflow/dags/analytics_pipeline.py
[2024-04-01T22:14:39.302+0530] {processor.py:830} INFO - Processing file /home/lucky/airflow/dags/analytics_pipeline.py for tasks to queue
[2024-04-01T22:14:39.304+0530] {logging_mixin.py:188} INFO - [2024-04-01T22:14:39.303+0530] {dagbag.py:538} INFO - Filling up the DagBag from /home/lucky/airflow/dags/analytics_pipeline.py
[2024-04-01T22:14:39.322+0530] {logging_mixin.py:188} INFO - [2024-04-01T22:14:39.309+0530] {dagbag.py:348} ERROR - Failed to import: /home/lucky/airflow/dags/analytics_pipeline.py
Traceback (most recent call last):
  File "/home/lucky/.local/lib/python3.10/site-packages/airflow/models/dagbag.py", line 344, in parse
    loader.exec_module(new_module)
  File "<frozen importlib._bootstrap_external>", line 879, in exec_module
  File "<frozen importlib._bootstrap_external>", line 1017, in get_code
  File "<frozen importlib._bootstrap_external>", line 947, in source_to_code
  File "<frozen importlib._bootstrap>", line 241, in _call_with_frames_removed
  File "/home/lucky/airflow/dags/analytics_pipeline.py", line 69
    filepath='\\wsl.localhost\Ubuntu\home\lucky\archive.zip',
                                                            ^
SyntaxError: (unicode error) 'unicodeescape' codec can't decode bytes in position 15-17: truncated \UXXXXXXXX escape
[2024-04-01T22:14:39.323+0530] {processor.py:842} WARNING - No viable dags retrieved from /home/lucky/airflow/dags/analytics_pipeline.py
[2024-04-01T22:14:39.388+0530] {processor.py:183} INFO - Processing /home/lucky/airflow/dags/analytics_pipeline.py took 0.114 seconds
[2024-04-01T22:15:35.227+0530] {processor.py:161} INFO - Started process (PID=46944) to work on /home/lucky/airflow/dags/analytics_pipeline.py
[2024-04-01T22:15:35.229+0530] {processor.py:830} INFO - Processing file /home/lucky/airflow/dags/analytics_pipeline.py for tasks to queue
[2024-04-01T22:15:35.230+0530] {logging_mixin.py:188} INFO - [2024-04-01T22:15:35.229+0530] {dagbag.py:538} INFO - Filling up the DagBag from /home/lucky/airflow/dags/analytics_pipeline.py
[2024-04-01T22:15:35.233+0530] {logging_mixin.py:188} INFO - [2024-04-01T22:15:35.232+0530] {dagbag.py:348} ERROR - Failed to import: /home/lucky/airflow/dags/analytics_pipeline.py
Traceback (most recent call last):
  File "/home/lucky/.local/lib/python3.10/site-packages/airflow/models/dagbag.py", line 344, in parse
    loader.exec_module(new_module)
  File "<frozen importlib._bootstrap_external>", line 879, in exec_module
  File "<frozen importlib._bootstrap_external>", line 1017, in get_code
  File "<frozen importlib._bootstrap_external>", line 947, in source_to_code
  File "<frozen importlib._bootstrap>", line 241, in _call_with_frames_removed
  File "/home/lucky/airflow/dags/analytics_pipeline.py", line 69
    filepath='\\wsl.localhost\Ubuntu\home\lucky\archive.zip',
                                                            ^
SyntaxError: (unicode error) 'unicodeescape' codec can't decode bytes in position 15-17: truncated \UXXXXXXXX escape
[2024-04-01T22:15:35.234+0530] {processor.py:842} WARNING - No viable dags retrieved from /home/lucky/airflow/dags/analytics_pipeline.py
[2024-04-01T22:15:35.250+0530] {processor.py:183} INFO - Processing /home/lucky/airflow/dags/analytics_pipeline.py took 0.027 seconds
[2024-04-01T22:16:26.709+0530] {processor.py:161} INFO - Started process (PID=47913) to work on /home/lucky/airflow/dags/analytics_pipeline.py
[2024-04-01T22:16:26.710+0530] {processor.py:830} INFO - Processing file /home/lucky/airflow/dags/analytics_pipeline.py for tasks to queue
[2024-04-01T22:16:26.711+0530] {logging_mixin.py:188} INFO - [2024-04-01T22:16:26.711+0530] {dagbag.py:538} INFO - Filling up the DagBag from /home/lucky/airflow/dags/analytics_pipeline.py
[2024-04-01T22:16:26.715+0530] {logging_mixin.py:188} INFO - [2024-04-01T22:16:26.714+0530] {dagbag.py:348} ERROR - Failed to import: /home/lucky/airflow/dags/analytics_pipeline.py
Traceback (most recent call last):
  File "/home/lucky/.local/lib/python3.10/site-packages/airflow/models/dagbag.py", line 344, in parse
    loader.exec_module(new_module)
  File "<frozen importlib._bootstrap_external>", line 879, in exec_module
  File "<frozen importlib._bootstrap_external>", line 1017, in get_code
  File "<frozen importlib._bootstrap_external>", line 947, in source_to_code
  File "<frozen importlib._bootstrap>", line 241, in _call_with_frames_removed
  File "/home/lucky/airflow/dags/analytics_pipeline.py", line 69
    filepath='\\wsl.localhost\Ubuntu\home\lucky\archive.zip',
                                                            ^
SyntaxError: (unicode error) 'unicodeescape' codec can't decode bytes in position 15-17: truncated \UXXXXXXXX escape
[2024-04-01T22:16:26.716+0530] {processor.py:842} WARNING - No viable dags retrieved from /home/lucky/airflow/dags/analytics_pipeline.py
[2024-04-01T22:16:26.734+0530] {processor.py:183} INFO - Processing /home/lucky/airflow/dags/analytics_pipeline.py took 0.028 seconds
[2024-04-01T22:17:20.390+0530] {processor.py:161} INFO - Started process (PID=48564) to work on /home/lucky/airflow/dags/analytics_pipeline.py
[2024-04-01T22:17:20.392+0530] {processor.py:830} INFO - Processing file /home/lucky/airflow/dags/analytics_pipeline.py for tasks to queue
[2024-04-01T22:17:20.393+0530] {logging_mixin.py:188} INFO - [2024-04-01T22:17:20.393+0530] {dagbag.py:538} INFO - Filling up the DagBag from /home/lucky/airflow/dags/analytics_pipeline.py
[2024-04-01T22:17:20.399+0530] {logging_mixin.py:188} INFO - [2024-04-01T22:17:20.398+0530] {dagbag.py:348} ERROR - Failed to import: /home/lucky/airflow/dags/analytics_pipeline.py
Traceback (most recent call last):
  File "/home/lucky/.local/lib/python3.10/site-packages/airflow/models/dagbag.py", line 344, in parse
    loader.exec_module(new_module)
  File "<frozen importlib._bootstrap_external>", line 879, in exec_module
  File "<frozen importlib._bootstrap_external>", line 1017, in get_code
  File "<frozen importlib._bootstrap_external>", line 947, in source_to_code
  File "<frozen importlib._bootstrap>", line 241, in _call_with_frames_removed
  File "/home/lucky/airflow/dags/analytics_pipeline.py", line 69
    filepath='\\wsl.localhost\Ubuntu\home\lucky\archive.zip',
                                                            ^
SyntaxError: (unicode error) 'unicodeescape' codec can't decode bytes in position 15-17: truncated \UXXXXXXXX escape
[2024-04-01T22:17:20.399+0530] {processor.py:842} WARNING - No viable dags retrieved from /home/lucky/airflow/dags/analytics_pipeline.py
[2024-04-01T22:17:20.425+0530] {processor.py:183} INFO - Processing /home/lucky/airflow/dags/analytics_pipeline.py took 0.040 seconds
[2024-04-01T22:18:13.366+0530] {processor.py:161} INFO - Started process (PID=49503) to work on /home/lucky/airflow/dags/analytics_pipeline.py
[2024-04-01T22:18:13.367+0530] {processor.py:830} INFO - Processing file /home/lucky/airflow/dags/analytics_pipeline.py for tasks to queue
[2024-04-01T22:18:13.369+0530] {logging_mixin.py:188} INFO - [2024-04-01T22:18:13.368+0530] {dagbag.py:538} INFO - Filling up the DagBag from /home/lucky/airflow/dags/analytics_pipeline.py
[2024-04-01T22:18:13.373+0530] {logging_mixin.py:188} INFO - [2024-04-01T22:18:13.372+0530] {dagbag.py:348} ERROR - Failed to import: /home/lucky/airflow/dags/analytics_pipeline.py
Traceback (most recent call last):
  File "/home/lucky/.local/lib/python3.10/site-packages/airflow/models/dagbag.py", line 344, in parse
    loader.exec_module(new_module)
  File "<frozen importlib._bootstrap_external>", line 879, in exec_module
  File "<frozen importlib._bootstrap_external>", line 1017, in get_code
  File "<frozen importlib._bootstrap_external>", line 947, in source_to_code
  File "<frozen importlib._bootstrap>", line 241, in _call_with_frames_removed
  File "/home/lucky/airflow/dags/analytics_pipeline.py", line 69
    filepath='\\wsl.localhost\Ubuntu\home\lucky\archive.zip',
                                                            ^
SyntaxError: (unicode error) 'unicodeescape' codec can't decode bytes in position 15-17: truncated \UXXXXXXXX escape
[2024-04-01T22:18:13.374+0530] {processor.py:842} WARNING - No viable dags retrieved from /home/lucky/airflow/dags/analytics_pipeline.py
[2024-04-01T22:18:13.397+0530] {processor.py:183} INFO - Processing /home/lucky/airflow/dags/analytics_pipeline.py took 0.036 seconds
[2024-04-01T22:19:06.767+0530] {processor.py:161} INFO - Started process (PID=50257) to work on /home/lucky/airflow/dags/analytics_pipeline.py
[2024-04-01T22:19:06.769+0530] {processor.py:830} INFO - Processing file /home/lucky/airflow/dags/analytics_pipeline.py for tasks to queue
[2024-04-01T22:19:06.770+0530] {logging_mixin.py:188} INFO - [2024-04-01T22:19:06.769+0530] {dagbag.py:538} INFO - Filling up the DagBag from /home/lucky/airflow/dags/analytics_pipeline.py
[2024-04-01T22:19:06.773+0530] {logging_mixin.py:188} INFO - [2024-04-01T22:19:06.772+0530] {dagbag.py:348} ERROR - Failed to import: /home/lucky/airflow/dags/analytics_pipeline.py
Traceback (most recent call last):
  File "/home/lucky/.local/lib/python3.10/site-packages/airflow/models/dagbag.py", line 344, in parse
    loader.exec_module(new_module)
  File "<frozen importlib._bootstrap_external>", line 879, in exec_module
  File "<frozen importlib._bootstrap_external>", line 1017, in get_code
  File "<frozen importlib._bootstrap_external>", line 947, in source_to_code
  File "<frozen importlib._bootstrap>", line 241, in _call_with_frames_removed
  File "/home/lucky/airflow/dags/analytics_pipeline.py", line 69
    filepath='\\wsl.localhost\Ubuntu\home\lucky\archive.zip',
                                                            ^
SyntaxError: (unicode error) 'unicodeescape' codec can't decode bytes in position 15-17: truncated \UXXXXXXXX escape
[2024-04-01T22:19:06.773+0530] {processor.py:842} WARNING - No viable dags retrieved from /home/lucky/airflow/dags/analytics_pipeline.py
[2024-04-01T22:19:06.794+0530] {processor.py:183} INFO - Processing /home/lucky/airflow/dags/analytics_pipeline.py took 0.031 seconds
[2024-04-01T22:24:48.610+0530] {processor.py:161} INFO - Started process (PID=55614) to work on /home/lucky/airflow/dags/analytics_pipeline.py
[2024-04-01T22:24:48.611+0530] {processor.py:830} INFO - Processing file /home/lucky/airflow/dags/analytics_pipeline.py for tasks to queue
[2024-04-01T22:24:48.612+0530] {logging_mixin.py:188} INFO - [2024-04-01T22:24:48.612+0530] {dagbag.py:538} INFO - Filling up the DagBag from /home/lucky/airflow/dags/analytics_pipeline.py
[2024-04-01T22:24:48.616+0530] {logging_mixin.py:188} INFO - [2024-04-01T22:24:48.614+0530] {dagbag.py:348} ERROR - Failed to import: /home/lucky/airflow/dags/analytics_pipeline.py
Traceback (most recent call last):
  File "/home/lucky/.local/lib/python3.10/site-packages/airflow/models/dagbag.py", line 344, in parse
    loader.exec_module(new_module)
  File "<frozen importlib._bootstrap_external>", line 879, in exec_module
  File "<frozen importlib._bootstrap_external>", line 1017, in get_code
  File "<frozen importlib._bootstrap_external>", line 947, in source_to_code
  File "<frozen importlib._bootstrap>", line 241, in _call_with_frames_removed
  File "/home/lucky/airflow/dags/analytics_pipeline.py", line 69
    filepath='\\wsl.localhost\Ubuntu\home\lucky\archive.zip',
                                                            ^
SyntaxError: (unicode error) 'unicodeescape' codec can't decode bytes in position 15-17: truncated \UXXXXXXXX escape
[2024-04-01T22:24:48.616+0530] {processor.py:842} WARNING - No viable dags retrieved from /home/lucky/airflow/dags/analytics_pipeline.py
[2024-04-01T22:24:48.634+0530] {processor.py:183} INFO - Processing /home/lucky/airflow/dags/analytics_pipeline.py took 0.028 seconds
[2024-04-01T22:25:44.216+0530] {processor.py:161} INFO - Started process (PID=56251) to work on /home/lucky/airflow/dags/analytics_pipeline.py
[2024-04-01T22:25:44.219+0530] {processor.py:830} INFO - Processing file /home/lucky/airflow/dags/analytics_pipeline.py for tasks to queue
[2024-04-01T22:25:44.221+0530] {logging_mixin.py:188} INFO - [2024-04-01T22:25:44.220+0530] {dagbag.py:538} INFO - Filling up the DagBag from /home/lucky/airflow/dags/analytics_pipeline.py
[2024-04-01T22:25:44.228+0530] {logging_mixin.py:188} INFO - [2024-04-01T22:25:44.226+0530] {dagbag.py:348} ERROR - Failed to import: /home/lucky/airflow/dags/analytics_pipeline.py
Traceback (most recent call last):
  File "/home/lucky/.local/lib/python3.10/site-packages/airflow/models/dagbag.py", line 344, in parse
    loader.exec_module(new_module)
  File "<frozen importlib._bootstrap_external>", line 879, in exec_module
  File "<frozen importlib._bootstrap_external>", line 1017, in get_code
  File "<frozen importlib._bootstrap_external>", line 947, in source_to_code
  File "<frozen importlib._bootstrap>", line 241, in _call_with_frames_removed
  File "/home/lucky/airflow/dags/analytics_pipeline.py", line 69
    filepath='\\wsl.localhost\Ubuntu\home\lucky\archive.zip',
                                                            ^
SyntaxError: (unicode error) 'unicodeescape' codec can't decode bytes in position 15-17: truncated \UXXXXXXXX escape
[2024-04-01T22:25:44.229+0530] {processor.py:842} WARNING - No viable dags retrieved from /home/lucky/airflow/dags/analytics_pipeline.py
[2024-04-01T22:25:44.258+0530] {processor.py:183} INFO - Processing /home/lucky/airflow/dags/analytics_pipeline.py took 0.049 seconds
[2024-04-01T22:26:55.034+0530] {processor.py:161} INFO - Started process (PID=57368) to work on /home/lucky/airflow/dags/analytics_pipeline.py
[2024-04-01T22:26:55.036+0530] {processor.py:830} INFO - Processing file /home/lucky/airflow/dags/analytics_pipeline.py for tasks to queue
[2024-04-01T22:26:55.038+0530] {logging_mixin.py:188} INFO - [2024-04-01T22:26:55.037+0530] {dagbag.py:538} INFO - Filling up the DagBag from /home/lucky/airflow/dags/analytics_pipeline.py
[2024-04-01T22:26:55.056+0530] {logging_mixin.py:188} INFO - [2024-04-01T22:26:55.052+0530] {dagbag.py:348} ERROR - Failed to import: /home/lucky/airflow/dags/analytics_pipeline.py
Traceback (most recent call last):
  File "/home/lucky/.local/lib/python3.10/site-packages/airflow/models/dagbag.py", line 344, in parse
    loader.exec_module(new_module)
  File "<frozen importlib._bootstrap_external>", line 879, in exec_module
  File "<frozen importlib._bootstrap_external>", line 1017, in get_code
  File "<frozen importlib._bootstrap_external>", line 947, in source_to_code
  File "<frozen importlib._bootstrap>", line 241, in _call_with_frames_removed
  File "/home/lucky/airflow/dags/analytics_pipeline.py", line 69
    filepath='\\wsl.localhost\Ubuntu\home\lucky\archive.zip',
                                                            ^
SyntaxError: (unicode error) 'unicodeescape' codec can't decode bytes in position 15-17: truncated \UXXXXXXXX escape
[2024-04-01T22:26:55.057+0530] {processor.py:842} WARNING - No viable dags retrieved from /home/lucky/airflow/dags/analytics_pipeline.py
[2024-04-01T22:26:55.116+0530] {processor.py:183} INFO - Processing /home/lucky/airflow/dags/analytics_pipeline.py took 0.091 seconds
[2024-04-01T22:27:50.501+0530] {processor.py:161} INFO - Started process (PID=58390) to work on /home/lucky/airflow/dags/analytics_pipeline.py
[2024-04-01T22:27:50.513+0530] {processor.py:830} INFO - Processing file /home/lucky/airflow/dags/analytics_pipeline.py for tasks to queue
[2024-04-01T22:27:50.515+0530] {logging_mixin.py:188} INFO - [2024-04-01T22:27:50.514+0530] {dagbag.py:538} INFO - Filling up the DagBag from /home/lucky/airflow/dags/analytics_pipeline.py
[2024-04-01T22:27:50.520+0530] {logging_mixin.py:188} INFO - [2024-04-01T22:27:50.519+0530] {dagbag.py:348} ERROR - Failed to import: /home/lucky/airflow/dags/analytics_pipeline.py
Traceback (most recent call last):
  File "/home/lucky/.local/lib/python3.10/site-packages/airflow/models/dagbag.py", line 344, in parse
    loader.exec_module(new_module)
  File "<frozen importlib._bootstrap_external>", line 879, in exec_module
  File "<frozen importlib._bootstrap_external>", line 1017, in get_code
  File "<frozen importlib._bootstrap_external>", line 947, in source_to_code
  File "<frozen importlib._bootstrap>", line 241, in _call_with_frames_removed
  File "/home/lucky/airflow/dags/analytics_pipeline.py", line 69
    filepath='\\wsl.localhost\Ubuntu\home\lucky\archive.zip',
                                                            ^
SyntaxError: (unicode error) 'unicodeescape' codec can't decode bytes in position 15-17: truncated \UXXXXXXXX escape
[2024-04-01T22:27:50.521+0530] {processor.py:842} WARNING - No viable dags retrieved from /home/lucky/airflow/dags/analytics_pipeline.py
[2024-04-01T22:27:50.546+0530] {processor.py:183} INFO - Processing /home/lucky/airflow/dags/analytics_pipeline.py took 0.048 seconds
[2024-04-01T22:28:16.530+0530] {processor.py:161} INFO - Started process (PID=58767) to work on /home/lucky/airflow/dags/analytics_pipeline.py
[2024-04-01T22:28:16.532+0530] {processor.py:830} INFO - Processing file /home/lucky/airflow/dags/analytics_pipeline.py for tasks to queue
[2024-04-01T22:28:16.533+0530] {logging_mixin.py:188} INFO - [2024-04-01T22:28:16.532+0530] {dagbag.py:538} INFO - Filling up the DagBag from /home/lucky/airflow/dags/analytics_pipeline.py
[2024-04-01T22:28:16.536+0530] {logging_mixin.py:188} INFO - [2024-04-01T22:28:16.535+0530] {dagbag.py:348} ERROR - Failed to import: /home/lucky/airflow/dags/analytics_pipeline.py
Traceback (most recent call last):
  File "/home/lucky/.local/lib/python3.10/site-packages/airflow/models/dagbag.py", line 344, in parse
    loader.exec_module(new_module)
  File "<frozen importlib._bootstrap_external>", line 879, in exec_module
  File "<frozen importlib._bootstrap_external>", line 1017, in get_code
  File "<frozen importlib._bootstrap_external>", line 947, in source_to_code
  File "<frozen importlib._bootstrap>", line 241, in _call_with_frames_removed
  File "/home/lucky/airflow/dags/analytics_pipeline.py", line 69
    filepath='\\wsl.localhost\Ubuntu\home\lucky\archive.zip',
                                                            ^
SyntaxError: (unicode error) 'unicodeescape' codec can't decode bytes in position 15-17: truncated \UXXXXXXXX escape
[2024-04-01T22:28:16.537+0530] {processor.py:842} WARNING - No viable dags retrieved from /home/lucky/airflow/dags/analytics_pipeline.py
[2024-04-01T22:28:16.557+0530] {processor.py:183} INFO - Processing /home/lucky/airflow/dags/analytics_pipeline.py took 0.030 seconds
[2024-04-01T22:29:08.914+0530] {processor.py:161} INFO - Started process (PID=59791) to work on /home/lucky/airflow/dags/analytics_pipeline.py
[2024-04-01T22:29:08.916+0530] {processor.py:830} INFO - Processing file /home/lucky/airflow/dags/analytics_pipeline.py for tasks to queue
[2024-04-01T22:29:08.917+0530] {logging_mixin.py:188} INFO - [2024-04-01T22:29:08.916+0530] {dagbag.py:538} INFO - Filling up the DagBag from /home/lucky/airflow/dags/analytics_pipeline.py
[2024-04-01T22:29:08.920+0530] {logging_mixin.py:188} INFO - [2024-04-01T22:29:08.919+0530] {dagbag.py:348} ERROR - Failed to import: /home/lucky/airflow/dags/analytics_pipeline.py
Traceback (most recent call last):
  File "/home/lucky/.local/lib/python3.10/site-packages/airflow/models/dagbag.py", line 344, in parse
    loader.exec_module(new_module)
  File "<frozen importlib._bootstrap_external>", line 879, in exec_module
  File "<frozen importlib._bootstrap_external>", line 1017, in get_code
  File "<frozen importlib._bootstrap_external>", line 947, in source_to_code
  File "<frozen importlib._bootstrap>", line 241, in _call_with_frames_removed
  File "/home/lucky/airflow/dags/analytics_pipeline.py", line 69
    filepath='\\wsl.localhost\Ubuntu\home\lucky\archive.zip',
                                                            ^
SyntaxError: (unicode error) 'unicodeescape' codec can't decode bytes in position 15-17: truncated \UXXXXXXXX escape
[2024-04-01T22:29:08.921+0530] {processor.py:842} WARNING - No viable dags retrieved from /home/lucky/airflow/dags/analytics_pipeline.py
[2024-04-01T22:29:08.941+0530] {processor.py:183} INFO - Processing /home/lucky/airflow/dags/analytics_pipeline.py took 0.030 seconds
[2024-04-01T22:31:55.796+0530] {processor.py:161} INFO - Started process (PID=62228) to work on /home/lucky/airflow/dags/analytics_pipeline.py
[2024-04-01T22:31:55.798+0530] {processor.py:830} INFO - Processing file /home/lucky/airflow/dags/analytics_pipeline.py for tasks to queue
[2024-04-01T22:31:55.800+0530] {logging_mixin.py:188} INFO - [2024-04-01T22:31:55.799+0530] {dagbag.py:538} INFO - Filling up the DagBag from /home/lucky/airflow/dags/analytics_pipeline.py
[2024-04-01T22:31:59.592+0530] {logging_mixin.py:188} INFO - [2024-04-01T22:31:59.589+0530] {native_type_compatibility.py:340} INFO - Using Any for unsupported type: typing.Sequence[~T]
[2024-04-01T22:32:00.560+0530] {logging_mixin.py:188} INFO - [2024-04-01T22:32:00.560+0530] {bigquery.py:440} INFO - No module named google.cloud.bigquery_storage_v1. As a result, the ReadFromBigQuery transform *CANNOT* be used with `method=DIRECT_READ`.
[2024-04-01T22:32:00.573+0530] {processor.py:840} INFO - DAG(s) 'analytics_pipeline' retrieved from /home/lucky/airflow/dags/analytics_pipeline.py
[2024-04-01T22:32:00.800+0530] {logging_mixin.py:188} INFO - [2024-04-01T22:32:00.799+0530] {dag.py:3036} INFO - Sync 1 DAGs
[2024-04-01T22:32:00.813+0530] {logging_mixin.py:188} INFO - [2024-04-01T22:32:00.813+0530] {dag.py:3823} INFO - Setting next_dagrun for analytics_pipeline to None, run_after=None
[2024-04-01T22:32:00.857+0530] {processor.py:183} INFO - Processing /home/lucky/airflow/dags/analytics_pipeline.py took 5.065 seconds
[2024-04-01T22:32:31.849+0530] {processor.py:161} INFO - Started process (PID=62886) to work on /home/lucky/airflow/dags/analytics_pipeline.py
[2024-04-01T22:32:31.851+0530] {processor.py:830} INFO - Processing file /home/lucky/airflow/dags/analytics_pipeline.py for tasks to queue
[2024-04-01T22:32:31.853+0530] {logging_mixin.py:188} INFO - [2024-04-01T22:32:31.852+0530] {dagbag.py:538} INFO - Filling up the DagBag from /home/lucky/airflow/dags/analytics_pipeline.py
[2024-04-01T22:32:33.107+0530] {logging_mixin.py:188} INFO - [2024-04-01T22:32:33.106+0530] {native_type_compatibility.py:340} INFO - Using Any for unsupported type: typing.Sequence[~T]
[2024-04-01T22:32:33.575+0530] {logging_mixin.py:188} INFO - [2024-04-01T22:32:33.574+0530] {bigquery.py:440} INFO - No module named google.cloud.bigquery_storage_v1. As a result, the ReadFromBigQuery transform *CANNOT* be used with `method=DIRECT_READ`.
[2024-04-01T22:32:33.588+0530] {processor.py:840} INFO - DAG(s) 'analytics_pipeline' retrieved from /home/lucky/airflow/dags/analytics_pipeline.py
[2024-04-01T22:32:33.809+0530] {logging_mixin.py:188} INFO - [2024-04-01T22:32:33.809+0530] {dag.py:3036} INFO - Sync 1 DAGs
[2024-04-01T22:32:33.828+0530] {logging_mixin.py:188} INFO - [2024-04-01T22:32:33.828+0530] {dag.py:3823} INFO - Setting next_dagrun for analytics_pipeline to None, run_after=None
[2024-04-01T22:32:33.877+0530] {processor.py:183} INFO - Processing /home/lucky/airflow/dags/analytics_pipeline.py took 2.032 seconds
[2024-04-01T23:05:53.376+0530] {processor.py:161} INFO - Started process (PID=5400) to work on /home/lucky/airflow/dags/analytics_pipeline.py
[2024-04-01T23:05:53.378+0530] {processor.py:830} INFO - Processing file /home/lucky/airflow/dags/analytics_pipeline.py for tasks to queue
[2024-04-01T23:05:53.379+0530] {logging_mixin.py:188} INFO - [2024-04-01T23:05:53.378+0530] {dagbag.py:538} INFO - Filling up the DagBag from /home/lucky/airflow/dags/analytics_pipeline.py
[2024-04-01T23:05:55.510+0530] {logging_mixin.py:188} INFO - [2024-04-01T23:05:55.509+0530] {native_type_compatibility.py:340} INFO - Using Any for unsupported type: typing.Sequence[~T]
[2024-04-01T23:05:56.589+0530] {logging_mixin.py:188} INFO - [2024-04-01T23:05:56.588+0530] {bigquery.py:440} INFO - No module named google.cloud.bigquery_storage_v1. As a result, the ReadFromBigQuery transform *CANNOT* be used with `method=DIRECT_READ`.
[2024-04-01T23:05:56.633+0530] {processor.py:840} INFO - DAG(s) 'analytics_pipeline' retrieved from /home/lucky/airflow/dags/analytics_pipeline.py
[2024-04-01T23:05:56.686+0530] {logging_mixin.py:188} INFO - [2024-04-01T23:05:56.685+0530] {dag.py:3036} INFO - Sync 1 DAGs
[2024-04-01T23:05:56.731+0530] {logging_mixin.py:188} INFO - [2024-04-01T23:05:56.730+0530] {dag.py:3823} INFO - Setting next_dagrun for analytics_pipeline to None, run_after=None
[2024-04-01T23:05:56.795+0530] {processor.py:183} INFO - Processing /home/lucky/airflow/dags/analytics_pipeline.py took 3.423 seconds
[2024-04-01T23:06:52.622+0530] {processor.py:161} INFO - Started process (PID=6518) to work on /home/lucky/airflow/dags/analytics_pipeline.py
[2024-04-01T23:06:52.625+0530] {processor.py:830} INFO - Processing file /home/lucky/airflow/dags/analytics_pipeline.py for tasks to queue
[2024-04-01T23:06:52.627+0530] {logging_mixin.py:188} INFO - [2024-04-01T23:06:52.626+0530] {dagbag.py:538} INFO - Filling up the DagBag from /home/lucky/airflow/dags/analytics_pipeline.py
[2024-04-01T23:06:54.159+0530] {logging_mixin.py:188} INFO - [2024-04-01T23:06:54.159+0530] {native_type_compatibility.py:340} INFO - Using Any for unsupported type: typing.Sequence[~T]
[2024-04-01T23:06:54.652+0530] {logging_mixin.py:188} INFO - [2024-04-01T23:06:54.652+0530] {bigquery.py:440} INFO - No module named google.cloud.bigquery_storage_v1. As a result, the ReadFromBigQuery transform *CANNOT* be used with `method=DIRECT_READ`.
[2024-04-01T23:06:54.666+0530] {processor.py:840} INFO - DAG(s) 'analytics_pipeline' retrieved from /home/lucky/airflow/dags/analytics_pipeline.py
[2024-04-01T23:06:54.698+0530] {logging_mixin.py:188} INFO - [2024-04-01T23:06:54.697+0530] {dag.py:3036} INFO - Sync 1 DAGs
[2024-04-01T23:06:54.876+0530] {logging_mixin.py:188} INFO - [2024-04-01T23:06:54.875+0530] {dag.py:3823} INFO - Setting next_dagrun for analytics_pipeline to None, run_after=None
[2024-04-01T23:06:54.905+0530] {processor.py:183} INFO - Processing /home/lucky/airflow/dags/analytics_pipeline.py took 2.291 seconds
[2024-04-01T23:07:48.422+0530] {processor.py:161} INFO - Started process (PID=7169) to work on /home/lucky/airflow/dags/analytics_pipeline.py
[2024-04-01T23:07:48.424+0530] {processor.py:830} INFO - Processing file /home/lucky/airflow/dags/analytics_pipeline.py for tasks to queue
[2024-04-01T23:07:48.426+0530] {logging_mixin.py:188} INFO - [2024-04-01T23:07:48.425+0530] {dagbag.py:538} INFO - Filling up the DagBag from /home/lucky/airflow/dags/analytics_pipeline.py
[2024-04-01T23:07:49.313+0530] {logging_mixin.py:188} INFO - [2024-04-01T23:07:49.312+0530] {native_type_compatibility.py:340} INFO - Using Any for unsupported type: typing.Sequence[~T]
[2024-04-01T23:07:49.528+0530] {logging_mixin.py:188} INFO - [2024-04-01T23:07:49.528+0530] {bigquery.py:440} INFO - No module named google.cloud.bigquery_storage_v1. As a result, the ReadFromBigQuery transform *CANNOT* be used with `method=DIRECT_READ`.
[2024-04-01T23:07:49.535+0530] {processor.py:840} INFO - DAG(s) 'analytics_pipeline' retrieved from /home/lucky/airflow/dags/analytics_pipeline.py
[2024-04-01T23:07:49.550+0530] {logging_mixin.py:188} INFO - [2024-04-01T23:07:49.549+0530] {dag.py:3036} INFO - Sync 1 DAGs
[2024-04-01T23:07:49.562+0530] {logging_mixin.py:188} INFO - [2024-04-01T23:07:49.562+0530] {dag.py:3823} INFO - Setting next_dagrun for analytics_pipeline to None, run_after=None
[2024-04-01T23:07:49.742+0530] {processor.py:183} INFO - Processing /home/lucky/airflow/dags/analytics_pipeline.py took 1.325 seconds
[2024-04-01T23:08:28.584+0530] {processor.py:161} INFO - Started process (PID=7904) to work on /home/lucky/airflow/dags/analytics_pipeline.py
[2024-04-01T23:08:28.587+0530] {processor.py:830} INFO - Processing file /home/lucky/airflow/dags/analytics_pipeline.py for tasks to queue
[2024-04-01T23:08:28.588+0530] {logging_mixin.py:188} INFO - [2024-04-01T23:08:28.588+0530] {dagbag.py:538} INFO - Filling up the DagBag from /home/lucky/airflow/dags/analytics_pipeline.py
[2024-04-01T23:08:30.053+0530] {logging_mixin.py:188} INFO - [2024-04-01T23:08:30.052+0530] {native_type_compatibility.py:340} INFO - Using Any for unsupported type: typing.Sequence[~T]
[2024-04-01T23:08:30.477+0530] {logging_mixin.py:188} INFO - [2024-04-01T23:08:30.476+0530] {bigquery.py:440} INFO - No module named google.cloud.bigquery_storage_v1. As a result, the ReadFromBigQuery transform *CANNOT* be used with `method=DIRECT_READ`.
[2024-04-01T23:08:30.493+0530] {processor.py:840} INFO - DAG(s) 'analytics_pipeline' retrieved from /home/lucky/airflow/dags/analytics_pipeline.py
[2024-04-01T23:08:30.528+0530] {logging_mixin.py:188} INFO - [2024-04-01T23:08:30.527+0530] {dag.py:3036} INFO - Sync 1 DAGs
[2024-04-01T23:08:30.550+0530] {logging_mixin.py:188} INFO - [2024-04-01T23:08:30.550+0530] {dag.py:3823} INFO - Setting next_dagrun for analytics_pipeline to None, run_after=None
[2024-04-01T23:08:30.584+0530] {processor.py:183} INFO - Processing /home/lucky/airflow/dags/analytics_pipeline.py took 2.006 seconds
[2024-04-01T23:09:05.094+0530] {processor.py:161} INFO - Started process (PID=8338) to work on /home/lucky/airflow/dags/analytics_pipeline.py
[2024-04-01T23:09:05.097+0530] {processor.py:830} INFO - Processing file /home/lucky/airflow/dags/analytics_pipeline.py for tasks to queue
[2024-04-01T23:09:05.098+0530] {logging_mixin.py:188} INFO - [2024-04-01T23:09:05.097+0530] {dagbag.py:538} INFO - Filling up the DagBag from /home/lucky/airflow/dags/analytics_pipeline.py
[2024-04-01T23:09:06.064+0530] {logging_mixin.py:188} INFO - [2024-04-01T23:09:06.064+0530] {native_type_compatibility.py:340} INFO - Using Any for unsupported type: typing.Sequence[~T]
[2024-04-01T23:09:06.379+0530] {logging_mixin.py:188} INFO - [2024-04-01T23:09:06.379+0530] {bigquery.py:440} INFO - No module named google.cloud.bigquery_storage_v1. As a result, the ReadFromBigQuery transform *CANNOT* be used with `method=DIRECT_READ`.
[2024-04-01T23:09:06.398+0530] {processor.py:840} INFO - DAG(s) 'analytics_pipeline' retrieved from /home/lucky/airflow/dags/analytics_pipeline.py
[2024-04-01T23:09:06.426+0530] {logging_mixin.py:188} INFO - [2024-04-01T23:09:06.426+0530] {dag.py:3036} INFO - Sync 1 DAGs
[2024-04-01T23:09:06.442+0530] {logging_mixin.py:188} INFO - [2024-04-01T23:09:06.442+0530] {dag.py:3823} INFO - Setting next_dagrun for analytics_pipeline to None, run_after=None
[2024-04-01T23:09:06.475+0530] {processor.py:183} INFO - Processing /home/lucky/airflow/dags/analytics_pipeline.py took 1.384 seconds
[2024-04-01T23:10:45.157+0530] {processor.py:161} INFO - Started process (PID=9724) to work on /home/lucky/airflow/dags/analytics_pipeline.py
[2024-04-01T23:10:45.159+0530] {processor.py:830} INFO - Processing file /home/lucky/airflow/dags/analytics_pipeline.py for tasks to queue
[2024-04-01T23:10:45.161+0530] {logging_mixin.py:188} INFO - [2024-04-01T23:10:45.160+0530] {dagbag.py:538} INFO - Filling up the DagBag from /home/lucky/airflow/dags/analytics_pipeline.py
[2024-04-01T23:10:46.776+0530] {logging_mixin.py:188} INFO - [2024-04-01T23:10:46.775+0530] {native_type_compatibility.py:340} INFO - Using Any for unsupported type: typing.Sequence[~T]
[2024-04-01T23:10:47.304+0530] {logging_mixin.py:188} INFO - [2024-04-01T23:10:47.303+0530] {bigquery.py:440} INFO - No module named google.cloud.bigquery_storage_v1. As a result, the ReadFromBigQuery transform *CANNOT* be used with `method=DIRECT_READ`.
[2024-04-01T23:10:47.334+0530] {processor.py:840} INFO - DAG(s) 'analytics_pipeline' retrieved from /home/lucky/airflow/dags/analytics_pipeline.py
[2024-04-01T23:10:47.373+0530] {logging_mixin.py:188} INFO - [2024-04-01T23:10:47.373+0530] {dag.py:3036} INFO - Sync 1 DAGs
[2024-04-01T23:10:47.393+0530] {logging_mixin.py:188} INFO - [2024-04-01T23:10:47.393+0530] {dag.py:3823} INFO - Setting next_dagrun for analytics_pipeline to None, run_after=None
[2024-04-01T23:10:47.446+0530] {processor.py:183} INFO - Processing /home/lucky/airflow/dags/analytics_pipeline.py took 2.293 seconds
[2024-04-01T23:11:49.972+0530] {processor.py:161} INFO - Started process (PID=10814) to work on /home/lucky/airflow/dags/analytics_pipeline.py
[2024-04-01T23:11:49.974+0530] {processor.py:830} INFO - Processing file /home/lucky/airflow/dags/analytics_pipeline.py for tasks to queue
[2024-04-01T23:11:49.977+0530] {logging_mixin.py:188} INFO - [2024-04-01T23:11:49.976+0530] {dagbag.py:538} INFO - Filling up the DagBag from /home/lucky/airflow/dags/analytics_pipeline.py
[2024-04-01T23:11:51.314+0530] {logging_mixin.py:188} INFO - [2024-04-01T23:11:51.313+0530] {native_type_compatibility.py:340} INFO - Using Any for unsupported type: typing.Sequence[~T]
[2024-04-01T23:11:51.622+0530] {logging_mixin.py:188} INFO - [2024-04-01T23:11:51.622+0530] {bigquery.py:440} INFO - No module named google.cloud.bigquery_storage_v1. As a result, the ReadFromBigQuery transform *CANNOT* be used with `method=DIRECT_READ`.
[2024-04-01T23:11:51.632+0530] {processor.py:840} INFO - DAG(s) 'analytics_pipeline' retrieved from /home/lucky/airflow/dags/analytics_pipeline.py
[2024-04-01T23:11:51.652+0530] {logging_mixin.py:188} INFO - [2024-04-01T23:11:51.652+0530] {dag.py:3036} INFO - Sync 1 DAGs
[2024-04-01T23:11:51.833+0530] {logging_mixin.py:188} INFO - [2024-04-01T23:11:51.833+0530] {dag.py:3823} INFO - Setting next_dagrun for analytics_pipeline to None, run_after=None
[2024-04-01T23:11:51.861+0530] {processor.py:183} INFO - Processing /home/lucky/airflow/dags/analytics_pipeline.py took 1.894 seconds
[2024-04-01T23:12:24.383+0530] {processor.py:161} INFO - Started process (PID=11221) to work on /home/lucky/airflow/dags/analytics_pipeline.py
[2024-04-01T23:12:24.386+0530] {processor.py:830} INFO - Processing file /home/lucky/airflow/dags/analytics_pipeline.py for tasks to queue
[2024-04-01T23:12:24.398+0530] {logging_mixin.py:188} INFO - [2024-04-01T23:12:24.387+0530] {dagbag.py:538} INFO - Filling up the DagBag from /home/lucky/airflow/dags/analytics_pipeline.py
[2024-04-01T23:12:26.072+0530] {logging_mixin.py:188} INFO - [2024-04-01T23:12:26.071+0530] {native_type_compatibility.py:340} INFO - Using Any for unsupported type: typing.Sequence[~T]
[2024-04-01T23:12:26.464+0530] {logging_mixin.py:188} INFO - [2024-04-01T23:12:26.464+0530] {bigquery.py:440} INFO - No module named google.cloud.bigquery_storage_v1. As a result, the ReadFromBigQuery transform *CANNOT* be used with `method=DIRECT_READ`.
[2024-04-01T23:12:26.472+0530] {processor.py:840} INFO - DAG(s) 'analytics_pipeline' retrieved from /home/lucky/airflow/dags/analytics_pipeline.py
[2024-04-01T23:12:26.499+0530] {logging_mixin.py:188} INFO - [2024-04-01T23:12:26.498+0530] {dag.py:3036} INFO - Sync 1 DAGs
[2024-04-01T23:12:26.522+0530] {logging_mixin.py:188} INFO - [2024-04-01T23:12:26.521+0530] {dag.py:3823} INFO - Setting next_dagrun for analytics_pipeline to None, run_after=None
[2024-04-01T23:12:26.570+0530] {processor.py:183} INFO - Processing /home/lucky/airflow/dags/analytics_pipeline.py took 2.202 seconds
[2024-04-01T23:13:24.047+0530] {processor.py:161} INFO - Started process (PID=12202) to work on /home/lucky/airflow/dags/analytics_pipeline.py
[2024-04-01T23:13:24.050+0530] {processor.py:830} INFO - Processing file /home/lucky/airflow/dags/analytics_pipeline.py for tasks to queue
[2024-04-01T23:13:24.052+0530] {logging_mixin.py:188} INFO - [2024-04-01T23:13:24.051+0530] {dagbag.py:538} INFO - Filling up the DagBag from /home/lucky/airflow/dags/analytics_pipeline.py
[2024-04-01T23:13:25.085+0530] {logging_mixin.py:188} INFO - [2024-04-01T23:13:25.084+0530] {native_type_compatibility.py:340} INFO - Using Any for unsupported type: typing.Sequence[~T]
[2024-04-01T23:13:25.630+0530] {logging_mixin.py:188} INFO - [2024-04-01T23:13:25.628+0530] {bigquery.py:440} INFO - No module named google.cloud.bigquery_storage_v1. As a result, the ReadFromBigQuery transform *CANNOT* be used with `method=DIRECT_READ`.
[2024-04-01T23:13:25.666+0530] {processor.py:840} INFO - DAG(s) 'analytics_pipeline' retrieved from /home/lucky/airflow/dags/analytics_pipeline.py
[2024-04-01T23:13:25.926+0530] {logging_mixin.py:188} INFO - [2024-04-01T23:13:25.926+0530] {dag.py:3036} INFO - Sync 1 DAGs
[2024-04-01T23:13:25.954+0530] {logging_mixin.py:188} INFO - [2024-04-01T23:13:25.953+0530] {dag.py:3823} INFO - Setting next_dagrun for analytics_pipeline to None, run_after=None
[2024-04-01T23:13:25.998+0530] {processor.py:183} INFO - Processing /home/lucky/airflow/dags/analytics_pipeline.py took 1.956 seconds
[2024-04-01T23:14:22.919+0530] {processor.py:161} INFO - Started process (PID=12906) to work on /home/lucky/airflow/dags/analytics_pipeline.py
[2024-04-01T23:14:22.921+0530] {processor.py:830} INFO - Processing file /home/lucky/airflow/dags/analytics_pipeline.py for tasks to queue
[2024-04-01T23:14:22.922+0530] {logging_mixin.py:188} INFO - [2024-04-01T23:14:22.921+0530] {dagbag.py:538} INFO - Filling up the DagBag from /home/lucky/airflow/dags/analytics_pipeline.py
[2024-04-01T23:14:23.679+0530] {logging_mixin.py:188} INFO - [2024-04-01T23:14:23.678+0530] {native_type_compatibility.py:340} INFO - Using Any for unsupported type: typing.Sequence[~T]
[2024-04-01T23:14:23.910+0530] {logging_mixin.py:188} INFO - [2024-04-01T23:14:23.910+0530] {bigquery.py:440} INFO - No module named google.cloud.bigquery_storage_v1. As a result, the ReadFromBigQuery transform *CANNOT* be used with `method=DIRECT_READ`.
[2024-04-01T23:14:23.919+0530] {processor.py:840} INFO - DAG(s) 'analytics_pipeline' retrieved from /home/lucky/airflow/dags/analytics_pipeline.py
[2024-04-01T23:14:24.084+0530] {logging_mixin.py:188} INFO - [2024-04-01T23:14:24.084+0530] {dag.py:3036} INFO - Sync 1 DAGs
[2024-04-01T23:14:24.100+0530] {logging_mixin.py:188} INFO - [2024-04-01T23:14:24.099+0530] {dag.py:3823} INFO - Setting next_dagrun for analytics_pipeline to None, run_after=None
[2024-04-01T23:14:24.126+0530] {processor.py:183} INFO - Processing /home/lucky/airflow/dags/analytics_pipeline.py took 1.210 seconds
[2024-04-01T23:15:17.864+0530] {processor.py:161} INFO - Started process (PID=13845) to work on /home/lucky/airflow/dags/analytics_pipeline.py
[2024-04-01T23:15:17.866+0530] {processor.py:830} INFO - Processing file /home/lucky/airflow/dags/analytics_pipeline.py for tasks to queue
[2024-04-01T23:15:17.867+0530] {logging_mixin.py:188} INFO - [2024-04-01T23:15:17.866+0530] {dagbag.py:538} INFO - Filling up the DagBag from /home/lucky/airflow/dags/analytics_pipeline.py
[2024-04-01T23:15:18.909+0530] {logging_mixin.py:188} INFO - [2024-04-01T23:15:18.908+0530] {native_type_compatibility.py:340} INFO - Using Any for unsupported type: typing.Sequence[~T]
[2024-04-01T23:15:19.148+0530] {logging_mixin.py:188} INFO - [2024-04-01T23:15:19.148+0530] {bigquery.py:440} INFO - No module named google.cloud.bigquery_storage_v1. As a result, the ReadFromBigQuery transform *CANNOT* be used with `method=DIRECT_READ`.
[2024-04-01T23:15:19.156+0530] {processor.py:840} INFO - DAG(s) 'analytics_pipeline' retrieved from /home/lucky/airflow/dags/analytics_pipeline.py
[2024-04-01T23:15:19.169+0530] {logging_mixin.py:188} INFO - [2024-04-01T23:15:19.169+0530] {dag.py:3036} INFO - Sync 1 DAGs
[2024-04-01T23:15:19.303+0530] {logging_mixin.py:188} INFO - [2024-04-01T23:15:19.303+0530] {dag.py:3823} INFO - Setting next_dagrun for analytics_pipeline to None, run_after=None
[2024-04-01T23:15:19.330+0530] {processor.py:183} INFO - Processing /home/lucky/airflow/dags/analytics_pipeline.py took 1.468 seconds
[2024-04-01T23:16:05.621+0530] {processor.py:161} INFO - Started process (PID=14719) to work on /home/lucky/airflow/dags/analytics_pipeline.py
[2024-04-01T23:16:05.622+0530] {processor.py:830} INFO - Processing file /home/lucky/airflow/dags/analytics_pipeline.py for tasks to queue
[2024-04-01T23:16:05.623+0530] {logging_mixin.py:188} INFO - [2024-04-01T23:16:05.623+0530] {dagbag.py:538} INFO - Filling up the DagBag from /home/lucky/airflow/dags/analytics_pipeline.py
[2024-04-01T23:16:06.341+0530] {logging_mixin.py:188} INFO - [2024-04-01T23:16:06.340+0530] {native_type_compatibility.py:340} INFO - Using Any for unsupported type: typing.Sequence[~T]
[2024-04-01T23:16:06.651+0530] {logging_mixin.py:188} INFO - [2024-04-01T23:16:06.651+0530] {bigquery.py:440} INFO - No module named google.cloud.bigquery_storage_v1. As a result, the ReadFromBigQuery transform *CANNOT* be used with `method=DIRECT_READ`.
[2024-04-01T23:16:06.659+0530] {processor.py:840} INFO - DAG(s) 'analytics_pipeline' retrieved from /home/lucky/airflow/dags/analytics_pipeline.py
[2024-04-01T23:16:06.672+0530] {logging_mixin.py:188} INFO - [2024-04-01T23:16:06.671+0530] {dag.py:3036} INFO - Sync 1 DAGs
[2024-04-01T23:16:06.683+0530] {logging_mixin.py:188} INFO - [2024-04-01T23:16:06.682+0530] {dag.py:3823} INFO - Setting next_dagrun for analytics_pipeline to None, run_after=None
[2024-04-01T23:16:06.709+0530] {processor.py:183} INFO - Processing /home/lucky/airflow/dags/analytics_pipeline.py took 1.092 seconds
[2024-04-01T23:16:48.629+0530] {processor.py:161} INFO - Started process (PID=15212) to work on /home/lucky/airflow/dags/analytics_pipeline.py
[2024-04-01T23:16:48.631+0530] {processor.py:830} INFO - Processing file /home/lucky/airflow/dags/analytics_pipeline.py for tasks to queue
[2024-04-01T23:16:48.633+0530] {logging_mixin.py:188} INFO - [2024-04-01T23:16:48.633+0530] {dagbag.py:538} INFO - Filling up the DagBag from /home/lucky/airflow/dags/analytics_pipeline.py
[2024-04-01T23:16:49.528+0530] {logging_mixin.py:188} INFO - [2024-04-01T23:16:49.527+0530] {native_type_compatibility.py:340} INFO - Using Any for unsupported type: typing.Sequence[~T]
[2024-04-01T23:16:49.919+0530] {logging_mixin.py:188} INFO - [2024-04-01T23:16:49.918+0530] {bigquery.py:440} INFO - No module named google.cloud.bigquery_storage_v1. As a result, the ReadFromBigQuery transform *CANNOT* be used with `method=DIRECT_READ`.
[2024-04-01T23:16:49.927+0530] {processor.py:840} INFO - DAG(s) 'analytics_pipeline' retrieved from /home/lucky/airflow/dags/analytics_pipeline.py
[2024-04-01T23:16:49.945+0530] {logging_mixin.py:188} INFO - [2024-04-01T23:16:49.944+0530] {dag.py:3036} INFO - Sync 1 DAGs
[2024-04-01T23:16:49.959+0530] {logging_mixin.py:188} INFO - [2024-04-01T23:16:49.958+0530] {dag.py:3823} INFO - Setting next_dagrun for analytics_pipeline to None, run_after=None
[2024-04-01T23:16:49.984+0530] {processor.py:183} INFO - Processing /home/lucky/airflow/dags/analytics_pipeline.py took 1.360 seconds
