[2024-03-09T04:32:44.318+0530] {processor.py:161} INFO - Started process (PID=3258) to work on /home/lucky/.local/lib/python3.10/site-packages/airflow/example_dags/example_kubernetes_executor.py
[2024-03-09T04:32:44.320+0530] {processor.py:830} INFO - Processing file /home/lucky/.local/lib/python3.10/site-packages/airflow/example_dags/example_kubernetes_executor.py for tasks to queue
[2024-03-09T04:32:44.322+0530] {logging_mixin.py:188} INFO - [2024-03-09T04:32:44.321+0530] {dagbag.py:538} INFO - Filling up the DagBag from /home/lucky/.local/lib/python3.10/site-packages/airflow/example_dags/example_kubernetes_executor.py
[2024-03-09T04:32:44.329+0530] {logging_mixin.py:188} INFO - [2024-03-09T04:32:44.328+0530] {example_kubernetes_executor.py:38} WARNING - The example_kubernetes_executor example DAG requires the kubernetes provider. Please install it with: pip install apache-airflow[cncf.kubernetes]
[2024-03-09T04:32:44.330+0530] {processor.py:842} WARNING - No viable dags retrieved from /home/lucky/.local/lib/python3.10/site-packages/airflow/example_dags/example_kubernetes_executor.py
[2024-03-09T04:32:44.346+0530] {processor.py:183} INFO - Processing /home/lucky/.local/lib/python3.10/site-packages/airflow/example_dags/example_kubernetes_executor.py took 0.035 seconds
[2024-03-09T04:35:01.650+0530] {processor.py:161} INFO - Started process (PID=5205) to work on /home/lucky/.local/lib/python3.10/site-packages/airflow/example_dags/example_kubernetes_executor.py
[2024-03-09T04:35:01.653+0530] {processor.py:830} INFO - Processing file /home/lucky/.local/lib/python3.10/site-packages/airflow/example_dags/example_kubernetes_executor.py for tasks to queue
[2024-03-09T04:35:01.656+0530] {logging_mixin.py:188} INFO - [2024-03-09T04:35:01.655+0530] {dagbag.py:538} INFO - Filling up the DagBag from /home/lucky/.local/lib/python3.10/site-packages/airflow/example_dags/example_kubernetes_executor.py
[2024-03-09T04:35:01.666+0530] {logging_mixin.py:188} INFO - [2024-03-09T04:35:01.666+0530] {example_kubernetes_executor.py:38} WARNING - The example_kubernetes_executor example DAG requires the kubernetes provider. Please install it with: pip install apache-airflow[cncf.kubernetes]
[2024-03-09T04:35:01.667+0530] {processor.py:842} WARNING - No viable dags retrieved from /home/lucky/.local/lib/python3.10/site-packages/airflow/example_dags/example_kubernetes_executor.py
[2024-03-09T04:35:01.698+0530] {processor.py:183} INFO - Processing /home/lucky/.local/lib/python3.10/site-packages/airflow/example_dags/example_kubernetes_executor.py took 0.055 seconds
[2024-03-09T04:36:14.910+0530] {processor.py:161} INFO - Started process (PID=6085) to work on /home/lucky/.local/lib/python3.10/site-packages/airflow/example_dags/example_kubernetes_executor.py
[2024-03-09T04:36:14.914+0530] {processor.py:830} INFO - Processing file /home/lucky/.local/lib/python3.10/site-packages/airflow/example_dags/example_kubernetes_executor.py for tasks to queue
[2024-03-09T04:36:14.918+0530] {logging_mixin.py:188} INFO - [2024-03-09T04:36:14.917+0530] {dagbag.py:538} INFO - Filling up the DagBag from /home/lucky/.local/lib/python3.10/site-packages/airflow/example_dags/example_kubernetes_executor.py
[2024-03-09T04:36:14.930+0530] {logging_mixin.py:188} INFO - [2024-03-09T04:36:14.928+0530] {example_kubernetes_executor.py:38} WARNING - The example_kubernetes_executor example DAG requires the kubernetes provider. Please install it with: pip install apache-airflow[cncf.kubernetes]
[2024-03-09T04:36:14.932+0530] {processor.py:842} WARNING - No viable dags retrieved from /home/lucky/.local/lib/python3.10/site-packages/airflow/example_dags/example_kubernetes_executor.py
[2024-03-09T04:36:14.963+0530] {processor.py:183} INFO - Processing /home/lucky/.local/lib/python3.10/site-packages/airflow/example_dags/example_kubernetes_executor.py took 0.066 seconds
[2024-03-09T04:37:20.658+0530] {processor.py:161} INFO - Started process (PID=7247) to work on /home/lucky/.local/lib/python3.10/site-packages/airflow/example_dags/example_kubernetes_executor.py
[2024-03-09T04:37:20.661+0530] {processor.py:830} INFO - Processing file /home/lucky/.local/lib/python3.10/site-packages/airflow/example_dags/example_kubernetes_executor.py for tasks to queue
[2024-03-09T04:37:20.663+0530] {logging_mixin.py:188} INFO - [2024-03-09T04:37:20.663+0530] {dagbag.py:538} INFO - Filling up the DagBag from /home/lucky/.local/lib/python3.10/site-packages/airflow/example_dags/example_kubernetes_executor.py
[2024-03-09T04:37:20.669+0530] {logging_mixin.py:188} INFO - [2024-03-09T04:37:20.668+0530] {example_kubernetes_executor.py:38} WARNING - The example_kubernetes_executor example DAG requires the kubernetes provider. Please install it with: pip install apache-airflow[cncf.kubernetes]
[2024-03-09T04:37:20.670+0530] {processor.py:842} WARNING - No viable dags retrieved from /home/lucky/.local/lib/python3.10/site-packages/airflow/example_dags/example_kubernetes_executor.py
[2024-03-09T04:37:20.690+0530] {processor.py:183} INFO - Processing /home/lucky/.local/lib/python3.10/site-packages/airflow/example_dags/example_kubernetes_executor.py took 0.037 seconds
[2024-03-09T04:38:25.217+0530] {processor.py:161} INFO - Started process (PID=8023) to work on /home/lucky/.local/lib/python3.10/site-packages/airflow/example_dags/example_kubernetes_executor.py
[2024-03-09T04:38:25.219+0530] {processor.py:830} INFO - Processing file /home/lucky/.local/lib/python3.10/site-packages/airflow/example_dags/example_kubernetes_executor.py for tasks to queue
[2024-03-09T04:38:25.223+0530] {logging_mixin.py:188} INFO - [2024-03-09T04:38:25.221+0530] {dagbag.py:538} INFO - Filling up the DagBag from /home/lucky/.local/lib/python3.10/site-packages/airflow/example_dags/example_kubernetes_executor.py
[2024-03-09T04:38:25.232+0530] {logging_mixin.py:188} INFO - [2024-03-09T04:38:25.231+0530] {example_kubernetes_executor.py:38} WARNING - The example_kubernetes_executor example DAG requires the kubernetes provider. Please install it with: pip install apache-airflow[cncf.kubernetes]
[2024-03-09T04:38:25.233+0530] {processor.py:842} WARNING - No viable dags retrieved from /home/lucky/.local/lib/python3.10/site-packages/airflow/example_dags/example_kubernetes_executor.py
[2024-03-09T04:38:25.255+0530] {processor.py:183} INFO - Processing /home/lucky/.local/lib/python3.10/site-packages/airflow/example_dags/example_kubernetes_executor.py took 0.043 seconds
