[2024-03-09T04:32:35.610+0530] {processor.py:161} INFO - Started process (PID=2899) to work on /home/lucky/.local/lib/python3.10/site-packages/airflow/example_dags/example_branch_operator_decorator.py
[2024-03-09T04:32:35.612+0530] {processor.py:830} INFO - Processing file /home/lucky/.local/lib/python3.10/site-packages/airflow/example_dags/example_branch_operator_decorator.py for tasks to queue
[2024-03-09T04:32:35.625+0530] {logging_mixin.py:188} INFO - [2024-03-09T04:32:35.624+0530] {dagbag.py:538} INFO - Filling up the DagBag from /home/lucky/.local/lib/python3.10/site-packages/airflow/example_dags/example_branch_operator_decorator.py
[2024-03-09T04:32:35.963+0530] {processor.py:840} INFO - DAG(s) 'example_branch_python_operator_decorator' retrieved from /home/lucky/.local/lib/python3.10/site-packages/airflow/example_dags/example_branch_operator_decorator.py
[2024-03-09T04:32:37.167+0530] {logging_mixin.py:188} INFO - [2024-03-09T04:32:37.135+0530] {dag.py:3036} INFO - Sync 1 DAGs
[2024-03-09T04:32:37.330+0530] {logging_mixin.py:188} INFO - [2024-03-09T04:32:37.329+0530] {dag.py:3823} INFO - Setting next_dagrun for example_branch_python_operator_decorator to 2024-03-07 00:00:00+00:00, run_after=2024-03-08 00:00:00+00:00
[2024-03-09T04:32:37.446+0530] {processor.py:183} INFO - Processing /home/lucky/.local/lib/python3.10/site-packages/airflow/example_dags/example_branch_operator_decorator.py took 1.852 seconds
[2024-03-09T04:34:55.957+0530] {processor.py:161} INFO - Started process (PID=5139) to work on /home/lucky/.local/lib/python3.10/site-packages/airflow/example_dags/example_branch_operator_decorator.py
[2024-03-09T04:34:55.962+0530] {processor.py:830} INFO - Processing file /home/lucky/.local/lib/python3.10/site-packages/airflow/example_dags/example_branch_operator_decorator.py for tasks to queue
[2024-03-09T04:34:55.966+0530] {logging_mixin.py:188} INFO - [2024-03-09T04:34:55.965+0530] {dagbag.py:538} INFO - Filling up the DagBag from /home/lucky/.local/lib/python3.10/site-packages/airflow/example_dags/example_branch_operator_decorator.py
[2024-03-09T04:34:56.061+0530] {processor.py:840} INFO - DAG(s) 'example_branch_python_operator_decorator' retrieved from /home/lucky/.local/lib/python3.10/site-packages/airflow/example_dags/example_branch_operator_decorator.py
[2024-03-09T04:34:56.336+0530] {logging_mixin.py:188} INFO - [2024-03-09T04:34:56.335+0530] {dag.py:3036} INFO - Sync 1 DAGs
[2024-03-09T04:34:56.393+0530] {logging_mixin.py:188} INFO - [2024-03-09T04:34:56.392+0530] {dag.py:3823} INFO - Setting next_dagrun for example_branch_python_operator_decorator to 2024-03-07 00:00:00+00:00, run_after=2024-03-08 00:00:00+00:00
[2024-03-09T04:34:56.457+0530] {processor.py:183} INFO - Processing /home/lucky/.local/lib/python3.10/site-packages/airflow/example_dags/example_branch_operator_decorator.py took 0.508 seconds
[2024-03-09T04:36:00.365+0530] {processor.py:161} INFO - Started process (PID=5927) to work on /home/lucky/.local/lib/python3.10/site-packages/airflow/example_dags/example_branch_operator_decorator.py
[2024-03-09T04:36:00.370+0530] {processor.py:830} INFO - Processing file /home/lucky/.local/lib/python3.10/site-packages/airflow/example_dags/example_branch_operator_decorator.py for tasks to queue
[2024-03-09T04:36:00.374+0530] {logging_mixin.py:188} INFO - [2024-03-09T04:36:00.373+0530] {dagbag.py:538} INFO - Filling up the DagBag from /home/lucky/.local/lib/python3.10/site-packages/airflow/example_dags/example_branch_operator_decorator.py
[2024-03-09T04:36:00.434+0530] {processor.py:840} INFO - DAG(s) 'example_branch_python_operator_decorator' retrieved from /home/lucky/.local/lib/python3.10/site-packages/airflow/example_dags/example_branch_operator_decorator.py
[2024-03-09T04:36:00.497+0530] {logging_mixin.py:188} INFO - [2024-03-09T04:36:00.496+0530] {dag.py:3036} INFO - Sync 1 DAGs
[2024-03-09T04:36:00.544+0530] {logging_mixin.py:188} INFO - [2024-03-09T04:36:00.543+0530] {dag.py:3823} INFO - Setting next_dagrun for example_branch_python_operator_decorator to 2024-03-07 00:00:00+00:00, run_after=2024-03-08 00:00:00+00:00
[2024-03-09T04:36:00.607+0530] {processor.py:183} INFO - Processing /home/lucky/.local/lib/python3.10/site-packages/airflow/example_dags/example_branch_operator_decorator.py took 0.249 seconds
[2024-03-09T04:37:10.996+0530] {processor.py:161} INFO - Started process (PID=7135) to work on /home/lucky/.local/lib/python3.10/site-packages/airflow/example_dags/example_branch_operator_decorator.py
[2024-03-09T04:37:11.010+0530] {processor.py:830} INFO - Processing file /home/lucky/.local/lib/python3.10/site-packages/airflow/example_dags/example_branch_operator_decorator.py for tasks to queue
[2024-03-09T04:37:11.014+0530] {logging_mixin.py:188} INFO - [2024-03-09T04:37:11.012+0530] {dagbag.py:538} INFO - Filling up the DagBag from /home/lucky/.local/lib/python3.10/site-packages/airflow/example_dags/example_branch_operator_decorator.py
[2024-03-09T04:37:11.110+0530] {processor.py:840} INFO - DAG(s) 'example_branch_python_operator_decorator' retrieved from /home/lucky/.local/lib/python3.10/site-packages/airflow/example_dags/example_branch_operator_decorator.py
[2024-03-09T04:37:11.208+0530] {logging_mixin.py:188} INFO - [2024-03-09T04:37:11.207+0530] {dag.py:3036} INFO - Sync 1 DAGs
[2024-03-09T04:37:11.283+0530] {logging_mixin.py:188} INFO - [2024-03-09T04:37:11.282+0530] {dag.py:3823} INFO - Setting next_dagrun for example_branch_python_operator_decorator to 2024-03-07 00:00:00+00:00, run_after=2024-03-08 00:00:00+00:00
[2024-03-09T04:37:11.370+0530] {processor.py:183} INFO - Processing /home/lucky/.local/lib/python3.10/site-packages/airflow/example_dags/example_branch_operator_decorator.py took 0.383 seconds
[2024-03-09T04:38:15.615+0530] {processor.py:161} INFO - Started process (PID=7907) to work on /home/lucky/.local/lib/python3.10/site-packages/airflow/example_dags/example_branch_operator_decorator.py
[2024-03-09T04:38:15.628+0530] {processor.py:830} INFO - Processing file /home/lucky/.local/lib/python3.10/site-packages/airflow/example_dags/example_branch_operator_decorator.py for tasks to queue
[2024-03-09T04:38:15.630+0530] {logging_mixin.py:188} INFO - [2024-03-09T04:38:15.629+0530] {dagbag.py:538} INFO - Filling up the DagBag from /home/lucky/.local/lib/python3.10/site-packages/airflow/example_dags/example_branch_operator_decorator.py
[2024-03-09T04:38:15.680+0530] {processor.py:840} INFO - DAG(s) 'example_branch_python_operator_decorator' retrieved from /home/lucky/.local/lib/python3.10/site-packages/airflow/example_dags/example_branch_operator_decorator.py
[2024-03-09T04:38:15.737+0530] {logging_mixin.py:188} INFO - [2024-03-09T04:38:15.736+0530] {dag.py:3036} INFO - Sync 1 DAGs
[2024-03-09T04:38:15.798+0530] {logging_mixin.py:188} INFO - [2024-03-09T04:38:15.798+0530] {dag.py:3823} INFO - Setting next_dagrun for example_branch_python_operator_decorator to 2024-03-07 00:00:00+00:00, run_after=2024-03-08 00:00:00+00:00
[2024-03-09T04:38:15.870+0530] {processor.py:183} INFO - Processing /home/lucky/.local/lib/python3.10/site-packages/airflow/example_dags/example_branch_operator_decorator.py took 0.264 seconds
