[2024-03-09T04:35:15.104+0530] {processor.py:161} INFO - Started process (PID=5396) to work on /home/lucky/.local/lib/python3.10/site-packages/airflow/example_dags/example_latest_only_with_trigger.py
[2024-03-09T04:35:15.108+0530] {processor.py:830} INFO - Processing file /home/lucky/.local/lib/python3.10/site-packages/airflow/example_dags/example_latest_only_with_trigger.py for tasks to queue
[2024-03-09T04:35:15.111+0530] {logging_mixin.py:188} INFO - [2024-03-09T04:35:15.110+0530] {dagbag.py:538} INFO - Filling up the DagBag from /home/lucky/.local/lib/python3.10/site-packages/airflow/example_dags/example_latest_only_with_trigger.py
[2024-03-09T04:35:15.133+0530] {processor.py:840} INFO - DAG(s) 'latest_only_with_trigger' retrieved from /home/lucky/.local/lib/python3.10/site-packages/airflow/example_dags/example_latest_only_with_trigger.py
[2024-03-09T04:35:15.217+0530] {logging_mixin.py:188} INFO - [2024-03-09T04:35:15.216+0530] {dag.py:3036} INFO - Sync 1 DAGs
[2024-03-09T04:35:15.326+0530] {logging_mixin.py:188} INFO - [2024-03-09T04:35:15.325+0530] {dag.py:3823} INFO - Setting next_dagrun for latest_only_with_trigger to 2024-03-08 16:00:00+00:00, run_after=2024-03-08 20:00:00+00:00
[2024-03-09T04:35:15.409+0530] {processor.py:183} INFO - Processing /home/lucky/.local/lib/python3.10/site-packages/airflow/example_dags/example_latest_only_with_trigger.py took 0.316 seconds
[2024-03-09T04:36:27.468+0530] {processor.py:161} INFO - Started process (PID=6233) to work on /home/lucky/.local/lib/python3.10/site-packages/airflow/example_dags/example_latest_only_with_trigger.py
[2024-03-09T04:36:27.482+0530] {processor.py:830} INFO - Processing file /home/lucky/.local/lib/python3.10/site-packages/airflow/example_dags/example_latest_only_with_trigger.py for tasks to queue
[2024-03-09T04:36:27.486+0530] {logging_mixin.py:188} INFO - [2024-03-09T04:36:27.484+0530] {dagbag.py:538} INFO - Filling up the DagBag from /home/lucky/.local/lib/python3.10/site-packages/airflow/example_dags/example_latest_only_with_trigger.py
[2024-03-09T04:36:27.514+0530] {processor.py:840} INFO - DAG(s) 'latest_only_with_trigger' retrieved from /home/lucky/.local/lib/python3.10/site-packages/airflow/example_dags/example_latest_only_with_trigger.py
[2024-03-09T04:36:27.596+0530] {logging_mixin.py:188} INFO - [2024-03-09T04:36:27.595+0530] {dag.py:3036} INFO - Sync 1 DAGs
[2024-03-09T04:36:27.710+0530] {logging_mixin.py:188} INFO - [2024-03-09T04:36:27.709+0530] {dag.py:3823} INFO - Setting next_dagrun for latest_only_with_trigger to 2024-03-08 16:00:00+00:00, run_after=2024-03-08 20:00:00+00:00
[2024-03-09T04:36:27.769+0530] {processor.py:183} INFO - Processing /home/lucky/.local/lib/python3.10/site-packages/airflow/example_dags/example_latest_only_with_trigger.py took 0.320 seconds
[2024-03-09T04:37:33.382+0530] {processor.py:161} INFO - Started process (PID=7382) to work on /home/lucky/.local/lib/python3.10/site-packages/airflow/example_dags/example_latest_only_with_trigger.py
[2024-03-09T04:37:33.385+0530] {processor.py:830} INFO - Processing file /home/lucky/.local/lib/python3.10/site-packages/airflow/example_dags/example_latest_only_with_trigger.py for tasks to queue
[2024-03-09T04:37:33.387+0530] {logging_mixin.py:188} INFO - [2024-03-09T04:37:33.386+0530] {dagbag.py:538} INFO - Filling up the DagBag from /home/lucky/.local/lib/python3.10/site-packages/airflow/example_dags/example_latest_only_with_trigger.py
[2024-03-09T04:37:33.442+0530] {processor.py:840} INFO - DAG(s) 'latest_only_with_trigger' retrieved from /home/lucky/.local/lib/python3.10/site-packages/airflow/example_dags/example_latest_only_with_trigger.py
[2024-03-09T04:37:33.500+0530] {logging_mixin.py:188} INFO - [2024-03-09T04:37:33.499+0530] {dag.py:3036} INFO - Sync 1 DAGs
[2024-03-09T04:37:33.551+0530] {logging_mixin.py:188} INFO - [2024-03-09T04:37:33.551+0530] {dag.py:3823} INFO - Setting next_dagrun for latest_only_with_trigger to 2024-03-08 16:00:00+00:00, run_after=2024-03-08 20:00:00+00:00
[2024-03-09T04:37:33.596+0530] {processor.py:183} INFO - Processing /home/lucky/.local/lib/python3.10/site-packages/airflow/example_dags/example_latest_only_with_trigger.py took 0.219 seconds
