[2024-03-09T04:35:26.048+0530] {processor.py:161} INFO - Started process (PID=5501) to work on /home/lucky/.local/lib/python3.10/site-packages/airflow/example_dags/example_nested_branch_dag.py
[2024-03-09T04:35:26.050+0530] {processor.py:830} INFO - Processing file /home/lucky/.local/lib/python3.10/site-packages/airflow/example_dags/example_nested_branch_dag.py for tasks to queue
[2024-03-09T04:35:26.052+0530] {logging_mixin.py:188} INFO - [2024-03-09T04:35:26.051+0530] {dagbag.py:538} INFO - Filling up the DagBag from /home/lucky/.local/lib/python3.10/site-packages/airflow/example_dags/example_nested_branch_dag.py
[2024-03-09T04:35:26.071+0530] {processor.py:840} INFO - DAG(s) 'example_nested_branch_dag' retrieved from /home/lucky/.local/lib/python3.10/site-packages/airflow/example_dags/example_nested_branch_dag.py
[2024-03-09T04:35:26.112+0530] {logging_mixin.py:188} INFO - [2024-03-09T04:35:26.111+0530] {dag.py:3036} INFO - Sync 1 DAGs
[2024-03-09T04:35:26.174+0530] {logging_mixin.py:188} INFO - [2024-03-09T04:35:26.173+0530] {dag.py:3823} INFO - Setting next_dagrun for example_nested_branch_dag to 2024-03-07 00:00:00+00:00, run_after=2024-03-08 00:00:00+00:00
[2024-03-09T04:35:26.258+0530] {processor.py:183} INFO - Processing /home/lucky/.local/lib/python3.10/site-packages/airflow/example_dags/example_nested_branch_dag.py took 0.215 seconds
[2024-03-09T04:36:38.068+0530] {processor.py:161} INFO - Started process (PID=6528) to work on /home/lucky/.local/lib/python3.10/site-packages/airflow/example_dags/example_nested_branch_dag.py
[2024-03-09T04:36:38.070+0530] {processor.py:830} INFO - Processing file /home/lucky/.local/lib/python3.10/site-packages/airflow/example_dags/example_nested_branch_dag.py for tasks to queue
[2024-03-09T04:36:38.073+0530] {logging_mixin.py:188} INFO - [2024-03-09T04:36:38.071+0530] {dagbag.py:538} INFO - Filling up the DagBag from /home/lucky/.local/lib/python3.10/site-packages/airflow/example_dags/example_nested_branch_dag.py
[2024-03-09T04:36:38.093+0530] {processor.py:840} INFO - DAG(s) 'example_nested_branch_dag' retrieved from /home/lucky/.local/lib/python3.10/site-packages/airflow/example_dags/example_nested_branch_dag.py
[2024-03-09T04:36:38.123+0530] {logging_mixin.py:188} INFO - [2024-03-09T04:36:38.122+0530] {dag.py:3036} INFO - Sync 1 DAGs
[2024-03-09T04:36:38.158+0530] {logging_mixin.py:188} INFO - [2024-03-09T04:36:38.158+0530] {dag.py:3823} INFO - Setting next_dagrun for example_nested_branch_dag to 2024-03-07 00:00:00+00:00, run_after=2024-03-08 00:00:00+00:00
[2024-03-09T04:36:38.240+0530] {processor.py:183} INFO - Processing /home/lucky/.local/lib/python3.10/site-packages/airflow/example_dags/example_nested_branch_dag.py took 0.176 seconds
[2024-03-09T04:37:43.751+0530] {processor.py:161} INFO - Started process (PID=7521) to work on /home/lucky/.local/lib/python3.10/site-packages/airflow/example_dags/example_nested_branch_dag.py
[2024-03-09T04:37:43.764+0530] {processor.py:830} INFO - Processing file /home/lucky/.local/lib/python3.10/site-packages/airflow/example_dags/example_nested_branch_dag.py for tasks to queue
[2024-03-09T04:37:43.766+0530] {logging_mixin.py:188} INFO - [2024-03-09T04:37:43.765+0530] {dagbag.py:538} INFO - Filling up the DagBag from /home/lucky/.local/lib/python3.10/site-packages/airflow/example_dags/example_nested_branch_dag.py
[2024-03-09T04:37:43.795+0530] {processor.py:840} INFO - DAG(s) 'example_nested_branch_dag' retrieved from /home/lucky/.local/lib/python3.10/site-packages/airflow/example_dags/example_nested_branch_dag.py
[2024-03-09T04:37:43.851+0530] {logging_mixin.py:188} INFO - [2024-03-09T04:37:43.850+0530] {dag.py:3036} INFO - Sync 1 DAGs
[2024-03-09T04:37:43.899+0530] {logging_mixin.py:188} INFO - [2024-03-09T04:37:43.898+0530] {dag.py:3823} INFO - Setting next_dagrun for example_nested_branch_dag to 2024-03-07 00:00:00+00:00, run_after=2024-03-08 00:00:00+00:00
[2024-03-09T04:37:44.004+0530] {processor.py:183} INFO - Processing /home/lucky/.local/lib/python3.10/site-packages/airflow/example_dags/example_nested_branch_dag.py took 0.257 seconds
