[2024-03-09T04:32:45.379+0530] {processor.py:161} INFO - Started process (PID=3282) to work on /home/lucky/.local/lib/python3.10/site-packages/airflow/example_dags/example_bash_operator.py
[2024-03-09T04:32:45.381+0530] {processor.py:830} INFO - Processing file /home/lucky/.local/lib/python3.10/site-packages/airflow/example_dags/example_bash_operator.py for tasks to queue
[2024-03-09T04:32:45.384+0530] {logging_mixin.py:188} INFO - [2024-03-09T04:32:45.383+0530] {dagbag.py:538} INFO - Filling up the DagBag from /home/lucky/.local/lib/python3.10/site-packages/airflow/example_dags/example_bash_operator.py
[2024-03-09T04:32:45.409+0530] {processor.py:840} INFO - DAG(s) 'example_bash_operator' retrieved from /home/lucky/.local/lib/python3.10/site-packages/airflow/example_dags/example_bash_operator.py
[2024-03-09T04:32:45.464+0530] {logging_mixin.py:188} INFO - [2024-03-09T04:32:45.463+0530] {dag.py:3036} INFO - Sync 1 DAGs
[2024-03-09T04:32:45.501+0530] {logging_mixin.py:188} INFO - [2024-03-09T04:32:45.500+0530] {dag.py:3823} INFO - Setting next_dagrun for example_bash_operator to 2024-03-07 00:00:00+00:00, run_after=2024-03-08 00:00:00+00:00
[2024-03-09T04:32:45.545+0530] {processor.py:183} INFO - Processing /home/lucky/.local/lib/python3.10/site-packages/airflow/example_dags/example_bash_operator.py took 0.173 seconds
[2024-03-09T04:35:02.866+0530] {processor.py:161} INFO - Started process (PID=5211) to work on /home/lucky/.local/lib/python3.10/site-packages/airflow/example_dags/example_bash_operator.py
[2024-03-09T04:35:02.869+0530] {processor.py:830} INFO - Processing file /home/lucky/.local/lib/python3.10/site-packages/airflow/example_dags/example_bash_operator.py for tasks to queue
[2024-03-09T04:35:02.871+0530] {logging_mixin.py:188} INFO - [2024-03-09T04:35:02.870+0530] {dagbag.py:538} INFO - Filling up the DagBag from /home/lucky/.local/lib/python3.10/site-packages/airflow/example_dags/example_bash_operator.py
[2024-03-09T04:35:02.911+0530] {processor.py:840} INFO - DAG(s) 'example_bash_operator' retrieved from /home/lucky/.local/lib/python3.10/site-packages/airflow/example_dags/example_bash_operator.py
[2024-03-09T04:35:02.987+0530] {logging_mixin.py:188} INFO - [2024-03-09T04:35:02.986+0530] {dag.py:3036} INFO - Sync 1 DAGs
[2024-03-09T04:35:03.047+0530] {logging_mixin.py:188} INFO - [2024-03-09T04:35:03.046+0530] {dag.py:3823} INFO - Setting next_dagrun for example_bash_operator to 2024-03-07 00:00:00+00:00, run_after=2024-03-08 00:00:00+00:00
[2024-03-09T04:35:03.136+0530] {processor.py:183} INFO - Processing /home/lucky/.local/lib/python3.10/site-packages/airflow/example_dags/example_bash_operator.py took 0.277 seconds
[2024-03-09T04:36:16.096+0530] {processor.py:161} INFO - Started process (PID=6091) to work on /home/lucky/.local/lib/python3.10/site-packages/airflow/example_dags/example_bash_operator.py
[2024-03-09T04:36:16.110+0530] {processor.py:830} INFO - Processing file /home/lucky/.local/lib/python3.10/site-packages/airflow/example_dags/example_bash_operator.py for tasks to queue
[2024-03-09T04:36:16.112+0530] {logging_mixin.py:188} INFO - [2024-03-09T04:36:16.112+0530] {dagbag.py:538} INFO - Filling up the DagBag from /home/lucky/.local/lib/python3.10/site-packages/airflow/example_dags/example_bash_operator.py
[2024-03-09T04:36:16.137+0530] {processor.py:840} INFO - DAG(s) 'example_bash_operator' retrieved from /home/lucky/.local/lib/python3.10/site-packages/airflow/example_dags/example_bash_operator.py
[2024-03-09T04:36:16.195+0530] {logging_mixin.py:188} INFO - [2024-03-09T04:36:16.194+0530] {dag.py:3036} INFO - Sync 1 DAGs
[2024-03-09T04:36:16.253+0530] {logging_mixin.py:188} INFO - [2024-03-09T04:36:16.252+0530] {dag.py:3823} INFO - Setting next_dagrun for example_bash_operator to 2024-03-07 00:00:00+00:00, run_after=2024-03-08 00:00:00+00:00
[2024-03-09T04:36:16.312+0530] {processor.py:183} INFO - Processing /home/lucky/.local/lib/python3.10/site-packages/airflow/example_dags/example_bash_operator.py took 0.222 seconds
[2024-03-09T04:37:21.856+0530] {processor.py:161} INFO - Started process (PID=7255) to work on /home/lucky/.local/lib/python3.10/site-packages/airflow/example_dags/example_bash_operator.py
[2024-03-09T04:37:21.870+0530] {processor.py:830} INFO - Processing file /home/lucky/.local/lib/python3.10/site-packages/airflow/example_dags/example_bash_operator.py for tasks to queue
[2024-03-09T04:37:21.873+0530] {logging_mixin.py:188} INFO - [2024-03-09T04:37:21.872+0530] {dagbag.py:538} INFO - Filling up the DagBag from /home/lucky/.local/lib/python3.10/site-packages/airflow/example_dags/example_bash_operator.py
[2024-03-09T04:37:21.912+0530] {processor.py:840} INFO - DAG(s) 'example_bash_operator' retrieved from /home/lucky/.local/lib/python3.10/site-packages/airflow/example_dags/example_bash_operator.py
[2024-03-09T04:37:21.979+0530] {logging_mixin.py:188} INFO - [2024-03-09T04:37:21.978+0530] {dag.py:3036} INFO - Sync 1 DAGs
[2024-03-09T04:37:22.056+0530] {logging_mixin.py:188} INFO - [2024-03-09T04:37:22.055+0530] {dag.py:3823} INFO - Setting next_dagrun for example_bash_operator to 2024-03-07 00:00:00+00:00, run_after=2024-03-08 00:00:00+00:00
[2024-03-09T04:37:22.139+0530] {processor.py:183} INFO - Processing /home/lucky/.local/lib/python3.10/site-packages/airflow/example_dags/example_bash_operator.py took 0.292 seconds
[2024-03-09T04:38:26.478+0530] {processor.py:161} INFO - Started process (PID=8044) to work on /home/lucky/.local/lib/python3.10/site-packages/airflow/example_dags/example_bash_operator.py
[2024-03-09T04:38:26.491+0530] {processor.py:830} INFO - Processing file /home/lucky/.local/lib/python3.10/site-packages/airflow/example_dags/example_bash_operator.py for tasks to queue
[2024-03-09T04:38:26.495+0530] {logging_mixin.py:188} INFO - [2024-03-09T04:38:26.493+0530] {dagbag.py:538} INFO - Filling up the DagBag from /home/lucky/.local/lib/python3.10/site-packages/airflow/example_dags/example_bash_operator.py
[2024-03-09T04:38:26.615+0530] {processor.py:840} INFO - DAG(s) 'example_bash_operator' retrieved from /home/lucky/.local/lib/python3.10/site-packages/airflow/example_dags/example_bash_operator.py
[2024-03-09T04:38:26.780+0530] {logging_mixin.py:188} INFO - [2024-03-09T04:38:26.779+0530] {dag.py:3036} INFO - Sync 1 DAGs
[2024-03-09T04:38:27.017+0530] {logging_mixin.py:188} INFO - [2024-03-09T04:38:27.005+0530] {dag.py:3823} INFO - Setting next_dagrun for example_bash_operator to 2024-03-07 00:00:00+00:00, run_after=2024-03-08 00:00:00+00:00
[2024-03-09T04:38:27.163+0530] {processor.py:183} INFO - Processing /home/lucky/.local/lib/python3.10/site-packages/airflow/example_dags/example_bash_operator.py took 0.716 seconds
