[2024-04-08T00:26:46.056+0530] {processor.py:161} INFO - Started process (PID=7837) to work on /home/lucky/.local/lib/python3.10/site-packages/airflow/example_dags/subdags/subdag.py
[2024-04-08T00:26:46.057+0530] {processor.py:830} INFO - Processing file /home/lucky/.local/lib/python3.10/site-packages/airflow/example_dags/subdags/subdag.py for tasks to queue
[2024-04-08T00:26:46.059+0530] {logging_mixin.py:188} INFO - [2024-04-08T00:26:46.058+0530] {dagbag.py:538} INFO - Filling up the DagBag from /home/lucky/.local/lib/python3.10/site-packages/airflow/example_dags/subdags/subdag.py
[2024-04-08T00:26:46.061+0530] {processor.py:842} WARNING - No viable dags retrieved from /home/lucky/.local/lib/python3.10/site-packages/airflow/example_dags/subdags/subdag.py
[2024-04-08T00:26:46.077+0530] {processor.py:183} INFO - Processing /home/lucky/.local/lib/python3.10/site-packages/airflow/example_dags/subdags/subdag.py took 0.023 seconds
[2024-04-08T00:27:48.994+0530] {processor.py:161} INFO - Started process (PID=8570) to work on /home/lucky/.local/lib/python3.10/site-packages/airflow/example_dags/subdags/subdag.py
[2024-04-08T00:27:48.997+0530] {processor.py:830} INFO - Processing file /home/lucky/.local/lib/python3.10/site-packages/airflow/example_dags/subdags/subdag.py for tasks to queue
[2024-04-08T00:27:48.999+0530] {logging_mixin.py:188} INFO - [2024-04-08T00:27:48.998+0530] {dagbag.py:538} INFO - Filling up the DagBag from /home/lucky/.local/lib/python3.10/site-packages/airflow/example_dags/subdags/subdag.py
[2024-04-08T00:27:49.003+0530] {processor.py:842} WARNING - No viable dags retrieved from /home/lucky/.local/lib/python3.10/site-packages/airflow/example_dags/subdags/subdag.py
[2024-04-08T00:27:49.023+0530] {processor.py:183} INFO - Processing /home/lucky/.local/lib/python3.10/site-packages/airflow/example_dags/subdags/subdag.py took 0.033 seconds
[2024-04-08T00:28:55.680+0530] {processor.py:161} INFO - Started process (PID=9591) to work on /home/lucky/.local/lib/python3.10/site-packages/airflow/example_dags/subdags/subdag.py
[2024-04-08T00:28:55.681+0530] {processor.py:830} INFO - Processing file /home/lucky/.local/lib/python3.10/site-packages/airflow/example_dags/subdags/subdag.py for tasks to queue
[2024-04-08T00:28:55.683+0530] {logging_mixin.py:188} INFO - [2024-04-08T00:28:55.682+0530] {dagbag.py:538} INFO - Filling up the DagBag from /home/lucky/.local/lib/python3.10/site-packages/airflow/example_dags/subdags/subdag.py
[2024-04-08T00:28:55.687+0530] {processor.py:842} WARNING - No viable dags retrieved from /home/lucky/.local/lib/python3.10/site-packages/airflow/example_dags/subdags/subdag.py
[2024-04-08T00:28:55.701+0530] {processor.py:183} INFO - Processing /home/lucky/.local/lib/python3.10/site-packages/airflow/example_dags/subdags/subdag.py took 0.025 seconds
[2024-04-08T00:30:02.664+0530] {processor.py:161} INFO - Started process (PID=10795) to work on /home/lucky/.local/lib/python3.10/site-packages/airflow/example_dags/subdags/subdag.py
[2024-04-08T00:30:02.666+0530] {processor.py:830} INFO - Processing file /home/lucky/.local/lib/python3.10/site-packages/airflow/example_dags/subdags/subdag.py for tasks to queue
[2024-04-08T00:30:02.668+0530] {logging_mixin.py:188} INFO - [2024-04-08T00:30:02.668+0530] {dagbag.py:538} INFO - Filling up the DagBag from /home/lucky/.local/lib/python3.10/site-packages/airflow/example_dags/subdags/subdag.py
[2024-04-08T00:30:02.671+0530] {processor.py:842} WARNING - No viable dags retrieved from /home/lucky/.local/lib/python3.10/site-packages/airflow/example_dags/subdags/subdag.py
[2024-04-08T00:30:02.696+0530] {processor.py:183} INFO - Processing /home/lucky/.local/lib/python3.10/site-packages/airflow/example_dags/subdags/subdag.py took 0.036 seconds
[2024-04-08T00:31:03.880+0530] {processor.py:161} INFO - Started process (PID=11526) to work on /home/lucky/.local/lib/python3.10/site-packages/airflow/example_dags/subdags/subdag.py
[2024-04-08T00:31:03.883+0530] {processor.py:830} INFO - Processing file /home/lucky/.local/lib/python3.10/site-packages/airflow/example_dags/subdags/subdag.py for tasks to queue
[2024-04-08T00:31:03.885+0530] {logging_mixin.py:188} INFO - [2024-04-08T00:31:03.884+0530] {dagbag.py:538} INFO - Filling up the DagBag from /home/lucky/.local/lib/python3.10/site-packages/airflow/example_dags/subdags/subdag.py
[2024-04-08T00:31:03.894+0530] {processor.py:842} WARNING - No viable dags retrieved from /home/lucky/.local/lib/python3.10/site-packages/airflow/example_dags/subdags/subdag.py
[2024-04-08T00:31:03.928+0530] {processor.py:183} INFO - Processing /home/lucky/.local/lib/python3.10/site-packages/airflow/example_dags/subdags/subdag.py took 0.063 seconds
[2024-04-08T00:32:12.704+0530] {processor.py:161} INFO - Started process (PID=12669) to work on /home/lucky/.local/lib/python3.10/site-packages/airflow/example_dags/subdags/subdag.py
[2024-04-08T00:32:12.717+0530] {processor.py:830} INFO - Processing file /home/lucky/.local/lib/python3.10/site-packages/airflow/example_dags/subdags/subdag.py for tasks to queue
[2024-04-08T00:32:12.718+0530] {logging_mixin.py:188} INFO - [2024-04-08T00:32:12.718+0530] {dagbag.py:538} INFO - Filling up the DagBag from /home/lucky/.local/lib/python3.10/site-packages/airflow/example_dags/subdags/subdag.py
[2024-04-08T00:32:12.721+0530] {processor.py:842} WARNING - No viable dags retrieved from /home/lucky/.local/lib/python3.10/site-packages/airflow/example_dags/subdags/subdag.py
[2024-04-08T00:32:12.750+0530] {processor.py:183} INFO - Processing /home/lucky/.local/lib/python3.10/site-packages/airflow/example_dags/subdags/subdag.py took 0.049 seconds
[2024-04-08T00:33:22.049+0530] {processor.py:161} INFO - Started process (PID=13776) to work on /home/lucky/.local/lib/python3.10/site-packages/airflow/example_dags/subdags/subdag.py
[2024-04-08T00:33:22.051+0530] {processor.py:830} INFO - Processing file /home/lucky/.local/lib/python3.10/site-packages/airflow/example_dags/subdags/subdag.py for tasks to queue
[2024-04-08T00:33:22.054+0530] {logging_mixin.py:188} INFO - [2024-04-08T00:33:22.053+0530] {dagbag.py:538} INFO - Filling up the DagBag from /home/lucky/.local/lib/python3.10/site-packages/airflow/example_dags/subdags/subdag.py
[2024-04-08T00:33:22.059+0530] {processor.py:842} WARNING - No viable dags retrieved from /home/lucky/.local/lib/python3.10/site-packages/airflow/example_dags/subdags/subdag.py
[2024-04-08T00:33:22.078+0530] {processor.py:183} INFO - Processing /home/lucky/.local/lib/python3.10/site-packages/airflow/example_dags/subdags/subdag.py took 0.035 seconds
[2024-04-08T00:34:43.631+0530] {processor.py:161} INFO - Started process (PID=14707) to work on /home/lucky/.local/lib/python3.10/site-packages/airflow/example_dags/subdags/subdag.py
[2024-04-08T00:34:43.634+0530] {processor.py:830} INFO - Processing file /home/lucky/.local/lib/python3.10/site-packages/airflow/example_dags/subdags/subdag.py for tasks to queue
[2024-04-08T00:34:43.636+0530] {logging_mixin.py:188} INFO - [2024-04-08T00:34:43.635+0530] {dagbag.py:538} INFO - Filling up the DagBag from /home/lucky/.local/lib/python3.10/site-packages/airflow/example_dags/subdags/subdag.py
[2024-04-08T00:34:43.642+0530] {processor.py:842} WARNING - No viable dags retrieved from /home/lucky/.local/lib/python3.10/site-packages/airflow/example_dags/subdags/subdag.py
[2024-04-08T00:34:43.662+0530] {processor.py:183} INFO - Processing /home/lucky/.local/lib/python3.10/site-packages/airflow/example_dags/subdags/subdag.py took 0.037 seconds
[2024-04-08T00:35:55.607+0530] {processor.py:161} INFO - Started process (PID=15842) to work on /home/lucky/.local/lib/python3.10/site-packages/airflow/example_dags/subdags/subdag.py
[2024-04-08T00:35:55.620+0530] {processor.py:830} INFO - Processing file /home/lucky/.local/lib/python3.10/site-packages/airflow/example_dags/subdags/subdag.py for tasks to queue
[2024-04-08T00:35:55.622+0530] {logging_mixin.py:188} INFO - [2024-04-08T00:35:55.622+0530] {dagbag.py:538} INFO - Filling up the DagBag from /home/lucky/.local/lib/python3.10/site-packages/airflow/example_dags/subdags/subdag.py
[2024-04-08T00:35:55.626+0530] {processor.py:842} WARNING - No viable dags retrieved from /home/lucky/.local/lib/python3.10/site-packages/airflow/example_dags/subdags/subdag.py
[2024-04-08T00:35:55.646+0530] {processor.py:183} INFO - Processing /home/lucky/.local/lib/python3.10/site-packages/airflow/example_dags/subdags/subdag.py took 0.045 seconds
[2024-04-08T00:36:56.466+0530] {processor.py:161} INFO - Started process (PID=16866) to work on /home/lucky/.local/lib/python3.10/site-packages/airflow/example_dags/subdags/subdag.py
[2024-04-08T00:36:56.480+0530] {processor.py:830} INFO - Processing file /home/lucky/.local/lib/python3.10/site-packages/airflow/example_dags/subdags/subdag.py for tasks to queue
[2024-04-08T00:36:56.482+0530] {logging_mixin.py:188} INFO - [2024-04-08T00:36:56.481+0530] {dagbag.py:538} INFO - Filling up the DagBag from /home/lucky/.local/lib/python3.10/site-packages/airflow/example_dags/subdags/subdag.py
[2024-04-08T00:36:56.490+0530] {processor.py:842} WARNING - No viable dags retrieved from /home/lucky/.local/lib/python3.10/site-packages/airflow/example_dags/subdags/subdag.py
[2024-04-08T00:36:56.512+0530] {processor.py:183} INFO - Processing /home/lucky/.local/lib/python3.10/site-packages/airflow/example_dags/subdags/subdag.py took 0.049 seconds
[2024-04-08T00:37:58.252+0530] {processor.py:161} INFO - Started process (PID=17654) to work on /home/lucky/.local/lib/python3.10/site-packages/airflow/example_dags/subdags/subdag.py
[2024-04-08T00:37:58.266+0530] {processor.py:830} INFO - Processing file /home/lucky/.local/lib/python3.10/site-packages/airflow/example_dags/subdags/subdag.py for tasks to queue
[2024-04-08T00:37:58.267+0530] {logging_mixin.py:188} INFO - [2024-04-08T00:37:58.267+0530] {dagbag.py:538} INFO - Filling up the DagBag from /home/lucky/.local/lib/python3.10/site-packages/airflow/example_dags/subdags/subdag.py
[2024-04-08T00:37:58.270+0530] {processor.py:842} WARNING - No viable dags retrieved from /home/lucky/.local/lib/python3.10/site-packages/airflow/example_dags/subdags/subdag.py
[2024-04-08T00:37:58.287+0530] {processor.py:183} INFO - Processing /home/lucky/.local/lib/python3.10/site-packages/airflow/example_dags/subdags/subdag.py took 0.039 seconds
[2024-04-08T00:39:00.046+0530] {processor.py:161} INFO - Started process (PID=18760) to work on /home/lucky/.local/lib/python3.10/site-packages/airflow/example_dags/subdags/subdag.py
[2024-04-08T00:39:00.049+0530] {processor.py:830} INFO - Processing file /home/lucky/.local/lib/python3.10/site-packages/airflow/example_dags/subdags/subdag.py for tasks to queue
[2024-04-08T00:39:00.051+0530] {logging_mixin.py:188} INFO - [2024-04-08T00:39:00.050+0530] {dagbag.py:538} INFO - Filling up the DagBag from /home/lucky/.local/lib/python3.10/site-packages/airflow/example_dags/subdags/subdag.py
[2024-04-08T00:39:00.055+0530] {processor.py:842} WARNING - No viable dags retrieved from /home/lucky/.local/lib/python3.10/site-packages/airflow/example_dags/subdags/subdag.py
[2024-04-08T00:39:00.075+0530] {processor.py:183} INFO - Processing /home/lucky/.local/lib/python3.10/site-packages/airflow/example_dags/subdags/subdag.py took 0.038 seconds
[2024-04-08T00:40:07.093+0530] {processor.py:161} INFO - Started process (PID=19860) to work on /home/lucky/.local/lib/python3.10/site-packages/airflow/example_dags/subdags/subdag.py
[2024-04-08T00:40:07.106+0530] {processor.py:830} INFO - Processing file /home/lucky/.local/lib/python3.10/site-packages/airflow/example_dags/subdags/subdag.py for tasks to queue
[2024-04-08T00:40:07.107+0530] {logging_mixin.py:188} INFO - [2024-04-08T00:40:07.107+0530] {dagbag.py:538} INFO - Filling up the DagBag from /home/lucky/.local/lib/python3.10/site-packages/airflow/example_dags/subdags/subdag.py
[2024-04-08T00:40:07.110+0530] {processor.py:842} WARNING - No viable dags retrieved from /home/lucky/.local/lib/python3.10/site-packages/airflow/example_dags/subdags/subdag.py
[2024-04-08T00:40:07.130+0530] {processor.py:183} INFO - Processing /home/lucky/.local/lib/python3.10/site-packages/airflow/example_dags/subdags/subdag.py took 0.041 seconds
[2024-04-08T00:41:21.762+0530] {processor.py:161} INFO - Started process (PID=20724) to work on /home/lucky/.local/lib/python3.10/site-packages/airflow/example_dags/subdags/subdag.py
[2024-04-08T00:41:21.764+0530] {processor.py:830} INFO - Processing file /home/lucky/.local/lib/python3.10/site-packages/airflow/example_dags/subdags/subdag.py for tasks to queue
[2024-04-08T00:41:21.766+0530] {logging_mixin.py:188} INFO - [2024-04-08T00:41:21.765+0530] {dagbag.py:538} INFO - Filling up the DagBag from /home/lucky/.local/lib/python3.10/site-packages/airflow/example_dags/subdags/subdag.py
[2024-04-08T00:41:21.768+0530] {processor.py:842} WARNING - No viable dags retrieved from /home/lucky/.local/lib/python3.10/site-packages/airflow/example_dags/subdags/subdag.py
[2024-04-08T00:41:21.784+0530] {processor.py:183} INFO - Processing /home/lucky/.local/lib/python3.10/site-packages/airflow/example_dags/subdags/subdag.py took 0.025 seconds
[2024-04-08T00:42:27.847+0530] {processor.py:161} INFO - Started process (PID=21842) to work on /home/lucky/.local/lib/python3.10/site-packages/airflow/example_dags/subdags/subdag.py
[2024-04-08T00:42:27.859+0530] {processor.py:830} INFO - Processing file /home/lucky/.local/lib/python3.10/site-packages/airflow/example_dags/subdags/subdag.py for tasks to queue
[2024-04-08T00:42:27.860+0530] {logging_mixin.py:188} INFO - [2024-04-08T00:42:27.860+0530] {dagbag.py:538} INFO - Filling up the DagBag from /home/lucky/.local/lib/python3.10/site-packages/airflow/example_dags/subdags/subdag.py
[2024-04-08T00:42:27.865+0530] {processor.py:842} WARNING - No viable dags retrieved from /home/lucky/.local/lib/python3.10/site-packages/airflow/example_dags/subdags/subdag.py
[2024-04-08T00:42:27.884+0530] {processor.py:183} INFO - Processing /home/lucky/.local/lib/python3.10/site-packages/airflow/example_dags/subdags/subdag.py took 0.042 seconds
[2024-04-08T00:43:31.767+0530] {processor.py:161} INFO - Started process (PID=22891) to work on /home/lucky/.local/lib/python3.10/site-packages/airflow/example_dags/subdags/subdag.py
[2024-04-08T00:43:31.780+0530] {processor.py:830} INFO - Processing file /home/lucky/.local/lib/python3.10/site-packages/airflow/example_dags/subdags/subdag.py for tasks to queue
[2024-04-08T00:43:31.782+0530] {logging_mixin.py:188} INFO - [2024-04-08T00:43:31.782+0530] {dagbag.py:538} INFO - Filling up the DagBag from /home/lucky/.local/lib/python3.10/site-packages/airflow/example_dags/subdags/subdag.py
[2024-04-08T00:43:31.786+0530] {processor.py:842} WARNING - No viable dags retrieved from /home/lucky/.local/lib/python3.10/site-packages/airflow/example_dags/subdags/subdag.py
[2024-04-08T00:43:31.800+0530] {processor.py:183} INFO - Processing /home/lucky/.local/lib/python3.10/site-packages/airflow/example_dags/subdags/subdag.py took 0.038 seconds
[2024-04-08T00:44:27.425+0530] {processor.py:161} INFO - Started process (PID=23566) to work on /home/lucky/.local/lib/python3.10/site-packages/airflow/example_dags/subdags/subdag.py
[2024-04-08T00:44:27.427+0530] {processor.py:830} INFO - Processing file /home/lucky/.local/lib/python3.10/site-packages/airflow/example_dags/subdags/subdag.py for tasks to queue
[2024-04-08T00:44:27.429+0530] {logging_mixin.py:188} INFO - [2024-04-08T00:44:27.429+0530] {dagbag.py:538} INFO - Filling up the DagBag from /home/lucky/.local/lib/python3.10/site-packages/airflow/example_dags/subdags/subdag.py
[2024-04-08T00:44:27.433+0530] {processor.py:842} WARNING - No viable dags retrieved from /home/lucky/.local/lib/python3.10/site-packages/airflow/example_dags/subdags/subdag.py
[2024-04-08T00:44:27.450+0530] {processor.py:183} INFO - Processing /home/lucky/.local/lib/python3.10/site-packages/airflow/example_dags/subdags/subdag.py took 0.031 seconds
[2024-04-08T00:45:18.605+0530] {processor.py:161} INFO - Started process (PID=24433) to work on /home/lucky/.local/lib/python3.10/site-packages/airflow/example_dags/subdags/subdag.py
[2024-04-08T00:45:18.610+0530] {processor.py:830} INFO - Processing file /home/lucky/.local/lib/python3.10/site-packages/airflow/example_dags/subdags/subdag.py for tasks to queue
[2024-04-08T00:45:18.612+0530] {logging_mixin.py:188} INFO - [2024-04-08T00:45:18.611+0530] {dagbag.py:538} INFO - Filling up the DagBag from /home/lucky/.local/lib/python3.10/site-packages/airflow/example_dags/subdags/subdag.py
[2024-04-08T00:45:18.616+0530] {processor.py:842} WARNING - No viable dags retrieved from /home/lucky/.local/lib/python3.10/site-packages/airflow/example_dags/subdags/subdag.py
[2024-04-08T00:45:18.637+0530] {processor.py:183} INFO - Processing /home/lucky/.local/lib/python3.10/site-packages/airflow/example_dags/subdags/subdag.py took 0.037 seconds
[2024-04-08T00:46:10.387+0530] {processor.py:161} INFO - Started process (PID=25099) to work on /home/lucky/.local/lib/python3.10/site-packages/airflow/example_dags/subdags/subdag.py
[2024-04-08T00:46:10.389+0530] {processor.py:830} INFO - Processing file /home/lucky/.local/lib/python3.10/site-packages/airflow/example_dags/subdags/subdag.py for tasks to queue
[2024-04-08T00:46:10.391+0530] {logging_mixin.py:188} INFO - [2024-04-08T00:46:10.390+0530] {dagbag.py:538} INFO - Filling up the DagBag from /home/lucky/.local/lib/python3.10/site-packages/airflow/example_dags/subdags/subdag.py
[2024-04-08T00:46:10.394+0530] {processor.py:842} WARNING - No viable dags retrieved from /home/lucky/.local/lib/python3.10/site-packages/airflow/example_dags/subdags/subdag.py
[2024-04-08T00:46:10.405+0530] {processor.py:183} INFO - Processing /home/lucky/.local/lib/python3.10/site-packages/airflow/example_dags/subdags/subdag.py took 0.022 seconds
[2024-04-08T00:47:07.770+0530] {processor.py:161} INFO - Started process (PID=26049) to work on /home/lucky/.local/lib/python3.10/site-packages/airflow/example_dags/subdags/subdag.py
[2024-04-08T00:47:07.771+0530] {processor.py:830} INFO - Processing file /home/lucky/.local/lib/python3.10/site-packages/airflow/example_dags/subdags/subdag.py for tasks to queue
[2024-04-08T00:47:07.772+0530] {logging_mixin.py:188} INFO - [2024-04-08T00:47:07.772+0530] {dagbag.py:538} INFO - Filling up the DagBag from /home/lucky/.local/lib/python3.10/site-packages/airflow/example_dags/subdags/subdag.py
[2024-04-08T00:47:07.774+0530] {processor.py:842} WARNING - No viable dags retrieved from /home/lucky/.local/lib/python3.10/site-packages/airflow/example_dags/subdags/subdag.py
[2024-04-08T00:47:07.782+0530] {processor.py:183} INFO - Processing /home/lucky/.local/lib/python3.10/site-packages/airflow/example_dags/subdags/subdag.py took 0.016 seconds
[2024-04-08T00:48:04.343+0530] {processor.py:161} INFO - Started process (PID=27001) to work on /home/lucky/.local/lib/python3.10/site-packages/airflow/example_dags/subdags/subdag.py
[2024-04-08T00:48:04.354+0530] {processor.py:830} INFO - Processing file /home/lucky/.local/lib/python3.10/site-packages/airflow/example_dags/subdags/subdag.py for tasks to queue
[2024-04-08T00:48:04.356+0530] {logging_mixin.py:188} INFO - [2024-04-08T00:48:04.355+0530] {dagbag.py:538} INFO - Filling up the DagBag from /home/lucky/.local/lib/python3.10/site-packages/airflow/example_dags/subdags/subdag.py
[2024-04-08T00:48:04.358+0530] {processor.py:842} WARNING - No viable dags retrieved from /home/lucky/.local/lib/python3.10/site-packages/airflow/example_dags/subdags/subdag.py
[2024-04-08T00:48:04.369+0530] {processor.py:183} INFO - Processing /home/lucky/.local/lib/python3.10/site-packages/airflow/example_dags/subdags/subdag.py took 0.029 seconds
[2024-04-08T00:48:53.331+0530] {processor.py:161} INFO - Started process (PID=27595) to work on /home/lucky/.local/lib/python3.10/site-packages/airflow/example_dags/subdags/subdag.py
[2024-04-08T00:48:53.332+0530] {processor.py:830} INFO - Processing file /home/lucky/.local/lib/python3.10/site-packages/airflow/example_dags/subdags/subdag.py for tasks to queue
[2024-04-08T00:48:53.333+0530] {logging_mixin.py:188} INFO - [2024-04-08T00:48:53.333+0530] {dagbag.py:538} INFO - Filling up the DagBag from /home/lucky/.local/lib/python3.10/site-packages/airflow/example_dags/subdags/subdag.py
[2024-04-08T00:48:53.335+0530] {processor.py:842} WARNING - No viable dags retrieved from /home/lucky/.local/lib/python3.10/site-packages/airflow/example_dags/subdags/subdag.py
[2024-04-08T00:48:53.344+0530] {processor.py:183} INFO - Processing /home/lucky/.local/lib/python3.10/site-packages/airflow/example_dags/subdags/subdag.py took 0.016 seconds
[2024-04-08T00:49:43.049+0530] {processor.py:161} INFO - Started process (PID=28455) to work on /home/lucky/.local/lib/python3.10/site-packages/airflow/example_dags/subdags/subdag.py
[2024-04-08T00:49:43.051+0530] {processor.py:830} INFO - Processing file /home/lucky/.local/lib/python3.10/site-packages/airflow/example_dags/subdags/subdag.py for tasks to queue
[2024-04-08T00:49:43.052+0530] {logging_mixin.py:188} INFO - [2024-04-08T00:49:43.052+0530] {dagbag.py:538} INFO - Filling up the DagBag from /home/lucky/.local/lib/python3.10/site-packages/airflow/example_dags/subdags/subdag.py
[2024-04-08T00:49:43.054+0530] {processor.py:842} WARNING - No viable dags retrieved from /home/lucky/.local/lib/python3.10/site-packages/airflow/example_dags/subdags/subdag.py
[2024-04-08T00:49:43.064+0530] {processor.py:183} INFO - Processing /home/lucky/.local/lib/python3.10/site-packages/airflow/example_dags/subdags/subdag.py took 0.017 seconds
[2024-04-08T00:50:30.668+0530] {processor.py:161} INFO - Started process (PID=29048) to work on /home/lucky/.local/lib/python3.10/site-packages/airflow/example_dags/subdags/subdag.py
[2024-04-08T00:50:30.670+0530] {processor.py:830} INFO - Processing file /home/lucky/.local/lib/python3.10/site-packages/airflow/example_dags/subdags/subdag.py for tasks to queue
[2024-04-08T00:50:30.671+0530] {logging_mixin.py:188} INFO - [2024-04-08T00:50:30.671+0530] {dagbag.py:538} INFO - Filling up the DagBag from /home/lucky/.local/lib/python3.10/site-packages/airflow/example_dags/subdags/subdag.py
[2024-04-08T00:50:30.673+0530] {processor.py:842} WARNING - No viable dags retrieved from /home/lucky/.local/lib/python3.10/site-packages/airflow/example_dags/subdags/subdag.py
[2024-04-08T00:50:30.685+0530] {processor.py:183} INFO - Processing /home/lucky/.local/lib/python3.10/site-packages/airflow/example_dags/subdags/subdag.py took 0.020 seconds
[2024-04-08T00:51:26.866+0530] {processor.py:161} INFO - Started process (PID=29982) to work on /home/lucky/.local/lib/python3.10/site-packages/airflow/example_dags/subdags/subdag.py
[2024-04-08T00:51:26.869+0530] {processor.py:830} INFO - Processing file /home/lucky/.local/lib/python3.10/site-packages/airflow/example_dags/subdags/subdag.py for tasks to queue
[2024-04-08T00:51:26.871+0530] {logging_mixin.py:188} INFO - [2024-04-08T00:51:26.870+0530] {dagbag.py:538} INFO - Filling up the DagBag from /home/lucky/.local/lib/python3.10/site-packages/airflow/example_dags/subdags/subdag.py
[2024-04-08T00:51:26.876+0530] {processor.py:842} WARNING - No viable dags retrieved from /home/lucky/.local/lib/python3.10/site-packages/airflow/example_dags/subdags/subdag.py
[2024-04-08T00:51:26.899+0530] {processor.py:183} INFO - Processing /home/lucky/.local/lib/python3.10/site-packages/airflow/example_dags/subdags/subdag.py took 0.039 seconds
[2024-04-08T00:52:22.508+0530] {processor.py:161} INFO - Started process (PID=30906) to work on /home/lucky/.local/lib/python3.10/site-packages/airflow/example_dags/subdags/subdag.py
[2024-04-08T00:52:22.510+0530] {processor.py:830} INFO - Processing file /home/lucky/.local/lib/python3.10/site-packages/airflow/example_dags/subdags/subdag.py for tasks to queue
[2024-04-08T00:52:22.512+0530] {logging_mixin.py:188} INFO - [2024-04-08T00:52:22.511+0530] {dagbag.py:538} INFO - Filling up the DagBag from /home/lucky/.local/lib/python3.10/site-packages/airflow/example_dags/subdags/subdag.py
[2024-04-08T00:52:22.516+0530] {processor.py:842} WARNING - No viable dags retrieved from /home/lucky/.local/lib/python3.10/site-packages/airflow/example_dags/subdags/subdag.py
[2024-04-08T00:52:22.532+0530] {processor.py:183} INFO - Processing /home/lucky/.local/lib/python3.10/site-packages/airflow/example_dags/subdags/subdag.py took 0.031 seconds
[2024-04-08T00:53:17.339+0530] {processor.py:161} INFO - Started process (PID=31575) to work on /home/lucky/.local/lib/python3.10/site-packages/airflow/example_dags/subdags/subdag.py
[2024-04-08T00:53:17.350+0530] {processor.py:830} INFO - Processing file /home/lucky/.local/lib/python3.10/site-packages/airflow/example_dags/subdags/subdag.py for tasks to queue
[2024-04-08T00:53:17.352+0530] {logging_mixin.py:188} INFO - [2024-04-08T00:53:17.352+0530] {dagbag.py:538} INFO - Filling up the DagBag from /home/lucky/.local/lib/python3.10/site-packages/airflow/example_dags/subdags/subdag.py
[2024-04-08T00:53:17.358+0530] {processor.py:842} WARNING - No viable dags retrieved from /home/lucky/.local/lib/python3.10/site-packages/airflow/example_dags/subdags/subdag.py
[2024-04-08T00:53:17.410+0530] {processor.py:183} INFO - Processing /home/lucky/.local/lib/python3.10/site-packages/airflow/example_dags/subdags/subdag.py took 0.085 seconds
[2024-04-08T00:54:14.413+0530] {processor.py:161} INFO - Started process (PID=32486) to work on /home/lucky/.local/lib/python3.10/site-packages/airflow/example_dags/subdags/subdag.py
[2024-04-08T00:54:14.415+0530] {processor.py:830} INFO - Processing file /home/lucky/.local/lib/python3.10/site-packages/airflow/example_dags/subdags/subdag.py for tasks to queue
[2024-04-08T00:54:14.416+0530] {logging_mixin.py:188} INFO - [2024-04-08T00:54:14.415+0530] {dagbag.py:538} INFO - Filling up the DagBag from /home/lucky/.local/lib/python3.10/site-packages/airflow/example_dags/subdags/subdag.py
[2024-04-08T00:54:14.419+0530] {processor.py:842} WARNING - No viable dags retrieved from /home/lucky/.local/lib/python3.10/site-packages/airflow/example_dags/subdags/subdag.py
[2024-04-08T00:54:14.433+0530] {processor.py:183} INFO - Processing /home/lucky/.local/lib/python3.10/site-packages/airflow/example_dags/subdags/subdag.py took 0.024 seconds
[2024-04-08T00:55:04.249+0530] {processor.py:161} INFO - Started process (PID=33115) to work on /home/lucky/.local/lib/python3.10/site-packages/airflow/example_dags/subdags/subdag.py
[2024-04-08T00:55:04.252+0530] {processor.py:830} INFO - Processing file /home/lucky/.local/lib/python3.10/site-packages/airflow/example_dags/subdags/subdag.py for tasks to queue
[2024-04-08T00:55:04.258+0530] {logging_mixin.py:188} INFO - [2024-04-08T00:55:04.257+0530] {dagbag.py:538} INFO - Filling up the DagBag from /home/lucky/.local/lib/python3.10/site-packages/airflow/example_dags/subdags/subdag.py
[2024-04-08T00:55:04.266+0530] {processor.py:842} WARNING - No viable dags retrieved from /home/lucky/.local/lib/python3.10/site-packages/airflow/example_dags/subdags/subdag.py
[2024-04-08T00:55:04.300+0530] {processor.py:183} INFO - Processing /home/lucky/.local/lib/python3.10/site-packages/airflow/example_dags/subdags/subdag.py took 0.064 seconds
[2024-04-08T00:55:54.227+0530] {processor.py:161} INFO - Started process (PID=33986) to work on /home/lucky/.local/lib/python3.10/site-packages/airflow/example_dags/subdags/subdag.py
[2024-04-08T00:55:54.228+0530] {processor.py:830} INFO - Processing file /home/lucky/.local/lib/python3.10/site-packages/airflow/example_dags/subdags/subdag.py for tasks to queue
[2024-04-08T00:55:54.230+0530] {logging_mixin.py:188} INFO - [2024-04-08T00:55:54.229+0530] {dagbag.py:538} INFO - Filling up the DagBag from /home/lucky/.local/lib/python3.10/site-packages/airflow/example_dags/subdags/subdag.py
[2024-04-08T00:55:54.232+0530] {processor.py:842} WARNING - No viable dags retrieved from /home/lucky/.local/lib/python3.10/site-packages/airflow/example_dags/subdags/subdag.py
[2024-04-08T00:55:54.242+0530] {processor.py:183} INFO - Processing /home/lucky/.local/lib/python3.10/site-packages/airflow/example_dags/subdags/subdag.py took 0.019 seconds
[2024-04-08T00:56:39.200+0530] {processor.py:161} INFO - Started process (PID=34840) to work on /home/lucky/.local/lib/python3.10/site-packages/airflow/example_dags/subdags/subdag.py
[2024-04-08T00:56:39.201+0530] {processor.py:830} INFO - Processing file /home/lucky/.local/lib/python3.10/site-packages/airflow/example_dags/subdags/subdag.py for tasks to queue
[2024-04-08T00:56:39.202+0530] {logging_mixin.py:188} INFO - [2024-04-08T00:56:39.202+0530] {dagbag.py:538} INFO - Filling up the DagBag from /home/lucky/.local/lib/python3.10/site-packages/airflow/example_dags/subdags/subdag.py
[2024-04-08T00:56:39.204+0530] {processor.py:842} WARNING - No viable dags retrieved from /home/lucky/.local/lib/python3.10/site-packages/airflow/example_dags/subdags/subdag.py
[2024-04-08T00:56:39.213+0530] {processor.py:183} INFO - Processing /home/lucky/.local/lib/python3.10/site-packages/airflow/example_dags/subdags/subdag.py took 0.016 seconds
[2024-04-08T00:57:28.805+0530] {processor.py:161} INFO - Started process (PID=35464) to work on /home/lucky/.local/lib/python3.10/site-packages/airflow/example_dags/subdags/subdag.py
[2024-04-08T00:57:28.807+0530] {processor.py:830} INFO - Processing file /home/lucky/.local/lib/python3.10/site-packages/airflow/example_dags/subdags/subdag.py for tasks to queue
[2024-04-08T00:57:28.808+0530] {logging_mixin.py:188} INFO - [2024-04-08T00:57:28.808+0530] {dagbag.py:538} INFO - Filling up the DagBag from /home/lucky/.local/lib/python3.10/site-packages/airflow/example_dags/subdags/subdag.py
[2024-04-08T00:57:28.810+0530] {processor.py:842} WARNING - No viable dags retrieved from /home/lucky/.local/lib/python3.10/site-packages/airflow/example_dags/subdags/subdag.py
[2024-04-08T00:57:28.824+0530] {processor.py:183} INFO - Processing /home/lucky/.local/lib/python3.10/site-packages/airflow/example_dags/subdags/subdag.py took 0.022 seconds
[2024-04-08T00:58:44.846+0530] {processor.py:161} INFO - Started process (PID=36577) to work on /home/lucky/.local/lib/python3.10/site-packages/airflow/example_dags/subdags/subdag.py
[2024-04-08T00:58:44.847+0530] {processor.py:830} INFO - Processing file /home/lucky/.local/lib/python3.10/site-packages/airflow/example_dags/subdags/subdag.py for tasks to queue
[2024-04-08T00:58:44.849+0530] {logging_mixin.py:188} INFO - [2024-04-08T00:58:44.848+0530] {dagbag.py:538} INFO - Filling up the DagBag from /home/lucky/.local/lib/python3.10/site-packages/airflow/example_dags/subdags/subdag.py
[2024-04-08T00:58:44.851+0530] {processor.py:842} WARNING - No viable dags retrieved from /home/lucky/.local/lib/python3.10/site-packages/airflow/example_dags/subdags/subdag.py
[2024-04-08T00:58:44.866+0530] {processor.py:183} INFO - Processing /home/lucky/.local/lib/python3.10/site-packages/airflow/example_dags/subdags/subdag.py took 0.023 seconds
[2024-04-08T01:18:03.005+0530] {processor.py:161} INFO - Started process (PID=54444) to work on /home/lucky/.local/lib/python3.10/site-packages/airflow/example_dags/subdags/subdag.py
[2024-04-08T01:18:03.008+0530] {processor.py:830} INFO - Processing file /home/lucky/.local/lib/python3.10/site-packages/airflow/example_dags/subdags/subdag.py for tasks to queue
[2024-04-08T01:18:03.010+0530] {logging_mixin.py:188} INFO - [2024-04-08T01:18:03.009+0530] {dagbag.py:538} INFO - Filling up the DagBag from /home/lucky/.local/lib/python3.10/site-packages/airflow/example_dags/subdags/subdag.py
[2024-04-08T01:18:03.014+0530] {processor.py:842} WARNING - No viable dags retrieved from /home/lucky/.local/lib/python3.10/site-packages/airflow/example_dags/subdags/subdag.py
[2024-04-08T01:18:03.029+0530] {processor.py:183} INFO - Processing /home/lucky/.local/lib/python3.10/site-packages/airflow/example_dags/subdags/subdag.py took 0.029 seconds
[2024-04-08T01:18:58.028+0530] {processor.py:161} INFO - Started process (PID=55345) to work on /home/lucky/.local/lib/python3.10/site-packages/airflow/example_dags/subdags/subdag.py
[2024-04-08T01:18:58.031+0530] {processor.py:830} INFO - Processing file /home/lucky/.local/lib/python3.10/site-packages/airflow/example_dags/subdags/subdag.py for tasks to queue
[2024-04-08T01:18:58.034+0530] {logging_mixin.py:188} INFO - [2024-04-08T01:18:58.033+0530] {dagbag.py:538} INFO - Filling up the DagBag from /home/lucky/.local/lib/python3.10/site-packages/airflow/example_dags/subdags/subdag.py
[2024-04-08T01:18:58.038+0530] {processor.py:842} WARNING - No viable dags retrieved from /home/lucky/.local/lib/python3.10/site-packages/airflow/example_dags/subdags/subdag.py
[2024-04-08T01:18:58.058+0530] {processor.py:183} INFO - Processing /home/lucky/.local/lib/python3.10/site-packages/airflow/example_dags/subdags/subdag.py took 0.042 seconds
[2024-04-08T01:19:52.162+0530] {processor.py:161} INFO - Started process (PID=56295) to work on /home/lucky/.local/lib/python3.10/site-packages/airflow/example_dags/subdags/subdag.py
[2024-04-08T01:19:52.164+0530] {processor.py:830} INFO - Processing file /home/lucky/.local/lib/python3.10/site-packages/airflow/example_dags/subdags/subdag.py for tasks to queue
[2024-04-08T01:19:52.165+0530] {logging_mixin.py:188} INFO - [2024-04-08T01:19:52.164+0530] {dagbag.py:538} INFO - Filling up the DagBag from /home/lucky/.local/lib/python3.10/site-packages/airflow/example_dags/subdags/subdag.py
[2024-04-08T01:19:52.167+0530] {processor.py:842} WARNING - No viable dags retrieved from /home/lucky/.local/lib/python3.10/site-packages/airflow/example_dags/subdags/subdag.py
[2024-04-08T01:19:52.179+0530] {processor.py:183} INFO - Processing /home/lucky/.local/lib/python3.10/site-packages/airflow/example_dags/subdags/subdag.py took 0.020 seconds
[2024-04-08T01:20:40.981+0530] {processor.py:161} INFO - Started process (PID=56862) to work on /home/lucky/.local/lib/python3.10/site-packages/airflow/example_dags/subdags/subdag.py
[2024-04-08T01:20:40.991+0530] {processor.py:830} INFO - Processing file /home/lucky/.local/lib/python3.10/site-packages/airflow/example_dags/subdags/subdag.py for tasks to queue
[2024-04-08T01:20:40.995+0530] {logging_mixin.py:188} INFO - [2024-04-08T01:20:40.994+0530] {dagbag.py:538} INFO - Filling up the DagBag from /home/lucky/.local/lib/python3.10/site-packages/airflow/example_dags/subdags/subdag.py
[2024-04-08T01:20:41.000+0530] {processor.py:842} WARNING - No viable dags retrieved from /home/lucky/.local/lib/python3.10/site-packages/airflow/example_dags/subdags/subdag.py
[2024-04-08T01:20:41.052+0530] {processor.py:183} INFO - Processing /home/lucky/.local/lib/python3.10/site-packages/airflow/example_dags/subdags/subdag.py took 0.082 seconds
[2024-04-08T01:21:29.916+0530] {processor.py:161} INFO - Started process (PID=57693) to work on /home/lucky/.local/lib/python3.10/site-packages/airflow/example_dags/subdags/subdag.py
[2024-04-08T01:21:29.917+0530] {processor.py:830} INFO - Processing file /home/lucky/.local/lib/python3.10/site-packages/airflow/example_dags/subdags/subdag.py for tasks to queue
[2024-04-08T01:21:29.918+0530] {logging_mixin.py:188} INFO - [2024-04-08T01:21:29.918+0530] {dagbag.py:538} INFO - Filling up the DagBag from /home/lucky/.local/lib/python3.10/site-packages/airflow/example_dags/subdags/subdag.py
[2024-04-08T01:21:29.920+0530] {processor.py:842} WARNING - No viable dags retrieved from /home/lucky/.local/lib/python3.10/site-packages/airflow/example_dags/subdags/subdag.py
[2024-04-08T01:21:29.935+0530] {processor.py:183} INFO - Processing /home/lucky/.local/lib/python3.10/site-packages/airflow/example_dags/subdags/subdag.py took 0.023 seconds
[2024-04-08T01:22:22.078+0530] {processor.py:161} INFO - Started process (PID=58378) to work on /home/lucky/.local/lib/python3.10/site-packages/airflow/example_dags/subdags/subdag.py
[2024-04-08T01:22:22.090+0530] {processor.py:830} INFO - Processing file /home/lucky/.local/lib/python3.10/site-packages/airflow/example_dags/subdags/subdag.py for tasks to queue
[2024-04-08T01:22:22.092+0530] {logging_mixin.py:188} INFO - [2024-04-08T01:22:22.091+0530] {dagbag.py:538} INFO - Filling up the DagBag from /home/lucky/.local/lib/python3.10/site-packages/airflow/example_dags/subdags/subdag.py
[2024-04-08T01:22:22.095+0530] {processor.py:842} WARNING - No viable dags retrieved from /home/lucky/.local/lib/python3.10/site-packages/airflow/example_dags/subdags/subdag.py
[2024-04-08T01:22:22.112+0530] {processor.py:183} INFO - Processing /home/lucky/.local/lib/python3.10/site-packages/airflow/example_dags/subdags/subdag.py took 0.039 seconds
[2024-04-08T01:23:11.351+0530] {processor.py:161} INFO - Started process (PID=59219) to work on /home/lucky/.local/lib/python3.10/site-packages/airflow/example_dags/subdags/subdag.py
[2024-04-08T01:23:11.353+0530] {processor.py:830} INFO - Processing file /home/lucky/.local/lib/python3.10/site-packages/airflow/example_dags/subdags/subdag.py for tasks to queue
[2024-04-08T01:23:11.355+0530] {logging_mixin.py:188} INFO - [2024-04-08T01:23:11.354+0530] {dagbag.py:538} INFO - Filling up the DagBag from /home/lucky/.local/lib/python3.10/site-packages/airflow/example_dags/subdags/subdag.py
[2024-04-08T01:23:11.358+0530] {processor.py:842} WARNING - No viable dags retrieved from /home/lucky/.local/lib/python3.10/site-packages/airflow/example_dags/subdags/subdag.py
[2024-04-08T01:23:11.379+0530] {processor.py:183} INFO - Processing /home/lucky/.local/lib/python3.10/site-packages/airflow/example_dags/subdags/subdag.py took 0.034 seconds
[2024-04-08T01:23:56.657+0530] {processor.py:161} INFO - Started process (PID=59766) to work on /home/lucky/.local/lib/python3.10/site-packages/airflow/example_dags/subdags/subdag.py
[2024-04-08T01:23:56.659+0530] {processor.py:830} INFO - Processing file /home/lucky/.local/lib/python3.10/site-packages/airflow/example_dags/subdags/subdag.py for tasks to queue
[2024-04-08T01:23:56.662+0530] {logging_mixin.py:188} INFO - [2024-04-08T01:23:56.661+0530] {dagbag.py:538} INFO - Filling up the DagBag from /home/lucky/.local/lib/python3.10/site-packages/airflow/example_dags/subdags/subdag.py
[2024-04-08T01:23:56.664+0530] {processor.py:842} WARNING - No viable dags retrieved from /home/lucky/.local/lib/python3.10/site-packages/airflow/example_dags/subdags/subdag.py
[2024-04-08T01:23:56.679+0530] {processor.py:183} INFO - Processing /home/lucky/.local/lib/python3.10/site-packages/airflow/example_dags/subdags/subdag.py took 0.027 seconds
[2024-04-08T01:24:43.646+0530] {processor.py:161} INFO - Started process (PID=60641) to work on /home/lucky/.local/lib/python3.10/site-packages/airflow/example_dags/subdags/subdag.py
[2024-04-08T01:24:43.648+0530] {processor.py:830} INFO - Processing file /home/lucky/.local/lib/python3.10/site-packages/airflow/example_dags/subdags/subdag.py for tasks to queue
[2024-04-08T01:24:43.649+0530] {logging_mixin.py:188} INFO - [2024-04-08T01:24:43.648+0530] {dagbag.py:538} INFO - Filling up the DagBag from /home/lucky/.local/lib/python3.10/site-packages/airflow/example_dags/subdags/subdag.py
[2024-04-08T01:24:43.652+0530] {processor.py:842} WARNING - No viable dags retrieved from /home/lucky/.local/lib/python3.10/site-packages/airflow/example_dags/subdags/subdag.py
[2024-04-08T01:24:43.665+0530] {processor.py:183} INFO - Processing /home/lucky/.local/lib/python3.10/site-packages/airflow/example_dags/subdags/subdag.py took 0.022 seconds
[2024-04-08T01:25:32.940+0530] {processor.py:161} INFO - Started process (PID=61485) to work on /home/lucky/.local/lib/python3.10/site-packages/airflow/example_dags/subdags/subdag.py
[2024-04-08T01:25:32.942+0530] {processor.py:830} INFO - Processing file /home/lucky/.local/lib/python3.10/site-packages/airflow/example_dags/subdags/subdag.py for tasks to queue
[2024-04-08T01:25:32.943+0530] {logging_mixin.py:188} INFO - [2024-04-08T01:25:32.943+0530] {dagbag.py:538} INFO - Filling up the DagBag from /home/lucky/.local/lib/python3.10/site-packages/airflow/example_dags/subdags/subdag.py
[2024-04-08T01:25:32.953+0530] {processor.py:842} WARNING - No viable dags retrieved from /home/lucky/.local/lib/python3.10/site-packages/airflow/example_dags/subdags/subdag.py
[2024-04-08T01:25:33.006+0530] {processor.py:183} INFO - Processing /home/lucky/.local/lib/python3.10/site-packages/airflow/example_dags/subdags/subdag.py took 0.070 seconds
[2024-04-08T01:26:20.317+0530] {processor.py:161} INFO - Started process (PID=62027) to work on /home/lucky/.local/lib/python3.10/site-packages/airflow/example_dags/subdags/subdag.py
[2024-04-08T01:26:20.318+0530] {processor.py:830} INFO - Processing file /home/lucky/.local/lib/python3.10/site-packages/airflow/example_dags/subdags/subdag.py for tasks to queue
[2024-04-08T01:26:20.319+0530] {logging_mixin.py:188} INFO - [2024-04-08T01:26:20.319+0530] {dagbag.py:538} INFO - Filling up the DagBag from /home/lucky/.local/lib/python3.10/site-packages/airflow/example_dags/subdags/subdag.py
[2024-04-08T01:26:20.321+0530] {processor.py:842} WARNING - No viable dags retrieved from /home/lucky/.local/lib/python3.10/site-packages/airflow/example_dags/subdags/subdag.py
[2024-04-08T01:26:20.330+0530] {processor.py:183} INFO - Processing /home/lucky/.local/lib/python3.10/site-packages/airflow/example_dags/subdags/subdag.py took 0.016 seconds
[2024-04-08T01:27:07.854+0530] {processor.py:161} INFO - Started process (PID=62873) to work on /home/lucky/.local/lib/python3.10/site-packages/airflow/example_dags/subdags/subdag.py
[2024-04-08T01:27:07.866+0530] {processor.py:830} INFO - Processing file /home/lucky/.local/lib/python3.10/site-packages/airflow/example_dags/subdags/subdag.py for tasks to queue
[2024-04-08T01:27:07.868+0530] {logging_mixin.py:188} INFO - [2024-04-08T01:27:07.867+0530] {dagbag.py:538} INFO - Filling up the DagBag from /home/lucky/.local/lib/python3.10/site-packages/airflow/example_dags/subdags/subdag.py
[2024-04-08T01:27:07.871+0530] {processor.py:842} WARNING - No viable dags retrieved from /home/lucky/.local/lib/python3.10/site-packages/airflow/example_dags/subdags/subdag.py
[2024-04-08T01:27:07.886+0530] {processor.py:183} INFO - Processing /home/lucky/.local/lib/python3.10/site-packages/airflow/example_dags/subdags/subdag.py took 0.037 seconds
[2024-04-08T01:27:56.919+0530] {processor.py:161} INFO - Started process (PID=63513) to work on /home/lucky/.local/lib/python3.10/site-packages/airflow/example_dags/subdags/subdag.py
[2024-04-08T01:27:56.921+0530] {processor.py:830} INFO - Processing file /home/lucky/.local/lib/python3.10/site-packages/airflow/example_dags/subdags/subdag.py for tasks to queue
[2024-04-08T01:27:56.922+0530] {logging_mixin.py:188} INFO - [2024-04-08T01:27:56.922+0530] {dagbag.py:538} INFO - Filling up the DagBag from /home/lucky/.local/lib/python3.10/site-packages/airflow/example_dags/subdags/subdag.py
[2024-04-08T01:27:56.925+0530] {processor.py:842} WARNING - No viable dags retrieved from /home/lucky/.local/lib/python3.10/site-packages/airflow/example_dags/subdags/subdag.py
[2024-04-08T01:27:56.939+0530] {processor.py:183} INFO - Processing /home/lucky/.local/lib/python3.10/site-packages/airflow/example_dags/subdags/subdag.py took 0.023 seconds
[2024-04-08T01:28:45.746+0530] {processor.py:161} INFO - Started process (PID=64380) to work on /home/lucky/.local/lib/python3.10/site-packages/airflow/example_dags/subdags/subdag.py
[2024-04-08T01:28:45.748+0530] {processor.py:830} INFO - Processing file /home/lucky/.local/lib/python3.10/site-packages/airflow/example_dags/subdags/subdag.py for tasks to queue
[2024-04-08T01:28:45.750+0530] {logging_mixin.py:188} INFO - [2024-04-08T01:28:45.749+0530] {dagbag.py:538} INFO - Filling up the DagBag from /home/lucky/.local/lib/python3.10/site-packages/airflow/example_dags/subdags/subdag.py
[2024-04-08T01:28:45.753+0530] {processor.py:842} WARNING - No viable dags retrieved from /home/lucky/.local/lib/python3.10/site-packages/airflow/example_dags/subdags/subdag.py
[2024-04-08T01:28:45.771+0530] {processor.py:183} INFO - Processing /home/lucky/.local/lib/python3.10/site-packages/airflow/example_dags/subdags/subdag.py took 0.031 seconds
[2024-04-08T01:29:40.441+0530] {processor.py:161} INFO - Started process (PID=65015) to work on /home/lucky/.local/lib/python3.10/site-packages/airflow/example_dags/subdags/subdag.py
[2024-04-08T01:29:40.443+0530] {processor.py:830} INFO - Processing file /home/lucky/.local/lib/python3.10/site-packages/airflow/example_dags/subdags/subdag.py for tasks to queue
[2024-04-08T01:29:40.444+0530] {logging_mixin.py:188} INFO - [2024-04-08T01:29:40.444+0530] {dagbag.py:538} INFO - Filling up the DagBag from /home/lucky/.local/lib/python3.10/site-packages/airflow/example_dags/subdags/subdag.py
[2024-04-08T01:29:40.447+0530] {processor.py:842} WARNING - No viable dags retrieved from /home/lucky/.local/lib/python3.10/site-packages/airflow/example_dags/subdags/subdag.py
[2024-04-08T01:29:40.464+0530] {processor.py:183} INFO - Processing /home/lucky/.local/lib/python3.10/site-packages/airflow/example_dags/subdags/subdag.py took 0.027 seconds
[2024-04-08T01:30:34.217+0530] {processor.py:161} INFO - Started process (PID=65912) to work on /home/lucky/.local/lib/python3.10/site-packages/airflow/example_dags/subdags/subdag.py
[2024-04-08T01:30:34.219+0530] {processor.py:830} INFO - Processing file /home/lucky/.local/lib/python3.10/site-packages/airflow/example_dags/subdags/subdag.py for tasks to queue
[2024-04-08T01:30:34.220+0530] {logging_mixin.py:188} INFO - [2024-04-08T01:30:34.219+0530] {dagbag.py:538} INFO - Filling up the DagBag from /home/lucky/.local/lib/python3.10/site-packages/airflow/example_dags/subdags/subdag.py
[2024-04-08T01:30:34.222+0530] {processor.py:842} WARNING - No viable dags retrieved from /home/lucky/.local/lib/python3.10/site-packages/airflow/example_dags/subdags/subdag.py
[2024-04-08T01:30:34.234+0530] {processor.py:183} INFO - Processing /home/lucky/.local/lib/python3.10/site-packages/airflow/example_dags/subdags/subdag.py took 0.021 seconds
[2024-04-08T01:31:25.226+0530] {processor.py:161} INFO - Started process (PID=66806) to work on /home/lucky/.local/lib/python3.10/site-packages/airflow/example_dags/subdags/subdag.py
[2024-04-08T01:31:25.227+0530] {processor.py:830} INFO - Processing file /home/lucky/.local/lib/python3.10/site-packages/airflow/example_dags/subdags/subdag.py for tasks to queue
[2024-04-08T01:31:25.229+0530] {logging_mixin.py:188} INFO - [2024-04-08T01:31:25.228+0530] {dagbag.py:538} INFO - Filling up the DagBag from /home/lucky/.local/lib/python3.10/site-packages/airflow/example_dags/subdags/subdag.py
[2024-04-08T01:31:25.231+0530] {processor.py:842} WARNING - No viable dags retrieved from /home/lucky/.local/lib/python3.10/site-packages/airflow/example_dags/subdags/subdag.py
[2024-04-08T01:31:25.243+0530] {processor.py:183} INFO - Processing /home/lucky/.local/lib/python3.10/site-packages/airflow/example_dags/subdags/subdag.py took 0.021 seconds
[2024-04-08T01:32:12.565+0530] {processor.py:161} INFO - Started process (PID=67353) to work on /home/lucky/.local/lib/python3.10/site-packages/airflow/example_dags/subdags/subdag.py
[2024-04-08T01:32:12.566+0530] {processor.py:830} INFO - Processing file /home/lucky/.local/lib/python3.10/site-packages/airflow/example_dags/subdags/subdag.py for tasks to queue
[2024-04-08T01:32:12.567+0530] {logging_mixin.py:188} INFO - [2024-04-08T01:32:12.567+0530] {dagbag.py:538} INFO - Filling up the DagBag from /home/lucky/.local/lib/python3.10/site-packages/airflow/example_dags/subdags/subdag.py
[2024-04-08T01:32:12.569+0530] {processor.py:842} WARNING - No viable dags retrieved from /home/lucky/.local/lib/python3.10/site-packages/airflow/example_dags/subdags/subdag.py
[2024-04-08T01:32:12.585+0530] {processor.py:183} INFO - Processing /home/lucky/.local/lib/python3.10/site-packages/airflow/example_dags/subdags/subdag.py took 0.023 seconds
[2024-04-08T01:33:02.601+0530] {processor.py:161} INFO - Started process (PID=68221) to work on /home/lucky/.local/lib/python3.10/site-packages/airflow/example_dags/subdags/subdag.py
[2024-04-08T01:33:02.603+0530] {processor.py:830} INFO - Processing file /home/lucky/.local/lib/python3.10/site-packages/airflow/example_dags/subdags/subdag.py for tasks to queue
[2024-04-08T01:33:02.604+0530] {logging_mixin.py:188} INFO - [2024-04-08T01:33:02.604+0530] {dagbag.py:538} INFO - Filling up the DagBag from /home/lucky/.local/lib/python3.10/site-packages/airflow/example_dags/subdags/subdag.py
[2024-04-08T01:33:02.606+0530] {processor.py:842} WARNING - No viable dags retrieved from /home/lucky/.local/lib/python3.10/site-packages/airflow/example_dags/subdags/subdag.py
[2024-04-08T01:33:02.621+0530] {processor.py:183} INFO - Processing /home/lucky/.local/lib/python3.10/site-packages/airflow/example_dags/subdags/subdag.py took 0.022 seconds
[2024-04-08T01:33:50.683+0530] {processor.py:161} INFO - Started process (PID=68837) to work on /home/lucky/.local/lib/python3.10/site-packages/airflow/example_dags/subdags/subdag.py
[2024-04-08T01:33:50.685+0530] {processor.py:830} INFO - Processing file /home/lucky/.local/lib/python3.10/site-packages/airflow/example_dags/subdags/subdag.py for tasks to queue
[2024-04-08T01:33:50.686+0530] {logging_mixin.py:188} INFO - [2024-04-08T01:33:50.685+0530] {dagbag.py:538} INFO - Filling up the DagBag from /home/lucky/.local/lib/python3.10/site-packages/airflow/example_dags/subdags/subdag.py
[2024-04-08T01:33:50.688+0530] {processor.py:842} WARNING - No viable dags retrieved from /home/lucky/.local/lib/python3.10/site-packages/airflow/example_dags/subdags/subdag.py
[2024-04-08T01:33:50.700+0530] {processor.py:183} INFO - Processing /home/lucky/.local/lib/python3.10/site-packages/airflow/example_dags/subdags/subdag.py took 0.020 seconds
[2024-04-08T01:34:45.904+0530] {processor.py:161} INFO - Started process (PID=69762) to work on /home/lucky/.local/lib/python3.10/site-packages/airflow/example_dags/subdags/subdag.py
[2024-04-08T01:34:45.905+0530] {processor.py:830} INFO - Processing file /home/lucky/.local/lib/python3.10/site-packages/airflow/example_dags/subdags/subdag.py for tasks to queue
[2024-04-08T01:34:45.907+0530] {logging_mixin.py:188} INFO - [2024-04-08T01:34:45.906+0530] {dagbag.py:538} INFO - Filling up the DagBag from /home/lucky/.local/lib/python3.10/site-packages/airflow/example_dags/subdags/subdag.py
[2024-04-08T01:34:45.910+0530] {processor.py:842} WARNING - No viable dags retrieved from /home/lucky/.local/lib/python3.10/site-packages/airflow/example_dags/subdags/subdag.py
[2024-04-08T01:34:45.922+0530] {processor.py:183} INFO - Processing /home/lucky/.local/lib/python3.10/site-packages/airflow/example_dags/subdags/subdag.py took 0.022 seconds
[2024-04-08T01:37:21.895+0530] {processor.py:161} INFO - Started process (PID=71754) to work on /home/lucky/.local/lib/python3.10/site-packages/airflow/example_dags/subdags/subdag.py
[2024-04-08T01:37:21.897+0530] {processor.py:830} INFO - Processing file /home/lucky/.local/lib/python3.10/site-packages/airflow/example_dags/subdags/subdag.py for tasks to queue
[2024-04-08T01:37:21.898+0530] {logging_mixin.py:188} INFO - [2024-04-08T01:37:21.897+0530] {dagbag.py:538} INFO - Filling up the DagBag from /home/lucky/.local/lib/python3.10/site-packages/airflow/example_dags/subdags/subdag.py
[2024-04-08T01:37:21.900+0530] {processor.py:842} WARNING - No viable dags retrieved from /home/lucky/.local/lib/python3.10/site-packages/airflow/example_dags/subdags/subdag.py
[2024-04-08T01:37:21.912+0530] {processor.py:183} INFO - Processing /home/lucky/.local/lib/python3.10/site-packages/airflow/example_dags/subdags/subdag.py took 0.021 seconds
[2024-04-08T01:38:38.772+0530] {processor.py:161} INFO - Started process (PID=73031) to work on /home/lucky/.local/lib/python3.10/site-packages/airflow/example_dags/subdags/subdag.py
[2024-04-08T01:38:38.774+0530] {processor.py:830} INFO - Processing file /home/lucky/.local/lib/python3.10/site-packages/airflow/example_dags/subdags/subdag.py for tasks to queue
[2024-04-08T01:38:38.775+0530] {logging_mixin.py:188} INFO - [2024-04-08T01:38:38.775+0530] {dagbag.py:538} INFO - Filling up the DagBag from /home/lucky/.local/lib/python3.10/site-packages/airflow/example_dags/subdags/subdag.py
[2024-04-08T01:38:38.777+0530] {processor.py:842} WARNING - No viable dags retrieved from /home/lucky/.local/lib/python3.10/site-packages/airflow/example_dags/subdags/subdag.py
[2024-04-08T01:38:38.788+0530] {processor.py:183} INFO - Processing /home/lucky/.local/lib/python3.10/site-packages/airflow/example_dags/subdags/subdag.py took 0.018 seconds
[2024-04-08T01:39:47.687+0530] {processor.py:161} INFO - Started process (PID=74133) to work on /home/lucky/.local/lib/python3.10/site-packages/airflow/example_dags/subdags/subdag.py
[2024-04-08T01:39:47.689+0530] {processor.py:830} INFO - Processing file /home/lucky/.local/lib/python3.10/site-packages/airflow/example_dags/subdags/subdag.py for tasks to queue
[2024-04-08T01:39:47.690+0530] {logging_mixin.py:188} INFO - [2024-04-08T01:39:47.689+0530] {dagbag.py:538} INFO - Filling up the DagBag from /home/lucky/.local/lib/python3.10/site-packages/airflow/example_dags/subdags/subdag.py
[2024-04-08T01:39:47.692+0530] {processor.py:842} WARNING - No viable dags retrieved from /home/lucky/.local/lib/python3.10/site-packages/airflow/example_dags/subdags/subdag.py
[2024-04-08T01:39:47.702+0530] {processor.py:183} INFO - Processing /home/lucky/.local/lib/python3.10/site-packages/airflow/example_dags/subdags/subdag.py took 0.018 seconds
[2024-04-08T01:40:41.365+0530] {processor.py:161} INFO - Started process (PID=74816) to work on /home/lucky/.local/lib/python3.10/site-packages/airflow/example_dags/subdags/subdag.py
[2024-04-08T01:40:41.367+0530] {processor.py:830} INFO - Processing file /home/lucky/.local/lib/python3.10/site-packages/airflow/example_dags/subdags/subdag.py for tasks to queue
[2024-04-08T01:40:41.368+0530] {logging_mixin.py:188} INFO - [2024-04-08T01:40:41.368+0530] {dagbag.py:538} INFO - Filling up the DagBag from /home/lucky/.local/lib/python3.10/site-packages/airflow/example_dags/subdags/subdag.py
[2024-04-08T01:40:41.372+0530] {processor.py:842} WARNING - No viable dags retrieved from /home/lucky/.local/lib/python3.10/site-packages/airflow/example_dags/subdags/subdag.py
[2024-04-08T01:40:41.390+0530] {processor.py:183} INFO - Processing /home/lucky/.local/lib/python3.10/site-packages/airflow/example_dags/subdags/subdag.py took 0.030 seconds
[2024-04-08T01:41:32.589+0530] {processor.py:161} INFO - Started process (PID=75676) to work on /home/lucky/.local/lib/python3.10/site-packages/airflow/example_dags/subdags/subdag.py
[2024-04-08T01:41:32.591+0530] {processor.py:830} INFO - Processing file /home/lucky/.local/lib/python3.10/site-packages/airflow/example_dags/subdags/subdag.py for tasks to queue
[2024-04-08T01:41:32.593+0530] {logging_mixin.py:188} INFO - [2024-04-08T01:41:32.592+0530] {dagbag.py:538} INFO - Filling up the DagBag from /home/lucky/.local/lib/python3.10/site-packages/airflow/example_dags/subdags/subdag.py
[2024-04-08T01:41:32.597+0530] {processor.py:842} WARNING - No viable dags retrieved from /home/lucky/.local/lib/python3.10/site-packages/airflow/example_dags/subdags/subdag.py
[2024-04-08T01:41:32.611+0530] {processor.py:183} INFO - Processing /home/lucky/.local/lib/python3.10/site-packages/airflow/example_dags/subdags/subdag.py took 0.026 seconds
[2024-04-08T01:42:24.524+0530] {processor.py:161} INFO - Started process (PID=76398) to work on /home/lucky/.local/lib/python3.10/site-packages/airflow/example_dags/subdags/subdag.py
[2024-04-08T01:42:24.527+0530] {processor.py:830} INFO - Processing file /home/lucky/.local/lib/python3.10/site-packages/airflow/example_dags/subdags/subdag.py for tasks to queue
[2024-04-08T01:42:24.530+0530] {logging_mixin.py:188} INFO - [2024-04-08T01:42:24.529+0530] {dagbag.py:538} INFO - Filling up the DagBag from /home/lucky/.local/lib/python3.10/site-packages/airflow/example_dags/subdags/subdag.py
[2024-04-08T01:42:24.540+0530] {processor.py:842} WARNING - No viable dags retrieved from /home/lucky/.local/lib/python3.10/site-packages/airflow/example_dags/subdags/subdag.py
[2024-04-08T01:42:24.577+0530] {processor.py:183} INFO - Processing /home/lucky/.local/lib/python3.10/site-packages/airflow/example_dags/subdags/subdag.py took 0.069 seconds
[2024-04-08T01:43:22.628+0530] {processor.py:161} INFO - Started process (PID=77222) to work on /home/lucky/.local/lib/python3.10/site-packages/airflow/example_dags/subdags/subdag.py
[2024-04-08T01:43:22.630+0530] {processor.py:830} INFO - Processing file /home/lucky/.local/lib/python3.10/site-packages/airflow/example_dags/subdags/subdag.py for tasks to queue
[2024-04-08T01:43:22.631+0530] {logging_mixin.py:188} INFO - [2024-04-08T01:43:22.630+0530] {dagbag.py:538} INFO - Filling up the DagBag from /home/lucky/.local/lib/python3.10/site-packages/airflow/example_dags/subdags/subdag.py
[2024-04-08T01:43:22.633+0530] {processor.py:842} WARNING - No viable dags retrieved from /home/lucky/.local/lib/python3.10/site-packages/airflow/example_dags/subdags/subdag.py
[2024-04-08T01:43:22.642+0530] {processor.py:183} INFO - Processing /home/lucky/.local/lib/python3.10/site-packages/airflow/example_dags/subdags/subdag.py took 0.017 seconds
[2024-04-08T01:48:01.766+0530] {processor.py:161} INFO - Started process (PID=81558) to work on /home/lucky/.local/lib/python3.10/site-packages/airflow/example_dags/subdags/subdag.py
[2024-04-08T01:48:01.767+0530] {processor.py:830} INFO - Processing file /home/lucky/.local/lib/python3.10/site-packages/airflow/example_dags/subdags/subdag.py for tasks to queue
[2024-04-08T01:48:01.769+0530] {logging_mixin.py:188} INFO - [2024-04-08T01:48:01.768+0530] {dagbag.py:538} INFO - Filling up the DagBag from /home/lucky/.local/lib/python3.10/site-packages/airflow/example_dags/subdags/subdag.py
[2024-04-08T01:48:01.772+0530] {processor.py:842} WARNING - No viable dags retrieved from /home/lucky/.local/lib/python3.10/site-packages/airflow/example_dags/subdags/subdag.py
[2024-04-08T01:48:01.789+0530] {processor.py:183} INFO - Processing /home/lucky/.local/lib/python3.10/site-packages/airflow/example_dags/subdags/subdag.py took 0.028 seconds
[2024-04-08T01:48:58.756+0530] {processor.py:161} INFO - Started process (PID=82512) to work on /home/lucky/.local/lib/python3.10/site-packages/airflow/example_dags/subdags/subdag.py
[2024-04-08T01:48:58.757+0530] {processor.py:830} INFO - Processing file /home/lucky/.local/lib/python3.10/site-packages/airflow/example_dags/subdags/subdag.py for tasks to queue
[2024-04-08T01:48:58.758+0530] {logging_mixin.py:188} INFO - [2024-04-08T01:48:58.758+0530] {dagbag.py:538} INFO - Filling up the DagBag from /home/lucky/.local/lib/python3.10/site-packages/airflow/example_dags/subdags/subdag.py
[2024-04-08T01:48:58.760+0530] {processor.py:842} WARNING - No viable dags retrieved from /home/lucky/.local/lib/python3.10/site-packages/airflow/example_dags/subdags/subdag.py
[2024-04-08T01:48:58.771+0530] {processor.py:183} INFO - Processing /home/lucky/.local/lib/python3.10/site-packages/airflow/example_dags/subdags/subdag.py took 0.019 seconds
[2024-04-08T01:49:54.684+0530] {processor.py:161} INFO - Started process (PID=83363) to work on /home/lucky/.local/lib/python3.10/site-packages/airflow/example_dags/subdags/subdag.py
[2024-04-08T01:49:54.686+0530] {processor.py:830} INFO - Processing file /home/lucky/.local/lib/python3.10/site-packages/airflow/example_dags/subdags/subdag.py for tasks to queue
[2024-04-08T01:49:54.688+0530] {logging_mixin.py:188} INFO - [2024-04-08T01:49:54.687+0530] {dagbag.py:538} INFO - Filling up the DagBag from /home/lucky/.local/lib/python3.10/site-packages/airflow/example_dags/subdags/subdag.py
[2024-04-08T01:49:54.690+0530] {processor.py:842} WARNING - No viable dags retrieved from /home/lucky/.local/lib/python3.10/site-packages/airflow/example_dags/subdags/subdag.py
[2024-04-08T01:49:54.700+0530] {processor.py:183} INFO - Processing /home/lucky/.local/lib/python3.10/site-packages/airflow/example_dags/subdags/subdag.py took 0.019 seconds
[2024-04-08T01:50:49.111+0530] {processor.py:161} INFO - Started process (PID=84068) to work on /home/lucky/.local/lib/python3.10/site-packages/airflow/example_dags/subdags/subdag.py
[2024-04-08T01:50:49.112+0530] {processor.py:830} INFO - Processing file /home/lucky/.local/lib/python3.10/site-packages/airflow/example_dags/subdags/subdag.py for tasks to queue
[2024-04-08T01:50:49.113+0530] {logging_mixin.py:188} INFO - [2024-04-08T01:50:49.113+0530] {dagbag.py:538} INFO - Filling up the DagBag from /home/lucky/.local/lib/python3.10/site-packages/airflow/example_dags/subdags/subdag.py
[2024-04-08T01:50:49.115+0530] {processor.py:842} WARNING - No viable dags retrieved from /home/lucky/.local/lib/python3.10/site-packages/airflow/example_dags/subdags/subdag.py
[2024-04-08T01:50:49.126+0530] {processor.py:183} INFO - Processing /home/lucky/.local/lib/python3.10/site-packages/airflow/example_dags/subdags/subdag.py took 0.018 seconds
[2024-04-08T01:52:15.826+0530] {processor.py:161} INFO - Started process (PID=85370) to work on /home/lucky/.local/lib/python3.10/site-packages/airflow/example_dags/subdags/subdag.py
[2024-04-08T01:52:15.828+0530] {processor.py:830} INFO - Processing file /home/lucky/.local/lib/python3.10/site-packages/airflow/example_dags/subdags/subdag.py for tasks to queue
[2024-04-08T01:52:15.829+0530] {logging_mixin.py:188} INFO - [2024-04-08T01:52:15.829+0530] {dagbag.py:538} INFO - Filling up the DagBag from /home/lucky/.local/lib/python3.10/site-packages/airflow/example_dags/subdags/subdag.py
[2024-04-08T01:52:15.832+0530] {processor.py:842} WARNING - No viable dags retrieved from /home/lucky/.local/lib/python3.10/site-packages/airflow/example_dags/subdags/subdag.py
[2024-04-08T01:52:15.844+0530] {processor.py:183} INFO - Processing /home/lucky/.local/lib/python3.10/site-packages/airflow/example_dags/subdags/subdag.py took 0.020 seconds
[2024-04-08T01:53:08.670+0530] {processor.py:161} INFO - Started process (PID=86266) to work on /home/lucky/.local/lib/python3.10/site-packages/airflow/example_dags/subdags/subdag.py
[2024-04-08T01:53:08.672+0530] {processor.py:830} INFO - Processing file /home/lucky/.local/lib/python3.10/site-packages/airflow/example_dags/subdags/subdag.py for tasks to queue
[2024-04-08T01:53:08.674+0530] {logging_mixin.py:188} INFO - [2024-04-08T01:53:08.673+0530] {dagbag.py:538} INFO - Filling up the DagBag from /home/lucky/.local/lib/python3.10/site-packages/airflow/example_dags/subdags/subdag.py
[2024-04-08T01:53:08.676+0530] {processor.py:842} WARNING - No viable dags retrieved from /home/lucky/.local/lib/python3.10/site-packages/airflow/example_dags/subdags/subdag.py
[2024-04-08T01:53:08.688+0530] {processor.py:183} INFO - Processing /home/lucky/.local/lib/python3.10/site-packages/airflow/example_dags/subdags/subdag.py took 0.021 seconds
[2024-04-08T01:53:57.140+0530] {processor.py:161} INFO - Started process (PID=86893) to work on /home/lucky/.local/lib/python3.10/site-packages/airflow/example_dags/subdags/subdag.py
[2024-04-08T01:53:57.142+0530] {processor.py:830} INFO - Processing file /home/lucky/.local/lib/python3.10/site-packages/airflow/example_dags/subdags/subdag.py for tasks to queue
[2024-04-08T01:53:57.144+0530] {logging_mixin.py:188} INFO - [2024-04-08T01:53:57.144+0530] {dagbag.py:538} INFO - Filling up the DagBag from /home/lucky/.local/lib/python3.10/site-packages/airflow/example_dags/subdags/subdag.py
[2024-04-08T01:53:57.148+0530] {processor.py:842} WARNING - No viable dags retrieved from /home/lucky/.local/lib/python3.10/site-packages/airflow/example_dags/subdags/subdag.py
[2024-04-08T01:53:57.166+0530] {processor.py:183} INFO - Processing /home/lucky/.local/lib/python3.10/site-packages/airflow/example_dags/subdags/subdag.py took 0.030 seconds
[2024-04-08T01:54:41.391+0530] {processor.py:161} INFO - Started process (PID=87659) to work on /home/lucky/.local/lib/python3.10/site-packages/airflow/example_dags/subdags/subdag.py
[2024-04-08T01:54:41.392+0530] {processor.py:830} INFO - Processing file /home/lucky/.local/lib/python3.10/site-packages/airflow/example_dags/subdags/subdag.py for tasks to queue
[2024-04-08T01:54:41.394+0530] {logging_mixin.py:188} INFO - [2024-04-08T01:54:41.393+0530] {dagbag.py:538} INFO - Filling up the DagBag from /home/lucky/.local/lib/python3.10/site-packages/airflow/example_dags/subdags/subdag.py
[2024-04-08T01:54:41.396+0530] {processor.py:842} WARNING - No viable dags retrieved from /home/lucky/.local/lib/python3.10/site-packages/airflow/example_dags/subdags/subdag.py
[2024-04-08T01:54:41.406+0530] {processor.py:183} INFO - Processing /home/lucky/.local/lib/python3.10/site-packages/airflow/example_dags/subdags/subdag.py took 0.018 seconds
[2024-04-08T01:55:28.954+0530] {processor.py:161} INFO - Started process (PID=88268) to work on /home/lucky/.local/lib/python3.10/site-packages/airflow/example_dags/subdags/subdag.py
[2024-04-08T01:55:28.957+0530] {processor.py:830} INFO - Processing file /home/lucky/.local/lib/python3.10/site-packages/airflow/example_dags/subdags/subdag.py for tasks to queue
[2024-04-08T01:55:28.959+0530] {logging_mixin.py:188} INFO - [2024-04-08T01:55:28.958+0530] {dagbag.py:538} INFO - Filling up the DagBag from /home/lucky/.local/lib/python3.10/site-packages/airflow/example_dags/subdags/subdag.py
[2024-04-08T01:55:28.962+0530] {processor.py:842} WARNING - No viable dags retrieved from /home/lucky/.local/lib/python3.10/site-packages/airflow/example_dags/subdags/subdag.py
[2024-04-08T01:55:28.975+0530] {processor.py:183} INFO - Processing /home/lucky/.local/lib/python3.10/site-packages/airflow/example_dags/subdags/subdag.py took 0.026 seconds
[2024-04-08T01:56:32.895+0530] {processor.py:161} INFO - Started process (PID=89273) to work on /home/lucky/.local/lib/python3.10/site-packages/airflow/example_dags/subdags/subdag.py
[2024-04-08T01:56:32.896+0530] {processor.py:830} INFO - Processing file /home/lucky/.local/lib/python3.10/site-packages/airflow/example_dags/subdags/subdag.py for tasks to queue
[2024-04-08T01:56:32.897+0530] {logging_mixin.py:188} INFO - [2024-04-08T01:56:32.897+0530] {dagbag.py:538} INFO - Filling up the DagBag from /home/lucky/.local/lib/python3.10/site-packages/airflow/example_dags/subdags/subdag.py
[2024-04-08T01:56:32.900+0530] {processor.py:842} WARNING - No viable dags retrieved from /home/lucky/.local/lib/python3.10/site-packages/airflow/example_dags/subdags/subdag.py
[2024-04-08T01:56:32.912+0530] {processor.py:183} INFO - Processing /home/lucky/.local/lib/python3.10/site-packages/airflow/example_dags/subdags/subdag.py took 0.021 seconds
[2024-04-08T01:57:24.136+0530] {processor.py:161} INFO - Started process (PID=90170) to work on /home/lucky/.local/lib/python3.10/site-packages/airflow/example_dags/subdags/subdag.py
[2024-04-08T01:57:24.138+0530] {processor.py:830} INFO - Processing file /home/lucky/.local/lib/python3.10/site-packages/airflow/example_dags/subdags/subdag.py for tasks to queue
[2024-04-08T01:57:24.140+0530] {logging_mixin.py:188} INFO - [2024-04-08T01:57:24.139+0530] {dagbag.py:538} INFO - Filling up the DagBag from /home/lucky/.local/lib/python3.10/site-packages/airflow/example_dags/subdags/subdag.py
[2024-04-08T01:57:24.143+0530] {processor.py:842} WARNING - No viable dags retrieved from /home/lucky/.local/lib/python3.10/site-packages/airflow/example_dags/subdags/subdag.py
[2024-04-08T01:57:24.159+0530] {processor.py:183} INFO - Processing /home/lucky/.local/lib/python3.10/site-packages/airflow/example_dags/subdags/subdag.py took 0.029 seconds
[2024-04-08T01:58:16.050+0530] {processor.py:161} INFO - Started process (PID=90772) to work on /home/lucky/.local/lib/python3.10/site-packages/airflow/example_dags/subdags/subdag.py
[2024-04-08T01:58:16.052+0530] {processor.py:830} INFO - Processing file /home/lucky/.local/lib/python3.10/site-packages/airflow/example_dags/subdags/subdag.py for tasks to queue
[2024-04-08T01:58:16.053+0530] {logging_mixin.py:188} INFO - [2024-04-08T01:58:16.052+0530] {dagbag.py:538} INFO - Filling up the DagBag from /home/lucky/.local/lib/python3.10/site-packages/airflow/example_dags/subdags/subdag.py
[2024-04-08T01:58:16.055+0530] {processor.py:842} WARNING - No viable dags retrieved from /home/lucky/.local/lib/python3.10/site-packages/airflow/example_dags/subdags/subdag.py
[2024-04-08T01:58:16.066+0530] {processor.py:183} INFO - Processing /home/lucky/.local/lib/python3.10/site-packages/airflow/example_dags/subdags/subdag.py took 0.020 seconds
[2024-04-08T01:59:07.181+0530] {processor.py:161} INFO - Started process (PID=91648) to work on /home/lucky/.local/lib/python3.10/site-packages/airflow/example_dags/subdags/subdag.py
[2024-04-08T01:59:07.184+0530] {processor.py:830} INFO - Processing file /home/lucky/.local/lib/python3.10/site-packages/airflow/example_dags/subdags/subdag.py for tasks to queue
[2024-04-08T01:59:07.187+0530] {logging_mixin.py:188} INFO - [2024-04-08T01:59:07.186+0530] {dagbag.py:538} INFO - Filling up the DagBag from /home/lucky/.local/lib/python3.10/site-packages/airflow/example_dags/subdags/subdag.py
[2024-04-08T01:59:07.192+0530] {processor.py:842} WARNING - No viable dags retrieved from /home/lucky/.local/lib/python3.10/site-packages/airflow/example_dags/subdags/subdag.py
[2024-04-08T01:59:07.218+0530] {processor.py:183} INFO - Processing /home/lucky/.local/lib/python3.10/site-packages/airflow/example_dags/subdags/subdag.py took 0.042 seconds
[2024-04-08T01:59:56.490+0530] {processor.py:161} INFO - Started process (PID=92273) to work on /home/lucky/.local/lib/python3.10/site-packages/airflow/example_dags/subdags/subdag.py
[2024-04-08T01:59:56.492+0530] {processor.py:830} INFO - Processing file /home/lucky/.local/lib/python3.10/site-packages/airflow/example_dags/subdags/subdag.py for tasks to queue
[2024-04-08T01:59:56.493+0530] {logging_mixin.py:188} INFO - [2024-04-08T01:59:56.492+0530] {dagbag.py:538} INFO - Filling up the DagBag from /home/lucky/.local/lib/python3.10/site-packages/airflow/example_dags/subdags/subdag.py
[2024-04-08T01:59:56.495+0530] {processor.py:842} WARNING - No viable dags retrieved from /home/lucky/.local/lib/python3.10/site-packages/airflow/example_dags/subdags/subdag.py
[2024-04-08T01:59:56.504+0530] {processor.py:183} INFO - Processing /home/lucky/.local/lib/python3.10/site-packages/airflow/example_dags/subdags/subdag.py took 0.017 seconds
[2024-04-08T02:00:44.120+0530] {processor.py:161} INFO - Started process (PID=93096) to work on /home/lucky/.local/lib/python3.10/site-packages/airflow/example_dags/subdags/subdag.py
[2024-04-08T02:00:44.122+0530] {processor.py:830} INFO - Processing file /home/lucky/.local/lib/python3.10/site-packages/airflow/example_dags/subdags/subdag.py for tasks to queue
[2024-04-08T02:00:44.124+0530] {logging_mixin.py:188} INFO - [2024-04-08T02:00:44.123+0530] {dagbag.py:538} INFO - Filling up the DagBag from /home/lucky/.local/lib/python3.10/site-packages/airflow/example_dags/subdags/subdag.py
[2024-04-08T02:00:44.126+0530] {processor.py:842} WARNING - No viable dags retrieved from /home/lucky/.local/lib/python3.10/site-packages/airflow/example_dags/subdags/subdag.py
[2024-04-08T02:00:44.139+0530] {processor.py:183} INFO - Processing /home/lucky/.local/lib/python3.10/site-packages/airflow/example_dags/subdags/subdag.py took 0.026 seconds
[2024-04-08T02:01:35.380+0530] {processor.py:161} INFO - Started process (PID=93873) to work on /home/lucky/.local/lib/python3.10/site-packages/airflow/example_dags/subdags/subdag.py
[2024-04-08T02:01:35.382+0530] {processor.py:830} INFO - Processing file /home/lucky/.local/lib/python3.10/site-packages/airflow/example_dags/subdags/subdag.py for tasks to queue
[2024-04-08T02:01:35.383+0530] {logging_mixin.py:188} INFO - [2024-04-08T02:01:35.382+0530] {dagbag.py:538} INFO - Filling up the DagBag from /home/lucky/.local/lib/python3.10/site-packages/airflow/example_dags/subdags/subdag.py
[2024-04-08T02:01:35.385+0530] {processor.py:842} WARNING - No viable dags retrieved from /home/lucky/.local/lib/python3.10/site-packages/airflow/example_dags/subdags/subdag.py
[2024-04-08T02:01:35.394+0530] {processor.py:183} INFO - Processing /home/lucky/.local/lib/python3.10/site-packages/airflow/example_dags/subdags/subdag.py took 0.017 seconds
[2024-04-08T02:02:24.754+0530] {processor.py:161} INFO - Started process (PID=94568) to work on /home/lucky/.local/lib/python3.10/site-packages/airflow/example_dags/subdags/subdag.py
[2024-04-08T02:02:24.755+0530] {processor.py:830} INFO - Processing file /home/lucky/.local/lib/python3.10/site-packages/airflow/example_dags/subdags/subdag.py for tasks to queue
[2024-04-08T02:02:24.756+0530] {logging_mixin.py:188} INFO - [2024-04-08T02:02:24.756+0530] {dagbag.py:538} INFO - Filling up the DagBag from /home/lucky/.local/lib/python3.10/site-packages/airflow/example_dags/subdags/subdag.py
[2024-04-08T02:02:24.759+0530] {processor.py:842} WARNING - No viable dags retrieved from /home/lucky/.local/lib/python3.10/site-packages/airflow/example_dags/subdags/subdag.py
[2024-04-08T02:02:24.770+0530] {processor.py:183} INFO - Processing /home/lucky/.local/lib/python3.10/site-packages/airflow/example_dags/subdags/subdag.py took 0.020 seconds
[2024-04-08T02:03:14.446+0530] {processor.py:161} INFO - Started process (PID=95432) to work on /home/lucky/.local/lib/python3.10/site-packages/airflow/example_dags/subdags/subdag.py
[2024-04-08T02:03:14.459+0530] {processor.py:830} INFO - Processing file /home/lucky/.local/lib/python3.10/site-packages/airflow/example_dags/subdags/subdag.py for tasks to queue
[2024-04-08T02:03:14.461+0530] {logging_mixin.py:188} INFO - [2024-04-08T02:03:14.460+0530] {dagbag.py:538} INFO - Filling up the DagBag from /home/lucky/.local/lib/python3.10/site-packages/airflow/example_dags/subdags/subdag.py
[2024-04-08T02:03:14.477+0530] {processor.py:842} WARNING - No viable dags retrieved from /home/lucky/.local/lib/python3.10/site-packages/airflow/example_dags/subdags/subdag.py
[2024-04-08T02:03:14.534+0530] {processor.py:183} INFO - Processing /home/lucky/.local/lib/python3.10/site-packages/airflow/example_dags/subdags/subdag.py took 0.093 seconds
[2024-04-08T02:04:04.357+0530] {processor.py:161} INFO - Started process (PID=96062) to work on /home/lucky/.local/lib/python3.10/site-packages/airflow/example_dags/subdags/subdag.py
[2024-04-08T02:04:04.369+0530] {processor.py:830} INFO - Processing file /home/lucky/.local/lib/python3.10/site-packages/airflow/example_dags/subdags/subdag.py for tasks to queue
[2024-04-08T02:04:04.370+0530] {logging_mixin.py:188} INFO - [2024-04-08T02:04:04.370+0530] {dagbag.py:538} INFO - Filling up the DagBag from /home/lucky/.local/lib/python3.10/site-packages/airflow/example_dags/subdags/subdag.py
[2024-04-08T02:04:04.373+0530] {processor.py:842} WARNING - No viable dags retrieved from /home/lucky/.local/lib/python3.10/site-packages/airflow/example_dags/subdags/subdag.py
[2024-04-08T02:04:04.389+0530] {processor.py:183} INFO - Processing /home/lucky/.local/lib/python3.10/site-packages/airflow/example_dags/subdags/subdag.py took 0.035 seconds
[2024-04-08T02:05:00.458+0530] {processor.py:161} INFO - Started process (PID=97002) to work on /home/lucky/.local/lib/python3.10/site-packages/airflow/example_dags/subdags/subdag.py
[2024-04-08T02:05:00.459+0530] {processor.py:830} INFO - Processing file /home/lucky/.local/lib/python3.10/site-packages/airflow/example_dags/subdags/subdag.py for tasks to queue
[2024-04-08T02:05:00.460+0530] {logging_mixin.py:188} INFO - [2024-04-08T02:05:00.460+0530] {dagbag.py:538} INFO - Filling up the DagBag from /home/lucky/.local/lib/python3.10/site-packages/airflow/example_dags/subdags/subdag.py
[2024-04-08T02:05:00.463+0530] {processor.py:842} WARNING - No viable dags retrieved from /home/lucky/.local/lib/python3.10/site-packages/airflow/example_dags/subdags/subdag.py
[2024-04-08T02:05:00.476+0530] {processor.py:183} INFO - Processing /home/lucky/.local/lib/python3.10/site-packages/airflow/example_dags/subdags/subdag.py took 0.021 seconds
[2024-04-08T02:05:51.039+0530] {processor.py:161} INFO - Started process (PID=97780) to work on /home/lucky/.local/lib/python3.10/site-packages/airflow/example_dags/subdags/subdag.py
[2024-04-08T02:05:51.041+0530] {processor.py:830} INFO - Processing file /home/lucky/.local/lib/python3.10/site-packages/airflow/example_dags/subdags/subdag.py for tasks to queue
[2024-04-08T02:05:51.045+0530] {logging_mixin.py:188} INFO - [2024-04-08T02:05:51.042+0530] {dagbag.py:538} INFO - Filling up the DagBag from /home/lucky/.local/lib/python3.10/site-packages/airflow/example_dags/subdags/subdag.py
[2024-04-08T02:05:51.058+0530] {processor.py:842} WARNING - No viable dags retrieved from /home/lucky/.local/lib/python3.10/site-packages/airflow/example_dags/subdags/subdag.py
[2024-04-08T02:05:51.129+0530] {processor.py:183} INFO - Processing /home/lucky/.local/lib/python3.10/site-packages/airflow/example_dags/subdags/subdag.py took 0.100 seconds
[2024-04-08T02:06:44.203+0530] {processor.py:161} INFO - Started process (PID=98489) to work on /home/lucky/.local/lib/python3.10/site-packages/airflow/example_dags/subdags/subdag.py
[2024-04-08T02:06:44.205+0530] {processor.py:830} INFO - Processing file /home/lucky/.local/lib/python3.10/site-packages/airflow/example_dags/subdags/subdag.py for tasks to queue
[2024-04-08T02:06:44.206+0530] {logging_mixin.py:188} INFO - [2024-04-08T02:06:44.205+0530] {dagbag.py:538} INFO - Filling up the DagBag from /home/lucky/.local/lib/python3.10/site-packages/airflow/example_dags/subdags/subdag.py
[2024-04-08T02:06:44.208+0530] {processor.py:842} WARNING - No viable dags retrieved from /home/lucky/.local/lib/python3.10/site-packages/airflow/example_dags/subdags/subdag.py
[2024-04-08T02:06:44.220+0530] {processor.py:183} INFO - Processing /home/lucky/.local/lib/python3.10/site-packages/airflow/example_dags/subdags/subdag.py took 0.021 seconds
[2024-04-08T02:07:37.406+0530] {processor.py:161} INFO - Started process (PID=99402) to work on /home/lucky/.local/lib/python3.10/site-packages/airflow/example_dags/subdags/subdag.py
[2024-04-08T02:07:37.407+0530] {processor.py:830} INFO - Processing file /home/lucky/.local/lib/python3.10/site-packages/airflow/example_dags/subdags/subdag.py for tasks to queue
[2024-04-08T02:07:37.408+0530] {logging_mixin.py:188} INFO - [2024-04-08T02:07:37.408+0530] {dagbag.py:538} INFO - Filling up the DagBag from /home/lucky/.local/lib/python3.10/site-packages/airflow/example_dags/subdags/subdag.py
[2024-04-08T02:07:37.410+0530] {processor.py:842} WARNING - No viable dags retrieved from /home/lucky/.local/lib/python3.10/site-packages/airflow/example_dags/subdags/subdag.py
[2024-04-08T02:07:37.419+0530] {processor.py:183} INFO - Processing /home/lucky/.local/lib/python3.10/site-packages/airflow/example_dags/subdags/subdag.py took 0.016 seconds
[2024-04-08T02:08:35.648+0530] {processor.py:161} INFO - Started process (PID=100113) to work on /home/lucky/.local/lib/python3.10/site-packages/airflow/example_dags/subdags/subdag.py
[2024-04-08T02:08:35.650+0530] {processor.py:830} INFO - Processing file /home/lucky/.local/lib/python3.10/site-packages/airflow/example_dags/subdags/subdag.py for tasks to queue
[2024-04-08T02:08:35.651+0530] {logging_mixin.py:188} INFO - [2024-04-08T02:08:35.650+0530] {dagbag.py:538} INFO - Filling up the DagBag from /home/lucky/.local/lib/python3.10/site-packages/airflow/example_dags/subdags/subdag.py
[2024-04-08T02:08:35.653+0530] {processor.py:842} WARNING - No viable dags retrieved from /home/lucky/.local/lib/python3.10/site-packages/airflow/example_dags/subdags/subdag.py
[2024-04-08T02:08:35.665+0530] {processor.py:183} INFO - Processing /home/lucky/.local/lib/python3.10/site-packages/airflow/example_dags/subdags/subdag.py took 0.021 seconds
[2024-04-08T02:09:31.110+0530] {processor.py:161} INFO - Started process (PID=101607) to work on /home/lucky/.local/lib/python3.10/site-packages/airflow/example_dags/subdags/subdag.py
[2024-04-08T02:09:31.111+0530] {processor.py:830} INFO - Processing file /home/lucky/.local/lib/python3.10/site-packages/airflow/example_dags/subdags/subdag.py for tasks to queue
[2024-04-08T02:09:31.113+0530] {logging_mixin.py:188} INFO - [2024-04-08T02:09:31.112+0530] {dagbag.py:538} INFO - Filling up the DagBag from /home/lucky/.local/lib/python3.10/site-packages/airflow/example_dags/subdags/subdag.py
[2024-04-08T02:09:31.117+0530] {processor.py:842} WARNING - No viable dags retrieved from /home/lucky/.local/lib/python3.10/site-packages/airflow/example_dags/subdags/subdag.py
[2024-04-08T02:09:31.134+0530] {processor.py:183} INFO - Processing /home/lucky/.local/lib/python3.10/site-packages/airflow/example_dags/subdags/subdag.py took 0.028 seconds
[2024-04-08T02:10:23.053+0530] {processor.py:161} INFO - Started process (PID=103191) to work on /home/lucky/.local/lib/python3.10/site-packages/airflow/example_dags/subdags/subdag.py
[2024-04-08T02:10:23.055+0530] {processor.py:830} INFO - Processing file /home/lucky/.local/lib/python3.10/site-packages/airflow/example_dags/subdags/subdag.py for tasks to queue
[2024-04-08T02:10:23.057+0530] {logging_mixin.py:188} INFO - [2024-04-08T02:10:23.056+0530] {dagbag.py:538} INFO - Filling up the DagBag from /home/lucky/.local/lib/python3.10/site-packages/airflow/example_dags/subdags/subdag.py
[2024-04-08T02:10:23.061+0530] {processor.py:842} WARNING - No viable dags retrieved from /home/lucky/.local/lib/python3.10/site-packages/airflow/example_dags/subdags/subdag.py
[2024-04-08T02:10:23.080+0530] {processor.py:183} INFO - Processing /home/lucky/.local/lib/python3.10/site-packages/airflow/example_dags/subdags/subdag.py took 0.031 seconds
